{"target": 0, "params": {"p": 313, "r": 133, "h": 51}, "datetime": "2024-06-16 23:29:33.436435", "elapsed": "0.88663"}
{"target": 0.0619742, "params": {"p": 729, "r": 18, "h": 20}, "datetime": "2024-06-16 23:29:33.437496", "elapsed": "0.887691"}
{"target": 4.0078487, "params": {"p": 495, "r": 140, "h": 17}, "datetime": "2024-06-16 23:29:33.437563", "elapsed": "0.887758"}
{"target": 0.3807879, "params": {"p": 826, "r": 31, "h": 60}, "datetime": "2024-06-16 23:29:33.438389", "elapsed": "0.888584"}
{"target": 0.9048905, "params": {"p": 923, "r": 96, "h": 39}, "datetime": "2024-06-16 23:29:33.439406", "elapsed": "0.889601"}
{"target": 1.7643247, "params": {"p": 804, "r": 71, "h": 53}, "datetime": "2024-06-16 23:29:33.439406", "elapsed": "0.889601"}
{"target": 3.9631232, "params": {"p": 433, "r": 117, "h": 37}, "datetime": "2024-06-16 23:29:33.440407", "elapsed": "0.890602"}
{"target": 33.14079, "params": {"p": 269, "r": 46, "h": 44}, "datetime": "2024-06-16 23:29:33.441408", "elapsed": "0.891603"}
{"target": 2.0329649, "params": {"p": 585, "r": 104, "h": 24}, "datetime": "2024-06-16 23:29:33.441408", "elapsed": "0.891603"}
{"target": 0, "params": {"p": 102, "r": 60, "h": 30}, "datetime": "2024-06-16 23:29:33.442409", "elapsed": "0.892604"}
{"target": 8.717650211706562, "params": {"p": 265, "r": 37, "h": 43}, "datetime": "2024-06-16 23:30:14.420212", "elapsed": "41.870407"}
{"target": 69.6389736801167, "params": {"p": 274, "r": 58, "h": 45}, "datetime": "2024-06-16 23:30:42.319591", "elapsed": "69.769786"}
{"target": 50.59115148323114, "params": {"p": 277, "r": 66, "h": 46}, "datetime": "2024-06-16 23:31:08.240748", "elapsed": "95.690943"}
{"target": 70.64668653687639, "params": {"p": 276, "r": 58, "h": 44}, "datetime": "2024-06-16 23:31:36.192074", "elapsed": "123.642269"}
{"target": 72.82325228221582, "params": {"p": 275, "r": 57, "h": 43}, "datetime": "2024-06-16 23:32:03.595929", "elapsed": "151.046124"}
{"target": 65.20235042497332, "params": {"p": 273, "r": 59, "h": 36}, "datetime": "2024-06-16 23:32:30.187013", "elapsed": "177.637208"}
{"target": 78.08320410687332, "params": {"p": 275, "r": 55, "h": 41}, "datetime": "2024-06-16 23:32:57.074470", "elapsed": "204.524665"}
{"target": 97.87140939832273, "params": {"p": 282, "r": 49, "h": 33}, "datetime": "2024-06-16 23:33:28.373827", "elapsed": "235.824022"}
{"target": 90.67229501109445, "params": {"p": 283, "r": 47, "h": 32}, "datetime": "2024-06-16 23:33:59.368648", "elapsed": "266.818843"}
{"target": 97.43704923463049, "params": {"p": 281, "r": 52, "h": 33}, "datetime": "2024-06-16 23:34:28.487193", "elapsed": "295.937388"}
{"target": 97.4627934325195, "params": {"p": 282, "r": 50, "h": 34}, "datetime": "2024-06-16 23:34:59.587639", "elapsed": "327.037834"}
{"target": 103.18694261828463, "params": {"p": 280, "r": 49, "h": 32}, "datetime": "2024-06-16 23:35:27.373664", "elapsed": "354.823859"}
{"target": 101.12443935656518, "params": {"p": 279, "r": 49, "h": 32}, "datetime": "2024-06-16 23:35:55.544583", "elapsed": "382.994778"}
{"target": 105.82985094446639, "params": {"p": 280, "r": 48, "h": 25}, "datetime": "2024-06-16 23:36:23.970141", "elapsed": "411.420336"}
{"target": 117.91423058388399, "params": {"p": 280, "r": 48, "h": 28}, "datetime": "2024-06-16 23:36:56.032366", "elapsed": "443.482561"}
{"target": 111.58402093760304, "params": {"p": 280, "r": 47, "h": 29}, "datetime": "2024-06-16 23:37:24.699980", "elapsed": "472.150175"}
{"target": 107.21469850936363, "params": {"p": 280, "r": 49, "h": 27}, "datetime": "2024-06-16 23:37:55.895498", "elapsed": "503.345693"}
{"target": 26.311960879203777, "params": {"p": 248, "r": 45, "h": 46}, "datetime": "2024-06-16 23:38:30.175324", "elapsed": "537.625519"}
{"target": 152.25934203724856, "params": {"p": 285, "r": 42, "h": 22}, "datetime": "2024-06-16 23:39:00.290870", "elapsed": "567.741065"}
{"target": 135.2721873529908, "params": {"p": 291, "r": 37, "h": 16}, "datetime": "2024-06-16 23:39:30.378927", "elapsed": "597.829122"}
{"target": 158.64407429735084, "params": {"p": 288, "r": 41, "h": 20}, "datetime": "2024-06-16 23:39:59.193465", "elapsed": "626.64366"}
{"target": 160.37132676024075, "params": {"p": 289, "r": 41, "h": 21}, "datetime": "2024-06-16 23:40:28.414745", "elapsed": "655.86494"}
{"target": 153.60527493588935, "params": {"p": 290, "r": 42, "h": 21}, "datetime": "2024-06-16 23:40:58.192416", "elapsed": "685.642611"}
{"target": 141.0738134111057, "params": {"p": 287, "r": 40, "h": 21}, "datetime": "2024-06-16 23:41:27.603217", "elapsed": "715.053412"}
{"target": 149.11326266562202, "params": {"p": 286, "r": 43, "h": 22}, "datetime": "2024-06-16 23:41:53.979978", "elapsed": "741.431174"}
{"target": 156.9844949077611, "params": {"p": 294, "r": 39, "h": 18}, "datetime": "2024-06-16 23:42:20.733290", "elapsed": "768.183485"}
{"target": 159.42683298596123, "params": {"p": 292, "r": 40, "h": 19}, "datetime": "2024-06-16 23:42:46.006041", "elapsed": "793.456236"}
{"target": 73.1686652944957, "params": {"p": 298, "r": 37, "h": 15}, "datetime": "2024-06-16 23:43:16.545399", "elapsed": "823.995594"}
{"target": 133.20139779381176, "params": {"p": 284, "r": 42, "h": 23}, "datetime": "2024-06-16 23:43:43.072084", "elapsed": "850.522279"}
{"target": 33.82789284316339, "params": {"p": 296, "r": 38, "h": 25}, "datetime": "2024-06-16 23:44:14.279274", "elapsed": "881.73047"}
{"target": 56.99341086409053, "params": {"p": 271, "r": 62, "h": 55}, "datetime": "2024-06-16 23:44:41.630533", "elapsed": "909.080728"}
{"target": 3.706318451775638, "params": {"p": 490, "r": 94, "h": 60}, "datetime": "2024-06-16 23:45:09.285623", "elapsed": "936.735818"}
{"target": 113.26061294701199, "params": {"p": 278, "r": 42, "h": 19}, "datetime": "2024-06-16 23:45:34.114200", "elapsed": "961.564395"}
{"target": 80.3653206282308, "params": {"p": 285, "r": 42, "h": 26}, "datetime": "2024-06-16 23:46:00.495179", "elapsed": "987.945374"}
{"target": 36.645083494949844, "params": {"p": 284, "r": 35, "h": 20}, "datetime": "2024-06-16 23:46:27.912485", "elapsed": "1015.36268"}
{"target": 6.786720380229748, "params": {"p": 257, "r": 36, "h": 54}, "datetime": "2024-06-16 23:47:01.959240", "elapsed": "1049.409435"}
{"target": 0.2497958134332836, "params": {"p": 240, "r": 15, "h": 24}, "datetime": "2024-06-16 23:47:42.651025", "elapsed": "1090.10122"}
{"target": 168.41810588819425, "params": {"p": 293, "r": 40, "h": 20}, "datetime": "2024-06-16 23:48:09.344149", "elapsed": "1116.794344"}
{"target": 128.10734918346924, "params": {"p": 295, "r": 42, "h": 20}, "datetime": "2024-06-16 23:48:38.730401", "elapsed": "1146.180596"}
{"target": 0, "params": {"p": 346, "r": 150, "h": 60}, "datetime": "2024-06-16 23:48:45.262657", "elapsed": "1152.712852"}
{"target": 141.66722750778072, "params": {"p": 272, "r": 42, "h": 20}, "datetime": "2024-06-16 23:49:11.672920", "elapsed": "1179.123115"}
{"target": 144.32489834589603, "params": {"p": 258, "r": 40, "h": 18}, "datetime": "2024-06-16 23:49:37.285188", "elapsed": "1204.735383"}
{"target": 47.566386459615146, "params": {"p": 268, "r": 67, "h": 44}, "datetime": "2024-06-16 23:50:00.948196", "elapsed": "1228.398391"}
{"target": 157.76765279223454, "params": {"p": 297, "r": 39, "h": 20}, "datetime": "2024-06-16 23:50:27.635463", "elapsed": "1255.085658"}
{"target": 139.0996088867216, "params": {"p": 266, "r": 43, "h": 21}, "datetime": "2024-06-16 23:50:53.495474", "elapsed": "1280.945669"}
{"target": 86.71630952679081, "params": {"p": 264, "r": 32, "h": 15}, "datetime": "2024-06-16 23:51:20.708156", "elapsed": "1308.158351"}
{"target": 158.83154505874785, "params": {"p": 299, "r": 39, "h": 20}, "datetime": "2024-06-16 23:51:50.505744", "elapsed": "1337.955939"}
{"target": 157.82844901066503, "params": {"p": 319, "r": 41, "h": 23}, "datetime": "2024-06-16 23:52:24.353384", "elapsed": "1371.803579"}
{"target": 167.61049187786074, "params": {"p": 310, "r": 40, "h": 21}, "datetime": "2024-06-16 23:52:56.943811", "elapsed": "1404.394006"}
{"target": 165.70843432361647, "params": {"p": 306, "r": 40, "h": 21}, "datetime": "2024-06-16 23:53:33.144301", "elapsed": "1440.594496"}
{"target": 158.60788192838424, "params": {"p": 300, "r": 39, "h": 20}, "datetime": "2024-06-16 23:54:05.260618", "elapsed": "1472.710813"}
{"target": 162.46635923248587, "params": {"p": 311, "r": 42, "h": 23}, "datetime": "2024-06-16 23:54:42.312275", "elapsed": "1509.76247"}
{"target": 138.490507242508, "params": {"p": 308, "r": 40, "h": 22}, "datetime": "2024-06-16 23:55:17.647422", "elapsed": "1545.097617"}
{"target": 10.911434522303916, "params": {"p": 323, "r": 48, "h": 16}, "datetime": "2024-06-16 23:55:49.068070", "elapsed": "1576.518265"}
{"target": 56.424561188047875, "params": {"p": 314, "r": 43, "h": 19}, "datetime": "2024-06-16 23:56:17.259355", "elapsed": "1604.70955"}
{"target": 23.317167641018766, "params": {"p": 341, "r": 54, "h": 28}, "datetime": "2024-06-16 23:56:51.573025", "elapsed": "1639.02322"}
{"target": 120.13072304107419, "params": {"p": 270, "r": 42, "h": 19}, "datetime": "2024-06-16 23:57:17.665668", "elapsed": "1665.115863"}
{"target": 126.991588837475, "params": {"p": 326, "r": 47, "h": 29}, "datetime": "2024-06-16 23:57:46.634057", "elapsed": "1694.084252"}
{"target": 24.287083067582184, "params": {"p": 254, "r": 37, "h": 25}, "datetime": "2024-06-16 23:58:13.914147", "elapsed": "1721.364342"}
{"target": 8.144090066238011, "params": {"p": 339, "r": 46, "h": 15}, "datetime": "2024-06-16 23:58:44.928099", "elapsed": "1752.378294"}
{"target": 141.59559619806654, "params": {"p": 317, "r": 43, "h": 26}, "datetime": "2024-06-16 23:59:21.041715", "elapsed": "1788.49191"}
{"target": 125.45856557274757, "params": {"p": 267, "r": 44, "h": 24}, "datetime": "2024-06-16 23:59:52.958515", "elapsed": "1820.40871"}
{"target": 111.38336981131756, "params": {"p": 307, "r": 41, "h": 19}, "datetime": "2024-06-17 00:00:27.510127", "elapsed": "1854.960322"}
{"target": 21.34370059701636, "params": {"p": 329, "r": 55, "h": 25}, "datetime": "2024-06-17 00:01:04.130626", "elapsed": "1891.580821"}
{"target": 141.25873534031703, "params": {"p": 315, "r": 38, "h": 20}, "datetime": "2024-06-17 00:01:45.640504", "elapsed": "1933.090699"}
{"target": 171.7526217916365, "params": {"p": 301, "r": 40, "h": 20}, "datetime": "2024-06-17 00:02:24.508521", "elapsed": "1971.958716"}
{"target": 167.16299630172765, "params": {"p": 304, "r": 41, "h": 21}, "datetime": "2024-06-17 00:02:59.624681", "elapsed": "2007.074876"}
{"target": 48.9781632538983, "params": {"p": 328, "r": 46, "h": 22}, "datetime": "2024-06-17 00:03:33.321908", "elapsed": "2040.772103"}
{"target": 169.00485361890205, "params": {"p": 316, "r": 41, "h": 22}, "datetime": "2024-06-17 00:04:16.286016", "elapsed": "2083.736211"}
{"target": 157.59944591502256, "params": {"p": 302, "r": 40, "h": 21}, "datetime": "2024-06-17 00:04:57.981993", "elapsed": "2125.432188"}
{"target": 165.9211043275025, "params": {"p": 312, "r": 41, "h": 22}, "datetime": "2024-06-17 00:05:42.777105", "elapsed": "2170.2273"}
{"target": 63.05577873301749, "params": {"p": 318, "r": 53, "h": 31}, "datetime": "2024-06-17 00:06:24.977152", "elapsed": "2212.427347"}
{"target": 172.32904535713504, "params": {"p": 303, "r": 40, "h": 20}, "datetime": "2024-06-17 00:07:09.381166", "elapsed": "2256.831361"}
{"target": 161.54576891607243, "params": {"p": 305, "r": 40, "h": 21}, "datetime": "2024-06-17 00:07:52.015718", "elapsed": "2299.465913"}
{"target": 143.82610375992002, "params": {"p": 309, "r": 41, "h": 20}, "datetime": "2024-06-17 00:08:30.884094", "elapsed": "2338.334289"}
{"target": 132.89562611276244, "params": {"p": 263, "r": 42, "h": 22}, "datetime": "2024-06-17 00:09:07.772729", "elapsed": "2375.222924"}
{"target": 87.7544972194838, "params": {"p": 320, "r": 46, "h": 24}, "datetime": "2024-06-17 00:09:46.010477", "elapsed": "2413.460672"}
{"target": 113.73018174383544, "params": {"p": 334, "r": 51, "h": 43}, "datetime": "2024-06-17 00:10:25.605195", "elapsed": "2453.05539"}
{"target": 132.0703921653919, "params": {"p": 330, "r": 48, "h": 35}, "datetime": "2024-06-17 00:11:03.074724", "elapsed": "2490.524919"}
{"target": 18.925636336674035, "params": {"p": 293, "r": 56, "h": 20}, "datetime": "2024-06-17 00:11:44.699864", "elapsed": "2532.150059"}
{"target": 25.619493316819476, "params": {"p": 299, "r": 65, "h": 29}, "datetime": "2024-06-17 00:12:23.160740", "elapsed": "2570.610935"}
{"target": 110.32950230803159, "params": {"p": 321, "r": 45, "h": 24}, "datetime": "2024-06-17 00:13:07.507549", "elapsed": "2614.957744"}
{"target": 135.06133929474987, "params": {"p": 322, "r": 44, "h": 24}, "datetime": "2024-06-17 00:13:51.865601", "elapsed": "2659.315796"}
{"target": 3.937572039393446, "params": {"p": 342, "r": 72, "h": 15}, "datetime": "2024-06-17 00:14:32.133771", "elapsed": "2699.583966"}
{"target": 106.43727249193309, "params": {"p": 324, "r": 45, "h": 24}, "datetime": "2024-06-17 00:15:14.382647", "elapsed": "2741.832842"}
{"target": 102.53201705638045, "params": {"p": 325, "r": 45, "h": 24}, "datetime": "2024-06-17 00:15:55.953324", "elapsed": "2783.403519"}
{"target": 98.81211333912388, "params": {"p": 327, "r": 45, "h": 24}, "datetime": "2024-06-17 00:16:40.440463", "elapsed": "2827.890658"}
{"target": 60.95192311252605, "params": {"p": 331, "r": 41, "h": 29}, "datetime": "2024-06-17 00:17:24.814360", "elapsed": "2872.264555"}
{"target": 17.435901663421856, "params": {"p": 312, "r": 61, "h": 24}, "datetime": "2024-06-17 00:18:04.053508", "elapsed": "2911.503703"}
{"target": 12.651041537579584, "params": {"p": 302, "r": 63, "h": 20}, "datetime": "2024-06-17 00:18:35.442370", "elapsed": "2942.892565"}
{"target": 16.78438890007262, "params": {"p": 311, "r": 64, "h": 25}, "datetime": "2024-06-17 00:19:09.773864", "elapsed": "2977.224059"}
{"target": 11.235992054999477, "params": {"p": 302, "r": 68, "h": 20}, "datetime": "2024-06-17 00:19:44.324599", "elapsed": "3011.774794"}
{"target": 11.074623169582576, "params": {"p": 302, "r": 69, "h": 20}, "datetime": "2024-06-17 00:20:18.066157", "elapsed": "3045.516352"}
{"target": 15.745741851793142, "params": {"p": 307, "r": 70, "h": 26}, "datetime": "2024-06-17 00:20:57.356631", "elapsed": "3084.806826"}
{"target": 120.82974964369492, "params": {"p": 262, "r": 39, "h": 20}, "datetime": "2024-06-17 00:21:39.597957", "elapsed": "3127.048152"}
{"target": 22.30120731795232, "params": {"p": 250, "r": 47, "h": 15}, "datetime": "2024-06-17 00:22:18.283980", "elapsed": "3165.734175"}
{"target": 169.55911116631762, "params": {"p": 332, "r": 42, "h": 24}, "datetime": "2024-06-17 00:22:51.138300", "elapsed": "3198.588495"}
{"target": 28.552913148003775, "params": {"p": 335, "r": 62, "h": 41}, "datetime": "2024-06-17 00:23:24.606541", "elapsed": "3232.056736"}
{"target": 79.35557346942332, "params": {"p": 333, "r": 52, "h": 36}, "datetime": "2024-06-17 00:23:54.593938", "elapsed": "3262.044133"}
{"target": 182.19874569057427, "params": {"p": 336, "r": 37, "h": 18}, "datetime": "2024-06-17 00:24:27.060457", "elapsed": "3294.510652"}
{"target": 178.10251304576053, "params": {"p": 337, "r": 38, "h": 19}, "datetime": "2024-06-17 00:25:01.457089", "elapsed": "3328.907284"}
{"target": 80.15985780626146, "params": {"p": 338, "r": 56, "h": 58}, "datetime": "2024-06-17 00:25:36.617616", "elapsed": "3364.067811"}
{"target": 70.59942331750725, "params": {"p": 340, "r": 45, "h": 24}, "datetime": "2024-06-17 00:26:08.911291", "elapsed": "3396.361486"}
{"target": 12.185398437230624, "params": {"p": 312, "r": 73, "h": 24}, "datetime": "2024-06-17 00:26:35.426532", "elapsed": "3422.876727"}
{"target": 92.37351277523418, "params": {"p": 343, "r": 52, "h": 46}, "datetime": "2024-06-17 00:27:09.020789", "elapsed": "3456.470984"}
{"target": 12.004098087654423, "params": {"p": 312, "r": 74, "h": 24}, "datetime": "2024-06-17 00:27:39.337702", "elapsed": "3486.787897"}
{"target": 142.9402453527841, "params": {"p": 261, "r": 42, "h": 20}, "datetime": "2024-06-17 00:28:12.240963", "elapsed": "3519.691158"}
{"target": 11.84138740791674, "params": {"p": 312, "r": 75, "h": 24}, "datetime": "2024-06-17 00:28:41.204298", "elapsed": "3548.654493"}
{"target": 91.5656094929995, "params": {"p": 344, "r": 49, "h": 35}, "datetime": "2024-06-17 00:29:18.503712", "elapsed": "3585.953907"}
{"target": 86.46040164056839, "params": {"p": 345, "r": 49, "h": 35}, "datetime": "2024-06-17 00:29:57.210824", "elapsed": "3624.661019"}
{"target": 121.9556198792468, "params": {"p": 347, "r": 39, "h": 20}, "datetime": "2024-06-17 00:30:31.692166", "elapsed": "3659.142361"}
{"target": 112.9475069592434, "params": {"p": 348, "r": 39, "h": 20}, "datetime": "2024-06-17 00:31:08.693509", "elapsed": "3696.143704"}
{"target": 74.65046203058195, "params": {"p": 349, "r": 51, "h": 47}, "datetime": "2024-06-17 00:31:41.608153", "elapsed": "3729.058348"}
{"target": 120.21267228981735, "params": {"p": 260, "r": 39, "h": 20}, "datetime": "2024-06-17 00:32:10.776204", "elapsed": "3758.226399"}
{"target": 134.71487460365375, "params": {"p": 259, "r": 43, "h": 22}, "datetime": "2024-06-17 00:32:39.300035", "elapsed": "3786.75023"}
{"target": 5.306411727966858, "params": {"p": 329, "r": 76, "h": 16}, "datetime": "2024-06-17 00:33:06.287621", "elapsed": "3813.737816"}
{"target": 61.40968764607807, "params": {"p": 350, "r": 48, "h": 34}, "datetime": "2024-06-17 00:33:39.866360", "elapsed": "3847.316555"}
{"target": 77.9119136938755, "params": {"p": 351, "r": 39, "h": 20}, "datetime": "2024-06-17 00:34:14.450457", "elapsed": "3881.900652"}
{"target": 42.91690142624779, "params": {"p": 466, "r": 150, "h": 60}, "datetime": "2024-06-17 00:34:41.421090", "elapsed": "3908.871285"}
{"target": 100.35291977321403, "params": {"p": 256, "r": 42, "h": 18}, "datetime": "2024-06-17 00:35:12.420483", "elapsed": "3939.870678"}
{"target": 66.13988839168842, "params": {"p": 352, "r": 39, "h": 20}, "datetime": "2024-06-17 00:35:53.454541", "elapsed": "3980.904736"}
{"target": 57.66415674377593, "params": {"p": 353, "r": 39, "h": 20}, "datetime": "2024-06-17 00:36:45.985372", "elapsed": "4033.435567"}
{"target": 49.84493696245259, "params": {"p": 354, "r": 39, "h": 20}, "datetime": "2024-06-17 00:37:39.417369", "elapsed": "4086.867564"}
{"target": 110.2139358374595, "params": {"p": 255, "r": 37, "h": 15}, "datetime": "2024-06-17 00:38:21.283764", "elapsed": "4128.733959"}
{"target": 67.14342913273993, "params": {"p": 253, "r": 39, "h": 15}, "datetime": "2024-06-17 00:39:06.319530", "elapsed": "4173.769725"}
{"target": 11.588851707089693, "params": {"p": 312, "r": 77, "h": 24}, "datetime": "2024-06-17 00:39:47.768564", "elapsed": "4215.218759"}
{"target": 67.23459509027812, "params": {"p": 252, "r": 39, "h": 15}, "datetime": "2024-06-17 00:40:26.669331", "elapsed": "4254.119526"}
{"target": 67.02493448010176, "params": {"p": 228, "r": 42, "h": 16}, "datetime": "2024-06-17 00:41:05.664355", "elapsed": "4293.11455"}
{"target": 74.57869110885379, "params": {"p": 245, "r": 53, "h": 26}, "datetime": "2024-06-17 00:41:36.812100", "elapsed": "4324.262295"}
{"target": 27.376212389361562, "params": {"p": 355, "r": 51, "h": 45}, "datetime": "2024-06-17 00:42:14.213021", "elapsed": "4361.663216"}
{"target": 27.41426899548532, "params": {"p": 356, "r": 48, "h": 34}, "datetime": "2024-06-17 00:42:48.211093", "elapsed": "4395.661288"}
{"target": 105.03427026459576, "params": {"p": 251, "r": 39, "h": 16}, "datetime": "2024-06-17 00:43:21.302556", "elapsed": "4428.752751"}
{"target": 68.15844977934098, "params": {"p": 242, "r": 38, "h": 21}, "datetime": "2024-06-17 00:43:56.918380", "elapsed": "4464.368575"}
{"target": 139.16636664828022, "params": {"p": 249, "r": 42, "h": 20}, "datetime": "2024-06-17 00:44:42.209131", "elapsed": "4509.659326"}
{"target": 41.477094614620604, "params": {"p": 357, "r": 39, "h": 20}, "datetime": "2024-06-17 00:45:27.555671", "elapsed": "4555.005866"}
{"target": 15.816611715341807, "params": {"p": 380, "r": 32, "h": 18}, "datetime": "2024-06-17 00:46:31.734766", "elapsed": "4619.184961"}
{"target": 41.43199332033126, "params": {"p": 358, "r": 39, "h": 20}, "datetime": "2024-06-17 00:47:27.713671", "elapsed": "4675.163866"}
{"target": 16.987950723629858, "params": {"p": 232, "r": 57, "h": 15}, "datetime": "2024-06-17 00:48:19.427400", "elapsed": "4726.877595"}
{"target": 11.478066386884894, "params": {"p": 312, "r": 78, "h": 24}, "datetime": "2024-06-17 00:49:01.269008", "elapsed": "4768.719203"}
{"target": 9.53294983997989, "params": {"p": 307, "r": 79, "h": 20}, "datetime": "2024-06-17 00:49:40.699603", "elapsed": "4808.149798"}
{"target": 41.190155356313774, "params": {"p": 359, "r": 39, "h": 20}, "datetime": "2024-06-17 00:50:31.201790", "elapsed": "4858.651985"}
{"target": 110.04400535913655, "params": {"p": 213, "r": 38, "h": 15}, "datetime": "2024-06-17 00:51:10.312156", "elapsed": "4897.762351"}
{"target": 40.97568412115669, "params": {"p": 360, "r": 39, "h": 20}, "datetime": "2024-06-17 00:52:01.110758", "elapsed": "4948.560953"}
{"target": 161.4600372540967, "params": {"p": 247, "r": 38, "h": 17}, "datetime": "2024-06-17 00:52:45.451109", "elapsed": "4992.901304"}
{"target": 92.04880450903843, "params": {"p": 246, "r": 36, "h": 18}, "datetime": "2024-06-17 00:53:30.502841", "elapsed": "5037.953036"}
{"target": 19.787906815222726, "params": {"p": 199, "r": 28, "h": 15}, "datetime": "2024-06-17 00:54:13.953879", "elapsed": "5081.404074"}
{"target": 11.316337715757829, "params": {"p": 312, "r": 80, "h": 24}, "datetime": "2024-06-17 00:54:45.813252", "elapsed": "5113.263447"}
{"target": 40.146085498098024, "params": {"p": 361, "r": 39, "h": 20}, "datetime": "2024-06-17 00:55:29.051049", "elapsed": "5156.501244"}
{"target": 39.84074319333466, "params": {"p": 362, "r": 39, "h": 20}, "datetime": "2024-06-17 00:56:15.233916", "elapsed": "5202.684111"}
