{"target": 118.23010818906305, "params": {"p": 244, "r": 45, "h": 23}, "datetime": "2024-06-17 00:56:54.222827", "elapsed": "5241.673022"}
{"target": 44.50276616307231, "params": {"p": 467, "r": 150, "h": 60}, "datetime": "2024-06-17 00:57:32.518848", "elapsed": "5279.969043"}
{"target": 76.69691604874723, "params": {"p": 210, "r": 40, "h": 15}, "datetime": "2024-06-17 00:58:10.712264", "elapsed": "5318.162459"}
{"target": 117.52223960315949, "params": {"p": 243, "r": 45, "h": 23}, "datetime": "2024-06-17 00:58:46.399548", "elapsed": "5353.849743"}
{"target": 11.318912352422474, "params": {"p": 293, "r": 81, "h": 20}, "datetime": "2024-06-17 00:59:22.389159", "elapsed": "5389.839354"}
{"target": 11.193370174625903, "params": {"p": 312, "r": 82, "h": 24}, "datetime": "2024-06-17 01:00:01.843259", "elapsed": "5429.293454"}
{"target": 121.39610595412952, "params": {"p": 241, "r": 43, "h": 22}, "datetime": "2024-06-17 01:00:46.742771", "elapsed": "5474.192966"}
{"target": 11.280603659218754, "params": {"p": 293, "r": 83, "h": 20}, "datetime": "2024-06-17 01:01:26.666009", "elapsed": "5514.116204"}
{"target": 0.31844147083956476, "params": {"p": 217, "r": 15, "h": 21}, "datetime": "2024-06-17 01:02:24.544529", "elapsed": "5571.994724"}
{"target": 39.58362482532559, "params": {"p": 363, "r": 39, "h": 20}, "datetime": "2024-06-17 01:03:11.848243", "elapsed": "5619.298438"}
{"target": 38.334701193876995, "params": {"p": 364, "r": 39, "h": 20}, "datetime": "2024-06-17 01:03:57.103483", "elapsed": "5664.553678"}
{"target": 11.079110793630484, "params": {"p": 312, "r": 84, "h": 24}, "datetime": "2024-06-17 01:04:36.596097", "elapsed": "5704.046292"}
{"target": 37.84766632446822, "params": {"p": 365, "r": 39, "h": 20}, "datetime": "2024-06-17 01:05:19.109138", "elapsed": "5746.559333"}
{"target": 37.3378219491941, "params": {"p": 366, "r": 39, "h": 20}, "datetime": "2024-06-17 01:06:09.133934", "elapsed": "5796.584129"}
{"target": 11.044441442687638, "params": {"p": 312, "r": 85, "h": 24}, "datetime": "2024-06-17 01:06:43.699354", "elapsed": "5831.149549"}
{"target": 36.460480009672615, "params": {"p": 367, "r": 39, "h": 20}, "datetime": "2024-06-17 01:07:32.700693", "elapsed": "5880.150888"}
{"target": 51.727571806525866, "params": {"p": 239, "r": 43, "h": 16}, "datetime": "2024-06-17 01:08:14.344484", "elapsed": "5921.794679"}
{"target": 89.57939446452131, "params": {"p": 221, "r": 44, "h": 24}, "datetime": "2024-06-17 01:09:03.312539", "elapsed": "5970.762734"}
{"target": 11.307511918136267, "params": {"p": 293, "r": 86, "h": 20}, "datetime": "2024-06-17 01:09:53.445429", "elapsed": "6020.895624"}
{"target": 11.016050297524833, "params": {"p": 312, "r": 87, "h": 24}, "datetime": "2024-06-17 01:10:41.188766", "elapsed": "6068.638961"}
{"target": 10.222208525984426, "params": {"p": 302, "r": 88, "h": 20}, "datetime": "2024-06-17 01:11:32.083135", "elapsed": "6119.53333"}
{"target": 35.20188419638847, "params": {"p": 368, "r": 39, "h": 20}, "datetime": "2024-06-17 01:12:30.683860", "elapsed": "6178.134055"}
{"target": 34.64272071761328, "params": {"p": 369, "r": 39, "h": 20}, "datetime": "2024-06-17 01:13:30.691614", "elapsed": "6238.141809"}
{"target": 34.048170814292256, "params": {"p": 370, "r": 39, "h": 20}, "datetime": "2024-06-17 01:14:36.814080", "elapsed": "6304.264275"}
{"target": 110.65079462096864, "params": {"p": 238, "r": 46, "h": 23}, "datetime": "2024-06-17 01:15:31.279224", "elapsed": "6358.729419"}
{"target": 118.41861479166022, "params": {"p": 237, "r": 43, "h": 22}, "datetime": "2024-06-17 01:16:27.082836", "elapsed": "6414.533031"}
{"target": 33.28562512236398, "params": {"p": 371, "r": 39, "h": 20}, "datetime": "2024-06-17 01:17:27.059046", "elapsed": "6474.509241"}
{"target": 143.77643650703757, "params": {"p": 236, "r": 40, "h": 18}, "datetime": "2024-06-17 01:18:31.555064", "elapsed": "6539.005259"}
{"target": 21.061423984242957, "params": {"p": 230, "r": 76, "h": 20}, "datetime": "2024-06-17 01:19:29.631560", "elapsed": "6597.081755"}
{"target": 142.38756772876368, "params": {"p": 235, "r": 40, "h": 18}, "datetime": "2024-06-17 01:20:11.480365", "elapsed": "6638.93056"}
{"target": 63.62934052305038, "params": {"p": 479, "r": 150, "h": 60}, "datetime": "2024-06-17 01:20:57.078470", "elapsed": "6684.528665"}
{"target": 12.466352926061772, "params": {"p": 285, "r": 89, "h": 20}, "datetime": "2024-06-17 01:21:40.020990", "elapsed": "6727.471185"}
{"target": 40.05692119970128, "params": {"p": 229, "r": 60, "h": 23}, "datetime": "2024-06-17 01:22:22.369962", "elapsed": "6769.820157"}
{"target": 48.666822295329766, "params": {"p": 225, "r": 33, "h": 17}, "datetime": "2024-06-17 01:23:16.596869", "elapsed": "6824.047064"}
{"target": 32.83771972779075, "params": {"p": 372, "r": 39, "h": 20}, "datetime": "2024-06-17 01:24:11.270808", "elapsed": "6878.721003"}
{"target": 32.00176892792667, "params": {"p": 373, "r": 39, "h": 20}, "datetime": "2024-06-17 01:25:10.525374", "elapsed": "6937.975569"}
{"target": 31.815273486427493, "params": {"p": 374, "r": 39, "h": 20}, "datetime": "2024-06-17 01:26:06.053111", "elapsed": "6993.503306"}
{"target": 31.3288538729416, "params": {"p": 375, "r": 39, "h": 20}, "datetime": "2024-06-17 01:27:05.923755", "elapsed": "7053.37395"}
{"target": 142.8956428306991, "params": {"p": 234, "r": 40, "h": 18}, "datetime": "2024-06-17 01:27:52.688439", "elapsed": "7100.138634"}
{"target": 30.787434915979613, "params": {"p": 376, "r": 39, "h": 20}, "datetime": "2024-06-17 01:28:51.832650", "elapsed": "7159.282845"}
{"target": 30.320285129620114, "params": {"p": 377, "r": 39, "h": 20}, "datetime": "2024-06-17 01:29:55.910620", "elapsed": "7223.360815"}
{"target": 11.458838461868892, "params": {"p": 293, "r": 90, "h": 20}, "datetime": "2024-06-17 01:30:48.247042", "elapsed": "7275.697237"}
{"target": 12.482240885794678, "params": {"p": 326, "r": 91, "h": 34}, "datetime": "2024-06-17 01:31:47.310552", "elapsed": "7334.760747"}
{"target": 30.13626265340155, "params": {"p": 378, "r": 39, "h": 20}, "datetime": "2024-06-17 01:32:54.251837", "elapsed": "7401.702032"}
{"target": 108.11667431904637, "params": {"p": 233, "r": 46, "h": 23}, "datetime": "2024-06-17 01:34:04.741996", "elapsed": "7472.192191"}
{"target": 29.714794171253665, "params": {"p": 379, "r": 39, "h": 20}, "datetime": "2024-06-17 01:35:18.101465", "elapsed": "7545.55166"}
{"target": 14.210441939720347, "params": {"p": 331, "r": 92, "h": 44}, "datetime": "2024-06-17 01:36:14.203120", "elapsed": "7601.653315"}
{"target": 12.742205702905615, "params": {"p": 285, "r": 93, "h": 20}, "datetime": "2024-06-17 01:37:05.832488", "elapsed": "7653.282683"}
{"target": 29.01893522160635, "params": {"p": 381, "r": 39, "h": 20}, "datetime": "2024-06-17 01:38:00.207384", "elapsed": "7707.657579"}
{"target": 28.749607103341116, "params": {"p": 382, "r": 39, "h": 20}, "datetime": "2024-06-17 01:39:12.527214", "elapsed": "7779.977409"}
{"target": 28.463843000854816, "params": {"p": 383, "r": 39, "h": 20}, "datetime": "2024-06-17 01:40:19.664610", "elapsed": "7847.114805"}
{"target": 11.890912836758837, "params": {"p": 293, "r": 95, "h": 20}, "datetime": "2024-06-17 01:41:23.408661", "elapsed": "7910.858856"}
{"target": 11.286604030660715, "params": {"p": 312, "r": 97, "h": 24}, "datetime": "2024-06-17 01:42:16.747983", "elapsed": "7964.198178"}
{"target": 28.33614493769974, "params": {"p": 384, "r": 39, "h": 20}, "datetime": "2024-06-17 01:43:19.761072", "elapsed": "8027.211267"}
{"target": 27.951363017767463, "params": {"p": 385, "r": 39, "h": 20}, "datetime": "2024-06-17 01:44:30.070500", "elapsed": "8097.520695"}
{"target": 11.376079155187325, "params": {"p": 312, "r": 98, "h": 24}, "datetime": "2024-06-17 01:45:16.304090", "elapsed": "8143.754285"}
{"target": 12.378647365255679, "params": {"p": 326, "r": 99, "h": 34}, "datetime": "2024-06-17 01:46:02.203034", "elapsed": "8189.653229"}
{"target": 27.644408202630142, "params": {"p": 386, "r": 39, "h": 20}, "datetime": "2024-06-17 01:46:55.812556", "elapsed": "8243.262751"}
{"target": 27.449259768771093, "params": {"p": 387, "r": 39, "h": 20}, "datetime": "2024-06-17 01:48:09.904378", "elapsed": "8317.354573"}
{"target": 27.299026171304565, "params": {"p": 388, "r": 39, "h": 20}, "datetime": "2024-06-17 01:49:25.586625", "elapsed": "8393.03682"}
{"target": 12.394200745387359, "params": {"p": 326, "r": 100, "h": 34}, "datetime": "2024-06-17 01:50:28.094056", "elapsed": "8455.544251"}
{"target": 26.965365532579256, "params": {"p": 389, "r": 39, "h": 20}, "datetime": "2024-06-17 01:51:43.884204", "elapsed": "8531.334399"}
{"target": 11.62367717643825, "params": {"p": 312, "r": 101, "h": 24}, "datetime": "2024-06-17 01:52:35.542010", "elapsed": "8582.992205"}
{"target": 26.91446788033614, "params": {"p": 390, "r": 39, "h": 20}, "datetime": "2024-06-17 01:53:42.787166", "elapsed": "8650.237361"}
{"target": 26.648715055301576, "params": {"p": 391, "r": 39, "h": 20}, "datetime": "2024-06-17 01:54:55.882218", "elapsed": "8723.332413"}
{"target": 141.34539050042537, "params": {"p": 231, "r": 40, "h": 18}, "datetime": "2024-06-17 01:55:49.386492", "elapsed": "8776.836687"}
{"target": 26.444960201059892, "params": {"p": 392, "r": 39, "h": 20}, "datetime": "2024-06-17 01:56:50.397602", "elapsed": "8837.847797"}
{"target": 26.203918197925052, "params": {"p": 393, "r": 39, "h": 20}, "datetime": "2024-06-17 01:58:06.932950", "elapsed": "8914.383145"}
{"target": 125.96127038922612, "params": {"p": 227, "r": 42, "h": 20}, "datetime": "2024-06-17 01:59:08.338880", "elapsed": "8975.789075"}
{"target": 26.006827892841102, "params": {"p": 394, "r": 39, "h": 20}, "datetime": "2024-06-17 02:00:22.542078", "elapsed": "9049.992273"}
{"target": 12.492231955697878, "params": {"p": 326, "r": 103, "h": 34}, "datetime": "2024-06-17 02:01:36.389117", "elapsed": "9123.839312"}
{"target": 25.893101266614906, "params": {"p": 395, "r": 39, "h": 20}, "datetime": "2024-06-17 02:02:59.121288", "elapsed": "9206.571483"}
{"target": 25.641939156414338, "params": {"p": 396, "r": 39, "h": 20}, "datetime": "2024-06-17 02:04:16.342237", "elapsed": "9283.792432"}
{"target": 25.546445433820466, "params": {"p": 397, "r": 39, "h": 20}, "datetime": "2024-06-17 02:05:24.430001", "elapsed": "9351.880196"}
{"target": 11.00555810787801, "params": {"p": 331, "r": 105, "h": 20}, "datetime": "2024-06-17 02:06:36.824480", "elapsed": "9424.274675"}
{"target": 25.412580816517032, "params": {"p": 398, "r": 39, "h": 20}, "datetime": "2024-06-17 02:08:16.261454", "elapsed": "9523.711649"}
{"target": 13.360818840499672, "params": {"p": 331, "r": 106, "h": 20}, "datetime": "2024-06-17 02:09:19.689660", "elapsed": "9587.139855"}
{"target": 25.20920006611011, "params": {"p": 399, "r": 39, "h": 20}, "datetime": "2024-06-17 02:10:42.995132", "elapsed": "9670.445327"}
{"target": 12.662311369752025, "params": {"p": 326, "r": 107, "h": 34}, "datetime": "2024-06-17 02:11:44.765321", "elapsed": "9732.215516"}
{"target": 25.087076724037814, "params": {"p": 400, "r": 39, "h": 20}, "datetime": "2024-06-17 02:13:14.119341", "elapsed": "9821.569536"}
{"target": 139.06360176918656, "params": {"p": 226, "r": 40, "h": 18}, "datetime": "2024-06-17 02:14:27.042594", "elapsed": "9894.492789"}
{"target": 36.159409352706994, "params": {"p": 302, "r": 108, "h": 20}, "datetime": "2024-06-17 02:15:41.629386", "elapsed": "9969.079581"}
{"target": 24.91950388573443, "params": {"p": 401, "r": 39, "h": 20}, "datetime": "2024-06-17 02:17:08.788882", "elapsed": "10056.239077"}
{"target": 20.15176818566024, "params": {"p": 331, "r": 109, "h": 20}, "datetime": "2024-06-17 02:18:34.825721", "elapsed": "10142.275916"}
{"target": 137.89092896741963, "params": {"p": 224, "r": 40, "h": 18}, "datetime": "2024-06-17 02:19:44.136648", "elapsed": "10211.586843"}
{"target": 12.923804182760172, "params": {"p": 326, "r": 110, "h": 34}, "datetime": "2024-06-17 02:20:49.873621", "elapsed": "10277.323816"}
{"target": 24.72157975256414, "params": {"p": 402, "r": 39, "h": 20}, "datetime": "2024-06-17 02:22:21.616243", "elapsed": "10369.066438"}
{"target": 24.622673911804316, "params": {"p": 403, "r": 39, "h": 20}, "datetime": "2024-06-17 02:23:50.462548", "elapsed": "10457.912743"}
{"target": 15.624008132638679, "params": {"p": 331, "r": 111, "h": 20}, "datetime": "2024-06-17 02:25:09.101395", "elapsed": "10536.55159"}
{"target": 20.137618791227965, "params": {"p": 312, "r": 112, "h": 24}, "datetime": "2024-06-17 02:26:14.017341", "elapsed": "10601.467536"}
{"target": 24.457738866882334, "params": {"p": 404, "r": 39, "h": 20}, "datetime": "2024-06-17 02:27:36.153974", "elapsed": "10683.604169"}
