{"target": 10.54199510882142, "params": {"p": 293, "r": 83, "h": 19}, "datetime": "2024-06-20 18:27:03.091823", "elapsed": "5224.702964"}
{"target": 36.654135738613114, "params": {"p": 365, "r": 36, "h": 21}, "datetime": "2024-06-20 18:27:58.639734", "elapsed": "5280.250875"}
{"target": 141.27955800467655, "params": {"p": 249, "r": 41, "h": 20}, "datetime": "2024-06-20 18:28:45.799111", "elapsed": "5327.410252"}
{"target": 10.57880640539169, "params": {"p": 293, "r": 84, "h": 19}, "datetime": "2024-06-20 18:29:35.943601", "elapsed": "5377.554742"}
{"target": 36.09460992690956, "params": {"p": 366, "r": 36, "h": 21}, "datetime": "2024-06-20 18:30:28.681587", "elapsed": "5430.292728"}
{"target": 10.616376367671176, "params": {"p": 293, "r": 85, "h": 19}, "datetime": "2024-06-20 18:31:21.173260", "elapsed": "5482.784401"}
{"target": 10.39695382355721, "params": {"p": 300, "r": 86, "h": 20}, "datetime": "2024-06-20 18:32:08.250570", "elapsed": "5529.861711"}
{"target": 34.24320699623071, "params": {"p": 367, "r": 36, "h": 21}, "datetime": "2024-06-20 18:33:08.448634", "elapsed": "5590.059775"}
{"target": 33.65039308454237, "params": {"p": 368, "r": 36, "h": 21}, "datetime": "2024-06-20 18:34:19.551689", "elapsed": "5661.16283"}
{"target": 33.22651394932572, "params": {"p": 369, "r": 36, "h": 21}, "datetime": "2024-06-20 18:35:31.502619", "elapsed": "5733.11376"}
{"target": 32.40751653739408, "params": {"p": 370, "r": 36, "h": 21}, "datetime": "2024-06-20 18:36:40.650514", "elapsed": "5802.261655"}
{"target": 147.06715333786914, "params": {"p": 246, "r": 40, "h": 19}, "datetime": "2024-06-20 18:37:32.893787", "elapsed": "5854.504928"}
{"target": 9.799937433746015, "params": {"p": 305, "r": 87, "h": 20}, "datetime": "2024-06-20 18:38:28.494684", "elapsed": "5910.105825"}
{"target": 30.813501424185045, "params": {"p": 371, "r": 36, "h": 21}, "datetime": "2024-06-20 18:39:38.341725", "elapsed": "5979.952866"}
{"target": 9.852619893364517, "params": {"p": 305, "r": 88, "h": 20}, "datetime": "2024-06-20 18:40:37.007861", "elapsed": "6038.619002"}
{"target": 9.881379912542561, "params": {"p": 305, "r": 89, "h": 20}, "datetime": "2024-06-20 18:41:45.462457", "elapsed": "6107.073598"}
{"target": 30.21567480713264, "params": {"p": 372, "r": 36, "h": 21}, "datetime": "2024-06-20 18:42:58.655645", "elapsed": "6180.266786"}
{"target": 28.768465854852565, "params": {"p": 374, "r": 36, "h": 21}, "datetime": "2024-06-20 18:44:20.677102", "elapsed": "6262.288243"}
{"target": 125.46526130757474, "params": {"p": 236, "r": 37, "h": 15}, "datetime": "2024-06-20 18:45:31.505786", "elapsed": "6333.116927"}
{"target": 9.987865260565824, "params": {"p": 305, "r": 91, "h": 20}, "datetime": "2024-06-20 18:46:31.850014", "elapsed": "6393.461155"}
{"target": 146.74915357865348, "params": {"p": 245, "r": 40, "h": 19}, "datetime": "2024-06-20 18:47:41.833507", "elapsed": "6463.444648"}
{"target": 113.69218173223277, "params": {"p": 244, "r": 38, "h": 19}, "datetime": "2024-06-20 18:48:42.244218", "elapsed": "6523.855359"}
{"target": 20.4004603873836, "params": {"p": 230, "r": 52, "h": 15}, "datetime": "2024-06-20 18:49:40.402683", "elapsed": "6582.013824"}
{"target": 10.120543764392487, "params": {"p": 305, "r": 93, "h": 20}, "datetime": "2024-06-20 18:50:23.428385", "elapsed": "6625.039526"}
{"target": 28.0327003200969, "params": {"p": 375, "r": 36, "h": 21}, "datetime": "2024-06-20 18:51:22.411617", "elapsed": "6684.022758"}
{"target": 27.368450372139467, "params": {"p": 376, "r": 36, "h": 21}, "datetime": "2024-06-20 18:52:43.294538", "elapsed": "6764.905679"}
{"target": 27.138594417589964, "params": {"p": 377, "r": 36, "h": 21}, "datetime": "2024-06-20 18:53:48.658029", "elapsed": "6830.26917"}
{"target": 26.131381474818173, "params": {"p": 378, "r": 36, "h": 21}, "datetime": "2024-06-20 18:55:04.506718", "elapsed": "6906.117859"}
{"target": 25.758594343567047, "params": {"p": 379, "r": 36, "h": 21}, "datetime": "2024-06-20 18:56:05.500546", "elapsed": "6967.111687"}
{"target": 25.34616477717451, "params": {"p": 380, "r": 36, "h": 21}, "datetime": "2024-06-20 18:57:22.966792", "elapsed": "7044.577933"}
{"target": 24.78525373286955, "params": {"p": 381, "r": 36, "h": 21}, "datetime": "2024-06-20 18:58:33.054759", "elapsed": "7114.6659"}
{"target": 24.27218143040606, "params": {"p": 382, "r": 36, "h": 21}, "datetime": "2024-06-20 18:59:38.846704", "elapsed": "7180.457845"}
{"target": 10.359172040758335, "params": {"p": 304, "r": 94, "h": 20}, "datetime": "2024-06-20 19:00:36.162225", "elapsed": "7237.773366"}
{"target": 145.5044823953712, "params": {"p": 243, "r": 40, "h": 19}, "datetime": "2024-06-20 19:01:27.482869", "elapsed": "7289.09401"}
{"target": 144.83614789744863, "params": {"p": 242, "r": 40, "h": 19}, "datetime": "2024-06-20 19:02:24.755762", "elapsed": "7346.366903"}
{"target": 2.6654959240968927, "params": {"p": 384, "r": 67, "h": 15}, "datetime": "2024-06-20 19:03:24.603283", "elapsed": "7406.214424"}
{"target": 8.332783906089913, "params": {"p": 324, "r": 95, "h": 21}, "datetime": "2024-06-20 19:04:15.553806", "elapsed": "7457.164947"}
{"target": 23.06210068433744, "params": {"p": 385, "r": 36, "h": 21}, "datetime": "2024-06-20 19:05:13.756346", "elapsed": "7515.367487"}
{"target": 8.491032660264208, "params": {"p": 324, "r": 97, "h": 21}, "datetime": "2024-06-20 19:06:16.103814", "elapsed": "7577.714955"}
{"target": 22.692544759072042, "params": {"p": 386, "r": 36, "h": 21}, "datetime": "2024-06-20 19:07:24.827268", "elapsed": "7646.438409"}
{"target": 10.829645915730744, "params": {"p": 305, "r": 98, "h": 20}, "datetime": "2024-06-20 19:08:18.606544", "elapsed": "7700.218686"}
{"target": 142.8719895304879, "params": {"p": 241, "r": 40, "h": 19}, "datetime": "2024-06-20 19:09:15.580622", "elapsed": "7757.191763"}
{"target": 23.120914363400182, "params": {"p": 387, "r": 36, "h": 21}, "datetime": "2024-06-20 19:10:17.895550", "elapsed": "7819.506691"}
{"target": 11.0775960662076, "params": {"p": 305, "r": 99, "h": 20}, "datetime": "2024-06-20 19:11:31.694669", "elapsed": "7893.30581"}
{"target": 143.19269270725238, "params": {"p": 240, "r": 40, "h": 19}, "datetime": "2024-06-20 19:12:40.898346", "elapsed": "7962.509487"}
{"target": 111.02282123256514, "params": {"p": 233, "r": 42, "h": 18}, "datetime": "2024-06-20 19:13:58.614901", "elapsed": "8040.226042"}
{"target": 141.05411746450292, "params": {"p": 239, "r": 40, "h": 19}, "datetime": "2024-06-20 19:15:21.882901", "elapsed": "8123.494042"}
{"target": 22.657534116543545, "params": {"p": 388, "r": 36, "h": 21}, "datetime": "2024-06-20 19:16:45.676162", "elapsed": "8207.287303"}
{"target": 33.90677064356815, "params": {"p": 238, "r": 44, "h": 15}, "datetime": "2024-06-20 19:17:41.867596", "elapsed": "8263.478737"}
{"target": 49.26579476455235, "params": {"p": 210, "r": 43, "h": 15}, "datetime": "2024-06-20 19:19:00.920772", "elapsed": "8342.531913"}
{"target": 8.846906047601701, "params": {"p": 324, "r": 100, "h": 21}, "datetime": "2024-06-20 19:20:18.360535", "elapsed": "8419.971676"}
{"target": 21.761302852085755, "params": {"p": 389, "r": 36, "h": 21}, "datetime": "2024-06-20 19:21:51.363494", "elapsed": "8512.974635"}
{"target": 9.215389048178219, "params": {"p": 324, "r": 101, "h": 21}, "datetime": "2024-06-20 19:23:07.318715", "elapsed": "8588.929856"}
{"target": 21.647635830505358, "params": {"p": 390, "r": 36, "h": 21}, "datetime": "2024-06-20 19:24:43.015363", "elapsed": "8684.626504"}
{"target": 21.41785786278855, "params": {"p": 391, "r": 36, "h": 21}, "datetime": "2024-06-20 19:26:23.601612", "elapsed": "8785.212753"}
{"target": 9.59119157090469, "params": {"p": 324, "r": 103, "h": 21}, "datetime": "2024-06-20 19:27:44.249562", "elapsed": "8865.860703"}
{"target": 52.247525164397665, "params": {"p": 224, "r": 59, "h": 27}, "datetime": "2024-06-20 19:29:07.438290", "elapsed": "8949.049431"}
{"target": 132.67850049855974, "params": {"p": 237, "r": 42, "h": 20}, "datetime": "2024-06-20 19:30:10.759490", "elapsed": "9012.370631"}
{"target": 139.64899697463676, "params": {"p": 235, "r": 40, "h": 19}, "datetime": "2024-06-20 19:31:15.480550", "elapsed": "9077.091691"}
{"target": 21.32299866054517, "params": {"p": 392, "r": 36, "h": 21}, "datetime": "2024-06-20 19:32:24.771144", "elapsed": "9146.382285"}
{"target": 17.911309621850013, "params": {"p": 222, "r": 30, "h": 17}, "datetime": "2024-06-20 19:34:00.902161", "elapsed": "9242.513302"}
{"target": 20.966768560531396, "params": {"p": 393, "r": 36, "h": 21}, "datetime": "2024-06-20 19:35:34.272712", "elapsed": "9335.883853"}
{"target": 10.531502794730274, "params": {"p": 324, "r": 105, "h": 21}, "datetime": "2024-06-20 19:36:49.028749", "elapsed": "9410.63989"}
{"target": 21.68222094456366, "params": {"p": 394, "r": 36, "h": 21}, "datetime": "2024-06-20 19:38:15.936034", "elapsed": "9497.547175"}
{"target": 11.934188726671016, "params": {"p": 324, "r": 106, "h": 21}, "datetime": "2024-06-20 19:39:57.669377", "elapsed": "9599.280518"}
{"target": 20.2578068920502, "params": {"p": 395, "r": 36, "h": 21}, "datetime": "2024-06-20 19:41:39.148140", "elapsed": "9700.759281"}
{"target": 121.39143561150236, "params": {"p": 234, "r": 40, "h": 20}, "datetime": "2024-06-20 19:42:58.109378", "elapsed": "9779.720519"}
{"target": 16.375495683232753, "params": {"p": 216, "r": 69, "h": 15}, "datetime": "2024-06-20 19:44:23.443209", "elapsed": "9865.05435"}
{"target": 14.676899779327684, "params": {"p": 324, "r": 107, "h": 21}, "datetime": "2024-06-20 19:45:37.982650", "elapsed": "9939.593791"}
{"target": 20.34226691858433, "params": {"p": 396, "r": 36, "h": 21}, "datetime": "2024-06-20 19:47:03.733989", "elapsed": "10025.34513"}
{"target": 11.783388725404036, "params": {"p": 422, "r": 34, "h": 20}, "datetime": "2024-06-20 19:48:40.747844", "elapsed": "10122.358985"}
{"target": 34.602372064167625, "params": {"p": 305, "r": 108, "h": 20}, "datetime": "2024-06-20 19:49:57.222469", "elapsed": "10198.83361"}
{"target": 54.428758182193256, "params": {"p": 232, "r": 57, "h": 40}, "datetime": "2024-06-20 19:51:11.199613", "elapsed": "10272.810754"}
{"target": 20.143282039894494, "params": {"p": 397, "r": 36, "h": 21}, "datetime": "2024-06-20 19:52:32.875843", "elapsed": "10354.486984"}
{"target": 42.06352165840383, "params": {"p": 231, "r": 66, "h": 41}, "datetime": "2024-06-20 19:54:10.920177", "elapsed": "10452.531318"}
{"target": 126.99454051222985, "params": {"p": 229, "r": 37, "h": 15}, "datetime": "2024-06-20 19:55:44.518387", "elapsed": "10546.129528"}
{"target": 19.36725834185565, "params": {"p": 324, "r": 109, "h": 21}, "datetime": "2024-06-20 19:57:24.577526", "elapsed": "10646.188667"}
{"target": 19.79267452200081, "params": {"p": 398, "r": 36, "h": 21}, "datetime": "2024-06-20 19:59:03.892647", "elapsed": "10745.503788"}
{"target": 24.364514333630186, "params": {"p": 324, "r": 110, "h": 21}, "datetime": "2024-06-20 20:00:21.073701", "elapsed": "10822.684842"}
{"target": 11.997784632348955, "params": {"p": 323, "r": 134, "h": 17}, "datetime": "2024-06-20 20:01:42.763077", "elapsed": "10904.374218"}
{"target": 133.51032112206855, "params": {"p": 228, "r": 40, "h": 19}, "datetime": "2024-06-20 20:03:02.916429", "elapsed": "10984.52757"}
{"target": 133.22768882176035, "params": {"p": 227, "r": 40, "h": 19}, "datetime": "2024-06-20 20:04:29.114730", "elapsed": "11070.725871"}
{"target": 24.384931210240286, "params": {"p": 305, "r": 111, "h": 20}, "datetime": "2024-06-20 20:05:52.376217", "elapsed": "11153.987358"}
{"target": 24.180303049060832, "params": {"p": 305, "r": 112, "h": 20}, "datetime": "2024-06-20 20:07:14.505923", "elapsed": "11236.117064"}
{"target": 19.40216082681338, "params": {"p": 399, "r": 36, "h": 21}, "datetime": "2024-06-20 20:08:40.766847", "elapsed": "11322.377988"}
{"target": 18.918537830150303, "params": {"p": 400, "r": 36, "h": 21}, "datetime": "2024-06-20 20:10:21.369087", "elapsed": "11422.980228"}
{"target": 123.07884636171157, "params": {"p": 226, "r": 41, "h": 20}, "datetime": "2024-06-20 20:11:41.418076", "elapsed": "11503.029217"}
{"target": 123.84724740078082, "params": {"p": 225, "r": 41, "h": 20}, "datetime": "2024-06-20 20:13:14.675530", "elapsed": "11596.286671"}
{"target": 129.16196526145595, "params": {"p": 223, "r": 40, "h": 19}, "datetime": "2024-06-20 20:14:47.599747", "elapsed": "11689.210888"}
{"target": 18.931718267386323, "params": {"p": 401, "r": 36, "h": 21}, "datetime": "2024-06-20 20:16:13.019112", "elapsed": "11774.630253"}
{"target": 20.172905899358167, "params": {"p": 291, "r": 113, "h": 27}, "datetime": "2024-06-20 20:17:26.936275", "elapsed": "11848.547416"}
