{"target": 0, "params": {"p": 313, "r": 133, "h": 51}, "datetime": "2024-06-20 16:59:59.219483", "elapsed": "0.830624"}
{"target": 0.0619742, "params": {"p": 729, "r": 18, "h": 20}, "datetime": "2024-06-20 16:59:59.219483", "elapsed": "0.830624"}
{"target": 4.0078487, "params": {"p": 495, "r": 140, "h": 17}, "datetime": "2024-06-20 16:59:59.219483", "elapsed": "0.830624"}
{"target": 0.3807879, "params": {"p": 826, "r": 31, "h": 60}, "datetime": "2024-06-20 16:59:59.219483", "elapsed": "0.830624"}
{"target": 0.9048905, "params": {"p": 923, "r": 96, "h": 39}, "datetime": "2024-06-20 16:59:59.219483", "elapsed": "0.830624"}
{"target": 1.7643247, "params": {"p": 804, "r": 71, "h": 53}, "datetime": "2024-06-20 16:59:59.219483", "elapsed": "0.830624"}
{"target": 3.9631232, "params": {"p": 433, "r": 117, "h": 37}, "datetime": "2024-06-20 16:59:59.219483", "elapsed": "0.830624"}
{"target": 33.14079, "params": {"p": 269, "r": 46, "h": 44}, "datetime": "2024-06-20 16:59:59.219483", "elapsed": "0.830624"}
{"target": 2.0329649, "params": {"p": 585, "r": 104, "h": 24}, "datetime": "2024-06-20 16:59:59.219483", "elapsed": "0.830624"}
{"target": 0, "params": {"p": 102, "r": 60, "h": 30}, "datetime": "2024-06-20 16:59:59.219483", "elapsed": "0.830624"}
{"target": 8.71765021170899, "params": {"p": 265, "r": 37, "h": 43}, "datetime": "2024-06-20 17:00:34.297864", "elapsed": "35.909005"}
{"target": 69.63897368011288, "params": {"p": 274, "r": 58, "h": 45}, "datetime": "2024-06-20 17:01:00.733593", "elapsed": "62.344734"}
{"target": 50.59115148323186, "params": {"p": 277, "r": 66, "h": 46}, "datetime": "2024-06-20 17:01:26.606258", "elapsed": "88.217399"}
{"target": 70.64668653687649, "params": {"p": 276, "r": 58, "h": 44}, "datetime": "2024-06-20 17:01:54.425996", "elapsed": "116.037137"}
{"target": 72.82325228221491, "params": {"p": 275, "r": 57, "h": 43}, "datetime": "2024-06-20 17:02:20.276098", "elapsed": "141.887239"}
{"target": 65.20235042489074, "params": {"p": 273, "r": 59, "h": 36}, "datetime": "2024-06-20 17:02:43.307857", "elapsed": "164.918998"}
{"target": 78.08320410687533, "params": {"p": 275, "r": 55, "h": 41}, "datetime": "2024-06-20 17:03:08.830452", "elapsed": "190.441593"}
{"target": 97.8714093983344, "params": {"p": 282, "r": 49, "h": 33}, "datetime": "2024-06-20 17:03:33.967853", "elapsed": "215.578994"}
{"target": 90.6722950110752, "params": {"p": 283, "r": 47, "h": 32}, "datetime": "2024-06-20 17:04:06.575944", "elapsed": "248.187085"}
{"target": 97.43704923463031, "params": {"p": 281, "r": 52, "h": 33}, "datetime": "2024-06-20 17:04:34.410814", "elapsed": "276.021955"}
{"target": 97.46279343252554, "params": {"p": 282, "r": 50, "h": 34}, "datetime": "2024-06-20 17:05:02.212495", "elapsed": "303.823636"}
{"target": 103.18694261828436, "params": {"p": 280, "r": 49, "h": 32}, "datetime": "2024-06-20 17:05:27.336720", "elapsed": "328.947861"}
{"target": 101.12443935656545, "params": {"p": 279, "r": 49, "h": 32}, "datetime": "2024-06-20 17:05:52.610048", "elapsed": "354.221189"}
{"target": 105.82985094447915, "params": {"p": 280, "r": 48, "h": 25}, "datetime": "2024-06-20 17:06:20.652396", "elapsed": "382.263537"}
{"target": 117.91423058388052, "params": {"p": 280, "r": 48, "h": 28}, "datetime": "2024-06-20 17:06:51.398829", "elapsed": "413.00997"}
{"target": 111.58402093761136, "params": {"p": 280, "r": 47, "h": 29}, "datetime": "2024-06-20 17:07:21.403877", "elapsed": "443.015018"}
{"target": 107.21469850935199, "params": {"p": 280, "r": 49, "h": 27}, "datetime": "2024-06-20 17:07:47.851133", "elapsed": "469.462274"}
{"target": 26.311960879202225, "params": {"p": 248, "r": 45, "h": 46}, "datetime": "2024-06-20 17:08:18.006262", "elapsed": "499.617403"}
{"target": 152.25934203725654, "params": {"p": 285, "r": 42, "h": 22}, "datetime": "2024-06-20 17:08:45.434358", "elapsed": "527.045499"}
{"target": 135.27218735293545, "params": {"p": 291, "r": 37, "h": 16}, "datetime": "2024-06-20 17:09:12.396084", "elapsed": "554.007225"}
{"target": 158.64407429734172, "params": {"p": 288, "r": 41, "h": 20}, "datetime": "2024-06-20 17:09:38.929695", "elapsed": "580.540836"}
{"target": 160.3713267602334, "params": {"p": 289, "r": 41, "h": 21}, "datetime": "2024-06-20 17:10:06.862197", "elapsed": "608.473338"}
{"target": 153.60527493589726, "params": {"p": 290, "r": 42, "h": 21}, "datetime": "2024-06-20 17:10:33.421699", "elapsed": "635.03284"}
{"target": 141.07381341114362, "params": {"p": 287, "r": 40, "h": 21}, "datetime": "2024-06-20 17:11:03.175881", "elapsed": "664.787022"}
{"target": 149.11326266563407, "params": {"p": 286, "r": 43, "h": 22}, "datetime": "2024-06-20 17:11:27.399668", "elapsed": "689.010809"}
{"target": 0, "params": {"p": 272, "r": 150, "h": 60}, "datetime": "2024-06-20 17:11:32.473634", "elapsed": "694.084775"}
{"target": 156.98449490776497, "params": {"p": 294, "r": 39, "h": 18}, "datetime": "2024-06-20 17:11:57.132356", "elapsed": "718.743497"}
{"target": 145.67316900135245, "params": {"p": 284, "r": 43, "h": 23}, "datetime": "2024-06-20 17:12:22.602328", "elapsed": "744.213469"}
{"target": 167.04421131723265, "params": {"p": 292, "r": 40, "h": 20}, "datetime": "2024-06-20 17:12:46.901786", "elapsed": "768.512927"}
{"target": 54.7317152475146, "params": {"p": 274, "r": 64, "h": 57}, "datetime": "2024-06-20 17:13:10.267488", "elapsed": "791.878629"}
{"target": 168.4181058881906, "params": {"p": 293, "r": 40, "h": 20}, "datetime": "2024-06-20 17:13:37.197481", "elapsed": "818.808622"}
{"target": 12.22060504313055, "params": {"p": 306, "r": 36, "h": 29}, "datetime": "2024-06-20 17:14:08.360345", "elapsed": "849.971486"}
{"target": 0, "params": {"p": 349, "r": 150, "h": 60}, "datetime": "2024-06-20 17:14:14.754100", "elapsed": "856.365241"}
{"target": 3.7110659980216285, "params": {"p": 487, "r": 92, "h": 59}, "datetime": "2024-06-20 17:14:41.350958", "elapsed": "882.962099"}
{"target": 7.65274826305105, "params": {"p": 259, "r": 37, "h": 54}, "datetime": "2024-06-20 17:15:15.208939", "elapsed": "916.82008"}
{"target": 88.44053831046048, "params": {"p": 296, "r": 39, "h": 22}, "datetime": "2024-06-20 17:15:42.876369", "elapsed": "944.48751"}
{"target": 13.127977357659447, "params": {"p": 325, "r": 39, "h": 42}, "datetime": "2024-06-20 17:16:16.531716", "elapsed": "978.142857"}
{"target": 155.62078041185183, "params": {"p": 295, "r": 40, "h": 19}, "datetime": "2024-06-20 17:16:41.214400", "elapsed": "1002.825541"}
{"target": 155.9737766270494, "params": {"p": 293, "r": 38, "h": 19}, "datetime": "2024-06-20 17:17:08.356111", "elapsed": "1029.967252"}
{"target": 154.65287996993007, "params": {"p": 297, "r": 40, "h": 19}, "datetime": "2024-06-20 17:17:33.304908", "elapsed": "1054.916049"}
{"target": 51.065945529267225, "params": {"p": 321, "r": 37, "h": 15}, "datetime": "2024-06-20 17:18:04.530159", "elapsed": "1086.1413"}
{"target": 81.30829599317488, "params": {"p": 260, "r": 49, "h": 33}, "datetime": "2024-06-20 17:18:30.560012", "elapsed": "1112.171153"}
{"target": 97.14665957686175, "params": {"p": 310, "r": 40, "h": 18}, "datetime": "2024-06-20 17:18:59.209536", "elapsed": "1140.820677"}
{"target": 170.9932922296626, "params": {"p": 298, "r": 40, "h": 20}, "datetime": "2024-06-20 17:19:27.504765", "elapsed": "1169.115906"}
{"target": 142.7420845885708, "params": {"p": 309, "r": 45, "h": 27}, "datetime": "2024-06-20 17:19:57.222984", "elapsed": "1198.834125"}
{"target": 1.8176541136467703, "params": {"p": 333, "r": 25, "h": 19}, "datetime": "2024-06-20 17:20:37.219120", "elapsed": "1238.830261"}
{"target": 49.670106213050644, "params": {"p": 293, "r": 35, "h": 19}, "datetime": "2024-06-20 17:21:03.976247", "elapsed": "1265.587388"}
{"target": 159.63661835665417, "params": {"p": 305, "r": 41, "h": 22}, "datetime": "2024-06-20 17:21:30.522032", "elapsed": "1292.133173"}
{"target": 24.843588678512585, "params": {"p": 316, "r": 39, "h": 30}, "datetime": "2024-06-20 17:22:01.810541", "elapsed": "1323.421682"}
{"target": 94.56898739571827, "params": {"p": 307, "r": 53, "h": 45}, "datetime": "2024-06-20 17:22:32.219430", "elapsed": "1353.830571"}
{"target": 166.98014489726586, "params": {"p": 302, "r": 41, "h": 21}, "datetime": "2024-06-20 17:22:59.298049", "elapsed": "1380.90919"}
{"target": 58.89029221131258, "params": {"p": 311, "r": 36, "h": 20}, "datetime": "2024-06-20 17:23:32.143484", "elapsed": "1413.754625"}
{"target": 154.55214304551453, "params": {"p": 299, "r": 40, "h": 19}, "datetime": "2024-06-20 17:24:04.523228", "elapsed": "1446.134369"}
{"target": 166.29482701135183, "params": {"p": 300, "r": 41, "h": 21}, "datetime": "2024-06-20 17:24:35.222394", "elapsed": "1476.833535"}
{"target": 171.75262179164656, "params": {"p": 301, "r": 40, "h": 20}, "datetime": "2024-06-20 17:25:08.430433", "elapsed": "1510.041574"}
{"target": 28.316609120702697, "params": {"p": 347, "r": 37, "h": 15}, "datetime": "2024-06-20 17:25:39.840522", "elapsed": "1541.451663"}
{"target": 159.88175236900952, "params": {"p": 303, "r": 40, "h": 21}, "datetime": "2024-06-20 17:26:09.852659", "elapsed": "1571.4638"}
{"target": 7.8909576001748505, "params": {"p": 318, "r": 38, "h": 60}, "datetime": "2024-06-20 17:26:50.112398", "elapsed": "1611.723539"}
{"target": 49.48222243332399, "params": {"p": 293, "r": 40, "h": 26}, "datetime": "2024-06-20 17:27:21.766923", "elapsed": "1643.378064"}
{"target": 32.41709072124407, "params": {"p": 308, "r": 44, "h": 43}, "datetime": "2024-06-20 17:27:56.170162", "elapsed": "1677.781303"}
{"target": 171.98920887503058, "params": {"p": 304, "r": 40, "h": 20}, "datetime": "2024-06-20 17:28:28.486692", "elapsed": "1710.097833"}
{"target": 162.02500851573242, "params": {"p": 278, "r": 40, "h": 19}, "datetime": "2024-06-20 17:28:59.038596", "elapsed": "1740.649737"}
{"target": 38.07085018826629, "params": {"p": 267, "r": 41, "h": 15}, "datetime": "2024-06-20 17:29:29.253927", "elapsed": "1770.865068"}
{"target": 46.491186195509655, "params": {"p": 306, "r": 67, "h": 52}, "datetime": "2024-06-20 17:29:58.023798", "elapsed": "1799.634939"}
{"target": 16.400880625517214, "params": {"p": 293, "r": 56, "h": 19}, "datetime": "2024-06-20 17:30:24.862918", "elapsed": "1826.474059"}
{"target": 13.855830073800231, "params": {"p": 304, "r": 72, "h": 24}, "datetime": "2024-06-20 17:30:53.157990", "elapsed": "1854.769131"}
{"target": 29.314515604679, "params": {"p": 300, "r": 61, "h": 28}, "datetime": "2024-06-20 17:31:18.327087", "elapsed": "1879.938228"}
{"target": 9.235668461791619, "params": {"p": 294, "r": 69, "h": 17}, "datetime": "2024-06-20 17:31:49.727277", "elapsed": "1911.338418"}
{"target": 106.47480249860652, "params": {"p": 312, "r": 44, "h": 22}, "datetime": "2024-06-20 17:32:22.084671", "elapsed": "1943.695812"}
{"target": 60.382775960447816, "params": {"p": 305, "r": 62, "h": 49}, "datetime": "2024-06-20 17:32:54.877948", "elapsed": "1976.489089"}
{"target": 133.36895533178318, "params": {"p": 314, "r": 40, "h": 19}, "datetime": "2024-06-20 17:33:27.467493", "elapsed": "2009.078634"}
{"target": 2.974551604536803, "params": {"p": 345, "r": 32, "h": 51}, "datetime": "2024-06-20 17:34:12.563088", "elapsed": "2054.174229"}
{"target": 88.22276303935384, "params": {"p": 271, "r": 42, "h": 18}, "datetime": "2024-06-20 17:34:44.649004", "elapsed": "2086.260145"}
{"target": 135.2663863306658, "params": {"p": 315, "r": 47, "h": 30}, "datetime": "2024-06-20 17:35:19.366910", "elapsed": "2120.978051"}
{"target": 39.79626352665939, "params": {"p": 329, "r": 60, "h": 41}, "datetime": "2024-06-20 17:35:49.154634", "elapsed": "2150.765775"}
{"target": 112.35693255190888, "params": {"p": 270, "r": 41, "h": 18}, "datetime": "2024-06-20 17:36:19.103190", "elapsed": "2180.714331"}
{"target": 7.372631854003472, "params": {"p": 258, "r": 30, "h": 21}, "datetime": "2024-06-20 17:36:51.064343", "elapsed": "2212.675484"}
{"target": 70.09896734605702, "params": {"p": 268, "r": 36, "h": 19}, "datetime": "2024-06-20 17:37:19.858954", "elapsed": "2241.470095"}
{"target": 13.263702663984485, "params": {"p": 247, "r": 35, "h": 27}, "datetime": "2024-06-20 17:37:53.834529", "elapsed": "2275.44567"}
{"target": 104.31103115756353, "params": {"p": 317, "r": 51, "h": 34}, "datetime": "2024-06-20 17:38:21.973677", "elapsed": "2303.584818"}
{"target": 127.71773442823655, "params": {"p": 320, "r": 41, "h": 20}, "datetime": "2024-06-20 17:38:56.574434", "elapsed": "2338.185575"}
{"target": 12.750924162677306, "params": {"p": 293, "r": 63, "h": 19}, "datetime": "2024-06-20 17:39:22.425682", "elapsed": "2364.036823"}
{"target": 153.4552856303152, "params": {"p": 266, "r": 41, "h": 20}, "datetime": "2024-06-20 17:39:54.772428", "elapsed": "2396.383569"}
{"target": 128.01400967848326, "params": {"p": 319, "r": 41, "h": 20}, "datetime": "2024-06-20 17:40:26.688190", "elapsed": "2428.299331"}
{"target": 134.25588427539526, "params": {"p": 322, "r": 47, "h": 32}, "datetime": "2024-06-20 17:41:04.444788", "elapsed": "2466.055929"}
{"target": 96.44515899434326, "params": {"p": 335, "r": 47, "h": 28}, "datetime": "2024-06-20 17:41:34.984680", "elapsed": "2496.595821"}
{"target": 12.109040645006951, "params": {"p": 293, "r": 65, "h": 19}, "datetime": "2024-06-20 17:42:02.858822", "elapsed": "2524.469963"}
{"target": 78.89444836896577, "params": {"p": 264, "r": 41, "h": 24}, "datetime": "2024-06-20 17:42:35.527616", "elapsed": "2557.138757"}
{"target": 151.4364720167682, "params": {"p": 263, "r": 41, "h": 20}, "datetime": "2024-06-20 17:43:07.514309", "elapsed": "2589.12545"}
{"target": 151.0496634679935, "params": {"p": 262, "r": 41, "h": 20}, "datetime": "2024-06-20 17:43:43.593233", "elapsed": "2625.204374"}
{"target": 135.66968641166875, "params": {"p": 323, "r": 46, "h": 31}, "datetime": "2024-06-20 17:44:22.871781", "elapsed": "2664.482922"}
{"target": 136.80617341878212, "params": {"p": 324, "r": 46, "h": 31}, "datetime": "2024-06-20 17:44:57.660687", "elapsed": "2699.271828"}
{"target": 24.783151012225414, "params": {"p": 292, "r": 68, "h": 29}, "datetime": "2024-06-20 17:45:30.931352", "elapsed": "2732.542493"}
{"target": 158.24414939681364, "params": {"p": 326, "r": 40, "h": 20}, "datetime": "2024-06-20 17:46:07.635709", "elapsed": "2769.24685"}
{"target": 10.934850024812143, "params": {"p": 297, "r": 90, "h": 20}, "datetime": "2024-06-20 17:46:34.290005", "elapsed": "2795.901146"}
{"target": 175.89524700337086, "params": {"p": 331, "r": 40, "h": 21}, "datetime": "2024-06-20 17:47:05.925493", "elapsed": "2827.536634"}
{"target": 174.85518682856207, "params": {"p": 332, "r": 40, "h": 21}, "datetime": "2024-06-20 17:47:40.024495", "elapsed": "2861.635636"}
{"target": 145.000653738014, "params": {"p": 255, "r": 40, "h": 18}, "datetime": "2024-06-20 17:48:12.610034", "elapsed": "2894.221175"}
{"target": 11.206390939241038, "params": {"p": 293, "r": 70, "h": 19}, "datetime": "2024-06-20 17:48:41.894113", "elapsed": "2923.505254"}
{"target": 177.4446586897496, "params": {"p": 330, "r": 40, "h": 21}, "datetime": "2024-06-20 17:49:13.738135", "elapsed": "2955.349276"}
{"target": 21.223436985874475, "params": {"p": 292, "r": 73, "h": 29}, "datetime": "2024-06-20 17:49:37.662962", "elapsed": "2979.274103"}
{"target": 76.33897880585805, "params": {"p": 336, "r": 38, "h": 23}, "datetime": "2024-06-20 17:50:14.779368", "elapsed": "3016.390509"}
{"target": 150.11821352108606, "params": {"p": 261, "r": 41, "h": 20}, "datetime": "2024-06-20 17:50:48.542153", "elapsed": "3050.153294"}
{"target": 15.648886707512176, "params": {"p": 334, "r": 45, "h": 17}, "datetime": "2024-06-20 17:51:24.196251", "elapsed": "3085.807392"}
{"target": 172.37789436732632, "params": {"p": 328, "r": 41, "h": 22}, "datetime": "2024-06-20 17:52:01.371829", "elapsed": "3122.98297"}
{"target": 47.28803845214101, "params": {"p": 340, "r": 46, "h": 60}, "datetime": "2024-06-20 17:52:40.219305", "elapsed": "3161.830446"}
{"target": 112.66616940512542, "params": {"p": 327, "r": 40, "h": 19}, "datetime": "2024-06-20 17:53:15.638062", "elapsed": "3197.249203"}
{"target": 3.4724908297192045, "params": {"p": 355, "r": 54, "h": 15}, "datetime": "2024-06-20 17:53:53.232830", "elapsed": "3234.843971"}
{"target": 42.84555420203249, "params": {"p": 337, "r": 36, "h": 22}, "datetime": "2024-06-20 17:54:28.268095", "elapsed": "3269.879236"}
{"target": 145.36964488465986, "params": {"p": 257, "r": 41, "h": 19}, "datetime": "2024-06-20 17:54:54.573855", "elapsed": "3296.184996"}
{"target": 10.817086306625159, "params": {"p": 293, "r": 74, "h": 19}, "datetime": "2024-06-20 17:55:20.079336", "elapsed": "3321.690477"}
{"target": 19.584132741358413, "params": {"p": 291, "r": 75, "h": 28}, "datetime": "2024-06-20 17:55:45.988725", "elapsed": "3347.599866"}
{"target": 43.19463403921607, "params": {"p": 338, "r": 36, "h": 22}, "datetime": "2024-06-20 17:56:20.193291", "elapsed": "3381.804432"}
{"target": 42.609708588594636, "params": {"p": 339, "r": 36, "h": 22}, "datetime": "2024-06-20 17:57:01.402624", "elapsed": "3423.013765"}
{"target": 10.720147365614173, "params": {"p": 293, "r": 76, "h": 19}, "datetime": "2024-06-20 17:57:27.791357", "elapsed": "3449.402498"}
{"target": 154.12288130640317, "params": {"p": 256, "r": 40, "h": 19}, "datetime": "2024-06-20 17:57:59.573139", "elapsed": "3481.18428"}
{"target": 10.645844830871678, "params": {"p": 293, "r": 77, "h": 19}, "datetime": "2024-06-20 17:58:27.974145", "elapsed": "3509.585286"}
{"target": 10.609995496495317, "params": {"p": 293, "r": 78, "h": 19}, "datetime": "2024-06-20 17:58:56.055376", "elapsed": "3537.666517"}
{"target": 153.08974192697013, "params": {"p": 254, "r": 40, "h": 19}, "datetime": "2024-06-20 17:59:28.689238", "elapsed": "3570.300379"}
{"target": 10.585967758501885, "params": {"p": 293, "r": 79, "h": 19}, "datetime": "2024-06-20 18:00:01.443151", "elapsed": "3603.054292"}
{"target": 72.43113370000836, "params": {"p": 341, "r": 37, "h": 22}, "datetime": "2024-06-20 18:00:38.192661", "elapsed": "3639.803802"}
{"target": 152.15284505539717, "params": {"p": 253, "r": 40, "h": 19}, "datetime": "2024-06-20 18:01:10.094409", "elapsed": "3671.70555"}
{"target": 10.564075339034272, "params": {"p": 293, "r": 80, "h": 19}, "datetime": "2024-06-20 18:01:37.933608", "elapsed": "3699.544749"}
{"target": 151.60343701274059, "params": {"p": 252, "r": 40, "h": 19}, "datetime": "2024-06-20 18:02:17.209332", "elapsed": "3738.820473"}
{"target": 74.3401241503733, "params": {"p": 342, "r": 41, "h": 20}, "datetime": "2024-06-20 18:03:01.755445", "elapsed": "3783.366586"}
{"target": 23.606614287128732, "params": {"p": 373, "r": 38, "h": 26}, "datetime": "2024-06-20 18:03:50.022437", "elapsed": "3831.633578"}
{"target": 66.55970060495062, "params": {"p": 343, "r": 36, "h": 21}, "datetime": "2024-06-20 18:04:33.811140", "elapsed": "3875.422281"}
{"target": 69.67475944078937, "params": {"p": 344, "r": 36, "h": 21}, "datetime": "2024-06-20 18:05:19.910372", "elapsed": "3921.521513"}
{"target": 76.01969976894334, "params": {"p": 346, "r": 36, "h": 21}, "datetime": "2024-06-20 18:06:03.901786", "elapsed": "3965.512927"}
{"target": 85.29220592541634, "params": {"p": 348, "r": 36, "h": 21}, "datetime": "2024-06-20 18:06:54.042659", "elapsed": "4015.6538"}
{"target": 10.544978315862599, "params": {"p": 293, "r": 81, "h": 19}, "datetime": "2024-06-20 18:07:34.170791", "elapsed": "4055.781932"}
{"target": 89.84277587593581, "params": {"p": 350, "r": 36, "h": 21}, "datetime": "2024-06-20 18:08:20.153099", "elapsed": "4101.76424"}
{"target": 90.69764723807269, "params": {"p": 351, "r": 36, "h": 21}, "datetime": "2024-06-20 18:09:19.744956", "elapsed": "4161.356097"}
{"target": 88.58362157370748, "params": {"p": 352, "r": 36, "h": 21}, "datetime": "2024-06-20 18:10:23.559965", "elapsed": "4225.171106"}
{"target": 79.53848366924016, "params": {"p": 353, "r": 36, "h": 21}, "datetime": "2024-06-20 18:11:26.360850", "elapsed": "4287.971991"}
{"target": 7.962162960240762, "params": {"p": 383, "r": 58, "h": 32}, "datetime": "2024-06-20 18:12:35.326285", "elapsed": "4356.937426"}
{"target": 151.31168589910686, "params": {"p": 251, "r": 40, "h": 19}, "datetime": "2024-06-20 18:13:33.929327", "elapsed": "4415.540468"}
{"target": 67.44729117281788, "params": {"p": 354, "r": 36, "h": 21}, "datetime": "2024-06-20 18:14:51.035384", "elapsed": "4492.646525"}
{"target": 50.46645054155006, "params": {"p": 356, "r": 36, "h": 21}, "datetime": "2024-06-20 18:15:56.648417", "elapsed": "4558.259558"}
{"target": 47.35166127484904, "params": {"p": 357, "r": 36, "h": 21}, "datetime": "2024-06-20 18:17:03.636654", "elapsed": "4625.247795"}
{"target": 44.75523809885785, "params": {"p": 358, "r": 36, "h": 21}, "datetime": "2024-06-20 18:18:04.462504", "elapsed": "4686.073645"}
{"target": 42.8665829411803, "params": {"p": 359, "r": 36, "h": 21}, "datetime": "2024-06-20 18:19:06.451999", "elapsed": "4748.06314"}
{"target": 41.38326415721658, "params": {"p": 360, "r": 36, "h": 21}, "datetime": "2024-06-20 18:20:09.251179", "elapsed": "4810.86232"}
{"target": 40.13728536691423, "params": {"p": 361, "r": 36, "h": 21}, "datetime": "2024-06-20 18:21:11.664155", "elapsed": "4873.275296"}
{"target": 39.005837078763435, "params": {"p": 362, "r": 36, "h": 21}, "datetime": "2024-06-20 18:22:13.851546", "elapsed": "4935.462687"}
{"target": 38.413532937939195, "params": {"p": 363, "r": 36, "h": 21}, "datetime": "2024-06-20 18:23:16.355182", "elapsed": "4997.966323"}
{"target": 10.526656340097853, "params": {"p": 299, "r": 82, "h": 20}, "datetime": "2024-06-20 18:24:14.766430", "elapsed": "5056.377571"}
{"target": 37.562507487512136, "params": {"p": 364, "r": 36, "h": 21}, "datetime": "2024-06-20 18:25:17.578104", "elapsed": "5119.189245"}
{"target": 149.94493973246387, "params": {"p": 250, "r": 40, "h": 19}, "datetime": "2024-06-20 18:26:14.483848", "elapsed": "5176.094989"}
