{"target": 32.420396069509906, "params": {"p": 221, "r": 50, "h": 51}, "datetime": "2024-06-21 01:00:22.398353", "elapsed": "5153.29595"}
{"target": 126.44349017222846, "params": {"p": 184, "r": 37, "h": 15}, "datetime": "2024-06-21 01:01:15.835100", "elapsed": "5206.732697"}
{"target": 155.51617698792867, "params": {"p": 328, "r": 39, "h": 19}, "datetime": "2024-06-21 01:02:12.039249", "elapsed": "5262.936846"}
{"target": 82.14043914191745, "params": {"p": 334, "r": 49, "h": 30}, "datetime": "2024-06-21 01:03:28.044581", "elapsed": "5338.942178"}
{"target": 11.91398604040399, "params": {"p": 276, "r": 84, "h": 18}, "datetime": "2024-06-21 01:04:18.390987", "elapsed": "5389.288584"}
{"target": 11.943252115538689, "params": {"p": 276, "r": 85, "h": 18}, "datetime": "2024-06-21 01:05:10.251593", "elapsed": "5441.14919"}
{"target": 131.1974490820949, "params": {"p": 329, "r": 43, "h": 23}, "datetime": "2024-06-21 01:06:09.247022", "elapsed": "5500.144619"}
{"target": 10.981331510006333, "params": {"p": 332, "r": 44, "h": 15}, "datetime": "2024-06-21 01:07:13.233488", "elapsed": "5564.132086"}
{"target": 11.997717779301736, "params": {"p": 276, "r": 86, "h": 18}, "datetime": "2024-06-21 01:08:12.330794", "elapsed": "5623.228391"}
{"target": 36.86348576673244, "params": {"p": 330, "r": 33, "h": 18}, "datetime": "2024-06-21 01:09:28.327597", "elapsed": "5699.225194"}
{"target": 12.047684165066727, "params": {"p": 276, "r": 87, "h": 18}, "datetime": "2024-06-21 01:10:22.591317", "elapsed": "5753.488914"}
{"target": 37.38469940665045, "params": {"p": 342, "r": 43, "h": 45}, "datetime": "2024-06-21 01:11:33.713945", "elapsed": "5824.611542"}
{"target": 35.435734049585086, "params": {"p": 220, "r": 61, "h": 60}, "datetime": "2024-06-21 01:12:26.206211", "elapsed": "5877.103808"}
{"target": 36.03780763548728, "params": {"p": 331, "r": 33, "h": 18}, "datetime": "2024-06-21 01:13:21.814123", "elapsed": "5932.71172"}
{"target": 12.144031591202872, "params": {"p": 276, "r": 88, "h": 18}, "datetime": "2024-06-21 01:14:14.909157", "elapsed": "5985.806754"}
{"target": 36.87945777914241, "params": {"p": 333, "r": 33, "h": 18}, "datetime": "2024-06-21 01:15:20.557746", "elapsed": "6051.455343"}
{"target": 12.313855581592883, "params": {"p": 276, "r": 90, "h": 18}, "datetime": "2024-06-21 01:16:18.162017", "elapsed": "6109.059614"}
{"target": 36.99217261890107, "params": {"p": 218, "r": 33, "h": 18}, "datetime": "2024-06-21 01:17:13.168026", "elapsed": "6164.065623"}
{"target": 12.450488601042338, "params": {"p": 276, "r": 91, "h": 18}, "datetime": "2024-06-21 01:18:04.644440", "elapsed": "6215.542037"}
{"target": 37.32063498635951, "params": {"p": 335, "r": 33, "h": 18}, "datetime": "2024-06-21 01:19:11.352757", "elapsed": "6282.250354"}
{"target": 153.5602790897216, "params": {"p": 216, "r": 36, "h": 15}, "datetime": "2024-06-21 01:20:12.300286", "elapsed": "6343.197883"}
{"target": 156.11952391253934, "params": {"p": 336, "r": 39, "h": 22}, "datetime": "2024-06-21 01:21:17.960552", "elapsed": "6408.858149"}
{"target": 12.648482042566021, "params": {"p": 276, "r": 92, "h": 18}, "datetime": "2024-06-21 01:22:14.049915", "elapsed": "6464.947512"}
{"target": 0.39397637842633315, "params": {"p": 215, "r": 15, "h": 15}, "datetime": "2024-06-21 01:23:14.118810", "elapsed": "6525.016407"}
{"target": 110.67724942794608, "params": {"p": 211, "r": 38, "h": 15}, "datetime": "2024-06-21 01:24:09.369723", "elapsed": "6580.26732"}
{"target": 31.40545271302444, "params": {"p": 196, "r": 39, "h": 27}, "datetime": "2024-06-21 01:25:11.429246", "elapsed": "6642.326843"}
{"target": 87.77220105418284, "params": {"p": 207, "r": 39, "h": 20}, "datetime": "2024-06-21 01:26:10.315500", "elapsed": "6701.213097"}
{"target": 12.878606987911356, "params": {"p": 276, "r": 93, "h": 18}, "datetime": "2024-06-21 01:27:10.125987", "elapsed": "6761.023584"}
{"target": 31.777053735037274, "params": {"p": 185, "r": 37, "h": 24}, "datetime": "2024-06-21 01:28:15.140056", "elapsed": "6826.037653"}
{"target": 84.7343343414246, "params": {"p": 213, "r": 48, "h": 25}, "datetime": "2024-06-21 01:29:18.393483", "elapsed": "6889.29108"}
{"target": 72.86262859537828, "params": {"p": 162, "r": 41, "h": 15}, "datetime": "2024-06-21 01:29:59.735201", "elapsed": "6930.632798"}
{"target": 117.30318833672328, "params": {"p": 337, "r": 39, "h": 23}, "datetime": "2024-06-21 01:30:57.234676", "elapsed": "6988.132273"}
{"target": 73.46605607779516, "params": {"p": 338, "r": 56, "h": 53}, "datetime": "2024-06-21 01:32:14.387014", "elapsed": "7065.284611"}
{"target": 13.228122966234608, "params": {"p": 276, "r": 94, "h": 18}, "datetime": "2024-06-21 01:33:13.815539", "elapsed": "7124.713136"}
{"target": 152.5016229595134, "params": {"p": 210, "r": 36, "h": 15}, "datetime": "2024-06-21 01:34:25.437898", "elapsed": "7196.335495"}
{"target": 13.630240547744586, "params": {"p": 276, "r": 95, "h": 18}, "datetime": "2024-06-21 01:35:21.140099", "elapsed": "7252.037696"}
{"target": 41.23384417121657, "params": {"p": 339, "r": 33, "h": 18}, "datetime": "2024-06-21 01:36:32.299862", "elapsed": "7323.197459"}
{"target": 41.1905078156776, "params": {"p": 340, "r": 33, "h": 18}, "datetime": "2024-06-21 01:37:40.576436", "elapsed": "7391.474033"}
{"target": 15.752057141478803, "params": {"p": 276, "r": 97, "h": 18}, "datetime": "2024-06-21 01:38:44.108084", "elapsed": "7455.005681"}
{"target": 41.629690761793086, "params": {"p": 341, "r": 33, "h": 18}, "datetime": "2024-06-21 01:39:58.506706", "elapsed": "7529.404303"}
{"target": 16.425616897742273, "params": {"p": 276, "r": 98, "h": 18}, "datetime": "2024-06-21 01:41:02.138321", "elapsed": "7593.035918"}
{"target": 180.80836851476056, "params": {"p": 344, "r": 39, "h": 21}, "datetime": "2024-06-21 01:42:19.089053", "elapsed": "7669.98665"}
{"target": 9.242198140336859, "params": {"p": 362, "r": 48, "h": 20}, "datetime": "2024-06-21 01:43:36.906956", "elapsed": "7747.804553"}
{"target": 129.39327920344175, "params": {"p": 191, "r": 37, "h": 15}, "datetime": "2024-06-21 01:44:30.393889", "elapsed": "7801.291486"}
{"target": 125.50985877937723, "params": {"p": 186, "r": 34, "h": 15}, "datetime": "2024-06-21 01:45:30.495056", "elapsed": "7861.392653"}
{"target": 157.01267977505307, "params": {"p": 208, "r": 35, "h": 15}, "datetime": "2024-06-21 01:46:37.987976", "elapsed": "7928.885573"}
{"target": 19.26035416436794, "params": {"p": 276, "r": 99, "h": 18}, "datetime": "2024-06-21 01:47:32.979061", "elapsed": "7983.876658"}
{"target": 23.15932977546934, "params": {"p": 348, "r": 43, "h": 19}, "datetime": "2024-06-21 01:48:36.179448", "elapsed": "8047.077045"}
{"target": 23.78903693640451, "params": {"p": 377, "r": 42, "h": 32}, "datetime": "2024-06-21 01:49:54.653854", "elapsed": "8125.551451"}
{"target": 22.690770994305556, "params": {"p": 276, "r": 100, "h": 18}, "datetime": "2024-06-21 01:50:54.274393", "elapsed": "8185.17199"}
{"target": 26.09788610033034, "params": {"p": 276, "r": 101, "h": 18}, "datetime": "2024-06-21 01:52:02.298423", "elapsed": "8253.19602"}
{"target": 47.10266072771869, "params": {"p": 345, "r": 33, "h": 18}, "datetime": "2024-06-21 01:53:05.691826", "elapsed": "8316.589423"}
{"target": 84.59179746954943, "params": {"p": 346, "r": 51, "h": 43}, "datetime": "2024-06-21 01:54:21.193704", "elapsed": "8392.091301"}
{"target": 50.458803388037005, "params": {"p": 349, "r": 52, "h": 42}, "datetime": "2024-06-21 01:55:36.746307", "elapsed": "8467.643904"}
{"target": 30.738989404309745, "params": {"p": 350, "r": 54, "h": 41}, "datetime": "2024-06-21 01:56:48.280029", "elapsed": "8539.177626"}
{"target": 39.868131099770395, "params": {"p": 206, "r": 57, "h": 20}, "datetime": "2024-06-21 01:57:50.988203", "elapsed": "8601.8858"}
{"target": 139.81252347521024, "params": {"p": 205, "r": 36, "h": 16}, "datetime": "2024-06-21 01:59:04.791248", "elapsed": "8675.688845"}
{"target": 31.076339170242928, "params": {"p": 351, "r": 53, "h": 41}, "datetime": "2024-06-21 02:00:25.899156", "elapsed": "8756.796753"}
{"target": 32.521540574525346, "params": {"p": 352, "r": 52, "h": 42}, "datetime": "2024-06-21 02:01:38.537585", "elapsed": "8829.435182"}
{"target": 27.67572691139207, "params": {"p": 353, "r": 52, "h": 42}, "datetime": "2024-06-21 02:02:55.379769", "elapsed": "8906.277366"}
{"target": 24.39805312989781, "params": {"p": 354, "r": 52, "h": 42}, "datetime": "2024-06-21 02:04:12.867897", "elapsed": "8983.765494"}
{"target": 44.285532182578, "params": {"p": 276, "r": 103, "h": 18}, "datetime": "2024-06-21 02:05:37.689743", "elapsed": "9068.58734"}
{"target": 0, "params": {"p": 274, "r": 128, "h": 18}, "datetime": "2024-06-21 02:06:35.718782", "elapsed": "9126.616379"}
{"target": 22.38926686647209, "params": {"p": 355, "r": 52, "h": 42}, "datetime": "2024-06-21 02:07:56.880168", "elapsed": "9207.777765"}
{"target": 21.464135868343785, "params": {"p": 356, "r": 52, "h": 42}, "datetime": "2024-06-21 02:09:12.064906", "elapsed": "9282.962503"}
{"target": 21.119420212475937, "params": {"p": 357, "r": 52, "h": 42}, "datetime": "2024-06-21 02:10:27.406998", "elapsed": "9358.304595"}
{"target": 0, "params": {"p": 276, "r": 115, "h": 18}, "datetime": "2024-06-21 02:11:27.159086", "elapsed": "9418.056683"}
{"target": 21.040300455009685, "params": {"p": 358, "r": 52, "h": 42}, "datetime": "2024-06-21 02:12:44.446041", "elapsed": "9495.343638"}
{"target": 138.70028413691932, "params": {"p": 203, "r": 36, "h": 16}, "datetime": "2024-06-21 02:13:59.378804", "elapsed": "9570.276401"}
{"target": 34.19182977532134, "params": {"p": 359, "r": 39, "h": 19}, "datetime": "2024-06-21 02:15:30.610590", "elapsed": "9661.508187"}
{"target": 0, "params": {"p": 263, "r": 148, "h": 19}, "datetime": "2024-06-21 02:16:28.022861", "elapsed": "9718.920458"}
{"target": 34.48860101149225, "params": {"p": 360, "r": 39, "h": 19}, "datetime": "2024-06-21 02:17:58.506267", "elapsed": "9809.403864"}
{"target": 48.27238800244201, "params": {"p": 276, "r": 105, "h": 18}, "datetime": "2024-06-21 02:19:12.301870", "elapsed": "9883.199467"}
{"target": 29.820734679427677, "params": {"p": 187, "r": 68, "h": 34}, "datetime": "2024-06-21 02:20:34.314139", "elapsed": "9965.211736"}
{"target": 148.41258961322325, "params": {"p": 202, "r": 36, "h": 15}, "datetime": "2024-06-21 02:21:48.806598", "elapsed": "10039.705196"}
{"target": 20.784163944703643, "params": {"p": 361, "r": 52, "h": 42}, "datetime": "2024-06-21 02:23:05.763957", "elapsed": "10116.661554"}
{"target": 42.125972899562996, "params": {"p": 276, "r": 106, "h": 18}, "datetime": "2024-06-21 02:24:12.659348", "elapsed": "10183.556945"}
{"target": 20.469187228242816, "params": {"p": 363, "r": 52, "h": 42}, "datetime": "2024-06-21 02:25:26.522000", "elapsed": "10257.419597"}
{"target": 19.92438320695588, "params": {"p": 364, "r": 52, "h": 42}, "datetime": "2024-06-21 02:26:46.256795", "elapsed": "10337.154392"}
{"target": 37.600145736279764, "params": {"p": 276, "r": 107, "h": 18}, "datetime": "2024-06-21 02:27:54.286253", "elapsed": "10405.18385"}
{"target": 19.549980884607503, "params": {"p": 365, "r": 52, "h": 42}, "datetime": "2024-06-21 02:29:10.217031", "elapsed": "10481.114628"}
{"target": 25.739186886710037, "params": {"p": 366, "r": 40, "h": 19}, "datetime": "2024-06-21 02:30:33.608812", "elapsed": "10564.506409"}
{"target": 37.54859389850801, "params": {"p": 201, "r": 33, "h": 18}, "datetime": "2024-06-21 02:31:47.867319", "elapsed": "10638.764916"}
{"target": 31.222782302349454, "params": {"p": 367, "r": 39, "h": 19}, "datetime": "2024-06-21 02:33:04.552809", "elapsed": "10715.450406"}
{"target": 18.350756977033456, "params": {"p": 368, "r": 52, "h": 42}, "datetime": "2024-06-21 02:34:33.508136", "elapsed": "10804.405733"}
{"target": 30.43820171950518, "params": {"p": 276, "r": 108, "h": 18}, "datetime": "2024-06-21 02:35:40.784396", "elapsed": "10871.681993"}
{"target": 26.69173656802859, "params": {"p": 276, "r": 109, "h": 18}, "datetime": "2024-06-21 02:36:55.325491", "elapsed": "10946.223088"}
{"target": 17.993714544660218, "params": {"p": 369, "r": 52, "h": 42}, "datetime": "2024-06-21 02:38:16.294493", "elapsed": "11027.19209"}
{"target": 17.59653025077847, "params": {"p": 370, "r": 52, "h": 42}, "datetime": "2024-06-21 02:39:46.980160", "elapsed": "11117.877757"}
{"target": 142.5524905226198, "params": {"p": 192, "r": 36, "h": 15}, "datetime": "2024-06-21 02:41:06.905044", "elapsed": "11197.802641"}
{"target": 24.63702298679996, "params": {"p": 276, "r": 110, "h": 18}, "datetime": "2024-06-21 02:42:20.716983", "elapsed": "11271.61458"}
