{"target": 0, "params": {"p": 313, "r": 133, "h": 51}, "datetime": "2024-06-20 23:34:29.895014", "elapsed": "0.792611"}
{"target": 0.0619742, "params": {"p": 729, "r": 18, "h": 20}, "datetime": "2024-06-20 23:34:29.896129", "elapsed": "0.793726"}
{"target": 4.0078487, "params": {"p": 495, "r": 140, "h": 17}, "datetime": "2024-06-20 23:34:29.897182", "elapsed": "0.794779"}
{"target": 0.3807879, "params": {"p": 826, "r": 31, "h": 60}, "datetime": "2024-06-20 23:34:29.897182", "elapsed": "0.794779"}
{"target": 0.9048905, "params": {"p": 923, "r": 96, "h": 39}, "datetime": "2024-06-20 23:34:29.898199", "elapsed": "0.795796"}
{"target": 1.7643247, "params": {"p": 804, "r": 71, "h": 53}, "datetime": "2024-06-20 23:34:29.898199", "elapsed": "0.795796"}
{"target": 3.9631232, "params": {"p": 433, "r": 117, "h": 37}, "datetime": "2024-06-20 23:34:29.899200", "elapsed": "0.796797"}
{"target": 33.14079, "params": {"p": 269, "r": 46, "h": 44}, "datetime": "2024-06-20 23:34:29.900201", "elapsed": "0.797798"}
{"target": 2.0329649, "params": {"p": 585, "r": 104, "h": 24}, "datetime": "2024-06-20 23:34:29.900201", "elapsed": "0.797798"}
{"target": 0, "params": {"p": 102, "r": 60, "h": 30}, "datetime": "2024-06-20 23:34:29.901202", "elapsed": "0.798799"}
{"target": 8.717650211708799, "params": {"p": 265, "r": 37, "h": 43}, "datetime": "2024-06-20 23:35:09.210273", "elapsed": "40.10787"}
{"target": 69.63897368012921, "params": {"p": 274, "r": 58, "h": 45}, "datetime": "2024-06-20 23:35:37.321750", "elapsed": "68.219347"}
{"target": 50.59115148323274, "params": {"p": 277, "r": 66, "h": 46}, "datetime": "2024-06-20 23:36:02.619235", "elapsed": "93.516832"}
{"target": 70.64668653687463, "params": {"p": 276, "r": 58, "h": 44}, "datetime": "2024-06-20 23:36:30.558619", "elapsed": "121.456216"}
{"target": 72.82325228221458, "params": {"p": 275, "r": 57, "h": 43}, "datetime": "2024-06-20 23:36:55.129639", "elapsed": "146.027236"}
{"target": 65.20235042490975, "params": {"p": 273, "r": 59, "h": 36}, "datetime": "2024-06-20 23:37:19.890782", "elapsed": "170.788379"}
{"target": 78.08320410687763, "params": {"p": 275, "r": 55, "h": 41}, "datetime": "2024-06-20 23:37:48.732014", "elapsed": "199.629611"}
{"target": 97.87140939834565, "params": {"p": 282, "r": 49, "h": 33}, "datetime": "2024-06-20 23:38:16.704962", "elapsed": "227.602559"}
{"target": 90.67229501108208, "params": {"p": 283, "r": 47, "h": 32}, "datetime": "2024-06-20 23:38:45.839961", "elapsed": "256.737558"}
{"target": 97.43704923462774, "params": {"p": 281, "r": 52, "h": 33}, "datetime": "2024-06-20 23:39:13.274253", "elapsed": "284.17185"}
{"target": 97.46279343252013, "params": {"p": 282, "r": 50, "h": 34}, "datetime": "2024-06-20 23:39:43.655059", "elapsed": "314.552656"}
{"target": 103.18694261828578, "params": {"p": 280, "r": 49, "h": 32}, "datetime": "2024-06-20 23:40:11.373166", "elapsed": "342.270763"}
{"target": 101.1244393565662, "params": {"p": 279, "r": 49, "h": 32}, "datetime": "2024-06-20 23:40:38.615445", "elapsed": "369.513042"}
{"target": 105.82985094447176, "params": {"p": 280, "r": 48, "h": 25}, "datetime": "2024-06-20 23:41:08.611064", "elapsed": "399.508661"}
{"target": 117.91423058388251, "params": {"p": 280, "r": 48, "h": 28}, "datetime": "2024-06-20 23:41:37.191952", "elapsed": "428.089549"}
{"target": 111.58402093760088, "params": {"p": 280, "r": 47, "h": 29}, "datetime": "2024-06-20 23:42:07.131461", "elapsed": "458.029058"}
{"target": 107.21469850935945, "params": {"p": 280, "r": 49, "h": 27}, "datetime": "2024-06-20 23:42:34.213222", "elapsed": "485.110819"}
{"target": 26.311960879203525, "params": {"p": 248, "r": 45, "h": 46}, "datetime": "2024-06-20 23:43:05.209916", "elapsed": "516.107513"}
{"target": 152.2593420372646, "params": {"p": 285, "r": 42, "h": 22}, "datetime": "2024-06-20 23:43:33.313963", "elapsed": "544.21156"}
{"target": 135.27218735293883, "params": {"p": 291, "r": 37, "h": 16}, "datetime": "2024-06-20 23:44:02.104386", "elapsed": "573.001983"}
{"target": 158.64407429732535, "params": {"p": 288, "r": 41, "h": 20}, "datetime": "2024-06-20 23:44:29.019005", "elapsed": "599.916602"}
{"target": 160.3713267602335, "params": {"p": 289, "r": 41, "h": 21}, "datetime": "2024-06-20 23:44:57.569848", "elapsed": "628.467445"}
{"target": 153.60527493589464, "params": {"p": 290, "r": 42, "h": 21}, "datetime": "2024-06-20 23:45:24.427752", "elapsed": "655.325349"}
{"target": 141.07381341110354, "params": {"p": 287, "r": 40, "h": 21}, "datetime": "2024-06-20 23:45:50.977809", "elapsed": "681.875406"}
{"target": 149.1132626656181, "params": {"p": 286, "r": 43, "h": 22}, "datetime": "2024-06-20 23:46:16.608824", "elapsed": "707.506421"}
{"target": 156.98449490774567, "params": {"p": 294, "r": 39, "h": 18}, "datetime": "2024-06-20 23:46:41.221571", "elapsed": "732.119168"}
{"target": 159.42683298594218, "params": {"p": 292, "r": 40, "h": 19}, "datetime": "2024-06-20 23:47:06.934242", "elapsed": "757.831839"}
{"target": 156.142082470051, "params": {"p": 293, "r": 41, "h": 20}, "datetime": "2024-06-20 23:47:32.087040", "elapsed": "782.984637"}
{"target": 22.075856676990078, "params": {"p": 307, "r": 37, "h": 26}, "datetime": "2024-06-20 23:48:03.045372", "elapsed": "813.942969"}
{"target": 150.25201116459962, "params": {"p": 295, "r": 40, "h": 21}, "datetime": "2024-06-20 23:48:28.482097", "elapsed": "839.379694"}
{"target": 55.34261752511605, "params": {"p": 274, "r": 64, "h": 55}, "datetime": "2024-06-20 23:48:51.808934", "elapsed": "862.706531"}
{"target": 6.897630746182327, "params": {"p": 259, "r": 36, "h": 55}, "datetime": "2024-06-20 23:49:28.204531", "elapsed": "899.102128"}
{"target": 41.638192448297545, "params": {"p": 296, "r": 39, "h": 15}, "datetime": "2024-06-20 23:49:55.649270", "elapsed": "926.546867"}
{"target": 133.20139779379005, "params": {"p": 284, "r": 42, "h": 23}, "datetime": "2024-06-20 23:50:22.071253", "elapsed": "952.96885"}
{"target": 146.59919156071916, "params": {"p": 283, "r": 38, "h": 19}, "datetime": "2024-06-20 23:50:52.193492", "elapsed": "983.091089"}
{"target": 74.52444139013247, "params": {"p": 267, "r": 38, "h": 15}, "datetime": "2024-06-20 23:51:22.273760", "elapsed": "1013.171357"}
{"target": 1.6575400104552995, "params": {"p": 327, "r": 28, "h": 36}, "datetime": "2024-06-20 23:51:58.993918", "elapsed": "1049.891515"}
{"target": 174.3080158542089, "params": {"p": 278, "r": 35, "h": 15}, "datetime": "2024-06-20 23:52:23.266005", "elapsed": "1074.163602"}
{"target": 66.41248430985294, "params": {"p": 272, "r": 40, "h": 16}, "datetime": "2024-06-20 23:52:48.783910", "elapsed": "1099.681507"}
{"target": 2.7596104534878108, "params": {"p": 253, "r": 23, "h": 15}, "datetime": "2024-06-20 23:53:21.111772", "elapsed": "1132.009369"}
{"target": 132.03647152088578, "params": {"p": 271, "r": 39, "h": 17}, "datetime": "2024-06-20 23:53:45.468488", "elapsed": "1156.366085"}
{"target": 0, "params": {"p": 347, "r": 150, "h": 60}, "datetime": "2024-06-20 23:53:51.933654", "elapsed": "1162.831251"}
{"target": 11.969364749854323, "params": {"p": 268, "r": 32, "h": 21}, "datetime": "2024-06-20 23:54:21.305047", "elapsed": "1192.202644"}
{"target": 97.75125678332603, "params": {"p": 266, "r": 39, "h": 21}, "datetime": "2024-06-20 23:54:46.116491", "elapsed": "1217.014088"}
{"target": 148.9656334109375, "params": {"p": 270, "r": 36, "h": 17}, "datetime": "2024-06-20 23:55:13.145178", "elapsed": "1244.042775"}
{"target": 58.64497148766999, "params": {"p": 268, "r": 62, "h": 45}, "datetime": "2024-06-20 23:55:42.888878", "elapsed": "1273.786475"}
{"target": 0.45126605040058787, "params": {"p": 233, "r": 16, "h": 15}, "datetime": "2024-06-20 23:56:15.345012", "elapsed": "1306.242609"}
{"target": 132.38994270187217, "params": {"p": 264, "r": 38, "h": 19}, "datetime": "2024-06-20 23:56:41.230589", "elapsed": "1332.128186"}
{"target": 122.37678428930691, "params": {"p": 246, "r": 37, "h": 18}, "datetime": "2024-06-20 23:57:06.957102", "elapsed": "1357.854699"}
{"target": 132.64139894402038, "params": {"p": 263, "r": 37, "h": 18}, "datetime": "2024-06-20 23:57:31.968210", "elapsed": "1382.865807"}
{"target": 3.6125733724921574, "params": {"p": 489, "r": 89, "h": 56}, "datetime": "2024-06-20 23:58:00.613772", "elapsed": "1411.511369"}
{"target": 146.83605197623828, "params": {"p": 262, "r": 36, "h": 17}, "datetime": "2024-06-20 23:58:26.938846", "elapsed": "1437.836443"}
{"target": 0.4036606663594447, "params": {"p": 214, "r": 15, "h": 15}, "datetime": "2024-06-20 23:59:01.056709", "elapsed": "1471.954306"}
{"target": 8.58290438065547, "params": {"p": 538, "r": 141, "h": 60}, "datetime": "2024-06-20 23:59:27.596201", "elapsed": "1498.493798"}
{"target": 72.19541108091289, "params": {"p": 261, "r": 34, "h": 17}, "datetime": "2024-06-20 23:59:54.141295", "elapsed": "1525.038892"}
{"target": 25.79334000034139, "params": {"p": 254, "r": 45, "h": 15}, "datetime": "2024-06-21 00:00:21.742251", "elapsed": "1552.639848"}
{"target": 81.23819025342323, "params": {"p": 258, "r": 38, "h": 15}, "datetime": "2024-06-21 00:00:50.005199", "elapsed": "1580.902796"}
{"target": 63.13806619978515, "params": {"p": 231, "r": 49, "h": 20}, "datetime": "2024-06-21 00:01:19.559699", "elapsed": "1610.457296"}
{"target": 0.2745119369056701, "params": {"p": 260, "r": 15, "h": 15}, "datetime": "2024-06-21 00:01:57.107520", "elapsed": "1648.005117"}
{"target": 166.14004643730377, "params": {"p": 238, "r": 36, "h": 16}, "datetime": "2024-06-21 00:02:23.195649", "elapsed": "1674.093246"}
{"target": 85.46515907058026, "params": {"p": 244, "r": 50, "h": 24}, "datetime": "2024-06-21 00:02:46.324135", "elapsed": "1697.221732"}
{"target": 8.22741500606079, "params": {"p": 297, "r": 27, "h": 15}, "datetime": "2024-06-21 00:03:17.760582", "elapsed": "1728.658179"}
{"target": 46.395413745945106, "params": {"p": 257, "r": 33, "h": 17}, "datetime": "2024-06-21 00:03:48.050977", "elapsed": "1758.948574"}
{"target": 31.213858134533737, "params": {"p": 256, "r": 32, "h": 17}, "datetime": "2024-06-21 00:04:18.219497", "elapsed": "1789.117094"}
{"target": 31.61015837205906, "params": {"p": 255, "r": 32, "h": 17}, "datetime": "2024-06-21 00:04:49.812755", "elapsed": "1820.710352"}
{"target": 50.13738891467578, "params": {"p": 239, "r": 37, "h": 21}, "datetime": "2024-06-21 00:05:17.072929", "elapsed": "1847.970526"}
{"target": 21.414300614612724, "params": {"p": 298, "r": 32, "h": 18}, "datetime": "2024-06-21 00:05:51.764969", "elapsed": "1882.662566"}
{"target": 13.608588761308644, "params": {"p": 299, "r": 30, "h": 17}, "datetime": "2024-06-21 00:06:27.608344", "elapsed": "1918.505941"}
{"target": 19.416534344205733, "params": {"p": 276, "r": 54, "h": 18}, "datetime": "2024-06-21 00:06:55.971312", "elapsed": "1946.868909"}
{"target": 23.08877585090133, "params": {"p": 260, "r": 63, "h": 21}, "datetime": "2024-06-21 00:07:25.214486", "elapsed": "1976.112083"}
{"target": 42.752175938945186, "params": {"p": 240, "r": 42, "h": 15}, "datetime": "2024-06-21 00:07:49.241275", "elapsed": "2000.138872"}
{"target": 21.752419723546343, "params": {"p": 300, "r": 32, "h": 18}, "datetime": "2024-06-21 00:08:23.065030", "elapsed": "2033.962627"}
{"target": 23.53046998635323, "params": {"p": 252, "r": 32, "h": 18}, "datetime": "2024-06-21 00:08:54.913942", "elapsed": "2065.811539"}
{"target": 26.853099090978382, "params": {"p": 212, "r": 50, "h": 15}, "datetime": "2024-06-21 00:09:20.687070", "elapsed": "2091.584667"}
{"target": 58.365802741815024, "params": {"p": 251, "r": 50, "h": 21}, "datetime": "2024-06-21 00:09:48.099212", "elapsed": "2118.996809"}
{"target": 21.659050711728533, "params": {"p": 301, "r": 32, "h": 18}, "datetime": "2024-06-21 00:10:25.486895", "elapsed": "2156.384492"}
{"target": 47.76964107115247, "params": {"p": 229, "r": 63, "h": 34}, "datetime": "2024-06-21 00:10:54.169245", "elapsed": "2185.066842"}
{"target": 32.1785373475505, "params": {"p": 302, "r": 33, "h": 18}, "datetime": "2024-06-21 00:11:28.405822", "elapsed": "2219.303419"}
{"target": 33.16843233093441, "params": {"p": 250, "r": 33, "h": 18}, "datetime": "2024-06-21 00:12:03.521140", "elapsed": "2254.418737"}
{"target": 32.00477661387859, "params": {"p": 303, "r": 33, "h": 18}, "datetime": "2024-06-21 00:12:40.066025", "elapsed": "2290.963622"}
{"target": 24.881025079424386, "params": {"p": 269, "r": 61, "h": 22}, "datetime": "2024-06-21 00:13:10.556036", "elapsed": "2321.453633"}
{"target": 34.108170934630216, "params": {"p": 249, "r": 33, "h": 18}, "datetime": "2024-06-21 00:13:47.535773", "elapsed": "2358.43337"}
{"target": 32.43621105928648, "params": {"p": 304, "r": 33, "h": 18}, "datetime": "2024-06-21 00:14:23.461289", "elapsed": "2394.358886"}
{"target": 32.966330718262235, "params": {"p": 305, "r": 33, "h": 18}, "datetime": "2024-06-21 00:15:00.465112", "elapsed": "2431.362709"}
{"target": 32.601084711299464, "params": {"p": 247, "r": 33, "h": 18}, "datetime": "2024-06-21 00:15:37.007802", "elapsed": "2467.905399"}
{"target": 117.3512711299372, "params": {"p": 228, "r": 33, "h": 15}, "datetime": "2024-06-21 00:16:13.052742", "elapsed": "2503.950339"}
{"target": 33.0987503611087, "params": {"p": 306, "r": 33, "h": 18}, "datetime": "2024-06-21 00:16:50.721050", "elapsed": "2541.618647"}
{"target": 173.32288313747028, "params": {"p": 236, "r": 35, "h": 15}, "datetime": "2024-06-21 00:17:23.730342", "elapsed": "2574.627939"}
{"target": 33.133154607450436, "params": {"p": 245, "r": 33, "h": 18}, "datetime": "2024-06-21 00:17:57.327202", "elapsed": "2608.224799"}
{"target": 32.92495214063769, "params": {"p": 308, "r": 33, "h": 18}, "datetime": "2024-06-21 00:18:35.894684", "elapsed": "2646.792281"}
{"target": 13.289071630770604, "params": {"p": 276, "r": 65, "h": 18}, "datetime": "2024-06-21 00:19:05.246281", "elapsed": "2676.143878"}
{"target": 33.21015079193056, "params": {"p": 309, "r": 33, "h": 18}, "datetime": "2024-06-21 00:19:45.468425", "elapsed": "2716.366022"}
{"target": 34.25346883152653, "params": {"p": 243, "r": 33, "h": 18}, "datetime": "2024-06-21 00:20:24.332913", "elapsed": "2755.23051"}
{"target": 34.514729653270805, "params": {"p": 310, "r": 33, "h": 18}, "datetime": "2024-06-21 00:21:03.821143", "elapsed": "2794.71874"}
{"target": 32.75421661783866, "params": {"p": 242, "r": 33, "h": 18}, "datetime": "2024-06-21 00:21:41.496332", "elapsed": "2832.393929"}
{"target": 12.911556901656375, "params": {"p": 276, "r": 67, "h": 18}, "datetime": "2024-06-21 00:22:12.040543", "elapsed": "2862.93814"}
{"target": 75.72861530971683, "params": {"p": 237, "r": 53, "h": 31}, "datetime": "2024-06-21 00:22:47.434225", "elapsed": "2898.331822"}
{"target": 34.53639901089389, "params": {"p": 311, "r": 33, "h": 18}, "datetime": "2024-06-21 00:23:32.256330", "elapsed": "2943.153927"}
{"target": 34.1302052416158, "params": {"p": 241, "r": 33, "h": 18}, "datetime": "2024-06-21 00:24:08.290767", "elapsed": "2979.188364"}
{"target": 12.777543917732174, "params": {"p": 276, "r": 68, "h": 18}, "datetime": "2024-06-21 00:24:44.972611", "elapsed": "3015.870208"}
{"target": 34.08938062222592, "params": {"p": 312, "r": 33, "h": 18}, "datetime": "2024-06-21 00:25:23.825935", "elapsed": "3054.723532"}
{"target": 12.563421245670137, "params": {"p": 276, "r": 69, "h": 18}, "datetime": "2024-06-21 00:25:59.209396", "elapsed": "3090.106993"}
{"target": 12.453908972061264, "params": {"p": 276, "r": 70, "h": 18}, "datetime": "2024-06-21 00:26:31.165826", "elapsed": "3122.063423"}
{"target": 34.18211241206398, "params": {"p": 314, "r": 33, "h": 18}, "datetime": "2024-06-21 00:27:12.706240", "elapsed": "3163.603837"}
{"target": 33.57907287738346, "params": {"p": 315, "r": 33, "h": 18}, "datetime": "2024-06-21 00:27:53.546185", "elapsed": "3204.443782"}
{"target": 12.249008769594196, "params": {"p": 276, "r": 72, "h": 18}, "datetime": "2024-06-21 00:28:28.170175", "elapsed": "3239.067772"}
{"target": 34.90773228931843, "params": {"p": 316, "r": 33, "h": 18}, "datetime": "2024-06-21 00:29:05.136496", "elapsed": "3276.034093"}
{"target": 12.155167046109531, "params": {"p": 276, "r": 73, "h": 18}, "datetime": "2024-06-21 00:29:41.049952", "elapsed": "3311.947549"}
{"target": 34.17174106238764, "params": {"p": 317, "r": 33, "h": 18}, "datetime": "2024-06-21 00:30:25.911719", "elapsed": "3356.809316"}
{"target": 33.90398998849939, "params": {"p": 235, "r": 33, "h": 18}, "datetime": "2024-06-21 00:31:01.921640", "elapsed": "3392.819237"}
{"target": 139.39389415405918, "params": {"p": 234, "r": 40, "h": 19}, "datetime": "2024-06-21 00:31:31.370697", "elapsed": "3422.268294"}
{"target": 12.108443154473628, "params": {"p": 276, "r": 74, "h": 18}, "datetime": "2024-06-21 00:32:01.838001", "elapsed": "3452.735598"}
{"target": 34.78187244683219, "params": {"p": 318, "r": 33, "h": 18}, "datetime": "2024-06-21 00:32:39.861165", "elapsed": "3490.758762"}
{"target": 13.904493475482012, "params": {"p": 343, "r": 32, "h": 20}, "datetime": "2024-06-21 00:33:24.248754", "elapsed": "3535.146351"}
{"target": 117.04325253778886, "params": {"p": 232, "r": 40, "h": 20}, "datetime": "2024-06-21 00:33:58.319252", "elapsed": "3569.216849"}
{"target": 12.001935043634552, "params": {"p": 276, "r": 75, "h": 18}, "datetime": "2024-06-21 00:34:27.745566", "elapsed": "3598.643163"}
{"target": 128.37885290031252, "params": {"p": 230, "r": 37, "h": 15}, "datetime": "2024-06-21 00:34:59.725783", "elapsed": "3630.62338"}
{"target": 34.150106823824636, "params": {"p": 319, "r": 33, "h": 18}, "datetime": "2024-06-21 00:35:42.070917", "elapsed": "3672.968514"}
{"target": 11.964099195980188, "params": {"p": 276, "r": 76, "h": 18}, "datetime": "2024-06-21 00:36:24.194935", "elapsed": "3715.092532"}
{"target": 34.62401156351373, "params": {"p": 320, "r": 33, "h": 18}, "datetime": "2024-06-21 00:37:13.986255", "elapsed": "3764.883852"}
{"target": 11.921499422995973, "params": {"p": 276, "r": 77, "h": 18}, "datetime": "2024-06-21 00:37:47.174218", "elapsed": "3798.071815"}
{"target": 34.11053368606127, "params": {"p": 321, "r": 33, "h": 18}, "datetime": "2024-06-21 00:38:30.138888", "elapsed": "3841.036485"}
{"target": 11.877329751400577, "params": {"p": 276, "r": 78, "h": 18}, "datetime": "2024-06-21 00:39:10.561568", "elapsed": "3881.459165"}
{"target": 34.042072015946566, "params": {"p": 322, "r": 33, "h": 18}, "datetime": "2024-06-21 00:40:02.859146", "elapsed": "3933.756743"}
{"target": 11.843013764350575, "params": {"p": 276, "r": 79, "h": 18}, "datetime": "2024-06-21 00:40:35.017949", "elapsed": "3965.915546"}
{"target": 155.62635551445285, "params": {"p": 227, "r": 36, "h": 15}, "datetime": "2024-06-21 00:41:12.726146", "elapsed": "4003.623743"}
{"target": 156.88579437918224, "params": {"p": 226, "r": 36, "h": 15}, "datetime": "2024-06-21 00:41:44.967874", "elapsed": "4035.865471"}
{"target": 168.2512364321531, "params": {"p": 225, "r": 35, "h": 15}, "datetime": "2024-06-21 00:42:25.954452", "elapsed": "4076.852049"}
{"target": 136.21304860829736, "params": {"p": 204, "r": 34, "h": 15}, "datetime": "2024-06-21 00:43:05.337434", "elapsed": "4116.235031"}
{"target": 41.969635635468784, "params": {"p": 200, "r": 60, "h": 23}, "datetime": "2024-06-21 00:43:38.113646", "elapsed": "4149.011243"}
{"target": 78.9983381302503, "params": {"p": 217, "r": 32, "h": 15}, "datetime": "2024-06-21 00:44:13.191895", "elapsed": "4184.089492"}
{"target": 141.27705806581022, "params": {"p": 190, "r": 36, "h": 15}, "datetime": "2024-06-21 00:44:43.106054", "elapsed": "4214.003651"}
{"target": 35.782805121397644, "params": {"p": 323, "r": 33, "h": 18}, "datetime": "2024-06-21 00:45:27.884834", "elapsed": "4258.782431"}
{"target": 103.06562265538719, "params": {"p": 224, "r": 46, "h": 23}, "datetime": "2024-06-21 00:46:08.832830", "elapsed": "4299.730427"}
{"target": 70.36523569007804, "params": {"p": 219, "r": 53, "h": 28}, "datetime": "2024-06-21 00:46:52.373242", "elapsed": "4343.270901"}
{"target": 81.67569377055607, "params": {"p": 199, "r": 40, "h": 15}, "datetime": "2024-06-21 00:47:30.803398", "elapsed": "4381.700995"}
{"target": 2.072115708965473, "params": {"p": 188, "r": 20, "h": 15}, "datetime": "2024-06-21 00:48:32.533731", "elapsed": "4443.431328"}
{"target": 11.86193682267786, "params": {"p": 276, "r": 80, "h": 18}, "datetime": "2024-06-21 00:49:23.615743", "elapsed": "4494.51334"}
{"target": 35.41653186624326, "params": {"p": 324, "r": 33, "h": 18}, "datetime": "2024-06-21 00:50:22.299092", "elapsed": "4553.196689"}
{"target": 11.867478055797303, "params": {"p": 276, "r": 81, "h": 18}, "datetime": "2024-06-21 00:51:25.581766", "elapsed": "4616.479363"}
{"target": 35.681095429428154, "params": {"p": 325, "r": 33, "h": 18}, "datetime": "2024-06-21 00:52:25.715171", "elapsed": "4676.612768"}
{"target": 155.7795426190561, "params": {"p": 223, "r": 36, "h": 15}, "datetime": "2024-06-21 00:53:24.826257", "elapsed": "4735.723854"}
{"target": 155.80181761107096, "params": {"p": 222, "r": 36, "h": 15}, "datetime": "2024-06-21 00:54:21.068314", "elapsed": "4791.965911"}
{"target": 11.861905640713562, "params": {"p": 276, "r": 82, "h": 18}, "datetime": "2024-06-21 00:55:13.204906", "elapsed": "4844.102503"}
{"target": 58.8183247021303, "params": {"p": 197, "r": 31, "h": 15}, "datetime": "2024-06-21 00:56:06.778853", "elapsed": "4897.67645"}
{"target": 84.11941019521593, "params": {"p": 172, "r": 40, "h": 15}, "datetime": "2024-06-21 00:56:54.455495", "elapsed": "4945.353092"}
{"target": 28.828567080943657, "params": {"p": 255, "r": 83, "h": 51}, "datetime": "2024-06-21 00:57:45.681113", "elapsed": "4996.57871"}
{"target": 137.99291041540502, "params": {"p": 209, "r": 38, "h": 16}, "datetime": "2024-06-21 00:58:34.543215", "elapsed": "5045.440812"}
{"target": 36.61967499856394, "params": {"p": 326, "r": 33, "h": 18}, "datetime": "2024-06-21 00:59:30.688578", "elapsed": "5101.586175"}
