{"target": 0.0, "params": {"h": 27.0, "p": 120.0, "r": 141.0}, "datetime": {"datetime": "2024-05-11 15:52:24", "elapsed": 3348.835348, "delta": 0.438376}}
{"target": 160.3229739158454, "params": {"h": 20.0, "p": 326.0, "r": 38.0}, "datetime": {"datetime": "2024-05-11 15:52:52", "elapsed": 3377.056655, "delta": 28.221307}}
{"target": 36.87945777914521, "params": {"h": 18.0, "p": 333.0, "r": 33.0}, "datetime": {"datetime": "2024-05-11 15:53:18", "elapsed": 3402.788832, "delta": 25.732177}}
{"target": 1.4113024103169163, "params": {"h": 55.0, "p": 988.0, "r": 69.0}, "datetime": {"datetime": "2024-05-11 15:54:34", "elapsed": 3478.985731, "delta": 76.196899}}
{"target": 69.50845786634636, "params": {"h": 25.0, "p": 190.0, "r": 48.0}, "datetime": {"datetime": "2024-05-11 15:54:51", "elapsed": 3495.6777, "delta": 16.691969}}
{"target": 0.6063057933218741, "params": {"h": 24.0, "p": 839.0, "r": 30.0}, "datetime": {"datetime": "2024-05-11 15:55:40", "elapsed": 3544.988076, "delta": 49.310376}}
{"target": 129.47479339025708, "params": {"h": 27.0, "p": 319.0, "r": 43.0}, "datetime": {"datetime": "2024-05-11 15:56:01", "elapsed": 3565.763045, "delta": 20.774969}}
{"target": 57.18721676659139, "params": {"h": 16.0, "p": 327.0, "r": 38.0}, "datetime": {"datetime": "2024-05-11 15:56:21", "elapsed": 3585.49817, "delta": 19.735125}}
{"target": 13.348056643351299, "params": {"h": 28.0, "p": 312.0, "r": 36.0}, "datetime": {"datetime": "2024-05-11 15:56:43", "elapsed": 3607.687514, "delta": 22.189344}}
{"target": 163.63750447658933, "params": {"h": 24.0, "p": 323.0, "r": 42.0}, "datetime": {"datetime": "2024-05-11 15:57:03", "elapsed": 3628.152757, "delta": 20.465243}}
{"target": 151.25129722341222, "params": {"h": 32.0, "p": 342.0, "r": 45.0}, "datetime": {"datetime": "2024-05-11 15:57:25", "elapsed": 3649.615857, "delta": 21.4631}}
{"target": 143.35510292340848, "params": {"h": 26.0, "p": 321.0, "r": 45.0}, "datetime": {"datetime": "2024-05-11 15:57:45", "elapsed": 3669.371118, "delta": 19.755261}}
{"target": 113.11178072993073, "params": {"h": 28.0, "p": 322.0, "r": 43.0}, "datetime": {"datetime": "2024-05-11 15:58:07", "elapsed": 3691.699151, "delta": 22.328033}}
{"target": 105.91224957757154, "params": {"h": 27.0, "p": 343.0, "r": 45.0}, "datetime": {"datetime": "2024-05-11 15:58:27", "elapsed": 3711.844362, "delta": 20.145211}}
{"target": 5.028732461553033, "params": {"h": 15.0, "p": 378.0, "r": 128.0}, "datetime": {"datetime": "2024-05-11 15:58:54", "elapsed": 3738.856244, "delta": 27.011882}}
{"target": 83.98834017169054, "params": {"h": 21.0, "p": 312.0, "r": 44.0}, "datetime": {"datetime": "2024-05-11 15:59:13", "elapsed": 3758.199851, "delta": 19.343607}}
{"target": 137.00059627580134, "params": {"h": 24.0, "p": 321.0, "r": 41.0}, "datetime": {"datetime": "2024-05-11 15:59:34", "elapsed": 3778.725843, "delta": 20.525992}}
{"target": 0.03952100826027934, "params": {"h": 50.0, "p": 768.0, "r": 17.0}, "datetime": {"datetime": "2024-05-11 16:00:46", "elapsed": 3851.172326, "delta": 72.446483}}
{"target": 2.6731823912086012, "params": {"h": 21.0, "p": 589.0, "r": 140.0}, "datetime": {"datetime": "2024-05-11 16:01:13", "elapsed": 3878.173807, "delta": 27.001481}}
{"target": 126.166631812368, "params": {"h": 37.0, "p": 330.0, "r": 49.0}, "datetime": {"datetime": "2024-05-11 16:01:34", "elapsed": 3898.390603, "delta": 20.216796}}
{"target": 99.78785761860992, "params": {"h": 38.0, "p": 325.0, "r": 47.0}, "datetime": {"datetime": "2024-05-11 16:01:55", "elapsed": 3920.055555, "delta": 21.664952}}
{"target": 0.3625422423477891, "params": {"h": 47.0, "p": 600.0, "r": 27.0}, "datetime": {"datetime": "2024-05-11 16:02:39", "elapsed": 3963.601957, "delta": 43.546402}}
{"target": 0.23194071145855819, "params": {"h": 44.0, "p": 453.0, "r": 21.0}, "datetime": {"datetime": "2024-05-11 16:03:21", "elapsed": 4005.399744, "delta": 41.797787}}
{"target": 1.5035188038435785, "params": {"h": 50.0, "p": 821.0, "r": 142.0}, "datetime": {"datetime": "2024-05-11 16:03:55", "elapsed": 4039.865667, "delta": 34.465923}}
{"target": 1.0335859721470002, "params": {"h": 39.0, "p": 989.0, "r": 141.0}, "datetime": {"datetime": "2024-05-11 16:04:44", "elapsed": 4088.873808, "delta": 49.008141}}
{"target": 2.6064347593622506, "params": {"h": 57.0, "p": 546.0, "r": 91.0}, "datetime": {"datetime": "2024-05-11 16:05:08", "elapsed": 4112.48711, "delta": 23.613302}}
{"target": 168.0916653230892, "params": {"h": 18.0, "p": 329.0, "r": 36.0}, "datetime": {"datetime": "2024-05-11 16:05:29", "elapsed": 4134.057186, "delta": 21.570076}}
{"target": 2.1562098885395606, "params": {"h": 17.0, "p": 763.0, "r": 148.0}, "datetime": {"datetime": "2024-05-11 16:06:17", "elapsed": 4181.641061, "delta": 47.583875}}
{"target": 0.0, "params": {"h": 58.0, "p": 147.0, "r": 87.0}, "datetime": {"datetime": "2024-05-11 16:06:17", "elapsed": 4182.127974, "delta": 0.486913}}
{"target": 0.0, "params": {"h": 15.0, "p": 261.0, "r": 147.0}, "datetime": {"datetime": "2024-05-11 16:06:18", "elapsed": 4182.588052, "delta": 0.460078}}
{"target": 11.937179050719195, "params": {"h": 15.0, "p": 294.0, "r": 49.0}, "datetime": {"datetime": "2024-05-11 16:06:35", "elapsed": 4199.378972, "delta": 16.79092}}
{"target": 172.81640984516352, "params": {"h": 22.0, "p": 325.0, "r": 41.0}, "datetime": {"datetime": "2024-05-11 16:06:54", "elapsed": 4218.82445, "delta": 19.445478}}
{"target": 1.8359912372861003, "params": {"h": 59.0, "p": 890.0, "r": 65.0}, "datetime": {"datetime": "2024-05-11 16:07:44", "elapsed": 4268.351318, "delta": 49.526868}}
{"target": 1.204995208237325, "params": {"h": 16.0, "p": 713.0, "r": 103.0}, "datetime": {"datetime": "2024-05-11 16:08:17", "elapsed": 4301.799856, "delta": 33.448538}}
{"target": 2.834494227069023, "params": {"h": 17.0, "p": 651.0, "r": 149.0}, "datetime": {"datetime": "2024-05-11 16:08:56", "elapsed": 4340.875555, "delta": 39.075699}}
{"target": 159.2479813230985, "params": {"h": 21.0, "p": 324.0, "r": 39.0}, "datetime": {"datetime": "2024-05-11 16:09:16", "elapsed": 4361.141077, "delta": 20.265522}}
{"target": 0.6653147824850436, "params": {"h": 18.0, "p": 943.0, "r": 95.0}, "datetime": {"datetime": "2024-05-11 16:10:05", "elapsed": 4409.895136, "delta": 48.754059}}
{"target": 2.42226759453436, "params": {"h": 18.0, "p": 481.0, "r": 76.0}, "datetime": {"datetime": "2024-05-11 16:10:24", "elapsed": 4429.060357, "delta": 19.165221}}
{"target": 4.48584511510617, "params": {"h": 15.0, "p": 527.0, "r": 146.0}, "datetime": {"datetime": "2024-05-11 16:11:02", "elapsed": 4466.286172, "delta": 37.225815}}
{"target": 0.02785316620052069, "params": {"h": 18.0, "p": 993.0, "r": 17.0}, "datetime": {"datetime": "2024-05-11 16:12:09", "elapsed": 4533.342432, "delta": 67.05626}}
{"target": 0.0, "params": {"h": 17.0, "p": 227.0, "r": 95.0}, "datetime": {"datetime": "2024-05-11 16:12:09", "elapsed": 4534.072686, "delta": 0.730254}}
{"target": 4.835694749696664, "params": {"h": 59.0, "p": 415.0, "r": 104.0}, "datetime": {"datetime": "2024-05-11 16:12:27", "elapsed": 4551.36025, "delta": 17.287564}}
{"target": 0.0, "params": {"h": 59.0, "p": 311.0, "r": 149.0}, "datetime": {"datetime": "2024-05-11 16:12:27", "elapsed": 4551.870115, "delta": 0.509865}}
{"target": 91.5677815419054, "params": {"h": 42.0, "p": 303.0, "r": 51.0}, "datetime": {"datetime": "2024-05-11 16:12:48", "elapsed": 4573.269137, "delta": 21.399022}}
{"target": 77.47283684702522, "params": {"h": 48.0, "p": 305.0, "r": 58.0}, "datetime": {"datetime": "2024-05-11 16:13:08", "elapsed": 4592.768524, "delta": 19.499387}}
{"target": 22.39668084981426, "params": {"h": 41.0, "p": 303.0, "r": 42.0}, "datetime": {"datetime": "2024-05-11 16:13:30", "elapsed": 4614.412526, "delta": 21.644002}}
{"target": 67.1908797466154, "params": {"h": 35.0, "p": 304.0, "r": 56.0}, "datetime": {"datetime": "2024-05-11 16:13:48", "elapsed": 4633.055287, "delta": 18.642761}}
{"target": 0.0, "params": {"h": 18.0, "p": 103.0, "r": 84.0}, "datetime": {"datetime": "2024-05-11 16:13:49", "elapsed": 4633.796624, "delta": 0.741337}}
{"target": 140.1721658580917, "params": {"h": 24.0, "p": 319.0, "r": 44.0}, "datetime": {"datetime": "2024-05-11 16:14:10", "elapsed": 4654.715178, "delta": 20.918554}}
{"target": 66.77063277211866, "params": {"h": 53.0, "p": 298.0, "r": 52.0}, "datetime": {"datetime": "2024-05-11 16:14:32", "elapsed": 4676.422873, "delta": 21.707695}}
{"target": 0.45973541099687254, "params": {"h": 57.0, "p": 224.0, "r": 17.0}, "datetime": {"datetime": "2024-05-11 16:15:20", "elapsed": 4724.882107, "delta": 48.459234}}
{"target": 1.2784780644091844, "params": {"h": 60.0, "p": 933.0, "r": 144.0}, "datetime": {"datetime": "2024-05-11 16:16:05", "elapsed": 4769.842329, "delta": 44.960222}}
{"target": 0.8108282604575977, "params": {"h": 20.0, "p": 837.0, "r": 92.0}, "datetime": {"datetime": "2024-05-11 16:16:44", "elapsed": 4808.368602, "delta": 38.526273}}
{"target": 90.88643099062412, "params": {"h": 39.0, "p": 291.0, "r": 54.0}, "datetime": {"datetime": "2024-05-11 16:17:02", "elapsed": 4826.791601, "delta": 18.422999}}
{"target": 84.09209984304648, "params": {"h": 36.0, "p": 283.0, "r": 55.0}, "datetime": {"datetime": "2024-05-11 16:17:20", "elapsed": 4844.342637, "delta": 17.551036}}
{"target": 44.857844112243626, "params": {"h": 33.0, "p": 292.0, "r": 61.0}, "datetime": {"datetime": "2024-05-11 16:17:36", "elapsed": 4860.363384, "delta": 16.020747}}
{"target": 54.56354484289116, "params": {"h": 40.0, "p": 289.0, "r": 47.0}, "datetime": {"datetime": "2024-05-11 16:17:55", "elapsed": 4879.55474, "delta": 19.191356}}
{"target": 78.47048843040562, "params": {"h": 32.0, "p": 273.0, "r": 55.0}, "datetime": {"datetime": "2024-05-11 16:18:12", "elapsed": 4896.500302, "delta": 16.945562}}
{"target": 92.22434630416194, "params": {"h": 27.0, "p": 274.0, "r": 44.0}, "datetime": {"datetime": "2024-05-11 16:18:29", "elapsed": 4914.195023, "delta": 17.694721}}
{"target": 70.48692640769609, "params": {"h": 20.0, "p": 270.0, "r": 46.0}, "datetime": {"datetime": "2024-05-11 16:18:46", "elapsed": 4931.092348, "delta": 16.897325}}
{"target": 14.61214622184766, "params": {"h": 30.0, "p": 272.0, "r": 37.0}, "datetime": {"datetime": "2024-05-11 16:19:07", "elapsed": 4951.344168, "delta": 20.25182}}
{"target": 125.44401658818356, "params": {"h": 27.0, "p": 284.0, "r": 47.0}, "datetime": {"datetime": "2024-05-11 16:19:25", "elapsed": 4969.874093, "delta": 18.529925}}
{"target": 120.99540476740071, "params": {"h": 27.0, "p": 280.0, "r": 46.0}, "datetime": {"datetime": "2024-05-11 16:19:43", "elapsed": 4988.103803, "delta": 18.22971}}
{"target": 79.13719021715427, "params": {"h": 32.0, "p": 284.0, "r": 46.0}, "datetime": {"datetime": "2024-05-11 16:20:03", "elapsed": 5007.919031, "delta": 19.815228}}
{"target": 150.52411508293935, "params": {"h": 22.0, "p": 282.0, "r": 42.0}, "datetime": {"datetime": "2024-05-11 16:20:22", "elapsed": 5026.472564, "delta": 18.553533}}
{"target": 93.73092179334901, "params": {"h": 24.0, "p": 281.0, "r": 48.0}, "datetime": {"datetime": "2024-05-11 16:20:41", "elapsed": 5045.71708, "delta": 19.244516}}
{"target": 48.00215120309002, "params": {"h": 17.0, "p": 280.0, "r": 33.0}, "datetime": {"datetime": "2024-05-11 16:21:02", "elapsed": 5066.767213, "delta": 21.050133}}
{"target": 145.07322100022077, "params": {"h": 23.0, "p": 292.0, "r": 42.0}, "datetime": {"datetime": "2024-05-11 16:21:21", "elapsed": 5085.602975, "delta": 18.835762}}
{"target": 124.2017781978201, "params": {"h": 26.0, "p": 290.0, "r": 47.0}, "datetime": {"datetime": "2024-05-11 16:21:39", "elapsed": 5104.166851, "delta": 18.563876}}
{"target": 142.52605370285426, "params": {"h": 23.0, "p": 288.0, "r": 44.0}, "datetime": {"datetime": "2024-05-11 16:21:59", "elapsed": 5123.393558, "delta": 19.226707}}
{"target": 132.74821796607336, "params": {"h": 25.0, "p": 285.0, "r": 44.0}, "datetime": {"datetime": "2024-05-11 16:22:18", "elapsed": 5142.527931, "delta": 19.134373}}
{"target": 139.63632024419658, "params": {"h": 22.0, "p": 286.0, "r": 41.0}, "datetime": {"datetime": "2024-05-11 16:22:37", "elapsed": 5161.457453, "delta": 18.929522}}
{"target": 32.03456090490419, "params": {"h": 27.0, "p": 288.0, "r": 39.0}, "datetime": {"datetime": "2024-05-11 16:22:57", "elapsed": 5181.949746, "delta": 20.492293}}
{"target": 116.87068872761297, "params": {"h": 20.0, "p": 278.0, "r": 43.0}, "datetime": {"datetime": "2024-05-11 16:23:16", "elapsed": 5200.814912, "delta": 18.865166}}
{"target": 83.51908771021178, "params": {"h": 17.0, "p": 290.0, "r": 40.0}, "datetime": {"datetime": "2024-05-11 16:23:35", "elapsed": 5219.992055, "delta": 19.177143}}
{"target": 136.08592092208048, "params": {"h": 24.0, "p": 295.0, "r": 45.0}, "datetime": {"datetime": "2024-05-11 16:23:57", "elapsed": 5241.468441, "delta": 21.476386}}
{"target": 159.73380106802975, "params": {"h": 20.0, "p": 282.0, "r": 40.0}, "datetime": {"datetime": "2024-05-11 16:24:16", "elapsed": 5260.608593, "delta": 19.140152}}
{"target": 61.247825767742114, "params": {"h": 16.0, "p": 281.0, "r": 40.0}, "datetime": {"datetime": "2024-05-11 16:24:34", "elapsed": 5278.959867, "delta": 18.351274}}
{"target": 18.255073754969942, "params": {"h": 25.0, "p": 298.0, "r": 36.0}, "datetime": {"datetime": "2024-05-11 16:24:57", "elapsed": 5301.40063, "delta": 22.440763}}
{"target": 98.91482727954693, "params": {"h": 30.0, "p": 293.0, "r": 51.0}, "datetime": {"datetime": "2024-05-11 16:25:14", "elapsed": 5319.239233, "delta": 17.838603}}
{"target": 1.5238485676742706, "params": {"h": 16.0, "p": 594.0, "r": 76.0}, "datetime": {"datetime": "2024-05-11 16:25:39", "elapsed": 5343.308774, "delta": 24.069541}}
{"target": 47.10795608851386, "params": {"h": 26.0, "p": 281.0, "r": 40.0}, "datetime": {"datetime": "2024-05-11 16:25:59", "elapsed": 5363.528048, "delta": 20.219274}}
{"target": 64.23337552126546, "params": {"h": 21.0, "p": 284.0, "r": 47.0}, "datetime": {"datetime": "2024-05-11 16:26:17", "elapsed": 5381.40063, "delta": 17.872582}}
{"target": 101.8112922873379, "params": {"h": 20.0, "p": 294.0, "r": 43.0}, "datetime": {"datetime": "2024-05-11 16:26:35", "elapsed": 5399.288838, "delta": 17.888208}}
{"target": 127.34135974551221, "params": {"h": 27.0, "p": 300.0, "r": 47.0}, "datetime": {"datetime": "2024-05-11 16:26:54", "elapsed": 5419.202331, "delta": 19.913493}}
{"target": 81.90599445439268, "params": {"h": 24.0, "p": 297.0, "r": 48.0}, "datetime": {"datetime": "2024-05-11 16:27:13", "elapsed": 5438.009832, "delta": 18.807501}}
{"target": 39.793452886873474, "params": {"h": 25.0, "p": 305.0, "r": 53.0}, "datetime": {"datetime": "2024-05-11 16:27:32", "elapsed": 5456.469799, "delta": 18.459967}}
{"target": 50.85703070718936, "params": {"h": 30.0, "p": 299.0, "r": 42.0}, "datetime": {"datetime": "2024-05-11 16:27:51", "elapsed": 5475.913933, "delta": 19.444134}}
{"target": 104.64860551484088, "params": {"h": 29.0, "p": 294.0, "r": 45.0}, "datetime": {"datetime": "2024-05-11 16:28:12", "elapsed": 5496.634066, "delta": 20.720133}}
{"target": 6.263852003809213, "params": {"h": 16.0, "p": 432.0, "r": 147.0}, "datetime": {"datetime": "2024-05-11 16:28:40", "elapsed": 5524.754787, "delta": 28.120721}}
{"target": 0.12477831730500016, "params": {"h": 16.0, "p": 648.0, "r": 19.0}, "datetime": {"datetime": "2024-05-11 16:29:22", "elapsed": 5567.152858, "delta": 42.398071}}
{"target": 33.854519043011116, "params": {"h": 29.0, "p": 259.0, "r": 68.0}, "datetime": {"datetime": "2024-05-11 16:29:37", "elapsed": 5581.821625, "delta": 14.668767}}
{"target": 0.0, "params": {"h": 15.0, "p": 174.0, "r": 113.0}, "datetime": {"datetime": "2024-05-11 16:29:38", "elapsed": 5582.562099, "delta": 0.740474}}
{"target": 1.7956146988649693, "params": {"h": 59.0, "p": 742.0, "r": 113.0}, "datetime": {"datetime": "2024-05-11 16:30:10", "elapsed": 5615.031987, "delta": 32.469888}}
{"target": 0.0, "params": {"h": 60.0, "p": 200.0, "r": 80.0}, "datetime": {"datetime": "2024-05-11 16:30:11", "elapsed": 5615.631271, "delta": 0.599284}}
{"target": 0.6814204786325768, "params": {"h": 58.0, "p": 167.0, "r": 16.0}, "datetime": {"datetime": "2024-05-11 16:30:57", "elapsed": 5661.980139, "delta": 46.348868}}
{"target": 139.53769220148183, "params": {"h": 25.0, "p": 291.0, "r": 45.0}, "datetime": {"datetime": "2024-05-11 16:31:16", "elapsed": 5680.344429, "delta": 18.36429}}
{"target": 103.16376746098837, "params": {"h": 28.0, "p": 276.0, "r": 50.0}, "datetime": {"datetime": "2024-05-11 16:31:33", "elapsed": 5697.970883, "delta": 17.626454}}
{"target": 46.10909774315172, "params": {"h": 28.0, "p": 281.0, "r": 58.0}, "datetime": {"datetime": "2024-05-11 16:31:50", "elapsed": 5714.554707, "delta": 16.583824}}
{"target": 0.02552007662899202, "params": {"h": 57.0, "p": 876.0, "r": 16.0}, "datetime": {"datetime": "2024-05-11 16:33:21", "elapsed": 5805.822277, "delta": 91.26757}}
{"target": 0.0, "params": {"h": 57.0, "p": 256.0, "r": 118.0}, "datetime": {"datetime": "2024-05-11 16:33:22", "elapsed": 5806.539086, "delta": 0.716809}}
{"target": 0.24108121469279756, "params": {"h": 60.0, "p": 503.0, "r": 22.0}, "datetime": {"datetime": "2024-05-11 16:34:11", "elapsed": 5855.713826, "delta": 49.17474}}
{"target": 1.8350187235685167, "params": {"h": 18.0, "p": 741.0, "r": 53.0}, "datetime": {"datetime": "2024-05-11 16:34:46", "elapsed": 5890.529373, "delta": 34.815547}}
{"target": 6.106234699356979, "params": {"h": 58.0, "p": 557.0, "r": 147.0}, "datetime": {"datetime": "2024-05-11 16:35:06", "elapsed": 5910.363979, "delta": 19.834606}}
{"target": 4.0752427066494, "params": {"h": 60.0, "p": 626.0, "r": 144.0}, "datetime": {"datetime": "2024-05-11 16:35:28", "elapsed": 5932.522655, "delta": 22.158676}}
{"target": 0.1832942504887049, "params": {"h": 59.0, "p": 404.0, "r": 18.0}, "datetime": {"datetime": "2024-05-11 16:36:22", "elapsed": 5986.937471, "delta": 54.414816}}
{"target": 2.1326746188545997, "params": {"h": 60.0, "p": 689.0, "r": 97.0}, "datetime": {"datetime": "2024-05-11 16:36:53", "elapsed": 6017.947875, "delta": 31.010404}}
{"target": 2.7417209068975383, "params": {"h": 59.0, "p": 818.0, "r": 59.0}, "datetime": {"datetime": "2024-05-11 16:37:39", "elapsed": 6063.337884, "delta": 45.390009}}
{"target": 13.324203234643427, "params": {"h": 58.0, "p": 353.0, "r": 118.0}, "datetime": {"datetime": "2024-05-11 16:37:52", "elapsed": 6076.293722, "delta": 12.955838}}
{"target": 56.29428049393117, "params": {"h": 21.0, "p": 285.0, "r": 37.0}, "datetime": {"datetime": "2024-05-11 16:38:13", "elapsed": 6097.885807, "delta": 21.592085}}
{"target": 0.0, "params": {"h": 16.0, "p": 150.0, "r": 61.0}, "datetime": {"datetime": "2024-05-11 16:38:14", "elapsed": 6098.717396, "delta": 0.831589}}
{"target": 19.926710208528984, "params": {"h": 59.0, "p": 390.0, "r": 149.0}, "datetime": {"datetime": "2024-05-11 16:38:28", "elapsed": 6112.297139, "delta": 13.579743}}
{"target": 135.9341306419709, "params": {"h": 19.0, "p": 282.0, "r": 41.0}, "datetime": {"datetime": "2024-05-11 16:38:46", "elapsed": 6131.237604, "delta": 18.940465}}
{"target": 73.63856771979447, "params": {"h": 42.0, "p": 298.0, "r": 58.0}, "datetime": {"datetime": "2024-05-11 16:39:05", "elapsed": 6149.335797, "delta": 18.098193}}
{"target": 135.0875691799228, "params": {"h": 21.0, "p": 279.0, "r": 40.0}, "datetime": {"datetime": "2024-05-11 16:39:24", "elapsed": 6168.918052, "delta": 19.582255}}
{"target": 0.5546378058879149, "params": {"h": 16.0, "p": 997.0, "r": 95.0}, "datetime": {"datetime": "2024-05-11 16:40:26", "elapsed": 6231.266414, "delta": 62.348362}}
{"target": 170.27476740797144, "params": {"h": 22.0, "p": 328.0, "r": 40.0}, "datetime": {"datetime": "2024-05-11 16:40:48", "elapsed": 6252.341594, "delta": 21.07518}}
{"target": 102.13055183856794, "params": {"h": 29.0, "p": 266.0, "r": 50.0}, "datetime": {"datetime": "2024-05-11 16:41:05", "elapsed": 6269.589238, "delta": 17.247644}}
{"target": 77.92095013563515, "params": {"h": 36.0, "p": 263.0, "r": 51.0}, "datetime": {"datetime": "2024-05-11 16:41:24", "elapsed": 6288.339048, "delta": 18.74981}}
{"target": 73.17037582626097, "params": {"h": 23.0, "p": 259.0, "r": 50.0}, "datetime": {"datetime": "2024-05-11 16:41:40", "elapsed": 6304.933083, "delta": 16.594035}}
{"target": 46.237936155702826, "params": {"h": 34.0, "p": 252.0, "r": 45.0}, "datetime": {"datetime": "2024-05-11 16:42:00", "elapsed": 6324.479968, "delta": 19.546885}}
