{"target": 0.9782541186714738, "params": {"h": 26.0, "p": 886.0, "r": 122.0}, "datetime": {"datetime": "2024-05-19 06:52:57", "elapsed": 0.0, "delta": 0.0}}
{"target": 10.782344652300969, "params": {"h": 46.0, "p": 117.0, "r": 30.0}, "datetime": {"datetime": "2024-05-19 06:53:17", "elapsed": 19.879584, "delta": 19.879584}}
{"target": 0.05594334002230185, "params": {"h": 35.0, "p": 934.0, "r": 21.0}, "datetime": {"datetime": "2024-05-19 06:54:28", "elapsed": 91.474055, "delta": 71.594471}}
{"target": 0.0, "params": {"h": 51.0, "p": 207.0, "r": 150.0}, "datetime": {"datetime": "2024-05-19 06:54:28", "elapsed": 91.476057, "delta": 0.002002}}
{"target": 2.4326198544507474, "params": {"h": 56.0, "p": 637.0, "r": 86.0}, "datetime": {"datetime": "2024-05-19 06:55:00", "elapsed": 123.245114, "delta": 31.769057}}
{"target": 6.349105676605895, "params": {"h": 50.0, "p": 472.0, "r": 129.0}, "datetime": {"datetime": "2024-05-19 06:55:18", "elapsed": 140.721563, "delta": 17.476449}}
{"target": 1.3434948608380417, "params": {"h": 32.0, "p": 782.0, "r": 82.0}, "datetime": {"datetime": "2024-05-19 06:55:55", "elapsed": 178.650929, "delta": 37.929366}}
{"target": 11.560509187030439, "params": {"h": 23.0, "p": 310.0, "r": 101.0}, "datetime": {"datetime": "2024-05-19 06:56:08", "elapsed": 191.466172, "delta": 12.815243}}
{"target": 4.060072671645515, "params": {"h": 39.0, "p": 695.0, "r": 42.0}, "datetime": {"datetime": "2024-05-19 06:56:48", "elapsed": 231.424468, "delta": 39.958296}}
{"target": 2.831428083203701, "params": {"h": 15.0, "p": 398.0, "r": 60.0}, "datetime": {"datetime": "2024-05-19 06:57:07", "elapsed": 250.416506, "delta": 18.992038}}
{"target": 7.141665726604697, "params": {"h": 51.0, "p": 471.0, "r": 131.0}, "datetime": {"datetime": "2024-05-19 06:57:24", "elapsed": 267.409502, "delta": 16.992996}}
{"target": 12.801645550268304, "params": {"h": 27.0, "p": 310.0, "r": 95.0}, "datetime": {"datetime": "2024-05-19 06:57:37", "elapsed": 280.601481, "delta": 13.191979}}
{"target": 14.378468060690293, "params": {"h": 27.0, "p": 301.0, "r": 89.0}, "datetime": {"datetime": "2024-05-19 06:57:52", "elapsed": 294.994566, "delta": 14.393085}}
{"target": 23.105340462553283, "params": {"h": 39.0, "p": 297.0, "r": 82.0}, "datetime": {"datetime": "2024-05-19 06:58:08", "elapsed": 311.04547, "delta": 16.050904}}
{"target": 28.961592552261052, "params": {"h": 46.0, "p": 295.0, "r": 79.0}, "datetime": {"datetime": "2024-05-19 06:58:25", "elapsed": 328.194778, "delta": 17.149308}}
{"target": 38.3947688994587, "params": {"h": 56.0, "p": 292.0, "r": 75.0}, "datetime": {"datetime": "2024-05-19 06:58:43", "elapsed": 346.077393, "delta": 17.882615}}
{"target": 51.650373001727615, "params": {"h": 60.0, "p": 287.0, "r": 68.0}, "datetime": {"datetime": "2024-05-19 06:59:03", "elapsed": 365.829093, "delta": 19.7517}}
{"target": 60.120836610342145, "params": {"h": 60.0, "p": 280.0, "r": 57.0}, "datetime": {"datetime": "2024-05-19 06:59:24", "elapsed": 387.091605, "delta": 21.262512}}
{"target": 29.149659554226606, "params": {"h": 60.0, "p": 289.0, "r": 47.0}, "datetime": {"datetime": "2024-05-19 06:59:49", "elapsed": 411.811049, "delta": 24.719444}}
{"target": 53.07709225638849, "params": {"h": 58.0, "p": 264.0, "r": 57.0}, "datetime": {"datetime": "2024-05-19 07:00:08", "elapsed": 431.09797, "delta": 19.286921}}
{"target": 58.208981505412815, "params": {"h": 60.0, "p": 276.0, "r": 62.0}, "datetime": {"datetime": "2024-05-19 07:00:27", "elapsed": 450.244593, "delta": 19.146623}}
{"target": 64.8212603587826, "params": {"h": 52.0, "p": 277.0, "r": 58.0}, "datetime": {"datetime": "2024-05-19 07:00:48", "elapsed": 471.552281, "delta": 21.307688}}
{"target": 81.043387419352, "params": {"h": 37.0, "p": 268.0, "r": 54.0}, "datetime": {"datetime": "2024-05-19 07:01:07", "elapsed": 490.445599, "delta": 18.893318}}
{"target": 100.81675941357479, "params": {"h": 28.0, "p": 263.0, "r": 50.0}, "datetime": {"datetime": "2024-05-19 07:01:26", "elapsed": 509.452121, "delta": 19.006522}}
{"target": 78.64619649460012, "params": {"h": 20.0, "p": 258.0, "r": 46.0}, "datetime": {"datetime": "2024-05-19 07:01:45", "elapsed": 527.667521, "delta": 18.2154}}
{"target": 68.23090769153687, "params": {"h": 24.0, "p": 269.0, "r": 51.0}, "datetime": {"datetime": "2024-05-19 07:02:04", "elapsed": 546.901865, "delta": 19.234344}}
{"target": 77.81505784413869, "params": {"h": 35.0, "p": 257.0, "r": 51.0}, "datetime": {"datetime": "2024-05-19 07:02:23", "elapsed": 566.234228, "delta": 19.332363}}
{"target": 33.080180280109424, "params": {"h": 35.0, "p": 266.0, "r": 43.0}, "datetime": {"datetime": "2024-05-19 07:02:47", "elapsed": 589.96798, "delta": 23.733752}}
{"target": 79.75364187314024, "params": {"h": 25.0, "p": 261.0, "r": 51.0}, "datetime": {"datetime": "2024-05-19 07:03:05", "elapsed": 607.696435, "delta": 17.728455}}
{"target": 91.69081969939926, "params": {"h": 31.0, "p": 264.0, "r": 52.0}, "datetime": {"datetime": "2024-05-19 07:03:24", "elapsed": 627.261479, "delta": 19.565044}}
{"target": 110.79134375418064, "params": {"h": 25.0, "p": 263.0, "r": 44.0}, "datetime": {"datetime": "2024-05-19 07:03:43", "elapsed": 646.579599, "delta": 19.31812}}
{"target": 53.45185374738094, "params": {"h": 26.0, "p": 258.0, "r": 41.0}, "datetime": {"datetime": "2024-05-19 07:04:03", "elapsed": 666.09103, "delta": 19.511431}}
{"target": 163.0643370942377, "params": {"h": 18.0, "p": 264.0, "r": 39.0}, "datetime": {"datetime": "2024-05-19 07:04:24", "elapsed": 687.376956, "delta": 21.285926}}
{"target": 37.93897840004719, "params": {"h": 20.0, "p": 267.0, "r": 35.0}, "datetime": {"datetime": "2024-05-19 07:04:45", "elapsed": 707.84156, "delta": 20.464604}}
{"target": 64.60570116854606, "params": {"h": 36.0, "p": 261.0, "r": 59.0}, "datetime": {"datetime": "2024-05-19 07:05:02", "elapsed": 725.638329, "delta": 17.796769}}
{"target": 86.06338584282338, "params": {"h": 17.0, "p": 261.0, "r": 41.0}, "datetime": {"datetime": "2024-05-19 07:05:22", "elapsed": 744.841543, "delta": 19.203214}}
{"target": 146.3082734762198, "params": {"h": 20.0, "p": 265.0, "r": 40.0}, "datetime": {"datetime": "2024-05-19 07:05:40", "elapsed": 763.276989, "delta": 18.435446}}
{"target": 64.40085822015631, "params": {"h": 43.0, "p": 261.0, "r": 54.0}, "datetime": {"datetime": "2024-05-19 07:05:58", "elapsed": 781.427796, "delta": 18.150807}}
{"target": 106.35161644244371, "params": {"h": 22.0, "p": 264.0, "r": 46.0}, "datetime": {"datetime": "2024-05-19 07:06:16", "elapsed": 799.145393, "delta": 17.717597}}
{"target": 122.35658641988186, "params": {"h": 20.0, "p": 263.0, "r": 39.0}, "datetime": {"datetime": "2024-05-19 07:06:35", "elapsed": 818.56654, "delta": 19.421147}}
{"target": 56.501516707871914, "params": {"h": 17.0, "p": 264.0, "r": 43.0}, "datetime": {"datetime": "2024-05-19 07:06:54", "elapsed": 836.898917, "delta": 18.332377}}
{"target": 114.55164046439407, "params": {"h": 23.0, "p": 266.0, "r": 42.0}, "datetime": {"datetime": "2024-05-19 07:07:15", "elapsed": 857.840352, "delta": 20.941435}}
{"target": 140.9981351530342, "params": {"h": 20.0, "p": 274.0, "r": 42.0}, "datetime": {"datetime": "2024-05-19 07:07:34", "elapsed": 877.333877, "delta": 19.493525}}
{"target": 107.93304287175683, "params": {"h": 17.0, "p": 267.0, "r": 40.0}, "datetime": {"datetime": "2024-05-19 07:07:54", "elapsed": 897.000627, "delta": 19.66675}}
{"target": 117.79143571801023, "params": {"h": 22.0, "p": 276.0, "r": 45.0}, "datetime": {"datetime": "2024-05-19 07:08:12", "elapsed": 915.633191, "delta": 18.632564}}
{"target": 96.17660904831739, "params": {"h": 19.0, "p": 271.0, "r": 43.0}, "datetime": {"datetime": "2024-05-19 07:08:32", "elapsed": 934.986055, "delta": 19.352864}}
{"target": 129.51959762398593, "params": {"h": 21.0, "p": 275.0, "r": 40.0}, "datetime": {"datetime": "2024-05-19 07:08:52", "elapsed": 955.619292, "delta": 20.633237}}
{"target": 66.17537934826956, "params": {"h": 24.0, "p": 275.0, "r": 40.0}, "datetime": {"datetime": "2024-05-19 07:09:14", "elapsed": 976.856019, "delta": 21.236727}}
{"target": 177.85955244494747, "params": {"h": 15.0, "p": 264.0, "r": 35.0}, "datetime": {"datetime": "2024-05-19 07:09:34", "elapsed": 997.488979, "delta": 20.63296}}
{"target": 123.82994864812783, "params": {"h": 16.0, "p": 264.0, "r": 38.0}, "datetime": {"datetime": "2024-05-19 07:09:53", "elapsed": 1015.839543, "delta": 18.350564}}
{"target": 106.10153233801067, "params": {"h": 17.0, "p": 262.0, "r": 35.0}, "datetime": {"datetime": "2024-05-19 07:10:13", "elapsed": 1035.9419, "delta": 20.102357}}
{"target": 140.99187757774644, "params": {"h": 19.0, "p": 274.0, "r": 41.0}, "datetime": {"datetime": "2024-05-19 07:10:33", "elapsed": 1056.265124, "delta": 20.323224}}
{"target": 23.62401175996409, "params": {"h": 16.0, "p": 277.0, "r": 46.0}, "datetime": {"datetime": "2024-05-19 07:10:51", "elapsed": 1074.239777, "delta": 17.974653}}
{"target": 90.17869801752423, "params": {"h": 19.0, "p": 277.0, "r": 43.0}, "datetime": {"datetime": "2024-05-19 07:11:10", "elapsed": 1093.663687, "delta": 19.42391}}
{"target": 139.03080735288478, "params": {"h": 19.0, "p": 275.0, "r": 38.0}, "datetime": {"datetime": "2024-05-19 07:11:30", "elapsed": 1112.668165, "delta": 19.004478}}
{"target": 16.862428766933707, "params": {"h": 22.0, "p": 280.0, "r": 34.0}, "datetime": {"datetime": "2024-05-19 07:11:52", "elapsed": 1134.704501, "delta": 22.036336}}
{"target": 119.90092537180215, "params": {"h": 16.0, "p": 268.0, "r": 34.0}, "datetime": {"datetime": "2024-05-19 07:12:13", "elapsed": 1156.032081, "delta": 21.32758}}
{"target": 130.08617527531123, "params": {"h": 23.0, "p": 272.0, "r": 45.0}, "datetime": {"datetime": "2024-05-19 07:12:33", "elapsed": 1175.989752, "delta": 19.957671}}
{"target": 116.20844548715169, "params": {"h": 28.0, "p": 276.0, "r": 47.0}, "datetime": {"datetime": "2024-05-19 07:12:53", "elapsed": 1196.522875, "delta": 20.533123}}
{"target": 70.82035084074208, "params": {"h": 29.0, "p": 271.0, "r": 44.0}, "datetime": {"datetime": "2024-05-19 07:13:15", "elapsed": 1217.714933, "delta": 21.192058}}
{"target": 69.05446537208468, "params": {"h": 35.0, "p": 278.0, "r": 47.0}, "datetime": {"datetime": "2024-05-19 07:13:34", "elapsed": 1237.428709, "delta": 19.713776}}
{"target": 13.487382438026227, "params": {"h": 15.0, "p": 265.0, "r": 28.0}, "datetime": {"datetime": "2024-05-19 07:13:57", "elapsed": 1260.03749, "delta": 22.608781}}
{"target": 81.36407451120682, "params": {"h": 26.0, "p": 275.0, "r": 51.0}, "datetime": {"datetime": "2024-05-19 07:14:15", "elapsed": 1278.262244, "delta": 18.224754}}
{"target": 124.17761494499544, "params": {"h": 15.0, "p": 279.0, "r": 36.0}, "datetime": {"datetime": "2024-05-19 07:14:36", "elapsed": 1298.978693, "delta": 20.716449}}
{"target": 90.61889984763992, "params": {"h": 24.0, "p": 286.0, "r": 48.0}, "datetime": {"datetime": "2024-05-19 07:14:55", "elapsed": 1318.242038, "delta": 19.263345}}
{"target": 158.51907155792964, "params": {"h": 17.0, "p": 275.0, "r": 36.0}, "datetime": {"datetime": "2024-05-19 07:15:17", "elapsed": 1340.619644, "delta": 22.377606}}
{"target": 150.88337868867836, "params": {"h": 16.0, "p": 278.0, "r": 37.0}, "datetime": {"datetime": "2024-05-19 07:15:39", "elapsed": 1362.373733, "delta": 21.754089}}
{"target": 163.71232932828045, "params": {"h": 18.0, "p": 278.0, "r": 39.0}, "datetime": {"datetime": "2024-05-19 07:15:58", "elapsed": 1381.580184, "delta": 19.206451}}
{"target": 123.04269584319523, "params": {"h": 17.0, "p": 280.0, "r": 39.0}, "datetime": {"datetime": "2024-05-19 07:16:19", "elapsed": 1402.578292, "delta": 20.998108}}
{"target": 117.60763637216714, "params": {"h": 27.0, "p": 281.0, "r": 48.0}, "datetime": {"datetime": "2024-05-19 07:16:40", "elapsed": 1422.746342, "delta": 20.16805}}
{"target": 77.79276357465618, "params": {"h": 29.0, "p": 283.0, "r": 44.0}, "datetime": {"datetime": "2024-05-19 07:17:00", "elapsed": 1442.921172, "delta": 20.17483}}
{"target": 90.84196943198411, "params": {"h": 28.0, "p": 285.0, "r": 51.0}, "datetime": {"datetime": "2024-05-19 07:17:19", "elapsed": 1462.124604, "delta": 19.203432}}
{"target": 46.95323879238597, "params": {"h": 23.0, "p": 281.0, "r": 52.0}, "datetime": {"datetime": "2024-05-19 07:17:37", "elapsed": 1479.813887, "delta": 17.689283}}
{"target": 118.01215144492731, "params": {"h": 30.0, "p": 297.0, "r": 49.0}, "datetime": {"datetime": "2024-05-19 07:17:57", "elapsed": 1500.136323, "delta": 20.322436}}
{"target": 116.75166804108835, "params": {"h": 16.0, "p": 273.0, "r": 38.0}, "datetime": {"datetime": "2024-05-19 07:18:16", "elapsed": 1519.643143, "delta": 19.50682}}
{"target": 132.49093541518923, "params": {"h": 27.0, "p": 293.0, "r": 46.0}, "datetime": {"datetime": "2024-05-19 07:18:37", "elapsed": 1540.316568, "delta": 20.673425}}
{"target": 117.56710999034628, "params": {"h": 30.0, "p": 294.0, "r": 47.0}, "datetime": {"datetime": "2024-05-19 07:18:57", "elapsed": 1560.424813, "delta": 20.108245}}
{"target": 80.54402291884861, "params": {"h": 26.0, "p": 294.0, "r": 50.0}, "datetime": {"datetime": "2024-05-19 07:19:17", "elapsed": 1580.048105, "delta": 19.623292}}
{"target": 30.76981625202779, "params": {"h": 17.0, "p": 276.0, "r": 32.0}, "datetime": {"datetime": "2024-05-19 07:19:38", "elapsed": 1600.983917, "delta": 20.935812}}
{"target": 68.11909485521427, "params": {"h": 29.0, "p": 291.0, "r": 43.0}, "datetime": {"datetime": "2024-05-19 07:20:00", "elapsed": 1622.876297, "delta": 21.89238}}
{"target": 81.27620077523345, "params": {"h": 23.0, "p": 299.0, "r": 47.0}, "datetime": {"datetime": "2024-05-19 07:20:19", "elapsed": 1642.167544, "delta": 19.291247}}
{"target": 80.06550797453231, "params": {"h": 16.0, "p": 277.0, "r": 39.0}, "datetime": {"datetime": "2024-05-19 07:20:39", "elapsed": 1662.114277, "delta": 19.946733}}
{"target": 79.6363207505212, "params": {"h": 34.0, "p": 299.0, "r": 46.0}, "datetime": {"datetime": "2024-05-19 07:21:01", "elapsed": 1683.870015, "delta": 21.755738}}
{"target": 135.87194834394958, "params": {"h": 24.0, "p": 296.0, "r": 45.0}, "datetime": {"datetime": "2024-05-19 07:21:22", "elapsed": 1704.783109, "delta": 20.913094}}
{"target": 124.70349403148616, "params": {"h": 24.0, "p": 279.0, "r": 46.0}, "datetime": {"datetime": "2024-05-19 07:21:41", "elapsed": 1723.933267, "delta": 19.150158}}
{"target": 60.95208610443116, "params": {"h": 19.0, "p": 293.0, "r": 44.0}, "datetime": {"datetime": "2024-05-19 07:21:59", "elapsed": 1741.965233, "delta": 18.031966}}
{"target": 173.66437007656936, "params": {"h": 18.0, "p": 280.0, "r": 38.0}, "datetime": {"datetime": "2024-05-19 07:22:20", "elapsed": 1763.205588, "delta": 21.240355}}
{"target": 130.37132065797695, "params": {"h": 28.0, "p": 298.0, "r": 47.0}, "datetime": {"datetime": "2024-05-19 07:22:40", "elapsed": 1783.663355, "delta": 20.457767}}
{"target": 42.8182942414026, "params": {"h": 29.0, "p": 298.0, "r": 41.0}, "datetime": {"datetime": "2024-05-19 07:23:03", "elapsed": 1806.274349, "delta": 22.610994}}
{"target": 126.31350562029371, "params": {"h": 32.0, "p": 310.0, "r": 48.0}, "datetime": {"datetime": "2024-05-19 07:23:26", "elapsed": 1829.006547, "delta": 22.732198}}
{"target": 49.603772631983404, "params": {"h": 24.0, "p": 308.0, "r": 50.0}, "datetime": {"datetime": "2024-05-19 07:23:45", "elapsed": 1848.131315, "delta": 19.124768}}
{"target": 179.81828798949743, "params": {"h": 16.0, "p": 267.0, "r": 36.0}, "datetime": {"datetime": "2024-05-19 07:24:05", "elapsed": 1868.353866, "delta": 20.222551}}
{"target": 126.64350632955284, "params": {"h": 30.0, "p": 305.0, "r": 48.0}, "datetime": {"datetime": "2024-05-19 07:24:26", "elapsed": 1889.234724, "delta": 20.880858}}
{"target": 73.70967688437953, "params": {"h": 19.0, "p": 277.0, "r": 36.0}, "datetime": {"datetime": "2024-05-19 07:24:46", "elapsed": 1909.269656, "delta": 20.034932}}
{"target": 113.78568856950888, "params": {"h": 29.0, "p": 303.0, "r": 45.0}, "datetime": {"datetime": "2024-05-19 07:25:08", "elapsed": 1931.41282, "delta": 22.143164}}
{"target": 130.3415855506783, "params": {"h": 30.0, "p": 312.0, "r": 46.0}, "datetime": {"datetime": "2024-05-19 07:25:31", "elapsed": 1954.085175, "delta": 22.672355}}
{"target": 123.18027690247357, "params": {"h": 32.0, "p": 307.0, "r": 48.0}, "datetime": {"datetime": "2024-05-19 07:25:54", "elapsed": 1977.320681, "delta": 23.235506}}
{"target": 134.0089762285254, "params": {"h": 21.0, "p": 278.0, "r": 40.0}, "datetime": {"datetime": "2024-05-19 07:26:15", "elapsed": 1998.556643, "delta": 21.235962}}
{"target": 100.96930168781087, "params": {"h": 29.0, "p": 307.0, "r": 44.0}, "datetime": {"datetime": "2024-05-19 07:26:37", "elapsed": 2020.377113, "delta": 21.82047}}
{"target": 98.85459726839991, "params": {"h": 15.0, "p": 270.0, "r": 37.0}, "datetime": {"datetime": "2024-05-19 07:26:59", "elapsed": 2042.056583, "delta": 21.67947}}
{"target": 123.94875525224569, "params": {"h": 30.0, "p": 301.0, "r": 47.0}, "datetime": {"datetime": "2024-05-19 07:27:20", "elapsed": 2063.051781, "delta": 20.995198}}
{"target": 80.10915517785243, "params": {"h": 29.0, "p": 310.0, "r": 51.0}, "datetime": {"datetime": "2024-05-19 07:27:41", "elapsed": 2083.976882, "delta": 20.925101}}
{"target": 90.74240837043533, "params": {"h": 35.0, "p": 304.0, "r": 47.0}, "datetime": {"datetime": "2024-05-19 07:28:01", "elapsed": 2104.13981, "delta": 20.162928}}
{"target": 80.75153954001564, "params": {"h": 33.0, "p": 310.0, "r": 45.0}, "datetime": {"datetime": "2024-05-19 07:28:23", "elapsed": 2126.301493, "delta": 22.161683}}
{"target": 91.94411930502807, "params": {"h": 32.0, "p": 304.0, "r": 52.0}, "datetime": {"datetime": "2024-05-19 07:28:43", "elapsed": 2146.534487, "delta": 20.232994}}
{"target": 113.02162415377416, "params": {"h": 26.0, "p": 279.0, "r": 44.0}, "datetime": {"datetime": "2024-05-19 07:29:03", "elapsed": 2165.928943, "delta": 19.394456}}
{"target": 130.69852613268603, "params": {"h": 26.0, "p": 312.0, "r": 46.0}, "datetime": {"datetime": "2024-05-19 07:29:24", "elapsed": 2187.354727, "delta": 21.425784}}
{"target": 133.60370983268368, "params": {"h": 29.0, "p": 316.0, "r": 47.0}, "datetime": {"datetime": "2024-05-19 07:29:47", "elapsed": 2209.906751, "delta": 22.552024}}
{"target": 179.5632869267603, "params": {"h": 16.0, "p": 266.0, "r": 36.0}, "datetime": {"datetime": "2024-05-19 07:30:07", "elapsed": 2230.195807, "delta": 20.289056}}
{"target": 57.50874349733929, "params": {"h": 30.0, "p": 318.0, "r": 53.0}, "datetime": {"datetime": "2024-05-19 07:30:28", "elapsed": 2251.13077, "delta": 20.934963}}
{"target": 143.6819603226497, "params": {"h": 28.0, "p": 317.0, "r": 45.0}, "datetime": {"datetime": "2024-05-19 07:30:49", "elapsed": 2272.071979, "delta": 20.941209}}
{"target": 130.07303445786715, "params": {"h": 32.0, "p": 324.0, "r": 46.0}, "datetime": {"datetime": "2024-05-19 07:31:13", "elapsed": 2295.720494, "delta": 23.648515}}
{"target": 104.78451553560356, "params": {"h": 31.0, "p": 327.0, "r": 49.0}, "datetime": {"datetime": "2024-05-19 07:31:32", "elapsed": 2315.308485, "delta": 19.587991}}
{"target": 102.69350852986653, "params": {"h": 26.0, "p": 317.0, "r": 47.0}, "datetime": {"datetime": "2024-05-19 07:31:52", "elapsed": 2335.625494, "delta": 20.317009}}
{"target": 147.39494800162632, "params": {"h": 28.0, "p": 321.0, "r": 45.0}, "datetime": {"datetime": "2024-05-19 07:32:15", "elapsed": 2357.854329, "delta": 22.228835}}
{"target": 125.09246297112207, "params": {"h": 30.0, "p": 319.0, "r": 45.0}, "datetime": {"datetime": "2024-05-19 07:32:39", "elapsed": 2381.997748, "delta": 24.143419}}
{"target": 65.7838649188671, "params": {"h": 38.0, "p": 325.0, "r": 45.0}, "datetime": {"datetime": "2024-05-19 07:33:03", "elapsed": 2405.934731, "delta": 23.936983}}
{"target": 160.96905534683313, "params": {"h": 25.0, "p": 323.0, "r": 43.0}, "datetime": {"datetime": "2024-05-19 07:33:26", "elapsed": 2429.006516, "delta": 23.071785}}
{"target": 100.4282433328267, "params": {"h": 26.0, "p": 327.0, "r": 41.0}, "datetime": {"datetime": "2024-05-19 07:33:50", "elapsed": 2452.855771, "delta": 23.849255}}
{"target": 162.53628477762535, "params": {"h": 18.0, "p": 265.0, "r": 38.0}, "datetime": {"datetime": "2024-05-19 07:34:09", "elapsed": 2471.884393, "delta": 19.028622}}
{"target": 94.78072806578706, "params": {"h": 26.0, "p": 324.0, "r": 41.0}, "datetime": {"datetime": "2024-05-19 07:34:32", "elapsed": 2494.803279, "delta": 22.918886}}
{"target": 90.33035870788223, "params": {"h": 21.0, "p": 323.0, "r": 43.0}, "datetime": {"datetime": "2024-05-19 07:34:55", "elapsed": 2517.969032, "delta": 23.165753}}
{"target": 136.94554753632636, "params": {"h": 29.0, "p": 329.0, "r": 44.0}, "datetime": {"datetime": "2024-05-19 07:35:19", "elapsed": 2542.246742, "delta": 24.27771}}
{"target": 90.88466162730701, "params": {"h": 30.0, "p": 325.0, "r": 43.0}, "datetime": {"datetime": "2024-05-19 07:35:42", "elapsed": 2564.899531, "delta": 22.652789}}
{"target": 138.91781583629614, "params": {"h": 27.0, "p": 315.0, "r": 44.0}, "datetime": {"datetime": "2024-05-19 07:36:02", "elapsed": 2585.19083, "delta": 20.291299}}
{"target": 179.8698434322103, "params": {"h": 17.0, "p": 282.0, "r": 37.0}, "datetime": {"datetime": "2024-05-19 07:36:23", "elapsed": 2605.877833, "delta": 20.687003}}
{"target": 142.28962082656585, "params": {"h": 27.0, "p": 331.0, "r": 45.0}, "datetime": {"datetime": "2024-05-19 07:36:45", "elapsed": 2628.159996, "delta": 22.282163}}
{"target": 107.08104238557047, "params": {"h": 20.0, "p": 285.0, "r": 38.0}, "datetime": {"datetime": "2024-05-19 07:37:07", "elapsed": 2650.372722, "delta": 22.212726}}
{"target": 131.82625323202583, "params": {"h": 24.0, "p": 320.0, "r": 41.0}, "datetime": {"datetime": "2024-05-19 07:37:30", "elapsed": 2673.09955, "delta": 22.726828}}
