{"target": 140.66716507163437, "params": {"h": 25.0, "p": 330.0, "r": 44.0}, "datetime": {"datetime": "2024-05-19 07:37:53", "elapsed": 2696.050599, "delta": 22.951049}}
{"target": 145.35599637267325, "params": {"h": 26.0, "p": 336.0, "r": 44.0}, "datetime": {"datetime": "2024-05-19 07:38:16", "elapsed": 2718.69263, "delta": 22.642031}}
{"target": 124.7966141729736, "params": {"h": 27.0, "p": 333.0, "r": 42.0}, "datetime": {"datetime": "2024-05-19 07:38:38", "elapsed": 2741.005085, "delta": 22.312455}}
{"target": 116.66430092860604, "params": {"h": 16.0, "p": 264.0, "r": 34.0}, "datetime": {"datetime": "2024-05-19 07:38:59", "elapsed": 2761.837835, "delta": 20.83275}}
{"target": 179.32646274773495, "params": {"h": 16.0, "p": 285.0, "r": 36.0}, "datetime": {"datetime": "2024-05-19 07:39:21", "elapsed": 2783.98233, "delta": 22.144495}}
{"target": 85.11387852480084, "params": {"h": 24.0, "p": 334.0, "r": 45.0}, "datetime": {"datetime": "2024-05-19 07:39:43", "elapsed": 2806.309836, "delta": 22.327506}}
{"target": 116.77054738164755, "params": {"h": 17.0, "p": 285.0, "r": 39.0}, "datetime": {"datetime": "2024-05-19 07:40:04", "elapsed": 2827.152849, "delta": 20.843013}}
{"target": 75.07396997019138, "params": {"h": 25.0, "p": 326.0, "r": 47.0}, "datetime": {"datetime": "2024-05-19 07:40:26", "elapsed": 2849.497487, "delta": 22.344638}}
{"target": 31.429294474951206, "params": {"h": 17.0, "p": 289.0, "r": 32.0}, "datetime": {"datetime": "2024-05-19 07:40:48", "elapsed": 2870.945937, "delta": 21.44845}}
{"target": 179.68291608482303, "params": {"h": 17.0, "p": 281.0, "r": 37.0}, "datetime": {"datetime": "2024-05-19 07:41:10", "elapsed": 2892.932563, "delta": 21.986626}}
{"target": 113.69731921790357, "params": {"h": 28.0, "p": 338.0, "r": 46.0}, "datetime": {"datetime": "2024-05-19 07:41:33", "elapsed": 2916.039898, "delta": 23.107335}}
{"target": 177.93106032457922, "params": {"h": 16.0, "p": 285.0, "r": 35.0}, "datetime": {"datetime": "2024-05-19 07:41:54", "elapsed": 2936.908008, "delta": 20.86811}}
{"target": 153.3676476376388, "params": {"h": 25.0, "p": 318.0, "r": 44.0}, "datetime": {"datetime": "2024-05-19 07:42:16", "elapsed": 2958.863845, "delta": 21.955837}}
{"target": 145.19868006387114, "params": {"h": 31.0, "p": 332.0, "r": 46.0}, "datetime": {"datetime": "2024-05-19 07:42:38", "elapsed": 2981.089787, "delta": 22.225942}}
{"target": 106.72124728554829, "params": {"h": 33.0, "p": 335.0, "r": 49.0}, "datetime": {"datetime": "2024-05-19 07:43:00", "elapsed": 3003.104271, "delta": 22.014484}}
{"target": 48.37980710965417, "params": {"h": 17.0, "p": 282.0, "r": 33.0}, "datetime": {"datetime": "2024-05-19 07:43:23", "elapsed": 3026.368254, "delta": 23.263983}}
{"target": 119.71126797027165, "params": {"h": 31.0, "p": 333.0, "r": 44.0}, "datetime": {"datetime": "2024-05-19 07:43:48", "elapsed": 3051.215259, "delta": 24.847005}}
{"target": 147.91574280614094, "params": {"h": 24.0, "p": 310.0, "r": 42.0}, "datetime": {"datetime": "2024-05-19 07:44:11", "elapsed": 3073.895114, "delta": 22.679855}}
{"target": 87.70985852243183, "params": {"h": 28.0, "p": 338.0, "r": 41.0}, "datetime": {"datetime": "2024-05-19 07:44:35", "elapsed": 3098.444377, "delta": 24.549263}}
{"target": 57.723439250266395, "params": {"h": 26.0, "p": 312.0, "r": 40.0}, "datetime": {"datetime": "2024-05-19 07:45:00", "elapsed": 3123.561184, "delta": 25.116807}}
{"target": 107.85871135267865, "params": {"h": 20.0, "p": 310.0, "r": 42.0}, "datetime": {"datetime": "2024-05-19 07:45:23", "elapsed": 3146.397892, "delta": 22.836708}}
{"target": 34.60801233596967, "params": {"h": 22.0, "p": 341.0, "r": 46.0}, "datetime": {"datetime": "2024-05-19 07:45:44", "elapsed": 3167.077391, "delta": 20.679499}}
{"target": 73.33547241350463, "params": {"h": 23.0, "p": 305.0, "r": 39.0}, "datetime": {"datetime": "2024-05-19 07:46:05", "elapsed": 3188.374445, "delta": 21.297054}}
{"target": 81.27258487591783, "params": {"h": 28.0, "p": 333.0, "r": 48.0}, "datetime": {"datetime": "2024-05-19 07:46:28", "elapsed": 3211.002791, "delta": 22.628346}}
{"target": 76.87533932976812, "params": {"h": 40.0, "p": 337.0, "r": 45.0}, "datetime": {"datetime": "2024-05-19 07:46:53", "elapsed": 3235.897324, "delta": 24.894533}}
{"target": 44.46049519815092, "params": {"h": 19.0, "p": 315.0, "r": 44.0}, "datetime": {"datetime": "2024-05-19 07:47:13", "elapsed": 3256.015865, "delta": 20.118541}}
{"target": 167.08053217322478, "params": {"h": 17.0, "p": 284.0, "r": 36.0}, "datetime": {"datetime": "2024-05-19 07:47:34", "elapsed": 3277.036577, "delta": 21.020712}}
{"target": 24.040415778930143, "params": {"h": 33.0, "p": 339.0, "r": 58.0}, "datetime": {"datetime": "2024-05-19 07:47:55", "elapsed": 3297.695095, "delta": 20.658518}}
{"target": 108.48497836436776, "params": {"h": 37.0, "p": 317.0, "r": 48.0}, "datetime": {"datetime": "2024-05-19 07:48:19", "elapsed": 3321.787339, "delta": 24.092244}}
{"target": 84.13503424167875, "params": {"h": 27.0, "p": 302.0, "r": 50.0}, "datetime": {"datetime": "2024-05-19 07:48:38", "elapsed": 3340.929083, "delta": 19.141744}}
{"target": 61.1923173338207, "params": {"h": 30.0, "p": 318.0, "r": 42.0}, "datetime": {"datetime": "2024-05-19 07:49:02", "elapsed": 3365.551946, "delta": 24.622863}}
{"target": 147.141939699211, "params": {"h": 26.0, "p": 320.0, "r": 43.0}, "datetime": {"datetime": "2024-05-19 07:49:26", "elapsed": 3388.902129, "delta": 23.350183}}
{"target": 114.44844051955832, "params": {"h": 36.0, "p": 332.0, "r": 46.0}, "datetime": {"datetime": "2024-05-19 07:49:50", "elapsed": 3412.665783, "delta": 23.763654}}
{"target": 71.9029974446877, "params": {"h": 36.0, "p": 330.0, "r": 53.0}, "datetime": {"datetime": "2024-05-19 07:50:12", "elapsed": 3435.294165, "delta": 22.628382}}
{"target": 98.43817773124468, "params": {"h": 41.0, "p": 311.0, "r": 50.0}, "datetime": {"datetime": "2024-05-19 07:50:36", "elapsed": 3458.689752, "delta": 23.395587}}
{"target": 149.43800282870728, "params": {"h": 18.0, "p": 281.0, "r": 37.0}, "datetime": {"datetime": "2024-05-19 07:50:57", "elapsed": 3480.191063, "delta": 21.501311}}
{"target": 152.830945185914, "params": {"h": 25.0, "p": 320.0, "r": 44.0}, "datetime": {"datetime": "2024-05-19 07:51:19", "elapsed": 3501.852357, "delta": 21.661294}}
{"target": 23.43766609742029, "params": {"h": 24.0, "p": 331.0, "r": 36.0}, "datetime": {"datetime": "2024-05-19 07:51:44", "elapsed": 3526.71369, "delta": 24.861333}}
{"target": 122.94795890510764, "params": {"h": 33.0, "p": 320.0, "r": 49.0}, "datetime": {"datetime": "2024-05-19 07:52:06", "elapsed": 3549.482279, "delta": 22.768589}}
{"target": 141.04400908426913, "params": {"h": 28.0, "p": 322.0, "r": 46.0}, "datetime": {"datetime": "2024-05-19 07:52:29", "elapsed": 3572.433569, "delta": 22.95129}}
{"target": 108.5896724972093, "params": {"h": 34.0, "p": 321.0, "r": 46.0}, "datetime": {"datetime": "2024-05-19 07:52:51", "elapsed": 3593.842071, "delta": 21.408502}}
{"target": 79.64383588141781, "params": {"h": 43.0, "p": 317.0, "r": 56.0}, "datetime": {"datetime": "2024-05-19 07:53:11", "elapsed": 3613.993493, "delta": 20.151422}}
{"target": 41.8731070975199, "params": {"h": 51.0, "p": 307.0, "r": 47.0}, "datetime": {"datetime": "2024-05-19 07:53:37", "elapsed": 3640.151184, "delta": 26.157691}}
{"target": 9.601364762714919, "params": {"h": 36.0, "p": 353.0, "r": 138.0}, "datetime": {"datetime": "2024-05-19 07:53:51", "elapsed": 3654.118801, "delta": 13.967617}}
{"target": 1.2200745654351488, "params": {"h": 48.0, "p": 538.0, "r": 33.0}, "datetime": {"datetime": "2024-05-19 07:54:31", "elapsed": 3693.837094, "delta": 39.718293}}
{"target": 0.8482037399398635, "params": {"h": 40.0, "p": 753.0, "r": 34.0}, "datetime": {"datetime": "2024-05-19 07:55:23", "elapsed": 3746.401408, "delta": 52.564314}}
{"target": 85.55963992769429, "params": {"h": 37.0, "p": 291.0, "r": 55.0}, "datetime": {"datetime": "2024-05-19 07:55:43", "elapsed": 3766.401074, "delta": 19.999666}}
{"target": 4.008865312024413, "params": {"h": 35.0, "p": 467.0, "r": 74.0}, "datetime": {"datetime": "2024-05-19 07:56:07", "elapsed": 3789.94757, "delta": 23.546496}}
{"target": 0.0, "params": {"h": 34.0, "p": 160.0, "r": 66.0}, "datetime": {"datetime": "2024-05-19 07:56:07", "elapsed": 3790.552154, "delta": 0.604584}}
{"target": 127.86496358353237, "params": {"h": 32.0, "p": 316.0, "r": 47.0}, "datetime": {"datetime": "2024-05-19 07:56:29", "elapsed": 3812.145547, "delta": 21.593393}}
{"target": 155.04267884469877, "params": {"h": 16.0, "p": 267.0, "r": 37.0}, "datetime": {"datetime": "2024-05-19 07:56:49", "elapsed": 3832.082335, "delta": 19.936788}}
{"target": 2.0209147569085832, "params": {"h": 22.0, "p": 554.0, "r": 90.0}, "datetime": {"datetime": "2024-05-19 07:57:13", "elapsed": 3856.472032, "delta": 24.389697}}
{"target": 1.7281018513602626, "params": {"h": 43.0, "p": 838.0, "r": 66.0}, "datetime": {"datetime": "2024-05-19 07:58:00", "elapsed": 3903.138834, "delta": 46.666802}}
{"target": 155.6446681650016, "params": {"h": 23.0, "p": 308.0, "r": 43.0}, "datetime": {"datetime": "2024-05-19 07:58:21", "elapsed": 3924.463663, "delta": 21.324829}}
{"target": 0.22675584205235136, "params": {"h": 29.0, "p": 631.0, "r": 24.0}, "datetime": {"datetime": "2024-05-19 07:59:05", "elapsed": 3968.463669, "delta": 44.000006}}
{"target": 0.798952474822765, "params": {"h": 18.0, "p": 955.0, "r": 121.0}, "datetime": {"datetime": "2024-05-19 08:00:04", "elapsed": 4026.748156, "delta": 58.284487}}
{"target": 136.86230724196633, "params": {"h": 33.0, "p": 329.0, "r": 47.0}, "datetime": {"datetime": "2024-05-19 08:00:26", "elapsed": 4049.074861, "delta": 22.326705}}
{"target": 2.513278279915653, "params": {"h": 28.0, "p": 650.0, "r": 139.0}, "datetime": {"datetime": "2024-05-19 08:00:55", "elapsed": 4078.141988, "delta": 29.067127}}
{"target": 1.0557683526221724, "params": {"h": 57.0, "p": 982.0, "r": 83.0}, "datetime": {"datetime": "2024-05-19 08:02:02", "elapsed": 4145.065728, "delta": 66.92374}}
{"target": 1.4240571722401616, "params": {"h": 39.0, "p": 814.0, "r": 138.0}, "datetime": {"datetime": "2024-05-19 08:02:40", "elapsed": 4182.966831, "delta": 37.901103}}
{"target": 3.176516332172122, "params": {"h": 55.0, "p": 746.0, "r": 137.0}, "datetime": {"datetime": "2024-05-19 08:03:12", "elapsed": 4215.072163, "delta": 32.105332}}
{"target": 119.36127286925299, "params": {"h": 35.0, "p": 313.0, "r": 49.0}, "datetime": {"datetime": "2024-05-19 08:03:35", "elapsed": 4238.311414, "delta": 23.239251}}
{"target": 0.0, "params": {"h": 29.0, "p": 132.0, "r": 132.0}, "datetime": {"datetime": "2024-05-19 08:03:36", "elapsed": 4238.868945, "delta": 0.557531}}
{"target": 143.46269800644745, "params": {"h": 26.0, "p": 307.0, "r": 44.0}, "datetime": {"datetime": "2024-05-19 08:03:58", "elapsed": 4260.834122, "delta": 21.965177}}
{"target": 4.716139602970703, "params": {"h": 46.0, "p": 566.0, "r": 148.0}, "datetime": {"datetime": "2024-05-19 08:04:19", "elapsed": 4281.939257, "delta": 21.105135}}
{"target": 75.41647604249638, "params": {"h": 41.0, "p": 306.0, "r": 57.0}, "datetime": {"datetime": "2024-05-19 08:04:38", "elapsed": 4301.448963, "delta": 19.509706}}
{"target": 0.29179119100351214, "params": {"h": 16.0, "p": 996.0, "r": 25.0}, "datetime": {"datetime": "2024-05-19 08:05:47", "elapsed": 4369.979917, "delta": 68.530954}}
{"target": 0.18588281717923136, "params": {"h": 55.0, "p": 434.0, "r": 19.0}, "datetime": {"datetime": "2024-05-19 08:06:40", "elapsed": 4422.76348, "delta": 52.783563}}
{"target": 1.255431928845671, "params": {"h": 16.0, "p": 704.0, "r": 102.0}, "datetime": {"datetime": "2024-05-19 08:07:15", "elapsed": 4458.029315, "delta": 35.265835}}
{"target": 6.206646470079176, "params": {"h": 19.0, "p": 416.0, "r": 146.0}, "datetime": {"datetime": "2024-05-19 08:07:38", "elapsed": 4481.126789, "delta": 23.097474}}
{"target": 0.0, "params": {"h": 56.0, "p": 271.0, "r": 147.0}, "datetime": {"datetime": "2024-05-19 08:07:39", "elapsed": 4481.779868, "delta": 0.653079}}
{"target": 0.6644022366128329, "params": {"h": 50.0, "p": 200.0, "r": 18.0}, "datetime": {"datetime": "2024-05-19 08:08:24", "elapsed": 4527.607038, "delta": 45.82717}}
{"target": 1.301682545776324, "params": {"h": 58.0, "p": 999.0, "r": 149.0}, "datetime": {"datetime": "2024-05-19 08:09:31", "elapsed": 4593.785168, "delta": 66.17813}}
{"target": 1.5289076390840377, "params": {"h": 57.0, "p": 901.0, "r": 70.0}, "datetime": {"datetime": "2024-05-19 08:10:26", "elapsed": 4649.560577, "delta": 55.775409}}
{"target": 0.0, "params": {"h": 21.0, "p": 215.0, "r": 96.0}, "datetime": {"datetime": "2024-05-19 08:10:27", "elapsed": 4650.164375, "delta": 0.603798}}
{"target": 0.02841115965829054, "params": {"h": 18.0, "p": 868.0, "r": 16.0}, "datetime": {"datetime": "2024-05-19 08:11:34", "elapsed": 4717.231508, "delta": 67.067133}}
{"target": 155.74843133136315, "params": {"h": 26.0, "p": 322.0, "r": 44.0}, "datetime": {"datetime": "2024-05-19 08:11:56", "elapsed": 4739.635332, "delta": 22.403824}}
{"target": 4.959630393030586, "params": {"h": 58.0, "p": 404.0, "r": 101.0}, "datetime": {"datetime": "2024-05-19 08:12:15", "elapsed": 4758.010153, "delta": 18.374821}}
{"target": 128.03062860634034, "params": {"h": 15.0, "p": 252.0, "r": 33.0}, "datetime": {"datetime": "2024-05-19 08:12:35", "elapsed": 4778.645499, "delta": 20.635346}}
{"target": 21.72486710297499, "params": {"h": 16.0, "p": 249.0, "r": 30.0}, "datetime": {"datetime": "2024-05-19 08:12:59", "elapsed": 4802.280253, "delta": 23.634754}}
{"target": 0.0, "params": {"h": 59.0, "p": 103.0, "r": 87.0}, "datetime": {"datetime": "2024-05-19 08:13:00", "elapsed": 4802.861496, "delta": 0.581243}}
{"target": 141.13746017252456, "params": {"h": 17.0, "p": 256.0, "r": 39.0}, "datetime": {"datetime": "2024-05-19 08:13:18", "elapsed": 4821.365529, "delta": 18.504033}}
{"target": 40.97705085775872, "params": {"h": 22.0, "p": 255.0, "r": 37.0}, "datetime": {"datetime": "2024-05-19 08:13:39", "elapsed": 4842.145641, "delta": 20.780112}}
{"target": 71.07286877412945, "params": {"h": 19.0, "p": 241.0, "r": 46.0}, "datetime": {"datetime": "2024-05-19 08:13:56", "elapsed": 4859.234377, "delta": 17.088736}}
{"target": 54.3071533871637, "params": {"h": 17.0, "p": 250.0, "r": 44.0}, "datetime": {"datetime": "2024-05-19 08:14:14", "elapsed": 4876.839455, "delta": 17.605078}}
{"target": 0.06789192645378103, "params": {"h": 19.0, "p": 806.0, "r": 19.0}, "datetime": {"datetime": "2024-05-19 08:15:13", "elapsed": 4935.953183, "delta": 59.113728}}
{"target": 4.056451776501525, "params": {"h": 17.0, "p": 516.0, "r": 145.0}, "datetime": {"datetime": "2024-05-19 08:15:49", "elapsed": 4972.094716, "delta": 36.141533}}
{"target": 141.25957594894072, "params": {"h": 25.0, "p": 309.0, "r": 45.0}, "datetime": {"datetime": "2024-05-19 08:16:11", "elapsed": 4993.924573, "delta": 21.829857}}
{"target": 0.10996247467485618, "params": {"h": 20.0, "p": 483.0, "r": 17.0}, "datetime": {"datetime": "2024-05-19 08:16:52", "elapsed": 5034.755044, "delta": 40.830471}}
{"target": 66.83759244005762, "params": {"h": 18.0, "p": 256.0, "r": 35.0}, "datetime": {"datetime": "2024-05-19 08:17:13", "elapsed": 5056.241344, "delta": 21.4863}}
{"target": 34.15519646758537, "params": {"h": 43.0, "p": 315.0, "r": 44.0}, "datetime": {"datetime": "2024-05-19 08:17:35", "elapsed": 5078.491575, "delta": 22.250231}}
{"target": 151.56493511818235, "params": {"h": 16.0, "p": 250.0, "r": 35.0}, "datetime": {"datetime": "2024-05-19 08:17:57", "elapsed": 5099.694339, "delta": 21.202764}}
{"target": 1.2812964266988425, "params": {"h": 56.0, "p": 925.0, "r": 147.0}, "datetime": {"datetime": "2024-05-19 08:18:42", "elapsed": 5145.06283, "delta": 45.368491}}
{"target": 41.032437358618196, "params": {"h": 22.0, "p": 244.0, "r": 37.0}, "datetime": {"datetime": "2024-05-19 08:19:02", "elapsed": 5164.994214, "delta": 19.931384}}
{"target": 151.20987750691216, "params": {"h": 15.0, "p": 246.0, "r": 36.0}, "datetime": {"datetime": "2024-05-19 08:19:20", "elapsed": 5183.41482, "delta": 18.420606}}
{"target": 106.42225724931697, "params": {"h": 16.0, "p": 283.0, "r": 38.0}, "datetime": {"datetime": "2024-05-19 08:19:40", "elapsed": 5203.012916, "delta": 19.598096}}
{"target": 175.10401655281214, "params": {"h": 16.0, "p": 283.0, "r": 35.0}, "datetime": {"datetime": "2024-05-19 08:20:02", "elapsed": 5224.993813, "delta": 21.980897}}
{"target": 67.59374036791615, "params": {"h": 20.0, "p": 307.0, "r": 44.0}, "datetime": {"datetime": "2024-05-19 08:20:23", "elapsed": 5246.539581, "delta": 21.545768}}
{"target": 148.90144773722227, "params": {"h": 15.0, "p": 253.0, "r": 36.0}, "datetime": {"datetime": "2024-05-19 08:20:43", "elapsed": 5266.56417, "delta": 20.024589}}
{"target": 0.20811345273943582, "params": {"h": 58.0, "p": 378.0, "r": 18.0}, "datetime": {"datetime": "2024-05-19 08:21:45", "elapsed": 5328.207777, "delta": 61.643607}}
{"target": 78.94639124457427, "params": {"h": 15.0, "p": 233.0, "r": 32.0}, "datetime": {"datetime": "2024-05-19 08:22:06", "elapsed": 5348.890957, "delta": 20.68318}}
{"target": 102.04762908679024, "params": {"h": 17.0, "p": 248.0, "r": 35.0}, "datetime": {"datetime": "2024-05-19 08:22:26", "elapsed": 5369.03942, "delta": 20.148463}}
{"target": 114.2887189481728, "params": {"h": 15.0, "p": 250.0, "r": 37.0}, "datetime": {"datetime": "2024-05-19 08:22:45", "elapsed": 5388.173969, "delta": 19.134549}}
{"target": 110.21393583749827, "params": {"h": 15.0, "p": 255.0, "r": 37.0}, "datetime": {"datetime": "2024-05-19 08:23:04", "elapsed": 5407.584494, "delta": 19.410525}}
{"target": 5.691782444797959, "params": {"h": 57.0, "p": 591.0, "r": 52.0}, "datetime": {"datetime": "2024-05-19 08:23:45", "elapsed": 5447.734515, "delta": 40.150021}}
{"target": 99.19024514594675, "params": {"h": 26.0, "p": 307.0, "r": 42.0}, "datetime": {"datetime": "2024-05-19 08:24:06", "elapsed": 5469.243831, "delta": 21.509316}}
{"target": 92.43385835040881, "params": {"h": 38.0, "p": 321.0, "r": 53.0}, "datetime": {"datetime": "2024-05-19 08:24:29", "elapsed": 5492.567765, "delta": 23.323934}}
{"target": 6.0343182130052595, "params": {"h": 60.0, "p": 692.0, "r": 145.0}, "datetime": {"datetime": "2024-05-19 08:24:58", "elapsed": 5520.884468, "delta": 28.316703}}
{"target": 1.8843901859068306, "params": {"h": 17.0, "p": 603.0, "r": 113.0}, "datetime": {"datetime": "2024-05-19 08:25:32", "elapsed": 5555.401667, "delta": 34.517199}}
{"target": 35.67343082454969, "params": {"h": 32.0, "p": 290.0, "r": 64.0}, "datetime": {"datetime": "2024-05-19 08:25:50", "elapsed": 5572.860167, "delta": 17.4585}}
{"target": 123.13615273885172, "params": {"h": 25.0, "p": 305.0, "r": 46.0}, "datetime": {"datetime": "2024-05-19 08:26:12", "elapsed": 5594.84689, "delta": 21.986723}}
{"target": 105.98130981334721, "params": {"h": 22.0, "p": 311.0, "r": 44.0}, "datetime": {"datetime": "2024-05-19 08:26:33", "elapsed": 5616.053262, "delta": 21.206372}}
{"target": 40.73597675139233, "params": {"h": 35.0, "p": 329.0, "r": 42.0}, "datetime": {"datetime": "2024-05-19 08:26:59", "elapsed": 5642.000272, "delta": 25.94701}}
{"target": 2.0208193269458747, "params": {"h": 60.0, "p": 731.0, "r": 86.0}, "datetime": {"datetime": "2024-05-19 08:27:41", "elapsed": 5683.79767, "delta": 41.797398}}
{"target": 50.25219761024287, "params": {"h": 15.0, "p": 240.0, "r": 41.0}, "datetime": {"datetime": "2024-05-19 08:27:59", "elapsed": 5701.852188, "delta": 18.054518}}
{"target": 142.94721881221494, "params": {"h": 17.0, "p": 310.0, "r": 35.0}, "datetime": {"datetime": "2024-05-19 08:28:21", "elapsed": 5724.594036, "delta": 22.741848}}
{"target": 82.5382240716134, "params": {"h": 36.0, "p": 313.0, "r": 54.0}, "datetime": {"datetime": "2024-05-19 08:28:43", "elapsed": 5746.361709, "delta": 21.767673}}
{"target": 102.10573085398056, "params": {"h": 15.0, "p": 311.0, "r": 32.0}, "datetime": {"datetime": "2024-05-19 08:29:07", "elapsed": 5769.794457, "delta": 23.432748}}
{"target": 92.46166128106194, "params": {"h": 20.0, "p": 311.0, "r": 37.0}, "datetime": {"datetime": "2024-05-19 08:29:29", "elapsed": 5792.635601, "delta": 22.841144}}
{"target": 128.5119812236973, "params": {"h": 17.0, "p": 308.0, "r": 38.0}, "datetime": {"datetime": "2024-05-19 08:29:49", "elapsed": 5812.100281, "delta": 19.46468}}
{"target": 190.2778822770542, "params": {"h": 16.0, "p": 315.0, "r": 35.0}, "datetime": {"datetime": "2024-05-19 08:30:11", "elapsed": 5833.836745, "delta": 21.736464}}
