{"target": 0.9782541186716441, "params": {"h": 26.0, "p": 886.0, "r": 122.0}, "datetime": {"datetime": "2024-05-11 13:04:00", "elapsed": 0.0, "delta": 0.0}}
{"target": 10.782344652298507, "params": {"h": 46.0, "p": 117.0, "r": 30.0}, "datetime": {"datetime": "2024-05-11 13:04:28", "elapsed": 27.782757, "delta": 27.782757}}
{"target": 0.05594334002225372, "params": {"h": 35.0, "p": 934.0, "r": 21.0}, "datetime": {"datetime": "2024-05-11 13:06:10", "elapsed": 129.996631, "delta": 102.213874}}
{"target": 0.0, "params": {"h": 51.0, "p": 207.0, "r": 150.0}, "datetime": {"datetime": "2024-05-11 13:06:10", "elapsed": 129.996631, "delta": 0.0}}
{"target": 2.432619854450922, "params": {"h": 56.0, "p": 637.0, "r": 86.0}, "datetime": {"datetime": "2024-05-11 13:06:48", "elapsed": 167.644872, "delta": 37.648241}}
{"target": 6.3491056766057214, "params": {"h": 50.0, "p": 472.0, "r": 129.0}, "datetime": {"datetime": "2024-05-11 13:07:11", "elapsed": 190.13953, "delta": 22.494658}}
{"target": 1.3434948608382824, "params": {"h": 32.0, "p": 782.0, "r": 82.0}, "datetime": {"datetime": "2024-05-11 13:07:57", "elapsed": 236.480067, "delta": 46.340537}}
{"target": 11.560509187030135, "params": {"h": 23.0, "p": 310.0, "r": 101.0}, "datetime": {"datetime": "2024-05-11 13:08:12", "elapsed": 252.03926, "delta": 15.559193}}
{"target": 4.060072671644666, "params": {"h": 39.0, "p": 695.0, "r": 42.0}, "datetime": {"datetime": "2024-05-11 13:09:02", "elapsed": 301.544706, "delta": 49.505446}}
{"target": 2.83142808320357, "params": {"h": 15.0, "p": 398.0, "r": 60.0}, "datetime": {"datetime": "2024-05-11 13:09:25", "elapsed": 324.306262, "delta": 22.761556}}
{"target": 10.633473069410664, "params": {"h": 46.0, "p": 114.0, "r": 29.0}, "datetime": {"datetime": "2024-05-11 13:09:47", "elapsed": 346.451601, "delta": 22.145339}}
{"target": 9.821599537153196, "params": {"h": 15.0, "p": 320.0, "r": 124.0}, "datetime": {"datetime": "2024-05-11 13:10:11", "elapsed": 370.569543, "delta": 24.117942}}
{"target": 7.500916144955058, "params": {"h": 15.0, "p": 293.0, "r": 76.0}, "datetime": {"datetime": "2024-05-11 13:10:27", "elapsed": 386.23406, "delta": 15.664517}}
{"target": 17.032342797589045, "params": {"h": 45.0, "p": 317.0, "r": 105.0}, "datetime": {"datetime": "2024-05-11 13:10:40", "elapsed": 399.632151, "delta": 13.398091}}
{"target": 21.407423429312395, "params": {"h": 60.0, "p": 321.0, "r": 106.0}, "datetime": {"datetime": "2024-05-11 13:10:54", "elapsed": 413.842929, "delta": 14.210778}}
{"target": 17.78102757186508, "params": {"h": 60.0, "p": 337.0, "r": 108.0}, "datetime": {"datetime": "2024-05-11 13:11:10", "elapsed": 429.601749, "delta": 15.75882}}
{"target": 21.75830840210621, "params": {"h": 60.0, "p": 309.0, "r": 114.0}, "datetime": {"datetime": "2024-05-11 13:11:23", "elapsed": 442.936098, "delta": 13.334349}}
{"target": 24.774346679639894, "params": {"h": 57.0, "p": 303.0, "r": 94.0}, "datetime": {"datetime": "2024-05-11 13:11:38", "elapsed": 457.662484, "delta": 14.726386}}
{"target": 28.869035750341734, "params": {"h": 60.0, "p": 298.0, "r": 89.0}, "datetime": {"datetime": "2024-05-11 13:11:54", "elapsed": 473.707722, "delta": 16.045238}}
{"target": 37.2565906074747, "params": {"h": 60.0, "p": 287.0, "r": 78.0}, "datetime": {"datetime": "2024-05-11 13:12:09", "elapsed": 488.794078, "delta": 15.086356}}
{"target": 49.53777634280821, "params": {"h": 60.0, "p": 276.0, "r": 68.0}, "datetime": {"datetime": "2024-05-11 13:12:26", "elapsed": 505.645245, "delta": 16.851167}}
{"target": 50.31913392203921, "params": {"h": 60.0, "p": 264.0, "r": 57.0}, "datetime": {"datetime": "2024-05-11 13:12:46", "elapsed": 525.228914, "delta": 19.583669}}
{"target": 53.30016827235696, "params": {"h": 60.0, "p": 269.0, "r": 63.0}, "datetime": {"datetime": "2024-05-11 13:13:05", "elapsed": 544.096902, "delta": 18.867988}}
{"target": 42.810441027626865, "params": {"h": 60.0, "p": 262.0, "r": 70.0}, "datetime": {"datetime": "2024-05-11 13:13:21", "elapsed": 560.950534, "delta": 16.853632}}
{"target": 55.690639021244785, "params": {"h": 59.0, "p": 280.0, "r": 54.0}, "datetime": {"datetime": "2024-05-11 13:13:41", "elapsed": 580.927625, "delta": 19.977091}}
{"target": 2.868284608824438, "params": {"h": 60.0, "p": 288.0, "r": 31.0}, "datetime": {"datetime": "2024-05-11 13:14:13", "elapsed": 613.00014, "delta": 32.072515}}
{"target": 57.41839700528588, "params": {"h": 60.0, "p": 276.0, "r": 57.0}, "datetime": {"datetime": "2024-05-11 13:14:34", "elapsed": 633.757622, "delta": 20.757482}}
{"target": 64.61971343100643, "params": {"h": 47.0, "p": 271.0, "r": 59.0}, "datetime": {"datetime": "2024-05-11 13:14:52", "elapsed": 651.143017, "delta": 17.385395}}
{"target": 67.61001000395241, "params": {"h": 48.0, "p": 275.0, "r": 57.0}, "datetime": {"datetime": "2024-05-11 13:15:12", "elapsed": 671.457612, "delta": 20.314595}}
{"target": 75.3926411617946, "params": {"h": 43.0, "p": 276.0, "r": 54.0}, "datetime": {"datetime": "2024-05-11 13:15:32", "elapsed": 691.136399, "delta": 19.678787}}
{"target": 83.6749500129334, "params": {"h": 36.0, "p": 275.0, "r": 50.0}, "datetime": {"datetime": "2024-05-11 13:15:50", "elapsed": 710.051133, "delta": 18.914734}}
{"target": 70.82035084075522, "params": {"h": 29.0, "p": 271.0, "r": 44.0}, "datetime": {"datetime": "2024-05-11 13:16:10", "elapsed": 729.077975, "delta": 19.026842}}
{"target": 101.0823898339325, "params": {"h": 31.0, "p": 277.0, "r": 51.0}, "datetime": {"datetime": "2024-05-11 13:16:28", "elapsed": 747.179077, "delta": 18.101102}}
{"target": 91.61659235766449, "params": {"h": 28.0, "p": 283.0, "r": 51.0}, "datetime": {"datetime": "2024-05-11 13:16:45", "elapsed": 764.976369, "delta": 17.797292}}
{"target": 75.599000016931, "params": {"h": 31.0, "p": 274.0, "r": 55.0}, "datetime": {"datetime": "2024-05-11 13:17:03", "elapsed": 782.507821, "delta": 17.531452}}
{"target": 36.51812527344448, "params": {"h": 32.0, "p": 281.0, "r": 42.0}, "datetime": {"datetime": "2024-05-11 13:17:25", "elapsed": 804.53679, "delta": 22.028969}}
{"target": 81.67312330558482, "params": {"h": 39.0, "p": 289.0, "r": 56.0}, "datetime": {"datetime": "2024-05-11 13:17:45", "elapsed": 824.672194, "delta": 20.135404}}
{"target": 80.43456525972024, "params": {"h": 31.0, "p": 281.0, "r": 54.0}, "datetime": {"datetime": "2024-05-11 13:18:04", "elapsed": 843.335255, "delta": 18.663061}}
{"target": 91.87404966143906, "params": {"h": 26.0, "p": 276.0, "r": 50.0}, "datetime": {"datetime": "2024-05-11 13:18:22", "elapsed": 861.264653, "delta": 17.929398}}
{"target": 86.27842689795311, "params": {"h": 32.0, "p": 297.0, "r": 53.0}, "datetime": {"datetime": "2024-05-11 13:18:40", "elapsed": 879.945197, "delta": 18.680544}}
{"target": 83.2597534162072, "params": {"h": 41.0, "p": 300.0, "r": 56.0}, "datetime": {"datetime": "2024-05-11 13:18:59", "elapsed": 898.984286, "delta": 19.039089}}
{"target": 51.300156373046846, "params": {"h": 30.0, "p": 309.0, "r": 55.0}, "datetime": {"datetime": "2024-05-11 13:19:17", "elapsed": 916.071829, "delta": 17.087543}}
{"target": 30.59290346410132, "params": {"h": 20.0, "p": 293.0, "r": 50.0}, "datetime": {"datetime": "2024-05-11 13:19:33", "elapsed": 932.390886, "delta": 16.319057}}
{"target": 90.32089379468243, "params": {"h": 39.0, "p": 296.0, "r": 50.0}, "datetime": {"datetime": "2024-05-11 13:19:52", "elapsed": 951.38436, "delta": 18.993474}}
{"target": 27.756582010782527, "params": {"h": 47.0, "p": 306.0, "r": 44.0}, "datetime": {"datetime": "2024-05-11 13:20:15", "elapsed": 974.785667, "delta": 23.401307}}
{"target": 78.27844964888827, "params": {"h": 50.0, "p": 294.0, "r": 56.0}, "datetime": {"datetime": "2024-05-11 13:20:35", "elapsed": 994.671067, "delta": 19.8854}}
{"target": 86.83396442808643, "params": {"h": 27.0, "p": 247.0, "r": 45.0}, "datetime": {"datetime": "2024-05-11 13:20:53", "elapsed": 1012.567795, "delta": 17.896728}}
{"target": 75.63542918428817, "params": {"h": 32.0, "p": 244.0, "r": 54.0}, "datetime": {"datetime": "2024-05-11 13:21:08", "elapsed": 1027.859182, "delta": 15.291387}}
{"target": 18.337087701777875, "params": {"h": 36.0, "p": 251.0, "r": 40.0}, "datetime": {"datetime": "2024-05-11 13:21:30", "elapsed": 1049.070657, "delta": 21.211475}}
{"target": 60.8457493873395, "params": {"h": 21.0, "p": 245.0, "r": 50.0}, "datetime": {"datetime": "2024-05-11 13:21:45", "elapsed": 1064.969239, "delta": 15.898582}}
{"target": 59.21342478869502, "params": {"h": 31.0, "p": 235.0, "r": 46.0}, "datetime": {"datetime": "2024-05-11 13:22:06", "elapsed": 1085.069927, "delta": 20.100688}}
{"target": 74.03614021056919, "params": {"h": 25.0, "p": 256.0, "r": 52.0}, "datetime": {"datetime": "2024-05-11 13:22:21", "elapsed": 1100.811779, "delta": 15.741852}}
{"target": 67.19997912580996, "params": {"h": 21.0, "p": 250.0, "r": 38.0}, "datetime": {"datetime": "2024-05-11 13:22:40", "elapsed": 1119.837908, "delta": 19.026129}}
{"target": 43.11297829335408, "params": {"h": 35.0, "p": 250.0, "r": 67.0}, "datetime": {"datetime": "2024-05-11 13:22:55", "elapsed": 1134.955635, "delta": 15.117727}}
{"target": 52.0777655379274, "params": {"h": 52.0, "p": 306.0, "r": 65.0}, "datetime": {"datetime": "2024-05-11 13:23:14", "elapsed": 1153.762343, "delta": 18.806708}}
{"target": 4.331212684531308, "params": {"h": 15.0, "p": 233.0, "r": 24.0}, "datetime": {"datetime": "2024-05-11 13:23:36", "elapsed": 1175.057433, "delta": 21.29509}}
{"target": 44.471273496138224, "params": {"h": 41.0, "p": 227.0, "r": 63.0}, "datetime": {"datetime": "2024-05-11 13:23:50", "elapsed": 1189.533675, "delta": 14.476242}}
{"target": 0.051515961545897514, "params": {"h": 26.0, "p": 530.0, "r": 15.0}, "datetime": {"datetime": "2024-05-11 13:24:37", "elapsed": 1236.765122, "delta": 47.231447}}
{"target": 48.42429952769184, "params": {"h": 16.0, "p": 262.0, "r": 42.0}, "datetime": {"datetime": "2024-05-11 13:24:54", "elapsed": 1253.178758, "delta": 16.413636}}
{"target": 1.0939663069214423, "params": {"h": 59.0, "p": 998.0, "r": 136.0}, "datetime": {"datetime": "2024-05-11 13:25:45", "elapsed": 1304.252669, "delta": 51.073911}}
{"target": 48.12129880668315, "params": {"h": 37.0, "p": 296.0, "r": 62.0}, "datetime": {"datetime": "2024-05-11 13:26:02", "elapsed": 1321.620684, "delta": 17.368015}}
{"target": 96.01574548367505, "params": {"h": 36.0, "p": 286.0, "r": 51.0}, "datetime": {"datetime": "2024-05-11 13:26:20", "elapsed": 1339.862365, "delta": 18.241681}}
{"target": 105.79905141422483, "params": {"h": 30.0, "p": 276.0, "r": 50.0}, "datetime": {"datetime": "2024-05-11 13:26:40", "elapsed": 1359.915957, "delta": 20.053592}}
{"target": 0.0, "params": {"h": 16.0, "p": 101.0, "r": 144.0}, "datetime": {"datetime": "2024-05-11 13:26:41", "elapsed": 1360.322231, "delta": 0.406274}}
{"target": 3.2336381614540506, "params": {"h": 19.0, "p": 575.0, "r": 149.0}, "datetime": {"datetime": "2024-05-11 13:27:14", "elapsed": 1393.933075, "delta": 33.610844}}
{"target": 2.6225218083885333, "params": {"h": 17.0, "p": 701.0, "r": 149.0}, "datetime": {"datetime": "2024-05-11 13:28:01", "elapsed": 1440.055827, "delta": 46.122752}}
{"target": 69.38486009811534, "params": {"h": 44.0, "p": 285.0, "r": 51.0}, "datetime": {"datetime": "2024-05-11 13:28:19", "elapsed": 1459.032679, "delta": 18.976852}}
{"target": 0.033180651193378354, "params": {"h": 55.0, "p": 844.0, "r": 17.0}, "datetime": {"datetime": "2024-05-11 13:29:44", "elapsed": 1543.864415, "delta": 84.831736}}
{"target": 104.834090919809, "params": {"h": 32.0, "p": 289.0, "r": 51.0}, "datetime": {"datetime": "2024-05-11 13:30:03", "elapsed": 1562.344924, "delta": 18.480509}}
{"target": 99.49239237860584, "params": {"h": 33.0, "p": 290.0, "r": 52.0}, "datetime": {"datetime": "2024-05-11 13:30:21", "elapsed": 1580.088183, "delta": 17.743259}}
{"target": 107.99672748937297, "params": {"h": 32.0, "p": 287.0, "r": 49.0}, "datetime": {"datetime": "2024-05-11 13:30:39", "elapsed": 1598.634026, "delta": 18.545843}}
{"target": 9.348317814012361, "params": {"h": 16.0, "p": 397.0, "r": 150.0}, "datetime": {"datetime": "2024-05-11 13:31:13", "elapsed": 1632.285639, "delta": 33.651613}}
{"target": 0.04196242388779249, "params": {"h": 19.0, "p": 615.0, "r": 15.0}, "datetime": {"datetime": "2024-05-11 13:31:58", "elapsed": 1677.856265, "delta": 45.570626}}
{"target": 95.22131205364683, "params": {"h": 32.0, "p": 298.0, "r": 46.0}, "datetime": {"datetime": "2024-05-11 13:32:18", "elapsed": 1697.476402, "delta": 19.620137}}
{"target": 86.132808882621, "params": {"h": 32.0, "p": 292.0, "r": 46.0}, "datetime": {"datetime": "2024-05-11 13:32:38", "elapsed": 1717.329027, "delta": 19.852625}}
{"target": 9.593611395431498, "params": {"h": 29.0, "p": 309.0, "r": 35.0}, "datetime": {"datetime": "2024-05-11 13:33:01", "elapsed": 1740.212414, "delta": 22.883387}}
{"target": 0.20886880626255772, "params": {"h": 58.0, "p": 450.0, "r": 20.0}, "datetime": {"datetime": "2024-05-11 13:33:55", "elapsed": 1794.193354, "delta": 53.98094}}
{"target": 0.0, "params": {"h": 17.0, "p": 167.0, "r": 83.0}, "datetime": {"datetime": "2024-05-11 13:33:55", "elapsed": 1794.802768, "delta": 0.609414}}
{"target": 1.7052986207685072, "params": {"h": 58.0, "p": 813.0, "r": 148.0}, "datetime": {"datetime": "2024-05-11 13:34:30", "elapsed": 1829.195803, "delta": 34.393035}}
{"target": 2.6559871526674286, "params": {"h": 55.0, "p": 543.0, "r": 87.0}, "datetime": {"datetime": "2024-05-11 13:34:53", "elapsed": 1852.128907, "delta": 22.933104}}
{"target": 0.6385843149309471, "params": {"h": 18.0, "p": 999.0, "r": 67.0}, "datetime": {"datetime": "2024-05-11 13:35:51", "elapsed": 1910.995233, "delta": 58.866326}}
{"target": 0.032189558645295116, "params": {"h": 47.0, "p": 767.0, "r": 16.0}, "datetime": {"datetime": "2024-05-11 13:37:04", "elapsed": 1983.827091, "delta": 72.831858}}
{"target": 1.0689766046850306, "params": {"h": 60.0, "p": 939.0, "r": 89.0}, "datetime": {"datetime": "2024-05-11 13:37:55", "elapsed": 2034.351511, "delta": 50.52442}}
{"target": 0.47711945931205496, "params": {"h": 60.0, "p": 181.0, "r": 15.0}, "datetime": {"datetime": "2024-05-11 13:38:50", "elapsed": 2089.239179, "delta": 54.887668}}
{"target": 0.016318616372526292, "params": {"h": 60.0, "p": 1000.0, "r": 15.0}, "datetime": {"datetime": "2024-05-11 13:40:44", "elapsed": 2203.552311, "delta": 114.313132}}
{"target": 0.11810274754072032, "params": {"h": 60.0, "p": 375.0, "r": 15.0}, "datetime": {"datetime": "2024-05-11 13:41:49", "elapsed": 2268.266948, "delta": 64.714637}}
{"target": 2.1482096065418177, "params": {"h": 15.0, "p": 474.0, "r": 68.0}, "datetime": {"datetime": "2024-05-11 13:42:12", "elapsed": 2291.277467, "delta": 23.010519}}
{"target": 1.5840976236724478, "params": {"h": 15.0, "p": 948.0, "r": 150.0}, "datetime": {"datetime": "2024-05-11 13:43:30", "elapsed": 2369.604211, "delta": 78.326744}}
{"target": 4.6087504336285505, "params": {"h": 60.0, "p": 636.0, "r": 150.0}, "datetime": {"datetime": "2024-05-11 13:43:54", "elapsed": 2393.281319, "delta": 23.677108}}
{"target": 0.0, "params": {"h": 60.0, "p": 100.0, "r": 93.0}, "datetime": {"datetime": "2024-05-11 13:43:54", "elapsed": 2394.046986, "delta": 0.765667}}
{"target": 0.0, "params": {"h": 59.0, "p": 211.0, "r": 86.0}, "datetime": {"datetime": "2024-05-11 13:43:55", "elapsed": 2394.882925, "delta": 0.835939}}
{"target": 1.8530800388779975, "params": {"h": 60.0, "p": 722.0, "r": 103.0}, "datetime": {"datetime": "2024-05-11 13:44:30", "elapsed": 2430.010301, "delta": 35.127376}}
{"target": 0.0, "params": {"h": 15.0, "p": 261.0, "r": 150.0}, "datetime": {"datetime": "2024-05-11 13:44:31", "elapsed": 2430.650963, "delta": 0.640662}}
{"target": 0.6557470394231991, "params": {"h": 15.0, "p": 856.0, "r": 66.0}, "datetime": {"datetime": "2024-05-11 13:45:18", "elapsed": 2477.862687, "delta": 47.211724}}
{"target": 5.0175858728301606, "params": {"h": 58.0, "p": 408.0, "r": 106.0}, "datetime": {"datetime": "2024-05-11 13:45:35", "elapsed": 2494.637478, "delta": 16.774791}}
{"target": 2.8953426133485003, "params": {"h": 15.0, "p": 766.0, "r": 150.0}, "datetime": {"datetime": "2024-05-11 13:46:33", "elapsed": 2552.898348, "delta": 58.26087}}
{"target": 0.0, "params": {"h": 60.0, "p": 144.0, "r": 150.0}, "datetime": {"datetime": "2024-05-11 13:46:34", "elapsed": 2553.507758, "delta": 0.60941}}
{"target": 1.4469278559437482, "params": {"h": 15.0, "p": 587.0, "r": 77.0}, "datetime": {"datetime": "2024-05-11 13:47:02", "elapsed": 2581.944875, "delta": 28.437117}}
{"target": 4.60435710722848, "params": {"h": 18.0, "p": 510.0, "r": 150.0}, "datetime": {"datetime": "2024-05-11 13:47:32", "elapsed": 2611.502849, "delta": 29.557974}}
{"target": 106.49684557439038, "params": {"h": 35.0, "p": 301.0, "r": 49.0}, "datetime": {"datetime": "2024-05-11 13:47:52", "elapsed": 2631.240615, "delta": 19.737766}}
{"target": 0.7378516076747418, "params": {"h": 60.0, "p": 577.0, "r": 31.0}, "datetime": {"datetime": "2024-05-11 13:48:37", "elapsed": 2676.904119, "delta": 45.663504}}
{"target": 1.2471421969343266, "params": {"h": 60.0, "p": 837.0, "r": 93.0}, "datetime": {"datetime": "2024-05-11 13:49:19", "elapsed": 2718.200065, "delta": 41.295946}}
{"target": 1.3224420849400478, "params": {"h": 15.0, "p": 676.0, "r": 94.0}, "datetime": {"datetime": "2024-05-11 13:49:55", "elapsed": 2754.954507, "delta": 36.754442}}
{"target": 0.024243437791262083, "params": {"h": 15.0, "p": 883.0, "r": 15.0}, "datetime": {"datetime": "2024-05-11 13:51:00", "elapsed": 2819.919889, "delta": 64.965382}}
{"target": 0.03745619538198587, "params": {"h": 60.0, "p": 652.0, "r": 15.0}, "datetime": {"datetime": "2024-05-11 13:52:41", "elapsed": 2920.469899, "delta": 100.55001}}
{"target": 23.949347807175393, "params": {"h": 18.0, "p": 214.0, "r": 65.0}, "datetime": {"datetime": "2024-05-11 13:52:58", "elapsed": 2937.850886, "delta": 17.380987}}
{"target": 24.424269919614257, "params": {"h": 60.0, "p": 364.0, "r": 150.0}, "datetime": {"datetime": "2024-05-11 13:53:14", "elapsed": 2953.661128, "delta": 15.810242}}
{"target": 0.7566389071950139, "params": {"h": 15.0, "p": 155.0, "r": 15.0}, "datetime": {"datetime": "2024-05-11 13:53:47", "elapsed": 2986.530832, "delta": 32.869704}}
{"target": 104.39827749948812, "params": {"h": 30.0, "p": 273.0, "r": 50.0}, "datetime": {"datetime": "2024-05-11 13:54:10", "elapsed": 3009.40227, "delta": 22.871438}}
{"target": 2.349953354674177, "params": {"h": 60.0, "p": 891.0, "r": 58.0}, "datetime": {"datetime": "2024-05-11 13:55:23", "elapsed": 3082.98554, "delta": 73.58327}}
{"target": 1.3606382047051804, "params": {"h": 58.0, "p": 914.0, "r": 150.0}, "datetime": {"datetime": "2024-05-11 13:56:23", "elapsed": 3142.915771, "delta": 59.930231}}
{"target": 0.0, "params": {"h": 60.0, "p": 258.0, "r": 117.0}, "datetime": {"datetime": "2024-05-11 13:56:24", "elapsed": 3143.884577, "delta": 0.968806}}
{"target": 7.583514572794565, "params": {"h": 60.0, "p": 542.0, "r": 150.0}, "datetime": {"datetime": "2024-05-11 13:56:47", "elapsed": 3166.520103, "delta": 22.635526}}
{"target": 0.5674095471203958, "params": {"h": 15.0, "p": 809.0, "r": 25.0}, "datetime": {"datetime": "2024-05-11 13:57:51", "elapsed": 3230.123698, "delta": 63.603595}}
{"target": 1.8085857893942503, "params": {"h": 16.0, "p": 837.0, "r": 149.0}, "datetime": {"datetime": "2024-05-11 13:59:10", "elapsed": 3309.209853, "delta": 79.086155}}
{"target": 8.623426066841573, "params": {"h": 60.0, "p": 500.0, "r": 50.0}, "datetime": {"datetime": "2024-05-11 13:59:50", "elapsed": 3349.651608, "delta": 40.441755}}
{"target": 103.4674405979888, "params": {"h": 33.0, "p": 287.0, "r": 51.0}, "datetime": {"datetime": "2024-05-11 14:00:15", "elapsed": 3374.425575, "delta": 24.773967}}
{"target": 10.263255741367018, "params": {"h": 60.0, "p": 362.0, "r": 67.0}, "datetime": {"datetime": "2024-05-11 14:00:42", "elapsed": 3401.632365, "delta": 27.20679}}
{"target": 0.0, "params": {"h": 16.0, "p": 102.0, "r": 66.0}, "datetime": {"datetime": "2024-05-11 14:00:43", "elapsed": 3402.52304, "delta": 0.890675}}
{"target": 0.0, "params": {"h": 15.0, "p": 168.0, "r": 150.0}, "datetime": {"datetime": "2024-05-11 14:00:44", "elapsed": 3403.402358, "delta": 0.879318}}
{"target": 21.440225114567045, "params": {"h": 60.0, "p": 222.0, "r": 46.0}, "datetime": {"datetime": "2024-05-11 14:01:11", "elapsed": 3431.042612, "delta": 27.640254}}
{"target": 1.0284675586980305, "params": {"h": 15.0, "p": 737.0, "r": 60.0}, "datetime": {"datetime": "2024-05-11 14:01:58", "elapsed": 3477.831341, "delta": 46.788729}}
{"target": 109.79350278316277, "params": {"h": 34.0, "p": 300.0, "r": 49.0}, "datetime": {"datetime": "2024-05-11 14:02:25", "elapsed": 3504.600922, "delta": 26.769581}}
{"target": 0.10585777059028499, "params": {"h": 15.0, "p": 422.0, "r": 15.0}, "datetime": {"datetime": "2024-05-11 14:03:10", "elapsed": 3549.55669, "delta": 44.955768}}
{"target": 4.299685256087032, "params": {"h": 60.0, "p": 744.0, "r": 150.0}, "datetime": {"datetime": "2024-05-11 14:03:48", "elapsed": 3587.981525, "delta": 38.424835}}
{"target": 1.9282980726563426, "params": {"h": 15.0, "p": 628.0, "r": 124.0}, "datetime": {"datetime": "2024-05-11 14:04:37", "elapsed": 3636.632836, "delta": 48.651311}}
{"target": 0.5711000956699489, "params": {"h": 15.0, "p": 922.0, "r": 74.0}, "datetime": {"datetime": "2024-05-11 14:05:35", "elapsed": 3694.18834, "delta": 57.555504}}
{"target": 57.74046056492011, "params": {"h": 51.0, "p": 290.0, "r": 64.0}, "datetime": {"datetime": "2024-05-11 14:05:54", "elapsed": 3713.208098, "delta": 19.019758}}
{"target": 2.956250324354702, "params": {"h": 15.0, "p": 431.0, "r": 109.0}, "datetime": {"datetime": "2024-05-11 14:06:20", "elapsed": 3739.790424, "delta": 26.582326}}
{"target": 3.5316061921269206, "params": {"h": 15.0, "p": 368.0, "r": 104.0}, "datetime": {"datetime": "2024-05-11 14:06:43", "elapsed": 3762.185563, "delta": 22.395139}}
