{"target": 0.9782541186716697, "params": {"h": 26.0, "p": 886.0, "r": 122.0}, "datetime": {"datetime": "2024-05-04 17:07:46", "elapsed": 0.0, "delta": 0.0}}
{"target": 10.782344652296004, "params": {"h": 46.0, "p": 117.0, "r": 30.0}, "datetime": {"datetime": "2024-05-04 17:08:08", "elapsed": 21.680731, "delta": 21.680731}}
{"target": 0.05594334002231359, "params": {"h": 35.0, "p": 934.0, "r": 21.0}, "datetime": {"datetime": "2024-05-04 17:09:25", "elapsed": 98.726704, "delta": 77.045973}}
{"target": 0.0, "params": {"h": 51.0, "p": 207.0, "r": 150.0}, "datetime": {"datetime": "2024-05-04 17:09:25", "elapsed": 98.726704, "delta": 0.0}}
{"target": 2.4326198544507127, "params": {"h": 56.0, "p": 637.0, "r": 86.0}, "datetime": {"datetime": "2024-05-04 17:09:52", "elapsed": 125.43986, "delta": 26.713156}}
{"target": 6.34910567660565, "params": {"h": 50.0, "p": 472.0, "r": 129.0}, "datetime": {"datetime": "2024-05-04 17:10:09", "elapsed": 142.642253, "delta": 17.202393}}
{"target": 1.343494860838083, "params": {"h": 32.0, "p": 782.0, "r": 82.0}, "datetime": {"datetime": "2024-05-04 17:10:44", "elapsed": 178.110002, "delta": 35.467749}}
{"target": 11.560509187030252, "params": {"h": 23.0, "p": 310.0, "r": 101.0}, "datetime": {"datetime": "2024-05-04 17:10:57", "elapsed": 191.135709, "delta": 13.025707}}
{"target": 4.060072671645817, "params": {"h": 39.0, "p": 695.0, "r": 42.0}, "datetime": {"datetime": "2024-05-04 17:11:38", "elapsed": 231.517242, "delta": 40.381533}}
{"target": 2.8314280832031553, "params": {"h": 15.0, "p": 398.0, "r": 60.0}, "datetime": {"datetime": "2024-05-04 17:11:57", "elapsed": 250.620623, "delta": 19.103381}}
{"target": 7.722359746875403, "params": {"h": 50.0, "p": 473.0, "r": 132.0}, "datetime": {"datetime": "2024-05-04 17:12:14", "elapsed": 267.288703, "delta": 16.66808}}
{"target": 14.367382843967718, "params": {"h": 19.0, "p": 314.0, "r": 103.0}, "datetime": {"datetime": "2024-05-04 17:12:28", "elapsed": 281.388148, "delta": 14.099445}}
{"target": 7.73025266390664, "params": {"h": 15.0, "p": 318.0, "r": 102.0}, "datetime": {"datetime": "2024-05-04 17:12:47", "elapsed": 300.590853, "delta": 19.202705}}
{"target": 12.289471643341061, "params": {"h": 27.0, "p": 317.0, "r": 105.0}, "datetime": {"datetime": "2024-05-04 17:13:00", "elapsed": 313.923416, "delta": 13.332563}}
{"target": 11.799319804092438, "params": {"h": 17.0, "p": 309.0, "r": 107.0}, "datetime": {"datetime": "2024-05-04 17:13:16", "elapsed": 330.133328, "delta": 16.209912}}
{"target": 15.376125638876298, "params": {"h": 20.0, "p": 314.0, "r": 105.0}, "datetime": {"datetime": "2024-05-04 17:13:31", "elapsed": 344.825728, "delta": 14.6924}}
{"target": 13.697271056659668, "params": {"h": 24.0, "p": 310.0, "r": 107.0}, "datetime": {"datetime": "2024-05-04 17:13:44", "elapsed": 358.109454, "delta": 13.283726}}
{"target": 21.499190956212132, "params": {"h": 22.0, "p": 315.0, "r": 110.0}, "datetime": {"datetime": "2024-05-04 17:13:58", "elapsed": 371.582533, "delta": 13.473079}}
{"target": 37.54370362685757, "params": {"h": 22.0, "p": 316.0, "r": 113.0}, "datetime": {"datetime": "2024-05-04 17:14:12", "elapsed": 385.233336, "delta": 13.650803}}
{"target": 9.115222240949207, "params": {"h": 15.0, "p": 313.0, "r": 114.0}, "datetime": {"datetime": "2024-05-04 17:14:29", "elapsed": 403.139055, "delta": 17.905719}}
{"target": 29.1174805392137, "params": {"h": 25.0, "p": 321.0, "r": 116.0}, "datetime": {"datetime": "2024-05-04 17:14:42", "elapsed": 416.11237, "delta": 12.973315}}
{"target": 14.695973782152175, "params": {"h": 20.0, "p": 322.0, "r": 113.0}, "datetime": {"datetime": "2024-05-04 17:14:56", "elapsed": 430.152539, "delta": 14.040169}}
{"target": 11.935731441699923, "params": {"h": 19.0, "p": 318.0, "r": 119.0}, "datetime": {"datetime": "2024-05-04 17:15:12", "elapsed": 446.182975, "delta": 16.030436}}
{"target": 16.356275626286983, "params": {"h": 27.0, "p": 320.0, "r": 115.0}, "datetime": {"datetime": "2024-05-04 17:15:25", "elapsed": 458.246817, "delta": 12.063842}}
{"target": 15.021516913265698, "params": {"h": 28.0, "p": 315.0, "r": 113.0}, "datetime": {"datetime": "2024-05-04 17:15:37", "elapsed": 470.757985, "delta": 12.511168}}
{"target": 38.889081253892776, "params": {"h": 23.0, "p": 318.0, "r": 116.0}, "datetime": {"datetime": "2024-05-04 17:15:49", "elapsed": 482.861829, "delta": 12.103844}}
{"target": 33.76553633482932, "params": {"h": 26.0, "p": 325.0, "r": 122.0}, "datetime": {"datetime": "2024-05-04 17:16:02", "elapsed": 495.840851, "delta": 12.979022}}
{"target": 26.30913608659798, "params": {"h": 22.0, "p": 315.0, "r": 116.0}, "datetime": {"datetime": "2024-05-04 17:16:15", "elapsed": 509.204675, "delta": 13.363824}}
{"target": 49.813284620201834, "params": {"h": 26.0, "p": 317.0, "r": 119.0}, "datetime": {"datetime": "2024-05-04 17:16:28", "elapsed": 521.745854, "delta": 12.541179}}
{"target": 46.80089532354006, "params": {"h": 26.0, "p": 318.0, "r": 122.0}, "datetime": {"datetime": "2024-05-04 17:16:40", "elapsed": 533.568462, "delta": 11.822608}}
{"target": 18.64294797577768, "params": {"h": 24.0, "p": 319.0, "r": 124.0}, "datetime": {"datetime": "2024-05-04 17:16:54", "elapsed": 547.625373, "delta": 14.056911}}
{"target": 66.9036260147698, "params": {"h": 26.0, "p": 313.0, "r": 121.0}, "datetime": {"datetime": "2024-05-04 17:17:05", "elapsed": 559.197869, "delta": 11.572496}}
{"target": 26.82183947419335, "params": {"h": 29.0, "p": 312.0, "r": 120.0}, "datetime": {"datetime": "2024-05-04 17:17:18", "elapsed": 571.942119, "delta": 12.74425}}
{"target": 23.3168899217439, "params": {"h": 23.0, "p": 309.0, "r": 121.0}, "datetime": {"datetime": "2024-05-04 17:17:31", "elapsed": 584.790021, "delta": 12.847902}}
{"target": 28.703739225684252, "params": {"h": 27.0, "p": 311.0, "r": 127.0}, "datetime": {"datetime": "2024-05-04 17:17:44", "elapsed": 597.253027, "delta": 12.463006}}
{"target": 27.32931691265711, "params": {"h": 30.0, "p": 314.0, "r": 121.0}, "datetime": {"datetime": "2024-05-04 17:17:56", "elapsed": 609.45046, "delta": 12.197433}}
{"target": 17.503018847120213, "params": {"h": 23.0, "p": 314.0, "r": 125.0}, "datetime": {"datetime": "2024-05-04 17:18:08", "elapsed": 621.663609, "delta": 12.213149}}
{"target": 60.625871951191, "params": {"h": 29.0, "p": 319.0, "r": 126.0}, "datetime": {"datetime": "2024-05-04 17:18:19", "elapsed": 633.02478, "delta": 11.361171}}
{"target": 31.26022737930594, "params": {"h": 29.0, "p": 321.0, "r": 121.0}, "datetime": {"datetime": "2024-05-04 17:18:31", "elapsed": 644.878538, "delta": 11.853758}}
{"target": 42.77465032285238, "params": {"h": 26.0, "p": 316.0, "r": 123.0}, "datetime": {"datetime": "2024-05-04 17:18:44", "elapsed": 657.435562, "delta": 12.557024}}
{"target": 26.76208815077259, "params": {"h": 24.0, "p": 315.0, "r": 121.0}, "datetime": {"datetime": "2024-05-04 17:18:55", "elapsed": 668.442528, "delta": 11.006966}}
{"target": 78.83196532808087, "params": {"h": 29.0, "p": 316.0, "r": 124.0}, "datetime": {"datetime": "2024-05-04 17:19:06", "elapsed": 679.378467, "delta": 10.935939}}
{"target": 44.533354750328094, "params": {"h": 37.0, "p": 318.0, "r": 129.0}, "datetime": {"datetime": "2024-05-04 17:19:15", "elapsed": 689.098196, "delta": 9.719729}}
{"target": 74.36608422951748, "params": {"h": 31.0, "p": 316.0, "r": 128.0}, "datetime": {"datetime": "2024-05-04 17:19:25", "elapsed": 698.354009, "delta": 9.255813}}
{"target": 77.57591069103832, "params": {"h": 28.0, "p": 314.0, "r": 124.0}, "datetime": {"datetime": "2024-05-04 17:19:36", "elapsed": 709.564198, "delta": 11.210189}}
{"target": 25.684059931574613, "params": {"h": 31.0, "p": 322.0, "r": 132.0}, "datetime": {"datetime": "2024-05-04 17:19:48", "elapsed": 721.415254, "delta": 11.851056}}
{"target": 58.90857348817919, "params": {"h": 30.0, "p": 314.0, "r": 128.0}, "datetime": {"datetime": "2024-05-04 17:19:58", "elapsed": 732.02998, "delta": 10.614726}}
{"target": 61.894670427784575, "params": {"h": 32.0, "p": 319.0, "r": 126.0}, "datetime": {"datetime": "2024-05-04 17:20:09", "elapsed": 742.718406, "delta": 10.688426}}
{"target": 42.872291349860895, "params": {"h": 36.0, "p": 315.0, "r": 128.0}, "datetime": {"datetime": "2024-05-04 17:20:19", "elapsed": 753.07177, "delta": 10.353364}}
{"target": 32.29638808240913, "params": {"h": 29.0, "p": 317.0, "r": 129.0}, "datetime": {"datetime": "2024-05-04 17:20:30", "elapsed": 763.677528, "delta": 10.605758}}
{"target": 89.01232032034333, "params": {"h": 34.0, "p": 318.0, "r": 129.0}, "datetime": {"datetime": "2024-05-04 17:20:41", "elapsed": 775.132189, "delta": 11.454661}}
{"target": 0.0, "params": {"h": 32.0, "p": 312.0, "r": 132.0}, "datetime": {"datetime": "2024-05-04 17:20:42", "elapsed": 775.288446, "delta": 0.156257}}
{"target": 61.141870107545394, "params": {"h": 32.0, "p": 320.0, "r": 129.0}, "datetime": {"datetime": "2024-05-04 17:20:54", "elapsed": 788.157891, "delta": 12.869445}}
{"target": 17.955604451830094, "params": {"h": 37.0, "p": 326.0, "r": 125.0}, "datetime": {"datetime": "2024-05-04 17:21:07", "elapsed": 800.688457, "delta": 12.530566}}
{"target": 81.76917914218161, "params": {"h": 34.0, "p": 316.0, "r": 131.0}, "datetime": {"datetime": "2024-05-04 17:21:18", "elapsed": 811.760599, "delta": 11.072142}}
{"target": 0.0, "params": {"h": 38.0, "p": 323.0, "r": 140.0}, "datetime": {"datetime": "2024-05-04 17:21:18", "elapsed": 811.932484, "delta": 0.171885}}
{"target": 79.21670544303386, "params": {"h": 29.0, "p": 315.0, "r": 124.0}, "datetime": {"datetime": "2024-05-04 17:21:29", "elapsed": 822.86426, "delta": 10.931776}}
{"target": 72.18543883966791, "params": {"h": 36.0, "p": 320.0, "r": 132.0}, "datetime": {"datetime": "2024-05-04 17:21:40", "elapsed": 834.030402, "delta": 11.166142}}
{"target": 10.69024250968804, "params": {"h": 23.0, "p": 339.0, "r": 124.0}, "datetime": {"datetime": "2024-05-04 17:21:55", "elapsed": 848.321615, "delta": 14.291213}}
{"target": 0.03429476757468806, "params": {"h": 58.0, "p": 760.0, "r": 16.0}, "datetime": {"datetime": "2024-05-04 17:23:14", "elapsed": 927.505828, "delta": 79.184213}}
{"target": 3.8130914112010714, "params": {"h": 44.0, "p": 670.0, "r": 146.0}, "datetime": {"datetime": "2024-05-04 17:23:39", "elapsed": 953.02608, "delta": 25.520252}}
{"target": 0.24507521561428225, "params": {"h": 57.0, "p": 869.0, "r": 29.0}, "datetime": {"datetime": "2024-05-04 17:24:44", "elapsed": 1017.257825, "delta": 64.231745}}
{"target": 0.0, "params": {"h": 36.0, "p": 316.0, "r": 135.0}, "datetime": {"datetime": "2024-05-04 17:24:44", "elapsed": 1017.471017, "delta": 0.213192}}
{"target": 47.25200279784265, "params": {"h": 31.0, "p": 316.0, "r": 124.0}, "datetime": {"datetime": "2024-05-04 17:24:56", "elapsed": 1029.514139, "delta": 12.043122}}
{"target": 69.88986272409592, "params": {"h": 41.0, "p": 324.0, "r": 133.0}, "datetime": {"datetime": "2024-05-04 17:25:07", "elapsed": 1040.763843, "delta": 11.249704}}
{"target": 75.30151949338479, "params": {"h": 41.0, "p": 322.0, "r": 134.0}, "datetime": {"datetime": "2024-05-04 17:25:20", "elapsed": 1053.367453, "delta": 12.60361}}
{"target": 40.511708022776, "params": {"h": 32.0, "p": 317.0, "r": 131.0}, "datetime": {"datetime": "2024-05-04 17:25:32", "elapsed": 1065.330733, "delta": 11.96328}}
{"target": 41.75952805966773, "params": {"h": 36.0, "p": 323.0, "r": 133.0}, "datetime": {"datetime": "2024-05-04 17:25:43", "elapsed": 1077.138152, "delta": 11.807419}}
{"target": 59.785746102001056, "params": {"h": 33.0, "p": 322.0, "r": 127.0}, "datetime": {"datetime": "2024-05-04 17:25:55", "elapsed": 1088.71519, "delta": 11.577038}}
{"target": 33.32623747403328, "params": {"h": 42.0, "p": 322.0, "r": 136.0}, "datetime": {"datetime": "2024-05-04 17:26:05", "elapsed": 1098.699319, "delta": 9.984129}}
{"target": 92.76759684505849, "params": {"h": 36.0, "p": 320.0, "r": 131.0}, "datetime": {"datetime": "2024-05-04 17:26:17", "elapsed": 1110.709276, "delta": 12.009957}}
{"target": 22.88084898598671, "params": {"h": 43.0, "p": 330.0, "r": 131.0}, "datetime": {"datetime": "2024-05-04 17:26:28", "elapsed": 1121.922454, "delta": 11.213178}}
{"target": 0.0, "params": {"h": 47.0, "p": 318.0, "r": 135.0}, "datetime": {"datetime": "2024-05-04 17:26:28", "elapsed": 1122.047458, "delta": 0.125004}}
{"target": 1.0553288331412995, "params": {"h": 26.0, "p": 898.0, "r": 70.0}, "datetime": {"datetime": "2024-05-04 17:27:14", "elapsed": 1167.436077, "delta": 45.388619}}
{"target": 53.43384090379073, "params": {"h": 34.0, "p": 317.0, "r": 127.0}, "datetime": {"datetime": "2024-05-04 17:27:25", "elapsed": 1178.992647, "delta": 11.55657}}
{"target": 75.18695623520681, "params": {"h": 36.0, "p": 322.0, "r": 130.0}, "datetime": {"datetime": "2024-05-04 17:27:37", "elapsed": 1191.002572, "delta": 12.009925}}
{"target": 88.41951619607, "params": {"h": 35.0, "p": 320.0, "r": 130.0}, "datetime": {"datetime": "2024-05-04 17:27:49", "elapsed": 1203.106213, "delta": 12.103641}}
{"target": 20.612718487401498, "params": {"h": 45.0, "p": 322.0, "r": 130.0}, "datetime": {"datetime": "2024-05-04 17:28:01", "elapsed": 1214.81931, "delta": 11.713097}}
{"target": 2.699767743817237, "params": {"h": 26.0, "p": 555.0, "r": 115.0}, "datetime": {"datetime": "2024-05-04 17:28:23", "elapsed": 1236.719891, "delta": 21.900581}}
{"target": 2.21173575601359, "params": {"h": 29.0, "p": 725.0, "r": 145.0}, "datetime": {"datetime": "2024-05-04 17:28:53", "elapsed": 1267.076101, "delta": 30.35621}}
{"target": 5.542376931969445, "params": {"h": 59.0, "p": 419.0, "r": 116.0}, "datetime": {"datetime": "2024-05-04 17:29:09", "elapsed": 1282.934897, "delta": 15.858796}}
{"target": 0.993358634930314, "params": {"h": 36.0, "p": 941.0, "r": 132.0}, "datetime": {"datetime": "2024-05-04 17:29:57", "elapsed": 1331.005662, "delta": 48.070765}}
{"target": 44.80659876198218, "params": {"h": 38.0, "p": 325.0, "r": 130.0}, "datetime": {"datetime": "2024-05-04 17:30:09", "elapsed": 1343.209828, "delta": 12.204166}}
{"target": 57.6168313748445, "params": {"h": 33.0, "p": 314.0, "r": 129.0}, "datetime": {"datetime": "2024-05-04 17:30:21", "elapsed": 1354.475548, "delta": 11.26572}}
{"target": 0.4078713780067367, "params": {"h": 56.0, "p": 417.0, "r": 23.0}, "datetime": {"datetime": "2024-05-04 17:31:05", "elapsed": 1399.205055, "delta": 44.729507}}
{"target": 39.55930689879815, "params": {"h": 42.0, "p": 321.0, "r": 131.0}, "datetime": {"datetime": "2024-05-04 17:31:17", "elapsed": 1410.871138, "delta": 11.666083}}
{"target": 0.0, "params": {"h": 37.0, "p": 155.0, "r": 69.0}, "datetime": {"datetime": "2024-05-04 17:31:17", "elapsed": 1411.043022, "delta": 0.171884}}
{"target": 96.02041016516881, "params": {"h": 35.0, "p": 318.0, "r": 130.0}, "datetime": {"datetime": "2024-05-04 17:31:29", "elapsed": 1422.787119, "delta": 11.744097}}
{"target": 1.5376513920418033, "params": {"h": 46.0, "p": 812.0, "r": 144.0}, "datetime": {"datetime": "2024-05-04 17:32:04", "elapsed": 1457.630064, "delta": 34.842945}}
{"target": 0.9289954486538574, "params": {"h": 41.0, "p": 978.0, "r": 85.0}, "datetime": {"datetime": "2024-05-04 17:32:57", "elapsed": 1510.633348, "delta": 53.003284}}
{"target": 50.06686762497995, "params": {"h": 55.0, "p": 252.0, "r": 59.0}, "datetime": {"datetime": "2024-05-04 17:33:15", "elapsed": 1528.61693, "delta": 17.983582}}
{"target": 53.51823876976896, "params": {"h": 50.0, "p": 253.0, "r": 58.0}, "datetime": {"datetime": "2024-05-04 17:33:32", "elapsed": 1545.61597, "delta": 16.99904}}
{"target": 49.9647353366867, "params": {"h": 51.0, "p": 249.0, "r": 61.0}, "datetime": {"datetime": "2024-05-04 17:33:48", "elapsed": 1561.730088, "delta": 16.114118}}
{"target": 50.26919237072196, "params": {"h": 50.0, "p": 250.0, "r": 55.0}, "datetime": {"datetime": "2024-05-04 17:34:06", "elapsed": 1580.010598, "delta": 18.28051}}
{"target": 58.33388505706613, "params": {"h": 46.0, "p": 254.0, "r": 56.0}, "datetime": {"datetime": "2024-05-04 17:34:24", "elapsed": 1597.979044, "delta": 17.968446}}
{"target": 47.72391391464707, "params": {"h": 53.0, "p": 254.0, "r": 54.0}, "datetime": {"datetime": "2024-05-04 17:34:43", "elapsed": 1616.343296, "delta": 18.364252}}
{"target": 56.82050324812365, "params": {"h": 44.0, "p": 256.0, "r": 61.0}, "datetime": {"datetime": "2024-05-04 17:35:00", "elapsed": 1633.514317, "delta": 17.171021}}
{"target": 46.48116700894445, "params": {"h": 46.0, "p": 252.0, "r": 66.0}, "datetime": {"datetime": "2024-05-04 17:35:16", "elapsed": 1649.706635, "delta": 16.192318}}
{"target": 59.180886970625124, "params": {"h": 43.0, "p": 249.0, "r": 56.0}, "datetime": {"datetime": "2024-05-04 17:35:34", "elapsed": 1667.440653, "delta": 17.734018}}
{"target": 53.03145129360347, "params": {"h": 43.0, "p": 249.0, "r": 62.0}, "datetime": {"datetime": "2024-05-04 17:35:49", "elapsed": 1682.924147, "delta": 15.483494}}
{"target": 87.72884459203323, "params": {"h": 35.0, "p": 318.0, "r": 131.0}, "datetime": {"datetime": "2024-05-04 17:36:00", "elapsed": 1694.002261, "delta": 11.078114}}
{"target": 66.05506117278836, "params": {"h": 40.0, "p": 257.0, "r": 58.0}, "datetime": {"datetime": "2024-05-04 17:36:19", "elapsed": 1712.501878, "delta": 18.499617}}
{"target": 58.57175063112566, "params": {"h": 43.0, "p": 258.0, "r": 52.0}, "datetime": {"datetime": "2024-05-04 17:36:38", "elapsed": 1731.808236, "delta": 19.306358}}
{"target": 77.33438527064222, "params": {"h": 36.0, "p": 258.0, "r": 54.0}, "datetime": {"datetime": "2024-05-04 17:36:55", "elapsed": 1748.563012, "delta": 16.754776}}
{"target": 66.18087372760559, "params": {"h": 35.0, "p": 254.0, "r": 58.0}, "datetime": {"datetime": "2024-05-04 17:37:11", "elapsed": 1764.343086, "delta": 15.780074}}
{"target": 79.23139201645834, "params": {"h": 30.0, "p": 254.0, "r": 54.0}, "datetime": {"datetime": "2024-05-04 17:37:26", "elapsed": 1779.957006, "delta": 15.61392}}
{"target": 74.27528013629603, "params": {"h": 36.0, "p": 255.0, "r": 55.0}, "datetime": {"datetime": "2024-05-04 17:37:43", "elapsed": 1796.367974, "delta": 16.410968}}
{"target": 84.61603070488916, "params": {"h": 32.0, "p": 253.0, "r": 52.0}, "datetime": {"datetime": "2024-05-04 17:37:59", "elapsed": 1812.679577, "delta": 16.311603}}
{"target": 89.42970099438732, "params": {"h": 30.0, "p": 257.0, "r": 52.0}, "datetime": {"datetime": "2024-05-04 17:38:16", "elapsed": 1829.434296, "delta": 16.754719}}
{"target": 88.7323446832505, "params": {"h": 29.0, "p": 256.0, "r": 52.0}, "datetime": {"datetime": "2024-05-04 17:38:33", "elapsed": 1846.339607, "delta": 16.905311}}
{"target": 60.887971081288946, "params": {"h": 37.0, "p": 255.0, "r": 49.0}, "datetime": {"datetime": "2024-05-04 17:38:50", "elapsed": 1863.704821, "delta": 17.365214}}
{"target": 86.98403227557802, "params": {"h": 33.0, "p": 260.0, "r": 52.0}, "datetime": {"datetime": "2024-05-04 17:39:07", "elapsed": 1880.42854, "delta": 16.723719}}
{"target": 77.1402994578317, "params": {"h": 33.0, "p": 247.0, "r": 51.0}, "datetime": {"datetime": "2024-05-04 17:39:25", "elapsed": 1898.490299, "delta": 18.061759}}
{"target": 80.15063902102635, "params": {"h": 30.0, "p": 262.0, "r": 54.0}, "datetime": {"datetime": "2024-05-04 17:39:41", "elapsed": 1915.17692, "delta": 16.686621}}
{"target": 76.7587986050211, "params": {"h": 34.0, "p": 250.0, "r": 53.0}, "datetime": {"datetime": "2024-05-04 17:39:59", "elapsed": 1932.572362, "delta": 17.395442}}
{"target": 102.51974224901528, "params": {"h": 27.0, "p": 255.0, "r": 49.0}, "datetime": {"datetime": "2024-05-04 17:40:16", "elapsed": 1950.024762, "delta": 17.4524}}
{"target": 96.56117564640896, "params": {"h": 29.0, "p": 255.0, "r": 49.0}, "datetime": {"datetime": "2024-05-04 17:40:34", "elapsed": 1967.476894, "delta": 17.452132}}
{"target": 103.60807592787349, "params": {"h": 27.0, "p": 257.0, "r": 49.0}, "datetime": {"datetime": "2024-05-04 17:40:52", "elapsed": 1985.288593, "delta": 17.811699}}
{"target": 90.37585094902389, "params": {"h": 25.0, "p": 256.0, "r": 50.0}, "datetime": {"datetime": "2024-05-04 17:41:08", "elapsed": 2001.7938, "delta": 16.505207}}
{"target": 79.75364187313566, "params": {"h": 25.0, "p": 261.0, "r": 51.0}, "datetime": {"datetime": "2024-05-04 17:41:24", "elapsed": 2017.855854, "delta": 16.062054}}
{"target": 80.05716783308982, "params": {"h": 26.0, "p": 258.0, "r": 43.0}, "datetime": {"datetime": "2024-05-04 17:41:42", "elapsed": 2035.855384, "delta": 17.99953}}
{"target": 69.02773660728965, "params": {"h": 32.0, "p": 251.0, "r": 47.0}, "datetime": {"datetime": "2024-05-04 17:42:00", "elapsed": 2053.343807, "delta": 17.488423}}
{"target": 63.62219704232564, "params": {"h": 32.0, "p": 259.0, "r": 46.0}, "datetime": {"datetime": "2024-05-04 17:42:18", "elapsed": 2071.968509, "delta": 18.624702}}
{"target": 89.10855490506532, "params": {"h": 33.0, "p": 264.0, "r": 50.0}, "datetime": {"datetime": "2024-05-04 17:42:36", "elapsed": 2089.952355, "delta": 17.983846}}
{"target": 90.78961197716644, "params": {"h": 29.0, "p": 250.0, "r": 51.0}, "datetime": {"datetime": "2024-05-04 17:42:53", "elapsed": 2106.4642, "delta": 16.511845}}
{"target": 122.33419700676951, "params": {"h": 24.0, "p": 263.0, "r": 46.0}, "datetime": {"datetime": "2024-05-04 17:43:10", "elapsed": 2123.901614, "delta": 17.437414}}
{"target": 112.67069052358508, "params": {"h": 24.0, "p": 260.0, "r": 47.0}, "datetime": {"datetime": "2024-05-04 17:43:28", "elapsed": 2141.447636, "delta": 17.546022}}
{"target": 136.32574271371413, "params": {"h": 22.0, "p": 261.0, "r": 43.0}, "datetime": {"datetime": "2024-05-04 17:43:46", "elapsed": 2160.042767, "delta": 18.595131}}
{"target": 70.75779804547832, "params": {"h": 17.0, "p": 261.0, "r": 42.0}, "datetime": {"datetime": "2024-05-04 17:44:04", "elapsed": 2177.63567, "delta": 17.592903}}
{"target": 125.04637692810242, "params": {"h": 20.0, "p": 265.0, "r": 43.0}, "datetime": {"datetime": "2024-05-04 17:44:20", "elapsed": 2194.219045, "delta": 16.583375}}
