{"target": 0.978254118672011, "params": {"h": 26.0, "p": 886.0, "r": 122.0}, "datetime": {"datetime": "2024-05-11 14:56:35", "elapsed": 0.0, "delta": 0.0}}
{"target": 10.782344652299871, "params": {"h": 46.0, "p": 117.0, "r": 30.0}, "datetime": {"datetime": "2024-05-11 14:56:59", "elapsed": 23.38179, "delta": 23.38179}}
{"target": 0.0559433400222405, "params": {"h": 35.0, "p": 934.0, "r": 21.0}, "datetime": {"datetime": "2024-05-11 14:58:40", "elapsed": 125.037127, "delta": 101.655337}}
{"target": 0.0, "params": {"h": 51.0, "p": 207.0, "r": 150.0}, "datetime": {"datetime": "2024-05-11 14:58:40", "elapsed": 125.037127, "delta": 0.0}}
{"target": 2.43261985445087, "params": {"h": 56.0, "p": 637.0, "r": 86.0}, "datetime": {"datetime": "2024-05-11 14:59:17", "elapsed": 162.059047, "delta": 37.02192}}
{"target": 6.349105676605348, "params": {"h": 50.0, "p": 472.0, "r": 129.0}, "datetime": {"datetime": "2024-05-11 14:59:39", "elapsed": 183.896755, "delta": 21.837708}}
{"target": 1.3434948608385011, "params": {"h": 32.0, "p": 782.0, "r": 82.0}, "datetime": {"datetime": "2024-05-11 15:00:23", "elapsed": 227.304468, "delta": 43.407713}}
{"target": 11.560509187030584, "params": {"h": 23.0, "p": 310.0, "r": 101.0}, "datetime": {"datetime": "2024-05-11 15:00:36", "elapsed": 240.776039, "delta": 13.471571}}
{"target": 4.060072671645331, "params": {"h": 39.0, "p": 695.0, "r": 42.0}, "datetime": {"datetime": "2024-05-11 15:01:21", "elapsed": 286.204236, "delta": 45.428197}}
{"target": 2.831428083202903, "params": {"h": 15.0, "p": 398.0, "r": 60.0}, "datetime": {"datetime": "2024-05-11 15:01:39", "elapsed": 303.865989, "delta": 17.661753}}
{"target": 11.305122915543418, "params": {"h": 22.0, "p": 311.0, "r": 102.0}, "datetime": {"datetime": "2024-05-11 15:01:53", "elapsed": 317.636249, "delta": 13.77026}}
{"target": 16.816113132879437, "params": {"h": 32.0, "p": 301.0, "r": 90.0}, "datetime": {"datetime": "2024-05-11 15:02:07", "elapsed": 331.851862, "delta": 14.215613}}
{"target": 21.92465662810642, "params": {"h": 37.0, "p": 296.0, "r": 83.0}, "datetime": {"datetime": "2024-05-11 15:02:23", "elapsed": 347.427443, "delta": 15.575581}}
{"target": 32.0463581639525, "params": {"h": 43.0, "p": 290.0, "r": 75.0}, "datetime": {"datetime": "2024-05-11 15:02:37", "elapsed": 361.80913, "delta": 14.381687}}
{"target": 44.890006632049044, "params": {"h": 48.0, "p": 285.0, "r": 69.0}, "datetime": {"datetime": "2024-05-11 15:02:50", "elapsed": 374.937517, "delta": 13.128387}}
{"target": 51.522309592817756, "params": {"h": 53.0, "p": 273.0, "r": 66.0}, "datetime": {"datetime": "2024-05-11 15:03:05", "elapsed": 390.24697, "delta": 15.309453}}
{"target": 58.97594715872182, "params": {"h": 58.0, "p": 279.0, "r": 56.0}, "datetime": {"datetime": "2024-05-11 15:03:26", "elapsed": 410.710672, "delta": 20.463702}}
{"target": 16.084016917325886, "params": {"h": 51.0, "p": 279.0, "r": 42.0}, "datetime": {"datetime": "2024-05-11 15:03:51", "elapsed": 436.155781, "delta": 25.445109}}
{"target": 60.68792479383267, "params": {"h": 60.0, "p": 280.0, "r": 61.0}, "datetime": {"datetime": "2024-05-11 15:04:11", "elapsed": 455.472282, "delta": 19.316501}}
{"target": 58.26022873439962, "params": {"h": 60.0, "p": 275.0, "r": 59.0}, "datetime": {"datetime": "2024-05-11 15:04:31", "elapsed": 475.356368, "delta": 19.884086}}
{"target": 73.8219189936598, "params": {"h": 59.0, "p": 312.0, "r": 60.0}, "datetime": {"datetime": "2024-05-11 15:04:51", "elapsed": 495.743439, "delta": 20.387071}}
{"target": 89.71316980215185, "params": {"h": 60.0, "p": 322.0, "r": 56.0}, "datetime": {"datetime": "2024-05-11 15:05:16", "elapsed": 520.315712, "delta": 24.572273}}
{"target": 100.65746946042822, "params": {"h": 60.0, "p": 332.0, "r": 53.0}, "datetime": {"datetime": "2024-05-11 15:05:45", "elapsed": 550.220415, "delta": 29.904703}}
{"target": 30.677286926337022, "params": {"h": 60.0, "p": 345.0, "r": 63.0}, "datetime": {"datetime": "2024-05-11 15:06:12", "elapsed": 577.179055, "delta": 26.95864}}
{"target": 31.207877057159692, "params": {"h": 60.0, "p": 330.0, "r": 45.0}, "datetime": {"datetime": "2024-05-11 15:06:47", "elapsed": 611.446549, "delta": 34.267494}}
{"target": 84.0318781930216, "params": {"h": 60.0, "p": 330.0, "r": 57.0}, "datetime": {"datetime": "2024-05-11 15:07:14", "elapsed": 639.024604, "delta": 27.578055}}
{"target": 86.7455361749379, "params": {"h": 56.0, "p": 331.0, "r": 56.0}, "datetime": {"datetime": "2024-05-11 15:07:42", "elapsed": 666.282651, "delta": 27.258047}}
{"target": 106.68632584031275, "params": {"h": 59.0, "p": 339.0, "r": 51.0}, "datetime": {"datetime": "2024-05-11 15:08:13", "elapsed": 697.52649, "delta": 31.243839}}
{"target": 85.83897615351587, "params": {"h": 59.0, "p": 335.0, "r": 56.0}, "datetime": {"datetime": "2024-05-11 15:08:41", "elapsed": 725.973456, "delta": 28.446966}}
{"target": 108.88288655342589, "params": {"h": 56.0, "p": 338.0, "r": 51.0}, "datetime": {"datetime": "2024-05-11 15:09:10", "elapsed": 754.940429, "delta": 28.966973}}
{"target": 108.84941119569241, "params": {"h": 55.0, "p": 343.0, "r": 49.0}, "datetime": {"datetime": "2024-05-11 15:09:40", "elapsed": 785.168648, "delta": 30.228219}}
{"target": 122.79451738157972, "params": {"h": 45.0, "p": 342.0, "r": 48.0}, "datetime": {"datetime": "2024-05-11 15:10:09", "elapsed": 813.656002, "delta": 28.487354}}
{"target": 69.73921497371668, "params": {"h": 45.0, "p": 341.0, "r": 54.0}, "datetime": {"datetime": "2024-05-11 15:10:35", "elapsed": 840.185037, "delta": 26.529035}}
{"target": 51.55091229409073, "params": {"h": 46.0, "p": 343.0, "r": 44.0}, "datetime": {"datetime": "2024-05-11 15:11:07", "elapsed": 871.753994, "delta": 31.568957}}
{"target": 132.02208336731073, "params": {"h": 39.0, "p": 339.0, "r": 48.0}, "datetime": {"datetime": "2024-05-11 15:11:35", "elapsed": 900.038797, "delta": 28.284803}}
{"target": 86.95963332145149, "params": {"h": 41.0, "p": 344.0, "r": 51.0}, "datetime": {"datetime": "2024-05-11 15:12:02", "elapsed": 926.363643, "delta": 26.324846}}
{"target": 119.3113101441109, "params": {"h": 43.0, "p": 333.0, "r": 50.0}, "datetime": {"datetime": "2024-05-11 15:12:29", "elapsed": 953.956015, "delta": 27.592372}}
{"target": 73.31024802969101, "params": {"h": 43.0, "p": 334.0, "r": 46.0}, "datetime": {"datetime": "2024-05-11 15:12:58", "elapsed": 982.774664, "delta": 28.818649}}
{"target": 77.94445542019645, "params": {"h": 39.0, "p": 334.0, "r": 53.0}, "datetime": {"datetime": "2024-05-11 15:13:24", "elapsed": 1008.783653, "delta": 26.008989}}
{"target": 69.98465882220626, "params": {"h": 59.0, "p": 342.0, "r": 47.0}, "datetime": {"datetime": "2024-05-11 15:13:56", "elapsed": 1040.63273, "delta": 31.849077}}
{"target": 126.40354738884542, "params": {"h": 42.0, "p": 339.0, "r": 49.0}, "datetime": {"datetime": "2024-05-11 15:14:24", "elapsed": 1068.825494, "delta": 28.192764}}
{"target": 113.48875208192325, "params": {"h": 52.0, "p": 340.0, "r": 50.0}, "datetime": {"datetime": "2024-05-11 15:14:54", "elapsed": 1098.412112, "delta": 29.586618}}
{"target": 87.72738665878533, "params": {"h": 47.0, "p": 327.0, "r": 55.0}, "datetime": {"datetime": "2024-05-11 15:15:17", "elapsed": 1121.660914, "delta": 23.248802}}
{"target": 108.97790352371334, "params": {"h": 48.0, "p": 333.0, "r": 52.0}, "datetime": {"datetime": "2024-05-11 15:15:42", "elapsed": 1146.961701, "delta": 25.300787}}
{"target": 135.97808309016713, "params": {"h": 34.0, "p": 336.0, "r": 46.0}, "datetime": {"datetime": "2024-05-11 15:16:05", "elapsed": 1170.184858, "delta": 23.223157}}
{"target": 27.30020219014864, "params": {"h": 32.0, "p": 342.0, "r": 39.0}, "datetime": {"datetime": "2024-05-11 15:16:28", "elapsed": 1192.784992, "delta": 22.600134}}
{"target": 129.3964001364605, "params": {"h": 35.0, "p": 338.0, "r": 48.0}, "datetime": {"datetime": "2024-05-11 15:16:50", "elapsed": 1215.127948, "delta": 22.342956}}
{"target": 146.35377979879647, "params": {"h": 30.0, "p": 331.0, "r": 45.0}, "datetime": {"datetime": "2024-05-11 15:17:11", "elapsed": 1235.773924, "delta": 20.645976}}
{"target": 64.96817002735933, "params": {"h": 28.0, "p": 333.0, "r": 49.0}, "datetime": {"datetime": "2024-05-11 15:17:31", "elapsed": 1255.48504, "delta": 19.711116}}
{"target": 121.69759831489438, "params": {"h": 33.0, "p": 325.0, "r": 46.0}, "datetime": {"datetime": "2024-05-11 15:17:52", "elapsed": 1277.248586, "delta": 21.763546}}
{"target": 104.4840534987532, "params": {"h": 29.0, "p": 326.0, "r": 43.0}, "datetime": {"datetime": "2024-05-11 15:18:19", "elapsed": 1303.721536, "delta": 26.47295}}
{"target": 132.85331658392926, "params": {"h": 33.0, "p": 331.0, "r": 46.0}, "datetime": {"datetime": "2024-05-11 15:18:46", "elapsed": 1330.733908, "delta": 27.012372}}
{"target": 111.35676689870381, "params": {"h": 37.0, "p": 320.0, "r": 51.0}, "datetime": {"datetime": "2024-05-11 15:19:12", "elapsed": 1356.804258, "delta": 26.07035}}
{"target": 34.15004754606955, "params": {"h": 36.0, "p": 319.0, "r": 42.0}, "datetime": {"datetime": "2024-05-11 15:19:41", "elapsed": 1385.930726, "delta": 29.126468}}
{"target": 41.50856167859636, "params": {"h": 35.0, "p": 331.0, "r": 42.0}, "datetime": {"datetime": "2024-05-11 15:20:11", "elapsed": 1415.358541, "delta": 29.427815}}
{"target": 47.38080417690603, "params": {"h": 28.0, "p": 317.0, "r": 53.0}, "datetime": {"datetime": "2024-05-11 15:20:34", "elapsed": 1438.419514, "delta": 23.060973}}
{"target": 96.73355092159312, "params": {"h": 41.0, "p": 325.0, "r": 53.0}, "datetime": {"datetime": "2024-05-11 15:21:01", "elapsed": 1465.521962, "delta": 27.102448}}
{"target": 124.92080420101435, "params": {"h": 31.0, "p": 335.0, "r": 44.0}, "datetime": {"datetime": "2024-05-11 15:21:28", "elapsed": 1493.19882, "delta": 27.676858}}
{"target": 100.1743569875751, "params": {"h": 35.0, "p": 326.0, "r": 51.0}, "datetime": {"datetime": "2024-05-11 15:21:55", "elapsed": 1519.410838, "delta": 26.212018}}
{"target": 84.07354957132736, "params": {"h": 40.0, "p": 314.0, "r": 55.0}, "datetime": {"datetime": "2024-05-11 15:22:21", "elapsed": 1545.746204, "delta": 26.335366}}
{"target": 76.4545041533256, "params": {"h": 52.0, "p": 319.0, "r": 50.0}, "datetime": {"datetime": "2024-05-11 15:22:51", "elapsed": 1576.0109, "delta": 30.264696}}
{"target": 121.90595120767135, "params": {"h": 20.0, "p": 331.0, "r": 37.0}, "datetime": {"datetime": "2024-05-11 15:23:19", "elapsed": 1603.308371, "delta": 27.297471}}
{"target": 21.312133467542505, "params": {"h": 16.0, "p": 336.0, "r": 41.0}, "datetime": {"datetime": "2024-05-11 15:23:45", "elapsed": 1629.292535, "delta": 25.984164}}
{"target": 14.634258266294735, "params": {"h": 21.0, "p": 324.0, "r": 33.0}, "datetime": {"datetime": "2024-05-11 15:24:14", "elapsed": 1658.408523, "delta": 29.115988}}
{"target": 170.6537984849069, "params": {"h": 23.0, "p": 329.0, "r": 41.0}, "datetime": {"datetime": "2024-05-11 15:24:40", "elapsed": 1684.675002, "delta": 26.266479}}
{"target": 125.64557361845395, "params": {"h": 23.0, "p": 331.0, "r": 43.0}, "datetime": {"datetime": "2024-05-11 15:25:06", "elapsed": 1710.622225, "delta": 25.947223}}
{"target": 26.239345119668858, "params": {"h": 19.0, "p": 324.0, "r": 46.0}, "datetime": {"datetime": "2024-05-11 15:25:29", "elapsed": 1733.589077, "delta": 22.966852}}
{"target": 33.00130996578864, "params": {"h": 39.0, "p": 322.0, "r": 63.0}, "datetime": {"datetime": "2024-05-11 15:25:52", "elapsed": 1757.192426, "delta": 23.603349}}
{"target": 76.8908809659091, "params": {"h": 24.0, "p": 328.0, "r": 39.0}, "datetime": {"datetime": "2024-05-11 15:26:18", "elapsed": 1782.815176, "delta": 25.62275}}
{"target": 177.57510099062142, "params": {"h": 21.0, "p": 328.0, "r": 40.0}, "datetime": {"datetime": "2024-05-11 15:26:41", "elapsed": 1805.544786, "delta": 22.72961}}
{"target": 77.28233355321036, "params": {"h": 54.0, "p": 341.0, "r": 55.0}, "datetime": {"datetime": "2024-05-11 15:27:07", "elapsed": 1831.754894, "delta": 26.210108}}
{"target": 59.314175399780886, "params": {"h": 35.0, "p": 340.0, "r": 52.0}, "datetime": {"datetime": "2024-05-11 15:27:30", "elapsed": 1855.234612, "delta": 23.479718}}
{"target": 55.27256067927122, "params": {"h": 19.0, "p": 330.0, "r": 42.0}, "datetime": {"datetime": "2024-05-11 15:27:51", "elapsed": 1875.631954, "delta": 20.397342}}
{"target": 177.12575468151215, "params": {"h": 21.0, "p": 327.0, "r": 40.0}, "datetime": {"datetime": "2024-05-11 15:28:12", "elapsed": 1896.754909, "delta": 21.122955}}
{"target": 101.72808008854372, "params": {"h": 53.0, "p": 332.0, "r": 51.0}, "datetime": {"datetime": "2024-05-11 15:28:36", "elapsed": 1921.120177, "delta": 24.365268}}
{"target": 103.00535553387103, "params": {"h": 43.0, "p": 327.0, "r": 49.0}, "datetime": {"datetime": "2024-05-11 15:28:59", "elapsed": 1943.989997, "delta": 22.86982}}
{"target": 116.92885116794437, "params": {"h": 19.0, "p": 325.0, "r": 40.0}, "datetime": {"datetime": "2024-05-11 15:29:21", "elapsed": 1965.785139, "delta": 21.795142}}
{"target": 54.910241275729646, "params": {"h": 54.0, "p": 339.0, "r": 46.0}, "datetime": {"datetime": "2024-05-11 15:29:49", "elapsed": 1994.169392, "delta": 28.384253}}
{"target": 129.8082626599906, "params": {"h": 36.0, "p": 344.0, "r": 45.0}, "datetime": {"datetime": "2024-05-11 15:30:17", "elapsed": 2021.353422, "delta": 27.18403}}
{"target": 126.0218890244, "params": {"h": 31.0, "p": 325.0, "r": 48.0}, "datetime": {"datetime": "2024-05-11 15:30:40", "elapsed": 2044.428701, "delta": 23.075279}}
{"target": 129.05128822234602, "params": {"h": 37.0, "p": 342.0, "r": 48.0}, "datetime": {"datetime": "2024-05-11 15:31:04", "elapsed": 2068.961141, "delta": 24.53244}}
{"target": 149.0756402432798, "params": {"h": 21.0, "p": 327.0, "r": 41.0}, "datetime": {"datetime": "2024-05-11 15:31:27", "elapsed": 2092.161958, "delta": 23.200817}}
{"target": 150.49287757188057, "params": {"h": 31.0, "p": 339.0, "r": 45.0}, "datetime": {"datetime": "2024-05-11 15:31:51", "elapsed": 2115.978533, "delta": 23.816575}}
{"target": 114.91638110712496, "params": {"h": 47.0, "p": 336.0, "r": 51.0}, "datetime": {"datetime": "2024-05-11 15:32:18", "elapsed": 2143.048806, "delta": 27.070273}}
{"target": 121.55177510606852, "params": {"h": 31.0, "p": 329.0, "r": 48.0}, "datetime": {"datetime": "2024-05-11 15:32:41", "elapsed": 2166.238101, "delta": 23.189295}}
{"target": 146.7281846829087, "params": {"h": 29.0, "p": 341.0, "r": 45.0}, "datetime": {"datetime": "2024-05-11 15:33:07", "elapsed": 2192.121869, "delta": 25.883768}}
{"target": 91.56224652806335, "params": {"h": 52.0, "p": 346.0, "r": 52.0}, "datetime": {"datetime": "2024-05-11 15:33:35", "elapsed": 2219.763812, "delta": 27.641943}}
{"target": 41.51031565040734, "params": {"h": 31.0, "p": 347.0, "r": 50.0}, "datetime": {"datetime": "2024-05-11 15:33:58", "elapsed": 2243.136163, "delta": 23.372351}}
{"target": 111.18983872401556, "params": {"h": 32.0, "p": 338.0, "r": 48.0}, "datetime": {"datetime": "2024-05-11 15:34:22", "elapsed": 2266.608926, "delta": 23.472763}}
{"target": 165.92776373892067, "params": {"h": 24.0, "p": 335.0, "r": 41.0}, "datetime": {"datetime": "2024-05-11 15:34:47", "elapsed": 2291.752648, "delta": 25.143722}}
{"target": 100.43108730823596, "params": {"h": 27.0, "p": 338.0, "r": 46.0}, "datetime": {"datetime": "2024-05-11 15:35:12", "elapsed": 2316.644769, "delta": 24.892121}}
{"target": 121.30046547995507, "params": {"h": 35.0, "p": 340.0, "r": 45.0}, "datetime": {"datetime": "2024-05-11 15:35:38", "elapsed": 2342.764485, "delta": 26.119716}}
{"target": 78.5915218369378, "params": {"h": 38.0, "p": 348.0, "r": 43.0}, "datetime": {"datetime": "2024-05-11 15:36:07", "elapsed": 2372.122589, "delta": 29.358104}}
{"target": 31.202588860312215, "params": {"h": 25.0, "p": 338.0, "r": 37.0}, "datetime": {"datetime": "2024-05-11 15:36:35", "elapsed": 2400.100935, "delta": 27.978346}}
{"target": 64.78456963282333, "params": {"h": 22.0, "p": 337.0, "r": 44.0}, "datetime": {"datetime": "2024-05-11 15:36:58", "elapsed": 2423.044081, "delta": 22.943146}}
{"target": 54.7899131429679, "params": {"h": 58.0, "p": 323.0, "r": 63.0}, "datetime": {"datetime": "2024-05-11 15:37:21", "elapsed": 2446.036438, "delta": 22.992357}}
{"target": 97.04626144503789, "params": {"h": 22.0, "p": 332.0, "r": 38.0}, "datetime": {"datetime": "2024-05-11 15:37:47", "elapsed": 2471.689082, "delta": 25.652644}}
{"target": 125.98298725031688, "params": {"h": 33.0, "p": 343.0, "r": 47.0}, "datetime": {"datetime": "2024-05-11 15:38:11", "elapsed": 2495.788217, "delta": 24.099135}}
{"target": 121.57526963047569, "params": {"h": 30.0, "p": 339.0, "r": 43.0}, "datetime": {"datetime": "2024-05-11 15:38:37", "elapsed": 2521.373787, "delta": 25.58557}}
{"target": 53.588854070873865, "params": {"h": 28.0, "p": 335.0, "r": 40.0}, "datetime": {"datetime": "2024-05-11 15:39:02", "elapsed": 2546.510796, "delta": 25.137009}}
{"target": 68.95255895284292, "params": {"h": 48.0, "p": 331.0, "r": 47.0}, "datetime": {"datetime": "2024-05-11 15:39:28", "elapsed": 2573.008098, "delta": 26.497302}}
{"target": 92.43458936454734, "params": {"h": 44.0, "p": 322.0, "r": 49.0}, "datetime": {"datetime": "2024-05-11 15:39:52", "elapsed": 2597.018203, "delta": 24.010105}}
{"target": 97.13234635973097, "params": {"h": 39.0, "p": 343.0, "r": 45.0}, "datetime": {"datetime": "2024-05-11 15:40:16", "elapsed": 2620.62922, "delta": 23.611017}}
{"target": 120.03415581317182, "params": {"h": 48.0, "p": 341.0, "r": 50.0}, "datetime": {"datetime": "2024-05-11 15:40:38", "elapsed": 2642.658002, "delta": 22.028782}}
{"target": 80.76667014695627, "params": {"h": 33.0, "p": 322.0, "r": 52.0}, "datetime": {"datetime": "2024-05-11 15:40:55", "elapsed": 2659.535531, "delta": 16.877529}}
{"target": 131.27365374855455, "params": {"h": 37.0, "p": 334.0, "r": 48.0}, "datetime": {"datetime": "2024-05-11 15:41:17", "elapsed": 2681.608237, "delta": 22.072706}}
{"target": 164.88827669573666, "params": {"h": 23.0, "p": 327.0, "r": 42.0}, "datetime": {"datetime": "2024-05-11 15:41:39", "elapsed": 2704.098914, "delta": 22.490677}}
{"target": 30.50652231546952, "params": {"h": 56.0, "p": 362.0, "r": 47.0}, "datetime": {"datetime": "2024-05-11 15:42:10", "elapsed": 2735.172536, "delta": 31.073622}}
{"target": 15.670121786625124, "params": {"h": 18.0, "p": 529.0, "r": 36.0}, "datetime": {"datetime": "2024-05-11 15:42:47", "elapsed": 2771.815462, "delta": 36.642926}}
{"target": 69.40814644494708, "params": {"h": 47.0, "p": 334.0, "r": 56.0}, "datetime": {"datetime": "2024-05-11 15:43:15", "elapsed": 2799.533092, "delta": 27.71763}}
{"target": 130.83201887495483, "params": {"h": 25.0, "p": 344.0, "r": 43.0}, "datetime": {"datetime": "2024-05-11 15:43:43", "elapsed": 2828.067071, "delta": 28.533979}}
{"target": 145.74236154607274, "params": {"h": 27.0, "p": 329.0, "r": 45.0}, "datetime": {"datetime": "2024-05-11 15:44:10", "elapsed": 2854.795992, "delta": 26.728921}}
{"target": 99.4937209818923, "params": {"h": 24.0, "p": 328.0, "r": 45.0}, "datetime": {"datetime": "2024-05-11 15:44:37", "elapsed": 2881.807084, "delta": 27.011092}}
{"target": 157.71277790351996, "params": {"h": 30.0, "p": 343.0, "r": 44.0}, "datetime": {"datetime": "2024-05-11 15:45:06", "elapsed": 2910.487345, "delta": 28.680261}}
{"target": 141.96888506489768, "params": {"h": 27.0, "p": 350.0, "r": 41.0}, "datetime": {"datetime": "2024-05-11 15:45:35", "elapsed": 2939.545607, "delta": 29.058262}}
{"target": 148.39380432761948, "params": {"h": 27.0, "p": 347.0, "r": 43.0}, "datetime": {"datetime": "2024-05-11 15:46:04", "elapsed": 2968.540094, "delta": 28.994487}}
{"target": 75.518769843719, "params": {"h": 31.0, "p": 346.0, "r": 41.0}, "datetime": {"datetime": "2024-05-11 15:46:33", "elapsed": 2998.053166, "delta": 29.513072}}
{"target": 60.19851866023207, "params": {"h": 24.0, "p": 349.0, "r": 37.0}, "datetime": {"datetime": "2024-05-11 15:47:04", "elapsed": 3028.796789, "delta": 30.743623}}
{"target": 162.51702995004965, "params": {"h": 25.0, "p": 326.0, "r": 43.0}, "datetime": {"datetime": "2024-05-11 15:47:32", "elapsed": 3056.86444, "delta": 28.067651}}
{"target": 17.907697411538084, "params": {"h": 21.0, "p": 354.0, "r": 44.0}, "datetime": {"datetime": "2024-05-11 15:48:00", "elapsed": 3084.720138, "delta": 27.855698}}
{"target": 15.812908135481221, "params": {"h": 30.0, "p": 362.0, "r": 37.0}, "datetime": {"datetime": "2024-05-11 15:48:32", "elapsed": 3116.763383, "delta": 32.043245}}
{"target": 40.19132471843288, "params": {"h": 22.0, "p": 347.0, "r": 44.0}, "datetime": {"datetime": "2024-05-11 15:48:59", "elapsed": 3143.840901, "delta": 27.077518}}
{"target": 159.56561160640086, "params": {"h": 18.0, "p": 327.0, "r": 36.0}, "datetime": {"datetime": "2024-05-11 15:49:26", "elapsed": 3170.467316, "delta": 26.626415}}
{"target": 134.96160063973522, "params": {"h": 26.0, "p": 328.0, "r": 42.0}, "datetime": {"datetime": "2024-05-11 15:49:53", "elapsed": 3198.221413, "delta": 27.754097}}
{"target": 182.671304897492, "params": {"h": 16.0, "p": 328.0, "r": 35.0}, "datetime": {"datetime": "2024-05-11 15:50:21", "elapsed": 3225.696868, "delta": 27.475455}}
{"target": 33.02783663522221, "params": {"h": 16.0, "p": 327.0, "r": 31.0}, "datetime": {"datetime": "2024-05-11 15:50:49", "elapsed": 3253.896098, "delta": 28.19923}}
{"target": 75.39106294463168, "params": {"h": 30.0, "p": 351.0, "r": 45.0}, "datetime": {"datetime": "2024-05-11 15:51:20", "elapsed": 3284.658769, "delta": 30.762671}}
{"target": 6.623053671940334, "params": {"h": 59.0, "p": 700.0, "r": 147.0}, "datetime": {"datetime": "2024-05-11 15:51:55", "elapsed": 3319.685579, "delta": 35.02681}}
{"target": 132.39175532990419, "params": {"h": 25.0, "p": 334.0, "r": 44.0}, "datetime": {"datetime": "2024-05-11 15:52:24", "elapsed": 3348.396972, "delta": 28.711393}}
