{"target": 92.07671800017302, "params": {"h": 21.0, "p": 262.0, "r": 46.0}, "datetime": {"datetime": "2024-05-04 17:44:38", "elapsed": 2211.421255, "delta": 17.20221}}
{"target": 72.49075568665343, "params": {"h": 20.0, "p": 268.0, "r": 46.0}, "datetime": {"datetime": "2024-05-04 17:44:55", "elapsed": 2228.46722, "delta": 17.045965}}
{"target": 120.50265073633761, "params": {"h": 21.0, "p": 261.0, "r": 40.0}, "datetime": {"datetime": "2024-05-04 17:45:13", "elapsed": 2246.466459, "delta": 17.999239}}
{"target": 132.84769620658926, "params": {"h": 23.0, "p": 268.0, "r": 43.0}, "datetime": {"datetime": "2024-05-04 17:45:31", "elapsed": 2264.660023, "delta": 18.193564}}
{"target": 64.86655270479902, "params": {"h": 24.0, "p": 268.0, "r": 40.0}, "datetime": {"datetime": "2024-05-04 17:45:49", "elapsed": 2283.113077, "delta": 18.453054}}
{"target": 97.73448587568575, "params": {"h": 25.0, "p": 262.0, "r": 43.0}, "datetime": {"datetime": "2024-05-04 17:46:07", "elapsed": 2300.784475, "delta": 17.671398}}
{"target": 93.2822353582717, "params": {"h": 31.0, "p": 269.0, "r": 48.0}, "datetime": {"datetime": "2024-05-04 17:46:25", "elapsed": 2318.971882, "delta": 18.187407}}
{"target": 133.8412792898371, "params": {"h": 23.0, "p": 266.0, "r": 44.0}, "datetime": {"datetime": "2024-05-04 17:46:43", "elapsed": 2336.894116, "delta": 17.922234}}
{"target": 68.79677479668655, "params": {"h": 26.0, "p": 246.0, "r": 54.0}, "datetime": {"datetime": "2024-05-04 17:46:57", "elapsed": 2351.060302, "delta": 14.166186}}
{"target": 126.28976234261528, "params": {"h": 25.0, "p": 272.0, "r": 46.0}, "datetime": {"datetime": "2024-05-04 17:47:15", "elapsed": 2368.809577, "delta": 17.749275}}
{"target": 124.01291612518011, "params": {"h": 25.0, "p": 268.0, "r": 45.0}, "datetime": {"datetime": "2024-05-04 17:47:33", "elapsed": 2386.51191, "delta": 17.702333}}
{"target": 83.86198578055219, "params": {"h": 29.0, "p": 272.0, "r": 45.0}, "datetime": {"datetime": "2024-05-04 17:47:51", "elapsed": 2404.699528, "delta": 18.187618}}
{"target": 113.11776263286367, "params": {"h": 26.0, "p": 270.0, "r": 48.0}, "datetime": {"datetime": "2024-05-04 17:48:08", "elapsed": 2422.152241, "delta": 17.452713}}
{"target": 138.63750157813627, "params": {"h": 21.0, "p": 262.0, "r": 43.0}, "datetime": {"datetime": "2024-05-04 17:48:27", "elapsed": 2440.857534, "delta": 18.705293}}
{"target": 128.0508780433368, "params": {"h": 25.0, "p": 276.0, "r": 46.0}, "datetime": {"datetime": "2024-05-04 17:48:46", "elapsed": 2459.815259, "delta": 18.957725}}
{"target": 140.66946940849897, "params": {"h": 21.0, "p": 265.0, "r": 41.0}, "datetime": {"datetime": "2024-05-04 17:49:05", "elapsed": 2478.375433, "delta": 18.560174}}
{"target": 102.90826090859227, "params": {"h": 21.0, "p": 274.0, "r": 45.0}, "datetime": {"datetime": "2024-05-04 17:49:22", "elapsed": 2496.072872, "delta": 17.697439}}
{"target": 126.68471625932814, "params": {"h": 25.0, "p": 280.0, "r": 44.0}, "datetime": {"datetime": "2024-05-04 17:49:42", "elapsed": 2515.402479, "delta": 19.329607}}
{"target": 108.7715441115295, "params": {"h": 27.0, "p": 278.0, "r": 49.0}, "datetime": {"datetime": "2024-05-04 17:50:00", "elapsed": 2533.33246, "delta": 17.929981}}
{"target": 45.60945265461313, "params": {"h": 23.0, "p": 283.0, "r": 52.0}, "datetime": {"datetime": "2024-05-04 17:50:17", "elapsed": 2550.273774, "delta": 16.941314}}
{"target": 40.12183774046973, "params": {"h": 29.0, "p": 280.0, "r": 41.0}, "datetime": {"datetime": "2024-05-04 17:50:37", "elapsed": 2570.847358, "delta": 20.573584}}
{"target": 142.32980773787145, "params": {"h": 23.0, "p": 286.0, "r": 44.0}, "datetime": {"datetime": "2024-05-04 17:50:55", "elapsed": 2588.745366, "delta": 17.898008}}
{"target": 90.75877669199055, "params": {"h": 20.0, "p": 283.0, "r": 44.0}, "datetime": {"datetime": "2024-05-04 17:51:14", "elapsed": 2607.704717, "delta": 18.959351}}
{"target": 143.71094676381756, "params": {"h": 22.0, "p": 291.0, "r": 41.0}, "datetime": {"datetime": "2024-05-04 17:51:33", "elapsed": 2626.906004, "delta": 19.201287}}
{"target": 128.47665923142645, "params": {"h": 25.0, "p": 296.0, "r": 43.0}, "datetime": {"datetime": "2024-05-04 17:51:52", "elapsed": 2646.19793, "delta": 19.291926}}
{"target": 136.71471311496344, "params": {"h": 24.0, "p": 288.0, "r": 45.0}, "datetime": {"datetime": "2024-05-04 17:52:11", "elapsed": 2664.678399, "delta": 18.480469}}
{"target": 78.86803052284269, "params": {"h": 28.0, "p": 292.0, "r": 43.0}, "datetime": {"datetime": "2024-05-04 17:52:31", "elapsed": 2684.306656, "delta": 19.628257}}
{"target": 103.4690666477412, "params": {"h": 23.0, "p": 294.0, "r": 46.0}, "datetime": {"datetime": "2024-05-04 17:52:49", "elapsed": 2702.976394, "delta": 18.669738}}
{"target": 156.74422920820754, "params": {"h": 18.0, "p": 291.0, "r": 39.0}, "datetime": {"datetime": "2024-05-04 17:53:08", "elapsed": 2721.487545, "delta": 18.511151}}
{"target": 23.20323944942483, "params": {"h": 22.0, "p": 290.0, "r": 35.0}, "datetime": {"datetime": "2024-05-04 17:53:28", "elapsed": 2742.102361, "delta": 20.614816}}
{"target": 130.24508353224425, "params": {"h": 22.0, "p": 287.0, "r": 44.0}, "datetime": {"datetime": "2024-05-04 17:53:46", "elapsed": 2759.996754, "delta": 17.894393}}
{"target": 83.4899236697416, "params": {"h": 18.0, "p": 300.0, "r": 41.0}, "datetime": {"datetime": "2024-05-04 17:54:06", "elapsed": 2779.225602, "delta": 19.228848}}
{"target": 77.98328669087356, "params": {"h": 20.0, "p": 297.0, "r": 44.0}, "datetime": {"datetime": "2024-05-04 17:54:24", "elapsed": 2797.896972, "delta": 18.67137}}
{"target": 152.59467850257792, "params": {"h": 21.0, "p": 292.0, "r": 42.0}, "datetime": {"datetime": "2024-05-04 17:54:42", "elapsed": 2815.920875, "delta": 18.023903}}
{"target": 29.612587429243845, "params": {"h": 16.0, "p": 290.0, "r": 43.0}, "datetime": {"datetime": "2024-05-04 17:55:00", "elapsed": 2833.251428, "delta": 17.330553}}
{"target": 85.72745646962792, "params": {"h": 27.0, "p": 285.0, "r": 43.0}, "datetime": {"datetime": "2024-05-04 17:55:18", "elapsed": 2852.015734, "delta": 18.764306}}
{"target": 29.397285614403078, "params": {"h": 24.0, "p": 302.0, "r": 37.0}, "datetime": {"datetime": "2024-05-04 17:55:40", "elapsed": 2873.403154, "delta": 21.38742}}
{"target": 95.84353110089202, "params": {"h": 28.0, "p": 298.0, "r": 50.0}, "datetime": {"datetime": "2024-05-04 17:55:59", "elapsed": 2892.313557, "delta": 18.910403}}
{"target": 148.90198312854108, "params": {"h": 22.0, "p": 295.0, "r": 41.0}, "datetime": {"datetime": "2024-05-04 17:56:18", "elapsed": 2911.889149, "delta": 19.575592}}
{"target": 123.54990817390896, "params": {"h": 26.0, "p": 281.0, "r": 47.0}, "datetime": {"datetime": "2024-05-04 17:56:37", "elapsed": 2930.645942, "delta": 18.756793}}
{"target": 146.1935758290455, "params": {"h": 17.0, "p": 295.0, "r": 38.0}, "datetime": {"datetime": "2024-05-04 17:56:56", "elapsed": 2949.381047, "delta": 18.735105}}
{"target": 98.81697690842506, "params": {"h": 32.0, "p": 304.0, "r": 46.0}, "datetime": {"datetime": "2024-05-04 17:57:17", "elapsed": 2970.514482, "delta": 21.133435}}
{"target": 107.32369194897754, "params": {"h": 35.0, "p": 299.0, "r": 51.0}, "datetime": {"datetime": "2024-05-04 17:57:36", "elapsed": 2990.009626, "delta": 19.495144}}
{"target": 143.48045539294017, "params": {"h": 17.0, "p": 294.0, "r": 38.0}, "datetime": {"datetime": "2024-05-04 17:57:56", "elapsed": 3009.713537, "delta": 19.703911}}
{"target": 72.74209285985185, "params": {"h": 41.0, "p": 295.0, "r": 49.0}, "datetime": {"datetime": "2024-05-04 17:58:17", "elapsed": 3030.343403, "delta": 20.629866}}
{"target": 82.02195020930378, "params": {"h": 32.0, "p": 304.0, "r": 53.0}, "datetime": {"datetime": "2024-05-04 17:58:36", "elapsed": 3049.376667, "delta": 19.033264}}
{"target": 159.3593668121336, "params": {"h": 19.0, "p": 296.0, "r": 38.0}, "datetime": {"datetime": "2024-05-04 17:58:55", "elapsed": 3068.562315, "delta": 19.185648}}
{"target": 182.06978076703834, "params": {"h": 16.0, "p": 297.0, "r": 35.0}, "datetime": {"datetime": "2024-05-04 17:59:14", "elapsed": 3088.158027, "delta": 19.595712}}
{"target": 3.092903734257761, "params": {"h": 16.0, "p": 307.0, "r": 25.0}, "datetime": {"datetime": "2024-05-04 17:59:38", "elapsed": 3111.303681, "delta": 23.145654}}
{"target": 116.04019609835477, "params": {"h": 21.0, "p": 293.0, "r": 39.0}, "datetime": {"datetime": "2024-05-04 17:59:57", "elapsed": 3130.516021, "delta": 19.21234}}
{"target": 48.35942050646976, "params": {"h": 16.0, "p": 296.0, "r": 32.0}, "datetime": {"datetime": "2024-05-04 18:00:17", "elapsed": 3151.047866, "delta": 20.531845}}
{"target": 167.8666724878681, "params": {"h": 18.0, "p": 301.0, "r": 37.0}, "datetime": {"datetime": "2024-05-04 18:00:37", "elapsed": 3170.419572, "delta": 19.371706}}
{"target": 179.5125769895623, "params": {"h": 18.0, "p": 299.0, "r": 38.0}, "datetime": {"datetime": "2024-05-04 18:00:56", "elapsed": 3190.139214, "delta": 19.719642}}
{"target": 75.16873878086255, "params": {"h": 39.0, "p": 297.0, "r": 57.0}, "datetime": {"datetime": "2024-05-04 18:01:14", "elapsed": 3207.958378, "delta": 17.819164}}
{"target": 142.68812244091805, "params": {"h": 16.0, "p": 304.0, "r": 34.0}, "datetime": {"datetime": "2024-05-04 18:01:34", "elapsed": 3227.796502, "delta": 19.838124}}
{"target": 33.701703143193036, "params": {"h": 41.0, "p": 304.0, "r": 44.0}, "datetime": {"datetime": "2024-05-04 18:01:54", "elapsed": 3248.003582, "delta": 20.20708}}
{"target": 77.62570572695977, "params": {"h": 42.0, "p": 276.0, "r": 54.0}, "datetime": {"datetime": "2024-05-04 18:02:13", "elapsed": 3267.023371, "delta": 19.019789}}
{"target": 82.81806348369388, "params": {"h": 17.0, "p": 300.0, "r": 34.0}, "datetime": {"datetime": "2024-05-04 18:02:33", "elapsed": 3286.823551, "delta": 19.80018}}
{"target": 178.07560134521336, "params": {"h": 16.0, "p": 291.0, "r": 36.0}, "datetime": {"datetime": "2024-05-04 18:02:52", "elapsed": 3305.864602, "delta": 19.041051}}
{"target": 76.6060886899404, "params": {"h": 16.0, "p": 309.0, "r": 38.0}, "datetime": {"datetime": "2024-05-04 18:03:11", "elapsed": 3325.004784, "delta": 19.140182}}
{"target": 93.25133543140203, "params": {"h": 31.0, "p": 292.0, "r": 52.0}, "datetime": {"datetime": "2024-05-04 18:03:29", "elapsed": 3343.080475, "delta": 18.075691}}
{"target": 126.72385926551404, "params": {"h": 16.0, "p": 280.0, "r": 34.0}, "datetime": {"datetime": "2024-05-04 18:03:49", "elapsed": 3362.9352, "delta": 19.854725}}
{"target": 119.39964313097698, "params": {"h": 19.0, "p": 299.0, "r": 37.0}, "datetime": {"datetime": "2024-05-04 18:04:10", "elapsed": 3383.553791, "delta": 20.618591}}
{"target": 144.5679303512246, "params": {"h": 19.0, "p": 282.0, "r": 38.0}, "datetime": {"datetime": "2024-05-04 18:04:28", "elapsed": 3402.136831, "delta": 18.58304}}
{"target": 48.46464923355947, "params": {"h": 16.0, "p": 284.0, "r": 32.0}, "datetime": {"datetime": "2024-05-04 18:04:48", "elapsed": 3421.579413, "delta": 19.442582}}
{"target": 70.12493476882076, "params": {"h": 18.0, "p": 277.0, "r": 35.0}, "datetime": {"datetime": "2024-05-04 18:05:07", "elapsed": 3441.190393, "delta": 19.61098}}
{"target": 137.7544780889922, "params": {"h": 21.0, "p": 285.0, "r": 40.0}, "datetime": {"datetime": "2024-05-04 18:05:27", "elapsed": 3460.830599, "delta": 19.640206}}
{"target": 148.24939813106644, "params": {"h": 15.0, "p": 299.0, "r": 35.0}, "datetime": {"datetime": "2024-05-04 18:05:47", "elapsed": 3480.875646, "delta": 20.045047}}
{"target": 119.13683988100131, "params": {"h": 16.0, "p": 305.0, "r": 37.0}, "datetime": {"datetime": "2024-05-04 18:06:07", "elapsed": 3501.091125, "delta": 20.215479}}
{"target": 180.9185868278982, "params": {"h": 17.0, "p": 286.0, "r": 37.0}, "datetime": {"datetime": "2024-05-04 18:06:27", "elapsed": 3520.485769, "delta": 19.394644}}
{"target": 59.64825847104449, "params": {"h": 26.0, "p": 273.0, "r": 54.0}, "datetime": {"datetime": "2024-05-04 18:06:42", "elapsed": 3536.132738, "delta": 15.646969}}
{"target": 104.63173679419809, "params": {"h": 17.0, "p": 298.0, "r": 39.0}, "datetime": {"datetime": "2024-05-04 18:07:01", "elapsed": 3555.16895, "delta": 19.036212}}
{"target": 46.75945865425011, "params": {"h": 31.0, "p": 299.0, "r": 58.0}, "datetime": {"datetime": "2024-05-04 18:07:18", "elapsed": 3572.215424, "delta": 17.046474}}
{"target": 79.93914346578417, "params": {"h": 36.0, "p": 268.0, "r": 55.0}, "datetime": {"datetime": "2024-05-04 18:07:36", "elapsed": 3589.536084, "delta": 17.32066}}
{"target": 181.44276684822313, "params": {"h": 17.0, "p": 290.0, "r": 37.0}, "datetime": {"datetime": "2024-05-04 18:07:56", "elapsed": 3609.96072, "delta": 20.424636}}
{"target": 96.5983881607506, "params": {"h": 16.0, "p": 289.0, "r": 38.0}, "datetime": {"datetime": "2024-05-04 18:08:14", "elapsed": 3627.454812, "delta": 17.494092}}
{"target": 77.95411091796296, "params": {"h": 16.0, "p": 283.0, "r": 39.0}, "datetime": {"datetime": "2024-05-04 18:08:31", "elapsed": 3644.756812, "delta": 17.302}}
{"target": 40.02590995122502, "params": {"h": 21.0, "p": 283.0, "r": 36.0}, "datetime": {"datetime": "2024-05-04 18:08:50", "elapsed": 3664.006716, "delta": 19.249904}}
{"target": 66.83155099990407, "params": {"h": 15.0, "p": 303.0, "r": 37.0}, "datetime": {"datetime": "2024-05-04 18:09:09", "elapsed": 3682.834172, "delta": 18.827456}}
{"target": 157.1407277223584, "params": {"h": 20.0, "p": 277.0, "r": 41.0}, "datetime": {"datetime": "2024-05-04 18:09:27", "elapsed": 3700.781317, "delta": 17.947145}}
{"target": 153.54006223793297, "params": {"h": 16.0, "p": 307.0, "r": 34.0}, "datetime": {"datetime": "2024-05-04 18:09:47", "elapsed": 3720.896669, "delta": 20.115352}}
{"target": 164.02723135863516, "params": {"h": 17.0, "p": 283.0, "r": 36.0}, "datetime": {"datetime": "2024-05-04 18:10:07", "elapsed": 3740.708443, "delta": 19.811774}}
{"target": 78.24692837449535, "params": {"h": 17.0, "p": 290.0, "r": 34.0}, "datetime": {"datetime": "2024-05-04 18:10:29", "elapsed": 3762.377429, "delta": 21.668986}}
{"target": 105.46587550374038, "params": {"h": 15.0, "p": 298.0, "r": 36.0}, "datetime": {"datetime": "2024-05-04 18:10:48", "elapsed": 3781.707072, "delta": 19.329643}}
{"target": 78.18855470301203, "params": {"h": 19.0, "p": 293.0, "r": 36.0}, "datetime": {"datetime": "2024-05-04 18:11:08", "elapsed": 3802.077162, "delta": 20.37009}}
{"target": 84.46897225640036, "params": {"h": 23.0, "p": 278.0, "r": 40.0}, "datetime": {"datetime": "2024-05-04 18:11:28", "elapsed": 3821.308986, "delta": 19.231824}}
{"target": 119.28166886122105, "params": {"h": 22.0, "p": 289.0, "r": 40.0}, "datetime": {"datetime": "2024-05-04 18:11:47", "elapsed": 3840.282784, "delta": 18.973798}}
{"target": 121.44966746003482, "params": {"h": 25.0, "p": 289.0, "r": 43.0}, "datetime": {"datetime": "2024-05-04 18:12:05", "elapsed": 3858.878072, "delta": 18.595288}}
{"target": 112.21351971255676, "params": {"h": 32.0, "p": 296.0, "r": 50.0}, "datetime": {"datetime": "2024-05-04 18:12:23", "elapsed": 3876.997708, "delta": 18.119636}}
{"target": 143.85031078354766, "params": {"h": 16.0, "p": 306.0, "r": 34.0}, "datetime": {"datetime": "2024-05-04 18:12:43", "elapsed": 3896.662067, "delta": 19.664359}}
{"target": 104.32834632347509, "params": {"h": 27.0, "p": 291.0, "r": 49.0}, "datetime": {"datetime": "2024-05-04 18:13:02", "elapsed": 3916.065974, "delta": 19.403907}}
{"target": 145.6731690013531, "params": {"h": 23.0, "p": 284.0, "r": 43.0}, "datetime": {"datetime": "2024-05-04 18:13:21", "elapsed": 3934.749376, "delta": 18.683402}}
{"target": 152.82740610591014, "params": {"h": 20.0, "p": 274.0, "r": 40.0}, "datetime": {"datetime": "2024-05-04 18:13:40", "elapsed": 3953.376548, "delta": 18.627172}}
{"target": 35.27611419862172, "params": {"h": 19.0, "p": 309.0, "r": 34.0}, "datetime": {"datetime": "2024-05-04 18:14:01", "elapsed": 3974.913252, "delta": 21.536704}}
{"target": 88.11593579653704, "params": {"h": 16.0, "p": 269.0, "r": 39.0}, "datetime": {"datetime": "2024-05-04 18:14:19", "elapsed": 3993.148855, "delta": 18.235603}}
{"target": 137.52964860459096, "params": {"h": 16.0, "p": 296.0, "r": 34.0}, "datetime": {"datetime": "2024-05-04 18:14:39", "elapsed": 4012.699396, "delta": 19.550541}}
{"target": 76.78877614287981, "params": {"h": 20.0, "p": 287.0, "r": 37.0}, "datetime": {"datetime": "2024-05-04 18:14:58", "elapsed": 4031.60973, "delta": 18.910334}}
{"target": 86.65895277059109, "params": {"h": 18.0, "p": 274.0, "r": 42.0}, "datetime": {"datetime": "2024-05-04 18:15:15", "elapsed": 4049.164191, "delta": 17.554461}}
{"target": 144.20021485116786, "params": {"h": 23.0, "p": 293.0, "r": 42.0}, "datetime": {"datetime": "2024-05-04 18:15:35", "elapsed": 4068.348045, "delta": 19.183854}}
{"target": 165.30966704490413, "params": {"h": 19.0, "p": 279.0, "r": 39.0}, "datetime": {"datetime": "2024-05-04 18:15:56", "elapsed": 4089.749993, "delta": 21.401948}}
{"target": 96.76024213414543, "params": {"h": 23.0, "p": 297.0, "r": 40.0}, "datetime": {"datetime": "2024-05-04 18:16:20", "elapsed": 4114.104351, "delta": 24.354358}}
{"target": 85.55679061071642, "params": {"h": 28.0, "p": 300.0, "r": 43.0}, "datetime": {"datetime": "2024-05-04 18:16:42", "elapsed": 4135.421326, "delta": 21.316975}}
{"target": 115.90963524073452, "params": {"h": 22.0, "p": 280.0, "r": 45.0}, "datetime": {"datetime": "2024-05-04 18:17:00", "elapsed": 4153.861365, "delta": 18.440039}}
{"target": 176.15888794627037, "params": {"h": 19.0, "p": 301.0, "r": 39.0}, "datetime": {"datetime": "2024-05-04 18:17:24", "elapsed": 4177.315727, "delta": 23.454362}}
{"target": 177.9310603246136, "params": {"h": 16.0, "p": 285.0, "r": 35.0}, "datetime": {"datetime": "2024-05-04 18:17:44", "elapsed": 4197.621378, "delta": 20.305651}}
{"target": 40.267086267059724, "params": {"h": 15.0, "p": 278.0, "r": 40.0}, "datetime": {"datetime": "2024-05-04 18:18:03", "elapsed": 4216.274461, "delta": 18.653083}}
{"target": 143.90701196573636, "params": {"h": 18.0, "p": 305.0, "r": 39.0}, "datetime": {"datetime": "2024-05-04 18:18:23", "elapsed": 4236.268804, "delta": 19.994343}}
{"target": 106.27050025283121, "params": {"h": 31.0, "p": 283.0, "r": 48.0}, "datetime": {"datetime": "2024-05-04 18:18:42", "elapsed": 4255.899489, "delta": 19.630685}}
{"target": 163.275039626874, "params": {"h": 18.0, "p": 264.0, "r": 38.0}, "datetime": {"datetime": "2024-05-04 18:19:02", "elapsed": 4275.320305, "delta": 19.420816}}
{"target": 125.4748354765304, "params": {"h": 21.0, "p": 270.0, "r": 40.0}, "datetime": {"datetime": "2024-05-04 18:19:21", "elapsed": 4294.818454, "delta": 19.498149}}
{"target": 176.7828729121755, "params": {"h": 16.0, "p": 293.0, "r": 36.0}, "datetime": {"datetime": "2024-05-04 18:19:42", "elapsed": 4315.483965, "delta": 20.665511}}
{"target": 60.03505629785369, "params": {"h": 23.0, "p": 273.0, "r": 39.0}, "datetime": {"datetime": "2024-05-04 18:20:01", "elapsed": 4335.077618, "delta": 19.593653}}
{"target": 177.80671522398575, "params": {"h": 16.0, "p": 286.0, "r": 35.0}, "datetime": {"datetime": "2024-05-04 18:20:21", "elapsed": 4354.407931, "delta": 19.330313}}
{"target": 70.70678604414474, "params": {"h": 17.0, "p": 264.0, "r": 34.0}, "datetime": {"datetime": "2024-05-04 18:20:40", "elapsed": 4373.547264, "delta": 19.139333}}
{"target": 168.2018788847008, "params": {"h": 18.0, "p": 273.0, "r": 38.0}, "datetime": {"datetime": "2024-05-04 18:20:58", "elapsed": 4391.945059, "delta": 18.397795}}
{"target": 48.707950016272505, "params": {"h": 19.0, "p": 270.0, "r": 35.0}, "datetime": {"datetime": "2024-05-04 18:21:18", "elapsed": 4411.435948, "delta": 19.490889}}
{"target": 179.32646274773685, "params": {"h": 16.0, "p": 285.0, "r": 36.0}, "datetime": {"datetime": "2024-05-04 18:21:37", "elapsed": 4430.491527, "delta": 19.055579}}
{"target": 128.87099340908048, "params": {"h": 28.0, "p": 296.0, "r": 46.0}, "datetime": {"datetime": "2024-05-04 18:21:56", "elapsed": 4449.708163, "delta": 19.216636}}
{"target": 136.80682850350232, "params": {"h": 19.0, "p": 274.0, "r": 38.0}, "datetime": {"datetime": "2024-05-04 18:22:16", "elapsed": 4469.47164, "delta": 19.763477}}
{"target": 153.96908245350886, "params": {"h": 20.0, "p": 268.0, "r": 41.0}, "datetime": {"datetime": "2024-05-04 18:22:34", "elapsed": 4487.747529, "delta": 18.275889}}
