{"target": 2.409082937679933, "params": {"h": 60.0, "p": 590.0, "r": 116.0}, "datetime": {"datetime": "2024-05-11 14:07:10", "elapsed": 3789.567244, "delta": 27.381681}}
{"target": 0.0, "params": {"h": 15.0, "p": 224.0, "r": 110.0}, "datetime": {"datetime": "2024-05-11 14:07:11", "elapsed": 3790.301662, "delta": 0.734418}}
{"target": 115.29031481346897, "params": {"h": 33.0, "p": 301.0, "r": 49.0}, "datetime": {"datetime": "2024-05-11 14:07:33", "elapsed": 3812.310627, "delta": 22.008965}}
{"target": 0.0, "params": {"h": 60.0, "p": 151.0, "r": 65.0}, "datetime": {"datetime": "2024-05-11 14:07:34", "elapsed": 3813.248181, "delta": 0.937554}}
{"target": 0.14905491615386457, "params": {"h": 15.0, "p": 357.0, "r": 15.0}, "datetime": {"datetime": "2024-05-11 14:08:07", "elapsed": 3847.024299, "delta": 33.776118}}
{"target": 119.06245192938559, "params": {"h": 26.0, "p": 303.0, "r": 47.0}, "datetime": {"datetime": "2024-05-11 14:08:27", "elapsed": 3866.781031, "delta": 19.756732}}
{"target": 128.9518315873963, "params": {"h": 30.0, "p": 306.0, "r": 47.0}, "datetime": {"datetime": "2024-05-11 14:08:47", "elapsed": 3886.301453, "delta": 19.520422}}
{"target": 49.23622109084333, "params": {"h": 23.0, "p": 309.0, "r": 49.0}, "datetime": {"datetime": "2024-05-11 14:09:05", "elapsed": 3904.962157, "delta": 18.660704}}
{"target": 4.925022555369256, "params": {"h": 60.0, "p": 449.0, "r": 75.0}, "datetime": {"datetime": "2024-05-11 14:09:28", "elapsed": 3927.795574, "delta": 22.833417}}
{"target": 2.068340605370823, "params": {"h": 15.0, "p": 519.0, "r": 99.0}, "datetime": {"datetime": "2024-05-11 14:09:56", "elapsed": 3955.801293, "delta": 28.005719}}
{"target": 0.6685218115691391, "params": {"h": 15.0, "p": 996.0, "r": 117.0}, "datetime": {"datetime": "2024-05-11 14:11:11", "elapsed": 4030.618797, "delta": 74.817504}}
{"target": 0.08161789458522282, "params": {"h": 15.0, "p": 479.0, "r": 15.0}, "datetime": {"datetime": "2024-05-11 14:11:48", "elapsed": 4067.800076, "delta": 37.181279}}
{"target": 0.055264838355659755, "params": {"h": 16.0, "p": 982.0, "r": 19.0}, "datetime": {"datetime": "2024-05-11 14:12:59", "elapsed": 4139.002938, "delta": 71.202862}}
{"target": 129.69275831576303, "params": {"h": 29.0, "p": 301.0, "r": 47.0}, "datetime": {"datetime": "2024-05-11 14:13:22", "elapsed": 4161.20957, "delta": 22.206632}}
{"target": 120.38807045314036, "params": {"h": 28.0, "p": 303.0, "r": 48.0}, "datetime": {"datetime": "2024-05-11 14:13:42", "elapsed": 4181.279896, "delta": 20.070326}}
{"target": 119.17987618032467, "params": {"h": 31.0, "p": 311.0, "r": 46.0}, "datetime": {"datetime": "2024-05-11 14:14:05", "elapsed": 4204.444745, "delta": 23.164849}}
{"target": 77.15043780007662, "params": {"h": 36.0, "p": 310.0, "r": 46.0}, "datetime": {"datetime": "2024-05-11 14:14:28", "elapsed": 4227.572524, "delta": 23.127779}}
{"target": 72.28176101536425, "params": {"h": 27.0, "p": 323.0, "r": 49.0}, "datetime": {"datetime": "2024-05-11 14:14:48", "elapsed": 4247.915271, "delta": 20.342747}}
{"target": 114.71893511784609, "params": {"h": 26.0, "p": 299.0, "r": 43.0}, "datetime": {"datetime": "2024-05-11 14:15:08", "elapsed": 4267.763852, "delta": 19.848581}}
{"target": 125.60258219405071, "params": {"h": 38.0, "p": 331.0, "r": 49.0}, "datetime": {"datetime": "2024-05-11 14:15:28", "elapsed": 4287.705441, "delta": 19.941589}}
{"target": 69.67771488900222, "params": {"h": 37.0, "p": 334.0, "r": 53.0}, "datetime": {"datetime": "2024-05-11 14:15:50", "elapsed": 4309.105848, "delta": 21.400407}}
{"target": 41.83164491081802, "params": {"h": 42.0, "p": 327.0, "r": 44.0}, "datetime": {"datetime": "2024-05-11 14:16:13", "elapsed": 4332.632661, "delta": 23.526813}}
{"target": 125.24340646572088, "params": {"h": 26.0, "p": 305.0, "r": 43.0}, "datetime": {"datetime": "2024-05-11 14:16:34", "elapsed": 4354.016336, "delta": 21.383675}}
{"target": 127.98188842716256, "params": {"h": 28.0, "p": 303.0, "r": 45.0}, "datetime": {"datetime": "2024-05-11 14:16:55", "elapsed": 4374.804294, "delta": 20.787958}}
{"target": 101.62779414575098, "params": {"h": 33.0, "p": 335.0, "r": 44.0}, "datetime": {"datetime": "2024-05-11 14:17:18", "elapsed": 4397.328074, "delta": 22.52378}}
{"target": 132.07039216538394, "params": {"h": 35.0, "p": 330.0, "r": 48.0}, "datetime": {"datetime": "2024-05-11 14:17:41", "elapsed": 4420.244721, "delta": 22.916647}}
{"target": 105.64991786082707, "params": {"h": 37.0, "p": 328.0, "r": 51.0}, "datetime": {"datetime": "2024-05-11 14:18:01", "elapsed": 4440.816802, "delta": 20.572081}}
{"target": 42.01898305694664, "params": {"h": 18.0, "p": 337.0, "r": 41.0}, "datetime": {"datetime": "2024-05-11 14:18:22", "elapsed": 4461.751156, "delta": 20.934354}}
{"target": 170.6270560483475, "params": {"h": 16.0, "p": 300.0, "r": 36.0}, "datetime": {"datetime": "2024-05-11 14:18:45", "elapsed": 4484.971992, "delta": 23.220836}}
{"target": 113.08183635734055, "params": {"h": 18.0, "p": 299.0, "r": 40.0}, "datetime": {"datetime": "2024-05-11 14:19:07", "elapsed": 4506.916845, "delta": 21.944853}}
{"target": 4.2874847672656164, "params": {"h": 18.0, "p": 289.0, "r": 27.0}, "datetime": {"datetime": "2024-05-11 14:19:37", "elapsed": 4536.671088, "delta": 29.754243}}
{"target": 30.365134495032862, "params": {"h": 16.0, "p": 306.0, "r": 31.0}, "datetime": {"datetime": "2024-05-11 14:20:06", "elapsed": 4565.577464, "delta": 28.906376}}
{"target": 83.65259130186256, "params": {"h": 38.0, "p": 349.0, "r": 43.0}, "datetime": {"datetime": "2024-05-11 14:20:38", "elapsed": 4597.724012, "delta": 32.146548}}
{"target": 80.11693714050946, "params": {"h": 17.0, "p": 298.0, "r": 34.0}, "datetime": {"datetime": "2024-05-11 14:21:07", "elapsed": 4626.609315, "delta": 28.885303}}
{"target": 7.411378386741514, "params": {"h": 42.0, "p": 341.0, "r": 36.0}, "datetime": {"datetime": "2024-05-11 14:21:42", "elapsed": 4661.290947, "delta": 34.681632}}
{"target": 31.33870695963672, "params": {"h": 28.0, "p": 352.0, "r": 47.0}, "datetime": {"datetime": "2024-05-11 14:22:10", "elapsed": 4689.797868, "delta": 28.506921}}
{"target": 79.75247545324928, "params": {"h": 36.0, "p": 262.0, "r": 53.0}, "datetime": {"datetime": "2024-05-11 14:22:35", "elapsed": 4715.030796, "delta": 25.232928}}
{"target": 35.337849538110994, "params": {"h": 15.0, "p": 308.0, "r": 39.0}, "datetime": {"datetime": "2024-05-11 14:23:01", "elapsed": 4740.801718, "delta": 25.770922}}
{"target": 22.26489387436663, "params": {"h": 42.0, "p": 359.0, "r": 41.0}, "datetime": {"datetime": "2024-05-11 14:23:36", "elapsed": 4775.325765, "delta": 34.524047}}
{"target": 62.997619370492245, "params": {"h": 21.0, "p": 303.0, "r": 37.0}, "datetime": {"datetime": "2024-05-11 14:24:03", "elapsed": 4802.867472, "delta": 27.541707}}
{"target": 70.09647202026677, "params": {"h": 26.0, "p": 265.0, "r": 53.0}, "datetime": {"datetime": "2024-05-11 14:24:26", "elapsed": 4825.167123, "delta": 22.299651}}
{"target": 177.83103637035623, "params": {"h": 17.0, "p": 302.0, "r": 37.0}, "datetime": {"datetime": "2024-05-11 14:24:53", "elapsed": 4852.687011, "delta": 27.519888}}
{"target": 31.165853285984817, "params": {"h": 42.0, "p": 266.0, "r": 45.0}, "datetime": {"datetime": "2024-05-11 14:25:22", "elapsed": 4881.684289, "delta": 28.997278}}
{"target": 18.724290894582445, "params": {"h": 31.0, "p": 326.0, "r": 38.0}, "datetime": {"datetime": "2024-05-11 14:25:55", "elapsed": 4914.419083, "delta": 32.734794}}
{"target": 51.851859619891485, "params": {"h": 25.0, "p": 333.0, "r": 48.0}, "datetime": {"datetime": "2024-05-11 14:26:22", "elapsed": 4941.786033, "delta": 27.36695}}
{"target": 115.6729983738781, "params": {"h": 40.0, "p": 337.0, "r": 47.0}, "datetime": {"datetime": "2024-05-11 14:26:53", "elapsed": 4972.171488, "delta": 30.385455}}
{"target": 40.61704299862574, "params": {"h": 39.0, "p": 348.0, "r": 53.0}, "datetime": {"datetime": "2024-05-11 14:27:21", "elapsed": 5000.34979, "delta": 28.178302}}
{"target": 51.31024897568846, "params": {"h": 35.0, "p": 264.0, "r": 63.0}, "datetime": {"datetime": "2024-05-11 14:27:42", "elapsed": 5021.07192, "delta": 20.72213}}
{"target": 95.72157470983292, "params": {"h": 17.0, "p": 303.0, "r": 39.0}, "datetime": {"datetime": "2024-05-11 14:28:07", "elapsed": 5046.811014, "delta": 25.739094}}
{"target": 126.27922924132474, "params": {"h": 18.0, "p": 301.0, "r": 36.0}, "datetime": {"datetime": "2024-05-11 14:28:34", "elapsed": 5073.835031, "delta": 27.024017}}
{"target": 109.38746821675376, "params": {"h": 37.0, "p": 334.0, "r": 46.0}, "datetime": {"datetime": "2024-05-11 14:29:02", "elapsed": 5101.870409, "delta": 28.035378}}
{"target": 118.22810233408666, "params": {"h": 36.0, "p": 337.0, "r": 49.0}, "datetime": {"datetime": "2024-05-11 14:29:31", "elapsed": 5130.968081, "delta": 29.097672}}
{"target": 80.32655529899023, "params": {"h": 29.0, "p": 308.0, "r": 43.0}, "datetime": {"datetime": "2024-05-11 14:29:58", "elapsed": 5157.519284, "delta": 26.551203}}
{"target": 138.39142552345376, "params": {"h": 35.0, "p": 342.0, "r": 47.0}, "datetime": {"datetime": "2024-05-11 14:30:28", "elapsed": 5187.231219, "delta": 29.711935}}
{"target": 31.402327967047775, "params": {"h": 32.0, "p": 342.0, "r": 54.0}, "datetime": {"datetime": "2024-05-11 14:30:53", "elapsed": 5212.106302, "delta": 24.875083}}
{"target": 134.47606707332673, "params": {"h": 34.0, "p": 346.0, "r": 44.0}, "datetime": {"datetime": "2024-05-11 14:31:20", "elapsed": 5239.175539, "delta": 27.069237}}
{"target": 168.0810621506431, "params": {"h": 16.0, "p": 301.0, "r": 36.0}, "datetime": {"datetime": "2024-05-11 14:31:43", "elapsed": 5262.148519, "delta": 22.97298}}
{"target": 134.34371175916448, "params": {"h": 38.0, "p": 344.0, "r": 46.0}, "datetime": {"datetime": "2024-05-11 14:32:08", "elapsed": 5287.358766, "delta": 25.210247}}
{"target": 88.09382008916961, "params": {"h": 34.0, "p": 343.0, "r": 43.0}, "datetime": {"datetime": "2024-05-11 14:32:33", "elapsed": 5313.049925, "delta": 25.691159}}
{"target": 89.227965467801, "params": {"h": 16.0, "p": 299.0, "r": 38.0}, "datetime": {"datetime": "2024-05-11 14:32:54", "elapsed": 5333.619294, "delta": 20.569369}}
{"target": 141.00695152954506, "params": {"h": 23.0, "p": 297.0, "r": 44.0}, "datetime": {"datetime": "2024-05-11 14:33:13", "elapsed": 5352.627101, "delta": 19.007807}}
{"target": 126.23787988309735, "params": {"h": 34.0, "p": 348.0, "r": 46.0}, "datetime": {"datetime": "2024-05-11 14:33:35", "elapsed": 5374.959204, "delta": 22.332103}}
{"target": 154.46750523248744, "params": {"h": 22.0, "p": 301.0, "r": 41.0}, "datetime": {"datetime": "2024-05-11 14:33:57", "elapsed": 5396.846864, "delta": 21.88766}}
{"target": 116.28725317231903, "params": {"h": 34.0, "p": 333.0, "r": 49.0}, "datetime": {"datetime": "2024-05-11 14:34:18", "elapsed": 5417.803089, "delta": 20.956225}}
{"target": 133.19065670680416, "params": {"h": 38.0, "p": 340.0, "r": 47.0}, "datetime": {"datetime": "2024-05-11 14:34:40", "elapsed": 5439.713261, "delta": 21.910172}}
{"target": 152.01761989850107, "params": {"h": 21.0, "p": 296.0, "r": 42.0}, "datetime": {"datetime": "2024-05-11 14:35:00", "elapsed": 5459.621799, "delta": 19.908538}}
{"target": 123.38022610542725, "params": {"h": 20.0, "p": 297.0, "r": 42.0}, "datetime": {"datetime": "2024-05-11 14:35:19", "elapsed": 5478.735876, "delta": 19.114077}}
{"target": 89.37984162162243, "params": {"h": 38.0, "p": 344.0, "r": 50.0}, "datetime": {"datetime": "2024-05-11 14:35:43", "elapsed": 5502.069618, "delta": 23.333742}}
{"target": 111.18983872401671, "params": {"h": 32.0, "p": 338.0, "r": 48.0}, "datetime": {"datetime": "2024-05-11 14:36:03", "elapsed": 5522.640194, "delta": 20.570576}}
{"target": 96.55671050262052, "params": {"h": 21.0, "p": 300.0, "r": 44.0}, "datetime": {"datetime": "2024-05-11 14:36:24", "elapsed": 5543.653977, "delta": 21.013783}}
{"target": 66.38319903508292, "params": {"h": 32.0, "p": 345.0, "r": 49.0}, "datetime": {"datetime": "2024-05-11 14:36:47", "elapsed": 5566.533607, "delta": 22.87963}}
{"target": 135.65416544777412, "params": {"h": 25.0, "p": 302.0, "r": 43.0}, "datetime": {"datetime": "2024-05-11 14:37:07", "elapsed": 5586.569976, "delta": 20.036369}}
{"target": 69.11177015073667, "params": {"h": 23.0, "p": 295.0, "r": 39.0}, "datetime": {"datetime": "2024-05-11 14:37:29", "elapsed": 5608.748287, "delta": 22.178311}}
{"target": 87.26654732855053, "params": {"h": 40.0, "p": 291.0, "r": 51.0}, "datetime": {"datetime": "2024-05-11 14:37:50", "elapsed": 5629.40801, "delta": 20.659723}}
{"target": 121.78472139991864, "params": {"h": 32.0, "p": 309.0, "r": 49.0}, "datetime": {"datetime": "2024-05-11 14:38:11", "elapsed": 5650.927103, "delta": 21.519093}}
{"target": 89.24126359070115, "params": {"h": 30.0, "p": 330.0, "r": 49.0}, "datetime": {"datetime": "2024-05-11 14:38:32", "elapsed": 5672.023848, "delta": 21.096745}}
{"target": 128.84816451223693, "params": {"h": 31.0, "p": 314.0, "r": 48.0}, "datetime": {"datetime": "2024-05-11 14:38:54", "elapsed": 5693.544309, "delta": 21.520461}}
{"target": 80.42104667043012, "params": {"h": 32.0, "p": 301.0, "r": 45.0}, "datetime": {"datetime": "2024-05-11 14:39:14", "elapsed": 5713.270646, "delta": 19.726337}}
{"target": 141.6909024208173, "params": {"h": 23.0, "p": 294.0, "r": 44.0}, "datetime": {"datetime": "2024-05-11 14:39:33", "elapsed": 5732.899728, "delta": 19.629082}}
{"target": 85.94157931614201, "params": {"h": 45.0, "p": 296.0, "r": 54.0}, "datetime": {"datetime": "2024-05-11 14:39:53", "elapsed": 5752.514559, "delta": 19.614831}}
{"target": 109.70860410681804, "params": {"h": 31.0, "p": 316.0, "r": 45.0}, "datetime": {"datetime": "2024-05-11 14:40:14", "elapsed": 5773.252107, "delta": 20.737548}}
{"target": 107.56163029524345, "params": {"h": 29.0, "p": 311.0, "r": 49.0}, "datetime": {"datetime": "2024-05-11 14:40:33", "elapsed": 5792.663678, "delta": 19.411571}}
{"target": 92.45601706400309, "params": {"h": 26.0, "p": 297.0, "r": 49.0}, "datetime": {"datetime": "2024-05-11 14:40:52", "elapsed": 5812.022513, "delta": 19.358835}}
{"target": 76.66940255059625, "params": {"h": 35.0, "p": 290.0, "r": 47.0}, "datetime": {"datetime": "2024-05-11 14:41:15", "elapsed": 5834.189933, "delta": 22.16742}}
{"target": 64.46789627210958, "params": {"h": 41.0, "p": 340.0, "r": 44.0}, "datetime": {"datetime": "2024-05-11 14:41:41", "elapsed": 5860.253867, "delta": 26.063934}}
{"target": 131.95971214879322, "params": {"h": 26.0, "p": 287.0, "r": 46.0}, "datetime": {"datetime": "2024-05-11 14:41:58", "elapsed": 5877.914587, "delta": 17.66072}}
{"target": 111.8666727917958, "params": {"h": 33.0, "p": 318.0, "r": 50.0}, "datetime": {"datetime": "2024-05-11 14:42:17", "elapsed": 5896.465399, "delta": 18.550812}}
{"target": 122.51959898616491, "params": {"h": 28.0, "p": 290.0, "r": 46.0}, "datetime": {"datetime": "2024-05-11 14:42:36", "elapsed": 5915.282973, "delta": 18.817574}}
{"target": 160.5264104803977, "params": {"h": 22.0, "p": 299.0, "r": 42.0}, "datetime": {"datetime": "2024-05-11 14:42:55", "elapsed": 5934.663495, "delta": 19.380522}}
{"target": 124.0264489798944, "params": {"h": 28.0, "p": 287.0, "r": 47.0}, "datetime": {"datetime": "2024-05-11 14:43:14", "elapsed": 5953.619551, "delta": 18.956056}}
{"target": 74.67547262465945, "params": {"h": 26.0, "p": 288.0, "r": 51.0}, "datetime": {"datetime": "2024-05-11 14:43:31", "elapsed": 5970.877698, "delta": 17.258147}}
{"target": 119.77722997692983, "params": {"h": 25.0, "p": 287.0, "r": 43.0}, "datetime": {"datetime": "2024-05-11 14:43:52", "elapsed": 5991.080589, "delta": 20.202891}}
{"target": 111.12874603722585, "params": {"h": 36.0, "p": 313.0, "r": 51.0}, "datetime": {"datetime": "2024-05-11 14:44:12", "elapsed": 6011.27151, "delta": 20.190921}}
{"target": 118.82107241554623, "params": {"h": 35.0, "p": 339.0, "r": 45.0}, "datetime": {"datetime": "2024-05-11 14:44:33", "elapsed": 6032.97884, "delta": 21.70733}}
{"target": 55.44825706241416, "params": {"h": 19.0, "p": 285.0, "r": 45.0}, "datetime": {"datetime": "2024-05-11 14:44:53", "elapsed": 6052.059826, "delta": 19.080986}}
{"target": 42.1453563813144, "params": {"h": 29.0, "p": 290.0, "r": 41.0}, "datetime": {"datetime": "2024-05-11 14:45:13", "elapsed": 6072.737902, "delta": 20.678076}}
{"target": 102.2217559700734, "params": {"h": 40.0, "p": 307.0, "r": 52.0}, "datetime": {"datetime": "2024-05-11 14:45:33", "elapsed": 6092.538267, "delta": 19.800365}}
{"target": 70.77869112346669, "params": {"h": 36.0, "p": 316.0, "r": 45.0}, "datetime": {"datetime": "2024-05-11 14:45:56", "elapsed": 6115.758578, "delta": 23.220311}}
{"target": 156.3718359559731, "params": {"h": 22.0, "p": 292.0, "r": 42.0}, "datetime": {"datetime": "2024-05-11 14:46:16", "elapsed": 6135.200822, "delta": 19.442244}}
{"target": 89.49124050953036, "params": {"h": 37.0, "p": 306.0, "r": 54.0}, "datetime": {"datetime": "2024-05-11 14:46:35", "elapsed": 6154.943359, "delta": 19.742537}}
{"target": 95.15478341704573, "params": {"h": 42.0, "p": 311.0, "r": 54.0}, "datetime": {"datetime": "2024-05-11 14:46:55", "elapsed": 6174.597211, "delta": 19.653852}}
{"target": 122.52754338961319, "params": {"h": 35.0, "p": 325.0, "r": 47.0}, "datetime": {"datetime": "2024-05-11 14:47:16", "elapsed": 6195.613836, "delta": 21.016625}}
{"target": 121.24205890640563, "params": {"h": 37.0, "p": 322.0, "r": 49.0}, "datetime": {"datetime": "2024-05-11 14:47:42", "elapsed": 6221.538907, "delta": 25.925071}}
{"target": 110.97844956832168, "params": {"h": 40.0, "p": 319.0, "r": 51.0}, "datetime": {"datetime": "2024-05-11 14:48:04", "elapsed": 6243.582809, "delta": 22.043902}}
{"target": 69.00638705962693, "params": {"h": 35.0, "p": 321.0, "r": 54.0}, "datetime": {"datetime": "2024-05-11 14:48:31", "elapsed": 6270.295613, "delta": 26.712804}}
{"target": 131.00025639068855, "params": {"h": 19.0, "p": 289.0, "r": 41.0}, "datetime": {"datetime": "2024-05-11 14:48:55", "elapsed": 6294.549977, "delta": 24.254364}}
{"target": 82.9815530185432, "params": {"h": 45.0, "p": 317.0, "r": 56.0}, "datetime": {"datetime": "2024-05-11 14:49:23", "elapsed": 6322.855366, "delta": 28.305389}}
{"target": 128.4674952124852, "params": {"h": 22.0, "p": 290.0, "r": 44.0}, "datetime": {"datetime": "2024-05-11 14:49:49", "elapsed": 6348.764465, "delta": 25.909099}}
{"target": 118.17070192010564, "params": {"h": 29.0, "p": 317.0, "r": 48.0}, "datetime": {"datetime": "2024-05-11 14:50:16", "elapsed": 6376.043376, "delta": 27.278911}}
{"target": 92.60589620069948, "params": {"h": 18.0, "p": 292.0, "r": 41.0}, "datetime": {"datetime": "2024-05-11 14:50:41", "elapsed": 6400.752636, "delta": 24.70926}}
{"target": 86.11682430858096, "params": {"h": 23.0, "p": 286.0, "r": 40.0}, "datetime": {"datetime": "2024-05-11 14:51:08", "elapsed": 6427.21403, "delta": 26.461394}}
{"target": 80.76015703327145, "params": {"h": 45.0, "p": 315.0, "r": 49.0}, "datetime": {"datetime": "2024-05-11 14:51:38", "elapsed": 6457.622998, "delta": 30.408968}}
{"target": 89.79494088311475, "params": {"h": 46.0, "p": 306.0, "r": 55.0}, "datetime": {"datetime": "2024-05-11 14:52:07", "elapsed": 6486.507469, "delta": 28.884471}}
{"target": 145.95478896000378, "params": {"h": 31.0, "p": 348.0, "r": 43.0}, "datetime": {"datetime": "2024-05-11 14:52:37", "elapsed": 6516.290758, "delta": 29.783289}}
{"target": 80.37440714546992, "params": {"h": 27.0, "p": 351.0, "r": 39.0}, "datetime": {"datetime": "2024-05-11 14:53:10", "elapsed": 6549.135575, "delta": 32.844817}}
{"target": 31.36791626370806, "params": {"h": 28.0, "p": 342.0, "r": 38.0}, "datetime": {"datetime": "2024-05-11 14:53:41", "elapsed": 6580.73096, "delta": 31.595385}}
{"target": 94.42818009985434, "params": {"h": 44.0, "p": 323.0, "r": 54.0}, "datetime": {"datetime": "2024-05-11 14:54:09", "elapsed": 6608.839145, "delta": 28.108185}}
{"target": 54.11720750925673, "params": {"h": 32.0, "p": 353.0, "r": 40.0}, "datetime": {"datetime": "2024-05-11 14:54:43", "elapsed": 6642.106158, "delta": 33.267013}}
{"target": 143.57110087340098, "params": {"h": 24.0, "p": 316.0, "r": 44.0}, "datetime": {"datetime": "2024-05-11 14:55:10", "elapsed": 6669.139669, "delta": 27.033511}}
{"target": 128.01400967850086, "params": {"h": 20.0, "p": 319.0, "r": 41.0}, "datetime": {"datetime": "2024-05-11 14:55:37", "elapsed": 6696.07134, "delta": 26.931671}}
