{"target": 0.978254118671893, "params": {"h": 26.0, "p": 886.0, "r": 122.0}, "datetime": {"datetime": "2024-05-19 22:08:19", "elapsed": 0.0, "delta": 0.0}}
{"target": 10.782344652300372, "params": {"h": 46.0, "p": 117.0, "r": 30.0}, "datetime": {"datetime": "2024-05-19 22:08:41", "elapsed": 22.133938, "delta": 22.133938}}
{"target": 0.055943340022326704, "params": {"h": 35.0, "p": 934.0, "r": 21.0}, "datetime": {"datetime": "2024-05-19 22:10:07", "elapsed": 107.935475, "delta": 85.801537}}
{"target": 0.0, "params": {"h": 51.0, "p": 207.0, "r": 150.0}, "datetime": {"datetime": "2024-05-19 22:10:07", "elapsed": 107.936948, "delta": 0.001473}}
{"target": 2.432619854450497, "params": {"h": 56.0, "p": 637.0, "r": 86.0}, "datetime": {"datetime": "2024-05-19 22:10:41", "elapsed": 141.314098, "delta": 33.37715}}
{"target": 6.349105676605714, "params": {"h": 50.0, "p": 472.0, "r": 129.0}, "datetime": {"datetime": "2024-05-19 22:10:59", "elapsed": 159.987664, "delta": 18.673566}}
{"target": 1.3434948608383988, "params": {"h": 32.0, "p": 782.0, "r": 82.0}, "datetime": {"datetime": "2024-05-19 22:11:39", "elapsed": 200.23305, "delta": 40.245386}}
{"target": 11.560509187030798, "params": {"h": 23.0, "p": 310.0, "r": 101.0}, "datetime": {"datetime": "2024-05-19 22:11:53", "elapsed": 213.873202, "delta": 13.640152}}
{"target": 4.060072671646214, "params": {"h": 39.0, "p": 695.0, "r": 42.0}, "datetime": {"datetime": "2024-05-19 22:12:36", "elapsed": 256.851862, "delta": 42.97866}}
{"target": 2.8314280832027103, "params": {"h": 15.0, "p": 398.0, "r": 60.0}, "datetime": {"datetime": "2024-05-19 22:12:57", "elapsed": 278.052806, "delta": 21.200944}}
{"target": 11.92947135679211, "params": {"h": 22.0, "p": 309.0, "r": 103.0}, "datetime": {"datetime": "2024-05-19 22:13:12", "elapsed": 292.936869, "delta": 14.884063}}
{"target": 10.428226694924053, "params": {"h": 15.0, "p": 306.0, "r": 118.0}, "datetime": {"datetime": "2024-05-19 22:13:36", "elapsed": 317.272276, "delta": 24.335407}}
{"target": 15.444180353988113, "params": {"h": 20.0, "p": 289.0, "r": 102.0}, "datetime": {"datetime": "2024-05-19 22:13:51", "elapsed": 331.751216, "delta": 14.47894}}
{"target": 12.474064523405897, "params": {"h": 15.0, "p": 279.0, "r": 91.0}, "datetime": {"datetime": "2024-05-19 22:14:09", "elapsed": 350.08582, "delta": 18.334604}}
{"target": 18.325679135506828, "params": {"h": 33.0, "p": 285.0, "r": 107.0}, "datetime": {"datetime": "2024-05-19 22:14:23", "elapsed": 363.517162, "delta": 13.431342}}
{"target": 20.21159575608069, "params": {"h": 49.0, "p": 283.0, "r": 108.0}, "datetime": {"datetime": "2024-05-19 22:14:37", "elapsed": 377.38122, "delta": 13.864058}}
{"target": 0.0, "params": {"h": 60.0, "p": 287.0, "r": 120.0}, "datetime": {"datetime": "2024-05-19 22:14:37", "elapsed": 378.061301, "delta": 0.680081}}
{"target": 20.488071926310212, "params": {"h": 45.0, "p": 282.0, "r": 104.0}, "datetime": {"datetime": "2024-05-19 22:14:50", "elapsed": 390.693447, "delta": 12.632146}}
{"target": 19.790108268634842, "params": {"h": 44.0, "p": 288.0, "r": 106.0}, "datetime": {"datetime": "2024-05-19 22:15:04", "elapsed": 404.32735, "delta": 13.633903}}
{"target": 19.22584062687479, "params": {"h": 43.0, "p": 280.0, "r": 110.0}, "datetime": {"datetime": "2024-05-19 22:15:17", "elapsed": 417.363469, "delta": 13.036119}}
{"target": 23.39137610725074, "params": {"h": 53.0, "p": 283.0, "r": 98.0}, "datetime": {"datetime": "2024-05-19 22:15:30", "elapsed": 431.203798, "delta": 13.840329}}
{"target": 28.160539694929472, "params": {"h": 59.0, "p": 278.0, "r": 90.0}, "datetime": {"datetime": "2024-05-19 22:15:47", "elapsed": 447.753718, "delta": 16.54992}}
{"target": 34.36189865330412, "params": {"h": 60.0, "p": 276.0, "r": 81.0}, "datetime": {"datetime": "2024-05-19 22:16:03", "elapsed": 463.87071, "delta": 16.116992}}
{"target": 43.704988635195605, "params": {"h": 60.0, "p": 275.0, "r": 72.0}, "datetime": {"datetime": "2024-05-19 22:16:22", "elapsed": 482.318747, "delta": 18.448037}}
{"target": 55.89533155633887, "params": {"h": 60.0, "p": 274.0, "r": 63.0}, "datetime": {"datetime": "2024-05-19 22:16:42", "elapsed": 503.276206, "delta": 20.957459}}
{"target": 48.0451167438574, "params": {"h": 60.0, "p": 273.0, "r": 53.0}, "datetime": {"datetime": "2024-05-19 22:17:07", "elapsed": 527.996536, "delta": 24.72033}}
{"target": 54.56288544533951, "params": {"h": 60.0, "p": 268.0, "r": 62.0}, "datetime": {"datetime": "2024-05-19 22:17:27", "elapsed": 548.299347, "delta": 20.302811}}
{"target": 59.59820030259602, "params": {"h": 54.0, "p": 273.0, "r": 61.0}, "datetime": {"datetime": "2024-05-19 22:17:47", "elapsed": 567.765821, "delta": 19.466474}}
{"target": 63.884847539824385, "params": {"h": 45.0, "p": 270.0, "r": 60.0}, "datetime": {"datetime": "2024-05-19 22:18:06", "elapsed": 586.683561, "delta": 18.91774}}
{"target": 77.5503651929659, "params": {"h": 37.0, "p": 263.0, "r": 54.0}, "datetime": {"datetime": "2024-05-19 22:18:25", "elapsed": 605.753673, "delta": 19.070112}}
{"target": 91.94408047153775, "params": {"h": 31.0, "p": 257.0, "r": 50.0}, "datetime": {"datetime": "2024-05-19 22:18:45", "elapsed": 625.756286, "delta": 20.002613}}
{"target": 111.07600986312059, "params": {"h": 25.0, "p": 251.0, "r": 47.0}, "datetime": {"datetime": "2024-05-19 22:19:05", "elapsed": 645.89901, "delta": 20.142724}}
{"target": 74.2198250134108, "params": {"h": 18.0, "p": 244.0, "r": 44.0}, "datetime": {"datetime": "2024-05-19 22:19:23", "elapsed": 664.001226, "delta": 18.102216}}
{"target": 75.39368348959532, "params": {"h": 25.0, "p": 254.0, "r": 42.0}, "datetime": {"datetime": "2024-05-19 22:19:46", "elapsed": 686.551488, "delta": 22.550262}}
{"target": 74.35768635336828, "params": {"h": 26.0, "p": 248.0, "r": 53.0}, "datetime": {"datetime": "2024-05-19 22:20:04", "elapsed": 704.862206, "delta": 18.310718}}
{"target": 85.35011690367477, "params": {"h": 23.0, "p": 253.0, "r": 49.0}, "datetime": {"datetime": "2024-05-19 22:20:23", "elapsed": 723.942947, "delta": 19.080741}}
{"target": 38.985113163697974, "params": {"h": 30.0, "p": 247.0, "r": 42.0}, "datetime": {"datetime": "2024-05-19 22:20:43", "elapsed": 744.08066, "delta": 20.137713}}
{"target": 71.62393784531683, "params": {"h": 33.0, "p": 254.0, "r": 48.0}, "datetime": {"datetime": "2024-05-19 22:21:05", "elapsed": 765.799792, "delta": 21.719132}}
{"target": 100.8893748658956, "params": {"h": 30.0, "p": 266.0, "r": 50.0}, "datetime": {"datetime": "2024-05-19 22:21:25", "elapsed": 786.034946, "delta": 20.235154}}
{"target": 109.3149973030821, "params": {"h": 24.0, "p": 247.0, "r": 47.0}, "datetime": {"datetime": "2024-05-19 22:21:43", "elapsed": 803.879004, "delta": 17.844058}}
{"target": 63.68068023143053, "params": {"h": 33.0, "p": 266.0, "r": 46.0}, "datetime": {"datetime": "2024-05-19 22:22:06", "elapsed": 827.211661, "delta": 23.332657}}
{"target": 70.81954287502596, "params": {"h": 29.0, "p": 265.0, "r": 55.0}, "datetime": {"datetime": "2024-05-19 22:22:25", "elapsed": 845.443907, "delta": 18.232246}}
{"target": 114.5022820100707, "params": {"h": 27.0, "p": 267.0, "r": 47.0}, "datetime": {"datetime": "2024-05-19 22:22:44", "elapsed": 865.190902, "delta": 19.746995}}
{"target": 107.91974791958292, "params": {"h": 27.0, "p": 271.0, "r": 49.0}, "datetime": {"datetime": "2024-05-19 22:23:05", "elapsed": 886.074052, "delta": 20.88315}}
{"target": 100.73344364287578, "params": {"h": 24.0, "p": 267.0, "r": 48.0}, "datetime": {"datetime": "2024-05-19 22:23:24", "elapsed": 905.086468, "delta": 19.012416}}
{"target": 96.32759367900064, "params": {"h": 27.0, "p": 277.0, "r": 44.0}, "datetime": {"datetime": "2024-05-19 22:23:45", "elapsed": 925.403245, "delta": 20.316777}}
{"target": 76.07067790581478, "params": {"h": 19.0, "p": 276.0, "r": 44.0}, "datetime": {"datetime": "2024-05-19 22:24:05", "elapsed": 946.062756, "delta": 20.659511}}
{"target": 97.91435167562418, "params": {"h": 35.0, "p": 286.0, "r": 52.0}, "datetime": {"datetime": "2024-05-19 22:24:27", "elapsed": 968.074942, "delta": 22.012186}}
{"target": 120.08230653264593, "params": {"h": 26.0, "p": 269.0, "r": 46.0}, "datetime": {"datetime": "2024-05-19 22:24:48", "elapsed": 988.945444, "delta": 20.870502}}
{"target": 95.18310974575674, "params": {"h": 31.0, "p": 292.0, "r": 46.0}, "datetime": {"datetime": "2024-05-19 22:25:12", "elapsed": 1012.375714, "delta": 23.43027}}
{"target": 61.82607253522453, "params": {"h": 41.0, "p": 293.0, "r": 48.0}, "datetime": {"datetime": "2024-05-19 22:25:36", "elapsed": 1037.253879, "delta": 24.878165}}
{"target": 111.77238383946263, "params": {"h": 28.0, "p": 287.0, "r": 49.0}, "datetime": {"datetime": "2024-05-19 22:25:57", "elapsed": 1057.697403, "delta": 20.443524}}
{"target": 34.76965980984189, "params": {"h": 26.0, "p": 295.0, "r": 57.0}, "datetime": {"datetime": "2024-05-19 22:26:17", "elapsed": 1077.31728, "delta": 19.619877}}
{"target": 52.541729680491706, "params": {"h": 33.0, "p": 283.0, "r": 44.0}, "datetime": {"datetime": "2024-05-19 22:26:40", "elapsed": 1100.925878, "delta": 23.608598}}
{"target": 122.6815429357974, "params": {"h": 23.0, "p": 295.0, "r": 41.0}, "datetime": {"datetime": "2024-05-19 22:27:04", "elapsed": 1125.01334, "delta": 24.087462}}
{"target": 64.86704482028004, "params": {"h": 17.0, "p": 290.0, "r": 41.0}, "datetime": {"datetime": "2024-05-19 22:27:25", "elapsed": 1146.046484, "delta": 21.033144}}
{"target": 16.564679001406695, "params": {"h": 22.0, "p": 300.0, "r": 34.0}, "datetime": {"datetime": "2024-05-19 22:27:51", "elapsed": 1171.979054, "delta": 25.93257}}
{"target": 139.9957969231945, "params": {"h": 25.0, "p": 293.0, "r": 44.0}, "datetime": {"datetime": "2024-05-19 22:28:13", "elapsed": 1194.097623, "delta": 22.118569}}
{"target": 131.91097056308817, "params": {"h": 27.0, "p": 298.0, "r": 45.0}, "datetime": {"datetime": "2024-05-19 22:28:36", "elapsed": 1217.0597, "delta": 22.962077}}
{"target": 62.44850696545704, "params": {"h": 33.0, "p": 281.0, "r": 58.0}, "datetime": {"datetime": "2024-05-19 22:28:56", "elapsed": 1236.787999, "delta": 19.728299}}
{"target": 95.7534441003749, "params": {"h": 26.0, "p": 309.0, "r": 48.0}, "datetime": {"datetime": "2024-05-19 22:29:16", "elapsed": 1257.095835, "delta": 20.307836}}
{"target": 24.220482944631875, "params": {"h": 17.0, "p": 296.0, "r": 46.0}, "datetime": {"datetime": "2024-05-19 22:29:37", "elapsed": 1277.887427, "delta": 20.791592}}
{"target": 75.99629586892472, "params": {"h": 31.0, "p": 303.0, "r": 44.0}, "datetime": {"datetime": "2024-05-19 22:30:01", "elapsed": 1301.409677, "delta": 23.52225}}
{"target": 101.6442997709973, "params": {"h": 25.0, "p": 288.0, "r": 42.0}, "datetime": {"datetime": "2024-05-19 22:30:22", "elapsed": 1322.379046, "delta": 20.969369}}
{"target": 56.02805277355987, "params": {"h": 30.0, "p": 319.0, "r": 53.0}, "datetime": {"datetime": "2024-05-19 22:30:44", "elapsed": 1345.261944, "delta": 22.882898}}
{"target": 15.294124982481579, "params": {"h": 21.0, "p": 274.0, "r": 33.0}, "datetime": {"datetime": "2024-05-19 22:31:07", "elapsed": 1368.233859, "delta": 22.971915}}
{"target": 138.71649395191082, "params": {"h": 26.0, "p": 296.0, "r": 45.0}, "datetime": {"datetime": "2024-05-19 22:31:29", "elapsed": 1389.781218, "delta": 21.547359}}
{"target": 0.05547940160000866, "params": {"h": 53.0, "p": 528.0, "r": 15.0}, "datetime": {"datetime": "2024-05-19 22:32:43", "elapsed": 1463.395387, "delta": 73.614169}}
{"target": 13.992264207025025, "params": {"h": 16.0, "p": 319.0, "r": 46.0}, "datetime": {"datetime": "2024-05-19 22:33:04", "elapsed": 1484.578502, "delta": 21.183115}}
{"target": 42.82931156764607, "params": {"h": 49.0, "p": 250.0, "r": 68.0}, "datetime": {"datetime": "2024-05-19 22:33:22", "elapsed": 1502.735069, "delta": 18.156567}}
{"target": 1.0842451469115513, "params": {"h": 48.0, "p": 1000.0, "r": 142.0}, "datetime": {"datetime": "2024-05-19 22:34:24", "elapsed": 1565.186709, "delta": 62.45164}}
{"target": 57.87657481147394, "params": {"h": 46.0, "p": 291.0, "r": 63.0}, "datetime": {"datetime": "2024-05-19 22:34:44", "elapsed": 1585.287792, "delta": 20.101083}}
{"target": 0.0, "params": {"h": 23.0, "p": 101.0, "r": 141.0}, "datetime": {"datetime": "2024-05-19 22:34:45", "elapsed": 1585.763086, "delta": 0.475294}}
{"target": 94.12798195873076, "params": {"h": 27.0, "p": 296.0, "r": 43.0}, "datetime": {"datetime": "2024-05-19 22:35:08", "elapsed": 1608.927778, "delta": 23.164692}}
{"target": 103.20088688816504, "params": {"h": 31.0, "p": 292.0, "r": 51.0}, "datetime": {"datetime": "2024-05-19 22:35:29", "elapsed": 1629.768368, "delta": 20.84059}}
{"target": 111.4742903733914, "params": {"h": 27.0, "p": 303.0, "r": 48.0}, "datetime": {"datetime": "2024-05-19 22:35:52", "elapsed": 1652.673873, "delta": 22.905505}}
{"target": 148.45451330261463, "params": {"h": 24.0, "p": 299.0, "r": 44.0}, "datetime": {"datetime": "2024-05-19 22:36:15", "elapsed": 1676.125919, "delta": 23.452046}}
{"target": 47.34528112264644, "params": {"h": 22.0, "p": 298.0, "r": 49.0}, "datetime": {"datetime": "2024-05-19 22:36:35", "elapsed": 1695.582151, "delta": 19.456232}}
{"target": 147.13968263275433, "params": {"h": 25.0, "p": 301.0, "r": 44.0}, "datetime": {"datetime": "2024-05-19 22:36:58", "elapsed": 1718.852, "delta": 23.269849}}
{"target": 61.60146697395611, "params": {"h": 23.0, "p": 280.0, "r": 50.0}, "datetime": {"datetime": "2024-05-19 22:37:18", "elapsed": 1738.439607, "delta": 19.587607}}
{"target": 72.05535677360264, "params": {"h": 21.0, "p": 234.0, "r": 49.0}, "datetime": {"datetime": "2024-05-19 22:37:35", "elapsed": 1755.859562, "delta": 17.419955}}
{"target": 128.75615501685692, "params": {"h": 27.0, "p": 296.0, "r": 47.0}, "datetime": {"datetime": "2024-05-19 22:37:57", "elapsed": 1777.677204, "delta": 21.817642}}
{"target": 77.94757088700091, "params": {"h": 28.0, "p": 221.0, "r": 49.0}, "datetime": {"datetime": "2024-05-19 22:38:15", "elapsed": 1795.822144, "delta": 18.14494}}
{"target": 48.230056730233976, "params": {"h": 28.0, "p": 221.0, "r": 61.0}, "datetime": {"datetime": "2024-05-19 22:38:30", "elapsed": 1810.323094, "delta": 14.50095}}
{"target": 95.89040979903488, "params": {"h": 20.0, "p": 225.0, "r": 39.0}, "datetime": {"datetime": "2024-05-19 22:38:49", "elapsed": 1829.891247, "delta": 19.568153}}
{"target": 40.199716559419656, "params": {"h": 15.0, "p": 220.0, "r": 44.0}, "datetime": {"datetime": "2024-05-19 22:39:07", "elapsed": 1847.323956, "delta": 17.432709}}
{"target": 24.973455595290776, "params": {"h": 22.0, "p": 232.0, "r": 35.0}, "datetime": {"datetime": "2024-05-19 22:39:29", "elapsed": 1870.283931, "delta": 22.959975}}
{"target": 130.7196231940343, "params": {"h": 25.0, "p": 289.0, "r": 46.0}, "datetime": {"datetime": "2024-05-19 22:39:51", "elapsed": 1891.908451, "delta": 21.62452}}
{"target": 22.143764232641495, "params": {"h": 31.0, "p": 217.0, "r": 39.0}, "datetime": {"datetime": "2024-05-19 22:40:12", "elapsed": 1912.881998, "delta": 20.973547}}
{"target": 3.465074297273247, "params": {"h": 16.0, "p": 566.0, "r": 146.0}, "datetime": {"datetime": "2024-05-19 22:40:51", "elapsed": 1951.955212, "delta": 39.073214}}
{"target": 50.11481090339866, "params": {"h": 16.0, "p": 221.0, "r": 32.0}, "datetime": {"datetime": "2024-05-19 22:41:12", "elapsed": 1973.25748, "delta": 21.302268}}
{"target": 73.1977874902129, "params": {"h": 21.0, "p": 305.0, "r": 45.0}, "datetime": {"datetime": "2024-05-19 22:41:33", "elapsed": 1993.824461, "delta": 20.566981}}
{"target": 62.38206452389091, "params": {"h": 35.0, "p": 233.0, "r": 51.0}, "datetime": {"datetime": "2024-05-19 22:41:52", "elapsed": 2013.287459, "delta": 19.462998}}
{"target": 2.3089683119180413, "params": {"h": 20.0, "p": 708.0, "r": 148.0}, "datetime": {"datetime": "2024-05-19 22:42:37", "elapsed": 2057.900768, "delta": 44.613309}}
{"target": 0.023098248017775602, "params": {"h": 60.0, "p": 838.0, "r": 15.0}, "datetime": {"datetime": "2024-05-19 22:44:33", "elapsed": 2174.244568, "delta": 116.3438}}
{"target": 19.69437216233319, "params": {"h": 58.0, "p": 384.0, "r": 150.0}, "datetime": {"datetime": "2024-05-19 22:44:48", "elapsed": 2188.66817, "delta": 14.423602}}
{"target": 115.74890380699419, "params": {"h": 24.0, "p": 297.0, "r": 46.0}, "datetime": {"datetime": "2024-05-19 22:45:10", "elapsed": 2211.251609, "delta": 22.583439}}
{"target": 145.8326647390983, "params": {"h": 21.0, "p": 265.0, "r": 42.0}, "datetime": {"datetime": "2024-05-19 22:45:31", "elapsed": 2231.418884, "delta": 20.167275}}
{"target": 97.67966487376829, "params": {"h": 24.0, "p": 265.0, "r": 42.0}, "datetime": {"datetime": "2024-05-19 22:45:51", "elapsed": 2252.22755, "delta": 20.808666}}
{"target": 154.08010053189918, "params": {"h": 19.0, "p": 262.0, "r": 39.0}, "datetime": {"datetime": "2024-05-19 22:46:13", "elapsed": 2273.580988, "delta": 21.353438}}
{"target": 68.36769339774642, "params": {"h": 20.0, "p": 260.0, "r": 37.0}, "datetime": {"datetime": "2024-05-19 22:46:35", "elapsed": 2295.879253, "delta": 22.298265}}
{"target": 32.77712013177361, "params": {"h": 15.0, "p": 266.0, "r": 42.0}, "datetime": {"datetime": "2024-05-19 22:46:56", "elapsed": 2316.464485, "delta": 20.585232}}
{"target": 137.06251330319623, "params": {"h": 21.0, "p": 262.0, "r": 41.0}, "datetime": {"datetime": "2024-05-19 22:47:18", "elapsed": 2339.062321, "delta": 22.597836}}
{"target": 30.694377667631127, "params": {"h": 15.0, "p": 258.0, "r": 43.0}, "datetime": {"datetime": "2024-05-19 22:47:38", "elapsed": 2358.665153, "delta": 19.602832}}
{"target": 91.93300558531209, "params": {"h": 27.0, "p": 290.0, "r": 50.0}, "datetime": {"datetime": "2024-05-19 22:47:58", "elapsed": 2378.473215, "delta": 19.808062}}
{"target": 48.136647455534074, "params": {"h": 19.0, "p": 267.0, "r": 35.0}, "datetime": {"datetime": "2024-05-19 22:48:20", "elapsed": 2400.563255, "delta": 22.09004}}
{"target": 65.53184073414552, "params": {"h": 36.0, "p": 292.0, "r": 58.0}, "datetime": {"datetime": "2024-05-19 22:48:41", "elapsed": 2421.314106, "delta": 20.750851}}
{"target": 62.27930299233649, "params": {"h": 27.0, "p": 308.0, "r": 41.0}, "datetime": {"datetime": "2024-05-19 22:49:07", "elapsed": 2447.914908, "delta": 26.600802}}
{"target": 144.09128919588161, "params": {"h": 18.0, "p": 262.0, "r": 40.0}, "datetime": {"datetime": "2024-05-19 22:49:27", "elapsed": 2467.420262, "delta": 19.505354}}
{"target": 115.5321400215528, "params": {"h": 33.0, "p": 308.0, "r": 50.0}, "datetime": {"datetime": "2024-05-19 22:49:49", "elapsed": 2489.637848, "delta": 22.217586}}
{"target": 37.00269715573176, "params": {"h": 28.0, "p": 311.0, "r": 56.0}, "datetime": {"datetime": "2024-05-19 22:50:09", "elapsed": 2509.5736, "delta": 19.935752}}
{"target": 85.86978537331103, "params": {"h": 31.0, "p": 304.0, "r": 52.0}, "datetime": {"datetime": "2024-05-19 22:50:29", "elapsed": 2529.992216, "delta": 20.418616}}
{"target": 95.02917003841576, "params": {"h": 20.0, "p": 265.0, "r": 38.0}, "datetime": {"datetime": "2024-05-19 22:50:51", "elapsed": 2551.891401, "delta": 21.899185}}
{"target": 112.17322065665945, "params": {"h": 38.0, "p": 313.0, "r": 50.0}, "datetime": {"datetime": "2024-05-19 22:51:15", "elapsed": 2576.013725, "delta": 24.122324}}
{"target": 66.58795444329965, "params": {"h": 43.0, "p": 308.0, "r": 48.0}, "datetime": {"datetime": "2024-05-19 22:51:39", "elapsed": 2600.185116, "delta": 24.171391}}
{"target": 106.67425536492087, "params": {"h": 22.0, "p": 262.0, "r": 46.0}, "datetime": {"datetime": "2024-05-19 22:51:59", "elapsed": 2620.17137, "delta": 19.986254}}
{"target": 104.00117007353839, "params": {"h": 31.0, "p": 312.0, "r": 45.0}, "datetime": {"datetime": "2024-05-19 22:52:23", "elapsed": 2644.301467, "delta": 24.130097}}
{"target": 124.32228726461875, "params": {"h": 19.0, "p": 263.0, "r": 42.0}, "datetime": {"datetime": "2024-05-19 22:52:45", "elapsed": 2665.334443, "delta": 21.032976}}
{"target": 143.60448429281433, "params": {"h": 22.0, "p": 300.0, "r": 43.0}, "datetime": {"datetime": "2024-05-19 22:53:07", "elapsed": 2687.754116, "delta": 22.419673}}
{"target": 139.36073901033765, "params": {"h": 21.0, "p": 267.0, "r": 43.0}, "datetime": {"datetime": "2024-05-19 22:53:26", "elapsed": 2706.962612, "delta": 19.208496}}
{"target": 26.73762434955758, "params": {"h": 39.0, "p": 317.0, "r": 42.0}, "datetime": {"datetime": "2024-05-19 22:53:52", "elapsed": 2732.738121, "delta": 25.775509}}
{"target": 121.26750119831944, "params": {"h": 24.0, "p": 273.0, "r": 43.0}, "datetime": {"datetime": "2024-05-19 22:54:13", "elapsed": 2753.811101, "delta": 21.07298}}
{"target": 72.62307766958818, "params": {"h": 42.0, "p": 314.0, "r": 57.0}, "datetime": {"datetime": "2024-05-19 22:54:35", "elapsed": 2775.644087, "delta": 21.832986}}
{"target": 82.27340533920491, "params": {"h": 41.0, "p": 305.0, "r": 56.0}, "datetime": {"datetime": "2024-05-19 22:54:58", "elapsed": 2798.374058, "delta": 22.729971}}
{"target": 109.55008222228494, "params": {"h": 35.0, "p": 309.0, "r": 48.0}, "datetime": {"datetime": "2024-05-19 22:55:22", "elapsed": 2823.011104, "delta": 24.637046}}
{"target": 92.77260230176482, "params": {"h": 36.0, "p": 311.0, "r": 53.0}, "datetime": {"datetime": "2024-05-19 22:55:47", "elapsed": 2847.477569, "delta": 24.466465}}
{"target": 62.88502092850031, "params": {"h": 34.0, "p": 257.0, "r": 59.0}, "datetime": {"datetime": "2024-05-19 22:56:05", "elapsed": 2865.624543, "delta": 18.146974}}
{"target": 23.930568391893384, "params": {"h": 18.0, "p": 239.0, "r": 58.0}, "datetime": {"datetime": "2024-05-19 22:56:20", "elapsed": 2880.346465, "delta": 14.721922}}
{"target": 75.16658183700092, "params": {"h": 30.0, "p": 273.0, "r": 45.0}, "datetime": {"datetime": "2024-05-19 22:56:42", "elapsed": 2902.682876, "delta": 22.336411}}
