{"target": 0.9782541186712871, "params": {"h": 26.0, "p": 886.0, "r": 122.0}, "datetime": {"datetime": "2024-05-12 03:46:30", "elapsed": 0.0, "delta": 0.0}}
{"target": 10.782344652297754, "params": {"h": 46.0, "p": 117.0, "r": 30.0}, "datetime": {"datetime": "2024-05-12 03:46:48", "elapsed": 18.48963, "delta": 18.48963}}
{"target": 0.0559433400223261, "params": {"h": 35.0, "p": 934.0, "r": 21.0}, "datetime": {"datetime": "2024-05-12 03:47:55", "elapsed": 85.403853, "delta": 66.914223}}
{"target": 0.0, "params": {"h": 51.0, "p": 207.0, "r": 150.0}, "datetime": {"datetime": "2024-05-12 03:47:55", "elapsed": 85.403853, "delta": 0.0}}
{"target": 2.432619854450798, "params": {"h": 56.0, "p": 637.0, "r": 86.0}, "datetime": {"datetime": "2024-05-12 03:48:24", "elapsed": 114.175284, "delta": 28.771431}}
{"target": 6.349105676605582, "params": {"h": 50.0, "p": 472.0, "r": 129.0}, "datetime": {"datetime": "2024-05-12 03:48:40", "elapsed": 129.979263, "delta": 15.803979}}
{"target": 1.343494860838152, "params": {"h": 32.0, "p": 782.0, "r": 82.0}, "datetime": {"datetime": "2024-05-12 03:49:15", "elapsed": 164.907936, "delta": 34.928673}}
{"target": 11.56050918703049, "params": {"h": 23.0, "p": 310.0, "r": 101.0}, "datetime": {"datetime": "2024-05-12 03:49:29", "elapsed": 178.866902, "delta": 13.958966}}
{"target": 4.06007267164511, "params": {"h": 39.0, "p": 695.0, "r": 42.0}, "datetime": {"datetime": "2024-05-12 03:50:07", "elapsed": 216.54656, "delta": 37.679658}}
{"target": 2.8314280832036256, "params": {"h": 15.0, "p": 398.0, "r": 60.0}, "datetime": {"datetime": "2024-05-12 03:50:25", "elapsed": 235.396259, "delta": 18.849699}}
{"target": 12.354728021947457, "params": {"h": 25.0, "p": 311.0, "r": 103.0}, "datetime": {"datetime": "2024-05-12 03:50:39", "elapsed": 248.634518, "delta": 13.238259}}
{"target": 14.58284788868259, "params": {"h": 32.0, "p": 314.0, "r": 110.0}, "datetime": {"datetime": "2024-05-12 03:50:52", "elapsed": 261.747076, "delta": 13.112558}}
{"target": 15.84783047650133, "params": {"h": 41.0, "p": 323.0, "r": 122.0}, "datetime": {"datetime": "2024-05-12 03:51:05", "elapsed": 275.222716, "delta": 13.47564}}
{"target": 21.55396260830493, "params": {"h": 60.0, "p": 320.0, "r": 111.0}, "datetime": {"datetime": "2024-05-12 03:51:19", "elapsed": 288.835506, "delta": 13.61279}}
{"target": 19.910154894641, "params": {"h": 60.0, "p": 329.0, "r": 99.0}, "datetime": {"datetime": "2024-05-12 03:51:34", "elapsed": 303.621657, "delta": 14.786151}}
{"target": 23.47189948163949, "params": {"h": 60.0, "p": 305.0, "r": 104.0}, "datetime": {"datetime": "2024-05-12 03:51:48", "elapsed": 317.658494, "delta": 14.036837}}
{"target": 29.262092290369115, "params": {"h": 60.0, "p": 291.0, "r": 89.0}, "datetime": {"datetime": "2024-05-12 03:52:02", "elapsed": 332.539031, "delta": 14.880537}}
{"target": 41.64378266903065, "params": {"h": 60.0, "p": 279.0, "r": 74.0}, "datetime": {"datetime": "2024-05-12 03:52:19", "elapsed": 348.575723, "delta": 16.036692}}
{"target": 53.46148252101948, "params": {"h": 59.0, "p": 266.0, "r": 58.0}, "datetime": {"datetime": "2024-05-12 03:52:37", "elapsed": 367.143412, "delta": 18.567689}}
{"target": 14.06989481836501, "params": {"h": 60.0, "p": 257.0, "r": 42.0}, "datetime": {"datetime": "2024-05-12 03:53:02", "elapsed": 391.975369, "delta": 24.831957}}
{"target": 55.755135117938096, "params": {"h": 55.0, "p": 268.0, "r": 62.0}, "datetime": {"datetime": "2024-05-12 03:53:19", "elapsed": 409.480338, "delta": 17.504969}}
{"target": 46.8849895848434, "params": {"h": 59.0, "p": 263.0, "r": 67.0}, "datetime": {"datetime": "2024-05-12 03:53:37", "elapsed": 426.593577, "delta": 17.113239}}
{"target": 60.554763284281385, "params": {"h": 56.0, "p": 275.0, "r": 58.0}, "datetime": {"datetime": "2024-05-12 03:53:56", "elapsed": 445.614158, "delta": 19.020581}}
{"target": 66.52217786741146, "params": {"h": 48.0, "p": 286.0, "r": 52.0}, "datetime": {"datetime": "2024-05-12 03:54:16", "elapsed": 465.619331, "delta": 20.005173}}
{"target": 37.31360624160554, "params": {"h": 52.0, "p": 297.0, "r": 47.0}, "datetime": {"datetime": "2024-05-12 03:54:39", "elapsed": 489.328207, "delta": 23.708876}}
{"target": 79.71112370494491, "params": {"h": 43.0, "p": 281.0, "r": 54.0}, "datetime": {"datetime": "2024-05-12 03:54:58", "elapsed": 508.332519, "delta": 19.004312}}
{"target": 85.29312924797526, "params": {"h": 34.0, "p": 280.0, "r": 48.0}, "datetime": {"datetime": "2024-05-12 03:55:18", "elapsed": 527.994538, "delta": 19.662019}}
{"target": 76.86550038985929, "params": {"h": 30.0, "p": 280.0, "r": 54.0}, "datetime": {"datetime": "2024-05-12 03:55:36", "elapsed": 545.968626, "delta": 17.974088}}
{"target": 81.74719461477353, "params": {"h": 34.0, "p": 277.0, "r": 48.0}, "datetime": {"datetime": "2024-05-12 03:55:55", "elapsed": 565.066778, "delta": 19.098152}}
{"target": 9.211459379914318, "params": {"h": 30.0, "p": 288.0, "r": 35.0}, "datetime": {"datetime": "2024-05-12 03:56:19", "elapsed": 589.276111, "delta": 24.209333}}
{"target": 101.11826980071572, "params": {"h": 33.0, "p": 282.0, "r": 50.0}, "datetime": {"datetime": "2024-05-12 03:56:38", "elapsed": 608.282199, "delta": 19.006088}}
{"target": 98.28427411766891, "params": {"h": 34.0, "p": 285.0, "r": 52.0}, "datetime": {"datetime": "2024-05-12 03:56:58", "elapsed": 627.552001, "delta": 19.269802}}
{"target": 97.13548195774115, "params": {"h": 34.0, "p": 282.0, "r": 52.0}, "datetime": {"datetime": "2024-05-12 03:57:15", "elapsed": 645.416637, "delta": 17.864636}}
{"target": 97.04575769414298, "params": {"h": 29.0, "p": 284.0, "r": 51.0}, "datetime": {"datetime": "2024-05-12 03:57:33", "elapsed": 663.110235, "delta": 17.693598}}
{"target": 104.7991133452519, "params": {"h": 29.0, "p": 292.0, "r": 50.0}, "datetime": {"datetime": "2024-05-12 03:57:52", "elapsed": 681.911521, "delta": 18.801286}}
{"target": 69.11405043861284, "params": {"h": 29.0, "p": 297.0, "r": 53.0}, "datetime": {"datetime": "2024-05-12 03:58:09", "elapsed": 699.415561, "delta": 17.50404}}
{"target": 110.81909063672411, "params": {"h": 31.0, "p": 291.0, "r": 50.0}, "datetime": {"datetime": "2024-05-12 03:58:29", "elapsed": 719.499441, "delta": 20.08388}}
{"target": 100.41784197333877, "params": {"h": 33.0, "p": 292.0, "r": 48.0}, "datetime": {"datetime": "2024-05-12 03:58:50", "elapsed": 739.987755, "delta": 20.488314}}
{"target": 82.27738658442219, "params": {"h": 32.0, "p": 261.0, "r": 54.0}, "datetime": {"datetime": "2024-05-12 03:59:07", "elapsed": 756.838065, "delta": 16.85031}}
{"target": 106.40383444324706, "params": {"h": 25.0, "p": 258.0, "r": 44.0}, "datetime": {"datetime": "2024-05-12 03:59:26", "elapsed": 775.545306, "delta": 18.707241}}
{"target": 105.93415183692292, "params": {"h": 23.0, "p": 252.0, "r": 47.0}, "datetime": {"datetime": "2024-05-12 03:59:44", "elapsed": 793.896007, "delta": 18.350701}}
{"target": 9.756780261198305, "params": {"h": 28.0, "p": 249.0, "r": 34.0}, "datetime": {"datetime": "2024-05-12 04:00:06", "elapsed": 816.306501, "delta": 22.410494}}
{"target": 62.32019784736764, "params": {"h": 21.0, "p": 258.0, "r": 49.0}, "datetime": {"datetime": "2024-05-12 04:00:23", "elapsed": 832.700909, "delta": 16.394408}}
{"target": 97.09149437917094, "params": {"h": 28.0, "p": 254.0, "r": 47.0}, "datetime": {"datetime": "2024-05-12 04:00:42", "elapsed": 851.9266, "delta": 19.225691}}
{"target": 45.26797697275663, "params": {"h": 33.0, "p": 262.0, "r": 44.0}, "datetime": {"datetime": "2024-05-12 04:01:01", "elapsed": 871.337926, "delta": 19.411326}}
{"target": 144.0322346945183, "params": {"h": 20.0, "p": 252.0, "r": 41.0}, "datetime": {"datetime": "2024-05-12 04:01:20", "elapsed": 890.279895, "delta": 18.941969}}
{"target": 139.1663666482668, "params": {"h": 20.0, "p": 249.0, "r": 42.0}, "datetime": {"datetime": "2024-05-12 04:01:38", "elapsed": 907.800196, "delta": 17.520301}}
{"target": 89.80456910121154, "params": {"h": 15.0, "p": 248.0, "r": 38.0}, "datetime": {"datetime": "2024-05-12 04:01:55", "elapsed": 925.430684, "delta": 17.630488}}
{"target": 66.1993350844459, "params": {"h": 20.0, "p": 243.0, "r": 48.0}, "datetime": {"datetime": "2024-05-12 04:02:11", "elapsed": 941.277903, "delta": 15.847219}}
{"target": 154.12288130640772, "params": {"h": 19.0, "p": 256.0, "r": 40.0}, "datetime": {"datetime": "2024-05-12 04:02:29", "elapsed": 959.10955, "delta": 17.831647}}
{"target": 123.82994864817525, "params": {"h": 16.0, "p": 264.0, "r": 38.0}, "datetime": {"datetime": "2024-05-12 04:02:47", "elapsed": 977.253996, "delta": 18.144446}}
{"target": 42.8878157919688, "params": {"h": 22.0, "p": 262.0, "r": 37.0}, "datetime": {"datetime": "2024-05-12 04:03:08", "elapsed": 997.728209, "delta": 20.474213}}
{"target": 44.790009016264364, "params": {"h": 38.0, "p": 261.0, "r": 67.0}, "datetime": {"datetime": "2024-05-12 04:03:23", "elapsed": 1012.919097, "delta": 15.190888}}
{"target": 62.99683805320159, "params": {"h": 16.0, "p": 257.0, "r": 41.0}, "datetime": {"datetime": "2024-05-12 04:03:41", "elapsed": 1031.081003, "delta": 18.161906}}
{"target": 73.43781467566838, "params": {"h": 15.0, "p": 268.0, "r": 38.0}, "datetime": {"datetime": "2024-05-12 04:04:00", "elapsed": 1050.258248, "delta": 19.177245}}
{"target": 128.9043036208697, "params": {"h": 22.0, "p": 252.0, "r": 44.0}, "datetime": {"datetime": "2024-05-12 04:04:17", "elapsed": 1067.402563, "delta": 17.144315}}
{"target": 89.1593664742457, "params": {"h": 20.0, "p": 252.0, "r": 38.0}, "datetime": {"datetime": "2024-05-12 04:04:35", "elapsed": 1085.345132, "delta": 17.942569}}
{"target": 145.44365317203832, "params": {"h": 20.0, "p": 255.0, "r": 41.0}, "datetime": {"datetime": "2024-05-12 04:04:55", "elapsed": 1104.933382, "delta": 19.58825}}
{"target": 24.819366529997513, "params": {"h": 15.0, "p": 246.0, "r": 46.0}, "datetime": {"datetime": "2024-05-12 04:05:09", "elapsed": 1118.924714, "delta": 13.991332}}
{"target": 114.86805335982442, "params": {"h": 23.0, "p": 248.0, "r": 43.0}, "datetime": {"datetime": "2024-05-12 04:05:27", "elapsed": 1137.148266, "delta": 18.223552}}
{"target": 21.9698912209045, "params": {"h": 17.0, "p": 263.0, "r": 31.0}, "datetime": {"datetime": "2024-05-12 04:05:47", "elapsed": 1157.185028, "delta": 20.036762}}
{"target": 60.648457934349636, "params": {"h": 29.0, "p": 289.0, "r": 55.0}, "datetime": {"datetime": "2024-05-12 04:06:05", "elapsed": 1175.079965, "delta": 17.894937}}
{"target": 144.25922554333857, "params": {"h": 19.0, "p": 250.0, "r": 41.0}, "datetime": {"datetime": "2024-05-12 04:06:23", "elapsed": 1193.242267, "delta": 18.162302}}
{"target": 73.5746874381719, "params": {"h": 25.0, "p": 252.0, "r": 42.0}, "datetime": {"datetime": "2024-05-12 04:06:42", "elapsed": 1212.045304, "delta": 18.803037}}
{"target": 110.71658764228545, "params": {"h": 30.0, "p": 288.0, "r": 47.0}, "datetime": {"datetime": "2024-05-12 04:07:02", "elapsed": 1231.581088, "delta": 19.535784}}
{"target": 145.57587920869605, "params": {"h": 18.0, "p": 252.0, "r": 40.0}, "datetime": {"datetime": "2024-05-12 04:07:19", "elapsed": 1249.33723, "delta": 17.756142}}
{"target": 154.12288130640772, "params": {"h": 19.0, "p": 256.0, "r": 40.0}, "datetime": {"datetime": "2024-05-12 04:07:20", "elapsed": 1249.681, "delta": 0.34377}}
{"target": 107.06935637843858, "params": {"h": 23.0, "p": 289.0, "r": 46.0}, "datetime": {"datetime": "2024-05-12 04:07:38", "elapsed": 1268.221459, "delta": 18.540459}}
{"target": 59.87121529640577, "params": {"h": 23.0, "p": 295.0, "r": 49.0}, "datetime": {"datetime": "2024-05-12 04:07:56", "elapsed": 1286.244072, "delta": 18.022613}}
{"target": 115.54944204961808, "params": {"h": 20.0, "p": 256.0, "r": 39.0}, "datetime": {"datetime": "2024-05-12 04:08:14", "elapsed": 1304.514548, "delta": 18.270476}}
{"target": 40.876552703499456, "params": {"h": 19.0, "p": 284.0, "r": 47.0}, "datetime": {"datetime": "2024-05-12 04:08:31", "elapsed": 1321.314974, "delta": 16.800426}}
{"target": 98.20062658157435, "params": {"h": 27.0, "p": 247.0, "r": 49.0}, "datetime": {"datetime": "2024-05-12 04:08:48", "elapsed": 1337.820852, "delta": 16.505878}}
{"target": 82.71162082796732, "params": {"h": 29.0, "p": 252.0, "r": 53.0}, "datetime": {"datetime": "2024-05-12 04:09:04", "elapsed": 1354.340417, "delta": 16.519565}}
{"target": 138.05456326887852, "params": {"h": 25.0, "p": 291.0, "r": 44.0}, "datetime": {"datetime": "2024-05-12 04:09:23", "elapsed": 1373.000511, "delta": 18.660094}}
{"target": 98.78668121270216, "params": {"h": 19.0, "p": 295.0, "r": 42.0}, "datetime": {"datetime": "2024-05-12 04:09:42", "elapsed": 1391.973204, "delta": 18.972693}}
{"target": 124.84883107252804, "params": {"h": 26.0, "p": 290.0, "r": 44.0}, "datetime": {"datetime": "2024-05-12 04:10:00", "elapsed": 1410.47842, "delta": 18.505216}}
{"target": 145.71948800792038, "params": {"h": 21.0, "p": 291.0, "r": 40.0}, "datetime": {"datetime": "2024-05-12 04:10:20", "elapsed": 1429.719476, "delta": 19.241056}}
{"target": 153.6259910706187, "params": {"h": 21.0, "p": 293.0, "r": 42.0}, "datetime": {"datetime": "2024-05-12 04:10:39", "elapsed": 1449.398669, "delta": 19.679193}}
{"target": 80.50178639380965, "params": {"h": 19.0, "p": 290.0, "r": 43.0}, "datetime": {"datetime": "2024-05-12 04:10:58", "elapsed": 1467.716929, "delta": 18.31826}}
{"target": 49.10294789431062, "params": {"h": 28.0, "p": 295.0, "r": 41.0}, "datetime": {"datetime": "2024-05-12 04:11:18", "elapsed": 1488.298618, "delta": 20.581689}}
{"target": 128.63079847875227, "params": {"h": 19.0, "p": 251.0, "r": 42.0}, "datetime": {"datetime": "2024-05-12 04:11:37", "elapsed": 1506.63397, "delta": 18.335352}}
{"target": 121.6483731954145, "params": {"h": 17.0, "p": 292.0, "r": 35.0}, "datetime": {"datetime": "2024-05-12 04:11:56", "elapsed": 1526.467853, "delta": 19.833883}}
{"target": 49.670106213022216, "params": {"h": 19.0, "p": 293.0, "r": 35.0}, "datetime": {"datetime": "2024-05-12 04:12:17", "elapsed": 1546.645278, "delta": 20.177425}}
{"target": 63.42399988991403, "params": {"h": 34.0, "p": 249.0, "r": 48.0}, "datetime": {"datetime": "2024-05-12 04:12:34", "elapsed": 1564.353774, "delta": 17.708496}}
{"target": 95.63920623571384, "params": {"h": 16.0, "p": 291.0, "r": 38.0}, "datetime": {"datetime": "2024-05-12 04:12:52", "elapsed": 1582.060691, "delta": 17.706917}}
{"target": 136.9802756697822, "params": {"h": 21.0, "p": 258.0, "r": 43.0}, "datetime": {"datetime": "2024-05-12 04:13:10", "elapsed": 1600.223156, "delta": 18.162465}}
{"target": 73.8422974434441, "params": {"h": 24.0, "p": 291.0, "r": 40.0}, "datetime": {"datetime": "2024-05-12 04:13:30", "elapsed": 1619.807259, "delta": 19.584103}}
{"target": 188.32124010493837, "params": {"h": 15.0, "p": 285.0, "r": 34.0}, "datetime": {"datetime": "2024-05-12 04:13:50", "elapsed": 1639.874062, "delta": 20.066803}}
{"target": 144.30394496015367, "params": {"h": 16.0, "p": 282.0, "r": 37.0}, "datetime": {"datetime": "2024-05-12 04:14:09", "elapsed": 1658.893646, "delta": 19.019584}}
{"target": 81.0175411290032, "params": {"h": 15.0, "p": 288.0, "r": 37.0}, "datetime": {"datetime": "2024-05-12 04:14:27", "elapsed": 1677.381218, "delta": 18.487572}}
{"target": 51.481475566690484, "params": {"h": 15.0, "p": 279.0, "r": 31.0}, "datetime": {"datetime": "2024-05-12 04:14:47", "elapsed": 1697.105319, "delta": 19.724101}}
{"target": 16.899254567601663, "params": {"h": 22.0, "p": 284.0, "r": 34.0}, "datetime": {"datetime": "2024-05-12 04:15:09", "elapsed": 1719.093935, "delta": 21.988616}}
{"target": 48.419485940282364, "params": {"h": 17.0, "p": 289.0, "r": 33.0}, "datetime": {"datetime": "2024-05-12 04:15:29", "elapsed": 1739.22519, "delta": 20.131255}}
{"target": 29.61718379792949, "params": {"h": 15.0, "p": 263.0, "r": 43.0}, "datetime": {"datetime": "2024-05-12 04:15:46", "elapsed": 1755.760616, "delta": 16.535426}}
{"target": 121.72683328272565, "params": {"h": 17.0, "p": 281.0, "r": 39.0}, "datetime": {"datetime": "2024-05-12 04:16:06", "elapsed": 1775.577461, "delta": 19.816845}}
{"target": 127.37755593038814, "params": {"h": 28.0, "p": 292.0, "r": 47.0}, "datetime": {"datetime": "2024-05-12 04:16:24", "elapsed": 1794.457836, "delta": 18.880375}}
{"target": 165.71153947822455, "params": {"h": 15.0, "p": 286.0, "r": 35.0}, "datetime": {"datetime": "2024-05-12 04:16:43", "elapsed": 1813.369853, "delta": 18.912017}}
{"target": 65.63959437214864, "params": {"h": 20.0, "p": 245.0, "r": 37.0}, "datetime": {"datetime": "2024-05-12 04:17:01", "elapsed": 1830.921965, "delta": 17.552112}}
{"target": 67.10469835635347, "params": {"h": 27.0, "p": 245.0, "r": 55.0}, "datetime": {"datetime": "2024-05-12 04:17:15", "elapsed": 1845.209179, "delta": 14.287214}}
{"target": 50.039396399271595, "params": {"h": 39.0, "p": 289.0, "r": 46.0}, "datetime": {"datetime": "2024-05-12 04:17:37", "elapsed": 1866.666437, "delta": 21.457258}}
{"target": 84.06578484480039, "params": {"h": 38.0, "p": 274.0, "r": 53.0}, "datetime": {"datetime": "2024-05-12 04:17:54", "elapsed": 1883.922629, "delta": 17.256192}}
{"target": 56.50008764400922, "params": {"h": 39.0, "p": 280.0, "r": 62.0}, "datetime": {"datetime": "2024-05-12 04:18:10", "elapsed": 1900.209595, "delta": 16.286966}}
{"target": 151.38889281882913, "params": {"h": 21.0, "p": 277.0, "r": 41.0}, "datetime": {"datetime": "2024-05-12 04:18:29", "elapsed": 1918.822883, "delta": 18.613288}}
{"target": 127.08397449498997, "params": {"h": 21.0, "p": 274.0, "r": 40.0}, "datetime": {"datetime": "2024-05-12 04:18:47", "elapsed": 1937.422653, "delta": 18.59977}}
{"target": 62.82881269537473, "params": {"h": 27.0, "p": 272.0, "r": 42.0}, "datetime": {"datetime": "2024-05-12 04:19:07", "elapsed": 1956.865824, "delta": 19.443171}}
{"target": 109.4646994114646, "params": {"h": 24.0, "p": 278.0, "r": 42.0}, "datetime": {"datetime": "2024-05-12 04:19:26", "elapsed": 1975.824377, "delta": 18.958553}}
{"target": 82.1440030815333, "params": {"h": 20.0, "p": 273.0, "r": 45.0}, "datetime": {"datetime": "2024-05-12 04:19:44", "elapsed": 1994.065007, "delta": 18.24063}}
{"target": 128.4754034732836, "params": {"h": 16.0, "p": 296.0, "r": 37.0}, "datetime": {"datetime": "2024-05-12 04:20:03", "elapsed": 2013.242543, "delta": 19.177536}}
{"target": 139.91092095638618, "params": {"h": 16.0, "p": 294.0, "r": 34.0}, "datetime": {"datetime": "2024-05-12 04:20:23", "elapsed": 2033.417913, "delta": 20.17537}}
{"target": 76.23143344002196, "params": {"h": 17.0, "p": 283.0, "r": 34.0}, "datetime": {"datetime": "2024-05-12 04:20:44", "elapsed": 2053.54921, "delta": 20.131297}}
{"target": 85.76913713702257, "params": {"h": 18.0, "p": 276.0, "r": 42.0}, "datetime": {"datetime": "2024-05-12 04:21:02", "elapsed": 2071.992144, "delta": 18.442934}}
{"target": 18.729032926855986, "params": {"h": 23.0, "p": 276.0, "r": 35.0}, "datetime": {"datetime": "2024-05-12 04:21:23", "elapsed": 2093.264293, "delta": 21.272149}}
{"target": 123.51665913472321, "params": {"h": 21.0, "p": 256.0, "r": 44.0}, "datetime": {"datetime": "2024-05-12 04:21:41", "elapsed": 2111.067465, "delta": 17.803172}}
{"target": 34.6701768459147, "params": {"h": 19.0, "p": 301.0, "r": 34.0}, "datetime": {"datetime": "2024-05-12 04:22:03", "elapsed": 2133.44832, "delta": 22.380855}}
{"target": 50.581916893220814, "params": {"h": 29.0, "p": 241.0, "r": 43.0}, "datetime": {"datetime": "2024-05-12 04:22:22", "elapsed": 2151.839834, "delta": 18.391514}}
{"target": 154.26252393204197, "params": {"h": 21.0, "p": 280.0, "r": 41.0}, "datetime": {"datetime": "2024-05-12 04:22:40", "elapsed": 2170.517802, "delta": 18.677968}}
{"target": 123.30792286379615, "params": {"h": 23.0, "p": 292.0, "r": 45.0}, "datetime": {"datetime": "2024-05-12 04:22:59", "elapsed": 2189.101484, "delta": 18.583682}}
{"target": 31.21708847602614, "params": {"h": 15.0, "p": 284.0, "r": 41.0}, "datetime": {"datetime": "2024-05-12 04:23:17", "elapsed": 2206.544611, "delta": 17.443127}}
{"target": 1.0872327876805805, "params": {"h": 30.0, "p": 940.0, "r": 144.0}, "datetime": {"datetime": "2024-05-12 04:24:07", "elapsed": 2256.644685, "delta": 50.100074}}
{"target": 2.6947472786077955, "params": {"h": 34.0, "p": 458.0, "r": 34.0}, "datetime": {"datetime": "2024-05-12 04:24:36", "elapsed": 2286.039585, "delta": 29.3949}}
{"target": 106.6789202109237, "params": {"h": 21.0, "p": 282.0, "r": 39.0}, "datetime": {"datetime": "2024-05-12 04:24:55", "elapsed": 2304.793766, "delta": 18.754181}}
{"target": 114.26786126266649, "params": {"h": 25.0, "p": 282.0, "r": 43.0}, "datetime": {"datetime": "2024-05-12 04:25:13", "elapsed": 2322.828697, "delta": 18.034931}}
{"target": 138.5441801386045, "params": {"h": 19.0, "p": 277.0, "r": 38.0}, "datetime": {"datetime": "2024-05-12 04:25:32", "elapsed": 2341.926429, "delta": 19.097732}}
{"target": 12.927000503897585, "params": {"h": 50.0, "p": 400.0, "r": 141.0}, "datetime": {"datetime": "2024-05-12 04:25:46", "elapsed": 2356.24181, "delta": 14.315381}}
{"target": 120.73223861701891, "params": {"h": 15.0, "p": 285.0, "r": 36.0}, "datetime": {"datetime": "2024-05-12 04:26:06", "elapsed": 2375.560384, "delta": 19.318574}}
{"target": 76.44483910409065, "params": {"h": 25.0, "p": 287.0, "r": 50.0}, "datetime": {"datetime": "2024-05-12 04:26:23", "elapsed": 2392.598008, "delta": 17.037624}}
{"target": 99.11843509535099, "params": {"h": 22.0, "p": 278.0, "r": 46.0}, "datetime": {"datetime": "2024-05-12 04:26:41", "elapsed": 2410.588715, "delta": 17.990707}}
{"target": 162.62200279136704, "params": {"h": 17.0, "p": 274.0, "r": 38.0}, "datetime": {"datetime": "2024-05-12 04:26:59", "elapsed": 2428.984751, "delta": 18.396036}}
{"target": 45.06558479661926, "params": {"h": 44.0, "p": 274.0, "r": 48.0}, "datetime": {"datetime": "2024-05-12 04:27:19", "elapsed": 2448.740214, "delta": 19.755463}}
