{"target": 128.95064839982427, "params": {"h": 22.0, "p": 289.0, "r": 44.0}, "datetime": {"datetime": "2024-05-19 22:57:03", "elapsed": 2923.562762, "delta": 20.879886}}
{"target": 123.38691844477032, "params": {"h": 24.0, "p": 286.0, "r": 46.0}, "datetime": {"datetime": "2024-05-19 22:57:25", "elapsed": 2946.060294, "delta": 22.497532}}
{"target": 81.42760396184825, "params": {"h": 54.0, "p": 305.0, "r": 57.0}, "datetime": {"datetime": "2024-05-19 22:57:48", "elapsed": 2969.190111, "delta": 23.129817}}
{"target": 48.31890442925852, "params": {"h": 60.0, "p": 310.0, "r": 68.0}, "datetime": {"datetime": "2024-05-19 22:58:10", "elapsed": 2990.366653, "delta": 21.176542}}
{"target": 40.826761623236386, "params": {"h": 57.0, "p": 303.0, "r": 48.0}, "datetime": {"datetime": "2024-05-19 22:58:36", "elapsed": 3017.077975, "delta": 26.711322}}
{"target": 0.04020132545003515, "params": {"h": 23.0, "p": 607.0, "r": 15.0}, "datetime": {"datetime": "2024-05-19 22:59:33", "elapsed": 3073.366264, "delta": 56.288289}}
{"target": 88.29267873465855, "params": {"h": 52.0, "p": 317.0, "r": 56.0}, "datetime": {"datetime": "2024-05-19 22:59:55", "elapsed": 3096.104799, "delta": 22.738535}}
{"target": 65.83567901051738, "params": {"h": 55.0, "p": 323.0, "r": 60.0}, "datetime": {"datetime": "2024-05-19 23:00:20", "elapsed": 3120.376056, "delta": 24.271257}}
{"target": 105.8631153748872, "params": {"h": 24.0, "p": 301.0, "r": 41.0}, "datetime": {"datetime": "2024-05-19 23:00:43", "elapsed": 3143.66632, "delta": 23.290264}}
{"target": 111.15585383226458, "params": {"h": 32.0, "p": 312.0, "r": 50.0}, "datetime": {"datetime": "2024-05-19 23:01:08", "elapsed": 3168.480942, "delta": 24.814622}}
{"target": 79.37115877122058, "params": {"h": 57.0, "p": 321.0, "r": 51.0}, "datetime": {"datetime": "2024-05-19 23:01:34", "elapsed": 3194.525792, "delta": 26.04485}}
{"target": 42.10897082140879, "params": {"h": 45.0, "p": 307.0, "r": 66.0}, "datetime": {"datetime": "2024-05-19 23:01:53", "elapsed": 3214.257262, "delta": 19.73147}}
{"target": 106.64349584960694, "params": {"h": 49.0, "p": 329.0, "r": 52.0}, "datetime": {"datetime": "2024-05-19 23:02:19", "elapsed": 3239.526896, "delta": 25.269634}}
{"target": 67.35145551678482, "params": {"h": 49.0, "p": 333.0, "r": 47.0}, "datetime": {"datetime": "2024-05-19 23:02:46", "elapsed": 3267.298525, "delta": 27.771629}}
{"target": 61.05227263719405, "params": {"h": 43.0, "p": 333.0, "r": 56.0}, "datetime": {"datetime": "2024-05-19 23:03:09", "elapsed": 3289.35533, "delta": 22.056805}}
{"target": 53.52352992705712, "params": {"h": 50.0, "p": 323.0, "r": 47.0}, "datetime": {"datetime": "2024-05-19 23:03:38", "elapsed": 3318.33775, "delta": 28.98242}}
{"target": 127.36609413474794, "params": {"h": 22.0, "p": 292.0, "r": 44.0}, "datetime": {"datetime": "2024-05-19 23:03:58", "elapsed": 3338.49047, "delta": 20.15272}}
{"target": 88.89707103244041, "params": {"h": 53.0, "p": 334.0, "r": 55.0}, "datetime": {"datetime": "2024-05-19 23:04:23", "elapsed": 3363.892785, "delta": 25.402315}}
{"target": 63.956045713947624, "params": {"h": 46.0, "p": 325.0, "r": 58.0}, "datetime": {"datetime": "2024-05-19 23:04:46", "elapsed": 3386.522234, "delta": 22.629449}}
{"target": 34.57117890702684, "params": {"h": 59.0, "p": 338.0, "r": 65.0}, "datetime": {"datetime": "2024-05-19 23:05:11", "elapsed": 3411.862586, "delta": 25.340352}}
{"target": 33.588332077816396, "params": {"h": 60.0, "p": 334.0, "r": 45.0}, "datetime": {"datetime": "2024-05-19 23:05:42", "elapsed": 3442.337627, "delta": 30.475041}}
{"target": 2.0523712576602655, "params": {"h": 51.0, "p": 999.0, "r": 58.0}, "datetime": {"datetime": "2024-05-19 23:07:04", "elapsed": 3525.04054, "delta": 82.702913}}
{"target": 159.39018609882305, "params": {"h": 22.0, "p": 297.0, "r": 42.0}, "datetime": {"datetime": "2024-05-19 23:07:26", "elapsed": 3547.014012, "delta": 21.973472}}
{"target": 78.09933965417142, "params": {"h": 60.0, "p": 314.0, "r": 53.0}, "datetime": {"datetime": "2024-05-19 23:07:51", "elapsed": 3571.976473, "delta": 24.962461}}
{"target": 0.3566106600020815, "params": {"h": 59.0, "p": 448.0, "r": 23.0}, "datetime": {"datetime": "2024-05-19 23:08:49", "elapsed": 3630.045711, "delta": 58.069238}}
{"target": 1.6752271473270666, "params": {"h": 56.0, "p": 814.0, "r": 148.0}, "datetime": {"datetime": "2024-05-19 23:09:28", "elapsed": 3669.112521, "delta": 39.06681}}
{"target": 2.772412581114117, "params": {"h": 60.0, "p": 549.0, "r": 85.0}, "datetime": {"datetime": "2024-05-19 23:09:57", "elapsed": 3697.803387, "delta": 28.690866}}
{"target": 0.0, "params": {"h": 52.0, "p": 153.0, "r": 98.0}, "datetime": {"datetime": "2024-05-19 23:09:58", "elapsed": 3698.463172, "delta": 0.659785}}
{"target": 0.04931282930602633, "params": {"h": 53.0, "p": 762.0, "r": 18.0}, "datetime": {"datetime": "2024-05-19 23:11:12", "elapsed": 3772.477944, "delta": 74.014772}}
{"target": 156.84192359877738, "params": {"h": 21.0, "p": 298.0, "r": 40.0}, "datetime": {"datetime": "2024-05-19 23:11:34", "elapsed": 3795.173302, "delta": 22.695358}}
{"target": 2.18548470087444, "params": {"h": 16.0, "p": 486.0, "r": 69.0}, "datetime": {"datetime": "2024-05-19 23:11:58", "elapsed": 3818.583611, "delta": 23.410309}}
{"target": 123.25120328904801, "params": {"h": 19.0, "p": 296.0, "r": 41.0}, "datetime": {"datetime": "2024-05-19 23:12:20", "elapsed": 3841.279782, "delta": 22.696171}}
{"target": 2.700350584789904, "params": {"h": 18.0, "p": 638.0, "r": 147.0}, "datetime": {"datetime": "2024-05-19 23:13:05", "elapsed": 3885.660525, "delta": 44.380743}}
{"target": 0.5928116956164352, "params": {"h": 16.0, "p": 946.0, "r": 87.0}, "datetime": {"datetime": "2024-05-19 23:14:06", "elapsed": 3947.101158, "delta": 61.440633}}
{"target": 1.2002328001713134, "params": {"h": 17.0, "p": 876.0, "r": 51.0}, "datetime": {"datetime": "2024-05-19 23:14:56", "elapsed": 3996.524935, "delta": 49.423777}}
{"target": 1.7817547380852328, "params": {"h": 56.0, "p": 726.0, "r": 100.0}, "datetime": {"datetime": "2024-05-19 23:15:33", "elapsed": 4033.460274, "delta": 36.935339}}
{"target": 1.309523656125326, "params": {"h": 58.0, "p": 932.0, "r": 148.0}, "datetime": {"datetime": "2024-05-19 23:16:21", "elapsed": 4081.819366, "delta": 48.359092}}
{"target": 1.4074489454431116, "params": {"h": 59.0, "p": 842.0, "r": 79.0}, "datetime": {"datetime": "2024-05-19 23:17:10", "elapsed": 4130.40242, "delta": 48.583054}}
{"target": 4.554291509221102, "params": {"h": 59.0, "p": 420.0, "r": 95.0}, "datetime": {"datetime": "2024-05-19 23:17:30", "elapsed": 4150.946416, "delta": 20.543996}}
{"target": 1.7060542156476257, "params": {"h": 18.0, "p": 593.0, "r": 77.0}, "datetime": {"datetime": "2024-05-19 23:18:01", "elapsed": 4181.603315, "delta": 30.656899}}
{"target": 0.13483199683813252, "params": {"h": 56.0, "p": 383.0, "r": 16.0}, "datetime": {"datetime": "2024-05-19 23:19:11", "elapsed": 4251.586821, "delta": 69.983506}}
{"target": 76.98975788150472, "params": {"h": 44.0, "p": 281.0, "r": 55.0}, "datetime": {"datetime": "2024-05-19 23:19:32", "elapsed": 4272.324514, "delta": 20.737693}}
{"target": 1.9498029404078283, "params": {"h": 15.0, "p": 765.0, "r": 141.0}, "datetime": {"datetime": "2024-05-19 23:20:31", "elapsed": 4332.210388, "delta": 59.885874}}
{"target": 5.645404483310286, "params": {"h": 15.0, "p": 418.0, "r": 140.0}, "datetime": {"datetime": "2024-05-19 23:21:07", "elapsed": 4368.049622, "delta": 35.839234}}
{"target": 0.0, "params": {"h": 18.0, "p": 111.0, "r": 79.0}, "datetime": {"datetime": "2024-05-19 23:21:08", "elapsed": 4368.669341, "delta": 0.619719}}
{"target": 0.5117481610258529, "params": {"h": 60.0, "p": 175.0, "r": 15.0}, "datetime": {"datetime": "2024-05-19 23:22:09", "elapsed": 4430.13881, "delta": 61.469469}}
{"target": 1.3465835198615979, "params": {"h": 16.0, "p": 677.0, "r": 94.0}, "datetime": {"datetime": "2024-05-19 23:22:49", "elapsed": 4469.378635, "delta": 39.239825}}
{"target": 123.6274433230183, "params": {"h": 20.0, "p": 299.0, "r": 42.0}, "datetime": {"datetime": "2024-05-19 23:23:11", "elapsed": 4491.683536, "delta": 22.304901}}
{"target": 41.577337880218636, "params": {"h": 49.0, "p": 257.0, "r": 50.0}, "datetime": {"datetime": "2024-05-19 23:23:34", "elapsed": 4515.077708, "delta": 23.394172}}
{"target": 107.22120555969109, "params": {"h": 23.0, "p": 228.0, "r": 45.0}, "datetime": {"datetime": "2024-05-19 23:23:53", "elapsed": 4534.28992, "delta": 19.212212}}
{"target": 0.0, "params": {"h": 15.0, "p": 162.0, "r": 148.0}, "datetime": {"datetime": "2024-05-19 23:23:54", "elapsed": 4535.067675, "delta": 0.777755}}
{"target": 86.42496508862607, "params": {"h": 50.0, "p": 343.0, "r": 53.0}, "datetime": {"datetime": "2024-05-19 23:24:20", "elapsed": 4561.126033, "delta": 26.058358}}
{"target": 150.0605417985635, "params": {"h": 21.0, "p": 298.0, "r": 42.0}, "datetime": {"datetime": "2024-05-19 23:24:42", "elapsed": 4582.700746, "delta": 21.574713}}
{"target": 74.15549393084355, "params": {"h": 22.0, "p": 225.0, "r": 50.0}, "datetime": {"datetime": "2024-05-19 23:25:00", "elapsed": 4600.638743, "delta": 17.937997}}
{"target": 45.72720072864234, "params": {"h": 47.0, "p": 351.0, "r": 52.0}, "datetime": {"datetime": "2024-05-19 23:25:26", "elapsed": 4626.524377, "delta": 25.885634}}
{"target": 14.80830874090105, "params": {"h": 60.0, "p": 526.0, "r": 149.0}, "datetime": {"datetime": "2024-05-19 23:25:47", "elapsed": 4647.59515, "delta": 21.070773}}
{"target": 66.65177436862446, "params": {"h": 59.0, "p": 298.0, "r": 62.0}, "datetime": {"datetime": "2024-05-19 23:26:09", "elapsed": 4670.191436, "delta": 22.596286}}
{"target": 49.09772476284332, "params": {"h": 29.0, "p": 232.0, "r": 43.0}, "datetime": {"datetime": "2024-05-19 23:26:31", "elapsed": 4691.577727, "delta": 21.386291}}
{"target": 3.9411796596315463, "params": {"h": 16.0, "p": 369.0, "r": 111.0}, "datetime": {"datetime": "2024-05-19 23:26:53", "elapsed": 4713.659108, "delta": 22.081381}}
{"target": 2.8402369617771375, "params": {"h": 60.0, "p": 600.0, "r": 131.0}, "datetime": {"datetime": "2024-05-19 23:27:18", "elapsed": 4738.761139, "delta": 25.102031}}
{"target": 9.061717515321865, "params": {"h": 16.0, "p": 809.0, "r": 34.0}, "datetime": {"datetime": "2024-05-19 23:28:11", "elapsed": 4792.14359, "delta": 53.382451}}
{"target": 1.3167132288399894, "params": {"h": 55.0, "p": 907.0, "r": 75.0}, "datetime": {"datetime": "2024-05-19 23:29:14", "elapsed": 4854.968848, "delta": 62.825258}}
{"target": 62.9933496665637, "params": {"h": 58.0, "p": 347.0, "r": 55.0}, "datetime": {"datetime": "2024-05-19 23:29:41", "elapsed": 4881.602377, "delta": 26.633529}}
{"target": 37.2732414237074, "params": {"h": 18.0, "p": 161.0, "r": 55.0}, "datetime": {"datetime": "2024-05-19 23:29:53", "elapsed": 4894.232554, "delta": 12.630177}}
{"target": 39.31807624478716, "params": {"h": 16.0, "p": 229.0, "r": 46.0}, "datetime": {"datetime": "2024-05-19 23:30:12", "elapsed": 4912.624685, "delta": 18.392131}}
{"target": 84.66057922868299, "params": {"h": 24.0, "p": 224.0, "r": 43.0}, "datetime": {"datetime": "2024-05-19 23:30:32", "elapsed": 4932.825284, "delta": 20.200599}}
{"target": 0.0, "params": {"h": 16.0, "p": 252.0, "r": 149.0}, "datetime": {"datetime": "2024-05-19 23:30:33", "elapsed": 4933.702651, "delta": 0.877367}}
{"target": 32.50792402179869, "params": {"h": 48.0, "p": 341.0, "r": 61.0}, "datetime": {"datetime": "2024-05-19 23:30:57", "elapsed": 4957.682895, "delta": 23.980244}}
{"target": 2.434745011412362, "params": {"h": 16.0, "p": 519.0, "r": 117.0}, "datetime": {"datetime": "2024-05-19 23:31:30", "elapsed": 4990.530218, "delta": 32.847323}}
{"target": 0.03110004718691521, "params": {"h": 16.0, "p": 992.0, "r": 17.0}, "datetime": {"datetime": "2024-05-19 23:32:42", "elapsed": 5062.818519, "delta": 72.288301}}
{"target": 31.36870215829047, "params": {"h": 48.0, "p": 283.0, "r": 46.0}, "datetime": {"datetime": "2024-05-19 23:33:08", "elapsed": 5088.930007, "delta": 26.111488}}
{"target": 74.0736707872002, "params": {"h": 52.0, "p": 311.0, "r": 51.0}, "datetime": {"datetime": "2024-05-19 23:33:35", "elapsed": 5115.683992, "delta": 26.753985}}
{"target": 40.08825291788774, "params": {"h": 50.0, "p": 223.0, "r": 55.0}, "datetime": {"datetime": "2024-05-19 23:33:54", "elapsed": 5134.522675, "delta": 18.838683}}
{"target": 54.893070089747, "params": {"h": 52.0, "p": 344.0, "r": 45.0}, "datetime": {"datetime": "2024-05-19 23:34:24", "elapsed": 5165.187311, "delta": 30.664636}}
{"target": 0.03804905119753222, "params": {"h": 60.0, "p": 646.0, "r": 15.0}, "datetime": {"datetime": "2024-05-19 23:35:50", "elapsed": 5250.352092, "delta": 85.164781}}
{"target": 0.0, "params": {"h": 15.0, "p": 208.0, "r": 109.0}, "datetime": {"datetime": "2024-05-19 23:35:50", "elapsed": 5251.252407, "delta": 0.900315}}
{"target": 2.2695935232366606, "params": {"h": 60.0, "p": 670.0, "r": 128.0}, "datetime": {"datetime": "2024-05-19 23:36:22", "elapsed": 5282.93297, "delta": 31.680563}}
{"target": 2.8715180600300627, "params": {"h": 16.0, "p": 540.0, "r": 50.0}, "datetime": {"datetime": "2024-05-19 23:36:52", "elapsed": 5313.135125, "delta": 30.202155}}
{"target": 45.315771749203485, "params": {"h": 44.0, "p": 278.0, "r": 68.0}, "datetime": {"datetime": "2024-05-19 23:37:11", "elapsed": 5332.292682, "delta": 19.157557}}
{"target": 0.8273685716671848, "params": {"h": 15.0, "p": 835.0, "r": 112.0}, "datetime": {"datetime": "2024-05-19 23:38:06", "elapsed": 5386.319997, "delta": 54.027315}}
{"target": 115.5065075329811, "params": {"h": 23.0, "p": 271.0, "r": 46.0}, "datetime": {"datetime": "2024-05-19 23:38:27", "elapsed": 5407.676869, "delta": 21.356872}}
{"target": 105.74223785977057, "params": {"h": 39.0, "p": 320.0, "r": 52.0}, "datetime": {"datetime": "2024-05-19 23:38:52", "elapsed": 5432.923543, "delta": 25.246674}}
{"target": 83.99680322810981, "params": {"h": 48.0, "p": 300.0, "r": 56.0}, "datetime": {"datetime": "2024-05-19 23:39:15", "elapsed": 5456.22213, "delta": 23.298587}}
{"target": 119.40816758041072, "params": {"h": 38.0, "p": 328.0, "r": 48.0}, "datetime": {"datetime": "2024-05-19 23:39:40", "elapsed": 5481.040577, "delta": 24.818447}}
{"target": 125.9357014737162, "params": {"h": 34.0, "p": 324.0, "r": 47.0}, "datetime": {"datetime": "2024-05-19 23:40:05", "elapsed": 5506.123926, "delta": 25.083349}}
{"target": 106.16439131701003, "params": {"h": 30.0, "p": 332.0, "r": 48.0}, "datetime": {"datetime": "2024-05-19 23:40:28", "elapsed": 5528.547713, "delta": 22.423787}}
{"target": 108.00000144715844, "params": {"h": 34.0, "p": 327.0, "r": 50.0}, "datetime": {"datetime": "2024-05-19 23:40:53", "elapsed": 5554.227372, "delta": 25.679659}}
{"target": 41.250779127037035, "params": {"h": 39.0, "p": 332.0, "r": 43.0}, "datetime": {"datetime": "2024-05-19 23:41:20", "elapsed": 5581.193212, "delta": 26.96584}}
{"target": 104.8589436103014, "params": {"h": 31.0, "p": 327.0, "r": 44.0}, "datetime": {"datetime": "2024-05-19 23:41:45", "elapsed": 5605.371905, "delta": 24.178693}}
{"target": 23.05240536317718, "params": {"h": 21.0, "p": 336.0, "r": 48.0}, "datetime": {"datetime": "2024-05-19 23:42:08", "elapsed": 5628.404067, "delta": 23.032162}}
{"target": 118.87578693079347, "params": {"h": 36.0, "p": 321.0, "r": 48.0}, "datetime": {"datetime": "2024-05-19 23:42:33", "elapsed": 5654.161034, "delta": 25.756967}}
{"target": 44.74672208969289, "params": {"h": 33.0, "p": 334.0, "r": 54.0}, "datetime": {"datetime": "2024-05-19 23:42:56", "elapsed": 5676.861071, "delta": 22.700037}}
{"target": 110.14265327040364, "params": {"h": 43.0, "p": 326.0, "r": 50.0}, "datetime": {"datetime": "2024-05-19 23:43:23", "elapsed": 5703.786617, "delta": 26.925546}}
{"target": 59.201713795410576, "params": {"h": 26.0, "p": 326.0, "r": 49.0}, "datetime": {"datetime": "2024-05-19 23:43:46", "elapsed": 5726.579266, "delta": 22.792649}}
{"target": 0.14879200593334857, "params": {"h": 19.0, "p": 480.0, "r": 18.0}, "datetime": {"datetime": "2024-05-19 23:44:31", "elapsed": 5772.142702, "delta": 45.563436}}
{"target": 1.54808577914547, "params": {"h": 16.0, "p": 742.0, "r": 51.0}, "datetime": {"datetime": "2024-05-19 23:45:14", "elapsed": 5815.068569, "delta": 42.925867}}
{"target": 2.236488243347433, "params": {"h": 60.0, "p": 579.0, "r": 39.0}, "datetime": {"datetime": "2024-05-19 23:45:59", "elapsed": 5859.894766, "delta": 44.826197}}
{"target": 0.0, "params": {"h": 53.0, "p": 329.0, "r": 148.0}, "datetime": {"datetime": "2024-05-19 23:46:00", "elapsed": 5861.123906, "delta": 1.22914}}
{"target": 124.08853334671235, "params": {"h": 37.0, "p": 324.0, "r": 49.0}, "datetime": {"datetime": "2024-05-19 23:46:24", "elapsed": 5884.91188, "delta": 23.787974}}
{"target": 4.515266650907221, "params": {"h": 18.0, "p": 650.0, "r": 46.0}, "datetime": {"datetime": "2024-05-19 23:47:03", "elapsed": 5924.195039, "delta": 39.283159}}
{"target": 1.0689966799805128, "params": {"h": 17.0, "p": 961.0, "r": 142.0}, "datetime": {"datetime": "2024-05-19 23:48:19", "elapsed": 6000.067624, "delta": 75.872585}}
{"target": 0.9734068815925956, "params": {"h": 60.0, "p": 966.0, "r": 100.0}, "datetime": {"datetime": "2024-05-19 23:49:21", "elapsed": 6061.663374, "delta": 61.59575}}
{"target": 42.88082130158386, "params": {"h": 27.0, "p": 332.0, "r": 39.0}, "datetime": {"datetime": "2024-05-19 23:49:48", "elapsed": 6088.704285, "delta": 27.040911}}
{"target": 0.0, "params": {"h": 60.0, "p": 136.0, "r": 149.0}, "datetime": {"datetime": "2024-05-19 23:49:49", "elapsed": 6089.430703, "delta": 0.726418}}
{"target": 0.024437874628653582, "params": {"h": 55.0, "p": 888.0, "r": 16.0}, "datetime": {"datetime": "2024-05-19 23:51:40", "elapsed": 6200.554762, "delta": 111.124059}}
{"target": 114.36385711018686, "params": {"h": 31.0, "p": 320.0, "r": 45.0}, "datetime": {"datetime": "2024-05-19 23:52:06", "elapsed": 6226.626946, "delta": 26.072184}}
{"target": 0.5678255982060407, "params": {"h": 15.0, "p": 997.0, "r": 103.0}, "datetime": {"datetime": "2024-05-19 23:53:16", "elapsed": 6297.303968, "delta": 70.677022}}
{"target": 4.4135579832252505, "params": {"h": 59.0, "p": 742.0, "r": 149.0}, "datetime": {"datetime": "2024-05-19 23:53:49", "elapsed": 6330.256381, "delta": 32.952413}}
{"target": 9.528103005071133, "params": {"h": 60.0, "p": 495.0, "r": 52.0}, "datetime": {"datetime": "2024-05-19 23:54:24", "elapsed": 6364.436701, "delta": 34.18032}}
{"target": 0.0, "params": {"h": 58.0, "p": 101.0, "r": 105.0}, "datetime": {"datetime": "2024-05-19 23:54:25", "elapsed": 6365.63819, "delta": 1.201489}}
{"target": 0.3959493717674544, "params": {"h": 16.0, "p": 421.0, "r": 20.0}, "datetime": {"datetime": "2024-05-19 23:55:01", "elapsed": 6401.562646, "delta": 35.924456}}
{"target": 2.436659156832759, "params": {"h": 15.0, "p": 441.0, "r": 88.0}, "datetime": {"datetime": "2024-05-19 23:55:27", "elapsed": 6428.293984, "delta": 26.731338}}
{"target": 1.3976287814172126, "params": {"h": 60.0, "p": 861.0, "r": 140.0}, "datetime": {"datetime": "2024-05-19 23:56:16", "elapsed": 6476.646979, "delta": 48.352995}}
{"target": 0.0, "params": {"h": 60.0, "p": 234.0, "r": 112.0}, "datetime": {"datetime": "2024-05-19 23:56:17", "elapsed": 6477.506599, "delta": 0.85962}}
{"target": 24.48887197146105, "params": {"h": 60.0, "p": 184.0, "r": 66.0}, "datetime": {"datetime": "2024-05-19 23:56:33", "elapsed": 6493.859584, "delta": 16.352985}}
{"target": 6.610418425242401, "params": {"h": 59.0, "p": 369.0, "r": 99.0}, "datetime": {"datetime": "2024-05-19 23:56:53", "elapsed": 6513.420384, "delta": 19.5608}}
{"target": 0.030359035101045206, "params": {"h": 59.0, "p": 978.0, "r": 18.0}, "datetime": {"datetime": "2024-05-19 23:58:55", "elapsed": 6635.973389, "delta": 122.553005}}
{"target": 103.31914633482234, "params": {"h": 37.0, "p": 299.0, "r": 51.0}, "datetime": {"datetime": "2024-05-19 23:59:18", "elapsed": 6658.600917, "delta": 22.627528}}
{"target": 24.85108130719975, "params": {"h": 60.0, "p": 435.0, "r": 150.0}, "datetime": {"datetime": "2024-05-19 23:59:34", "elapsed": 6675.263276, "delta": 16.662359}}
{"target": 2.5705133460935348, "params": {"h": 59.0, "p": 683.0, "r": 81.0}, "datetime": {"datetime": "2024-05-20 00:00:13", "elapsed": 6713.906158, "delta": 38.642882}}
{"target": 3.0239496187922, "params": {"h": 54.0, "p": 501.0, "r": 95.0}, "datetime": {"datetime": "2024-05-20 00:00:39", "elapsed": 6739.567344, "delta": 25.661186}}
