{"target": 80.39596578262226, "params": {"h": 18.0, "p": 299.0, "r": 35.0}, "datetime": {"datetime": "2024-05-12 03:00:27", "elapsed": 2399.925576, "delta": 19.538468}}
{"target": 125.60268268880016, "params": {"h": 20.0, "p": 304.0, "r": 38.0}, "datetime": {"datetime": "2024-05-12 03:00:49", "elapsed": 2422.086064, "delta": 22.160488}}
{"target": 47.4255456607897, "params": {"h": 16.0, "p": 301.0, "r": 40.0}, "datetime": {"datetime": "2024-05-12 03:01:07", "elapsed": 2440.042406, "delta": 17.956342}}
{"target": 79.97841939483166, "params": {"h": 36.0, "p": 300.0, "r": 47.0}, "datetime": {"datetime": "2024-05-12 03:01:27", "elapsed": 2460.610677, "delta": 20.568271}}
{"target": 177.18566187311407, "params": {"h": 17.0, "p": 296.0, "r": 36.0}, "datetime": {"datetime": "2024-05-12 03:01:47", "elapsed": 2480.304104, "delta": 19.693427}}
{"target": 134.05089300733104, "params": {"h": 23.0, "p": 308.0, "r": 44.0}, "datetime": {"datetime": "2024-05-12 03:02:07", "elapsed": 2500.357205, "delta": 20.053101}}
{"target": 173.3140782119172, "params": {"h": 18.0, "p": 303.0, "r": 37.0}, "datetime": {"datetime": "2024-05-12 03:02:27", "elapsed": 2519.939352, "delta": 19.582147}}
{"target": 110.66138397822942, "params": {"h": 33.0, "p": 294.0, "r": 50.0}, "datetime": {"datetime": "2024-05-12 03:02:46", "elapsed": 2538.864977, "delta": 18.925625}}
{"target": 149.05951640283703, "params": {"h": 20.0, "p": 305.0, "r": 41.0}, "datetime": {"datetime": "2024-05-12 03:03:05", "elapsed": 2558.634662, "delta": 19.769685}}
{"target": 29.839415448857874, "params": {"h": 16.0, "p": 296.0, "r": 31.0}, "datetime": {"datetime": "2024-05-12 03:03:26", "elapsed": 2579.547287, "delta": 20.912625}}
{"target": 164.00088375621905, "params": {"h": 20.0, "p": 302.0, "r": 39.0}, "datetime": {"datetime": "2024-05-12 03:03:46", "elapsed": 2599.397039, "delta": 19.849752}}
{"target": 175.2732138113213, "params": {"h": 19.0, "p": 308.0, "r": 39.0}, "datetime": {"datetime": "2024-05-12 03:04:07", "elapsed": 2620.119655, "delta": 20.722616}}
{"target": 103.308654711329, "params": {"h": 27.0, "p": 294.0, "r": 49.0}, "datetime": {"datetime": "2024-05-12 03:04:25", "elapsed": 2638.170458, "delta": 18.050803}}
{"target": 68.11909485520667, "params": {"h": 29.0, "p": 291.0, "r": 43.0}, "datetime": {"datetime": "2024-05-12 03:04:45", "elapsed": 2658.441199, "delta": 20.270741}}
{"target": 38.63241798061043, "params": {"h": 27.0, "p": 322.0, "r": 53.0}, "datetime": {"datetime": "2024-05-12 03:05:04", "elapsed": 2676.929448, "delta": 18.488249}}
{"target": 154.55214304551288, "params": {"h": 19.0, "p": 299.0, "r": 40.0}, "datetime": {"datetime": "2024-05-12 03:05:23", "elapsed": 2695.935074, "delta": 19.005626}}
{"target": 85.20599985668375, "params": {"h": 29.0, "p": 288.0, "r": 52.0}, "datetime": {"datetime": "2024-05-12 03:05:41", "elapsed": 2714.376804, "delta": 18.44173}}
{"target": 73.84725344065457, "params": {"h": 36.0, "p": 293.0, "r": 47.0}, "datetime": {"datetime": "2024-05-12 03:06:05", "elapsed": 2737.912008, "delta": 23.535204}}
{"target": 26.02116194831756, "params": {"h": 21.0, "p": 289.0, "r": 54.0}, "datetime": {"datetime": "2024-05-12 03:06:22", "elapsed": 2755.339099, "delta": 17.427091}}
{"target": 95.14555845584943, "params": {"h": 42.0, "p": 314.0, "r": 54.0}, "datetime": {"datetime": "2024-05-12 03:06:42", "elapsed": 2775.423518, "delta": 20.084419}}
{"target": 84.10947565339265, "params": {"h": 40.0, "p": 312.0, "r": 48.0}, "datetime": {"datetime": "2024-05-12 03:07:04", "elapsed": 2797.335484, "delta": 21.911966}}
{"target": 164.39978062747144, "params": {"h": 15.0, "p": 305.0, "r": 33.0}, "datetime": {"datetime": "2024-05-12 03:07:25", "elapsed": 2818.247783, "delta": 20.912299}}
{"target": 66.69861509194921, "params": {"h": 46.0, "p": 314.0, "r": 59.0}, "datetime": {"datetime": "2024-05-12 03:07:44", "elapsed": 2837.42404, "delta": 19.176257}}
{"target": 96.76938137680654, "params": {"h": 37.0, "p": 309.0, "r": 53.0}, "datetime": {"datetime": "2024-05-12 03:08:04", "elapsed": 2857.601981, "delta": 20.177941}}
{"target": 131.77364991320857, "params": {"h": 16.0, "p": 295.0, "r": 37.0}, "datetime": {"datetime": "2024-05-12 03:08:25", "elapsed": 2878.152824, "delta": 20.550843}}
{"target": 126.06340130090842, "params": {"h": 19.0, "p": 294.0, "r": 41.0}, "datetime": {"datetime": "2024-05-12 03:08:44", "elapsed": 2897.659418, "delta": 19.506594}}
{"target": 73.72880757533808, "params": {"h": 32.0, "p": 312.0, "r": 53.0}, "datetime": {"datetime": "2024-05-12 03:09:04", "elapsed": 2916.821957, "delta": 19.162539}}
{"target": 43.34423457012561, "params": {"h": 37.0, "p": 316.0, "r": 60.0}, "datetime": {"datetime": "2024-05-12 03:09:24", "elapsed": 2937.091559, "delta": 20.269602}}
{"target": 101.27685031171818, "params": {"h": 33.0, "p": 281.0, "r": 50.0}, "datetime": {"datetime": "2024-05-12 03:09:44", "elapsed": 2956.97271, "delta": 19.881151}}
{"target": 174.9363066716511, "params": {"h": 19.0, "p": 295.0, "r": 39.0}, "datetime": {"datetime": "2024-05-12 03:10:03", "elapsed": 2976.789157, "delta": 19.816447}}
{"target": 2.380777949912818, "params": {"h": 42.0, "p": 573.0, "r": 118.0}, "datetime": {"datetime": "2024-05-12 03:10:25", "elapsed": 2998.543314, "delta": 21.754157}}
{"target": 95.67827560012962, "params": {"h": 36.0, "p": 285.0, "r": 51.0}, "datetime": {"datetime": "2024-05-12 03:10:46", "elapsed": 3018.937143, "delta": 20.393829}}
{"target": 80.7820439627891, "params": {"h": 30.0, "p": 281.0, "r": 45.0}, "datetime": {"datetime": "2024-05-12 03:11:06", "elapsed": 3038.847424, "delta": 19.910281}}
{"target": 84.08168426462416, "params": {"h": 17.0, "p": 308.0, "r": 34.0}, "datetime": {"datetime": "2024-05-12 03:11:28", "elapsed": 3061.165856, "delta": 22.318432}}
{"target": 73.7210616608695, "params": {"h": 18.0, "p": 309.0, "r": 41.0}, "datetime": {"datetime": "2024-05-12 03:11:47", "elapsed": 3080.609845, "delta": 19.443989}}
{"target": 155.8270178948024, "params": {"h": 20.0, "p": 295.0, "r": 39.0}, "datetime": {"datetime": "2024-05-12 03:12:09", "elapsed": 3102.035148, "delta": 21.425303}}
{"target": 104.39816155113252, "params": {"h": 44.0, "p": 319.0, "r": 52.0}, "datetime": {"datetime": "2024-05-12 03:12:30", "elapsed": 3123.572203, "delta": 21.537055}}
{"target": 104.60886930805809, "params": {"h": 44.0, "p": 325.0, "r": 50.0}, "datetime": {"datetime": "2024-05-12 03:12:53", "elapsed": 3146.044618, "delta": 22.472415}}
{"target": 87.23918086492515, "params": {"h": 41.0, "p": 327.0, "r": 47.0}, "datetime": {"datetime": "2024-05-12 03:13:15", "elapsed": 3168.51749, "delta": 22.472872}}
{"target": 174.74912954404047, "params": {"h": 18.0, "p": 304.0, "r": 37.0}, "datetime": {"datetime": "2024-05-12 03:13:36", "elapsed": 3189.662175, "delta": 21.144685}}
{"target": 79.22485294404267, "params": {"h": 33.0, "p": 282.0, "r": 55.0}, "datetime": {"datetime": "2024-05-12 03:13:53", "elapsed": 3206.5429, "delta": 16.880725}}
{"target": 57.16459330691528, "params": {"h": 51.0, "p": 329.0, "r": 47.0}, "datetime": {"datetime": "2024-05-12 03:14:17", "elapsed": 3229.846071, "delta": 23.303171}}
{"target": 85.22378746004945, "params": {"h": 16.0, "p": 303.0, "r": 33.0}, "datetime": {"datetime": "2024-05-12 03:14:37", "elapsed": 3250.02204, "delta": 20.175969}}
{"target": 112.93138666461259, "params": {"h": 39.0, "p": 320.0, "r": 51.0}, "datetime": {"datetime": "2024-05-12 03:14:57", "elapsed": 3270.416007, "delta": 20.393967}}
{"target": 122.7199621066472, "params": {"h": 36.0, "p": 320.0, "r": 49.0}, "datetime": {"datetime": "2024-05-12 03:15:18", "elapsed": 3291.015348, "delta": 20.599341}}
{"target": 172.01629678168655, "params": {"h": 20.0, "p": 307.0, "r": 40.0}, "datetime": {"datetime": "2024-05-12 03:15:38", "elapsed": 3310.972189, "delta": 19.956841}}
{"target": 158.2787620066447, "params": {"h": 19.0, "p": 295.0, "r": 38.0}, "datetime": {"datetime": "2024-05-12 03:15:57", "elapsed": 3330.413878, "delta": 19.441689}}
{"target": 118.83096875129132, "params": {"h": 37.0, "p": 326.0, "r": 50.0}, "datetime": {"datetime": "2024-05-12 03:16:18", "elapsed": 3351.622759, "delta": 21.208881}}
{"target": 116.11223074133524, "params": {"h": 39.0, "p": 323.0, "r": 49.0}, "datetime": {"datetime": "2024-05-12 03:16:43", "elapsed": 3376.363379, "delta": 24.74062}}
{"target": 61.008905909665444, "params": {"h": 36.0, "p": 324.0, "r": 55.0}, "datetime": {"datetime": "2024-05-12 03:17:05", "elapsed": 3398.182156, "delta": 21.818777}}
{"target": 144.45980787653937, "params": {"h": 17.0, "p": 311.0, "r": 35.0}, "datetime": {"datetime": "2024-05-12 03:17:26", "elapsed": 3419.124828, "delta": 20.942672}}
{"target": 174.99230517501846, "params": {"h": 19.0, "p": 306.0, "r": 39.0}, "datetime": {"datetime": "2024-05-12 03:17:47", "elapsed": 3440.505635, "delta": 21.380807}}
{"target": 130.97145796999612, "params": {"h": 34.0, "p": 327.0, "r": 47.0}, "datetime": {"datetime": "2024-05-12 03:18:08", "elapsed": 3461.401826, "delta": 20.896191}}
{"target": 170.72183080791157, "params": {"h": 20.0, "p": 297.0, "r": 40.0}, "datetime": {"datetime": "2024-05-12 03:18:27", "elapsed": 3480.001427, "delta": 18.599601}}
{"target": 112.86414952440175, "params": {"h": 33.0, "p": 330.0, "r": 45.0}, "datetime": {"datetime": "2024-05-12 03:18:48", "elapsed": 3500.999885, "delta": 20.998458}}
{"target": 188.11790997043437, "params": {"h": 16.0, "p": 304.0, "r": 35.0}, "datetime": {"datetime": "2024-05-12 03:19:08", "elapsed": 3521.050291, "delta": 20.050406}}
{"target": 72.93926499498741, "params": {"h": 32.0, "p": 331.0, "r": 51.0}, "datetime": {"datetime": "2024-05-12 03:19:28", "elapsed": 3541.213587, "delta": 20.163296}}
{"target": 100.80767047386088, "params": {"h": 35.0, "p": 323.0, "r": 46.0}, "datetime": {"datetime": "2024-05-12 03:19:51", "elapsed": 3563.938317, "delta": 22.72473}}
{"target": 152.77259351152514, "params": {"h": 27.0, "p": 325.0, "r": 44.0}, "datetime": {"datetime": "2024-05-12 03:20:12", "elapsed": 3585.207922, "delta": 21.269605}}
{"target": 19.303949606868155, "params": {"h": 28.0, "p": 329.0, "r": 37.0}, "datetime": {"datetime": "2024-05-12 03:20:35", "elapsed": 3608.619887, "delta": 23.411965}}
{"target": 142.33672511146227, "params": {"h": 29.0, "p": 328.0, "r": 46.0}, "datetime": {"datetime": "2024-05-12 03:20:56", "elapsed": 3629.280012, "delta": 20.660125}}
{"target": 33.28444494153441, "params": {"h": 21.0, "p": 326.0, "r": 47.0}, "datetime": {"datetime": "2024-05-12 03:21:16", "elapsed": 3648.942694, "delta": 19.662682}}
{"target": 150.39950511584996, "params": {"h": 28.0, "p": 326.0, "r": 45.0}, "datetime": {"datetime": "2024-05-12 03:21:37", "elapsed": 3670.0895, "delta": 21.146806}}
{"target": 134.0560602276616, "params": {"h": 30.0, "p": 323.0, "r": 45.0}, "datetime": {"datetime": "2024-05-12 03:22:00", "elapsed": 3693.063936, "delta": 22.974436}}
{"target": 158.94000485166933, "params": {"h": 24.0, "p": 318.0, "r": 42.0}, "datetime": {"datetime": "2024-05-12 03:22:20", "elapsed": 3713.161748, "delta": 20.097812}}
{"target": 138.58393321904572, "params": {"h": 30.0, "p": 327.0, "r": 45.0}, "datetime": {"datetime": "2024-05-12 03:22:41", "elapsed": 3734.30779, "delta": 21.146042}}
{"target": 133.72222593429314, "params": {"h": 27.0, "p": 320.0, "r": 46.0}, "datetime": {"datetime": "2024-05-12 03:23:01", "elapsed": 3753.920854, "delta": 19.613064}}
{"target": 43.112965039991806, "params": {"h": 26.0, "p": 317.0, "r": 39.0}, "datetime": {"datetime": "2024-05-12 03:23:23", "elapsed": 3776.160385, "delta": 22.239531}}
{"target": 84.3323536631825, "params": {"h": 28.0, "p": 321.0, "r": 42.0}, "datetime": {"datetime": "2024-05-12 03:23:45", "elapsed": 3798.400061, "delta": 22.239676}}
{"target": 48.71253115237784, "params": {"h": 46.0, "p": 321.0, "r": 46.0}, "datetime": {"datetime": "2024-05-12 03:24:08", "elapsed": 3821.640688, "delta": 23.240627}}
{"target": 106.29734539023814, "params": {"h": 18.0, "p": 304.0, "r": 40.0}, "datetime": {"datetime": "2024-05-12 03:24:29", "elapsed": 3842.160796, "delta": 20.520108}}
{"target": 159.39658487357696, "params": {"h": 21.0, "p": 320.0, "r": 41.0}, "datetime": {"datetime": "2024-05-12 03:24:49", "elapsed": 3862.510481, "delta": 20.349685}}
{"target": 52.38051787990845, "params": {"h": 17.0, "p": 322.0, "r": 40.0}, "datetime": {"datetime": "2024-05-12 03:25:08", "elapsed": 3881.610218, "delta": 19.099737}}
{"target": 60.90071273914503, "params": {"h": 39.0, "p": 345.0, "r": 43.0}, "datetime": {"datetime": "2024-05-12 03:25:33", "elapsed": 3906.350821, "delta": 24.740603}}
{"target": 4.945946385714641, "params": {"h": 50.0, "p": 582.0, "r": 59.0}, "datetime": {"datetime": "2024-05-12 03:26:06", "elapsed": 3939.431313, "delta": 33.080492}}
{"target": 0.4350221623054861, "params": {"h": 25.0, "p": 205.0, "r": 16.0}, "datetime": {"datetime": "2024-05-12 03:26:39", "elapsed": 3972.249112, "delta": 32.817799}}
{"target": 97.82997824885554, "params": {"h": 21.0, "p": 319.0, "r": 43.0}, "datetime": {"datetime": "2024-05-12 03:26:59", "elapsed": 3992.535393, "delta": 20.286281}}
{"target": 143.93593742067057, "params": {"h": 30.0, "p": 333.0, "r": 46.0}, "datetime": {"datetime": "2024-05-12 03:27:20", "elapsed": 4013.58621, "delta": 21.050817}}
{"target": 92.6200645678134, "params": {"h": 34.0, "p": 335.0, "r": 44.0}, "datetime": {"datetime": "2024-05-12 03:27:43", "elapsed": 4036.13943, "delta": 22.55322}}
{"target": 149.4957916525615, "params": {"h": 28.0, "p": 332.0, "r": 45.0}, "datetime": {"datetime": "2024-05-12 03:28:04", "elapsed": 4056.94028, "delta": 20.80085}}
{"target": 106.66683177765982, "params": {"h": 27.0, "p": 323.0, "r": 47.0}, "datetime": {"datetime": "2024-05-12 03:28:24", "elapsed": 4077.150364, "delta": 20.210084}}
{"target": 116.43032144284497, "params": {"h": 28.0, "p": 337.0, "r": 46.0}, "datetime": {"datetime": "2024-05-12 03:28:45", "elapsed": 4097.812767, "delta": 20.662403}}
{"target": 73.8689084511823, "params": {"h": 49.0, "p": 327.0, "r": 57.0}, "datetime": {"datetime": "2024-05-12 03:29:06", "elapsed": 4118.958494, "delta": 21.145727}}
{"target": 64.17346906363667, "params": {"h": 30.0, "p": 341.0, "r": 49.0}, "datetime": {"datetime": "2024-05-12 03:29:27", "elapsed": 4140.119398, "delta": 21.160904}}
{"target": 157.12351644270734, "params": {"h": 20.0, "p": 298.0, "r": 39.0}, "datetime": {"datetime": "2024-05-12 03:29:47", "elapsed": 4160.26456, "delta": 20.145162}}
{"target": 157.529615752979, "params": {"h": 28.0, "p": 335.0, "r": 44.0}, "datetime": {"datetime": "2024-05-12 03:30:09", "elapsed": 4181.848759, "delta": 21.584199}}
{"target": 123.60768028712714, "params": {"h": 23.0, "p": 333.0, "r": 43.0}, "datetime": {"datetime": "2024-05-12 03:30:29", "elapsed": 4202.338995, "delta": 20.490236}}
{"target": 55.857488857861135, "params": {"h": 30.0, "p": 334.0, "r": 41.0}, "datetime": {"datetime": "2024-05-12 03:30:52", "elapsed": 4224.8743, "delta": 22.535305}}
{"target": 171.49267668261598, "params": {"h": 20.0, "p": 300.0, "r": 40.0}, "datetime": {"datetime": "2024-05-12 03:31:12", "elapsed": 4245.098612, "delta": 20.224312}}
{"target": 63.213837592437066, "params": {"h": 23.0, "p": 323.0, "r": 38.0}, "datetime": {"datetime": "2024-05-12 03:31:33", "elapsed": 4266.181628, "delta": 21.083016}}
{"target": 166.5621315373283, "params": {"h": 25.0, "p": 335.0, "r": 42.0}, "datetime": {"datetime": "2024-05-12 03:31:56", "elapsed": 4289.107704, "delta": 22.926076}}
{"target": 65.38025128202622, "params": {"h": 21.0, "p": 336.0, "r": 43.0}, "datetime": {"datetime": "2024-05-12 03:32:17", "elapsed": 4310.410186, "delta": 21.302482}}
{"target": 190.14989483957913, "params": {"h": 16.0, "p": 311.0, "r": 35.0}, "datetime": {"datetime": "2024-05-12 03:32:38", "elapsed": 4331.431818, "delta": 21.021632}}
{"target": 137.00059627574964, "params": {"h": 24.0, "p": 321.0, "r": 41.0}, "datetime": {"datetime": "2024-05-12 03:32:58", "elapsed": 4351.764123, "delta": 20.332305}}
{"target": 171.07677814236467, "params": {"h": 24.0, "p": 338.0, "r": 41.0}, "datetime": {"datetime": "2024-05-12 03:33:19", "elapsed": 4372.330245, "delta": 20.566122}}
{"target": 49.042650881035215, "params": {"h": 19.0, "p": 344.0, "r": 41.0}, "datetime": {"datetime": "2024-05-12 03:33:39", "elapsed": 4392.485837, "delta": 20.155592}}
{"target": 24.489045287167695, "params": {"h": 21.0, "p": 339.0, "r": 34.0}, "datetime": {"datetime": "2024-05-12 03:34:01", "elapsed": 4414.632863, "delta": 22.147026}}
{"target": 160.30272166577257, "params": {"h": 24.0, "p": 320.0, "r": 43.0}, "datetime": {"datetime": "2024-05-12 03:34:22", "elapsed": 4434.949458, "delta": 20.316595}}
{"target": 104.57828371452295, "params": {"h": 25.0, "p": 336.0, "r": 40.0}, "datetime": {"datetime": "2024-05-12 03:34:44", "elapsed": 4456.813853, "delta": 21.864395}}
{"target": 148.35460955716113, "params": {"h": 21.0, "p": 318.0, "r": 39.0}, "datetime": {"datetime": "2024-05-12 03:35:04", "elapsed": 4477.695042, "delta": 20.881189}}
{"target": 150.48193397161015, "params": {"h": 22.0, "p": 318.0, "r": 40.0}, "datetime": {"datetime": "2024-05-12 03:35:24", "elapsed": 4497.448696, "delta": 19.753654}}
{"target": 73.65649247500104, "params": {"h": 26.0, "p": 334.0, "r": 47.0}, "datetime": {"datetime": "2024-05-12 03:35:45", "elapsed": 4518.408433, "delta": 20.959737}}
{"target": 90.29780727116471, "params": {"h": 41.0, "p": 331.0, "r": 53.0}, "datetime": {"datetime": "2024-05-12 03:36:07", "elapsed": 4540.352794, "delta": 21.944361}}
{"target": 77.45569889274631, "params": {"h": 27.0, "p": 341.0, "r": 40.0}, "datetime": {"datetime": "2024-05-12 03:36:30", "elapsed": 4563.578742, "delta": 23.225948}}
{"target": 156.92131718038598, "params": {"h": 27.0, "p": 329.0, "r": 44.0}, "datetime": {"datetime": "2024-05-12 03:36:51", "elapsed": 4584.303384, "delta": 20.724642}}
{"target": 176.21368869107567, "params": {"h": 17.0, "p": 304.0, "r": 37.0}, "datetime": {"datetime": "2024-05-12 03:37:12", "elapsed": 4605.248047, "delta": 20.944663}}
{"target": 0.9032833567541555, "params": {"h": 57.0, "p": 990.0, "r": 108.0}, "datetime": {"datetime": "2024-05-12 03:38:05", "elapsed": 4658.519229, "delta": 53.271182}}
{"target": 2.2699021955592737, "params": {"h": 57.0, "p": 755.0, "r": 133.0}, "datetime": {"datetime": "2024-05-12 03:38:37", "elapsed": 4690.416972, "delta": 31.897743}}
{"target": 1.1924595643447167, "params": {"h": 43.0, "p": 844.0, "r": 81.0}, "datetime": {"datetime": "2024-05-12 03:39:20", "elapsed": 4733.174037, "delta": 42.757065}}
{"target": 0.2582153070893594, "params": {"h": 46.0, "p": 524.0, "r": 23.0}, "datetime": {"datetime": "2024-05-12 03:40:03", "elapsed": 4776.430615, "delta": 43.256578}}
{"target": 0.0, "params": {"h": 21.0, "p": 161.0, "r": 106.0}, "datetime": {"datetime": "2024-05-12 03:40:04", "elapsed": 4777.133774, "delta": 0.703159}}
{"target": 0.10046376305347803, "params": {"h": 21.0, "p": 1000.0, "r": 23.0}, "datetime": {"datetime": "2024-05-12 03:41:13", "elapsed": 4846.647061, "delta": 69.513287}}
{"target": 146.6270600012304, "params": {"h": 26.0, "p": 333.0, "r": 42.0}, "datetime": {"datetime": "2024-05-12 03:41:34", "elapsed": 4867.433903, "delta": 20.786842}}
{"target": 1.426718434262624, "params": {"h": 34.0, "p": 813.0, "r": 142.0}, "datetime": {"datetime": "2024-05-12 03:42:13", "elapsed": 4905.817212, "delta": 38.383309}}
{"target": 122.18327142073117, "params": {"h": 33.0, "p": 316.0, "r": 47.0}, "datetime": {"datetime": "2024-05-12 03:42:34", "elapsed": 4927.197808, "delta": 21.380596}}
{"target": 136.27474042890847, "params": {"h": 31.0, "p": 321.0, "r": 47.0}, "datetime": {"datetime": "2024-05-12 03:42:57", "elapsed": 4949.923647, "delta": 22.725839}}
{"target": 0.8342307865325526, "params": {"h": 38.0, "p": 452.0, "r": 28.0}, "datetime": {"datetime": "2024-05-12 03:43:32", "elapsed": 4985.476877, "delta": 35.55323}}
{"target": 154.86532123290348, "params": {"h": 25.0, "p": 337.0, "r": 43.0}, "datetime": {"datetime": "2024-05-12 03:43:54", "elapsed": 5006.857631, "delta": 21.380754}}
{"target": 3.094171343522601, "params": {"h": 35.0, "p": 686.0, "r": 140.0}, "datetime": {"datetime": "2024-05-12 03:44:21", "elapsed": 5034.676547, "delta": 27.818916}}
{"target": 7.361895165767407, "params": {"h": 56.0, "p": 382.0, "r": 120.0}, "datetime": {"datetime": "2024-05-12 03:44:36", "elapsed": 5049.541391, "delta": 14.864844}}
{"target": 0.05014802659217417, "params": {"h": 57.0, "p": 626.0, "r": 16.0}, "datetime": {"datetime": "2024-05-12 03:45:46", "elapsed": 5119.01711, "delta": 69.475719}}
