{"target": 83.79497624303386, "params": {"h": 30.0, "p": 283.0, "r": 45.0}, "datetime": {"datetime": "2024-05-12 04:27:40", "elapsed": 2469.591932, "delta": 20.851718}}
{"target": 31.553557899048233, "params": {"h": 15.0, "p": 295.0, "r": 30.0}, "datetime": {"datetime": "2024-05-12 04:28:01", "elapsed": 2490.580421, "delta": 20.988489}}
{"target": 147.23042613120097, "params": {"h": 24.0, "p": 295.0, "r": 44.0}, "datetime": {"datetime": "2024-05-12 04:28:19", "elapsed": 2508.787309, "delta": 18.206888}}
{"target": 180.75074931551023, "params": {"h": 16.0, "p": 280.0, "r": 36.0}, "datetime": {"datetime": "2024-05-12 04:28:38", "elapsed": 2528.353837, "delta": 19.566528}}
{"target": 148.7654036879144, "params": {"h": 24.0, "p": 301.0, "r": 44.0}, "datetime": {"datetime": "2024-05-12 04:28:57", "elapsed": 2547.109679, "delta": 18.755842}}
{"target": 36.97022535374331, "params": {"h": 22.0, "p": 306.0, "r": 50.0}, "datetime": {"datetime": "2024-05-12 04:29:15", "elapsed": 2565.410305, "delta": 18.300626}}
{"target": 107.20907963586602, "params": {"h": 25.0, "p": 301.0, "r": 47.0}, "datetime": {"datetime": "2024-05-12 04:29:34", "elapsed": 2584.322419, "delta": 18.912114}}
{"target": 147.7844582322438, "params": {"h": 24.0, "p": 298.0, "r": 43.0}, "datetime": {"datetime": "2024-05-12 04:29:54", "elapsed": 2603.625527, "delta": 19.303108}}
{"target": 39.54912859420387, "params": {"h": 30.0, "p": 303.0, "r": 41.0}, "datetime": {"datetime": "2024-05-12 04:30:15", "elapsed": 2625.192068, "delta": 21.566541}}
{"target": 93.10461146858589, "params": {"h": 26.0, "p": 300.0, "r": 42.0}, "datetime": {"datetime": "2024-05-12 04:30:36", "elapsed": 2646.16471, "delta": 20.972642}}
{"target": 52.12126492803369, "params": {"h": 15.0, "p": 276.0, "r": 39.0}, "datetime": {"datetime": "2024-05-12 04:30:54", "elapsed": 2664.230631, "delta": 18.065921}}
{"target": 154.83536687425018, "params": {"h": 20.0, "p": 269.0, "r": 41.0}, "datetime": {"datetime": "2024-05-12 04:31:13", "elapsed": 2682.646005, "delta": 18.415374}}
{"target": 75.54464790237759, "params": {"h": 15.0, "p": 293.0, "r": 37.0}, "datetime": {"datetime": "2024-05-12 04:31:31", "elapsed": 2701.214403, "delta": 18.568398}}
{"target": 119.13026592666624, "params": {"h": 23.0, "p": 299.0, "r": 45.0}, "datetime": {"datetime": "2024-05-12 04:31:51", "elapsed": 2720.843896, "delta": 19.629493}}
{"target": 71.5618092358074, "params": {"h": 20.0, "p": 269.0, "r": 46.0}, "datetime": {"datetime": "2024-05-12 04:32:09", "elapsed": 2739.084404, "delta": 18.240508}}
{"target": 124.17761494499968, "params": {"h": 15.0, "p": 279.0, "r": 36.0}, "datetime": {"datetime": "2024-05-12 04:32:28", "elapsed": 2758.152591, "delta": 19.068187}}
{"target": 33.9214690714908, "params": {"h": 19.0, "p": 278.0, "r": 34.0}, "datetime": {"datetime": "2024-05-12 04:32:49", "elapsed": 2779.518123, "delta": 21.365532}}
{"target": 96.69325599804898, "params": {"h": 20.0, "p": 267.0, "r": 38.0}, "datetime": {"datetime": "2024-05-12 04:33:10", "elapsed": 2800.321093, "delta": 20.80297}}
{"target": 143.604484292799, "params": {"h": 22.0, "p": 300.0, "r": 43.0}, "datetime": {"datetime": "2024-05-12 04:33:30", "elapsed": 2819.592571, "delta": 19.271478}}
{"target": 54.99877713469339, "params": {"h": 19.0, "p": 301.0, "r": 44.0}, "datetime": {"datetime": "2024-05-12 04:33:48", "elapsed": 2838.379146, "delta": 18.786575}}
{"target": 54.253997163965586, "params": {"h": 15.0, "p": 285.0, "r": 31.0}, "datetime": {"datetime": "2024-05-12 04:34:09", "elapsed": 2859.195758, "delta": 20.816612}}
{"target": 120.96956392524993, "params": {"h": 20.0, "p": 268.0, "r": 43.0}, "datetime": {"datetime": "2024-05-12 04:34:27", "elapsed": 2876.949812, "delta": 17.754054}}
{"target": 138.80947288744628, "params": {"h": 20.0, "p": 259.0, "r": 40.0}, "datetime": {"datetime": "2024-05-12 04:34:46", "elapsed": 2895.704066, "delta": 18.754254}}
{"target": 141.39736393584622, "params": {"h": 18.0, "p": 272.0, "r": 37.0}, "datetime": {"datetime": "2024-05-12 04:35:05", "elapsed": 2914.991349, "delta": 19.287283}}
{"target": 2.3304613151990394, "params": {"h": 23.0, "p": 502.0, "r": 99.0}, "datetime": {"datetime": "2024-05-12 04:35:24", "elapsed": 2933.760982, "delta": 18.769633}}
{"target": 132.8476962065968, "params": {"h": 23.0, "p": 268.0, "r": 43.0}, "datetime": {"datetime": "2024-05-12 04:35:42", "elapsed": 2952.157697, "delta": 18.396715}}
{"target": 102.01452844194503, "params": {"h": 18.0, "p": 255.0, "r": 42.0}, "datetime": {"datetime": "2024-05-12 04:36:00", "elapsed": 2969.895206, "delta": 17.737509}}
{"target": 0.37420775418497804, "params": {"h": 26.0, "p": 808.0, "r": 28.0}, "datetime": {"datetime": "2024-05-12 04:36:49", "elapsed": 3018.636707, "delta": 48.741501}}
{"target": 3.3581324021904457, "params": {"h": 24.0, "p": 558.0, "r": 150.0}, "datetime": {"datetime": "2024-05-12 04:37:13", "elapsed": 3043.095282, "delta": 24.458575}}
{"target": 171.44257159460344, "params": {"h": 15.0, "p": 253.0, "r": 34.0}, "datetime": {"datetime": "2024-05-12 04:37:31", "elapsed": 3061.352024, "delta": 18.256742}}
{"target": 73.55473470138712, "params": {"h": 16.0, "p": 251.0, "r": 33.0}, "datetime": {"datetime": "2024-05-12 04:37:50", "elapsed": 3080.324, "delta": 18.971976}}
{"target": 118.36565628126523, "params": {"h": 22.0, "p": 266.0, "r": 41.0}, "datetime": {"datetime": "2024-05-12 04:38:09", "elapsed": 3099.203112, "delta": 18.879112}}
{"target": 136.32574271371246, "params": {"h": 22.0, "p": 261.0, "r": 43.0}, "datetime": {"datetime": "2024-05-12 04:38:28", "elapsed": 3118.425669, "delta": 19.222557}}
{"target": 70.9187026324479, "params": {"h": 20.0, "p": 273.0, "r": 37.0}, "datetime": {"datetime": "2024-05-12 04:38:48", "elapsed": 3138.492971, "delta": 20.067302}}
{"target": 143.2820881351063, "params": {"h": 24.0, "p": 293.0, "r": 43.0}, "datetime": {"datetime": "2024-05-12 04:39:08", "elapsed": 3157.856624, "delta": 19.363653}}
{"target": 70.09093806953854, "params": {"h": 17.0, "p": 254.0, "r": 34.0}, "datetime": {"datetime": "2024-05-12 04:39:27", "elapsed": 3177.158531, "delta": 19.301907}}
{"target": 92.44213153063853, "params": {"h": 22.0, "p": 264.0, "r": 47.0}, "datetime": {"datetime": "2024-05-12 04:39:46", "elapsed": 3195.691994, "delta": 18.533463}}
{"target": 95.77839909210698, "params": {"h": 23.0, "p": 295.0, "r": 40.0}, "datetime": {"datetime": "2024-05-12 04:40:08", "elapsed": 3218.477563, "delta": 22.785569}}
{"target": 117.98562755268736, "params": {"h": 25.0, "p": 267.0, "r": 47.0}, "datetime": {"datetime": "2024-05-12 04:40:27", "elapsed": 3236.919239, "delta": 18.441676}}
{"target": 149.6594057584237, "params": {"h": 18.0, "p": 280.0, "r": 37.0}, "datetime": {"datetime": "2024-05-12 04:40:46", "elapsed": 3256.125546, "delta": 19.206307}}
{"target": 164.71464535343233, "params": {"h": 18.0, "p": 272.0, "r": 39.0}, "datetime": {"datetime": "2024-05-12 04:41:05", "elapsed": 3275.473483, "delta": 19.347937}}
{"target": 52.4432732429035, "params": {"h": 17.0, "p": 270.0, "r": 43.0}, "datetime": {"datetime": "2024-05-12 04:41:22", "elapsed": 3292.46291, "delta": 16.989427}}
{"target": 124.88490580955597, "params": {"h": 24.0, "p": 266.0, "r": 44.0}, "datetime": {"datetime": "2024-05-12 04:41:42", "elapsed": 3311.983194, "delta": 19.520284}}
{"target": 3.326424277597453, "params": {"h": 42.0, "p": 515.0, "r": 38.0}, "datetime": {"datetime": "2024-05-12 04:42:16", "elapsed": 3345.644064, "delta": 33.66087}}
{"target": 117.29674019562063, "params": {"h": 27.0, "p": 279.0, "r": 48.0}, "datetime": {"datetime": "2024-05-12 04:42:34", "elapsed": 3363.944748, "delta": 18.300684}}
{"target": 106.85318279975338, "params": {"h": 29.0, "p": 269.0, "r": 49.0}, "datetime": {"datetime": "2024-05-12 04:42:52", "elapsed": 3382.073361, "delta": 18.128613}}
{"target": 69.20294493006674, "params": {"h": 26.0, "p": 263.0, "r": 42.0}, "datetime": {"datetime": "2024-05-12 04:43:11", "elapsed": 3401.048292, "delta": 18.974931}}
{"target": 66.41159520524134, "params": {"h": 16.0, "p": 272.0, "r": 40.0}, "datetime": {"datetime": "2024-05-12 04:43:28", "elapsed": 3418.429478, "delta": 17.381186}}
{"target": 159.0757853400516, "params": {"h": 22.0, "p": 296.0, "r": 42.0}, "datetime": {"datetime": "2024-05-12 04:43:47", "elapsed": 3437.497492, "delta": 19.068014}}
{"target": 188.49346852999014, "params": {"h": 15.0, "p": 286.0, "r": 34.0}, "datetime": {"datetime": "2024-05-12 04:44:08", "elapsed": 3457.69094, "delta": 20.193448}}
{"target": 65.54794236584459, "params": {"h": 31.0, "p": 269.0, "r": 57.0}, "datetime": {"datetime": "2024-05-12 04:44:24", "elapsed": 3474.414213, "delta": 16.723273}}
{"target": 138.5751880793399, "params": {"h": 20.0, "p": 279.0, "r": 42.0}, "datetime": {"datetime": "2024-05-12 04:44:43", "elapsed": 3492.996214, "delta": 18.582001}}
{"target": 118.38460357496855, "params": {"h": 27.0, "p": 273.0, "r": 47.0}, "datetime": {"datetime": "2024-05-12 04:45:01", "elapsed": 3511.343737, "delta": 18.347523}}
{"target": 149.3577186201278, "params": {"h": 21.0, "p": 271.0, "r": 42.0}, "datetime": {"datetime": "2024-05-12 04:45:20", "elapsed": 3530.206926, "delta": 18.863189}}
{"target": 52.52319994781595, "params": {"h": 24.0, "p": 274.0, "r": 53.0}, "datetime": {"datetime": "2024-05-12 04:45:37", "elapsed": 3547.509883, "delta": 17.302957}}
{"target": 0.0, "params": {"h": 30.0, "p": 114.0, "r": 139.0}, "datetime": {"datetime": "2024-05-12 04:45:38", "elapsed": 3548.00991, "delta": 0.500027}}
{"target": 0.45668184085999197, "params": {"h": 37.0, "p": 876.0, "r": 32.0}, "datetime": {"datetime": "2024-05-12 04:46:34", "elapsed": 3604.135646, "delta": 56.125736}}
{"target": 73.46536570839078, "params": {"h": 23.0, "p": 300.0, "r": 39.0}, "datetime": {"datetime": "2024-05-12 04:46:55", "elapsed": 3624.828899, "delta": 20.693253}}
{"target": 102.88094460207583, "params": {"h": 31.0, "p": 274.0, "r": 50.0}, "datetime": {"datetime": "2024-05-12 04:47:13", "elapsed": 3643.053022, "delta": 18.224123}}
{"target": 1.9458908555704264, "params": {"h": 20.0, "p": 588.0, "r": 103.0}, "datetime": {"datetime": "2024-05-12 04:47:38", "elapsed": 3667.854325, "delta": 24.801303}}
{"target": 0.0, "params": {"h": 42.0, "p": 160.0, "r": 64.0}, "datetime": {"datetime": "2024-05-12 04:47:38", "elapsed": 3668.479361, "delta": 0.625036}}
{"target": 0.12135548099524847, "params": {"h": 55.0, "p": 403.0, "r": 16.0}, "datetime": {"datetime": "2024-05-12 04:48:36", "elapsed": 3726.067743, "delta": 57.588382}}
{"target": 0.36805819626578024, "params": {"h": 26.0, "p": 637.0, "r": 26.0}, "datetime": {"datetime": "2024-05-12 04:49:16", "elapsed": 3766.245559, "delta": 40.177816}}
{"target": 0.9474569250293314, "params": {"h": 51.0, "p": 1000.0, "r": 131.0}, "datetime": {"datetime": "2024-05-12 04:50:13", "elapsed": 3822.767633, "delta": 56.522074}}
{"target": 92.33940116172668, "params": {"h": 23.0, "p": 258.0, "r": 41.0}, "datetime": {"datetime": "2024-05-12 04:50:32", "elapsed": 3841.804384, "delta": 19.036751}}
{"target": 1.1196158398631517, "params": {"h": 25.0, "p": 831.0, "r": 126.0}, "datetime": {"datetime": "2024-05-12 04:51:09", "elapsed": 3879.371703, "delta": 37.567319}}
{"target": 1.3268243625918434, "params": {"h": 59.0, "p": 942.0, "r": 74.0}, "datetime": {"datetime": "2024-05-12 04:52:05", "elapsed": 3934.547905, "delta": 55.176202}}
{"target": 3.0536981982196667, "params": {"h": 60.0, "p": 553.0, "r": 78.0}, "datetime": {"datetime": "2024-05-12 04:52:31", "elapsed": 3961.085464, "delta": 26.537559}}
{"target": 3.519502577502429, "params": {"h": 42.0, "p": 714.0, "r": 140.0}, "datetime": {"datetime": "2024-05-12 04:53:00", "elapsed": 3989.794946, "delta": 28.709482}}
{"target": 0.5128440767159393, "params": {"h": 15.0, "p": 986.0, "r": 71.0}, "datetime": {"datetime": "2024-05-12 04:53:57", "elapsed": 4047.114034, "delta": 57.319088}}
{"target": 2.224417618336485, "params": {"h": 15.0, "p": 773.0, "r": 145.0}, "datetime": {"datetime": "2024-05-12 04:54:51", "elapsed": 4101.450393, "delta": 54.336359}}
{"target": 144.79312019599422, "params": {"h": 15.0, "p": 259.0, "r": 36.0}, "datetime": {"datetime": "2024-05-12 04:55:10", "elapsed": 4120.159141, "delta": 18.708748}}
{"target": 4.180839776378142, "params": {"h": 59.0, "p": 614.0, "r": 144.0}, "datetime": {"datetime": "2024-05-12 04:55:32", "elapsed": 4142.243085, "delta": 22.083944}}
{"target": 127.42147082868334, "params": {"h": 15.0, "p": 257.0, "r": 33.0}, "datetime": {"datetime": "2024-05-12 04:55:52", "elapsed": 4161.777953, "delta": 19.534868}}
{"target": 85.00942179018614, "params": {"h": 15.0, "p": 254.0, "r": 38.0}, "datetime": {"datetime": "2024-05-12 04:56:10", "elapsed": 4180.187621, "delta": 18.409668}}
{"target": 0.12010489738670999, "params": {"h": 20.0, "p": 747.0, "r": 21.0}, "datetime": {"datetime": "2024-05-12 04:56:56", "elapsed": 4226.192591, "delta": 46.00497}}
{"target": 0.0, "params": {"h": 29.0, "p": 263.0, "r": 141.0}, "datetime": {"datetime": "2024-05-12 04:56:57", "elapsed": 4226.739498, "delta": 0.546907}}
{"target": 161.62481248045592, "params": {"h": 18.0, "p": 260.0, "r": 39.0}, "datetime": {"datetime": "2024-05-12 04:57:15", "elapsed": 4244.919425, "delta": 18.179927}}
{"target": 135.08756917991252, "params": {"h": 21.0, "p": 279.0, "r": 40.0}, "datetime": {"datetime": "2024-05-12 04:57:33", "elapsed": 4263.408212, "delta": 18.488787}}
{"target": 0.041229148223134164, "params": {"h": 52.0, "p": 998.0, "r": 20.0}, "datetime": {"datetime": "2024-05-12 04:59:05", "elapsed": 4354.997134, "delta": 91.588922}}
{"target": 0.12381162094279155, "params": {"h": 59.0, "p": 580.0, "r": 20.0}, "datetime": {"datetime": "2024-05-12 05:00:08", "elapsed": 4418.271073, "delta": 63.273939}}
{"target": 3.042305462481757, "params": {"h": 16.0, "p": 663.0, "r": 150.0}, "datetime": {"datetime": "2024-05-12 05:00:49", "elapsed": 4458.887288, "delta": 40.616215}}
{"target": 0.0, "params": {"h": 15.0, "p": 208.0, "r": 100.0}, "datetime": {"datetime": "2024-05-12 05:00:50", "elapsed": 4459.746711, "delta": 0.859423}}
{"target": 1.4884592410218258, "params": {"h": 60.0, "p": 844.0, "r": 76.0}, "datetime": {"datetime": "2024-05-12 05:01:33", "elapsed": 4503.287268, "delta": 43.540557}}
{"target": 0.45470498110237284, "params": {"h": 20.0, "p": 185.0, "r": 15.0}, "datetime": {"datetime": "2024-05-12 05:02:01", "elapsed": 4530.699339, "delta": 27.412071}}
{"target": 4.412327431954679, "params": {"h": 58.0, "p": 430.0, "r": 86.0}, "datetime": {"datetime": "2024-05-12 05:02:19", "elapsed": 4549.221117, "delta": 18.521778}}
{"target": 149.9688499711353, "params": {"h": 25.0, "p": 306.0, "r": 44.0}, "datetime": {"datetime": "2024-05-12 05:02:39", "elapsed": 4569.320999, "delta": 20.099882}}
{"target": 80.37386419973339, "params": {"h": 15.0, "p": 261.0, "r": 38.0}, "datetime": {"datetime": "2024-05-12 05:02:58", "elapsed": 4587.68579, "delta": 18.364791}}
{"target": 148.64438780383188, "params": {"h": 25.0, "p": 303.0, "r": 44.0}, "datetime": {"datetime": "2024-05-12 05:03:19", "elapsed": 4608.83058, "delta": 21.14479}}
{"target": 144.17935270944687, "params": {"h": 25.0, "p": 308.0, "r": 43.0}, "datetime": {"datetime": "2024-05-12 05:03:38", "elapsed": 4628.27175, "delta": 19.44117}}
{"target": 112.03873666233308, "params": {"h": 28.0, "p": 315.0, "r": 48.0}, "datetime": {"datetime": "2024-05-12 05:03:58", "elapsed": 4648.401382, "delta": 20.129632}}
{"target": 107.222850795175, "params": {"h": 28.0, "p": 318.0, "r": 43.0}, "datetime": {"datetime": "2024-05-12 05:04:21", "elapsed": 4671.313412, "delta": 22.91203}}
{"target": 95.4116538356913, "params": {"h": 23.0, "p": 316.0, "r": 45.0}, "datetime": {"datetime": "2024-05-12 05:04:41", "elapsed": 4690.585167, "delta": 19.271755}}
{"target": 154.82943375635122, "params": {"h": 23.0, "p": 310.0, "r": 43.0}, "datetime": {"datetime": "2024-05-12 05:05:02", "elapsed": 4712.18478, "delta": 21.599613}}
{"target": 108.0925438968304, "params": {"h": 24.0, "p": 303.0, "r": 41.0}, "datetime": {"datetime": "2024-05-12 05:05:23", "elapsed": 4732.863462, "delta": 20.678682}}
{"target": 13.911260067907538, "params": {"h": 23.0, "p": 314.0, "r": 34.0}, "datetime": {"datetime": "2024-05-12 05:05:46", "elapsed": 4756.087208, "delta": 23.223746}}
{"target": 61.091143320346625, "params": {"h": 19.0, "p": 308.0, "r": 43.0}, "datetime": {"datetime": "2024-05-12 05:06:07", "elapsed": 4776.79539, "delta": 20.708182}}
{"target": 121.84897847242786, "params": {"h": 29.0, "p": 310.0, "r": 45.0}, "datetime": {"datetime": "2024-05-12 05:06:28", "elapsed": 4798.191466, "delta": 21.396076}}
{"target": 79.0868745723614, "params": {"h": 34.0, "p": 312.0, "r": 45.0}, "datetime": {"datetime": "2024-05-12 05:06:51", "elapsed": 4820.885141, "delta": 22.693675}}
{"target": 76.22275622621781, "params": {"h": 26.0, "p": 311.0, "r": 49.0}, "datetime": {"datetime": "2024-05-12 05:07:10", "elapsed": 4840.36124, "delta": 19.476099}}
{"target": 85.34829341615213, "params": {"h": 36.0, "p": 321.0, "r": 53.0}, "datetime": {"datetime": "2024-05-12 05:07:32", "elapsed": 4861.568534, "delta": 21.207294}}
{"target": 128.40372738392804, "params": {"h": 29.0, "p": 304.0, "r": 46.0}, "datetime": {"datetime": "2024-05-12 05:07:53", "elapsed": 4882.841303, "delta": 21.272769}}
{"target": 132.26278576502634, "params": {"h": 29.0, "p": 321.0, "r": 47.0}, "datetime": {"datetime": "2024-05-12 05:08:14", "elapsed": 4903.815973, "delta": 20.97467}}
{"target": 54.685912808497584, "params": {"h": 28.0, "p": 312.0, "r": 41.0}, "datetime": {"datetime": "2024-05-12 05:08:38", "elapsed": 4928.258673, "delta": 24.4427}}
{"target": 98.45126667747103, "params": {"h": 33.0, "p": 322.0, "r": 45.0}, "datetime": {"datetime": "2024-05-12 05:08:59", "elapsed": 4949.449562, "delta": 21.190889}}
{"target": 53.08714122165887, "params": {"h": 28.0, "p": 319.0, "r": 52.0}, "datetime": {"datetime": "2024-05-12 05:09:18", "elapsed": 4968.325877, "delta": 18.876315}}
{"target": 154.2835456411812, "params": {"h": 23.0, "p": 312.0, "r": 43.0}, "datetime": {"datetime": "2024-05-12 05:09:39", "elapsed": 4988.847285, "delta": 20.521408}}
{"target": 140.02813611279728, "params": {"h": 28.0, "p": 323.0, "r": 44.0}, "datetime": {"datetime": "2024-05-12 05:10:01", "elapsed": 5010.602127, "delta": 21.754842}}
{"target": 112.33102626923392, "params": {"h": 30.0, "p": 329.0, "r": 48.0}, "datetime": {"datetime": "2024-05-12 05:10:21", "elapsed": 5030.621522, "delta": 20.019395}}
{"target": 106.4170205432327, "params": {"h": 31.0, "p": 328.0, "r": 44.0}, "datetime": {"datetime": "2024-05-12 05:10:43", "elapsed": 5052.87789, "delta": 22.256368}}
{"target": 132.76642629467088, "params": {"h": 29.0, "p": 335.0, "r": 46.0}, "datetime": {"datetime": "2024-05-12 05:11:04", "elapsed": 5073.900889, "delta": 21.022999}}
{"target": 149.4855307277948, "params": {"h": 29.0, "p": 338.0, "r": 45.0}, "datetime": {"datetime": "2024-05-12 05:11:25", "elapsed": 5095.062708, "delta": 21.161819}}
{"target": 118.04296010634877, "params": {"h": 32.0, "p": 337.0, "r": 44.0}, "datetime": {"datetime": "2024-05-12 05:11:48", "elapsed": 5118.506127, "delta": 23.443419}}
{"target": 161.58759390021643, "params": {"h": 25.0, "p": 324.0, "r": 43.0}, "datetime": {"datetime": "2024-05-12 05:12:10", "elapsed": 5139.788127, "delta": 21.282}}
{"target": 91.17283662891049, "params": {"h": 25.0, "p": 338.0, "r": 45.0}, "datetime": {"datetime": "2024-05-12 05:12:30", "elapsed": 5159.885707, "delta": 20.09758}}
{"target": 101.53900719204152, "params": {"h": 24.0, "p": 311.0, "r": 46.0}, "datetime": {"datetime": "2024-05-12 05:12:50", "elapsed": 5179.814135, "delta": 19.928428}}
{"target": 130.5501310371104, "params": {"h": 24.0, "p": 326.0, "r": 44.0}, "datetime": {"datetime": "2024-05-12 05:13:10", "elapsed": 5200.302755, "delta": 20.48862}}
{"target": 56.404659245391755, "params": {"h": 22.0, "p": 321.0, "r": 46.0}, "datetime": {"datetime": "2024-05-12 05:13:30", "elapsed": 5220.478675, "delta": 20.17592}}
{"target": 28.574889042538217, "params": {"h": 27.0, "p": 326.0, "r": 38.0}, "datetime": {"datetime": "2024-05-12 05:13:54", "elapsed": 5244.110192, "delta": 23.631517}}
{"target": 90.57534110557711, "params": {"h": 30.0, "p": 338.0, "r": 48.0}, "datetime": {"datetime": "2024-05-12 05:14:15", "elapsed": 5265.380033, "delta": 21.269841}}
{"target": 78.54897380474078, "params": {"h": 28.0, "p": 326.0, "r": 49.0}, "datetime": {"datetime": "2024-05-12 05:14:36", "elapsed": 5285.542487, "delta": 20.162454}}
