{"target": 0.9782541186712961, "params": {"h": 26.0, "p": 886.0, "r": 122.0}, "datetime": {"datetime": "2024-05-12 02:20:27", "elapsed": 0.0, "delta": 0.0}}
{"target": 10.782344652298178, "params": {"h": 46.0, "p": 117.0, "r": 30.0}, "datetime": {"datetime": "2024-05-12 02:20:45", "elapsed": 18.586671, "delta": 18.586671}}
{"target": 0.05594334002228025, "params": {"h": 35.0, "p": 934.0, "r": 21.0}, "datetime": {"datetime": "2024-05-12 02:21:51", "elapsed": 84.610464, "delta": 66.023793}}
{"target": 0.0, "params": {"h": 51.0, "p": 207.0, "r": 150.0}, "datetime": {"datetime": "2024-05-12 02:21:51", "elapsed": 84.610464, "delta": 0.0}}
{"target": 2.4326198544511257, "params": {"h": 56.0, "p": 637.0, "r": 86.0}, "datetime": {"datetime": "2024-05-12 02:22:20", "elapsed": 113.161434, "delta": 28.55097}}
{"target": 6.349105676605708, "params": {"h": 50.0, "p": 472.0, "r": 129.0}, "datetime": {"datetime": "2024-05-12 02:22:35", "elapsed": 128.776542, "delta": 15.615108}}
{"target": 1.3434948608383408, "params": {"h": 32.0, "p": 782.0, "r": 82.0}, "datetime": {"datetime": "2024-05-12 02:23:10", "elapsed": 163.453302, "delta": 34.67676}}
{"target": 11.560509187030615, "params": {"h": 23.0, "p": 310.0, "r": 101.0}, "datetime": {"datetime": "2024-05-12 02:23:25", "elapsed": 177.80058, "delta": 14.347278}}
{"target": 4.060072671645093, "params": {"h": 39.0, "p": 695.0, "r": 42.0}, "datetime": {"datetime": "2024-05-12 02:24:03", "elapsed": 215.825638, "delta": 38.025058}}
{"target": 2.83142808320392, "params": {"h": 15.0, "p": 398.0, "r": 60.0}, "datetime": {"datetime": "2024-05-12 02:24:21", "elapsed": 234.580085, "delta": 18.754447}}
{"target": 14.643575483193072, "params": {"h": 45.0, "p": 117.0, "r": 33.0}, "datetime": {"datetime": "2024-05-12 02:24:37", "elapsed": 250.647933, "delta": 16.067848}}
{"target": 0.0, "params": {"h": 41.0, "p": 121.0, "r": 36.0}, "datetime": {"datetime": "2024-05-12 02:24:37", "elapsed": 250.710437, "delta": 0.062504}}
{"target": 12.70554149238932, "params": {"h": 25.0, "p": 309.0, "r": 103.0}, "datetime": {"datetime": "2024-05-12 02:24:51", "elapsed": 264.025053, "delta": 13.314616}}
{"target": 14.110304228527419, "params": {"h": 27.0, "p": 307.0, "r": 106.0}, "datetime": {"datetime": "2024-05-12 02:25:04", "elapsed": 276.811526, "delta": 12.786473}}
{"target": 14.126794152281459, "params": {"h": 27.0, "p": 304.0, "r": 103.0}, "datetime": {"datetime": "2024-05-12 02:25:16", "elapsed": 289.799041, "delta": 12.987515}}
{"target": 13.0911871058734, "params": {"h": 26.0, "p": 306.0, "r": 98.0}, "datetime": {"datetime": "2024-05-12 02:25:30", "elapsed": 303.007046, "delta": 13.208005}}
{"target": 15.817423168016177, "params": {"h": 31.0, "p": 302.0, "r": 105.0}, "datetime": {"datetime": "2024-05-12 02:25:42", "elapsed": 315.526671, "delta": 12.519625}}
{"target": 16.316047559934216, "params": {"h": 35.0, "p": 306.0, "r": 104.0}, "datetime": {"datetime": "2024-05-12 02:25:54", "elapsed": 327.578253, "delta": 12.051582}}
{"target": 15.772267016952235, "params": {"h": 32.0, "p": 304.0, "r": 101.0}, "datetime": {"datetime": "2024-05-12 02:26:07", "elapsed": 339.925204, "delta": 12.346951}}
{"target": 0.0, "params": {"h": 46.0, "p": 112.0, "r": 36.0}, "datetime": {"datetime": "2024-05-12 02:26:07", "elapsed": 340.112715, "delta": 0.187511}}
{"target": 17.46455263617007, "params": {"h": 37.0, "p": 301.0, "r": 107.0}, "datetime": {"datetime": "2024-05-12 02:26:19", "elapsed": 352.479497, "delta": 12.366782}}
{"target": 18.640574512689458, "params": {"h": 39.0, "p": 298.0, "r": 103.0}, "datetime": {"datetime": "2024-05-12 02:26:31", "elapsed": 364.686042, "delta": 12.206545}}
{"target": 18.012827772586423, "params": {"h": 35.0, "p": 293.0, "r": 110.0}, "datetime": {"datetime": "2024-05-12 02:26:43", "elapsed": 376.674632, "delta": 11.98859}}
{"target": 18.965911381974355, "params": {"h": 42.0, "p": 296.0, "r": 106.0}, "datetime": {"datetime": "2024-05-12 02:26:56", "elapsed": 389.570424, "delta": 12.895792}}
{"target": 18.2275559099311, "params": {"h": 38.0, "p": 295.0, "r": 107.0}, "datetime": {"datetime": "2024-05-12 02:27:09", "elapsed": 401.996206, "delta": 12.425782}}
{"target": 19.499864167684724, "params": {"h": 44.0, "p": 297.0, "r": 104.0}, "datetime": {"datetime": "2024-05-12 02:27:21", "elapsed": 414.656773, "delta": 12.660567}}
{"target": 19.90622488320314, "params": {"h": 43.0, "p": 294.0, "r": 102.0}, "datetime": {"datetime": "2024-05-12 02:27:34", "elapsed": 427.053809, "delta": 12.397036}}
{"target": 20.519397090509884, "params": {"h": 44.0, "p": 297.0, "r": 98.0}, "datetime": {"datetime": "2024-05-12 02:27:47", "elapsed": 440.684677, "delta": 13.630868}}
{"target": 20.323009659142603, "params": {"h": 44.0, "p": 301.0, "r": 96.0}, "datetime": {"datetime": "2024-05-12 02:28:01", "elapsed": 454.581464, "delta": 13.896787}}
{"target": 20.985641613185543, "params": {"h": 49.0, "p": 302.0, "r": 99.0}, "datetime": {"datetime": "2024-05-12 02:28:15", "elapsed": 468.242936, "delta": 13.661472}}
{"target": 19.64483549633545, "params": {"h": 45.0, "p": 303.0, "r": 100.0}, "datetime": {"datetime": "2024-05-12 02:28:28", "elapsed": 481.574451, "delta": 13.331515}}
{"target": 24.3982338378196, "params": {"h": 54.0, "p": 303.0, "r": 92.0}, "datetime": {"datetime": "2024-05-12 02:28:42", "elapsed": 495.485791, "delta": 13.91134}}
{"target": 24.899573817085273, "params": {"h": 56.0, "p": 306.0, "r": 91.0}, "datetime": {"datetime": "2024-05-12 02:28:57", "elapsed": 510.038869, "delta": 14.553078}}
{"target": 22.213495223014174, "params": {"h": 51.0, "p": 307.0, "r": 93.0}, "datetime": {"datetime": "2024-05-12 02:29:11", "elapsed": 524.688343, "delta": 14.649474}}
{"target": 26.533615637143363, "params": {"h": 55.0, "p": 304.0, "r": 87.0}, "datetime": {"datetime": "2024-05-12 02:29:26", "elapsed": 539.504719, "delta": 14.816376}}
{"target": 28.93783151437312, "params": {"h": 60.0, "p": 302.0, "r": 87.0}, "datetime": {"datetime": "2024-05-12 02:29:41", "elapsed": 554.730331, "delta": 15.225612}}
{"target": 26.66822984303338, "params": {"h": 59.0, "p": 300.0, "r": 92.0}, "datetime": {"datetime": "2024-05-12 02:29:56", "elapsed": 569.453519, "delta": 14.723188}}
{"target": 31.48295873941477, "params": {"h": 56.0, "p": 298.0, "r": 81.0}, "datetime": {"datetime": "2024-05-12 02:30:12", "elapsed": 585.302577, "delta": 15.849058}}
{"target": 30.035535374019524, "params": {"h": 59.0, "p": 294.0, "r": 86.0}, "datetime": {"datetime": "2024-05-12 02:30:27", "elapsed": 599.902487, "delta": 14.59991}}
{"target": 33.733453158998934, "params": {"h": 60.0, "p": 297.0, "r": 81.0}, "datetime": {"datetime": "2024-05-12 02:30:43", "elapsed": 616.017016, "delta": 16.114529}}
{"target": 37.88452565098594, "params": {"h": 60.0, "p": 293.0, "r": 77.0}, "datetime": {"datetime": "2024-05-12 02:30:59", "elapsed": 632.082985, "delta": 16.065969}}
{"target": 44.46986421345679, "params": {"h": 60.0, "p": 294.0, "r": 72.0}, "datetime": {"datetime": "2024-05-12 02:31:16", "elapsed": 648.916364, "delta": 16.833379}}
{"target": 52.945179799063666, "params": {"h": 54.0, "p": 298.0, "r": 66.0}, "datetime": {"datetime": "2024-05-12 02:31:33", "elapsed": 666.37322, "delta": 17.456856}}
{"target": 53.75568618693176, "params": {"h": 52.0, "p": 301.0, "r": 65.0}, "datetime": {"datetime": "2024-05-12 02:31:51", "elapsed": 684.473133, "delta": 18.099913}}
{"target": 62.303232181591035, "params": {"h": 56.0, "p": 302.0, "r": 63.0}, "datetime": {"datetime": "2024-05-12 02:32:10", "elapsed": 703.461989, "delta": 18.988856}}
{"target": 72.67961217781934, "params": {"h": 59.0, "p": 303.0, "r": 60.0}, "datetime": {"datetime": "2024-05-12 02:32:31", "elapsed": 723.920676, "delta": 20.458687}}
{"target": 76.82462872783717, "params": {"h": 60.0, "p": 304.0, "r": 56.0}, "datetime": {"datetime": "2024-05-12 02:32:52", "elapsed": 745.658924, "delta": 21.738248}}
{"target": 68.0921614490119, "params": {"h": 60.0, "p": 299.0, "r": 54.0}, "datetime": {"datetime": "2024-05-12 02:33:14", "elapsed": 767.493129, "delta": 21.834205}}
{"target": 35.09208185411042, "params": {"h": 54.0, "p": 313.0, "r": 46.0}, "datetime": {"datetime": "2024-05-12 02:33:37", "elapsed": 790.747937, "delta": 23.254808}}
{"target": 79.22990037488643, "params": {"h": 60.0, "p": 307.0, "r": 58.0}, "datetime": {"datetime": "2024-05-12 02:33:58", "elapsed": 811.454601, "delta": 20.706664}}
{"target": 66.45044210049053, "params": {"h": 58.0, "p": 319.0, "r": 61.0}, "datetime": {"datetime": "2024-05-12 02:34:19", "elapsed": 831.898003, "delta": 20.443402}}
{"target": 24.705062698291226, "params": {"h": 59.0, "p": 341.0, "r": 69.0}, "datetime": {"datetime": "2024-05-12 02:34:38", "elapsed": 851.526914, "delta": 19.628911}}
{"target": 44.79527625424875, "params": {"h": 60.0, "p": 267.0, "r": 53.0}, "datetime": {"datetime": "2024-05-12 02:34:58", "elapsed": 871.690155, "delta": 20.163241}}
{"target": 71.38650980626187, "params": {"h": 34.0, "p": 272.0, "r": 57.0}, "datetime": {"datetime": "2024-05-12 02:35:15", "elapsed": 888.304823, "delta": 16.614668}}
{"target": 58.249116345266174, "params": {"h": 33.0, "p": 260.0, "r": 60.0}, "datetime": {"datetime": "2024-05-12 02:35:30", "elapsed": 903.513097, "delta": 15.208274}}
{"target": 24.82874907990515, "params": {"h": 34.0, "p": 272.0, "r": 41.0}, "datetime": {"datetime": "2024-05-12 02:35:51", "elapsed": 924.551806, "delta": 21.038709}}
{"target": 43.1241656129179, "params": {"h": 36.0, "p": 275.0, "r": 66.0}, "datetime": {"datetime": "2024-05-12 02:36:07", "elapsed": 939.916709, "delta": 15.364903}}
{"target": 38.34081724747487, "params": {"h": 24.0, "p": 270.0, "r": 57.0}, "datetime": {"datetime": "2024-05-12 02:36:23", "elapsed": 956.533023, "delta": 16.616314}}
{"target": 73.81601414370715, "params": {"h": 41.0, "p": 269.0, "r": 56.0}, "datetime": {"datetime": "2024-05-12 02:36:41", "elapsed": 974.599025, "delta": 18.066002}}
{"target": 49.28441590273017, "params": {"h": 49.0, "p": 250.0, "r": 63.0}, "datetime": {"datetime": "2024-05-12 02:36:58", "elapsed": 991.02612, "delta": 16.427095}}
{"target": 75.1653702249894, "params": {"h": 47.0, "p": 284.0, "r": 56.0}, "datetime": {"datetime": "2024-05-12 02:37:17", "elapsed": 1009.971345, "delta": 18.945225}}
{"target": 77.39696063559627, "params": {"h": 42.0, "p": 279.0, "r": 53.0}, "datetime": {"datetime": "2024-05-12 02:37:36", "elapsed": 1028.869101, "delta": 18.897756}}
{"target": 79.9032327718235, "params": {"h": 37.0, "p": 288.0, "r": 56.0}, "datetime": {"datetime": "2024-05-12 02:37:55", "elapsed": 1048.562754, "delta": 19.693653}}
{"target": 89.32251284255473, "params": {"h": 41.0, "p": 293.0, "r": 52.0}, "datetime": {"datetime": "2024-05-12 02:38:15", "elapsed": 1068.787376, "delta": 20.224622}}
{"target": 77.40031429562679, "params": {"h": 41.0, "p": 290.0, "r": 50.0}, "datetime": {"datetime": "2024-05-12 02:38:35", "elapsed": 1088.761894, "delta": 19.974518}}
{"target": 96.54214346012017, "params": {"h": 39.0, "p": 297.0, "r": 51.0}, "datetime": {"datetime": "2024-05-12 02:38:57", "elapsed": 1110.502299, "delta": 21.740405}}
{"target": 72.13477094217203, "params": {"h": 36.0, "p": 303.0, "r": 56.0}, "datetime": {"datetime": "2024-05-12 02:39:16", "elapsed": 1128.978087, "delta": 18.475788}}
{"target": 124.49695575974916, "params": {"h": 30.0, "p": 300.0, "r": 48.0}, "datetime": {"datetime": "2024-05-12 02:39:35", "elapsed": 1148.419995, "delta": 19.441908}}
{"target": 64.97683383612794, "params": {"h": 22.0, "p": 300.0, "r": 47.0}, "datetime": {"datetime": "2024-05-12 02:39:53", "elapsed": 1166.25311, "delta": 17.833115}}
{"target": 62.76675035073451, "params": {"h": 35.0, "p": 306.0, "r": 45.0}, "datetime": {"datetime": "2024-05-12 02:40:16", "elapsed": 1188.929757, "delta": 22.676647}}
{"target": 59.549121738469914, "params": {"h": 31.0, "p": 295.0, "r": 56.0}, "datetime": {"datetime": "2024-05-12 02:40:33", "elapsed": 1206.060827, "delta": 17.13107}}
{"target": 80.24230408699567, "params": {"h": 32.0, "p": 299.0, "r": 45.0}, "datetime": {"datetime": "2024-05-12 02:40:54", "elapsed": 1226.974435, "delta": 20.913608}}
{"target": 82.52139042738717, "params": {"h": 28.0, "p": 299.0, "r": 51.0}, "datetime": {"datetime": "2024-05-12 02:41:11", "elapsed": 1244.729079, "delta": 17.754644}}
{"target": 126.04431131322904, "params": {"h": 31.0, "p": 306.0, "r": 48.0}, "datetime": {"datetime": "2024-05-12 02:41:32", "elapsed": 1265.157674, "delta": 20.428595}}
{"target": 105.78885027052173, "params": {"h": 27.0, "p": 304.0, "r": 43.0}, "datetime": {"datetime": "2024-05-12 02:41:52", "elapsed": 1284.833329, "delta": 19.675655}}
{"target": 126.14487487006357, "params": {"h": 30.0, "p": 303.0, "r": 48.0}, "datetime": {"datetime": "2024-05-12 02:42:11", "elapsed": 1303.978209, "delta": 19.14488}}
{"target": 109.38585964565323, "params": {"h": 31.0, "p": 308.0, "r": 50.0}, "datetime": {"datetime": "2024-05-12 02:42:30", "elapsed": 1323.735319, "delta": 19.75711}}
{"target": 52.89432905085644, "params": {"h": 18.0, "p": 313.0, "r": 42.0}, "datetime": {"datetime": "2024-05-12 02:42:49", "elapsed": 1341.850138, "delta": 18.114819}}
{"target": 132.87828982992423, "params": {"h": 26.0, "p": 307.0, "r": 46.0}, "datetime": {"datetime": "2024-05-12 02:43:08", "elapsed": 1361.151283, "delta": 19.301145}}
{"target": 127.0424850648757, "params": {"h": 30.0, "p": 307.0, "r": 48.0}, "datetime": {"datetime": "2024-05-12 02:43:27", "elapsed": 1380.608671, "delta": 19.457388}}
{"target": 57.06298586263834, "params": {"h": 24.0, "p": 310.0, "r": 49.0}, "datetime": {"datetime": "2024-05-12 02:43:46", "elapsed": 1398.911338, "delta": 18.302667}}
{"target": 140.78013305144265, "params": {"h": 25.0, "p": 308.0, "r": 45.0}, "datetime": {"datetime": "2024-05-12 02:44:05", "elapsed": 1418.181041, "delta": 19.269703}}
{"target": 3.491082292688796, "params": {"h": 27.0, "p": 314.0, "r": 30.0}, "datetime": {"datetime": "2024-05-12 02:44:30", "elapsed": 1443.638034, "delta": 25.456993}}
{"target": 149.6058270078251, "params": {"h": 26.0, "p": 313.0, "r": 44.0}, "datetime": {"datetime": "2024-05-12 02:44:50", "elapsed": 1463.298875, "delta": 19.660841}}
{"target": 146.06965299687073, "params": {"h": 27.0, "p": 312.0, "r": 45.0}, "datetime": {"datetime": "2024-05-12 02:45:10", "elapsed": 1483.462395, "delta": 20.16352}}
{"target": 39.513400950545865, "params": {"h": 31.0, "p": 316.0, "r": 41.0}, "datetime": {"datetime": "2024-05-12 02:45:32", "elapsed": 1504.98175, "delta": 21.519355}}
{"target": 7.965823203089959, "params": {"h": 60.0, "p": 285.0, "r": 38.0}, "datetime": {"datetime": "2024-05-12 02:45:59", "elapsed": 1532.332, "delta": 27.35025}}
{"target": 160.53968329642245, "params": {"h": 23.0, "p": 309.0, "r": 42.0}, "datetime": {"datetime": "2024-05-12 02:46:19", "elapsed": 1552.539826, "delta": 20.207826}}
{"target": 176.33731122580448, "params": {"h": 19.0, "p": 305.0, "r": 39.0}, "datetime": {"datetime": "2024-05-12 02:46:39", "elapsed": 1572.091009, "delta": 19.551183}}
{"target": 188.34310330811698, "params": {"h": 16.0, "p": 305.0, "r": 35.0}, "datetime": {"datetime": "2024-05-12 02:46:59", "elapsed": 1592.316718, "delta": 20.225709}}
{"target": 2.4561374497904094, "params": {"h": 16.0, "p": 304.0, "r": 24.0}, "datetime": {"datetime": "2024-05-12 02:47:21", "elapsed": 1613.836885, "delta": 21.520167}}
{"target": 143.48045539294128, "params": {"h": 17.0, "p": 294.0, "r": 38.0}, "datetime": {"datetime": "2024-05-12 02:47:39", "elapsed": 1632.545324, "delta": 18.708439}}
{"target": 16.852872521606546, "params": {"h": 22.0, "p": 301.0, "r": 34.0}, "datetime": {"datetime": "2024-05-12 02:48:01", "elapsed": 1654.284188, "delta": 21.738864}}
{"target": 36.40079213354395, "params": {"h": 17.0, "p": 299.0, "r": 43.0}, "datetime": {"datetime": "2024-05-12 02:48:19", "elapsed": 1671.930515, "delta": 17.646327}}
{"target": 21.864204784643828, "params": {"h": 15.0, "p": 288.0, "r": 43.0}, "datetime": {"datetime": "2024-05-12 02:48:36", "elapsed": 1689.543698, "delta": 17.613183}}
{"target": 168.20980479361387, "params": {"h": 16.0, "p": 302.0, "r": 36.0}, "datetime": {"datetime": "2024-05-12 02:48:56", "elapsed": 1709.4694, "delta": 19.925702}}
{"target": 190.11427174920888, "params": {"h": 16.0, "p": 310.0, "r": 35.0}, "datetime": {"datetime": "2024-05-12 02:49:16", "elapsed": 1729.725388, "delta": 20.255988}}
{"target": 30.63344631192583, "params": {"h": 16.0, "p": 310.0, "r": 31.0}, "datetime": {"datetime": "2024-05-12 02:49:37", "elapsed": 1750.012402, "delta": 20.287014}}
{"target": 89.58897904871499, "params": {"h": 15.0, "p": 308.0, "r": 36.0}, "datetime": {"datetime": "2024-05-12 02:49:57", "elapsed": 1770.785121, "delta": 20.772719}}
{"target": 58.20287448569332, "params": {"h": 20.0, "p": 313.0, "r": 36.0}, "datetime": {"datetime": "2024-05-12 02:50:19", "elapsed": 1792.226626, "delta": 21.441505}}
{"target": 180.94788385961334, "params": {"h": 17.0, "p": 303.0, "r": 36.0}, "datetime": {"datetime": "2024-05-12 02:50:38", "elapsed": 1811.652257, "delta": 19.425631}}
{"target": 143.36891117429673, "params": {"h": 16.0, "p": 300.0, "r": 34.0}, "datetime": {"datetime": "2024-05-12 02:50:58", "elapsed": 1831.642645, "delta": 19.990388}}
{"target": 160.36684138648977, "params": {"h": 22.0, "p": 307.0, "r": 41.0}, "datetime": {"datetime": "2024-05-12 02:51:19", "elapsed": 1852.240724, "delta": 20.598079}}
{"target": 82.95463745015842, "params": {"h": 24.0, "p": 306.0, "r": 40.0}, "datetime": {"datetime": "2024-05-12 02:51:39", "elapsed": 1872.650349, "delta": 20.409625}}
{"target": 166.3833536289329, "params": {"h": 21.0, "p": 308.0, "r": 40.0}, "datetime": {"datetime": "2024-05-12 02:51:59", "elapsed": 1892.562661, "delta": 19.912312}}
{"target": 60.09997424118331, "params": {"h": 22.0, "p": 305.0, "r": 47.0}, "datetime": {"datetime": "2024-05-12 02:52:18", "elapsed": 1911.396018, "delta": 18.833357}}
{"target": 176.68053189389897, "params": {"h": 17.0, "p": 297.0, "r": 36.0}, "datetime": {"datetime": "2024-05-12 02:52:39", "elapsed": 1931.977977, "delta": 20.581959}}
{"target": 37.0125183396633, "params": {"h": 20.0, "p": 293.0, "r": 35.0}, "datetime": {"datetime": "2024-05-12 02:53:00", "elapsed": 1953.733595, "delta": 21.755618}}
{"target": 130.8564991927646, "params": {"h": 23.0, "p": 311.0, "r": 44.0}, "datetime": {"datetime": "2024-05-12 02:53:21", "elapsed": 1974.240315, "delta": 20.50672}}
{"target": 110.88168390191083, "params": {"h": 25.0, "p": 316.0, "r": 46.0}, "datetime": {"datetime": "2024-05-12 02:53:40", "elapsed": 1993.337769, "delta": 19.097454}}
{"target": 145.23830406437403, "params": {"h": 17.0, "p": 296.0, "r": 38.0}, "datetime": {"datetime": "2024-05-12 02:53:59", "elapsed": 2012.484788, "delta": 19.147019}}
{"target": 94.23514184439415, "params": {"h": 28.0, "p": 309.0, "r": 43.0}, "datetime": {"datetime": "2024-05-12 02:54:20", "elapsed": 2032.913026, "delta": 20.428238}}
{"target": 108.49191000161443, "params": {"h": 34.0, "p": 302.0, "r": 51.0}, "datetime": {"datetime": "2024-05-12 02:54:39", "elapsed": 2052.528805, "delta": 19.615779}}
{"target": 151.5050864551555, "params": {"h": 15.0, "p": 298.0, "r": 35.0}, "datetime": {"datetime": "2024-05-12 02:54:58", "elapsed": 2071.642484, "delta": 19.113679}}
{"target": 86.95717800192749, "params": {"h": 42.0, "p": 304.0, "r": 50.0}, "datetime": {"datetime": "2024-05-12 02:55:20", "elapsed": 2092.913545, "delta": 21.271061}}
{"target": 107.84504520934222, "params": {"h": 16.0, "p": 311.0, "r": 37.0}, "datetime": {"datetime": "2024-05-12 02:55:39", "elapsed": 2111.902098, "delta": 18.988553}}
{"target": 145.7363768841475, "params": {"h": 21.0, "p": 307.0, "r": 42.0}, "datetime": {"datetime": "2024-05-12 02:55:58", "elapsed": 2131.626886, "delta": 19.724788}}
{"target": 50.76476445278488, "params": {"h": 18.0, "p": 303.0, "r": 34.0}, "datetime": {"datetime": "2024-05-12 02:56:20", "elapsed": 2153.427393, "delta": 21.800507}}
{"target": 102.50752129028838, "params": {"h": 29.0, "p": 315.0, "r": 49.0}, "datetime": {"datetime": "2024-05-12 02:56:40", "elapsed": 2173.727912, "delta": 20.300519}}
{"target": 60.228348005288524, "params": {"h": 24.0, "p": 310.0, "r": 39.0}, "datetime": {"datetime": "2024-05-12 02:57:03", "elapsed": 2196.030489, "delta": 22.302577}}
{"target": 55.06005059071856, "params": {"h": 30.0, "p": 304.0, "r": 55.0}, "datetime": {"datetime": "2024-05-12 02:57:20", "elapsed": 2213.286152, "delta": 17.255663}}
{"target": 176.1588879462808, "params": {"h": 19.0, "p": 301.0, "r": 39.0}, "datetime": {"datetime": "2024-05-12 02:57:42", "elapsed": 2235.010389, "delta": 21.724237}}
{"target": 76.64763734952311, "params": {"h": 45.0, "p": 298.0, "r": 51.0}, "datetime": {"datetime": "2024-05-12 02:58:03", "elapsed": 2256.185892, "delta": 21.175503}}
{"target": 58.51712700476666, "params": {"h": 20.0, "p": 307.0, "r": 36.0}, "datetime": {"datetime": "2024-05-12 02:58:24", "elapsed": 2277.738322, "delta": 21.55243}}
{"target": 128.64214008534958, "params": {"h": 22.0, "p": 302.0, "r": 40.0}, "datetime": {"datetime": "2024-05-12 02:58:46", "elapsed": 2298.85357, "delta": 21.115248}}
{"target": 76.83477034743343, "params": {"h": 40.0, "p": 297.0, "r": 57.0}, "datetime": {"datetime": "2024-05-12 02:59:05", "elapsed": 2318.076968, "delta": 19.223398}}
{"target": 71.12103413260351, "params": {"h": 26.0, "p": 299.0, "r": 41.0}, "datetime": {"datetime": "2024-05-12 02:59:26", "elapsed": 2339.0829, "delta": 21.005932}}
{"target": 152.26393718676394, "params": {"h": 16.0, "p": 311.0, "r": 34.0}, "datetime": {"datetime": "2024-05-12 02:59:46", "elapsed": 2359.321139, "delta": 20.238239}}
{"target": 121.99599681468248, "params": {"h": 29.0, "p": 311.0, "r": 48.0}, "datetime": {"datetime": "2024-05-12 03:00:07", "elapsed": 2380.387108, "delta": 21.065969}}
