{"target": 0.9782541186719133, "params": {"h": 26.0, "p": 886.0, "r": 122.0}, "datetime": {"datetime": "2024-05-20 04:51:22", "elapsed": 0.0, "delta": 0.0}}
{"target": 10.782344652301195, "params": {"h": 46.0, "p": 117.0, "r": 30.0}, "datetime": {"datetime": "2024-05-20 04:51:44", "elapsed": 22.237757, "delta": 22.237757}}
{"target": 0.05594334002229303, "params": {"h": 35.0, "p": 934.0, "r": 21.0}, "datetime": {"datetime": "2024-05-20 04:53:02", "elapsed": 100.331639, "delta": 78.093882}}
{"target": 0.0, "params": {"h": 51.0, "p": 207.0, "r": 150.0}, "datetime": {"datetime": "2024-05-20 04:53:02", "elapsed": 100.33264, "delta": 0.001001}}
{"target": 2.432619854450945, "params": {"h": 56.0, "p": 637.0, "r": 86.0}, "datetime": {"datetime": "2024-05-20 04:53:35", "elapsed": 133.794029, "delta": 33.461389}}
{"target": 6.349105676605519, "params": {"h": 50.0, "p": 472.0, "r": 129.0}, "datetime": {"datetime": "2024-05-20 04:53:53", "elapsed": 151.663839, "delta": 17.86981}}
{"target": 1.343494860838696, "params": {"h": 32.0, "p": 782.0, "r": 82.0}, "datetime": {"datetime": "2024-05-20 04:54:34", "elapsed": 192.674059, "delta": 41.01022}}
{"target": 11.560509187030362, "params": {"h": 23.0, "p": 310.0, "r": 101.0}, "datetime": {"datetime": "2024-05-20 04:54:48", "elapsed": 206.500614, "delta": 13.826555}}
{"target": 4.060072671644201, "params": {"h": 39.0, "p": 695.0, "r": 42.0}, "datetime": {"datetime": "2024-05-20 04:55:34", "elapsed": 251.968278, "delta": 45.467664}}
{"target": 2.831428083202465, "params": {"h": 15.0, "p": 398.0, "r": 60.0}, "datetime": {"datetime": "2024-05-20 04:55:54", "elapsed": 272.311027, "delta": 20.342749}}
{"target": 11.210578167586823, "params": {"h": 21.0, "p": 313.0, "r": 103.0}, "datetime": {"datetime": "2024-05-20 04:56:09", "elapsed": 287.380356, "delta": 15.069329}}
{"target": 10.078186165218998, "params": {"h": 19.0, "p": 297.0, "r": 80.0}, "datetime": {"datetime": "2024-05-20 04:56:25", "elapsed": 303.806977, "delta": 16.426621}}
{"target": 19.86638001188748, "params": {"h": 48.0, "p": 306.0, "r": 101.0}, "datetime": {"datetime": "2024-05-20 04:56:40", "elapsed": 318.783892, "delta": 14.976915}}
{"target": 23.61065534111394, "params": {"h": 60.0, "p": 307.0, "r": 102.0}, "datetime": {"datetime": "2024-05-20 04:56:56", "elapsed": 334.450647, "delta": 15.666755}}
{"target": 20.988806998619037, "params": {"h": 60.0, "p": 320.0, "r": 117.0}, "datetime": {"datetime": "2024-05-20 04:57:11", "elapsed": 349.37142, "delta": 14.920773}}
{"target": 26.8420321671096, "params": {"h": 60.0, "p": 315.0, "r": 85.0}, "datetime": {"datetime": "2024-05-20 04:57:29", "elapsed": 367.477729, "delta": 18.106309}}
{"target": 90.92112225597083, "params": {"h": 59.0, "p": 324.0, "r": 56.0}, "datetime": {"datetime": "2024-05-20 04:57:57", "elapsed": 394.937954, "delta": 27.460225}}
{"target": 90.81681496699981, "params": {"h": 57.0, "p": 325.0, "r": 52.0}, "datetime": {"datetime": "2024-05-20 04:58:25", "elapsed": 423.688411, "delta": 28.750457}}
{"target": 100.65746946042223, "params": {"h": 60.0, "p": 332.0, "r": 53.0}, "datetime": {"datetime": "2024-05-20 04:58:52", "elapsed": 450.750493, "delta": 27.062082}}
{"target": 102.32265454317952, "params": {"h": 60.0, "p": 343.0, "r": 53.0}, "datetime": {"datetime": "2024-05-20 04:59:21", "elapsed": 478.923013, "delta": 28.17252}}
{"target": 17.01905172567212, "params": {"h": 60.0, "p": 343.0, "r": 41.0}, "datetime": {"datetime": "2024-05-20 04:59:55", "elapsed": 513.036976, "delta": 34.113963}}
{"target": 61.517794191273886, "params": {"h": 59.0, "p": 340.0, "r": 58.0}, "datetime": {"datetime": "2024-05-20 05:00:21", "elapsed": 539.021129, "delta": 25.984153}}
{"target": 97.89969522575485, "params": {"h": 60.0, "p": 329.0, "r": 54.0}, "datetime": {"datetime": "2024-05-20 05:00:46", "elapsed": 564.08123, "delta": 25.060101}}
{"target": 106.84857068196835, "params": {"h": 60.0, "p": 339.0, "r": 51.0}, "datetime": {"datetime": "2024-05-20 05:01:14", "elapsed": 591.924424, "delta": 27.843194}}
{"target": 103.67166219091764, "params": {"h": 50.0, "p": 329.0, "r": 51.0}, "datetime": {"datetime": "2024-05-20 05:01:38", "elapsed": 616.767183, "delta": 24.842759}}
{"target": 104.14424803260599, "params": {"h": 54.0, "p": 334.0, "r": 51.0}, "datetime": {"datetime": "2024-05-20 05:02:05", "elapsed": 643.655637, "delta": 26.888454}}
{"target": 114.35145519108136, "params": {"h": 44.0, "p": 334.0, "r": 51.0}, "datetime": {"datetime": "2024-05-20 05:02:30", "elapsed": 668.713525, "delta": 25.057888}}
{"target": 102.57071991128402, "params": {"h": 38.0, "p": 333.0, "r": 51.0}, "datetime": {"datetime": "2024-05-20 05:02:55", "elapsed": 692.872304, "delta": 24.158779}}
{"target": 68.09046699279494, "params": {"h": 44.0, "p": 332.0, "r": 46.0}, "datetime": {"datetime": "2024-05-20 05:03:22", "elapsed": 720.190068, "delta": 27.317764}}
{"target": 63.568068648464234, "params": {"h": 44.0, "p": 333.0, "r": 56.0}, "datetime": {"datetime": "2024-05-20 05:03:46", "elapsed": 744.014112, "delta": 23.824044}}
{"target": 119.71435432514508, "params": {"h": 42.0, "p": 338.0, "r": 50.0}, "datetime": {"datetime": "2024-05-20 05:04:11", "elapsed": 768.932478, "delta": 24.918366}}
{"target": 81.77886459798164, "params": {"h": 44.0, "p": 344.0, "r": 52.0}, "datetime": {"datetime": "2024-05-20 05:04:36", "elapsed": 794.811507, "delta": 25.879029}}
{"target": 96.47002938603487, "params": {"h": 36.0, "p": 339.0, "r": 50.0}, "datetime": {"datetime": "2024-05-20 05:05:01", "elapsed": 819.311169, "delta": 24.499662}}
{"target": 80.38278398415032, "params": {"h": 60.0, "p": 309.0, "r": 56.0}, "datetime": {"datetime": "2024-05-20 05:05:27", "elapsed": 845.834219, "delta": 26.52305}}
{"target": 41.340324066858415, "params": {"h": 52.0, "p": 310.0, "r": 47.0}, "datetime": {"datetime": "2024-05-20 05:05:57", "elapsed": 875.336965, "delta": 29.502746}}
{"target": 118.0261959079151, "params": {"h": 47.0, "p": 337.0, "r": 50.0}, "datetime": {"datetime": "2024-05-20 05:06:23", "elapsed": 901.171328, "delta": 25.834363}}
{"target": 54.87508421345521, "params": {"h": 57.0, "p": 297.0, "r": 66.0}, "datetime": {"datetime": "2024-05-20 05:06:45", "elapsed": 923.625829, "delta": 22.454501}}
{"target": 23.22322822092393, "params": {"h": 25.0, "p": 334.0, "r": 53.0}, "datetime": {"datetime": "2024-05-20 05:07:08", "elapsed": 945.868169, "delta": 22.24234}}
{"target": 21.652212091163452, "params": {"h": 60.0, "p": 356.0, "r": 55.0}, "datetime": {"datetime": "2024-05-20 05:07:36", "elapsed": 973.904794, "delta": 28.036625}}
{"target": 0.11382068483135428, "params": {"h": 21.0, "p": 526.0, "r": 18.0}, "datetime": {"datetime": "2024-05-20 05:08:24", "elapsed": 1022.350046, "delta": 48.445252}}
{"target": 85.98671948317687, "params": {"h": 40.0, "p": 338.0, "r": 52.0}, "datetime": {"datetime": "2024-05-20 05:08:49", "elapsed": 1047.545497, "delta": 25.195451}}
{"target": 137.84835073775704, "params": {"h": 38.0, "p": 345.0, "r": 47.0}, "datetime": {"datetime": "2024-05-20 05:09:14", "elapsed": 1072.701638, "delta": 25.156141}}
{"target": 138.38613553185232, "params": {"h": 36.0, "p": 346.0, "r": 45.0}, "datetime": {"datetime": "2024-05-20 05:09:41", "elapsed": 1099.377818, "delta": 26.67618}}
{"target": 28.355320441728917, "params": {"h": 31.0, "p": 349.0, "r": 38.0}, "datetime": {"datetime": "2024-05-20 05:10:09", "elapsed": 1127.42046, "delta": 28.042642}}
{"target": 93.3037668432259, "params": {"h": 46.0, "p": 345.0, "r": 46.0}, "datetime": {"datetime": "2024-05-20 05:10:34", "elapsed": 1152.069795, "delta": 24.649335}}
{"target": 63.593274730557425, "params": {"h": 40.0, "p": 353.0, "r": 43.0}, "datetime": {"datetime": "2024-05-20 05:11:00", "elapsed": 1178.673761, "delta": 26.603966}}
{"target": 85.6912386902132, "params": {"h": 35.0, "p": 337.0, "r": 44.0}, "datetime": {"datetime": "2024-05-20 05:11:24", "elapsed": 1202.313158, "delta": 23.639397}}
{"target": 29.22811800804732, "params": {"h": 36.0, "p": 353.0, "r": 50.0}, "datetime": {"datetime": "2024-05-20 05:11:49", "elapsed": 1227.119128, "delta": 24.80597}}
{"target": 110.67911148417352, "params": {"h": 37.0, "p": 342.0, "r": 45.0}, "datetime": {"datetime": "2024-05-20 05:12:15", "elapsed": 1253.350043, "delta": 26.230915}}
{"target": 51.30247761116338, "params": {"h": 53.0, "p": 321.0, "r": 63.0}, "datetime": {"datetime": "2024-05-20 05:12:40", "elapsed": 1278.181897, "delta": 24.831854}}
{"target": 0.9677998920531293, "params": {"h": 56.0, "p": 1000.0, "r": 129.0}, "datetime": {"datetime": "2024-05-20 05:13:46", "elapsed": 1344.46906, "delta": 66.287163}}
{"target": 103.95523169663313, "params": {"h": 35.0, "p": 322.0, "r": 51.0}, "datetime": {"datetime": "2024-05-20 05:14:10", "elapsed": 1368.691019, "delta": 24.221959}}
{"target": 96.23715823826558, "params": {"h": 34.0, "p": 312.0, "r": 52.0}, "datetime": {"datetime": "2024-05-20 05:14:35", "elapsed": 1392.905461, "delta": 24.214442}}
{"target": 92.81740888906329, "params": {"h": 33.0, "p": 319.0, "r": 45.0}, "datetime": {"datetime": "2024-05-20 05:15:00", "elapsed": 1417.869532, "delta": 24.964071}}
{"target": 38.07942168673222, "params": {"h": 34.0, "p": 314.0, "r": 60.0}, "datetime": {"datetime": "2024-05-20 05:15:20", "elapsed": 1438.297186, "delta": 20.427654}}
{"target": 91.60718763859911, "params": {"h": 27.0, "p": 308.0, "r": 49.0}, "datetime": {"datetime": "2024-05-20 05:15:42", "elapsed": 1459.994241, "delta": 21.697055}}
{"target": 72.05595873376197, "params": {"h": 32.0, "p": 310.0, "r": 44.0}, "datetime": {"datetime": "2024-05-20 05:16:08", "elapsed": 1486.588137, "delta": 26.593896}}
{"target": 25.066817319243537, "params": {"h": 22.0, "p": 315.0, "r": 52.0}, "datetime": {"datetime": "2024-05-20 05:16:30", "elapsed": 1508.336064, "delta": 21.747927}}
{"target": 115.10354205961771, "params": {"h": 39.0, "p": 346.0, "r": 45.0}, "datetime": {"datetime": "2024-05-20 05:16:56", "elapsed": 1534.396416, "delta": 26.060352}}
{"target": 107.2727096678487, "params": {"h": 44.0, "p": 323.0, "r": 51.0}, "datetime": {"datetime": "2024-05-20 05:17:23", "elapsed": 1561.151488, "delta": 26.755072}}
{"target": 132.0229447377303, "params": {"h": 34.0, "p": 343.0, "r": 47.0}, "datetime": {"datetime": "2024-05-20 05:17:49", "elapsed": 1586.997109, "delta": 25.845621}}
{"target": 134.23728474354172, "params": {"h": 34.0, "p": 347.0, "r": 46.0}, "datetime": {"datetime": "2024-05-20 05:18:14", "elapsed": 1612.788361, "delta": 25.791252}}
{"target": 102.69027776773196, "params": {"h": 29.0, "p": 299.0, "r": 50.0}, "datetime": {"datetime": "2024-05-20 05:18:35", "elapsed": 1633.021544, "delta": 20.233183}}
{"target": 139.96889938114816, "params": {"h": 34.0, "p": 346.0, "r": 46.0}, "datetime": {"datetime": "2024-05-20 05:19:02", "elapsed": 1660.52973, "delta": 27.508186}}
{"target": 81.19318335934156, "params": {"h": 21.0, "p": 297.0, "r": 45.0}, "datetime": {"datetime": "2024-05-20 05:19:24", "elapsed": 1682.261054, "delta": 21.731324}}
{"target": 94.20831903462854, "params": {"h": 31.0, "p": 290.0, "r": 52.0}, "datetime": {"datetime": "2024-05-20 05:19:46", "elapsed": 1704.048878, "delta": 21.787824}}
{"target": 32.971903484722276, "params": {"h": 34.0, "p": 292.0, "r": 42.0}, "datetime": {"datetime": "2024-05-20 05:20:09", "elapsed": 1726.872003, "delta": 22.823125}}
{"target": 41.71450088855609, "params": {"h": 29.0, "p": 296.0, "r": 58.0}, "datetime": {"datetime": "2024-05-20 05:20:27", "elapsed": 1745.649027, "delta": 18.777024}}
{"target": 69.97084079495903, "params": {"h": 26.0, "p": 280.0, "r": 52.0}, "datetime": {"datetime": "2024-05-20 05:20:47", "elapsed": 1765.801919, "delta": 20.152892}}
{"target": 60.41436475002426, "params": {"h": 39.0, "p": 275.0, "r": 61.0}, "datetime": {"datetime": "2024-05-20 05:21:06", "elapsed": 1784.254694, "delta": 18.452775}}
{"target": 0.0, "params": {"h": 17.0, "p": 101.0, "r": 145.0}, "datetime": {"datetime": "2024-05-20 05:21:06", "elapsed": 1784.630384, "delta": 0.37569}}
{"target": 4.354766296545472, "params": {"h": 56.0, "p": 710.0, "r": 150.0}, "datetime": {"datetime": "2024-05-20 05:21:40", "elapsed": 1818.041248, "delta": 33.410864}}
{"target": 58.518014951429635, "params": {"h": 41.0, "p": 317.0, "r": 46.0}, "datetime": {"datetime": "2024-05-20 05:22:07", "elapsed": 1845.085956, "delta": 27.044708}}
{"target": 3.2554415649711177, "params": {"h": 21.0, "p": 565.0, "r": 149.0}, "datetime": {"datetime": "2024-05-20 05:22:36", "elapsed": 1873.95809, "delta": 28.872134}}
{"target": 2.050387718912478, "params": {"h": 16.0, "p": 204.0, "r": 21.0}, "datetime": {"datetime": "2024-05-20 05:23:03", "elapsed": 1900.989028, "delta": 27.030938}}
{"target": 0.02197668479397256, "params": {"h": 49.0, "p": 837.0, "r": 15.0}, "datetime": {"datetime": "2024-05-20 05:24:44", "elapsed": 2002.838818, "delta": 101.84979}}
{"target": 30.713962581810506, "params": {"h": 16.0, "p": 254.0, "r": 46.0}, "datetime": {"datetime": "2024-05-20 05:25:04", "elapsed": 2021.917119, "delta": 19.078301}}
{"target": 9.73761230797045, "params": {"h": 15.0, "p": 397.0, "r": 148.0}, "datetime": {"datetime": "2024-05-20 05:25:41", "elapsed": 2059.427432, "delta": 37.510313}}
{"target": 0.043222477265133084, "params": {"h": 18.0, "p": 617.0, "r": 15.0}, "datetime": {"datetime": "2024-05-20 05:26:37", "elapsed": 2115.348427, "delta": 55.920995}}
{"target": 0.09497340832525157, "params": {"h": 55.0, "p": 454.0, "r": 16.0}, "datetime": {"datetime": "2024-05-20 05:27:44", "elapsed": 2182.076021, "delta": 66.727594}}
{"target": 38.25757611597098, "params": {"h": 58.0, "p": 252.0, "r": 72.0}, "datetime": {"datetime": "2024-05-20 05:28:01", "elapsed": 2199.058821, "delta": 16.9828}}
{"target": 1.7140253925415887, "params": {"h": 58.0, "p": 813.0, "r": 149.0}, "datetime": {"datetime": "2024-05-20 05:28:41", "elapsed": 2239.093924, "delta": 40.035103}}
{"target": 0.0, "params": {"h": 18.0, "p": 160.0, "r": 88.0}, "datetime": {"datetime": "2024-05-20 05:28:41", "elapsed": 2239.741235, "delta": 0.647311}}
{"target": 3.0468513201766827, "params": {"h": 60.0, "p": 531.0, "r": 82.0}, "datetime": {"datetime": "2024-05-20 05:29:09", "elapsed": 2267.491206, "delta": 27.749971}}
{"target": 1.0272754893574705, "params": {"h": 17.0, "p": 999.0, "r": 50.0}, "datetime": {"datetime": "2024-05-20 05:30:27", "elapsed": 2345.2639, "delta": 77.772694}}
{"target": 16.836196541885435, "params": {"h": 17.0, "p": 289.0, "r": 51.0}, "datetime": {"datetime": "2024-05-20 05:30:46", "elapsed": 2364.512017, "delta": 19.248117}}
{"target": 74.78130935450505, "params": {"h": 44.0, "p": 288.0, "r": 58.0}, "datetime": {"datetime": "2024-05-20 05:31:07", "elapsed": 2385.388456, "delta": 20.876439}}
{"target": 50.74324903564508, "params": {"h": 56.0, "p": 280.0, "r": 52.0}, "datetime": {"datetime": "2024-05-20 05:31:33", "elapsed": 2410.882309, "delta": 25.493853}}
{"target": 130.47198534676934, "params": {"h": 35.0, "p": 328.0, "r": 48.0}, "datetime": {"datetime": "2024-05-20 05:31:57", "elapsed": 2435.419147, "delta": 24.536838}}
{"target": 73.88137788386881, "params": {"h": 35.0, "p": 347.0, "r": 49.0}, "datetime": {"datetime": "2024-05-20 05:32:21", "elapsed": 2459.232018, "delta": 23.812871}}
{"target": 86.24099064485812, "params": {"h": 33.0, "p": 329.0, "r": 44.0}, "datetime": {"datetime": "2024-05-20 05:32:45", "elapsed": 2483.814006, "delta": 24.581988}}
{"target": 110.82884166996075, "params": {"h": 38.0, "p": 326.0, "r": 51.0}, "datetime": {"datetime": "2024-05-20 05:33:10", "elapsed": 2508.449792, "delta": 24.635786}}
{"target": 113.8471069764512, "params": {"h": 34.0, "p": 304.0, "r": 49.0}, "datetime": {"datetime": "2024-05-20 05:33:33", "elapsed": 2531.57177, "delta": 23.121978}}
{"target": 90.09480179137644, "params": {"h": 30.0, "p": 344.0, "r": 47.0}, "datetime": {"datetime": "2024-05-20 05:33:57", "elapsed": 2555.58957, "delta": 24.0178}}
{"target": 91.74712706336923, "params": {"h": 32.0, "p": 305.0, "r": 52.0}, "datetime": {"datetime": "2024-05-20 05:34:18", "elapsed": 2576.711176, "delta": 21.121606}}
{"target": 125.93570147371764, "params": {"h": 34.0, "p": 324.0, "r": 47.0}, "datetime": {"datetime": "2024-05-20 05:34:43", "elapsed": 2601.423426, "delta": 24.71225}}
{"target": 103.37798368994727, "params": {"h": 37.0, "p": 302.0, "r": 52.0}, "datetime": {"datetime": "2024-05-20 05:35:07", "elapsed": 2625.174269, "delta": 23.750843}}
{"target": 65.26742264921364, "params": {"h": 40.0, "p": 305.0, "r": 47.0}, "datetime": {"datetime": "2024-05-20 05:35:34", "elapsed": 2652.124136, "delta": 26.949867}}
{"target": 97.38160289557611, "params": {"h": 38.0, "p": 294.0, "r": 51.0}, "datetime": {"datetime": "2024-05-20 05:35:57", "elapsed": 2675.178887, "delta": 23.054751}}
{"target": 114.44494528017653, "params": {"h": 54.0, "p": 340.0, "r": 51.0}, "datetime": {"datetime": "2024-05-20 05:36:24", "elapsed": 2702.686707, "delta": 27.50782}}
{"target": 143.85031078352606, "params": {"h": 16.0, "p": 306.0, "r": 34.0}, "datetime": {"datetime": "2024-05-20 05:36:50", "elapsed": 2727.917843, "delta": 25.231136}}
{"target": 19.97443489205864, "params": {"h": 17.0, "p": 304.0, "r": 31.0}, "datetime": {"datetime": "2024-05-20 05:37:15", "elapsed": 2753.618964, "delta": 25.701121}}
{"target": 48.01409411713051, "params": {"h": 15.0, "p": 304.0, "r": 38.0}, "datetime": {"datetime": "2024-05-20 05:37:37", "elapsed": 2775.273446, "delta": 21.654482}}
{"target": 188.99125689308573, "params": {"h": 16.0, "p": 307.0, "r": 35.0}, "datetime": {"datetime": "2024-05-20 05:38:00", "elapsed": 2798.375941, "delta": 23.102495}}
{"target": 27.537363450223815, "params": {"h": 15.0, "p": 309.0, "r": 40.0}, "datetime": {"datetime": "2024-05-20 05:38:23", "elapsed": 2820.967941, "delta": 22.592}}
{"target": 89.66759484413808, "params": {"h": 29.0, "p": 324.0, "r": 49.0}, "datetime": {"datetime": "2024-05-20 05:38:46", "elapsed": 2844.519782, "delta": 23.551841}}
{"target": 140.5286205459745, "params": {"h": 17.0, "p": 308.0, "r": 35.0}, "datetime": {"datetime": "2024-05-20 05:39:10", "elapsed": 2868.850068, "delta": 24.330286}}
{"target": 61.222174572670134, "params": {"h": 45.0, "p": 340.0, "r": 45.0}, "datetime": {"datetime": "2024-05-20 05:39:38", "elapsed": 2896.277963, "delta": 27.427895}}
{"target": 113.91667543391245, "params": {"h": 33.0, "p": 299.0, "r": 49.0}, "datetime": {"datetime": "2024-05-20 05:40:00", "elapsed": 2918.202099, "delta": 21.924136}}
{"target": 93.60652409223086, "params": {"h": 45.0, "p": 326.0, "r": 54.0}, "datetime": {"datetime": "2024-05-20 05:40:24", "elapsed": 2942.385759, "delta": 24.18366}}
{"target": 95.11552073684936, "params": {"h": 38.0, "p": 322.0, "r": 47.0}, "datetime": {"datetime": "2024-05-20 05:40:49", "elapsed": 2966.870295, "delta": 24.484536}}
{"target": 90.13628032880086, "params": {"h": 50.0, "p": 337.0, "r": 54.0}, "datetime": {"datetime": "2024-05-20 05:41:13", "elapsed": 2991.832196, "delta": 24.961901}}
{"target": 31.297070666617973, "params": {"h": 38.0, "p": 326.0, "r": 42.0}, "datetime": {"datetime": "2024-05-20 05:41:41", "elapsed": 3019.266408, "delta": 27.434212}}
{"target": 93.35154394264892, "params": {"h": 34.0, "p": 297.0, "r": 53.0}, "datetime": {"datetime": "2024-05-20 05:42:03", "elapsed": 3041.633815, "delta": 22.367407}}
{"target": 107.74824781351255, "params": {"h": 53.0, "p": 346.0, "r": 51.0}, "datetime": {"datetime": "2024-05-20 05:42:30", "elapsed": 3067.905558, "delta": 26.271743}}
{"target": 104.88987210299832, "params": {"h": 32.0, "p": 331.0, "r": 49.0}, "datetime": {"datetime": "2024-05-20 05:42:54", "elapsed": 3092.672253, "delta": 24.766695}}
{"target": 44.95750964665256, "params": {"h": 57.0, "p": 336.0, "r": 46.0}, "datetime": {"datetime": "2024-05-20 05:43:26", "elapsed": 3123.894222, "delta": 31.221969}}
{"target": 77.77909676863923, "params": {"h": 54.0, "p": 330.0, "r": 57.0}, "datetime": {"datetime": "2024-05-20 05:43:51", "elapsed": 3149.154173, "delta": 25.259951}}
{"target": 114.68158050310315, "params": {"h": 50.0, "p": 341.0, "r": 51.0}, "datetime": {"datetime": "2024-05-20 05:44:18", "elapsed": 3176.670853, "delta": 27.51668}}
{"target": 72.56295997916003, "params": {"h": 31.0, "p": 301.0, "r": 44.0}, "datetime": {"datetime": "2024-05-20 05:44:43", "elapsed": 3201.01887, "delta": 24.348017}}
{"target": 59.079467898523205, "params": {"h": 50.0, "p": 342.0, "r": 56.0}, "datetime": {"datetime": "2024-05-20 05:45:09", "elapsed": 3226.979981, "delta": 25.961111}}
{"target": 61.36729324418623, "params": {"h": 40.0, "p": 321.0, "r": 57.0}, "datetime": {"datetime": "2024-05-20 05:45:30", "elapsed": 3248.635753, "delta": 21.655772}}
{"target": 117.73753180330664, "params": {"h": 58.0, "p": 346.0, "r": 50.0}, "datetime": {"datetime": "2024-05-20 05:46:00", "elapsed": 3278.059103, "delta": 29.42335}}
{"target": 116.33490656112667, "params": {"h": 31.0, "p": 294.0, "r": 49.0}, "datetime": {"datetime": "2024-05-20 05:46:19", "elapsed": 3297.829589, "delta": 19.770486}}
{"target": 189.0382198434436, "params": {"h": 16.0, "p": 306.0, "r": 35.0}, "datetime": {"datetime": "2024-05-20 05:46:43", "elapsed": 3321.77833, "delta": 23.948741}}
{"target": 100.65280615620426, "params": {"h": 48.0, "p": 324.0, "r": 51.0}, "datetime": {"datetime": "2024-05-20 05:47:10", "elapsed": 3348.423725, "delta": 26.645395}}
{"target": 109.84516400556907, "params": {"h": 50.0, "p": 343.0, "r": 48.0}, "datetime": {"datetime": "2024-05-20 05:47:37", "elapsed": 3374.963776, "delta": 26.540051}}
{"target": 68.22374894492324, "params": {"h": 54.0, "p": 349.0, "r": 45.0}, "datetime": {"datetime": "2024-05-20 05:48:06", "elapsed": 3403.929394, "delta": 28.965618}}
{"target": 128.46982102939307, "params": {"h": 27.0, "p": 294.0, "r": 47.0}, "datetime": {"datetime": "2024-05-20 05:48:27", "elapsed": 3425.133168, "delta": 21.203774}}
