{"target": 0.978254118671552, "params": {"h": 26.0, "p": 886.0, "r": 122.0}, "datetime": {"datetime": "2024-05-20 01:44:59", "elapsed": 0.0, "delta": 0.0}}
{"target": 10.782344652298535, "params": {"h": 46.0, "p": 117.0, "r": 30.0}, "datetime": {"datetime": "2024-05-20 01:45:19", "elapsed": 19.789817, "delta": 19.789817}}
{"target": 0.0559433400222784, "params": {"h": 35.0, "p": 934.0, "r": 21.0}, "datetime": {"datetime": "2024-05-20 01:46:36", "elapsed": 96.589521, "delta": 76.799704}}
{"target": 0.0, "params": {"h": 51.0, "p": 207.0, "r": 150.0}, "datetime": {"datetime": "2024-05-20 01:46:36", "elapsed": 96.590522, "delta": 0.001001}}
{"target": 2.43261985445086, "params": {"h": 56.0, "p": 637.0, "r": 86.0}, "datetime": {"datetime": "2024-05-20 01:47:08", "elapsed": 129.109024, "delta": 32.518502}}
{"target": 6.349105676606109, "params": {"h": 50.0, "p": 472.0, "r": 129.0}, "datetime": {"datetime": "2024-05-20 01:47:27", "elapsed": 148.067998, "delta": 18.958974}}
{"target": 1.343494860837928, "params": {"h": 32.0, "p": 782.0, "r": 82.0}, "datetime": {"datetime": "2024-05-20 01:48:08", "elapsed": 189.060332, "delta": 40.992334}}
{"target": 11.560509187030354, "params": {"h": 23.0, "p": 310.0, "r": 101.0}, "datetime": {"datetime": "2024-05-20 01:48:21", "elapsed": 202.054086, "delta": 12.993754}}
{"target": 4.060072671647209, "params": {"h": 39.0, "p": 695.0, "r": 42.0}, "datetime": {"datetime": "2024-05-20 01:49:05", "elapsed": 245.261773, "delta": 43.207687}}
{"target": 2.8314280832039693, "params": {"h": 15.0, "p": 398.0, "r": 60.0}, "datetime": {"datetime": "2024-05-20 01:49:26", "elapsed": 266.439921, "delta": 21.178148}}
{"target": 11.14829247267708, "params": {"h": 49.0, "p": 116.0, "r": 30.0}, "datetime": {"datetime": "2024-05-20 01:49:48", "elapsed": 288.425444, "delta": 21.985523}}
{"target": 3.500412123072108, "params": {"h": 60.0, "p": 100.0, "r": 19.0}, "datetime": {"datetime": "2024-05-20 01:50:27", "elapsed": 327.401565, "delta": 38.976121}}
{"target": 12.5821572952725, "params": {"h": 21.0, "p": 302.0, "r": 102.0}, "datetime": {"datetime": "2024-05-20 01:50:43", "elapsed": 343.43245, "delta": 16.030885}}
{"target": 11.264185130351327, "params": {"h": 15.0, "p": 301.0, "r": 93.0}, "datetime": {"datetime": "2024-05-20 01:51:03", "elapsed": 364.005815, "delta": 20.573365}}
{"target": 16.702716509860625, "params": {"h": 31.0, "p": 296.0, "r": 98.0}, "datetime": {"datetime": "2024-05-20 01:51:18", "elapsed": 378.854776, "delta": 14.848961}}
{"target": 20.507956053478, "params": {"h": 40.0, "p": 291.0, "r": 96.0}, "datetime": {"datetime": "2024-05-20 01:51:33", "elapsed": 393.636529, "delta": 14.781753}}
{"target": 23.73314251250612, "params": {"h": 50.0, "p": 285.0, "r": 95.0}, "datetime": {"datetime": "2024-05-20 01:51:48", "elapsed": 408.818811, "delta": 15.182282}}
{"target": 30.81505811582671, "params": {"h": 60.0, "p": 280.0, "r": 86.0}, "datetime": {"datetime": "2024-05-20 01:52:05", "elapsed": 425.65134, "delta": 16.832529}}
{"target": 42.599581340158636, "params": {"h": 60.0, "p": 277.0, "r": 73.0}, "datetime": {"datetime": "2024-05-20 01:52:23", "elapsed": 443.190421, "delta": 17.539081}}
{"target": 57.03206896189282, "params": {"h": 60.0, "p": 273.0, "r": 60.0}, "datetime": {"datetime": "2024-05-20 01:52:44", "elapsed": 464.562026, "delta": 21.371605}}
{"target": 25.059933755857667, "params": {"h": 55.0, "p": 264.0, "r": 46.0}, "datetime": {"datetime": "2024-05-20 01:53:10", "elapsed": 490.854098, "delta": 26.292072}}
{"target": 59.76741420580267, "params": {"h": 57.0, "p": 275.0, "r": 60.0}, "datetime": {"datetime": "2024-05-20 01:53:31", "elapsed": 511.433005, "delta": 20.578907}}
{"target": 64.6728313992513, "params": {"h": 55.0, "p": 283.0, "r": 60.0}, "datetime": {"datetime": "2024-05-20 01:53:52", "elapsed": 532.603423, "delta": 21.170418}}
{"target": 60.28180409958006, "params": {"h": 60.0, "p": 285.0, "r": 55.0}, "datetime": {"datetime": "2024-05-20 01:54:16", "elapsed": 556.934289, "delta": 24.330866}}
{"target": 76.46013982009576, "params": {"h": 47.0, "p": 288.0, "r": 57.0}, "datetime": {"datetime": "2024-05-20 01:54:38", "elapsed": 579.046953, "delta": 22.112664}}
{"target": 90.59450650569315, "params": {"h": 41.0, "p": 293.0, "r": 53.0}, "datetime": {"datetime": "2024-05-20 01:55:00", "elapsed": 601.097589, "delta": 22.050636}}
{"target": 97.17233373685146, "params": {"h": 35.0, "p": 299.0, "r": 48.0}, "datetime": {"datetime": "2024-05-20 01:55:24", "elapsed": 625.111187, "delta": 24.013598}}
{"target": 116.87011895056722, "params": {"h": 30.0, "p": 293.0, "r": 49.0}, "datetime": {"datetime": "2024-05-20 01:55:46", "elapsed": 646.855063, "delta": 21.743876}}
{"target": 124.9726368729558, "params": {"h": 26.0, "p": 286.0, "r": 47.0}, "datetime": {"datetime": "2024-05-20 01:56:09", "elapsed": 669.246115, "delta": 22.391052}}
{"target": 55.131167677604004, "params": {"h": 20.0, "p": 293.0, "r": 46.0}, "datetime": {"datetime": "2024-05-20 01:56:30", "elapsed": 690.53914, "delta": 21.293025}}
{"target": 108.04711204745658, "params": {"h": 31.0, "p": 284.0, "r": 48.0}, "datetime": {"datetime": "2024-05-20 01:56:53", "elapsed": 713.198101, "delta": 22.658961}}
{"target": 38.85037564285501, "params": {"h": 26.0, "p": 287.0, "r": 57.0}, "datetime": {"datetime": "2024-05-20 01:57:11", "elapsed": 731.89288, "delta": 18.694779}}
{"target": 79.50287741515282, "params": {"h": 29.0, "p": 288.0, "r": 44.0}, "datetime": {"datetime": "2024-05-20 01:57:36", "elapsed": 756.940165, "delta": 25.047285}}
{"target": 112.83876666127338, "params": {"h": 26.0, "p": 284.0, "r": 48.0}, "datetime": {"datetime": "2024-05-20 01:57:58", "elapsed": 778.165942, "delta": 21.225777}}
{"target": 83.02670901380739, "params": {"h": 26.0, "p": 290.0, "r": 50.0}, "datetime": {"datetime": "2024-05-20 01:58:18", "elapsed": 798.242607, "delta": 20.076665}}
{"target": 107.18655776778452, "params": {"h": 34.0, "p": 293.0, "r": 50.0}, "datetime": {"datetime": "2024-05-20 01:58:39", "elapsed": 819.745192, "delta": 21.502585}}
{"target": 111.45708589886983, "params": {"h": 23.0, "p": 283.0, "r": 41.0}, "datetime": {"datetime": "2024-05-20 01:59:00", "elapsed": 840.631633, "delta": 20.886441}}
{"target": 136.90311167324828, "params": {"h": 24.0, "p": 285.0, "r": 45.0}, "datetime": {"datetime": "2024-05-20 01:59:21", "elapsed": 862.10011, "delta": 21.468477}}
{"target": 38.06372811057383, "params": {"h": 18.0, "p": 281.0, "r": 46.0}, "datetime": {"datetime": "2024-05-20 01:59:40", "elapsed": 880.201976, "delta": 18.101866}}
{"target": 69.674240258066, "params": {"h": 41.0, "p": 281.0, "r": 50.0}, "datetime": {"datetime": "2024-05-20 02:00:01", "elapsed": 901.650222, "delta": 21.448246}}
{"target": 75.04507777162289, "params": {"h": 37.0, "p": 303.0, "r": 56.0}, "datetime": {"datetime": "2024-05-20 02:00:22", "elapsed": 923.117956, "delta": 21.467734}}
{"target": 37.62125571647987, "params": {"h": 25.0, "p": 302.0, "r": 54.0}, "datetime": {"datetime": "2024-05-20 02:00:42", "elapsed": 943.137035, "delta": 20.019079}}
{"target": 84.53348212501979, "params": {"h": 48.0, "p": 302.0, "r": 56.0}, "datetime": {"datetime": "2024-05-20 02:01:06", "elapsed": 966.587832, "delta": 23.450797}}
{"target": 19.49459205989562, "params": {"h": 32.0, "p": 277.0, "r": 39.0}, "datetime": {"datetime": "2024-05-20 02:01:29", "elapsed": 989.756477, "delta": 23.168645}}
{"target": 25.945441981923594, "params": {"h": 47.0, "p": 299.0, "r": 44.0}, "datetime": {"datetime": "2024-05-20 02:01:57", "elapsed": 1017.440658, "delta": 27.684181}}
{"target": 74.2182216248173, "params": {"h": 37.0, "p": 288.0, "r": 57.0}, "datetime": {"datetime": "2024-05-20 02:02:17", "elapsed": 1037.727896, "delta": 20.287238}}
{"target": 142.52605370286022, "params": {"h": 23.0, "p": 288.0, "r": 44.0}, "datetime": {"datetime": "2024-05-20 02:02:36", "elapsed": 1057.013427, "delta": 19.285531}}
{"target": 54.47111805672121, "params": {"h": 44.0, "p": 297.0, "r": 63.0}, "datetime": {"datetime": "2024-05-20 02:02:58", "elapsed": 1078.427989, "delta": 21.414562}}
{"target": 84.77813186483617, "params": {"h": 16.0, "p": 292.0, "r": 33.0}, "datetime": {"datetime": "2024-05-20 02:03:21", "elapsed": 1101.842602, "delta": 23.414613}}
{"target": 133.98349958334458, "params": {"h": 21.0, "p": 288.0, "r": 43.0}, "datetime": {"datetime": "2024-05-20 02:03:42", "elapsed": 1122.728748, "delta": 20.886146}}
{"target": 1.4846835404585044, "params": {"h": 21.0, "p": 286.0, "r": 24.0}, "datetime": {"datetime": "2024-05-20 02:04:12", "elapsed": 1152.145843, "delta": 29.417095}}
{"target": 83.70212710605612, "params": {"h": 56.0, "p": 312.0, "r": 57.0}, "datetime": {"datetime": "2024-05-20 02:04:36", "elapsed": 1176.302021, "delta": 24.156178}}
{"target": 75.58709717796808, "params": {"h": 58.0, "p": 303.0, "r": 59.0}, "datetime": {"datetime": "2024-05-20 02:05:00", "elapsed": 1200.644444, "delta": 24.342423}}
{"target": 29.285542616054048, "params": {"h": 24.0, "p": 293.0, "r": 37.0}, "datetime": {"datetime": "2024-05-20 02:05:25", "elapsed": 1225.48542, "delta": 24.840976}}
{"target": 61.4819520579045, "params": {"h": 46.0, "p": 313.0, "r": 60.0}, "datetime": {"datetime": "2024-05-20 02:05:46", "elapsed": 1247.135924, "delta": 21.650504}}
{"target": 92.44370476861616, "params": {"h": 60.0, "p": 325.0, "r": 53.0}, "datetime": {"datetime": "2024-05-20 02:06:13", "elapsed": 1274.015815, "delta": 26.879891}}
{"target": 55.58290989990935, "params": {"h": 57.0, "p": 318.0, "r": 49.0}, "datetime": {"datetime": "2024-05-20 02:06:42", "elapsed": 1302.507032, "delta": 28.491217}}
{"target": 126.99066361728885, "params": {"h": 23.0, "p": 286.0, "r": 45.0}, "datetime": {"datetime": "2024-05-20 02:07:01", "elapsed": 1321.748701, "delta": 19.241669}}
{"target": 95.25123527469792, "params": {"h": 54.0, "p": 333.0, "r": 50.0}, "datetime": {"datetime": "2024-05-20 02:07:28", "elapsed": 1348.854117, "delta": 27.105416}}
{"target": 82.49749934117719, "params": {"h": 57.0, "p": 328.0, "r": 57.0}, "datetime": {"datetime": "2024-05-20 02:07:53", "elapsed": 1373.793701, "delta": 24.939584}}
{"target": 105.86512443828529, "params": {"h": 60.0, "p": 336.0, "r": 53.0}, "datetime": {"datetime": "2024-05-20 02:08:22", "elapsed": 1402.156712, "delta": 28.363011}}
{"target": 55.56899990785292, "params": {"h": 60.0, "p": 331.0, "r": 48.0}, "datetime": {"datetime": "2024-05-20 02:08:53", "elapsed": 1433.339186, "delta": 31.182474}}
{"target": 52.525032001551146, "params": {"h": 57.0, "p": 340.0, "r": 59.0}, "datetime": {"datetime": "2024-05-20 02:09:16", "elapsed": 1456.501909, "delta": 23.162723}}
{"target": 109.48409064098533, "params": {"h": 55.0, "p": 340.0, "r": 50.0}, "datetime": {"datetime": "2024-05-20 02:09:43", "elapsed": 1484.030555, "delta": 27.528646}}
{"target": 53.71580398950283, "params": {"h": 54.0, "p": 344.0, "r": 45.0}, "datetime": {"datetime": "2024-05-20 02:10:12", "elapsed": 1512.390903, "delta": 28.360348}}
{"target": 115.05352978370769, "params": {"h": 26.0, "p": 282.0, "r": 44.0}, "datetime": {"datetime": "2024-05-20 02:10:33", "elapsed": 1534.050339, "delta": 21.659436}}
{"target": 71.8420185376543, "params": {"h": 48.0, "p": 339.0, "r": 55.0}, "datetime": {"datetime": "2024-05-20 02:11:00", "elapsed": 1560.406356, "delta": 26.356017}}
{"target": 55.69576328911923, "params": {"h": 58.0, "p": 316.0, "r": 64.0}, "datetime": {"datetime": "2024-05-20 02:11:23", "elapsed": 1583.242428, "delta": 22.836072}}
{"target": 96.87010351829453, "params": {"h": 48.0, "p": 327.0, "r": 54.0}, "datetime": {"datetime": "2024-05-20 02:11:47", "elapsed": 1607.992728, "delta": 24.7503}}
{"target": 92.68703826970946, "params": {"h": 45.0, "p": 331.0, "r": 48.0}, "datetime": {"datetime": "2024-05-20 02:12:14", "elapsed": 1634.934007, "delta": 26.941279}}
{"target": 79.64210853640986, "params": {"h": 40.0, "p": 328.0, "r": 54.0}, "datetime": {"datetime": "2024-05-20 02:12:38", "elapsed": 1658.667364, "delta": 23.733357}}
{"target": 79.48244605725392, "params": {"h": 45.0, "p": 323.0, "r": 48.0}, "datetime": {"datetime": "2024-05-20 02:13:05", "elapsed": 1685.432345, "delta": 26.764981}}
{"target": 84.06331971334937, "params": {"h": 17.0, "p": 289.0, "r": 40.0}, "datetime": {"datetime": "2024-05-20 02:13:27", "elapsed": 1707.263021, "delta": 21.830676}}
{"target": 25.0527437761827, "params": {"h": 40.0, "p": 336.0, "r": 41.0}, "datetime": {"datetime": "2024-05-20 02:13:55", "elapsed": 1735.839207, "delta": 28.576186}}
{"target": 41.258951609953655, "params": {"h": 48.0, "p": 330.0, "r": 62.0}, "datetime": {"datetime": "2024-05-20 02:14:19", "elapsed": 1759.336416, "delta": 23.497209}}
{"target": 89.47037369378943, "params": {"h": 36.0, "p": 309.0, "r": 47.0}, "datetime": {"datetime": "2024-05-20 02:14:41", "elapsed": 1781.253721, "delta": 21.917305}}
{"target": 114.52996783061066, "params": {"h": 60.0, "p": 345.0, "r": 51.0}, "datetime": {"datetime": "2024-05-20 02:15:08", "elapsed": 1808.934952, "delta": 27.681231}}
{"target": 89.92355110549481, "params": {"h": 23.0, "p": 287.0, "r": 40.0}, "datetime": {"datetime": "2024-05-20 02:15:32", "elapsed": 1832.395323, "delta": 23.460371}}
{"target": 143.23025042448705, "params": {"h": 24.0, "p": 288.0, "r": 44.0}, "datetime": {"datetime": "2024-05-20 02:15:54", "elapsed": 1854.480176, "delta": 22.084853}}
{"target": 22.926742062116375, "params": {"h": 57.0, "p": 356.0, "r": 54.0}, "datetime": {"datetime": "2024-05-20 02:16:22", "elapsed": 1882.878163, "delta": 28.397987}}
{"target": 75.95155259059018, "params": {"h": 36.0, "p": 319.0, "r": 54.0}, "datetime": {"datetime": "2024-05-20 02:16:45", "elapsed": 1905.993099, "delta": 23.114936}}
{"target": 62.50017303869168, "params": {"h": 32.0, "p": 317.0, "r": 43.0}, "datetime": {"datetime": "2024-05-20 02:17:11", "elapsed": 1931.620024, "delta": 25.626925}}
{"target": 41.25878283772715, "params": {"h": 32.0, "p": 303.0, "r": 42.0}, "datetime": {"datetime": "2024-05-20 02:17:35", "elapsed": 1955.936801, "delta": 24.316777}}
{"target": 76.40546137209337, "params": {"h": 34.0, "p": 277.0, "r": 56.0}, "datetime": {"datetime": "2024-05-20 02:17:54", "elapsed": 1975.088915, "delta": 19.152114}}
{"target": 48.475462779062234, "params": {"h": 43.0, "p": 311.0, "r": 46.0}, "datetime": {"datetime": "2024-05-20 02:18:22", "elapsed": 2002.159535, "delta": 27.07062}}
{"target": 50.66610989666798, "params": {"h": 41.0, "p": 270.0, "r": 65.0}, "datetime": {"datetime": "2024-05-20 02:18:39", "elapsed": 2019.583832, "delta": 17.424297}}
{"target": 136.61487425258352, "params": {"h": 24.0, "p": 289.0, "r": 45.0}, "datetime": {"datetime": "2024-05-20 02:19:01", "elapsed": 2041.491165, "delta": 21.907333}}
{"target": 15.756296816320793, "params": {"h": 22.0, "p": 327.0, "r": 55.0}, "datetime": {"datetime": "2024-05-20 02:19:20", "elapsed": 2060.790363, "delta": 19.299198}}
{"target": 0.819904981919716, "params": {"h": 44.0, "p": 999.0, "r": 116.0}, "datetime": {"datetime": "2024-05-20 02:20:29", "elapsed": 2129.422508, "delta": 68.632145}}
{"target": 8.150443739206592, "params": {"h": 19.0, "p": 535.0, "r": 34.0}, "datetime": {"datetime": "2024-05-20 02:21:00", "elapsed": 2160.942192, "delta": 31.519684}}
{"target": 0.0, "params": {"h": 19.0, "p": 103.0, "r": 141.0}, "datetime": {"datetime": "2024-05-20 02:21:01", "elapsed": 2161.385966, "delta": 0.443774}}
{"target": 2.366879676114564, "params": {"h": 19.0, "p": 710.0, "r": 149.0}, "datetime": {"datetime": "2024-05-20 02:21:51", "elapsed": 2211.243098, "delta": 49.857132}}
{"target": 74.02702004658089, "params": {"h": 33.0, "p": 295.0, "r": 55.0}, "datetime": {"datetime": "2024-05-20 02:22:09", "elapsed": 2230.027607, "delta": 18.784509}}
{"target": 134.54228242687236, "params": {"h": 24.0, "p": 286.0, "r": 43.0}, "datetime": {"datetime": "2024-05-20 02:22:32", "elapsed": 2252.41045, "delta": 22.382843}}
{"target": 3.285240411857404, "params": {"h": 23.0, "p": 564.0, "r": 150.0}, "datetime": {"datetime": "2024-05-20 02:23:01", "elapsed": 2281.499071, "delta": 29.088621}}
{"target": 0.03331645507513615, "params": {"h": 16.0, "p": 842.0, "r": 16.0}, "datetime": {"datetime": "2024-05-20 02:24:02", "elapsed": 2342.380212, "delta": 60.881141}}
{"target": 7.636907237792037, "params": {"h": 26.0, "p": 384.0, "r": 147.0}, "datetime": {"datetime": "2024-05-20 02:24:20", "elapsed": 2360.371479, "delta": 17.991267}}
{"target": 0.0, "params": {"h": 16.0, "p": 186.0, "r": 75.0}, "datetime": {"datetime": "2024-05-20 02:24:20", "elapsed": 2360.861398, "delta": 0.489919}}
{"target": 0.07873941533763773, "params": {"h": 59.0, "p": 458.0, "r": 15.0}, "datetime": {"datetime": "2024-05-20 02:25:44", "elapsed": 2444.182594, "delta": 83.321196}}
{"target": 129.4088330791067, "params": {"h": 26.0, "p": 285.0, "r": 45.0}, "datetime": {"datetime": "2024-05-20 02:26:06", "elapsed": 2466.44228, "delta": 22.259686}}
{"target": 0.0835793131099016, "params": {"h": 16.0, "p": 613.0, "r": 17.0}, "datetime": {"datetime": "2024-05-20 02:26:56", "elapsed": 2517.11673, "delta": 50.67445}}
{"target": 1.6013866978424776, "params": {"h": 49.0, "p": 815.0, "r": 150.0}, "datetime": {"datetime": "2024-05-20 02:27:35", "elapsed": 2555.459323, "delta": 38.342593}}
{"target": 0.04126937152656222, "params": {"h": 59.0, "p": 769.0, "r": 17.0}, "datetime": {"datetime": "2024-05-20 02:29:01", "elapsed": 2641.281677, "delta": 85.822354}}
{"target": 3.919435709967367, "params": {"h": 15.0, "p": 302.0, "r": 25.0}, "datetime": {"datetime": "2024-05-20 02:29:29", "elapsed": 2670.042393, "delta": 28.760716}}
{"target": 0.47782202097075765, "params": {"h": 58.0, "p": 199.0, "r": 16.0}, "datetime": {"datetime": "2024-05-20 02:30:26", "elapsed": 2726.926774, "delta": 56.884381}}
{"target": 66.93936623244069, "params": {"h": 58.0, "p": 341.0, "r": 47.0}, "datetime": {"datetime": "2024-05-20 02:30:57", "elapsed": 2757.684111, "delta": 30.757337}}
{"target": 74.42312690578548, "params": {"h": 56.0, "p": 346.0, "r": 54.0}, "datetime": {"datetime": "2024-05-20 02:31:23", "elapsed": 2783.772403, "delta": 26.088292}}
{"target": 1.3445482367401367, "params": {"h": 19.0, "p": 1000.0, "r": 50.0}, "datetime": {"datetime": "2024-05-20 02:32:42", "elapsed": 2862.713937, "delta": 78.941534}}
{"target": 2.6338889243836814, "params": {"h": 59.0, "p": 543.0, "r": 92.0}, "datetime": {"datetime": "2024-05-20 02:33:10", "elapsed": 2890.233696, "delta": 27.519759}}
{"target": 3.0654256549016337, "params": {"h": 16.0, "p": 642.0, "r": 149.0}, "datetime": {"datetime": "2024-05-20 02:34:00", "elapsed": 2940.484317, "delta": 50.250621}}
{"target": 40.23011660639376, "params": {"h": 57.0, "p": 300.0, "r": 73.0}, "datetime": {"datetime": "2024-05-20 02:34:18", "elapsed": 2958.924698, "delta": 18.440381}}
{"target": 51.69098256294547, "params": {"h": 59.0, "p": 306.0, "r": 50.0}, "datetime": {"datetime": "2024-05-20 02:34:45", "elapsed": 2985.938764, "delta": 27.014066}}
{"target": 105.1457638649359, "params": {"h": 60.0, "p": 340.0, "r": 53.0}, "datetime": {"datetime": "2024-05-20 02:35:11", "elapsed": 3011.726863, "delta": 25.788099}}
{"target": 1.6106954469551222, "params": {"h": 58.0, "p": 851.0, "r": 71.0}, "datetime": {"datetime": "2024-05-20 02:36:07", "elapsed": 3067.639351, "delta": 55.912488}}
{"target": 1.0790578787845102, "params": {"h": 58.0, "p": 939.0, "r": 86.0}, "datetime": {"datetime": "2024-05-20 02:37:07", "elapsed": 3128.110401, "delta": 60.47105}}
{"target": 2.9981856456990483, "params": {"h": 20.0, "p": 469.0, "r": 69.0}, "datetime": {"datetime": "2024-05-20 02:37:32", "elapsed": 3153.104083, "delta": 24.993682}}
{"target": 150.18046565753215, "params": {"h": 23.0, "p": 290.0, "r": 43.0}, "datetime": {"datetime": "2024-05-20 02:37:55", "elapsed": 3175.308413, "delta": 22.20433}}
{"target": 0.0, "params": {"h": 55.0, "p": 133.0, "r": 94.0}, "datetime": {"datetime": "2024-05-20 02:37:55", "elapsed": 3175.897771, "delta": 0.589358}}
{"target": 1.8193058990214006, "params": {"h": 57.0, "p": 720.0, "r": 98.0}, "datetime": {"datetime": "2024-05-20 02:38:34", "elapsed": 3214.463869, "delta": 38.566098}}
{"target": 1.284461271831575, "params": {"h": 17.0, "p": 946.0, "r": 149.0}, "datetime": {"datetime": "2024-05-20 02:39:52", "elapsed": 3292.509143, "delta": 78.045274}}
{"target": 0.0, "params": {"h": 15.0, "p": 258.0, "r": 147.0}, "datetime": {"datetime": "2024-05-20 02:39:53", "elapsed": 3293.293225, "delta": 0.784082}}
{"target": 4.770965825886681, "params": {"h": 59.0, "p": 412.0, "r": 96.0}, "datetime": {"datetime": "2024-05-20 02:40:14", "elapsed": 3314.376203, "delta": 21.082978}}
{"target": 47.1645542482855, "params": {"h": 27.0, "p": 261.0, "r": 59.0}, "datetime": {"datetime": "2024-05-20 02:40:32", "elapsed": 3332.501064, "delta": 18.124861}}
{"target": 1.6894943040792096, "params": {"h": 18.0, "p": 588.0, "r": 87.0}, "datetime": {"datetime": "2024-05-20 02:41:00", "elapsed": 3360.617227, "delta": 28.116163}}
{"target": 0.0, "params": {"h": 57.0, "p": 329.0, "r": 149.0}, "datetime": {"datetime": "2024-05-20 02:41:01", "elapsed": 3361.22971, "delta": 0.612483}}
{"target": 0.12849323089224698, "params": {"h": 60.0, "p": 574.0, "r": 20.0}, "datetime": {"datetime": "2024-05-20 02:42:13", "elapsed": 3433.354763, "delta": 72.125053}}
{"target": 0.9773022549114027, "params": {"h": 19.0, "p": 895.0, "r": 60.0}, "datetime": {"datetime": "2024-05-20 02:43:11", "elapsed": 3492.0531, "delta": 58.698337}}
{"target": 0.0, "params": {"h": 18.0, "p": 160.0, "r": 141.0}, "datetime": {"datetime": "2024-05-20 02:43:12", "elapsed": 3492.720938, "delta": 0.667838}}
{"target": 4.0340218347740695, "params": {"h": 59.0, "p": 755.0, "r": 145.0}, "datetime": {"datetime": "2024-05-20 02:43:47", "elapsed": 3528.016931, "delta": 35.295993}}
{"target": 0.0, "params": {"h": 58.0, "p": 225.0, "r": 96.0}, "datetime": {"datetime": "2024-05-20 02:43:48", "elapsed": 3528.901211, "delta": 0.88428}}
