{"target": 0.9782541186715524, "params": {"h": 26.0, "p": 886.0, "r": 122.0}, "datetime": {"datetime": "2024-05-08 16:24:19", "elapsed": 0.0, "delta": 0.0}}
{"target": 10.782344652297793, "params": {"h": 46.0, "p": 117.0, "r": 30.0}, "datetime": {"datetime": "2024-05-08 16:24:41", "elapsed": 22.433939, "delta": 22.433939}}
{"target": 0.05594334002228643, "params": {"h": 35.0, "p": 934.0, "r": 21.0}, "datetime": {"datetime": "2024-05-08 16:25:53", "elapsed": 94.120684, "delta": 71.686745}}
{"target": 0.0, "params": {"h": 51.0, "p": 207.0, "r": 150.0}, "datetime": {"datetime": "2024-05-08 16:25:53", "elapsed": 94.121684, "delta": 0.001}}
{"target": 2.432619854450955, "params": {"h": 56.0, "p": 637.0, "r": 86.0}, "datetime": {"datetime": "2024-05-08 16:26:24", "elapsed": 124.97062, "delta": 30.848936}}
{"target": 6.349105676605444, "params": {"h": 50.0, "p": 472.0, "r": 129.0}, "datetime": {"datetime": "2024-05-08 16:26:42", "elapsed": 143.136161, "delta": 18.165541}}
{"target": 1.3434948608381172, "params": {"h": 32.0, "p": 782.0, "r": 82.0}, "datetime": {"datetime": "2024-05-08 16:27:22", "elapsed": 183.104684, "delta": 39.968523}}
{"target": 11.560509187030299, "params": {"h": 23.0, "p": 310.0, "r": 101.0}, "datetime": {"datetime": "2024-05-08 16:27:37", "elapsed": 197.51322, "delta": 14.408536}}
{"target": 4.060072671645393, "params": {"h": 39.0, "p": 695.0, "r": 42.0}, "datetime": {"datetime": "2024-05-08 16:28:17", "elapsed": 238.025607, "delta": 40.512387}}
{"target": 2.8314280832036958, "params": {"h": 15.0, "p": 398.0, "r": 60.0}, "datetime": {"datetime": "2024-05-08 16:28:38", "elapsed": 258.748751, "delta": 20.723144}}
{"target": 12.184175829000004, "params": {"h": 24.0, "p": 307.0, "r": 99.0}, "datetime": {"datetime": "2024-05-08 16:28:52", "elapsed": 272.785249, "delta": 14.036498}}
{"target": 15.298192887962074, "params": {"h": 27.0, "p": 296.0, "r": 88.0}, "datetime": {"datetime": "2024-05-08 16:29:06", "elapsed": 287.11647, "delta": 14.331221}}
{"target": 24.087012464784664, "params": {"h": 29.0, "p": 286.0, "r": 71.0}, "datetime": {"datetime": "2024-05-08 16:29:21", "elapsed": 302.386883, "delta": 15.270413}}
{"target": 42.45765373876275, "params": {"h": 30.0, "p": 281.0, "r": 61.0}, "datetime": {"datetime": "2024-05-08 16:29:40", "elapsed": 321.066471, "delta": 18.679588}}
{"target": 77.13523148706923, "params": {"h": 32.0, "p": 280.0, "r": 55.0}, "datetime": {"datetime": "2024-05-08 16:29:59", "elapsed": 340.327554, "delta": 19.261083}}
{"target": 87.45021997229688, "params": {"h": 34.0, "p": 281.0, "r": 54.0}, "datetime": {"datetime": "2024-05-08 16:30:17", "elapsed": 358.10379, "delta": 17.776236}}
{"target": 92.27041652446364, "params": {"h": 36.0, "p": 281.0, "r": 51.0}, "datetime": {"datetime": "2024-05-08 16:30:38", "elapsed": 378.872657, "delta": 20.768867}}
{"target": 83.29398152053615, "params": {"h": 40.0, "p": 280.0, "r": 54.0}, "datetime": {"datetime": "2024-05-08 16:30:57", "elapsed": 398.377807, "delta": 19.50515}}
{"target": 95.47283883523478, "params": {"h": 36.0, "p": 287.0, "r": 50.0}, "datetime": {"datetime": "2024-05-08 16:31:19", "elapsed": 420.349567, "delta": 21.97176}}
{"target": 87.80254554743841, "params": {"h": 30.0, "p": 287.0, "r": 45.0}, "datetime": {"datetime": "2024-05-08 16:31:40", "elapsed": 440.682432, "delta": 20.332865}}
{"target": 100.51080466300775, "params": {"h": 35.0, "p": 302.0, "r": 48.0}, "datetime": {"datetime": "2024-05-08 16:32:01", "elapsed": 462.22005, "delta": 21.537618}}
{"target": 16.544156663986556, "params": {"h": 39.0, "p": 305.0, "r": 40.0}, "datetime": {"datetime": "2024-05-08 16:32:26", "elapsed": 487.482932, "delta": 25.262882}}
{"target": 94.55079403345322, "params": {"h": 32.0, "p": 300.0, "r": 52.0}, "datetime": {"datetime": "2024-05-08 16:32:46", "elapsed": 507.084712, "delta": 19.60178}}
{"target": 86.17954435252747, "params": {"h": 38.0, "p": 296.0, "r": 55.0}, "datetime": {"datetime": "2024-05-08 16:33:06", "elapsed": 527.07825, "delta": 19.993538}}
{"target": 74.54690128521666, "params": {"h": 32.0, "p": 313.0, "r": 53.0}, "datetime": {"datetime": "2024-05-08 16:33:27", "elapsed": 547.866009, "delta": 20.787759}}
{"target": 94.70188852603553, "params": {"h": 35.0, "p": 297.0, "r": 48.0}, "datetime": {"datetime": "2024-05-08 16:33:49", "elapsed": 570.160616, "delta": 22.294607}}
{"target": 89.45471461320675, "params": {"h": 42.0, "p": 306.0, "r": 55.0}, "datetime": {"datetime": "2024-05-08 16:34:09", "elapsed": 590.461785, "delta": 20.301169}}
{"target": 10.382979630125993, "params": {"h": 26.0, "p": 270.0, "r": 34.0}, "datetime": {"datetime": "2024-05-08 16:34:31", "elapsed": 612.190331, "delta": 21.728546}}
{"target": 90.74451863497083, "params": {"h": 37.0, "p": 302.0, "r": 54.0}, "datetime": {"datetime": "2024-05-08 16:34:51", "elapsed": 632.077447, "delta": 19.887116}}
{"target": 58.27007424870585, "params": {"h": 57.0, "p": 308.0, "r": 64.0}, "datetime": {"datetime": "2024-05-08 16:35:11", "elapsed": 652.125126, "delta": 20.047679}}
{"target": 74.65750170012576, "params": {"h": 23.0, "p": 304.0, "r": 47.0}, "datetime": {"datetime": "2024-05-08 16:35:31", "elapsed": 672.035613, "delta": 19.910487}}
{"target": 32.33764840261443, "params": {"h": 45.0, "p": 330.0, "r": 64.0}, "datetime": {"datetime": "2024-05-08 16:35:51", "elapsed": 691.497132, "delta": 19.461519}}
{"target": 74.65828226120567, "params": {"h": 52.0, "p": 291.0, "r": 56.0}, "datetime": {"datetime": "2024-05-08 16:36:11", "elapsed": 712.45569, "delta": 20.958558}}
{"target": 0.05256277634370117, "params": {"h": 25.0, "p": 524.0, "r": 15.0}, "datetime": {"datetime": "2024-05-08 16:37:03", "elapsed": 764.08107, "delta": 51.62538}}
{"target": 1.2294475543114562, "params": {"h": 55.0, "p": 1000.0, "r": 146.0}, "datetime": {"datetime": "2024-05-08 16:38:02", "elapsed": 823.376004, "delta": 59.294934}}
{"target": 113.1178200796488, "params": {"h": 34.0, "p": 302.0, "r": 50.0}, "datetime": {"datetime": "2024-05-08 16:38:25", "elapsed": 845.744077, "delta": 22.368073}}
{"target": 14.310396783486096, "params": {"h": 49.0, "p": 286.0, "r": 41.0}, "datetime": {"datetime": "2024-05-08 16:38:51", "elapsed": 871.959531, "delta": 26.215454}}
{"target": 46.584343642489124, "params": {"h": 52.0, "p": 285.0, "r": 69.0}, "datetime": {"datetime": "2024-05-08 16:39:07", "elapsed": 888.336675, "delta": 16.377144}}
{"target": 69.20165339761222, "params": {"h": 16.0, "p": 294.0, "r": 39.0}, "datetime": {"datetime": "2024-05-08 16:39:27", "elapsed": 908.415618, "delta": 20.078943}}
{"target": 85.86648416176473, "params": {"h": 47.0, "p": 299.0, "r": 54.0}, "datetime": {"datetime": "2024-05-08 16:39:50", "elapsed": 930.93342, "delta": 22.517802}}
{"target": 8.484504558204096, "params": {"h": 16.0, "p": 310.0, "r": 28.0}, "datetime": {"datetime": "2024-05-08 16:40:14", "elapsed": 955.353803, "delta": 24.420383}}
{"target": 40.22449856930898, "params": {"h": 19.0, "p": 285.0, "r": 47.0}, "datetime": {"datetime": "2024-05-08 16:40:32", "elapsed": 973.368278, "delta": 18.014475}}
{"target": 62.63134104932301, "params": {"h": 44.0, "p": 262.0, "r": 59.0}, "datetime": {"datetime": "2024-05-08 16:40:51", "elapsed": 991.87136, "delta": 18.503082}}
{"target": 114.03607768395833, "params": {"h": 35.0, "p": 306.0, "r": 50.0}, "datetime": {"datetime": "2024-05-08 16:41:12", "elapsed": 1012.630462, "delta": 20.759102}}
{"target": 44.143436635528, "params": {"h": 53.0, "p": 244.0, "r": 64.0}, "datetime": {"datetime": "2024-05-08 16:41:28", "elapsed": 1029.109518, "delta": 16.479056}}
{"target": 114.65671276815625, "params": {"h": 33.0, "p": 304.0, "r": 50.0}, "datetime": {"datetime": "2024-05-08 16:41:49", "elapsed": 1050.121407, "delta": 21.011889}}
{"target": 0.0, "params": {"h": 26.0, "p": 101.0, "r": 143.0}, "datetime": {"datetime": "2024-05-08 16:41:50", "elapsed": 1050.578411, "delta": 0.457004}}
{"target": 2.3209397318980884, "params": {"h": 21.0, "p": 709.0, "r": 149.0}, "datetime": {"datetime": "2024-05-08 16:42:28", "elapsed": 1089.017884, "delta": 38.439473}}
{"target": 3.190461382489347, "params": {"h": 16.0, "p": 559.0, "r": 142.0}, "datetime": {"datetime": "2024-05-08 16:43:06", "elapsed": 1127.110749, "delta": 38.092865}}
{"target": 31.32467851946551, "params": {"h": 28.0, "p": 247.0, "r": 71.0}, "datetime": {"datetime": "2024-05-08 16:43:20", "elapsed": 1140.956793, "delta": 13.846044}}
{"target": 0.04081889367535204, "params": {"h": 57.0, "p": 842.0, "r": 18.0}, "datetime": {"datetime": "2024-05-08 16:44:44", "elapsed": 1224.513166, "delta": 83.556373}}
{"target": 78.31664257127564, "params": {"h": 50.0, "p": 311.0, "r": 51.0}, "datetime": {"datetime": "2024-05-08 16:45:07", "elapsed": 1247.760878, "delta": 23.247712}}
{"target": 11.255207091081335, "params": {"h": 44.0, "p": 381.0, "r": 149.0}, "datetime": {"datetime": "2024-05-08 16:45:20", "elapsed": 1260.985781, "delta": 13.224903}}
{"target": 0.07396975371336786, "params": {"h": 18.0, "p": 613.0, "r": 17.0}, "datetime": {"datetime": "2024-05-08 16:46:04", "elapsed": 1304.766102, "delta": 43.780321}}
{"target": 95.85125084888875, "params": {"h": 33.0, "p": 305.0, "r": 52.0}, "datetime": {"datetime": "2024-05-08 16:46:23", "elapsed": 1324.339169, "delta": 19.573067}}
{"target": 124.79120217128924, "params": {"h": 31.0, "p": 308.0, "r": 47.0}, "datetime": {"datetime": "2024-05-08 16:46:44", "elapsed": 1344.73284, "delta": 20.393671}}
{"target": 118.63944170644544, "params": {"h": 31.0, "p": 310.0, "r": 46.0}, "datetime": {"datetime": "2024-05-08 16:47:06", "elapsed": 1366.975398, "delta": 22.242558}}
{"target": 62.074916979991706, "params": {"h": 41.0, "p": 321.0, "r": 46.0}, "datetime": {"datetime": "2024-05-08 16:47:30", "elapsed": 1390.991789, "delta": 24.016391}}
{"target": 0.571862303166994, "params": {"h": 17.0, "p": 998.0, "r": 71.0}, "datetime": {"datetime": "2024-05-08 16:48:30", "elapsed": 1450.781946, "delta": 59.790157}}
{"target": 0.0, "params": {"h": 16.0, "p": 172.0, "r": 81.0}, "datetime": {"datetime": "2024-05-08 16:48:30", "elapsed": 1451.351667, "delta": 0.569721}}
{"target": 1.7504516048569345, "params": {"h": 57.0, "p": 807.0, "r": 150.0}, "datetime": {"datetime": "2024-05-08 16:49:06", "elapsed": 1487.132517, "delta": 35.78085}}
{"target": 0.07917542425587935, "params": {"h": 57.0, "p": 448.0, "r": 15.0}, "datetime": {"datetime": "2024-05-08 16:50:11", "elapsed": 1551.813553, "delta": 64.681036}}
{"target": 18.36542555713118, "params": {"h": 59.0, "p": 255.0, "r": 44.0}, "datetime": {"datetime": "2024-05-08 16:50:35", "elapsed": 1575.633789, "delta": 23.820236}}
{"target": 3.0786278217355214, "params": {"h": 58.0, "p": 559.0, "r": 77.0}, "datetime": {"datetime": "2024-05-08 16:51:03", "elapsed": 1603.864061, "delta": 28.230272}}
{"target": 134.4431350777308, "params": {"h": 28.0, "p": 309.0, "r": 45.0}, "datetime": {"datetime": "2024-05-08 16:51:23", "elapsed": 1624.383944, "delta": 20.519883}}
{"target": 152.34338163854756, "params": {"h": 23.0, "p": 313.0, "r": 43.0}, "datetime": {"datetime": "2024-05-08 16:51:44", "elapsed": 1644.864089, "delta": 20.480145}}
{"target": 37.76897943478434, "params": {"h": 18.0, "p": 318.0, "r": 43.0}, "datetime": {"datetime": "2024-05-08 16:52:03", "elapsed": 1663.519579, "delta": 18.65549}}
{"target": 111.1375512826006, "params": {"h": 21.0, "p": 310.0, "r": 43.0}, "datetime": {"datetime": "2024-05-08 16:52:23", "elapsed": 1683.790769, "delta": 20.27119}}
{"target": 133.13290778329517, "params": {"h": 26.0, "p": 311.0, "r": 43.0}, "datetime": {"datetime": "2024-05-08 16:52:44", "elapsed": 1704.98687, "delta": 21.196101}}
{"target": 114.36385711019908, "params": {"h": 31.0, "p": 320.0, "r": 45.0}, "datetime": {"datetime": "2024-05-08 16:53:06", "elapsed": 1727.157003, "delta": 22.170133}}
{"target": 55.85377286858504, "params": {"h": 26.0, "p": 319.0, "r": 50.0}, "datetime": {"datetime": "2024-05-08 16:53:25", "elapsed": 1746.465516, "delta": 19.308513}}
{"target": 145.0245258115577, "params": {"h": 24.0, "p": 314.0, "r": 44.0}, "datetime": {"datetime": "2024-05-08 16:53:46", "elapsed": 1766.78512, "delta": 20.319604}}
{"target": 33.59936653830072, "params": {"h": 31.0, "p": 329.0, "r": 40.0}, "datetime": {"datetime": "2024-05-08 16:54:12", "elapsed": 1792.867896, "delta": 26.082776}}
{"target": 9.757823547590881, "params": {"h": 26.0, "p": 319.0, "r": 34.0}, "datetime": {"datetime": "2024-05-08 16:54:36", "elapsed": 1816.626562, "delta": 23.758666}}
{"target": 58.10976519739752, "params": {"h": 57.0, "p": 301.0, "r": 51.0}, "datetime": {"datetime": "2024-05-08 16:54:58", "elapsed": 1838.911283, "delta": 22.284721}}
{"target": 0.05119122261090729, "params": {"h": 59.0, "p": 761.0, "r": 18.0}, "datetime": {"datetime": "2024-05-08 16:56:11", "elapsed": 1912.12424, "delta": 73.212957}}
{"target": 47.70327162159281, "params": {"h": 47.0, "p": 298.0, "r": 66.0}, "datetime": {"datetime": "2024-05-08 16:56:29", "elapsed": 1930.038396, "delta": 17.914156}}
{"target": 32.72805159680816, "params": {"h": 60.0, "p": 321.0, "r": 46.0}, "datetime": {"datetime": "2024-05-08 16:56:55", "elapsed": 1955.572078, "delta": 25.533682}}
{"target": 0.8044443939753162, "params": {"h": 60.0, "p": 187.0, "r": 18.0}, "datetime": {"datetime": "2024-05-08 16:57:40", "elapsed": 2001.2124, "delta": 45.640322}}
{"target": 36.73389284415736, "params": {"h": 55.0, "p": 264.0, "r": 76.0}, "datetime": {"datetime": "2024-05-08 16:57:56", "elapsed": 2016.884234, "delta": 15.671834}}
{"target": 2.6646984715211572, "params": {"h": 23.0, "p": 639.0, "r": 149.0}, "datetime": {"datetime": "2024-05-08 16:58:25", "elapsed": 2046.278728, "delta": 29.394494}}
{"target": 0.9836695606909277, "params": {"h": 57.0, "p": 948.0, "r": 95.0}, "datetime": {"datetime": "2024-05-08 16:59:18", "elapsed": 2098.776246, "delta": 52.497518}}
{"target": 2.995885313874372, "params": {"h": 21.0, "p": 480.0, "r": 70.0}, "datetime": {"datetime": "2024-05-08 16:59:39", "elapsed": 2119.939752, "delta": 21.163506}}
{"target": 99.45774076557248, "params": {"h": 25.0, "p": 310.0, "r": 47.0}, "datetime": {"datetime": "2024-05-08 16:59:58", "elapsed": 2139.390574, "delta": 19.450822}}
{"target": 109.00594418029948, "params": {"h": 28.0, "p": 302.0, "r": 44.0}, "datetime": {"datetime": "2024-05-08 17:00:19", "elapsed": 2160.453509, "delta": 21.062935}}
{"target": 0.03509961659685964, "params": {"h": 57.0, "p": 998.0, "r": 19.0}, "datetime": {"datetime": "2024-05-08 17:02:00", "elapsed": 2261.291004, "delta": 100.837495}}
{"target": 0.0, "params": {"h": 18.0, "p": 265.0, "r": 149.0}, "datetime": {"datetime": "2024-05-08 17:02:01", "elapsed": 2261.787154, "delta": 0.49615}}
{"target": 0.9125814881127703, "params": {"h": 16.0, "p": 877.0, "r": 54.0}, "datetime": {"datetime": "2024-05-08 17:02:46", "elapsed": 2307.455139, "delta": 45.667985}}
{"target": 117.29971073913893, "params": {"h": 23.0, "p": 315.0, "r": 40.0}, "datetime": {"datetime": "2024-05-08 17:03:09", "elapsed": 2330.166515, "delta": 22.711376}}
{"target": 7.404412932727521, "params": {"h": 30.0, "p": 293.0, "r": 34.0}, "datetime": {"datetime": "2024-05-08 17:03:33", "elapsed": 2353.580422, "delta": 23.413907}}
{"target": 1.3220142597559075, "params": {"h": 16.0, "p": 947.0, "r": 148.0}, "datetime": {"datetime": "2024-05-08 17:04:42", "elapsed": 2423.438814, "delta": 69.858392}}
{"target": 51.93877564598517, "params": {"h": 38.0, "p": 268.0, "r": 47.0}, "datetime": {"datetime": "2024-05-08 17:05:03", "elapsed": 2443.638327, "delta": 20.199513}}
{"target": 1.8202085732797062, "params": {"h": 57.0, "p": 723.0, "r": 97.0}, "datetime": {"datetime": "2024-05-08 17:05:37", "elapsed": 2477.687229, "delta": 34.048902}}
{"target": 1.353625187452899, "params": {"h": 59.0, "p": 840.0, "r": 82.0}, "datetime": {"datetime": "2024-05-08 17:06:18", "elapsed": 2519.423003, "delta": 41.735774}}
{"target": 52.564134598234496, "params": {"h": 44.0, "p": 315.0, "r": 61.0}, "datetime": {"datetime": "2024-05-08 17:06:39", "elapsed": 2540.317549, "delta": 20.894546}}
{"target": 0.0, "params": {"h": 58.0, "p": 119.0, "r": 92.0}, "datetime": {"datetime": "2024-05-08 17:06:40", "elapsed": 2540.870567, "delta": 0.553018}}
{"target": 4.725591050389698, "params": {"h": 60.0, "p": 417.0, "r": 94.0}, "datetime": {"datetime": "2024-05-08 17:06:58", "elapsed": 2558.977635, "delta": 18.107068}}
{"target": 0.16301652221009705, "params": {"h": 50.0, "p": 380.0, "r": 17.0}, "datetime": {"datetime": "2024-05-08 17:07:49", "elapsed": 2609.853835, "delta": 50.8762}}
{"target": 0.0, "params": {"h": 60.0, "p": 304.0, "r": 148.0}, "datetime": {"datetime": "2024-05-08 17:07:49", "elapsed": 2610.338048, "delta": 0.484213}}
{"target": 0.12371528278985726, "params": {"h": 15.0, "p": 801.0, "r": 20.0}, "datetime": {"datetime": "2024-05-08 17:08:39", "elapsed": 2660.021999, "delta": 49.683951}}
{"target": 65.21556341040157, "params": {"h": 52.0, "p": 277.0, "r": 57.0}, "datetime": {"datetime": "2024-05-08 17:09:00", "elapsed": 2680.575347, "delta": 20.553348}}
{"target": 79.57200054862253, "params": {"h": 29.0, "p": 307.0, "r": 43.0}, "datetime": {"datetime": "2024-05-08 17:09:21", "elapsed": 2702.23255, "delta": 21.657203}}
{"target": 135.64800810761608, "params": {"h": 27.0, "p": 297.0, "r": 46.0}, "datetime": {"datetime": "2024-05-08 17:09:43", "elapsed": 2723.495104, "delta": 21.262554}}
{"target": 147.93940891663286, "params": {"h": 24.0, "p": 297.0, "r": 44.0}, "datetime": {"datetime": "2024-05-08 17:10:03", "elapsed": 2743.524611, "delta": 20.029507}}
{"target": 137.76791838892424, "params": {"h": 26.0, "p": 315.0, "r": 43.0}, "datetime": {"datetime": "2024-05-08 17:10:23", "elapsed": 2763.902428, "delta": 20.377817}}
{"target": 112.12649136104173, "params": {"h": 27.0, "p": 293.0, "r": 44.0}, "datetime": {"datetime": "2024-05-08 17:10:43", "elapsed": 2784.034212, "delta": 20.131784}}
{"target": 0.0, "params": {"h": 15.0, "p": 157.0, "r": 150.0}, "datetime": {"datetime": "2024-05-08 17:10:43", "elapsed": 2784.45005, "delta": 0.415838}}
{"target": 35.93171991544745, "params": {"h": 24.0, "p": 296.0, "r": 54.0}, "datetime": {"datetime": "2024-05-08 17:11:02", "elapsed": 2803.420234, "delta": 18.970184}}
{"target": 160.75727164067445, "params": {"h": 22.0, "p": 300.0, "r": 42.0}, "datetime": {"datetime": "2024-05-08 17:11:23", "elapsed": 2824.18481, "delta": 20.764576}}
{"target": 128.41073095140513, "params": {"h": 21.0, "p": 300.0, "r": 39.0}, "datetime": {"datetime": "2024-05-08 17:11:44", "elapsed": 2844.672465, "delta": 20.487655}}
{"target": 1.7848308087077664, "params": {"h": 16.0, "p": 766.0, "r": 140.0}, "datetime": {"datetime": "2024-05-08 17:12:29", "elapsed": 2890.126747, "delta": 45.454282}}
{"target": 154.8328828612001, "params": {"h": 23.0, "p": 300.0, "r": 43.0}, "datetime": {"datetime": "2024-05-08 17:12:50", "elapsed": 2910.492159, "delta": 20.365412}}
{"target": 2.6707581841422683, "params": {"h": 60.0, "p": 600.0, "r": 128.0}, "datetime": {"datetime": "2024-05-08 17:13:12", "elapsed": 2933.291509, "delta": 22.79935}}
{"target": 1.3070481262536102, "params": {"h": 16.0, "p": 680.0, "r": 93.0}, "datetime": {"datetime": "2024-05-08 17:13:45", "elapsed": 2966.403725, "delta": 33.112216}}
{"target": 0.151983003218676, "params": {"h": 59.0, "p": 574.0, "r": 21.0}, "datetime": {"datetime": "2024-05-08 17:14:42", "elapsed": 3023.046207, "delta": 56.642482}}
{"target": 0.9767134652074827, "params": {"h": 15.0, "p": 833.0, "r": 123.0}, "datetime": {"datetime": "2024-05-08 17:15:35", "elapsed": 3076.326603, "delta": 53.280396}}
{"target": 7.251585457187, "params": {"h": 16.0, "p": 429.0, "r": 150.0}, "datetime": {"datetime": "2024-05-08 17:16:07", "elapsed": 3108.376258, "delta": 32.049655}}
{"target": 1.4182248686515684, "params": {"h": 15.0, "p": 597.0, "r": 75.0}, "datetime": {"datetime": "2024-05-08 17:16:34", "elapsed": 3134.68889, "delta": 26.312632}}
{"target": 11.014583528097182, "params": {"h": 60.0, "p": 523.0, "r": 134.0}, "datetime": {"datetime": "2024-05-08 17:16:53", "elapsed": 3154.265918, "delta": 19.577028}}
{"target": 33.744072118437984, "params": {"h": 19.0, "p": 297.0, "r": 47.0}, "datetime": {"datetime": "2024-05-08 17:17:11", "elapsed": 3172.350263, "delta": 18.084345}}
{"target": 28.89704286565057, "params": {"h": 59.0, "p": 308.0, "r": 84.0}, "datetime": {"datetime": "2024-05-08 17:17:27", "elapsed": 3188.455861, "delta": 16.105598}}
{"target": 0.0, "params": {"h": 57.0, "p": 208.0, "r": 93.0}, "datetime": {"datetime": "2024-05-08 17:17:28", "elapsed": 3189.09662, "delta": 0.640759}}
{"target": 150.44607308847316, "params": {"h": 21.0, "p": 297.0, "r": 42.0}, "datetime": {"datetime": "2024-05-08 17:17:48", "elapsed": 3209.194999, "delta": 20.098379}}
{"target": 0.06962095548266135, "params": {"h": 60.0, "p": 652.0, "r": 18.0}, "datetime": {"datetime": "2024-05-08 17:18:57", "elapsed": 3278.398442, "delta": 69.203443}}
{"target": 4.375510857212035, "params": {"h": 17.0, "p": 367.0, "r": 104.0}, "datetime": {"datetime": "2024-05-08 17:19:18", "elapsed": 3299.23153, "delta": 20.833088}}
{"target": 8.977579288213406, "params": {"h": 15.0, "p": 217.0, "r": 26.0}, "datetime": {"datetime": "2024-05-08 17:19:39", "elapsed": 3320.230465, "delta": 20.998935}}
{"target": 2.5490170776062944, "params": {"h": 19.0, "p": 524.0, "r": 101.0}, "datetime": {"datetime": "2024-05-08 17:20:04", "elapsed": 3344.581413, "delta": 24.350948}}
{"target": 2.430667697473649, "params": {"h": 59.0, "p": 675.0, "r": 132.0}, "datetime": {"datetime": "2024-05-08 17:20:34", "elapsed": 3374.897414, "delta": 30.316001}}
{"target": 98.33961850282063, "params": {"h": 23.0, "p": 299.0, "r": 40.0}, "datetime": {"datetime": "2024-05-08 17:20:55", "elapsed": 3395.756202, "delta": 20.858788}}
{"target": 89.07486917515764, "params": {"h": 32.0, "p": 290.0, "r": 53.0}, "datetime": {"datetime": "2024-05-08 17:21:13", "elapsed": 3413.914084, "delta": 18.157882}}
