{"target": 0.0, "params": {"h": 30.0, "p": 293.0, "r": 126.0}, "datetime": {"datetime": "2024-05-12 01:49:52", "elapsed": 1759.702279, "delta": 0.390647}}
{"target": 86.48019545330364, "params": {"h": 27.0, "p": 303.0, "r": 123.0}, "datetime": {"datetime": "2024-05-12 01:50:03", "elapsed": 1770.834412, "delta": 11.132133}}
{"target": 0.0, "params": {"h": 37.0, "p": 313.0, "r": 132.0}, "datetime": {"datetime": "2024-05-12 01:50:04", "elapsed": 1771.209433, "delta": 0.375021}}
{"target": 61.82667902865879, "params": {"h": 25.0, "p": 299.0, "r": 121.0}, "datetime": {"datetime": "2024-05-12 01:50:15", "elapsed": 1783.137547, "delta": 11.928114}}
{"target": 0.0, "params": {"h": 27.0, "p": 293.0, "r": 123.0}, "datetime": {"datetime": "2024-05-12 01:50:16", "elapsed": 1783.496941, "delta": 0.359394}}
{"target": 64.32505083970425, "params": {"h": 30.0, "p": 304.0, "r": 127.0}, "datetime": {"datetime": "2024-05-12 01:50:27", "elapsed": 1794.675556, "delta": 11.178615}}
{"target": 97.8668597602473, "params": {"h": 27.0, "p": 299.0, "r": 123.0}, "datetime": {"datetime": "2024-05-12 01:50:39", "elapsed": 1806.710299, "delta": 12.034743}}
{"target": 53.08345329050204, "params": {"h": 23.0, "p": 298.0, "r": 118.0}, "datetime": {"datetime": "2024-05-12 01:50:52", "elapsed": 1819.418947, "delta": 12.708648}}
{"target": 59.31481852995384, "params": {"h": 31.0, "p": 317.0, "r": 128.0}, "datetime": {"datetime": "2024-05-12 01:51:04", "elapsed": 1831.908849, "delta": 12.489902}}
{"target": 74.2011132502911, "params": {"h": 28.0, "p": 317.0, "r": 123.0}, "datetime": {"datetime": "2024-05-12 01:51:16", "elapsed": 1844.087314, "delta": 12.178465}}
{"target": 20.61377017167522, "params": {"h": 24.0, "p": 313.0, "r": 125.0}, "datetime": {"datetime": "2024-05-12 01:51:30", "elapsed": 1857.311881, "delta": 13.224567}}
{"target": 60.3869990826961, "params": {"h": 25.0, "p": 295.0, "r": 117.0}, "datetime": {"datetime": "2024-05-12 01:51:42", "elapsed": 1869.692822, "delta": 12.380941}}
{"target": 73.39440392436143, "params": {"h": 27.0, "p": 295.0, "r": 120.0}, "datetime": {"datetime": "2024-05-12 01:51:53", "elapsed": 1881.151019, "delta": 11.458197}}
{"target": 96.88181746788392, "params": {"h": 29.0, "p": 298.0, "r": 123.0}, "datetime": {"datetime": "2024-05-12 01:52:06", "elapsed": 1893.310865, "delta": 12.159846}}
{"target": 101.39697750933004, "params": {"h": 35.0, "p": 314.0, "r": 130.0}, "datetime": {"datetime": "2024-05-12 01:52:18", "elapsed": 1905.486745, "delta": 12.17588}}
{"target": 55.96792145704542, "params": {"h": 24.0, "p": 310.0, "r": 118.0}, "datetime": {"datetime": "2024-05-12 01:52:31", "elapsed": 1918.520937, "delta": 13.034192}}
{"target": 1.8133082315622382, "params": {"h": 60.0, "p": 843.0, "r": 68.0}, "datetime": {"datetime": "2024-05-12 01:53:17", "elapsed": 1964.825238, "delta": 46.304301}}
{"target": 49.24550901630385, "params": {"h": 26.0, "p": 323.0, "r": 121.0}, "datetime": {"datetime": "2024-05-12 01:53:30", "elapsed": 1977.642576, "delta": 12.817338}}
{"target": 98.93462471046642, "params": {"h": 27.0, "p": 299.0, "r": 121.0}, "datetime": {"datetime": "2024-05-12 01:53:41", "elapsed": 1989.06826, "delta": 11.425684}}
{"target": 80.86409465515898, "params": {"h": 28.0, "p": 304.0, "r": 125.0}, "datetime": {"datetime": "2024-05-12 01:53:53", "elapsed": 2001.025147, "delta": 11.956887}}
{"target": 30.662301865330708, "params": {"h": 25.0, "p": 299.0, "r": 115.0}, "datetime": {"datetime": "2024-05-12 01:54:05", "elapsed": 2012.74852, "delta": 11.723373}}
{"target": 43.869889553380965, "params": {"h": 37.0, "p": 315.0, "r": 129.0}, "datetime": {"datetime": "2024-05-12 01:54:17", "elapsed": 2024.613155, "delta": 11.864635}}
{"target": 57.120138623492984, "params": {"h": 35.0, "p": 319.0, "r": 132.0}, "datetime": {"datetime": "2024-05-12 01:54:29", "elapsed": 2036.992408, "delta": 12.379253}}
{"target": 40.10397560346711, "params": {"h": 29.0, "p": 323.0, "r": 122.0}, "datetime": {"datetime": "2024-05-12 01:54:43", "elapsed": 2050.762648, "delta": 13.77024}}
{"target": 117.30421953775087, "params": {"h": 29.0, "p": 301.0, "r": 124.0}, "datetime": {"datetime": "2024-05-12 01:54:55", "elapsed": 2062.814819, "delta": 12.052171}}
{"target": 46.97600885818399, "params": {"h": 26.0, "p": 317.0, "r": 122.0}, "datetime": {"datetime": "2024-05-12 01:55:08", "elapsed": 2075.695392, "delta": 12.880573}}
{"target": 58.52092705048331, "params": {"h": 29.0, "p": 308.0, "r": 127.0}, "datetime": {"datetime": "2024-05-12 01:55:20", "elapsed": 2088.07561, "delta": 12.380218}}
{"target": 45.03081297415012, "params": {"h": 28.0, "p": 296.0, "r": 120.0}, "datetime": {"datetime": "2024-05-12 01:55:32", "elapsed": 2099.26666, "delta": 11.19105}}
{"target": 49.7278868794363, "params": {"h": 28.0, "p": 309.0, "r": 121.0}, "datetime": {"datetime": "2024-05-12 01:55:44", "elapsed": 2111.614478, "delta": 12.347818}}
{"target": 27.235200409784028, "params": {"h": 28.0, "p": 329.0, "r": 126.0}, "datetime": {"datetime": "2024-05-12 01:55:57", "elapsed": 2125.042167, "delta": 13.427689}}
{"target": 82.0625832589105, "params": {"h": 31.0, "p": 318.0, "r": 127.0}, "datetime": {"datetime": "2024-05-12 01:56:09", "elapsed": 2136.753242, "delta": 11.711075}}
{"target": 48.74439978715408, "params": {"h": 38.0, "p": 319.0, "r": 130.0}, "datetime": {"datetime": "2024-05-12 01:56:21", "elapsed": 2148.696472, "delta": 11.94323}}
{"target": 111.63058820924059, "params": {"h": 32.0, "p": 308.0, "r": 127.0}, "datetime": {"datetime": "2024-05-12 01:56:33", "elapsed": 2160.68582, "delta": 11.989348}}
{"target": 45.51855572638515, "params": {"h": 30.0, "p": 319.0, "r": 128.0}, "datetime": {"datetime": "2024-05-12 01:56:45", "elapsed": 2173.127075, "delta": 12.441255}}
{"target": 107.35609436259688, "params": {"h": 29.0, "p": 303.0, "r": 125.0}, "datetime": {"datetime": "2024-05-12 01:56:58", "elapsed": 2185.476731, "delta": 12.349656}}
{"target": 43.79890352651422, "params": {"h": 33.0, "p": 314.0, "r": 131.0}, "datetime": {"datetime": "2024-05-12 01:57:10", "elapsed": 2197.386411, "delta": 11.90968}}
{"target": 25.355148490847466, "params": {"h": 32.0, "p": 295.0, "r": 121.0}, "datetime": {"datetime": "2024-05-12 01:57:22", "elapsed": 2210.046052, "delta": 12.659641}}
{"target": 94.96155524812619, "params": {"h": 27.0, "p": 300.0, "r": 123.0}, "datetime": {"datetime": "2024-05-12 01:57:35", "elapsed": 2222.408477, "delta": 12.362425}}
{"target": 110.59932732631894, "params": {"h": 29.0, "p": 302.0, "r": 124.0}, "datetime": {"datetime": "2024-05-12 01:57:47", "elapsed": 2234.412884, "delta": 12.004407}}
{"target": 1.1915019102319655, "params": {"h": 25.0, "p": 800.0, "r": 123.0}, "datetime": {"datetime": "2024-05-12 01:58:23", "elapsed": 2270.683631, "delta": 36.270747}}
{"target": 107.51923182630456, "params": {"h": 32.0, "p": 311.0, "r": 127.0}, "datetime": {"datetime": "2024-05-12 01:58:35", "elapsed": 2282.673113, "delta": 11.989482}}
{"target": 0.0, "params": {"h": 28.0, "p": 299.0, "r": 125.0}, "datetime": {"datetime": "2024-05-12 01:58:35", "elapsed": 2283.110638, "delta": 0.437525}}
{"target": 90.59816569284067, "params": {"h": 37.0, "p": 317.0, "r": 130.0}, "datetime": {"datetime": "2024-05-12 01:58:48", "elapsed": 2295.449287, "delta": 12.338649}}
{"target": 72.0515716626637, "params": {"h": 25.0, "p": 300.0, "r": 118.0}, "datetime": {"datetime": "2024-05-12 01:59:01", "elapsed": 2308.564135, "delta": 13.114848}}
{"target": 66.89354671030854, "params": {"h": 34.0, "p": 316.0, "r": 128.0}, "datetime": {"datetime": "2024-05-12 01:59:13", "elapsed": 2321.069699, "delta": 12.505564}}
{"target": 99.70950423033334, "params": {"h": 27.0, "p": 299.0, "r": 122.0}, "datetime": {"datetime": "2024-05-12 01:59:25", "elapsed": 2332.700096, "delta": 11.630397}}
{"target": 66.0914511005194, "params": {"h": 32.0, "p": 305.0, "r": 125.0}, "datetime": {"datetime": "2024-05-12 01:59:37", "elapsed": 2345.173395, "delta": 12.473299}}
{"target": 50.36188502626019, "params": {"h": 22.0, "p": 290.0, "r": 115.0}, "datetime": {"datetime": "2024-05-12 01:59:50", "elapsed": 2357.460508, "delta": 12.287113}}
{"target": 69.6024427077249, "params": {"h": 24.0, "p": 294.0, "r": 119.0}, "datetime": {"datetime": "2024-05-12 02:00:03", "elapsed": 2370.497901, "delta": 13.037393}}
{"target": 94.63366837433414, "params": {"h": 34.0, "p": 313.0, "r": 129.0}, "datetime": {"datetime": "2024-05-12 02:00:15", "elapsed": 2382.441561, "delta": 11.94366}}
{"target": 25.740401716988906, "params": {"h": 19.0, "p": 286.0, "r": 112.0}, "datetime": {"datetime": "2024-05-12 02:00:29", "elapsed": 2397.054398, "delta": 14.612837}}
{"target": 98.56026462413362, "params": {"h": 30.0, "p": 302.0, "r": 124.0}, "datetime": {"datetime": "2024-05-12 02:00:42", "elapsed": 2409.574264, "delta": 12.519866}}
{"target": 111.98171658988574, "params": {"h": 32.0, "p": 308.0, "r": 128.0}, "datetime": {"datetime": "2024-05-12 02:00:54", "elapsed": 2421.329178, "delta": 11.754914}}
{"target": 80.46226160094126, "params": {"h": 30.0, "p": 306.0, "r": 124.0}, "datetime": {"datetime": "2024-05-12 02:01:06", "elapsed": 2434.067119, "delta": 12.737941}}
{"target": 47.01548328523764, "params": {"h": 28.0, "p": 318.0, "r": 121.0}, "datetime": {"datetime": "2024-05-12 02:01:19", "elapsed": 2446.525865, "delta": 12.458746}}
{"target": 3.0881184035714306, "params": {"h": 48.0, "p": 572.0, "r": 40.0}, "datetime": {"datetime": "2024-05-12 02:01:56", "elapsed": 2483.284109, "delta": 36.758244}}
{"target": 85.52520395066445, "params": {"h": 34.0, "p": 315.0, "r": 130.0}, "datetime": {"datetime": "2024-05-12 02:02:08", "elapsed": 2495.554806, "delta": 12.270697}}
{"target": 47.43866588090512, "params": {"h": 29.0, "p": 299.0, "r": 121.0}, "datetime": {"datetime": "2024-05-12 02:02:20", "elapsed": 2507.326308, "delta": 11.771502}}
{"target": 113.1852342312066, "params": {"h": 30.0, "p": 305.0, "r": 125.0}, "datetime": {"datetime": "2024-05-12 02:02:31", "elapsed": 2518.502392, "delta": 11.176084}}
{"target": 0.0, "params": {"h": 33.0, "p": 307.0, "r": 131.0}, "datetime": {"datetime": "2024-05-12 02:02:31", "elapsed": 2519.096176, "delta": 0.593784}}
{"target": 23.051548795663333, "params": {"h": 27.0, "p": 288.0, "r": 114.0}, "datetime": {"datetime": "2024-05-12 02:02:43", "elapsed": 2530.962432, "delta": 11.866256}}
{"target": 94.01415329090423, "params": {"h": 32.0, "p": 308.0, "r": 126.0}, "datetime": {"datetime": "2024-05-12 02:02:55", "elapsed": 2542.763946, "delta": 11.801514}}
{"target": 21.64611054695964, "params": {"h": 32.0, "p": 326.0, "r": 63.0}, "datetime": {"datetime": "2024-05-12 02:03:13", "elapsed": 2560.737921, "delta": 17.973975}}
{"target": 3.390236138175102, "params": {"h": 20.0, "p": 664.0, "r": 52.0}, "datetime": {"datetime": "2024-05-12 02:03:45", "elapsed": 2593.180833, "delta": 32.442912}}
{"target": 0.0, "params": {"h": 25.0, "p": 203.0, "r": 89.0}, "datetime": {"datetime": "2024-05-12 02:03:46", "elapsed": 2593.727738, "delta": 0.546905}}
{"target": 0.31410393425855526, "params": {"h": 58.0, "p": 893.0, "r": 31.0}, "datetime": {"datetime": "2024-05-12 02:04:52", "elapsed": 2659.287926, "delta": 65.560188}}
{"target": 3.610218002744439, "params": {"h": 32.0, "p": 433.0, "r": 111.0}, "datetime": {"datetime": "2024-05-12 02:05:08", "elapsed": 2675.869801, "delta": 16.581875}}
{"target": 0.0, "params": {"h": 55.0, "p": 130.0, "r": 150.0}, "datetime": {"datetime": "2024-05-12 02:05:09", "elapsed": 2676.322952, "delta": 0.453151}}
{"target": 64.69807155481216, "params": {"h": 26.0, "p": 302.0, "r": 119.0}, "datetime": {"datetime": "2024-05-12 02:05:21", "elapsed": 2688.658089, "delta": 12.335137}}
{"target": 97.66674745445157, "params": {"h": 35.0, "p": 317.0, "r": 130.0}, "datetime": {"datetime": "2024-05-12 02:05:33", "elapsed": 2701.068003, "delta": 12.409914}}
{"target": 98.19686941916426, "params": {"h": 17.0, "p": 242.0, "r": 35.0}, "datetime": {"datetime": "2024-05-12 02:05:52", "elapsed": 2719.261235, "delta": 18.193232}}
{"target": 100.171363921115, "params": {"h": 35.0, "p": 315.0, "r": 130.0}, "datetime": {"datetime": "2024-05-12 02:06:03", "elapsed": 2731.156128, "delta": 11.894893}}
{"target": 3.0743429546401253, "params": {"h": 21.0, "p": 245.0, "r": 26.0}, "datetime": {"datetime": "2024-05-12 02:06:26", "elapsed": 2753.286705, "delta": 22.130577}}
{"target": 110.6760263147941, "params": {"h": 19.0, "p": 241.0, "r": 38.0}, "datetime": {"datetime": "2024-05-12 02:06:43", "elapsed": 2770.962343, "delta": 17.675638}}
{"target": 84.18126765271666, "params": {"h": 31.0, "p": 311.0, "r": 128.0}, "datetime": {"datetime": "2024-05-12 02:06:55", "elapsed": 2782.436409, "delta": 11.474066}}
{"target": 116.73593785586803, "params": {"h": 32.0, "p": 307.0, "r": 127.0}, "datetime": {"datetime": "2024-05-12 02:07:06", "elapsed": 2793.424566, "delta": 10.988157}}
{"target": 67.39630529503862, "params": {"h": 17.0, "p": 244.0, "r": 34.0}, "datetime": {"datetime": "2024-05-12 02:07:24", "elapsed": 2812.023771, "delta": 18.599205}}
{"target": 108.7299795635202, "params": {"h": 20.0, "p": 243.0, "r": 39.0}, "datetime": {"datetime": "2024-05-12 02:07:41", "elapsed": 2828.607598, "delta": 16.583827}}
{"target": 85.28270552103066, "params": {"h": 20.0, "p": 244.0, "r": 38.0}, "datetime": {"datetime": "2024-05-12 02:07:58", "elapsed": 2845.566098, "delta": 16.9585}}
{"target": 71.72451313313417, "params": {"h": 17.0, "p": 236.0, "r": 43.0}, "datetime": {"datetime": "2024-05-12 02:08:14", "elapsed": 2861.882738, "delta": 16.31664}}
{"target": 127.44319521980927, "params": {"h": 19.0, "p": 245.0, "r": 42.0}, "datetime": {"datetime": "2024-05-12 02:08:30", "elapsed": 2878.123118, "delta": 16.24038}}
{"target": 126.17988973583618, "params": {"h": 18.0, "p": 246.0, "r": 41.0}, "datetime": {"datetime": "2024-05-12 02:08:48", "elapsed": 2895.348836, "delta": 17.225718}}
{"target": 121.13641475740111, "params": {"h": 21.0, "p": 239.0, "r": 44.0}, "datetime": {"datetime": "2024-05-12 02:09:04", "elapsed": 2911.868752, "delta": 16.519916}}
{"target": 109.3384779740565, "params": {"h": 19.0, "p": 247.0, "r": 43.0}, "datetime": {"datetime": "2024-05-12 02:09:21", "elapsed": 2929.013027, "delta": 17.144275}}
{"target": 99.05266529156499, "params": {"h": 22.0, "p": 241.0, "r": 41.0}, "datetime": {"datetime": "2024-05-12 02:09:38", "elapsed": 2945.533251, "delta": 16.520224}}
{"target": 66.90681823771405, "params": {"h": 18.0, "p": 240.0, "r": 35.0}, "datetime": {"datetime": "2024-05-12 02:09:56", "elapsed": 2963.346199, "delta": 17.812948}}
{"target": 107.53283453121648, "params": {"h": 20.0, "p": 244.0, "r": 39.0}, "datetime": {"datetime": "2024-05-12 02:10:13", "elapsed": 2981.133401, "delta": 17.787202}}
{"target": 125.69581932218821, "params": {"h": 20.0, "p": 240.0, "r": 43.0}, "datetime": {"datetime": "2024-05-12 02:10:30", "elapsed": 2998.185767, "delta": 17.052366}}
{"target": 83.50519323203673, "params": {"h": 21.0, "p": 240.0, "r": 39.0}, "datetime": {"datetime": "2024-05-12 02:10:48", "elapsed": 3015.379046, "delta": 17.193279}}
{"target": 97.71305965532504, "params": {"h": 21.0, "p": 248.0, "r": 46.0}, "datetime": {"datetime": "2024-05-12 02:11:04", "elapsed": 3031.945192, "delta": 16.566146}}
{"target": 56.04256530921225, "params": {"h": 18.0, "p": 243.0, "r": 46.0}, "datetime": {"datetime": "2024-05-12 02:11:19", "elapsed": 3047.058042, "delta": 15.11285}}
{"target": 118.63191840146492, "params": {"h": 22.0, "p": 245.0, "r": 45.0}, "datetime": {"datetime": "2024-05-12 02:11:35", "elapsed": 3062.921072, "delta": 15.86303}}
{"target": 126.24014022369354, "params": {"h": 22.0, "p": 247.0, "r": 44.0}, "datetime": {"datetime": "2024-05-12 02:11:52", "elapsed": 3079.989974, "delta": 17.068902}}
{"target": 159.14485147835322, "params": {"h": 17.0, "p": 241.0, "r": 38.0}, "datetime": {"datetime": "2024-05-12 02:12:10", "elapsed": 3097.696675, "delta": 17.706701}}
{"target": 97.83608112342105, "params": {"h": 17.0, "p": 244.0, "r": 41.0}, "datetime": {"datetime": "2024-05-12 02:12:26", "elapsed": 3113.843123, "delta": 16.146448}}
{"target": 119.21887002325359, "params": {"h": 18.0, "p": 239.0, "r": 37.0}, "datetime": {"datetime": "2024-05-12 02:12:43", "elapsed": 3131.081129, "delta": 17.238006}}
{"target": 121.71801112082136, "params": {"h": 15.0, "p": 239.0, "r": 37.0}, "datetime": {"datetime": "2024-05-12 02:13:00", "elapsed": 3147.758299, "delta": 16.67717}}
{"target": 127.34816968587741, "params": {"h": 22.0, "p": 249.0, "r": 44.0}, "datetime": {"datetime": "2024-05-12 02:13:17", "elapsed": 3164.653145, "delta": 16.894846}}
{"target": 98.94014543902162, "params": {"h": 21.0, "p": 241.0, "r": 46.0}, "datetime": {"datetime": "2024-05-12 02:13:33", "elapsed": 3180.704335, "delta": 16.05119}}
{"target": 120.04360425119089, "params": {"h": 17.0, "p": 247.0, "r": 40.0}, "datetime": {"datetime": "2024-05-12 02:13:51", "elapsed": 3199.053848, "delta": 18.349513}}
{"target": 51.059153325224116, "params": {"h": 16.0, "p": 241.0, "r": 43.0}, "datetime": {"datetime": "2024-05-12 02:14:07", "elapsed": 3214.91904, "delta": 15.865192}}
{"target": 160.4794644958087, "params": {"h": 16.0, "p": 243.0, "r": 37.0}, "datetime": {"datetime": "2024-05-12 02:14:26", "elapsed": 3233.67456, "delta": 18.75552}}
{"target": 132.1110752150286, "params": {"h": 21.0, "p": 247.0, "r": 43.0}, "datetime": {"datetime": "2024-05-12 02:14:44", "elapsed": 3251.334849, "delta": 17.660289}}
{"target": 129.27986567471748, "params": {"h": 21.0, "p": 242.0, "r": 43.0}, "datetime": {"datetime": "2024-05-12 02:15:00", "elapsed": 3267.934628, "delta": 16.599779}}
{"target": 154.96342517940178, "params": {"h": 18.0, "p": 246.0, "r": 39.0}, "datetime": {"datetime": "2024-05-12 02:15:17", "elapsed": 3285.078767, "delta": 17.144139}}
{"target": 87.5498490460681, "params": {"h": 25.0, "p": 250.0, "r": 43.0}, "datetime": {"datetime": "2024-05-12 02:15:36", "elapsed": 3303.974906, "delta": 18.896139}}
{"target": 95.21083869067034, "params": {"h": 17.0, "p": 250.0, "r": 41.0}, "datetime": {"datetime": "2024-05-12 02:15:53", "elapsed": 3320.667385, "delta": 16.692479}}
{"target": 104.55923412530326, "params": {"h": 25.0, "p": 245.0, "r": 45.0}, "datetime": {"datetime": "2024-05-12 02:16:10", "elapsed": 3337.70431, "delta": 17.036925}}
{"target": 124.15278972585726, "params": {"h": 21.0, "p": 249.0, "r": 41.0}, "datetime": {"datetime": "2024-05-12 02:16:28", "elapsed": 3355.506618, "delta": 17.802308}}
{"target": 127.47832030749636, "params": {"h": 18.0, "p": 238.0, "r": 41.0}, "datetime": {"datetime": "2024-05-12 02:16:44", "elapsed": 3372.135436, "delta": 16.628818}}
{"target": 142.96154286821817, "params": {"h": 19.0, "p": 246.0, "r": 41.0}, "datetime": {"datetime": "2024-05-12 02:17:02", "elapsed": 3389.826618, "delta": 17.691182}}
{"target": 144.61602067380787, "params": {"h": 17.0, "p": 238.0, "r": 39.0}, "datetime": {"datetime": "2024-05-12 02:17:18", "elapsed": 3406.130077, "delta": 16.303459}}
{"target": 42.47392780720143, "params": {"h": 23.0, "p": 249.0, "r": 38.0}, "datetime": {"datetime": "2024-05-12 02:17:38", "elapsed": 3425.3555, "delta": 19.225423}}
{"target": 140.9040766270355, "params": {"h": 19.0, "p": 250.0, "r": 39.0}, "datetime": {"datetime": "2024-05-12 02:17:56", "elapsed": 3443.549638, "delta": 18.194138}}
{"target": 118.5823183390858, "params": {"h": 24.0, "p": 253.0, "r": 45.0}, "datetime": {"datetime": "2024-05-12 02:18:14", "elapsed": 3461.753305, "delta": 18.203667}}
{"target": 116.40413096281596, "params": {"h": 23.0, "p": 242.0, "r": 44.0}, "datetime": {"datetime": "2024-05-12 02:18:30", "elapsed": 3477.944405, "delta": 16.1911}}
{"target": 65.01788251930516, "params": {"h": 20.0, "p": 248.0, "r": 37.0}, "datetime": {"datetime": "2024-05-12 02:18:49", "elapsed": 3496.951407, "delta": 19.007002}}
{"target": 49.61852628207019, "params": {"h": 25.0, "p": 244.0, "r": 40.0}, "datetime": {"datetime": "2024-05-12 02:19:08", "elapsed": 3515.738023, "delta": 18.786616}}
{"target": 99.86335136175265, "params": {"h": 26.0, "p": 253.0, "r": 45.0}, "datetime": {"datetime": "2024-05-12 02:19:27", "elapsed": 3534.78962, "delta": 19.051597}}
{"target": 119.79405019698198, "params": {"h": 23.0, "p": 255.0, "r": 43.0}, "datetime": {"datetime": "2024-05-12 02:19:46", "elapsed": 3553.560357, "delta": 18.770737}}
