{"target": 88.69552747162535, "params": {"h": 24.0, "p": 290.0, "r": 48.0}, "datetime": {"datetime": "2024-05-20 05:48:48", "elapsed": 3446.162869, "delta": 21.029701}}
{"target": 105.15483948681248, "params": {"h": 33.0, "p": 325.0, "r": 50.0}, "datetime": {"datetime": "2024-05-20 05:49:12", "elapsed": 3470.338284, "delta": 24.175415}}
{"target": 42.52196181540032, "params": {"h": 34.0, "p": 329.0, "r": 56.0}, "datetime": {"datetime": "2024-05-20 05:49:35", "elapsed": 3493.40637, "delta": 23.068086}}
{"target": 47.20935234112919, "params": {"h": 49.0, "p": 327.0, "r": 46.0}, "datetime": {"datetime": "2024-05-20 05:50:02", "elapsed": 3520.684714, "delta": 27.278344}}
{"target": 129.12555073781925, "params": {"h": 18.0, "p": 304.0, "r": 36.0}, "datetime": {"datetime": "2024-05-20 05:50:27", "elapsed": 3545.106779, "delta": 24.422065}}
{"target": 90.95003223084261, "params": {"h": 43.0, "p": 299.0, "r": 54.0}, "datetime": {"datetime": "2024-05-20 05:50:50", "elapsed": 3568.621397, "delta": 23.514618}}
{"target": 99.80236301648016, "params": {"h": 47.0, "p": 318.0, "r": 53.0}, "datetime": {"datetime": "2024-05-20 05:51:15", "elapsed": 3593.822228, "delta": 25.200831}}
{"target": 66.07440238548472, "params": {"h": 57.0, "p": 346.0, "r": 55.0}, "datetime": {"datetime": "2024-05-20 05:51:42", "elapsed": 3620.826498, "delta": 27.00427}}
{"target": 78.13299459628196, "params": {"h": 54.0, "p": 318.0, "r": 51.0}, "datetime": {"datetime": "2024-05-20 05:52:07", "elapsed": 3645.678952, "delta": 24.852454}}
{"target": 75.6180136393886, "params": {"h": 55.0, "p": 343.0, "r": 47.0}, "datetime": {"datetime": "2024-05-20 05:52:36", "elapsed": 3674.477463, "delta": 28.798511}}
{"target": 62.91684611176831, "params": {"h": 34.0, "p": 343.0, "r": 42.0}, "datetime": {"datetime": "2024-05-20 05:53:01", "elapsed": 3699.413265, "delta": 24.935802}}
{"target": 90.27990495903168, "params": {"h": 40.0, "p": 335.0, "r": 46.0}, "datetime": {"datetime": "2024-05-20 05:53:28", "elapsed": 3726.232534, "delta": 26.819269}}
{"target": 126.18370605120371, "params": {"h": 28.0, "p": 290.0, "r": 47.0}, "datetime": {"datetime": "2024-05-20 05:53:50", "elapsed": 3747.967586, "delta": 21.735052}}
{"target": 77.75685959630793, "params": {"h": 36.0, "p": 290.0, "r": 56.0}, "datetime": {"datetime": "2024-05-20 05:54:10", "elapsed": 3768.154576, "delta": 20.18699}}
{"target": 108.0471120474639, "params": {"h": 31.0, "p": 284.0, "r": 48.0}, "datetime": {"datetime": "2024-05-20 05:54:32", "elapsed": 3790.460823, "delta": 22.306247}}
{"target": 123.34231981306523, "params": {"h": 25.0, "p": 290.0, "r": 43.0}, "datetime": {"datetime": "2024-05-20 05:54:53", "elapsed": 3811.458663, "delta": 20.99784}}
{"target": 143.57953600414254, "params": {"h": 24.0, "p": 294.0, "r": 43.0}, "datetime": {"datetime": "2024-05-20 05:55:17", "elapsed": 3835.317681, "delta": 23.859018}}
{"target": 124.96557089877003, "params": {"h": 23.0, "p": 297.0, "r": 41.0}, "datetime": {"datetime": "2024-05-20 05:55:40", "elapsed": 3858.269224, "delta": 22.951543}}
{"target": 28.043492579851222, "params": {"h": 26.0, "p": 291.0, "r": 38.0}, "datetime": {"datetime": "2024-05-20 05:56:05", "elapsed": 3883.663781, "delta": 25.394557}}
{"target": 55.9268882122023, "params": {"h": 38.0, "p": 278.0, "r": 47.0}, "datetime": {"datetime": "2024-05-20 05:56:27", "elapsed": 3905.584324, "delta": 21.920543}}
{"target": 124.13439008666937, "params": {"h": 26.0, "p": 283.0, "r": 47.0}, "datetime": {"datetime": "2024-05-20 05:56:50", "elapsed": 3927.95525, "delta": 22.370926}}
{"target": 107.09579577223421, "params": {"h": 27.0, "p": 286.0, "r": 49.0}, "datetime": {"datetime": "2024-05-20 05:57:10", "elapsed": 3948.738846, "delta": 20.783596}}
{"target": 31.447764342062886, "params": {"h": 29.0, "p": 282.0, "r": 40.0}, "datetime": {"datetime": "2024-05-20 05:57:34", "elapsed": 3972.499415, "delta": 23.760569}}
{"target": 152.59467850259907, "params": {"h": 21.0, "p": 292.0, "r": 42.0}, "datetime": {"datetime": "2024-05-20 05:57:56", "elapsed": 3994.048241, "delta": 21.548826}}
{"target": 68.17789794365291, "params": {"h": 17.0, "p": 285.0, "r": 41.0}, "datetime": {"datetime": "2024-05-20 05:58:17", "elapsed": 4015.003058, "delta": 20.954817}}
{"target": 24.621084142429616, "params": {"h": 16.0, "p": 293.0, "r": 44.0}, "datetime": {"datetime": "2024-05-20 05:58:37", "elapsed": 4035.254728, "delta": 20.25167}}
{"target": 24.83901382712709, "params": {"h": 25.0, "p": 306.0, "r": 37.0}, "datetime": {"datetime": "2024-05-20 05:59:02", "elapsed": 4060.642671, "delta": 25.387943}}
{"target": 158.00869405202883, "params": {"h": 22.0, "p": 294.0, "r": 42.0}, "datetime": {"datetime": "2024-05-20 05:59:24", "elapsed": 4081.870071, "delta": 21.2274}}
{"target": 56.35787816127848, "params": {"h": 50.0, "p": 294.0, "r": 50.0}, "datetime": {"datetime": "2024-05-20 05:59:49", "elapsed": 4107.009361, "delta": 25.13929}}
{"target": 178.7251823098425, "params": {"h": 18.0, "p": 296.0, "r": 38.0}, "datetime": {"datetime": "2024-05-20 06:00:12", "elapsed": 4130.398278, "delta": 23.388917}}
{"target": 141.70571457329106, "params": {"h": 23.0, "p": 281.0, "r": 44.0}, "datetime": {"datetime": "2024-05-20 06:00:34", "elapsed": 4152.662046, "delta": 22.263768}}
{"target": 23.726152833275414, "params": {"h": 19.0, "p": 295.0, "r": 33.0}, "datetime": {"datetime": "2024-05-20 06:01:00", "elapsed": 4177.930634, "delta": 25.268588}}
{"target": 155.5453788622684, "params": {"h": 20.0, "p": 297.0, "r": 41.0}, "datetime": {"datetime": "2024-05-20 06:01:24", "elapsed": 4201.885372, "delta": 23.954738}}
{"target": 64.48274931320888, "params": {"h": 16.0, "p": 296.0, "r": 39.0}, "datetime": {"datetime": "2024-05-20 06:01:46", "elapsed": 4224.009976, "delta": 22.124604}}
{"target": 123.08971696636316, "params": {"h": 26.0, "p": 278.0, "r": 47.0}, "datetime": {"datetime": "2024-05-20 06:02:06", "elapsed": 4244.260187, "delta": 20.250211}}
{"target": 139.45040339207026, "params": {"h": 24.0, "p": 283.0, "r": 44.0}, "datetime": {"datetime": "2024-05-20 06:02:29", "elapsed": 4266.996522, "delta": 22.736335}}
{"target": 102.83700938088718, "params": {"h": 30.0, "p": 279.0, "r": 47.0}, "datetime": {"datetime": "2024-05-20 06:02:51", "elapsed": 4289.393338, "delta": 22.396816}}
{"target": 164.05003847123092, "params": {"h": 21.0, "p": 295.0, "r": 41.0}, "datetime": {"datetime": "2024-05-20 06:03:14", "elapsed": 4312.388359, "delta": 22.995021}}
{"target": 115.52307714359074, "params": {"h": 22.0, "p": 290.0, "r": 40.0}, "datetime": {"datetime": "2024-05-20 06:03:37", "elapsed": 4335.545488, "delta": 23.157129}}
{"target": 106.01139852330891, "params": {"h": 25.0, "p": 275.0, "r": 43.0}, "datetime": {"datetime": "2024-05-20 06:04:00", "elapsed": 4358.350918, "delta": 22.80543}}
{"target": 79.691266758386, "params": {"h": 20.0, "p": 276.0, "r": 45.0}, "datetime": {"datetime": "2024-05-20 06:04:21", "elapsed": 4379.148693, "delta": 20.797775}}
{"target": 55.124311734409, "params": {"h": 40.0, "p": 300.0, "r": 61.0}, "datetime": {"datetime": "2024-05-20 06:04:42", "elapsed": 4400.485419, "delta": 21.336726}}
{"target": 105.92010484235175, "params": {"h": 21.0, "p": 281.0, "r": 39.0}, "datetime": {"datetime": "2024-05-20 06:05:05", "elapsed": 4423.721214, "delta": 23.235795}}
{"target": 80.66535928016768, "params": {"h": 27.0, "p": 272.0, "r": 52.0}, "datetime": {"datetime": "2024-05-20 06:05:25", "elapsed": 4443.667292, "delta": 19.946078}}
{"target": 81.79584775400996, "params": {"h": 20.0, "p": 298.0, "r": 37.0}, "datetime": {"datetime": "2024-05-20 06:05:47", "elapsed": 4464.8556, "delta": 21.188308}}
{"target": 45.00882684824573, "params": {"h": 20.0, "p": 282.0, "r": 48.0}, "datetime": {"datetime": "2024-05-20 06:06:06", "elapsed": 4484.591928, "delta": 19.736328}}
{"target": 23.92377445911968, "params": {"h": 19.0, "p": 278.0, "r": 33.0}, "datetime": {"datetime": "2024-05-20 06:06:30", "elapsed": 4508.723495, "delta": 24.131567}}
{"target": 104.16990138122402, "params": {"h": 40.0, "p": 343.0, "r": 50.0}, "datetime": {"datetime": "2024-05-20 06:06:54", "elapsed": 4532.251373, "delta": 23.527878}}
{"target": 98.92706200421493, "params": {"h": 28.0, "p": 292.0, "r": 44.0}, "datetime": {"datetime": "2024-05-20 06:07:17", "elapsed": 4555.323257, "delta": 23.071884}}
{"target": 133.35758702606026, "params": {"h": 25.0, "p": 281.0, "r": 45.0}, "datetime": {"datetime": "2024-05-20 06:07:40", "elapsed": 4577.992273, "delta": 22.669016}}
{"target": 70.75474799660682, "params": {"h": 26.0, "p": 269.0, "r": 42.0}, "datetime": {"datetime": "2024-05-20 06:08:02", "elapsed": 4600.73623, "delta": 22.743957}}
{"target": 89.58897904871883, "params": {"h": 15.0, "p": 308.0, "r": 36.0}, "datetime": {"datetime": "2024-05-20 06:08:25", "elapsed": 4622.89941, "delta": 22.16318}}
{"target": 96.542877121201, "params": {"h": 52.0, "p": 337.0, "r": 49.0}, "datetime": {"datetime": "2024-05-20 06:08:54", "elapsed": 4652.231485, "delta": 29.332075}}
{"target": 116.25511942491066, "params": {"h": 20.0, "p": 292.0, "r": 38.0}, "datetime": {"datetime": "2024-05-20 06:09:17", "elapsed": 4675.733063, "delta": 23.501578}}
{"target": 89.47796721849993, "params": {"h": 46.0, "p": 339.0, "r": 53.0}, "datetime": {"datetime": "2024-05-20 06:09:41", "elapsed": 4699.816752, "delta": 24.083689}}
{"target": 136.27640062348982, "params": {"h": 25.0, "p": 285.0, "r": 45.0}, "datetime": {"datetime": "2024-05-20 06:10:04", "elapsed": 4722.438736, "delta": 22.621984}}
{"target": 165.2437877628097, "params": {"h": 18.0, "p": 296.0, "r": 37.0}, "datetime": {"datetime": "2024-05-20 06:10:27", "elapsed": 4745.394145, "delta": 22.955409}}
{"target": 151.62253612691353, "params": {"h": 23.0, "p": 292.0, "r": 43.0}, "datetime": {"datetime": "2024-05-20 06:10:50", "elapsed": 4768.231453, "delta": 22.837308}}
{"target": 151.474639990133, "params": {"h": 20.0, "p": 293.0, "r": 39.0}, "datetime": {"datetime": "2024-05-20 06:11:14", "elapsed": 4792.038033, "delta": 23.80658}}
{"target": 128.95064839982652, "params": {"h": 22.0, "p": 289.0, "r": 44.0}, "datetime": {"datetime": "2024-05-20 06:11:35", "elapsed": 4813.634248, "delta": 21.596215}}
{"target": 149.74397250855876, "params": {"h": 22.0, "p": 283.0, "r": 42.0}, "datetime": {"datetime": "2024-05-20 06:11:56", "elapsed": 4834.6208, "delta": 20.986552}}
{"target": 56.88233249441937, "params": {"h": 48.0, "p": 351.0, "r": 51.0}, "datetime": {"datetime": "2024-05-20 06:12:24", "elapsed": 4862.084971, "delta": 27.464171}}
{"target": 111.90712000091098, "params": {"h": 40.0, "p": 330.0, "r": 51.0}, "datetime": {"datetime": "2024-05-20 06:12:48", "elapsed": 4886.545844, "delta": 24.460873}}
{"target": 86.51438556601704, "params": {"h": 47.0, "p": 315.0, "r": 56.0}, "datetime": {"datetime": "2024-05-20 06:13:12", "elapsed": 4910.223075, "delta": 23.677231}}
{"target": 24.262004858839276, "params": {"h": 21.0, "p": 266.0, "r": 60.0}, "datetime": {"datetime": "2024-05-20 06:13:29", "elapsed": 4927.426679, "delta": 17.203604}}
{"target": 88.34499923792018, "params": {"h": 55.0, "p": 336.0, "r": 55.0}, "datetime": {"datetime": "2024-05-20 06:13:57", "elapsed": 4954.949169, "delta": 27.52249}}
{"target": 99.37682539800237, "params": {"h": 28.0, "p": 292.0, "r": 50.0}, "datetime": {"datetime": "2024-05-20 06:14:18", "elapsed": 4976.280123, "delta": 21.330954}}
{"target": 91.02751033481644, "params": {"h": 36.0, "p": 299.0, "r": 48.0}, "datetime": {"datetime": "2024-05-20 06:14:40", "elapsed": 4997.925718, "delta": 21.645595}}
{"target": 123.0855882892597, "params": {"h": 38.0, "p": 330.0, "r": 48.0}, "datetime": {"datetime": "2024-05-20 06:15:05", "elapsed": 5023.620196, "delta": 25.694478}}
{"target": 105.46974810546206, "params": {"h": 38.0, "p": 309.0, "r": 52.0}, "datetime": {"datetime": "2024-05-20 06:15:31", "elapsed": 5049.044627, "delta": 25.424431}}
{"target": 176.16099359553462, "params": {"h": 18.0, "p": 305.0, "r": 37.0}, "datetime": {"datetime": "2024-05-20 06:15:56", "elapsed": 5073.880453, "delta": 24.835826}}
{"target": 79.11706954974159, "params": {"h": 36.0, "p": 286.0, "r": 48.0}, "datetime": {"datetime": "2024-05-20 06:16:20", "elapsed": 5097.972898, "delta": 24.092445}}
{"target": 93.35677630938164, "params": {"h": 44.0, "p": 305.0, "r": 54.0}, "datetime": {"datetime": "2024-05-20 06:16:43", "elapsed": 5121.737367, "delta": 23.764469}}
{"target": 98.09385398456571, "params": {"h": 29.0, "p": 274.0, "r": 46.0}, "datetime": {"datetime": "2024-05-20 06:17:05", "elapsed": 5143.400317, "delta": 21.66295}}
{"target": 97.27984929071872, "params": {"h": 32.0, "p": 283.0, "r": 52.0}, "datetime": {"datetime": "2024-05-20 06:17:26", "elapsed": 5164.600839, "delta": 21.200522}}
{"target": 85.38187782400792, "params": {"h": 21.0, "p": 295.0, "r": 38.0}, "datetime": {"datetime": "2024-05-20 06:17:50", "elapsed": 5188.780664, "delta": 24.179825}}
{"target": 115.81175165990237, "params": {"h": 30.0, "p": 288.0, "r": 48.0}, "datetime": {"datetime": "2024-05-20 06:18:12", "elapsed": 5210.025358, "delta": 21.244694}}
{"target": 140.2902174271284, "params": {"h": 18.0, "p": 306.0, "r": 39.0}, "datetime": {"datetime": "2024-05-20 06:18:35", "elapsed": 5233.169148, "delta": 23.14379}}
{"target": 130.59264692036177, "params": {"h": 20.0, "p": 308.0, "r": 38.0}, "datetime": {"datetime": "2024-05-20 06:19:00", "elapsed": 5258.045154, "delta": 24.876006}}
{"target": 92.89541434669691, "params": {"h": 40.0, "p": 313.0, "r": 54.0}, "datetime": {"datetime": "2024-05-20 06:19:23", "elapsed": 5281.36679, "delta": 23.321636}}
{"target": 84.17349682795465, "params": {"h": 48.0, "p": 322.0, "r": 56.0}, "datetime": {"datetime": "2024-05-20 06:19:49", "elapsed": 5307.285703, "delta": 25.918913}}
{"target": 126.61806124189155, "params": {"h": 19.0, "p": 304.0, "r": 37.0}, "datetime": {"datetime": "2024-05-20 06:20:13", "elapsed": 5331.184771, "delta": 23.899068}}
{"target": 81.6370897845795, "params": {"h": 50.0, "p": 305.0, "r": 57.0}, "datetime": {"datetime": "2024-05-20 06:20:36", "elapsed": 5354.079376, "delta": 22.894605}}
{"target": 2.0595442776703243, "params": {"h": 33.0, "p": 881.0, "r": 58.0}, "datetime": {"datetime": "2024-05-20 06:21:37", "elapsed": 5415.456992, "delta": 61.377616}}
{"target": 108.85816973724066, "params": {"h": 49.0, "p": 333.0, "r": 52.0}, "datetime": {"datetime": "2024-05-20 06:22:03", "elapsed": 5441.244058, "delta": 25.787066}}
{"target": 52.113599886674315, "params": {"h": 27.0, "p": 320.0, "r": 40.0}, "datetime": {"datetime": "2024-05-20 06:22:28", "elapsed": 5466.311929, "delta": 25.067871}}
{"target": 1.3971637028407056, "params": {"h": 16.0, "p": 769.0, "r": 28.0}, "datetime": {"datetime": "2024-05-20 06:23:16", "elapsed": 5514.784156, "delta": 48.472227}}
{"target": 136.5846654912606, "params": {"h": 24.0, "p": 293.0, "r": 45.0}, "datetime": {"datetime": "2024-05-20 06:23:38", "elapsed": 5536.459473, "delta": 21.675317}}
{"target": 96.09646835363172, "params": {"h": 19.0, "p": 294.0, "r": 42.0}, "datetime": {"datetime": "2024-05-20 06:24:01", "elapsed": 5559.328943, "delta": 22.86947}}
{"target": 104.71096436488968, "params": {"h": 42.0, "p": 326.0, "r": 49.0}, "datetime": {"datetime": "2024-05-20 06:24:27", "elapsed": 5585.129147, "delta": 25.800204}}
{"target": 107.46118100741937, "params": {"h": 27.0, "p": 287.0, "r": 44.0}, "datetime": {"datetime": "2024-05-20 06:24:52", "elapsed": 5610.483611, "delta": 25.354464}}
{"target": 63.49561287128648, "params": {"h": 36.0, "p": 306.0, "r": 57.0}, "datetime": {"datetime": "2024-05-20 06:25:13", "elapsed": 5631.782573, "delta": 21.298962}}
{"target": 90.67932707880561, "params": {"h": 24.0, "p": 281.0, "r": 41.0}, "datetime": {"datetime": "2024-05-20 06:25:37", "elapsed": 5655.573237, "delta": 23.790664}}
{"target": 109.03574787483453, "params": {"h": 22.0, "p": 285.0, "r": 40.0}, "datetime": {"datetime": "2024-05-20 06:26:00", "elapsed": 5678.410403, "delta": 22.837166}}
{"target": 3.0405694800203036, "params": {"h": 20.0, "p": 481.0, "r": 66.0}, "datetime": {"datetime": "2024-05-20 06:26:25", "elapsed": 5703.303361, "delta": 24.892958}}
{"target": 0.8995383424681989, "params": {"h": 19.0, "p": 950.0, "r": 130.0}, "datetime": {"datetime": "2024-05-20 06:27:42", "elapsed": 5779.977023, "delta": 76.673662}}
{"target": 0.0, "params": {"h": 16.0, "p": 254.0, "r": 147.0}, "datetime": {"datetime": "2024-05-20 06:27:42", "elapsed": 5780.621997, "delta": 0.644974}}
{"target": 0.0, "params": {"h": 57.0, "p": 111.0, "r": 89.0}, "datetime": {"datetime": "2024-05-20 06:27:43", "elapsed": 5781.190104, "delta": 0.568107}}
{"target": 1.8205891920724566, "params": {"h": 18.0, "p": 760.0, "r": 142.0}, "datetime": {"datetime": "2024-05-20 06:28:34", "elapsed": 5832.278358, "delta": 51.088254}}
{"target": 2.375500989947464, "params": {"h": 22.0, "p": 635.0, "r": 138.0}, "datetime": {"datetime": "2024-05-20 06:29:06", "elapsed": 5863.912421, "delta": 31.634063}}
{"target": 2.6419857300041674, "params": {"h": 20.0, "p": 575.0, "r": 60.0}, "datetime": {"datetime": "2024-05-20 06:29:38", "elapsed": 5896.47528, "delta": 32.562859}}
{"target": 1.1775164866751373, "params": {"h": 58.0, "p": 939.0, "r": 80.0}, "datetime": {"datetime": "2024-05-20 06:30:35", "elapsed": 5953.46616, "delta": 56.99088}}
{"target": 111.57807144100602, "params": {"h": 21.0, "p": 285.0, "r": 44.0}, "datetime": {"datetime": "2024-05-20 06:30:57", "elapsed": 5975.7712, "delta": 22.30504}}
{"target": 4.825881526203738, "params": {"h": 57.0, "p": 408.0, "r": 103.0}, "datetime": {"datetime": "2024-05-20 06:31:18", "elapsed": 5996.547343, "delta": 20.776143}}
{"target": 155.82701789474413, "params": {"h": 20.0, "p": 295.0, "r": 39.0}, "datetime": {"datetime": "2024-05-20 06:31:42", "elapsed": 6020.609673, "delta": 24.06233}}
{"target": 1.4210425833602083, "params": {"h": 18.0, "p": 696.0, "r": 100.0}, "datetime": {"datetime": "2024-05-20 06:32:20", "elapsed": 6057.860643, "delta": 37.25097}}
{"target": 1.2612516319325493, "params": {"h": 58.0, "p": 834.0, "r": 89.0}, "datetime": {"datetime": "2024-05-20 06:33:08", "elapsed": 6106.724773, "delta": 48.86413}}
{"target": 0.05971564591628602, "params": {"h": 58.0, "p": 571.0, "r": 16.0}, "datetime": {"datetime": "2024-05-20 06:34:32", "elapsed": 6190.568235, "delta": 83.843462}}
{"target": 0.0, "params": {"h": 58.0, "p": 144.0, "r": 146.0}, "datetime": {"datetime": "2024-05-20 06:34:33", "elapsed": 6191.554131, "delta": 0.985896}}
{"target": 0.0, "params": {"h": 18.0, "p": 218.0, "r": 97.0}, "datetime": {"datetime": "2024-05-20 06:34:34", "elapsed": 6192.243075, "delta": 0.688944}}
{"target": 0.016270475153281887, "params": {"h": 60.0, "p": 998.0, "r": 15.0}, "datetime": {"datetime": "2024-05-20 06:36:36", "elapsed": 6314.125753, "delta": 121.882678}}
{"target": 2.406562780671713, "params": {"h": 59.0, "p": 582.0, "r": 113.0}, "datetime": {"datetime": "2024-05-20 06:37:02", "elapsed": 6340.649542, "delta": 26.523789}}
{"target": 25.46386895086657, "params": {"h": 60.0, "p": 181.0, "r": 51.0}, "datetime": {"datetime": "2024-05-20 06:37:22", "elapsed": 6360.568901, "delta": 19.919359}}
{"target": 106.07208494185039, "params": {"h": 32.0, "p": 318.0, "r": 50.0}, "datetime": {"datetime": "2024-05-20 06:37:47", "elapsed": 6385.300144, "delta": 24.731243}}
{"target": 2.1196095618872524, "params": {"h": 58.0, "p": 732.0, "r": 81.0}, "datetime": {"datetime": "2024-05-20 06:38:30", "elapsed": 6428.2092, "delta": 42.909056}}
{"target": 90.74946335154702, "params": {"h": 20.0, "p": 307.0, "r": 37.0}, "datetime": {"datetime": "2024-05-20 06:38:55", "elapsed": 6452.951616, "delta": 24.742416}}
{"target": 51.36640925134674, "params": {"h": 30.0, "p": 285.0, "r": 58.0}, "datetime": {"datetime": "2024-05-20 06:39:14", "elapsed": 6472.054449, "delta": 19.102833}}
{"target": 95.0638351067658, "params": {"h": 44.0, "p": 311.0, "r": 51.0}, "datetime": {"datetime": "2024-05-20 06:39:38", "elapsed": 6496.487787, "delta": 24.433338}}
{"target": 139.19795199333416, "params": {"h": 22.0, "p": 308.0, "r": 43.0}, "datetime": {"datetime": "2024-05-20 06:40:02", "elapsed": 6520.602339, "delta": 24.114552}}
{"target": 143.12284745583335, "params": {"h": 23.0, "p": 311.0, "r": 41.0}, "datetime": {"datetime": "2024-05-20 06:40:26", "elapsed": 6544.700891, "delta": 24.098552}}
{"target": 137.8341277304157, "params": {"h": 27.0, "p": 315.0, "r": 46.0}, "datetime": {"datetime": "2024-05-20 06:40:51", "elapsed": 6569.619435, "delta": 24.918544}}
