{"target": 166.2948270113531, "params": {"h": 21.0, "p": 300.0, "r": 41.0}, "datetime": {"datetime": "2024-05-08 17:21:33", "elapsed": 3433.72482, "delta": 19.810736}}
{"target": 64.61609074160853, "params": {"h": 41.0, "p": 271.0, "r": 60.0}, "datetime": {"datetime": "2024-05-08 17:21:50", "elapsed": 3450.928982, "delta": 17.204162}}
{"target": 56.08110409216965, "params": {"h": 43.0, "p": 287.0, "r": 63.0}, "datetime": {"datetime": "2024-05-08 17:22:08", "elapsed": 3468.493935, "delta": 17.564953}}
{"target": 101.62443765040285, "params": {"h": 41.0, "p": 314.0, "r": 50.0}, "datetime": {"datetime": "2024-05-08 17:22:29", "elapsed": 3489.751663, "delta": 21.257728}}
{"target": 174.38540827404688, "params": {"h": 17.0, "p": 307.0, "r": 37.0}, "datetime": {"datetime": "2024-05-08 17:22:51", "elapsed": 3512.301694, "delta": 22.550031}}
{"target": 167.79615489715917, "params": {"h": 20.0, "p": 307.0, "r": 39.0}, "datetime": {"datetime": "2024-05-08 17:23:12", "elapsed": 3532.854438, "delta": 20.552744}}
{"target": 127.58377765576448, "params": {"h": 20.0, "p": 307.0, "r": 38.0}, "datetime": {"datetime": "2024-05-08 17:23:32", "elapsed": 3552.853391, "delta": 19.998953}}
{"target": 35.767974297266264, "params": {"h": 16.0, "p": 304.0, "r": 41.0}, "datetime": {"datetime": "2024-05-08 17:23:52", "elapsed": 3573.24435, "delta": 20.390959}}
{"target": 153.66385312311652, "params": {"h": 24.0, "p": 305.0, "r": 43.0}, "datetime": {"datetime": "2024-05-08 17:24:13", "elapsed": 3593.910054, "delta": 20.665704}}
{"target": 77.27153977730885, "params": {"h": 35.0, "p": 316.0, "r": 45.0}, "datetime": {"datetime": "2024-05-08 17:24:35", "elapsed": 3616.185456, "delta": 22.275402}}
{"target": 176.2433380115286, "params": {"h": 19.0, "p": 310.0, "r": 39.0}, "datetime": {"datetime": "2024-05-08 17:24:55", "elapsed": 3636.236398, "delta": 20.050942}}
{"target": 120.92974186277236, "params": {"h": 20.0, "p": 302.0, "r": 42.0}, "datetime": {"datetime": "2024-05-08 17:25:15", "elapsed": 3655.642611, "delta": 19.406213}}
{"target": 56.303974249120365, "params": {"h": 35.0, "p": 292.0, "r": 45.0}, "datetime": {"datetime": "2024-05-08 17:25:36", "elapsed": 3676.601579, "delta": 20.958968}}
{"target": 88.09513131496672, "params": {"h": 31.0, "p": 298.0, "r": 45.0}, "datetime": {"datetime": "2024-05-08 17:25:58", "elapsed": 3698.707988, "delta": 22.106409}}
{"target": 91.34013548386518, "params": {"h": 41.0, "p": 305.0, "r": 50.0}, "datetime": {"datetime": "2024-05-08 17:26:19", "elapsed": 3720.407549, "delta": 21.699561}}
{"target": 86.31955542975116, "params": {"h": 18.0, "p": 312.0, "r": 35.0}, "datetime": {"datetime": "2024-05-08 17:26:40", "elapsed": 3741.471509, "delta": 21.06396}}
{"target": 84.90428571101484, "params": {"h": 39.0, "p": 309.0, "r": 48.0}, "datetime": {"datetime": "2024-05-08 17:27:01", "elapsed": 3761.883747, "delta": 20.412238}}
{"target": 41.29758126072207, "params": {"h": 16.0, "p": 311.0, "r": 40.0}, "datetime": {"datetime": "2024-05-08 17:27:21", "elapsed": 3781.731981, "delta": 19.848234}}
{"target": 78.12861910891151, "params": {"h": 23.0, "p": 310.0, "r": 39.0}, "datetime": {"datetime": "2024-05-08 17:27:43", "elapsed": 3804.094975, "delta": 22.362994}}
{"target": 109.26480103491797, "params": {"h": 30.0, "p": 280.0, "r": 48.0}, "datetime": {"datetime": "2024-05-08 17:28:04", "elapsed": 3824.510968, "delta": 20.415993}}
{"target": 167.598638615232, "params": {"h": 21.0, "p": 308.0, "r": 41.0}, "datetime": {"datetime": "2024-05-08 17:28:25", "elapsed": 3845.883327, "delta": 21.372359}}
{"target": 140.4774810237107, "params": {"h": 15.0, "p": 309.0, "r": 35.0}, "datetime": {"datetime": "2024-05-08 17:28:45", "elapsed": 3866.434223, "delta": 20.550896}}
{"target": 42.89726759791389, "params": {"h": 35.0, "p": 281.0, "r": 44.0}, "datetime": {"datetime": "2024-05-08 17:29:08", "elapsed": 3889.125546, "delta": 22.691323}}
{"target": 103.26541032755549, "params": {"h": 31.0, "p": 286.0, "r": 51.0}, "datetime": {"datetime": "2024-05-08 17:29:27", "elapsed": 3908.377391, "delta": 19.251845}}
{"target": 138.15266280138968, "params": {"h": 15.0, "p": 307.0, "r": 35.0}, "datetime": {"datetime": "2024-05-08 17:29:48", "elapsed": 3929.376067, "delta": 20.998676}}
{"target": 172.0162967816915, "params": {"h": 20.0, "p": 307.0, "r": 40.0}, "datetime": {"datetime": "2024-05-08 17:30:08", "elapsed": 3949.244054, "delta": 19.867987}}
{"target": 147.0346171128391, "params": {"h": 26.0, "p": 321.0, "r": 43.0}, "datetime": {"datetime": "2024-05-08 17:30:29", "elapsed": 3970.328151, "delta": 21.084097}}
{"target": 80.16713331667746, "params": {"h": 28.0, "p": 318.0, "r": 42.0}, "datetime": {"datetime": "2024-05-08 17:30:52", "elapsed": 3992.768199, "delta": 22.440048}}
{"target": 118.97073689872967, "params": {"h": 25.0, "p": 327.0, "r": 45.0}, "datetime": {"datetime": "2024-05-08 17:31:12", "elapsed": 4013.43146, "delta": 20.663261}}
{"target": 156.50729295839636, "params": {"h": 23.0, "p": 304.0, "r": 42.0}, "datetime": {"datetime": "2024-05-08 17:31:33", "elapsed": 4033.802102, "delta": 20.370642}}
{"target": 95.40853388922821, "params": {"h": 20.0, "p": 299.0, "r": 43.0}, "datetime": {"datetime": "2024-05-08 17:31:52", "elapsed": 4052.640606, "delta": 18.838504}}
{"target": 144.0442355044792, "params": {"h": 29.0, "p": 323.0, "r": 45.0}, "datetime": {"datetime": "2024-05-08 17:32:13", "elapsed": 4074.432025, "delta": 21.791419}}
{"target": 140.23936958437793, "params": {"h": 26.0, "p": 323.0, "r": 45.0}, "datetime": {"datetime": "2024-05-08 17:32:34", "elapsed": 4095.205457, "delta": 20.773432}}
{"target": 37.397327115188965, "params": {"h": 20.0, "p": 328.0, "r": 45.0}, "datetime": {"datetime": "2024-05-08 17:32:54", "elapsed": 4114.71908, "delta": 19.513623}}
{"target": 149.25153832382648, "params": {"h": 24.0, "p": 303.0, "r": 44.0}, "datetime": {"datetime": "2024-05-08 17:33:14", "elapsed": 4134.513829, "delta": 19.794749}}
{"target": 161.95067188243738, "params": {"h": 21.0, "p": 292.0, "r": 41.0}, "datetime": {"datetime": "2024-05-08 17:33:33", "elapsed": 4154.189102, "delta": 19.675273}}
{"target": 142.67910997240628, "params": {"h": 23.0, "p": 287.0, "r": 44.0}, "datetime": {"datetime": "2024-05-08 17:33:53", "elapsed": 4173.691687, "delta": 19.502585}}
{"target": 136.58466549126302, "params": {"h": 24.0, "p": 293.0, "r": 45.0}, "datetime": {"datetime": "2024-05-08 17:34:12", "elapsed": 4192.549884, "delta": 18.858197}}
{"target": 142.3422792001063, "params": {"h": 23.0, "p": 290.0, "r": 42.0}, "datetime": {"datetime": "2024-05-08 17:34:32", "elapsed": 4212.523124, "delta": 19.97324}}
{"target": 40.50081581867887, "params": {"h": 21.0, "p": 287.0, "r": 36.0}, "datetime": {"datetime": "2024-05-08 17:34:55", "elapsed": 4236.074615, "delta": 23.551491}}
{"target": 151.15145708138178, "params": {"h": 26.0, "p": 323.0, "r": 43.0}, "datetime": {"datetime": "2024-05-08 17:35:18", "elapsed": 4258.7359, "delta": 22.661285}}
{"target": 118.18746223206537, "params": {"h": 27.0, "p": 290.0, "r": 48.0}, "datetime": {"datetime": "2024-05-08 17:35:38", "elapsed": 4278.922002, "delta": 20.186102}}
{"target": 112.83876666127676, "params": {"h": 26.0, "p": 284.0, "r": 48.0}, "datetime": {"datetime": "2024-05-08 17:35:57", "elapsed": 4298.446968, "delta": 19.524966}}
{"target": 158.00869405197886, "params": {"h": 22.0, "p": 294.0, "r": 42.0}, "datetime": {"datetime": "2024-05-08 17:36:17", "elapsed": 4318.170244, "delta": 19.723276}}
{"target": 60.95208610442655, "params": {"h": 19.0, "p": 293.0, "r": 44.0}, "datetime": {"datetime": "2024-05-08 17:36:36", "elapsed": 4336.554275, "delta": 18.384031}}
{"target": 137.05271118455485, "params": {"h": 23.0, "p": 306.0, "r": 41.0}, "datetime": {"datetime": "2024-05-08 17:36:57", "elapsed": 4358.117956, "delta": 21.563681}}
{"target": 97.644559481529, "params": {"h": 29.0, "p": 322.0, "r": 43.0}, "datetime": {"datetime": "2024-05-08 17:37:19", "elapsed": 4380.339479, "delta": 22.221523}}
{"target": 129.4371357092565, "params": {"h": 34.0, "p": 326.0, "r": 47.0}, "datetime": {"datetime": "2024-05-08 17:37:42", "elapsed": 4402.731423, "delta": 22.391944}}
{"target": 118.73806850303903, "params": {"h": 30.0, "p": 325.0, "r": 48.0}, "datetime": {"datetime": "2024-05-08 17:38:03", "elapsed": 4423.846829, "delta": 21.115406}}
{"target": 89.91559694026745, "params": {"h": 22.0, "p": 293.0, "r": 39.0}, "datetime": {"datetime": "2024-05-08 17:38:23", "elapsed": 4444.349382, "delta": 20.502553}}
{"target": 158.64407429734243, "params": {"h": 20.0, "p": 288.0, "r": 41.0}, "datetime": {"datetime": "2024-05-08 17:38:44", "elapsed": 4464.621051, "delta": 20.271669}}
{"target": 164.3947053894728, "params": {"h": 22.0, "p": 325.0, "r": 40.0}, "datetime": {"datetime": "2024-05-08 17:39:05", "elapsed": 4486.150099, "delta": 21.529048}}
{"target": 42.0845241301073, "params": {"h": 23.0, "p": 324.0, "r": 37.0}, "datetime": {"datetime": "2024-05-08 17:39:29", "elapsed": 4510.308087, "delta": 24.157988}}
{"target": 82.04113542748117, "params": {"h": 19.0, "p": 324.0, "r": 41.0}, "datetime": {"datetime": "2024-05-08 17:39:50", "elapsed": 4530.83648, "delta": 20.528393}}
{"target": 66.79876052809006, "params": {"h": 27.0, "p": 281.0, "r": 42.0}, "datetime": {"datetime": "2024-05-08 17:40:12", "elapsed": 4552.988312, "delta": 22.151832}}
{"target": 172.55537217016297, "params": {"h": 22.0, "p": 323.0, "r": 41.0}, "datetime": {"datetime": "2024-05-08 17:40:34", "elapsed": 4574.575253, "delta": 21.586941}}
{"target": 162.81886057391583, "params": {"h": 22.0, "p": 324.0, "r": 40.0}, "datetime": {"datetime": "2024-05-08 17:40:56", "elapsed": 4596.928131, "delta": 22.352878}}
{"target": 131.249223354586, "params": {"h": 33.0, "p": 323.0, "r": 48.0}, "datetime": {"datetime": "2024-05-08 17:41:20", "elapsed": 4620.884628, "delta": 23.956497}}
{"target": 113.50486033917296, "params": {"h": 40.0, "p": 326.0, "r": 51.0}, "datetime": {"datetime": "2024-05-08 17:41:43", "elapsed": 4643.613481, "delta": 22.728853}}
{"target": 156.90247014106262, "params": {"h": 21.0, "p": 285.0, "r": 41.0}, "datetime": {"datetime": "2024-05-08 17:42:02", "elapsed": 4663.464985, "delta": 19.851504}}
{"target": 96.92812250864168, "params": {"h": 36.0, "p": 331.0, "r": 51.0}, "datetime": {"datetime": "2024-05-08 17:42:23", "elapsed": 4684.247117, "delta": 20.782132}}
{"target": 137.5764955933139, "params": {"h": 21.0, "p": 281.0, "r": 43.0}, "datetime": {"datetime": "2024-05-08 17:42:44", "elapsed": 4705.139104, "delta": 20.891987}}
{"target": 102.89539946931622, "params": {"h": 39.0, "p": 329.0, "r": 47.0}, "datetime": {"datetime": "2024-05-08 17:43:06", "elapsed": 4727.402283, "delta": 22.263179}}
{"target": 117.79143571800915, "params": {"h": 22.0, "p": 276.0, "r": 45.0}, "datetime": {"datetime": "2024-05-08 17:43:25", "elapsed": 4746.370792, "delta": 18.968509}}
{"target": 152.57957512458125, "params": {"h": 22.0, "p": 286.0, "r": 42.0}, "datetime": {"datetime": "2024-05-08 17:43:45", "elapsed": 4765.643926, "delta": 19.273134}}
{"target": 173.10721216798092, "params": {"h": 17.0, "p": 310.0, "r": 37.0}, "datetime": {"datetime": "2024-05-08 17:44:04", "elapsed": 4785.23223, "delta": 19.588304}}
{"target": 172.8164098451665, "params": {"h": 22.0, "p": 325.0, "r": 41.0}, "datetime": {"datetime": "2024-05-08 17:44:28", "elapsed": 4808.831282, "delta": 23.599052}}
{"target": 167.7987003890733, "params": {"h": 24.0, "p": 327.0, "r": 42.0}, "datetime": {"datetime": "2024-05-08 17:44:50", "elapsed": 4830.533642, "delta": 21.70236}}
{"target": 175.69822046997876, "params": {"h": 19.0, "p": 307.0, "r": 39.0}, "datetime": {"datetime": "2024-05-08 17:45:12", "elapsed": 4853.281715, "delta": 22.748073}}
{"target": 42.62314356427707, "params": {"h": 16.0, "p": 273.0, "r": 42.0}, "datetime": {"datetime": "2024-05-08 17:45:32", "elapsed": 4872.566599, "delta": 19.284884}}
{"target": 89.30666804925895, "params": {"h": 27.0, "p": 274.0, "r": 51.0}, "datetime": {"datetime": "2024-05-08 17:45:48", "elapsed": 4889.459039, "delta": 16.89244}}
{"target": 91.29943220845767, "params": {"h": 23.0, "p": 321.0, "r": 45.0}, "datetime": {"datetime": "2024-05-08 17:46:09", "elapsed": 4909.82209, "delta": 20.363051}}
{"target": 106.36893696375482, "params": {"h": 41.0, "p": 337.0, "r": 51.0}, "datetime": {"datetime": "2024-05-08 17:46:31", "elapsed": 4931.990253, "delta": 22.168163}}
{"target": 69.98671905994644, "params": {"h": 44.0, "p": 334.0, "r": 46.0}, "datetime": {"datetime": "2024-05-08 17:46:56", "elapsed": 4956.651952, "delta": 24.661699}}
{"target": 89.09015367090645, "params": {"h": 17.0, "p": 284.0, "r": 40.0}, "datetime": {"datetime": "2024-05-08 17:47:15", "elapsed": 4975.756575, "delta": 19.104623}}
{"target": 156.31029304056605, "params": {"h": 22.0, "p": 302.0, "r": 41.0}, "datetime": {"datetime": "2024-05-08 17:47:36", "elapsed": 4997.146606, "delta": 21.390031}}
{"target": 87.35460804433423, "params": {"h": 35.0, "p": 340.0, "r": 50.0}, "datetime": {"datetime": "2024-05-08 17:47:58", "elapsed": 5019.344675, "delta": 22.198069}}
{"target": 119.16913811684324, "params": {"h": 46.0, "p": 343.0, "r": 50.0}, "datetime": {"datetime": "2024-05-08 17:48:24", "elapsed": 5044.733051, "delta": 25.388376}}
{"target": 113.92700904520636, "params": {"h": 42.0, "p": 345.0, "r": 46.0}, "datetime": {"datetime": "2024-05-08 17:48:48", "elapsed": 5069.103527, "delta": 24.370476}}
{"target": 76.29282581402254, "params": {"h": 41.0, "p": 343.0, "r": 52.0}, "datetime": {"datetime": "2024-05-08 17:49:12", "elapsed": 5093.244412, "delta": 24.140885}}
{"target": 166.38335362891925, "params": {"h": 21.0, "p": 308.0, "r": 40.0}, "datetime": {"datetime": "2024-05-08 17:49:35", "elapsed": 5115.625645, "delta": 22.381233}}
{"target": 164.32986632597547, "params": {"h": 23.0, "p": 324.0, "r": 41.0}, "datetime": {"datetime": "2024-05-08 17:49:56", "elapsed": 5137.407771, "delta": 21.782126}}
{"target": 67.21806515944161, "params": {"h": 48.0, "p": 345.0, "r": 45.0}, "datetime": {"datetime": "2024-05-08 17:50:23", "elapsed": 5163.505967, "delta": 26.098196}}
{"target": 166.04789559007543, "params": {"h": 23.0, "p": 326.0, "r": 41.0}, "datetime": {"datetime": "2024-05-08 17:50:47", "elapsed": 5187.677927, "delta": 24.17196}}
{"target": 55.24696679727195, "params": {"h": 36.0, "p": 323.0, "r": 56.0}, "datetime": {"datetime": "2024-05-08 17:51:08", "elapsed": 5209.278887, "delta": 21.60096}}
{"target": 113.67967984248497, "params": {"h": 23.0, "p": 279.0, "r": 46.0}, "datetime": {"datetime": "2024-05-08 17:51:27", "elapsed": 5227.863329, "delta": 18.584442}}
{"target": 99.17595452848853, "params": {"h": 50.0, "p": 338.0, "r": 53.0}, "datetime": {"datetime": "2024-05-08 17:51:50", "elapsed": 5250.755433, "delta": 22.892104}}
{"target": 99.24226389962159, "params": {"h": 37.0, "p": 345.0, "r": 44.0}, "datetime": {"datetime": "2024-05-08 17:52:16", "elapsed": 5276.661293, "delta": 25.90586}}
{"target": 103.52550060191004, "params": {"h": 40.0, "p": 351.0, "r": 46.0}, "datetime": {"datetime": "2024-05-08 17:52:42", "elapsed": 5302.801943, "delta": 26.14065}}
{"target": 170.65379848490954, "params": {"h": 23.0, "p": 329.0, "r": 41.0}, "datetime": {"datetime": "2024-05-08 17:53:03", "elapsed": 5323.680074, "delta": 20.878131}}
{"target": 162.61667964702502, "params": {"h": 23.0, "p": 322.0, "r": 41.0}, "datetime": {"datetime": "2024-05-08 17:53:27", "elapsed": 5347.912769, "delta": 24.232695}}
{"target": 148.9778439674578, "params": {"h": 20.0, "p": 330.0, "r": 40.0}, "datetime": {"datetime": "2024-05-08 17:53:48", "elapsed": 5369.024564, "delta": 21.111795}}
{"target": 114.81308627994896, "params": {"h": 19.0, "p": 331.0, "r": 36.0}, "datetime": {"datetime": "2024-05-08 17:54:10", "elapsed": 5390.990496, "delta": 21.965932}}
{"target": 130.24670118481475, "params": {"h": 23.0, "p": 339.0, "r": 39.0}, "datetime": {"datetime": "2024-05-08 17:54:34", "elapsed": 5414.880478, "delta": 23.889982}}
{"target": 119.4339273011773, "params": {"h": 24.0, "p": 333.0, "r": 40.0}, "datetime": {"datetime": "2024-05-08 17:54:56", "elapsed": 5437.299194, "delta": 22.418716}}
{"target": 19.9542883329336, "params": {"h": 15.0, "p": 341.0, "r": 39.0}, "datetime": {"datetime": "2024-05-08 17:55:17", "elapsed": 5458.419258, "delta": 21.120064}}
{"target": 8.556090231244152, "params": {"h": 25.0, "p": 338.0, "r": 33.0}, "datetime": {"datetime": "2024-05-08 17:55:43", "elapsed": 5483.917065, "delta": 25.497807}}
{"target": 61.63500679776759, "params": {"h": 25.0, "p": 341.0, "r": 46.0}, "datetime": {"datetime": "2024-05-08 17:56:04", "elapsed": 5504.875795, "delta": 20.95873}}
{"target": 136.85499016105922, "params": {"h": 18.0, "p": 309.0, "r": 39.0}, "datetime": {"datetime": "2024-05-08 17:56:25", "elapsed": 5525.490488, "delta": 20.614693}}
{"target": 173.68424872531668, "params": {"h": 20.0, "p": 335.0, "r": 39.0}, "datetime": {"datetime": "2024-05-08 17:56:46", "elapsed": 5547.417631, "delta": 21.927143}}
{"target": 32.95897708310775, "params": {"h": 18.0, "p": 337.0, "r": 42.0}, "datetime": {"datetime": "2024-05-08 17:57:07", "elapsed": 5567.538321, "delta": 20.12069}}
{"target": 125.28927593595708, "params": {"h": 25.0, "p": 329.0, "r": 41.0}, "datetime": {"datetime": "2024-05-08 17:57:28", "elapsed": 5588.643661, "delta": 21.10534}}
{"target": 101.95941284169285, "params": {"h": 47.0, "p": 331.0, "r": 53.0}, "datetime": {"datetime": "2024-05-08 17:57:50", "elapsed": 5611.111449, "delta": 22.467788}}
{"target": 173.02338146379398, "params": {"h": 20.0, "p": 311.0, "r": 39.0}, "datetime": {"datetime": "2024-05-08 17:58:14", "elapsed": 5634.493191, "delta": 23.381742}}
{"target": 35.05108744990751, "params": {"h": 44.0, "p": 351.0, "r": 53.0}, "datetime": {"datetime": "2024-05-08 17:58:35", "elapsed": 5655.676099, "delta": 21.182908}}
{"target": 16.075193382784256, "params": {"h": 40.0, "p": 354.0, "r": 38.0}, "datetime": {"datetime": "2024-05-08 17:59:03", "elapsed": 5683.538561, "delta": 27.862462}}
{"target": 52.33112736954102, "params": {"h": 40.0, "p": 334.0, "r": 56.0}, "datetime": {"datetime": "2024-05-08 17:59:24", "elapsed": 5705.466809, "delta": 21.928248}}
{"target": 64.02229253489824, "params": {"h": 33.0, "p": 349.0, "r": 48.0}, "datetime": {"datetime": "2024-05-08 17:59:47", "elapsed": 5727.652396, "delta": 22.185587}}
{"target": 53.97130931087858, "params": {"h": 55.0, "p": 344.0, "r": 57.0}, "datetime": {"datetime": "2024-05-08 18:00:11", "elapsed": 5752.29429, "delta": 24.641894}}
{"target": 93.2979773280142, "params": {"h": 54.0, "p": 332.0, "r": 50.0}, "datetime": {"datetime": "2024-05-08 18:00:37", "elapsed": 5777.567441, "delta": 25.273151}}
{"target": 109.22399799430785, "params": {"h": 46.0, "p": 339.0, "r": 48.0}, "datetime": {"datetime": "2024-05-08 18:01:02", "elapsed": 5803.112638, "delta": 25.545197}}
{"target": 45.11299605529322, "params": {"h": 42.0, "p": 340.0, "r": 43.0}, "datetime": {"datetime": "2024-05-08 18:01:27", "elapsed": 5827.912139, "delta": 24.799501}}
{"target": 132.00140393978904, "params": {"h": 21.0, "p": 333.0, "r": 38.0}, "datetime": {"datetime": "2024-05-08 18:01:51", "elapsed": 5851.977371, "delta": 24.065232}}
{"target": 162.62849033323468, "params": {"h": 23.0, "p": 328.0, "r": 42.0}, "datetime": {"datetime": "2024-05-08 18:02:13", "elapsed": 5874.17391, "delta": 22.196539}}
{"target": 23.391831073681555, "params": {"h": 20.0, "p": 267.0, "r": 58.0}, "datetime": {"datetime": "2024-05-08 18:02:28", "elapsed": 5889.157363, "delta": 14.983453}}
{"target": 37.320634986372674, "params": {"h": 18.0, "p": 335.0, "r": 33.0}, "datetime": {"datetime": "2024-05-08 18:02:52", "elapsed": 5912.716118, "delta": 23.558755}}
{"target": 23.2723805402494, "params": {"h": 59.0, "p": 338.0, "r": 43.0}, "datetime": {"datetime": "2024-05-08 18:03:20", "elapsed": 5941.194493, "delta": 28.478375}}
{"target": 142.80894587783808, "params": {"h": 23.0, "p": 329.0, "r": 40.0}, "datetime": {"datetime": "2024-05-08 18:03:43", "elapsed": 5964.439289, "delta": 23.244796}}
{"target": 141.94152884209524, "params": {"h": 26.0, "p": 300.0, "r": 45.0}, "datetime": {"datetime": "2024-05-08 18:04:05", "elapsed": 5986.012709, "delta": 21.57342}}
{"target": 169.544933486151, "params": {"h": 22.0, "p": 330.0, "r": 41.0}, "datetime": {"datetime": "2024-05-08 18:04:27", "elapsed": 6008.478164, "delta": 22.465455}}
