{"target": 0.9782541186711194, "params": {"h": 26.0, "p": 886.0, "r": 122.0}, "datetime": {"datetime": "2024-05-12 01:20:32", "elapsed": 0.0, "delta": 0.0}}
{"target": 10.782344652299669, "params": {"h": 46.0, "p": 117.0, "r": 30.0}, "datetime": {"datetime": "2024-05-12 01:20:51", "elapsed": 18.412418, "delta": 18.412418}}
{"target": 0.055943340022281005, "params": {"h": 35.0, "p": 934.0, "r": 21.0}, "datetime": {"datetime": "2024-05-12 01:21:58", "elapsed": 85.343956, "delta": 66.931538}}
{"target": 0.0, "params": {"h": 51.0, "p": 207.0, "r": 150.0}, "datetime": {"datetime": "2024-05-12 01:21:58", "elapsed": 85.343956, "delta": 0.0}}
{"target": 2.4326198544508326, "params": {"h": 56.0, "p": 637.0, "r": 86.0}, "datetime": {"datetime": "2024-05-12 01:22:26", "elapsed": 113.913199, "delta": 28.569243}}
{"target": 6.349105676605633, "params": {"h": 50.0, "p": 472.0, "r": 129.0}, "datetime": {"datetime": "2024-05-12 01:22:43", "elapsed": 130.840564, "delta": 16.927365}}
{"target": 1.3434948608380035, "params": {"h": 32.0, "p": 782.0, "r": 82.0}, "datetime": {"datetime": "2024-05-12 01:23:18", "elapsed": 165.283045, "delta": 34.442481}}
{"target": 11.560509187030574, "params": {"h": 23.0, "p": 310.0, "r": 101.0}, "datetime": {"datetime": "2024-05-12 01:23:31", "elapsed": 178.319787, "delta": 13.036742}}
{"target": 4.060072671645278, "params": {"h": 39.0, "p": 695.0, "r": 42.0}, "datetime": {"datetime": "2024-05-12 01:24:08", "elapsed": 215.359274, "delta": 37.039487}}
{"target": 2.8314280832036247, "params": {"h": 15.0, "p": 398.0, "r": 60.0}, "datetime": {"datetime": "2024-05-12 01:24:25", "elapsed": 232.942216, "delta": 17.582942}}
{"target": 11.373328024720067, "params": {"h": 44.0, "p": 116.0, "r": 30.0}, "datetime": {"datetime": "2024-05-12 01:24:42", "elapsed": 250.010478, "delta": 17.068262}}
{"target": 14.000336659479807, "params": {"h": 34.0, "p": 111.0, "r": 30.0}, "datetime": {"datetime": "2024-05-12 01:24:59", "elapsed": 266.983152, "delta": 16.972674}}
{"target": 0.0, "params": {"h": 21.0, "p": 100.0, "r": 32.0}, "datetime": {"datetime": "2024-05-12 01:25:00", "elapsed": 267.592561, "delta": 0.609409}}
{"target": 8.004220126394245, "params": {"h": 36.0, "p": 111.0, "r": 26.0}, "datetime": {"datetime": "2024-05-12 01:25:20", "elapsed": 287.211709, "delta": 19.619148}}
{"target": 0.0, "params": {"h": 41.0, "p": 113.0, "r": 34.0}, "datetime": {"datetime": "2024-05-12 01:25:20", "elapsed": 287.383592, "delta": 0.171883}}
{"target": 12.383605173300058, "params": {"h": 32.0, "p": 115.0, "r": 29.0}, "datetime": {"datetime": "2024-05-12 01:25:36", "elapsed": 303.996507, "delta": 16.612915}}
{"target": 12.602354453364745, "params": {"h": 37.0, "p": 115.0, "r": 30.0}, "datetime": {"datetime": "2024-05-12 01:25:54", "elapsed": 322.093558, "delta": 18.097051}}
{"target": 11.2763353764494, "params": {"h": 23.0, "p": 313.0, "r": 102.0}, "datetime": {"datetime": "2024-05-12 01:26:07", "elapsed": 334.973196, "delta": 12.879638}}
{"target": 0.0, "params": {"h": 31.0, "p": 108.0, "r": 30.0}, "datetime": {"datetime": "2024-05-12 01:26:07", "elapsed": 335.035697, "delta": 0.062501}}
{"target": 11.155529098550081, "params": {"h": 34.0, "p": 112.0, "r": 28.0}, "datetime": {"datetime": "2024-05-12 01:26:23", "elapsed": 350.992106, "delta": 15.956409}}
{"target": 9.892322299229596, "params": {"h": 35.0, "p": 115.0, "r": 28.0}, "datetime": {"datetime": "2024-05-12 01:26:40", "elapsed": 368.010928, "delta": 17.018822}}
{"target": 9.388923205654908, "params": {"h": 42.0, "p": 120.0, "r": 29.0}, "datetime": {"datetime": "2024-05-12 01:26:59", "elapsed": 387.031378, "delta": 19.02045}}
{"target": 17.556246750882657, "params": {"h": 19.0, "p": 310.0, "r": 104.0}, "datetime": {"datetime": "2024-05-12 01:27:14", "elapsed": 401.754622, "delta": 14.723244}}
{"target": 13.560762637489825, "params": {"h": 25.0, "p": 307.0, "r": 106.0}, "datetime": {"datetime": "2024-05-12 01:27:27", "elapsed": 414.727792, "delta": 12.97317}}
{"target": 24.433597380586747, "params": {"h": 19.0, "p": 307.0, "r": 105.0}, "datetime": {"datetime": "2024-05-12 01:27:41", "elapsed": 428.217694, "delta": 13.489902}}
{"target": 14.67971188625861, "params": {"h": 21.0, "p": 300.0, "r": 104.0}, "datetime": {"datetime": "2024-05-12 01:27:53", "elapsed": 441.191868, "delta": 12.974174}}
{"target": 18.99337366794902, "params": {"h": 17.0, "p": 305.0, "r": 102.0}, "datetime": {"datetime": "2024-05-12 01:28:11", "elapsed": 458.495408, "delta": 17.30354}}
{"target": 35.27554380271651, "params": {"h": 21.0, "p": 305.0, "r": 113.0}, "datetime": {"datetime": "2024-05-12 01:28:24", "elapsed": 471.64131, "delta": 13.145902}}
{"target": 13.448736021416032, "params": {"h": 18.0, "p": 307.0, "r": 111.0}, "datetime": {"datetime": "2024-05-12 01:28:40", "elapsed": 487.490791, "delta": 15.849481}}
{"target": 41.16055128224343, "params": {"h": 23.0, "p": 307.0, "r": 117.0}, "datetime": {"datetime": "2024-05-12 01:28:52", "elapsed": 499.55918, "delta": 12.068389}}
{"target": 23.70392019733596, "params": {"h": 22.0, "p": 302.0, "r": 120.0}, "datetime": {"datetime": "2024-05-12 01:29:05", "elapsed": 512.750795, "delta": 13.191615}}
{"target": 30.95311591076884, "params": {"h": 29.0, "p": 307.0, "r": 120.0}, "datetime": {"datetime": "2024-05-12 01:29:17", "elapsed": 524.458956, "delta": 11.708161}}
{"target": 17.33422956445775, "params": {"h": 22.0, "p": 309.0, "r": 124.0}, "datetime": {"datetime": "2024-05-12 01:29:31", "elapsed": 538.558779, "delta": 14.099823}}
{"target": 22.09965833207666, "params": {"h": 27.0, "p": 304.0, "r": 116.0}, "datetime": {"datetime": "2024-05-12 01:29:43", "elapsed": 550.345514, "delta": 11.786735}}
{"target": 40.03422367310189, "params": {"h": 24.0, "p": 306.0, "r": 120.0}, "datetime": {"datetime": "2024-05-12 01:29:56", "elapsed": 563.412159, "delta": 13.066645}}
{"target": 79.08325043333544, "params": {"h": 26.0, "p": 307.0, "r": 121.0}, "datetime": {"datetime": "2024-05-12 01:30:08", "elapsed": 575.933388, "delta": 12.521229}}
{"target": 89.21108926803763, "params": {"h": 27.0, "p": 308.0, "r": 123.0}, "datetime": {"datetime": "2024-05-12 01:30:20", "elapsed": 587.873826, "delta": 11.940438}}
{"target": 66.53026811670271, "params": {"h": 28.0, "p": 313.0, "r": 125.0}, "datetime": {"datetime": "2024-05-12 01:30:32", "elapsed": 599.472915, "delta": 11.599089}}
{"target": 106.95431201151139, "params": {"h": 30.0, "p": 307.0, "r": 125.0}, "datetime": {"datetime": "2024-05-12 01:30:42", "elapsed": 610.180478, "delta": 10.707563}}
{"target": 0.0, "params": {"h": 32.0, "p": 299.0, "r": 125.0}, "datetime": {"datetime": "2024-05-12 01:30:43", "elapsed": 610.258606, "delta": 0.078128}}
{"target": 44.98665606369987, "params": {"h": 34.0, "p": 304.0, "r": 126.0}, "datetime": {"datetime": "2024-05-12 01:30:54", "elapsed": 621.390349, "delta": 11.131743}}
{"target": 23.110607485517328, "params": {"h": 25.0, "p": 308.0, "r": 126.0}, "datetime": {"datetime": "2024-05-12 01:31:06", "elapsed": 633.442308, "delta": 12.051959}}
{"target": 59.54853695885193, "params": {"h": 31.0, "p": 315.0, "r": 125.0}, "datetime": {"datetime": "2024-05-12 01:31:17", "elapsed": 645.02654, "delta": 11.584232}}
{"target": 66.74150399479312, "params": {"h": 27.0, "p": 316.0, "r": 121.0}, "datetime": {"datetime": "2024-05-12 01:31:30", "elapsed": 657.625254, "delta": 12.598714}}
{"target": 47.40374097055208, "params": {"h": 30.0, "p": 308.0, "r": 129.0}, "datetime": {"datetime": "2024-05-12 01:31:41", "elapsed": 668.879099, "delta": 11.253845}}
{"target": 29.37688676514039, "params": {"h": 36.0, "p": 311.0, "r": 126.0}, "datetime": {"datetime": "2024-05-12 01:31:52", "elapsed": 680.165326, "delta": 11.286227}}
{"target": 25.988637125431122, "params": {"h": 27.0, "p": 314.0, "r": 118.0}, "datetime": {"datetime": "2024-05-12 01:32:04", "elapsed": 691.842378, "delta": 11.677052}}
{"target": 59.24663862421875, "params": {"h": 27.0, "p": 321.0, "r": 122.0}, "datetime": {"datetime": "2024-05-12 01:32:16", "elapsed": 703.519696, "delta": 11.677318}}
{"target": 48.570718932881455, "params": {"h": 28.0, "p": 316.0, "r": 126.0}, "datetime": {"datetime": "2024-05-12 01:32:27", "elapsed": 715.1035, "delta": 11.583804}}
{"target": 15.609048173808196, "params": {"h": 31.0, "p": 322.0, "r": 118.0}, "datetime": {"datetime": "2024-05-12 01:32:40", "elapsed": 727.311796, "delta": 12.208296}}
{"target": 19.630891985055904, "params": {"h": 22.0, "p": 320.0, "r": 117.0}, "datetime": {"datetime": "2024-05-12 01:32:53", "elapsed": 740.72114, "delta": 13.409344}}
{"target": 16.094218702645726, "params": {"h": 23.0, "p": 320.0, "r": 124.0}, "datetime": {"datetime": "2024-05-12 01:33:06", "elapsed": 753.242439, "delta": 12.521299}}
{"target": 48.63153058048325, "params": {"h": 30.0, "p": 332.0, "r": 125.0}, "datetime": {"datetime": "2024-05-12 01:33:17", "elapsed": 764.886539, "delta": 11.6441}}
{"target": 53.92782783473938, "params": {"h": 26.0, "p": 312.0, "r": 122.0}, "datetime": {"datetime": "2024-05-12 01:33:29", "elapsed": 777.092924, "delta": 12.206385}}
{"target": 24.355036188469455, "params": {"h": 32.0, "p": 319.0, "r": 123.0}, "datetime": {"datetime": "2024-05-12 01:33:42", "elapsed": 789.441972, "delta": 12.349048}}
{"target": 82.70426668373999, "params": {"h": 28.0, "p": 308.0, "r": 124.0}, "datetime": {"datetime": "2024-05-12 01:33:54", "elapsed": 801.258529, "delta": 11.816557}}
{"target": 73.61369331104403, "params": {"h": 30.0, "p": 310.0, "r": 127.0}, "datetime": {"datetime": "2024-05-12 01:34:05", "elapsed": 812.216877, "delta": 10.958348}}
{"target": 28.676137945919606, "params": {"h": 30.0, "p": 311.0, "r": 121.0}, "datetime": {"datetime": "2024-05-12 01:34:17", "elapsed": 824.409378, "delta": 12.192501}}
{"target": 23.588268514704556, "params": {"h": 34.0, "p": 308.0, "r": 123.0}, "datetime": {"datetime": "2024-05-12 01:34:28", "elapsed": 835.367449, "delta": 10.958071}}
{"target": 52.40400933321578, "params": {"h": 26.0, "p": 307.0, "r": 123.0}, "datetime": {"datetime": "2024-05-12 01:34:39", "elapsed": 847.120846, "delta": 11.753397}}
{"target": 118.73943338736159, "params": {"h": 30.0, "p": 304.0, "r": 126.0}, "datetime": {"datetime": "2024-05-12 01:34:51", "elapsed": 859.001405, "delta": 11.880559}}
{"target": 52.77412747256585, "params": {"h": 28.0, "p": 325.0, "r": 124.0}, "datetime": {"datetime": "2024-05-12 01:35:04", "elapsed": 871.989763, "delta": 12.988358}}
{"target": 22.92135531794967, "params": {"h": 31.0, "p": 330.0, "r": 131.0}, "datetime": {"datetime": "2024-05-12 01:35:16", "elapsed": 883.60466, "delta": 11.614897}}
{"target": 0.0, "params": {"h": 30.0, "p": 301.0, "r": 131.0}, "datetime": {"datetime": "2024-05-12 01:35:16", "elapsed": 883.760916, "delta": 0.156256}}
{"target": 0.0, "params": {"h": 31.0, "p": 303.0, "r": 128.0}, "datetime": {"datetime": "2024-05-12 01:35:16", "elapsed": 883.890752, "delta": 0.129836}}
{"target": 24.09960271337894, "params": {"h": 33.0, "p": 305.0, "r": 122.0}, "datetime": {"datetime": "2024-05-12 01:35:28", "elapsed": 895.431846, "delta": 11.541094}}
{"target": 88.38602402957656, "params": {"h": 28.0, "p": 302.0, "r": 122.0}, "datetime": {"datetime": "2024-05-12 01:35:39", "elapsed": 906.99964, "delta": 11.567794}}
{"target": 0.0, "params": {"h": 28.0, "p": 301.0, "r": 126.0}, "datetime": {"datetime": "2024-05-12 01:35:40", "elapsed": 907.234032, "delta": 0.234392}}
{"target": 43.21433952844009, "params": {"h": 31.0, "p": 304.0, "r": 123.0}, "datetime": {"datetime": "2024-05-12 01:35:51", "elapsed": 918.586821, "delta": 11.352789}}
{"target": 44.06790528053446, "params": {"h": 32.0, "p": 326.0, "r": 125.0}, "datetime": {"datetime": "2024-05-12 01:36:03", "elapsed": 930.434261, "delta": 11.84744}}
{"target": 88.30487176876267, "params": {"h": 32.0, "p": 318.0, "r": 128.0}, "datetime": {"datetime": "2024-05-12 01:36:14", "elapsed": 941.499977, "delta": 11.065716}}
{"target": 66.89187535577025, "params": {"h": 28.0, "p": 310.0, "r": 125.0}, "datetime": {"datetime": "2024-05-12 01:36:25", "elapsed": 953.16008, "delta": 11.660103}}
{"target": 47.289032795103594, "params": {"h": 34.0, "p": 320.0, "r": 127.0}, "datetime": {"datetime": "2024-05-12 01:36:38", "elapsed": 965.322522, "delta": 12.162442}}
{"target": 94.92587443097482, "params": {"h": 33.0, "p": 315.0, "r": 128.0}, "datetime": {"datetime": "2024-05-12 01:36:50", "elapsed": 977.748326, "delta": 12.425804}}
{"target": 27.092899506122325, "params": {"h": 27.0, "p": 320.0, "r": 126.0}, "datetime": {"datetime": "2024-05-12 01:37:02", "elapsed": 989.735533, "delta": 11.987207}}
{"target": 71.8267237848719, "params": {"h": 32.0, "p": 312.0, "r": 126.0}, "datetime": {"datetime": "2024-05-12 01:37:14", "elapsed": 1001.319393, "delta": 11.58386}}
{"target": 95.39000184594553, "params": {"h": 31.0, "p": 312.0, "r": 127.0}, "datetime": {"datetime": "2024-05-12 01:37:25", "elapsed": 1012.559197, "delta": 11.239804}}
{"target": 19.596076379055326, "params": {"h": 28.0, "p": 316.0, "r": 132.0}, "datetime": {"datetime": "2024-05-12 01:37:36", "elapsed": 1024.141412, "delta": 11.582215}}
{"target": 84.13527438657594, "params": {"h": 35.0, "p": 316.0, "r": 132.0}, "datetime": {"datetime": "2024-05-12 01:37:49", "elapsed": 1036.459556, "delta": 12.318144}}
{"target": 82.90410326245356, "params": {"h": 38.0, "p": 316.0, "r": 131.0}, "datetime": {"datetime": "2024-05-12 01:38:00", "elapsed": 1047.212326, "delta": 10.75277}}
{"target": 14.348915931179945, "params": {"h": 33.0, "p": 331.0, "r": 120.0}, "datetime": {"datetime": "2024-05-12 01:38:13", "elapsed": 1060.246592, "delta": 13.034266}}
{"target": 25.877347185221634, "params": {"h": 33.0, "p": 320.0, "r": 134.0}, "datetime": {"datetime": "2024-05-12 01:38:25", "elapsed": 1072.609676, "delta": 12.363084}}
{"target": 28.84194861490347, "params": {"h": 27.0, "p": 305.0, "r": 127.0}, "datetime": {"datetime": "2024-05-12 01:38:36", "elapsed": 1083.614939, "delta": 11.005263}}
{"target": 109.8502968458293, "params": {"h": 38.0, "p": 314.0, "r": 132.0}, "datetime": {"datetime": "2024-05-12 01:38:48", "elapsed": 1095.61833, "delta": 12.003391}}
{"target": 0.0, "params": {"h": 33.0, "p": 310.0, "r": 134.0}, "datetime": {"datetime": "2024-05-12 01:38:48", "elapsed": 1096.008976, "delta": 0.390646}}
{"target": 77.03797757643692, "params": {"h": 33.0, "p": 313.0, "r": 127.0}, "datetime": {"datetime": "2024-05-12 01:39:00", "elapsed": 1107.721745, "delta": 11.712769}}
{"target": 60.557020230891055, "params": {"h": 40.0, "p": 313.0, "r": 131.0}, "datetime": {"datetime": "2024-05-12 01:39:10", "elapsed": 1117.789442, "delta": 10.067697}}
{"target": 74.85877823716903, "params": {"h": 26.0, "p": 302.0, "r": 122.0}, "datetime": {"datetime": "2024-05-12 01:39:22", "elapsed": 1129.31077, "delta": 11.521328}}
{"target": 102.80694888570227, "params": {"h": 36.0, "p": 315.0, "r": 131.0}, "datetime": {"datetime": "2024-05-12 01:39:34", "elapsed": 1141.988368, "delta": 12.677598}}
{"target": 112.81803632775896, "params": {"h": 31.0, "p": 304.0, "r": 126.0}, "datetime": {"datetime": "2024-05-12 01:39:46", "elapsed": 1153.431142, "delta": 11.442774}}
{"target": 90.53637713157225, "params": {"h": 35.0, "p": 317.0, "r": 129.0}, "datetime": {"datetime": "2024-05-12 01:39:57", "elapsed": 1164.81194, "delta": 11.380798}}
{"target": 113.07786635944005, "params": {"h": 31.0, "p": 305.0, "r": 126.0}, "datetime": {"datetime": "2024-05-12 01:40:08", "elapsed": 1175.502906, "delta": 10.690966}}
{"target": 92.77429804670905, "params": {"h": 29.0, "p": 304.0, "r": 126.0}, "datetime": {"datetime": "2024-05-12 01:40:20", "elapsed": 1187.664281, "delta": 12.161375}}
{"target": 0.0, "params": {"h": 39.0, "p": 315.0, "r": 137.0}, "datetime": {"datetime": "2024-05-12 01:40:20", "elapsed": 1187.961173, "delta": 0.296892}}
{"target": 42.692854862506884, "params": {"h": 32.0, "p": 312.0, "r": 130.0}, "datetime": {"datetime": "2024-05-12 01:40:32", "elapsed": 1200.049545, "delta": 12.088372}}
{"target": 16.495839758808057, "params": {"h": 24.0, "p": 331.0, "r": 121.0}, "datetime": {"datetime": "2024-05-12 01:40:46", "elapsed": 1213.77345, "delta": 13.723905}}
{"target": 93.47866862186348, "params": {"h": 25.0, "p": 299.0, "r": 120.0}, "datetime": {"datetime": "2024-05-12 01:40:59", "elapsed": 1226.215577, "delta": 12.442127}}
{"target": 22.475210897617274, "params": {"h": 30.0, "p": 294.0, "r": 117.0}, "datetime": {"datetime": "2024-05-12 01:41:09", "elapsed": 1237.124762, "delta": 10.909185}}
{"target": 82.84744408894534, "params": {"h": 27.0, "p": 297.0, "r": 122.0}, "datetime": {"datetime": "2024-05-12 01:41:21", "elapsed": 1248.223971, "delta": 11.099209}}
{"target": 0.0, "params": {"h": 24.0, "p": 290.0, "r": 123.0}, "datetime": {"datetime": "2024-05-12 01:41:21", "elapsed": 1248.520862, "delta": 0.296891}}
{"target": 23.50459312078772, "params": {"h": 28.0, "p": 301.0, "r": 117.0}, "datetime": {"datetime": "2024-05-12 01:41:32", "elapsed": 1259.920791, "delta": 11.399929}}
{"target": 51.85267159216561, "params": {"h": 32.0, "p": 318.0, "r": 130.0}, "datetime": {"datetime": "2024-05-12 01:41:45", "elapsed": 1272.314681, "delta": 12.39389}}
{"target": 8.598506866762172, "params": {"h": 32.0, "p": 350.0, "r": 126.0}, "datetime": {"datetime": "2024-05-12 01:41:57", "elapsed": 1285.14803, "delta": 12.833349}}
{"target": 68.8913904596028, "params": {"h": 26.0, "p": 297.0, "r": 119.0}, "datetime": {"datetime": "2024-05-12 01:42:10", "elapsed": 1297.309575, "delta": 12.161545}}
{"target": 0.0, "params": {"h": 36.0, "p": 316.0, "r": 134.0}, "datetime": {"datetime": "2024-05-12 01:42:10", "elapsed": 1297.684595, "delta": 0.37502}}
{"target": 5.386128893731637, "params": {"h": 58.0, "p": 602.0, "r": 56.0}, "datetime": {"datetime": "2024-05-12 01:42:42", "elapsed": 1329.708915, "delta": 32.02432}}
{"target": 96.41844451597254, "params": {"h": 29.0, "p": 305.0, "r": 124.0}, "datetime": {"datetime": "2024-05-12 01:42:54", "elapsed": 1341.512069, "delta": 11.803154}}
{"target": 1.3200631175285789, "params": {"h": 57.0, "p": 874.0, "r": 78.0}, "datetime": {"datetime": "2024-05-12 01:43:40", "elapsed": 1388.11133, "delta": 46.599261}}
{"target": 22.26346527248292, "params": {"h": 44.0, "p": 319.0, "r": 130.0}, "datetime": {"datetime": "2024-05-12 01:43:53", "elapsed": 1400.287809, "delta": 12.176479}}
{"target": 4.326568857124332, "params": {"h": 37.0, "p": 395.0, "r": 111.0}, "datetime": {"datetime": "2024-05-12 01:44:07", "elapsed": 1414.885196, "delta": 14.597387}}
{"target": 29.107707440579812, "params": {"h": 39.0, "p": 315.0, "r": 128.0}, "datetime": {"datetime": "2024-05-12 01:44:19", "elapsed": 1426.405285, "delta": 11.520089}}
{"target": 67.3469577664758, "params": {"h": 27.0, "p": 299.0, "r": 120.0}, "datetime": {"datetime": "2024-05-12 01:44:29", "elapsed": 1437.191484, "delta": 10.786199}}
{"target": 16.788374229896633, "params": {"h": 29.0, "p": 339.0, "r": 127.0}, "datetime": {"datetime": "2024-05-12 01:44:42", "elapsed": 1449.571488, "delta": 12.380004}}
{"target": 15.777446471803723, "params": {"h": 19.0, "p": 297.0, "r": 120.0}, "datetime": {"datetime": "2024-05-12 01:44:57", "elapsed": 1464.497133, "delta": 14.925645}}
{"target": 0.0, "params": {"h": 38.0, "p": 311.0, "r": 131.0}, "datetime": {"datetime": "2024-05-12 01:44:57", "elapsed": 1464.68464, "delta": 0.187507}}
{"target": 43.11399033221172, "params": {"h": 25.0, "p": 297.0, "r": 123.0}, "datetime": {"datetime": "2024-05-12 01:45:09", "elapsed": 1476.690415, "delta": 12.005775}}
{"target": 71.94413350788665, "params": {"h": 38.0, "p": 315.0, "r": 132.0}, "datetime": {"datetime": "2024-05-12 01:45:20", "elapsed": 1487.600484, "delta": 10.910069}}
{"target": 96.49233160370453, "params": {"h": 26.0, "p": 300.0, "r": 121.0}, "datetime": {"datetime": "2024-05-12 01:45:32", "elapsed": 1499.634821, "delta": 12.034337}}
{"target": 76.56055745079404, "params": {"h": 30.0, "p": 309.0, "r": 124.0}, "datetime": {"datetime": "2024-05-12 01:45:44", "elapsed": 1512.017461, "delta": 12.38264}}
{"target": 42.18654645342411, "params": {"h": 24.0, "p": 298.0, "r": 121.0}, "datetime": {"datetime": "2024-05-12 01:45:57", "elapsed": 1524.877994, "delta": 12.860533}}
{"target": 12.716708488548065, "params": {"h": 43.0, "p": 359.0, "r": 58.0}, "datetime": {"datetime": "2024-05-12 01:46:18", "elapsed": 1545.461825, "delta": 20.583831}}
{"target": 26.724194021432513, "params": {"h": 36.0, "p": 316.0, "r": 126.0}, "datetime": {"datetime": "2024-05-12 01:46:30", "elapsed": 1557.45001, "delta": 11.988185}}
{"target": 0.7284501162082926, "params": {"h": 24.0, "p": 431.0, "r": 25.0}, "datetime": {"datetime": "2024-05-12 01:47:01", "elapsed": 1588.220865, "delta": 30.770855}}
{"target": 35.80729512249522, "params": {"h": 28.0, "p": 312.0, "r": 127.0}, "datetime": {"datetime": "2024-05-12 01:47:13", "elapsed": 1600.304565, "delta": 12.0837}}
{"target": 2.4199778869993818, "params": {"h": 22.0, "p": 630.0, "r": 64.0}, "datetime": {"datetime": "2024-05-12 01:47:40", "elapsed": 1627.3252, "delta": 27.020635}}
{"target": 1.3132457647025106, "params": {"h": 22.0, "p": 898.0, "r": 33.0}, "datetime": {"datetime": "2024-05-12 01:48:33", "elapsed": 1680.833631, "delta": 53.508431}}
{"target": 103.44731078312019, "params": {"h": 35.0, "p": 315.0, "r": 131.0}, "datetime": {"datetime": "2024-05-12 01:48:45", "elapsed": 1692.838951, "delta": 12.00532}}
{"target": 50.93145518582307, "params": {"h": 31.0, "p": 315.0, "r": 129.0}, "datetime": {"datetime": "2024-05-12 01:48:57", "elapsed": 1704.515902, "delta": 11.676951}}
{"target": 69.92333417293969, "params": {"h": 29.0, "p": 295.0, "r": 122.0}, "datetime": {"datetime": "2024-05-12 01:49:09", "elapsed": 1716.537032, "delta": 12.02113}}
{"target": 1.6791527131169588, "params": {"h": 19.0, "p": 761.0, "r": 138.0}, "datetime": {"datetime": "2024-05-12 01:49:52", "elapsed": 1759.311632, "delta": 42.7746}}
