{"target": 1.4605034754695776, "params": {"h": 16.0, "p": 676.0, "r": 98.0}, "datetime": {"datetime": "2024-05-20 02:44:29", "elapsed": 3569.771968, "delta": 40.870757}}
{"target": 21.832730677531707, "params": {"h": 33.0, "p": 315.0, "r": 68.0}, "datetime": {"datetime": "2024-05-20 02:44:49", "elapsed": 3589.252115, "delta": 19.480147}}
{"target": 2.650048561692551, "params": {"h": 17.0, "p": 517.0, "r": 121.0}, "datetime": {"datetime": "2024-05-20 02:45:20", "elapsed": 3621.043979, "delta": 31.791864}}
{"target": 0.152104788839218, "params": {"h": 57.0, "p": 401.0, "r": 17.0}, "datetime": {"datetime": "2024-05-20 02:46:29", "elapsed": 3689.367063, "delta": 68.323084}}
{"target": 0.0253763065612902, "params": {"h": 57.0, "p": 882.0, "r": 16.0}, "datetime": {"datetime": "2024-05-20 02:48:10", "elapsed": 3790.752479, "delta": 101.385416}}
{"target": 4.5308558624479796, "params": {"h": 59.0, "p": 606.0, "r": 147.0}, "datetime": {"datetime": "2024-05-20 02:48:36", "elapsed": 3816.42759, "delta": 25.675111}}
{"target": 4.842746254993336, "params": {"h": 16.0, "p": 745.0, "r": 40.0}, "datetime": {"datetime": "2024-05-20 02:49:18", "elapsed": 3858.630589, "delta": 42.202999}}
{"target": 75.15629227404499, "params": {"h": 52.0, "p": 296.0, "r": 54.0}, "datetime": {"datetime": "2024-05-20 02:49:43", "elapsed": 3883.179206, "delta": 24.548617}}
{"target": 0.03853383990252857, "params": {"h": 60.0, "p": 644.0, "r": 15.0}, "datetime": {"datetime": "2024-05-20 02:51:07", "elapsed": 3967.311466, "delta": 84.13226}}
{"target": 0.8846157535487679, "params": {"h": 19.0, "p": 832.0, "r": 108.0}, "datetime": {"datetime": "2024-05-20 02:51:58", "elapsed": 4018.560704, "delta": 51.249238}}
{"target": 2.358218640640224, "params": {"h": 16.0, "p": 165.0, "r": 20.0}, "datetime": {"datetime": "2024-05-20 02:52:23", "elapsed": 4043.303635, "delta": 24.742931}}
{"target": 12.34485279503821, "params": {"h": 15.0, "p": 248.0, "r": 81.0}, "datetime": {"datetime": "2024-05-20 02:52:39", "elapsed": 4059.800228, "delta": 16.496593}}
{"target": 76.54777606415219, "params": {"h": 32.0, "p": 310.0, "r": 53.0}, "datetime": {"datetime": "2024-05-20 02:53:01", "elapsed": 4081.597038, "delta": 21.79681}}
{"target": 7.854202887038596, "params": {"h": 59.0, "p": 502.0, "r": 51.0}, "datetime": {"datetime": "2024-05-20 02:53:37", "elapsed": 4117.673966, "delta": 36.076928}}
{"target": 0.036119109462098384, "params": {"h": 58.0, "p": 991.0, "r": 19.0}, "datetime": {"datetime": "2024-05-20 02:55:41", "elapsed": 4241.950781, "delta": 124.276815}}
{"target": 2.597082646552078, "params": {"h": 60.0, "p": 678.0, "r": 134.0}, "datetime": {"datetime": "2024-05-20 02:56:13", "elapsed": 4273.524046, "delta": 31.573265}}
{"target": 0.0, "params": {"h": 17.0, "p": 104.0, "r": 73.0}, "datetime": {"datetime": "2024-05-20 02:56:14", "elapsed": 4274.385929, "delta": 0.861883}}
{"target": 44.32212807728166, "params": {"h": 41.0, "p": 283.0, "r": 67.0}, "datetime": {"datetime": "2024-05-20 02:56:33", "elapsed": 4293.43444, "delta": 19.048511}}
{"target": 6.3509812115174, "params": {"h": 16.0, "p": 443.0, "r": 149.0}, "datetime": {"datetime": "2024-05-20 02:57:09", "elapsed": 4329.561911, "delta": 36.127471}}
{"target": 95.47283883523673, "params": {"h": 36.0, "p": 287.0, "r": 50.0}, "datetime": {"datetime": "2024-05-20 02:57:31", "elapsed": 4351.402878, "delta": 21.840967}}
{"target": 2.4791271302440605, "params": {"h": 17.0, "p": 229.0, "r": 23.0}, "datetime": {"datetime": "2024-05-20 02:57:59", "elapsed": 4379.831621, "delta": 28.428743}}
{"target": 88.33357946456644, "params": {"h": 52.0, "p": 320.0, "r": 56.0}, "datetime": {"datetime": "2024-05-20 02:58:24", "elapsed": 4404.221089, "delta": 24.389468}}
{"target": 5.15823801564257, "params": {"h": 18.0, "p": 363.0, "r": 103.0}, "datetime": {"datetime": "2024-05-20 02:58:45", "elapsed": 4425.587233, "delta": 21.366144}}
{"target": 40.556721490088975, "params": {"h": 55.0, "p": 256.0, "r": 71.0}, "datetime": {"datetime": "2024-05-20 02:59:04", "elapsed": 4444.238771, "delta": 18.651538}}
{"target": 13.471077441428731, "params": {"h": 58.0, "p": 529.0, "r": 147.0}, "datetime": {"datetime": "2024-05-20 02:59:23", "elapsed": 4463.721973, "delta": 19.483202}}
{"target": 1.352576097427477, "params": {"h": 58.0, "p": 916.0, "r": 149.0}, "datetime": {"datetime": "2024-05-20 03:00:15", "elapsed": 4515.970268, "delta": 52.248295}}
{"target": 0.3017194610133208, "params": {"h": 16.0, "p": 484.0, "r": 20.0}, "datetime": {"datetime": "2024-05-20 03:00:56", "elapsed": 4556.704614, "delta": 40.734346}}
{"target": 1.9310883878842526, "params": {"h": 16.0, "p": 643.0, "r": 54.0}, "datetime": {"datetime": "2024-05-20 03:01:31", "elapsed": 4591.277319, "delta": 34.572705}}
{"target": 24.459532779542844, "params": {"h": 53.0, "p": 282.0, "r": 45.0}, "datetime": {"datetime": "2024-05-20 03:01:59", "elapsed": 4619.780154, "delta": 28.502835}}
{"target": 2.5377129247306045, "params": {"h": 15.0, "p": 778.0, "r": 148.0}, "datetime": {"datetime": "2024-05-20 03:03:08", "elapsed": 4689.043691, "delta": 69.263537}}
{"target": 0.572031178169465, "params": {"h": 15.0, "p": 964.0, "r": 94.0}, "datetime": {"datetime": "2024-05-20 03:04:12", "elapsed": 4752.820258, "delta": 63.776567}}
{"target": 0.0, "params": {"h": 59.0, "p": 280.0, "r": 148.0}, "datetime": {"datetime": "2024-05-20 03:04:13", "elapsed": 4753.60272, "delta": 0.782462}}
{"target": 1.3957712860491844, "params": {"h": 57.0, "p": 814.0, "r": 39.0}, "datetime": {"datetime": "2024-05-20 03:05:21", "elapsed": 4821.894238, "delta": 68.291518}}
{"target": 0.0, "params": {"h": 59.0, "p": 138.0, "r": 149.0}, "datetime": {"datetime": "2024-05-20 03:05:22", "elapsed": 4822.682042, "delta": 0.787804}}
{"target": 25.77638544851739, "params": {"h": 27.0, "p": 272.0, "r": 70.0}, "datetime": {"datetime": "2024-05-20 03:05:39", "elapsed": 4839.861883, "delta": 17.179841}}
{"target": 68.74658397659306, "params": {"h": 40.0, "p": 268.0, "r": 51.0}, "datetime": {"datetime": "2024-05-20 03:06:00", "elapsed": 4860.80347, "delta": 20.941587}}
{"target": 61.8049678660874, "params": {"h": 41.0, "p": 249.0, "r": 55.0}, "datetime": {"datetime": "2024-05-20 03:06:21", "elapsed": 4881.743715, "delta": 20.940245}}
{"target": 57.899347267524924, "params": {"h": 35.0, "p": 257.0, "r": 47.0}, "datetime": {"datetime": "2024-05-20 03:06:44", "elapsed": 4904.840112, "delta": 23.096397}}
{"target": 64.65273986400021, "params": {"h": 30.0, "p": 243.0, "r": 57.0}, "datetime": {"datetime": "2024-05-20 03:07:02", "elapsed": 4922.292305, "delta": 17.452193}}
{"target": 51.14652892204075, "params": {"h": 42.0, "p": 238.0, "r": 61.0}, "datetime": {"datetime": "2024-05-20 03:07:20", "elapsed": 4940.275755, "delta": 17.98345}}
{"target": 47.32114029607863, "params": {"h": 35.0, "p": 242.0, "r": 46.0}, "datetime": {"datetime": "2024-05-20 03:07:40", "elapsed": 4961.035252, "delta": 20.759497}}
{"target": 42.47619492696974, "params": {"h": 32.0, "p": 249.0, "r": 66.0}, "datetime": {"datetime": "2024-05-20 03:07:57", "elapsed": 4978.037211, "delta": 17.001959}}
{"target": 28.81311351138191, "params": {"h": 19.0, "p": 249.0, "r": 55.0}, "datetime": {"datetime": "2024-05-20 03:08:15", "elapsed": 4995.517259, "delta": 17.480048}}
{"target": 42.59345985550922, "params": {"h": 30.0, "p": 230.0, "r": 65.0}, "datetime": {"datetime": "2024-05-20 03:08:30", "elapsed": 5010.688922, "delta": 15.171663}}
{"target": 98.84410783557783, "params": {"h": 31.0, "p": 271.0, "r": 51.0}, "datetime": {"datetime": "2024-05-20 03:08:50", "elapsed": 5030.413193, "delta": 19.724271}}
{"target": 115.56394535633825, "params": {"h": 26.0, "p": 263.0, "r": 46.0}, "datetime": {"datetime": "2024-05-20 03:09:10", "elapsed": 5050.619021, "delta": 20.205828}}
{"target": 79.00874919773972, "params": {"h": 22.0, "p": 265.0, "r": 48.0}, "datetime": {"datetime": "2024-05-20 03:09:30", "elapsed": 5070.92346, "delta": 20.304439}}
{"target": 33.691617956472896, "params": {"h": 28.0, "p": 259.0, "r": 40.0}, "datetime": {"datetime": "2024-05-20 03:09:54", "elapsed": 5094.170916, "delta": 23.247456}}
{"target": 92.21389612388506, "params": {"h": 29.0, "p": 267.0, "r": 46.0}, "datetime": {"datetime": "2024-05-20 03:10:17", "elapsed": 5117.88602, "delta": 23.715104}}
{"target": 15.668356257150649, "params": {"h": 54.0, "p": 236.0, "r": 42.0}, "datetime": {"datetime": "2024-05-20 03:10:47", "elapsed": 5147.625681, "delta": 29.739661}}
{"target": 94.09629323723296, "params": {"h": 31.0, "p": 262.0, "r": 51.0}, "datetime": {"datetime": "2024-05-20 03:11:07", "elapsed": 5167.679878, "delta": 20.054197}}
{"target": 91.72519206647539, "params": {"h": 24.0, "p": 259.0, "r": 49.0}, "datetime": {"datetime": "2024-05-20 03:11:26", "elapsed": 5186.547044, "delta": 18.867166}}
{"target": 19.635503673994783, "params": {"h": 58.0, "p": 417.0, "r": 150.0}, "datetime": {"datetime": "2024-05-20 03:11:41", "elapsed": 5202.120612, "delta": 15.573568}}
{"target": 24.017431682976447, "params": {"h": 57.0, "p": 161.0, "r": 48.0}, "datetime": {"datetime": "2024-05-20 03:12:00", "elapsed": 5220.33559, "delta": 18.214978}}
{"target": 0.13368791454828655, "params": {"h": 16.0, "p": 367.0, "r": 15.0}, "datetime": {"datetime": "2024-05-20 03:12:40", "elapsed": 5260.229483, "delta": 39.893893}}
{"target": 0.12593186114913799, "params": {"h": 16.0, "p": 432.0, "r": 16.0}, "datetime": {"datetime": "2024-05-20 03:13:19", "elapsed": 5299.875124, "delta": 39.645641}}
{"target": 1.4579039610713649, "params": {"h": 58.0, "p": 864.0, "r": 147.0}, "datetime": {"datetime": "2024-05-20 03:14:02", "elapsed": 5342.244603, "delta": 42.369479}}
{"target": 4.304979417620764, "params": {"h": 59.0, "p": 594.0, "r": 63.0}, "datetime": {"datetime": "2024-05-20 03:14:40", "elapsed": 5380.747715, "delta": 38.503112}}
{"target": 2.8323036249919316, "params": {"h": 15.0, "p": 431.0, "r": 100.0}, "datetime": {"datetime": "2024-05-20 03:15:07", "elapsed": 5407.794977, "delta": 27.047262}}
{"target": 0.0, "params": {"h": 57.0, "p": 178.0, "r": 110.0}, "datetime": {"datetime": "2024-05-20 03:15:08", "elapsed": 5408.846951, "delta": 1.051974}}
{"target": 0.0, "params": {"h": 16.0, "p": 212.0, "r": 120.0}, "datetime": {"datetime": "2024-05-20 03:15:09", "elapsed": 5409.952051, "delta": 1.1051}}
{"target": 90.28510467170528, "params": {"h": 34.0, "p": 278.0, "r": 49.0}, "datetime": {"datetime": "2024-05-20 03:15:33", "elapsed": 5433.683237, "delta": 23.731186}}
{"target": 0.03297219974603754, "params": {"h": 19.0, "p": 791.0, "r": 16.0}, "datetime": {"datetime": "2024-05-20 03:16:40", "elapsed": 5500.572234, "delta": 66.888997}}
{"target": 1.1710590823375, "params": {"h": 15.0, "p": 742.0, "r": 111.0}, "datetime": {"datetime": "2024-05-20 03:17:32", "elapsed": 5552.826319, "delta": 52.254085}}
{"target": 60.05482406814415, "params": {"h": 58.0, "p": 291.0, "r": 64.0}, "datetime": {"datetime": "2024-05-20 03:17:54", "elapsed": 5574.887183, "delta": 22.060864}}
{"target": 0.0, "params": {"h": 16.0, "p": 308.0, "r": 150.0}, "datetime": {"datetime": "2024-05-20 03:17:55", "elapsed": 5575.818566, "delta": 0.931383}}
{"target": 8.996395893222806, "params": {"h": 57.0, "p": 435.0, "r": 57.0}, "datetime": {"datetime": "2024-05-20 03:18:26", "elapsed": 5606.87946, "delta": 31.060894}}
{"target": 1.2870385715102302, "params": {"h": 58.0, "p": 967.0, "r": 147.0}, "datetime": {"datetime": "2024-05-20 03:19:26", "elapsed": 5666.780712, "delta": 59.901252}}
{"target": 1.5336534123208274, "params": {"h": 58.0, "p": 986.0, "r": 67.0}, "datetime": {"datetime": "2024-05-20 03:20:44", "elapsed": 5744.471652, "delta": 77.69094}}
{"target": 93.79679468141116, "params": {"h": 25.0, "p": 227.0, "r": 48.0}, "datetime": {"datetime": "2024-05-20 03:21:02", "elapsed": 5763.016191, "delta": 18.544539}}
{"target": 46.27167621139246, "params": {"h": 20.0, "p": 225.0, "r": 53.0}, "datetime": {"datetime": "2024-05-20 03:21:19", "elapsed": 5780.116049, "delta": 17.099858}}
{"target": 48.83891321717827, "params": {"h": 33.0, "p": 225.0, "r": 46.0}, "datetime": {"datetime": "2024-05-20 03:21:41", "elapsed": 5802.01231, "delta": 21.896261}}
{"target": 108.78873582052702, "params": {"h": 23.0, "p": 233.0, "r": 44.0}, "datetime": {"datetime": "2024-05-20 03:22:01", "elapsed": 5822.052538, "delta": 20.040228}}
{"target": 74.1118011208971, "params": {"h": 29.0, "p": 233.0, "r": 47.0}, "datetime": {"datetime": "2024-05-20 03:22:21", "elapsed": 5841.154735, "delta": 19.102197}}
{"target": 89.89846855957695, "params": {"h": 22.0, "p": 227.0, "r": 41.0}, "datetime": {"datetime": "2024-05-20 03:22:40", "elapsed": 5860.902458, "delta": 19.747723}}
{"target": 28.409080592001906, "params": {"h": 26.0, "p": 239.0, "r": 38.0}, "datetime": {"datetime": "2024-05-20 03:23:03", "elapsed": 5883.178168, "delta": 22.27571}}
{"target": 124.34182282090447, "params": {"h": 17.0, "p": 233.0, "r": 40.0}, "datetime": {"datetime": "2024-05-20 03:23:23", "elapsed": 5903.313324, "delta": 20.135156}}
{"target": 65.19857496848635, "params": {"h": 21.0, "p": 234.0, "r": 50.0}, "datetime": {"datetime": "2024-05-20 03:23:41", "elapsed": 5921.594908, "delta": 18.281584}}
{"target": 122.41464250191488, "params": {"h": 20.0, "p": 230.0, "r": 43.0}, "datetime": {"datetime": "2024-05-20 03:24:01", "elapsed": 5941.399777, "delta": 19.804869}}
{"target": 129.40068815103163, "params": {"h": 19.0, "p": 236.0, "r": 42.0}, "datetime": {"datetime": "2024-05-20 03:24:21", "elapsed": 5961.244133, "delta": 19.844356}}
{"target": 40.80367620641121, "params": {"h": 15.0, "p": 244.0, "r": 42.0}, "datetime": {"datetime": "2024-05-20 03:24:40", "elapsed": 5980.953457, "delta": 19.709324}}
{"target": 118.8000194630916, "params": {"h": 16.0, "p": 211.0, "r": 39.0}, "datetime": {"datetime": "2024-05-20 03:25:00", "elapsed": 6000.792027, "delta": 19.83857}}
{"target": 73.49401022671259, "params": {"h": 16.0, "p": 218.0, "r": 33.0}, "datetime": {"datetime": "2024-05-20 03:25:22", "elapsed": 6022.61782, "delta": 21.825793}}
{"target": 35.332194449229526, "params": {"h": 15.0, "p": 233.0, "r": 44.0}, "datetime": {"datetime": "2024-05-20 03:25:42", "elapsed": 6042.431821, "delta": 19.814001}}
{"target": 82.66975051087451, "params": {"h": 21.0, "p": 207.0, "r": 40.0}, "datetime": {"datetime": "2024-05-20 03:26:02", "elapsed": 6062.423191, "delta": 19.99137}}
{"target": 81.9764820501059, "params": {"h": 17.0, "p": 215.0, "r": 43.0}, "datetime": {"datetime": "2024-05-20 03:26:21", "elapsed": 6081.196876, "delta": 18.773685}}
{"target": 63.08123302760083, "params": {"h": 18.0, "p": 205.0, "r": 35.0}, "datetime": {"datetime": "2024-05-20 03:26:42", "elapsed": 6102.355519, "delta": 21.158643}}
{"target": 26.455032547262125, "params": {"h": 25.0, "p": 213.0, "r": 37.0}, "datetime": {"datetime": "2024-05-20 03:27:05", "elapsed": 6125.80197, "delta": 23.446451}}
{"target": 64.20931475706695, "params": {"h": 19.0, "p": 233.0, "r": 36.0}, "datetime": {"datetime": "2024-05-20 03:27:26", "elapsed": 6146.805399, "delta": 21.003429}}
{"target": 40.11507213537673, "params": {"h": 19.0, "p": 206.0, "r": 55.0}, "datetime": {"datetime": "2024-05-20 03:27:42", "elapsed": 6162.248163, "delta": 15.442764}}
{"target": 50.97649065844397, "params": {"h": 26.0, "p": 194.0, "r": 42.0}, "datetime": {"datetime": "2024-05-20 03:28:02", "elapsed": 6182.616401, "delta": 20.368238}}
{"target": 32.97698880890978, "params": {"h": 43.0, "p": 196.0, "r": 49.0}, "datetime": {"datetime": "2024-05-20 03:28:22", "elapsed": 6202.377458, "delta": 19.761057}}
{"target": 77.69761344517539, "params": {"h": 18.0, "p": 210.0, "r": 45.0}, "datetime": {"datetime": "2024-05-20 03:28:40", "elapsed": 6220.2708, "delta": 17.893342}}
{"target": 1.7661974771408089, "params": {"h": 16.0, "p": 524.0, "r": 77.0}, "datetime": {"datetime": "2024-05-20 03:29:08", "elapsed": 6248.219006, "delta": 27.948206}}
{"target": 8.588287747327621, "params": {"h": 59.0, "p": 365.0, "r": 115.0}, "datetime": {"datetime": "2024-05-20 03:29:25", "elapsed": 6265.50508, "delta": 17.286074}}
{"target": 1.2218364314766998, "params": {"h": 17.0, "p": 997.0, "r": 150.0}, "datetime": {"datetime": "2024-05-20 03:30:42", "elapsed": 6342.366665, "delta": 76.861585}}
{"target": 0.741647904770052, "params": {"h": 15.0, "p": 818.0, "r": 61.0}, "datetime": {"datetime": "2024-05-20 03:31:30", "elapsed": 6391.004815, "delta": 48.63815}}
{"target": 55.37568111506721, "params": {"h": 26.0, "p": 270.0, "r": 55.0}, "datetime": {"datetime": "2024-05-20 03:31:50", "elapsed": 6410.479197, "delta": 19.474382}}
{"target": 45.31250560482713, "params": {"h": 51.0, "p": 326.0, "r": 46.0}, "datetime": {"datetime": "2024-05-20 03:32:20", "elapsed": 6440.504175, "delta": 30.024978}}
{"target": 120.06666013810218, "params": {"h": 29.0, "p": 296.0, "r": 46.0}, "datetime": {"datetime": "2024-05-20 03:32:43", "elapsed": 6463.929361, "delta": 23.425186}}
{"target": 89.23217911625363, "params": {"h": 49.0, "p": 336.0, "r": 48.0}, "datetime": {"datetime": "2024-05-20 03:33:12", "elapsed": 6492.986975, "delta": 29.057614}}
{"target": 4.6070551000597275, "params": {"h": 59.0, "p": 739.0, "r": 49.0}, "datetime": {"datetime": "2024-05-20 03:34:05", "elapsed": 6545.77119, "delta": 52.784215}}
{"target": 1.1664441961686955, "params": {"h": 60.0, "p": 894.0, "r": 86.0}, "datetime": {"datetime": "2024-05-20 03:34:55", "elapsed": 6595.859958, "delta": 50.088768}}
{"target": 85.5307950053931, "params": {"h": 17.0, "p": 199.0, "r": 43.0}, "datetime": {"datetime": "2024-05-20 03:35:13", "elapsed": 6613.495603, "delta": 17.635645}}
{"target": 93.70031152507933, "params": {"h": 17.0, "p": 186.0, "r": 42.0}, "datetime": {"datetime": "2024-05-20 03:35:31", "elapsed": 6632.001053, "delta": 18.50545}}
{"target": 68.53789482090527, "params": {"h": 22.0, "p": 183.0, "r": 49.0}, "datetime": {"datetime": "2024-05-20 03:35:47", "elapsed": 6648.043118, "delta": 16.042065}}
{"target": 81.05285650556222, "params": {"h": 19.0, "p": 179.0, "r": 38.0}, "datetime": {"datetime": "2024-05-20 03:36:07", "elapsed": 6667.547692, "delta": 19.504574}}
{"target": 127.01363494045623, "params": {"h": 15.0, "p": 188.0, "r": 34.0}, "datetime": {"datetime": "2024-05-20 03:36:26", "elapsed": 6686.825018, "delta": 19.277326}}
{"target": 37.93183673691141, "params": {"h": 17.0, "p": 190.0, "r": 32.0}, "datetime": {"datetime": "2024-05-20 03:36:49", "elapsed": 6709.886827, "delta": 23.061809}}
{"target": 119.57439353105956, "params": {"h": 17.0, "p": 186.0, "r": 38.0}, "datetime": {"datetime": "2024-05-20 03:37:07", "elapsed": 6728.091512, "delta": 18.204685}}
{"target": 47.99917217666238, "params": {"h": 18.0, "p": 173.0, "r": 51.0}, "datetime": {"datetime": "2024-05-20 03:37:22", "elapsed": 6743.046284, "delta": 14.954772}}
{"target": 30.46219747937633, "params": {"h": 17.0, "p": 184.0, "r": 31.0}, "datetime": {"datetime": "2024-05-20 03:37:44", "elapsed": 6764.653355, "delta": 21.607071}}
{"target": 126.02792054023102, "params": {"h": 16.0, "p": 188.0, "r": 36.0}, "datetime": {"datetime": "2024-05-20 03:38:04", "elapsed": 6784.156678, "delta": 19.503323}}
{"target": 35.64490126207699, "params": {"h": 31.0, "p": 177.0, "r": 43.0}, "datetime": {"datetime": "2024-05-20 03:38:24", "elapsed": 6804.837959, "delta": 20.681281}}
{"target": 112.05392169797975, "params": {"h": 15.0, "p": 188.0, "r": 38.0}, "datetime": {"datetime": "2024-05-20 03:38:43", "elapsed": 6824.054238, "delta": 19.216279}}
{"target": 63.06134252464755, "params": {"h": 53.0, "p": 307.0, "r": 62.0}, "datetime": {"datetime": "2024-05-20 03:39:07", "elapsed": 6847.742611, "delta": 23.688373}}
{"target": 1.3035508734643377, "params": {"h": 60.0, "p": 818.0, "r": 99.0}, "datetime": {"datetime": "2024-05-20 03:39:49", "elapsed": 6889.87224, "delta": 42.129629}}
{"target": 0.0, "params": {"h": 59.0, "p": 100.0, "r": 120.0}, "datetime": {"datetime": "2024-05-20 03:39:50", "elapsed": 6891.110707, "delta": 1.238467}}
{"target": 65.986900323165, "params": {"h": 15.0, "p": 181.0, "r": 42.0}, "datetime": {"datetime": "2024-05-20 03:40:08", "elapsed": 6908.613793, "delta": 17.503086}}
{"target": 95.27128787780853, "params": {"h": 43.0, "p": 318.0, "r": 54.0}, "datetime": {"datetime": "2024-05-20 03:40:33", "elapsed": 6933.468633, "delta": 24.85484}}
