{"target": 120.08393934945447, "params": {"h": 25.0, "p": 309.0, "r": 46.0}, "datetime": {"datetime": "2024-05-12 15:55:24", "elapsed": 2231.138652, "delta": 18.204144}}
{"target": 113.38171294487076, "params": {"h": 23.0, "p": 304.0, "r": 45.0}, "datetime": {"datetime": "2024-05-12 15:55:43", "elapsed": 2249.827199, "delta": 18.688547}}
{"target": 58.05796535746497, "params": {"h": 26.0, "p": 309.0, "r": 40.0}, "datetime": {"datetime": "2024-05-12 15:56:03", "elapsed": 2270.672121, "delta": 20.844922}}
{"target": 68.88736683208522, "params": {"h": 26.0, "p": 317.0, "r": 49.0}, "datetime": {"datetime": "2024-05-12 15:56:22", "elapsed": 2289.329421, "delta": 18.6573}}
{"target": 93.47402191717026, "params": {"h": 27.0, "p": 305.0, "r": 49.0}, "datetime": {"datetime": "2024-05-12 15:56:41", "elapsed": 2308.424246, "delta": 19.094825}}
{"target": 49.077277453341296, "params": {"h": 17.0, "p": 310.0, "r": 41.0}, "datetime": {"datetime": "2024-05-12 15:57:01", "elapsed": 2327.769089, "delta": 19.344843}}
{"target": 66.85084917016054, "params": {"h": 35.0, "p": 311.0, "r": 45.0}, "datetime": {"datetime": "2024-05-12 15:57:22", "elapsed": 2349.114048, "delta": 21.344959}}
{"target": 15.878721694991917, "params": {"h": 19.0, "p": 314.0, "r": 52.0}, "datetime": {"datetime": "2024-05-12 15:57:39", "elapsed": 2366.318146, "delta": 17.204098}}
{"target": 83.5297463978142, "params": {"h": 36.0, "p": 322.0, "r": 53.0}, "datetime": {"datetime": "2024-05-12 15:57:59", "elapsed": 2385.834879, "delta": 19.516733}}
{"target": 93.9392893961839, "params": {"h": 30.0, "p": 296.0, "r": 45.0}, "datetime": {"datetime": "2024-05-12 15:58:18", "elapsed": 2405.273483, "delta": 19.438604}}
{"target": 133.1166012291521, "params": {"h": 34.0, "p": 329.0, "r": 47.0}, "datetime": {"datetime": "2024-05-12 15:58:39", "elapsed": 2426.33718, "delta": 21.063697}}
{"target": 76.49277253284345, "params": {"h": 32.0, "p": 329.0, "r": 51.0}, "datetime": {"datetime": "2024-05-12 15:58:59", "elapsed": 2446.18206, "delta": 19.84488}}
{"target": 78.21611339056939, "params": {"h": 38.0, "p": 323.0, "r": 46.0}, "datetime": {"datetime": "2024-05-12 15:59:20", "elapsed": 2467.073875, "delta": 20.891815}}
{"target": 54.81398293495704, "params": {"h": 36.0, "p": 334.0, "r": 43.0}, "datetime": {"datetime": "2024-05-12 15:59:42", "elapsed": 2488.997, "delta": 21.923125}}
{"target": 115.3022391692935, "params": {"h": 31.0, "p": 321.0, "r": 45.0}, "datetime": {"datetime": "2024-05-12 16:00:03", "elapsed": 2510.295092, "delta": 21.298092}}
{"target": 94.76869178720828, "params": {"h": 32.0, "p": 327.0, "r": 44.0}, "datetime": {"datetime": "2024-05-12 16:00:24", "elapsed": 2531.671311, "delta": 21.376219}}
{"target": 25.010643879432134, "params": {"h": 30.0, "p": 319.0, "r": 39.0}, "datetime": {"datetime": "2024-05-12 16:00:47", "elapsed": 2554.297607, "delta": 22.626296}}
{"target": 66.23932385042343, "params": {"h": 46.0, "p": 329.0, "r": 57.0}, "datetime": {"datetime": "2024-05-12 16:01:08", "elapsed": 2575.533197, "delta": 21.23559}}
{"target": 131.3304757572723, "params": {"h": 33.0, "p": 324.0, "r": 48.0}, "datetime": {"datetime": "2024-05-12 16:01:30", "elapsed": 2596.878171, "delta": 21.344974}}
{"target": 138.99229213484443, "params": {"h": 28.0, "p": 325.0, "r": 46.0}, "datetime": {"datetime": "2024-05-12 16:01:49", "elapsed": 2616.676177, "delta": 19.798006}}
{"target": 32.45277355239509, "params": {"h": 25.0, "p": 325.0, "r": 52.0}, "datetime": {"datetime": "2024-05-12 16:02:07", "elapsed": 2634.255312, "delta": 17.579135}}
{"target": 88.25369355599747, "params": {"h": 19.0, "p": 336.0, "r": 40.0}, "datetime": {"datetime": "2024-05-12 16:02:28", "elapsed": 2655.022127, "delta": 20.766815}}
{"target": 101.75071665080634, "params": {"h": 23.0, "p": 328.0, "r": 39.0}, "datetime": {"datetime": "2024-05-12 16:02:48", "elapsed": 2675.617058, "delta": 20.594931}}
{"target": 157.45578371788145, "params": {"h": 18.0, "p": 290.0, "r": 39.0}, "datetime": {"datetime": "2024-05-12 16:03:08", "elapsed": 2694.946292, "delta": 19.329234}}
{"target": 97.15837301256335, "params": {"h": 23.0, "p": 331.0, "r": 44.0}, "datetime": {"datetime": "2024-05-12 16:03:28", "elapsed": 2715.275584, "delta": 20.329292}}
{"target": 45.113518004290825, "params": {"h": 16.0, "p": 323.0, "r": 39.0}, "datetime": {"datetime": "2024-05-12 16:03:48", "elapsed": 2735.073597, "delta": 19.798013}}
{"target": 131.0459274247404, "params": {"h": 19.0, "p": 291.0, "r": 41.0}, "datetime": {"datetime": "2024-05-12 16:04:06", "elapsed": 2753.137134, "delta": 18.063537}}
{"target": 8.577856440307393, "params": {"h": 25.0, "p": 335.0, "r": 33.0}, "datetime": {"datetime": "2024-05-12 16:04:32", "elapsed": 2779.560527, "delta": 26.423393}}
{"target": 117.8171324606885, "params": {"h": 38.0, "p": 332.0, "r": 50.0}, "datetime": {"datetime": "2024-05-12 16:04:54", "elapsed": 2801.030512, "delta": 21.469985}}
{"target": 106.60438966451504, "params": {"h": 37.0, "p": 327.0, "r": 51.0}, "datetime": {"datetime": "2024-05-12 16:05:14", "elapsed": 2820.797276, "delta": 19.766764}}
{"target": 112.47337568021142, "params": {"h": 42.0, "p": 334.0, "r": 51.0}, "datetime": {"datetime": "2024-05-12 16:05:35", "elapsed": 2842.501648, "delta": 21.704372}}
{"target": 76.31854700012015, "params": {"h": 46.0, "p": 333.0, "r": 47.0}, "datetime": {"datetime": "2024-05-12 16:05:58", "elapsed": 2865.315461, "delta": 22.813813}}
{"target": 77.01629501336352, "params": {"h": 37.0, "p": 336.0, "r": 52.0}, "datetime": {"datetime": "2024-05-12 16:06:20", "elapsed": 2886.785445, "delta": 21.469984}}
{"target": 17.841367686665897, "params": {"h": 19.0, "p": 336.0, "r": 47.0}, "datetime": {"datetime": "2024-05-12 16:06:38", "elapsed": 2905.067746, "delta": 18.282301}}
{"target": 75.73238662978993, "params": {"h": 53.0, "p": 341.0, "r": 55.0}, "datetime": {"datetime": "2024-05-12 16:07:00", "elapsed": 2927.42841, "delta": 22.360664}}
{"target": 98.81211333911435, "params": {"h": 24.0, "p": 327.0, "r": 45.0}, "datetime": {"datetime": "2024-05-12 16:07:21", "elapsed": 2947.835834, "delta": 20.407424}}
{"target": 122.95245844063345, "params": {"h": 22.0, "p": 295.0, "r": 40.0}, "datetime": {"datetime": "2024-05-12 16:07:41", "elapsed": 2967.868174, "delta": 20.03234}}
{"target": 133.28588539622083, "params": {"h": 28.0, "p": 330.0, "r": 46.0}, "datetime": {"datetime": "2024-05-12 16:08:02", "elapsed": 2989.369307, "delta": 21.501133}}
{"target": 125.81998949033161, "params": {"h": 45.0, "p": 344.0, "r": 49.0}, "datetime": {"datetime": "2024-05-12 16:08:26", "elapsed": 3012.870549, "delta": 23.501242}}
{"target": 68.2704323628207, "params": {"h": 45.0, "p": 343.0, "r": 45.0}, "datetime": {"datetime": "2024-05-12 16:08:49", "elapsed": 3036.38743, "delta": 23.516881}}
{"target": 73.32155297225849, "params": {"h": 40.0, "p": 346.0, "r": 51.0}, "datetime": {"datetime": "2024-05-12 16:09:11", "elapsed": 3057.810455, "delta": 21.423025}}
{"target": 48.997397893457, "params": {"h": 45.0, "p": 339.0, "r": 57.0}, "datetime": {"datetime": "2024-05-12 16:09:29", "elapsed": 3076.592721, "delta": 18.782266}}
{"target": 52.843801072216735, "params": {"h": 52.0, "p": 351.0, "r": 52.0}, "datetime": {"datetime": "2024-05-12 16:09:52", "elapsed": 3098.875182, "delta": 22.282461}}
{"target": 148.01518120447503, "params": {"h": 28.0, "p": 334.0, "r": 45.0}, "datetime": {"datetime": "2024-05-12 16:10:13", "elapsed": 3119.876326, "delta": 21.001144}}
{"target": 92.41674011932504, "params": {"h": 27.0, "p": 331.0, "r": 41.0}, "datetime": {"datetime": "2024-05-12 16:10:35", "elapsed": 3141.846282, "delta": 21.969956}}
{"target": 148.91699003285433, "params": {"h": 30.0, "p": 339.0, "r": 44.0}, "datetime": {"datetime": "2024-05-12 16:10:57", "elapsed": 3163.89437, "delta": 22.048088}}
{"target": 74.59696113209186, "params": {"h": 29.0, "p": 338.0, "r": 41.0}, "datetime": {"datetime": "2024-05-12 16:11:19", "elapsed": 3186.567499, "delta": 22.673129}}
{"target": 158.15306219299111, "params": {"h": 28.0, "p": 340.0, "r": 44.0}, "datetime": {"datetime": "2024-05-12 16:11:40", "elapsed": 3207.631167, "delta": 21.063668}}
{"target": 58.92663039641589, "params": {"h": 30.0, "p": 343.0, "r": 49.0}, "datetime": {"datetime": "2024-05-12 16:12:01", "elapsed": 3227.804166, "delta": 20.172999}}
{"target": 117.0195830568002, "params": {"h": 28.0, "p": 346.0, "r": 41.0}, "datetime": {"datetime": "2024-05-12 16:12:22", "elapsed": 3249.086603, "delta": 21.282437}}
{"target": 106.7212472855598, "params": {"h": 33.0, "p": 335.0, "r": 49.0}, "datetime": {"datetime": "2024-05-12 16:12:42", "elapsed": 3269.118976, "delta": 20.032373}}
{"target": 100.51061062794625, "params": {"h": 25.0, "p": 343.0, "r": 44.0}, "datetime": {"datetime": "2024-05-12 16:13:03", "elapsed": 3290.245159, "delta": 21.126183}}
{"target": 23.3934830305354, "params": {"h": 32.0, "p": 348.0, "r": 38.0}, "datetime": {"datetime": "2024-05-12 16:13:26", "elapsed": 3313.730854, "delta": 23.485695}}
{"target": 46.618668127566465, "params": {"h": 27.0, "p": 339.0, "r": 49.0}, "datetime": {"datetime": "2024-05-12 16:13:47", "elapsed": 3334.653906, "delta": 20.923052}}
{"target": 132.7431488881982, "params": {"h": 24.0, "p": 300.0, "r": 42.0}, "datetime": {"datetime": "2024-05-12 16:14:08", "elapsed": 3355.655091, "delta": 21.001185}}
{"target": 109.23703141606502, "params": {"h": 49.0, "p": 344.0, "r": 51.0}, "datetime": {"datetime": "2024-05-12 16:14:31", "elapsed": 3378.359503, "delta": 22.704412}}
{"target": 29.666049039282527, "params": {"h": 18.0, "p": 300.0, "r": 46.0}, "datetime": {"datetime": "2024-05-12 16:14:50", "elapsed": 3396.954303, "delta": 18.5948}}
{"target": 26.27148923969629, "params": {"h": 19.0, "p": 352.0, "r": 41.0}, "datetime": {"datetime": "2024-05-12 16:15:10", "elapsed": 3417.189826, "delta": 20.235523}}
{"target": 158.92317638430913, "params": {"h": 18.0, "p": 287.0, "r": 39.0}, "datetime": {"datetime": "2024-05-12 16:15:29", "elapsed": 3435.894012, "delta": 18.704186}}
{"target": 116.75350843480386, "params": {"h": 29.0, "p": 342.0, "r": 42.0}, "datetime": {"datetime": "2024-05-12 16:15:50", "elapsed": 3457.363983, "delta": 21.469971}}
{"target": 138.9409262604866, "params": {"h": 28.0, "p": 339.0, "r": 45.0}, "datetime": {"datetime": "2024-05-12 16:16:10", "elapsed": 3477.302618, "delta": 19.938635}}
{"target": 44.604482783318325, "params": {"h": 58.0, "p": 336.0, "r": 46.0}, "datetime": {"datetime": "2024-05-12 16:16:35", "elapsed": 3502.35092, "delta": 25.048302}}
{"target": 1.4100939873694869, "params": {"h": 53.0, "p": 564.0, "r": 35.0}, "datetime": {"datetime": "2024-05-12 16:17:13", "elapsed": 3540.759361, "delta": 38.408441}}
{"target": 145.19868006386963, "params": {"h": 31.0, "p": 332.0, "r": 46.0}, "datetime": {"datetime": "2024-05-12 16:17:35", "elapsed": 3561.948072, "delta": 21.188711}}
{"target": 84.72220462829067, "params": {"h": 45.0, "p": 347.0, "r": 51.0}, "datetime": {"datetime": "2024-05-12 16:17:57", "elapsed": 3584.480609, "delta": 22.532537}}
{"target": 0.9337687307766379, "params": {"h": 31.0, "p": 991.0, "r": 133.0}, "datetime": {"datetime": "2024-05-12 16:18:48", "elapsed": 3635.561657, "delta": 51.081048}}
{"target": 5.467118580612588, "params": {"h": 52.0, "p": 559.0, "r": 148.0}, "datetime": {"datetime": "2024-05-12 16:19:07", "elapsed": 3654.719006, "delta": 19.157349}}
{"target": 0.0, "params": {"h": 21.0, "p": 123.0, "r": 118.0}, "datetime": {"datetime": "2024-05-12 16:19:08", "elapsed": 3655.125276, "delta": 0.40627}}
{"target": 2.320710578458253, "params": {"h": 30.0, "p": 706.0, "r": 137.0}, "datetime": {"datetime": "2024-05-12 16:19:36", "elapsed": 3683.142509, "delta": 28.017233}}
{"target": 0.2626955067731459, "params": {"h": 50.0, "p": 472.0, "r": 22.0}, "datetime": {"datetime": "2024-05-12 16:20:23", "elapsed": 3730.192081, "delta": 47.049572}}
{"target": 0.07016530433403158, "params": {"h": 54.0, "p": 841.0, "r": 21.0}, "datetime": {"datetime": "2024-05-12 16:21:37", "elapsed": 3804.055698, "delta": 73.863617}}
{"target": 125.01308532097565, "params": {"h": 44.0, "p": 340.0, "r": 49.0}, "datetime": {"datetime": "2024-05-12 16:21:59", "elapsed": 3825.806952, "delta": 21.751254}}
{"target": 15.532617916166668, "params": {"h": 53.0, "p": 388.0, "r": 145.0}, "datetime": {"datetime": "2024-05-12 16:22:12", "elapsed": 3839.573364, "delta": 13.766412}}
{"target": 33.22034787867928, "params": {"h": 20.0, "p": 185.0, "r": 62.0}, "datetime": {"datetime": "2024-05-12 16:22:25", "elapsed": 3851.839696, "delta": 12.266332}}
{"target": 2.1453392117180563, "params": {"h": 51.0, "p": 999.0, "r": 57.0}, "datetime": {"datetime": "2024-05-12 16:23:29", "elapsed": 3916.655924, "delta": 64.816228}}
{"target": 40.53018669576887, "params": {"h": 27.0, "p": 351.0, "r": 46.0}, "datetime": {"datetime": "2024-05-12 16:23:51", "elapsed": 3937.829016, "delta": 21.173092}}
{"target": 1.6780763820860345, "params": {"h": 55.0, "p": 813.0, "r": 149.0}, "datetime": {"datetime": "2024-05-12 16:24:25", "elapsed": 3972.112239, "delta": 34.283223}}
{"target": 1.7679363520680402, "params": {"h": 15.0, "p": 523.0, "r": 87.0}, "datetime": {"datetime": "2024-05-12 16:24:50", "elapsed": 3996.988611, "delta": 24.876372}}
{"target": 2.956166619449294, "params": {"h": 16.0, "p": 631.0, "r": 147.0}, "datetime": {"datetime": "2024-05-12 16:25:30", "elapsed": 4037.19392, "delta": 40.205309}}
{"target": 0.07661058172878768, "params": {"h": 16.0, "p": 629.0, "r": 17.0}, "datetime": {"datetime": "2024-05-12 16:26:11", "elapsed": 4078.22742, "delta": 41.0335}}
{"target": 0.03425666873129345, "params": {"h": 59.0, "p": 760.0, "r": 16.0}, "datetime": {"datetime": "2024-05-12 16:27:29", "elapsed": 4156.372375, "delta": 78.144955}}
{"target": 1.073744781040975, "params": {"h": 60.0, "p": 936.0, "r": 89.0}, "datetime": {"datetime": "2024-05-12 16:28:19", "elapsed": 4206.53143, "delta": 50.159055}}
{"target": 0.7150571436394594, "params": {"h": 15.0, "p": 881.0, "r": 58.0}, "datetime": {"datetime": "2024-05-12 16:29:07", "elapsed": 4253.799711, "delta": 47.268281}}
{"target": 0.4154483353659495, "params": {"h": 59.0, "p": 193.0, "r": 15.0}, "datetime": {"datetime": "2024-05-12 16:30:01", "elapsed": 4307.927772, "delta": 54.128061}}
{"target": 132.67143483604048, "params": {"h": 18.0, "p": 279.0, "r": 40.0}, "datetime": {"datetime": "2024-05-12 16:30:19", "elapsed": 4326.71008, "delta": 18.782308}}
{"target": 1.929817868440218, "params": {"h": 22.0, "p": 586.0, "r": 99.0}, "datetime": {"datetime": "2024-05-12 16:30:43", "elapsed": 4350.133285, "delta": 23.423205}}
{"target": 2.076332683941032, "params": {"h": 15.0, "p": 768.0, "r": 143.0}, "datetime": {"datetime": "2024-05-12 16:31:38", "elapsed": 4405.245794, "delta": 55.112509}}
{"target": 0.1501530389784619, "params": {"h": 60.0, "p": 405.0, "r": 17.0}, "datetime": {"datetime": "2024-05-12 16:32:34", "elapsed": 4461.045847, "delta": 55.800053}}
{"target": 1.1597645573413102, "params": {"h": 53.0, "p": 842.0, "r": 91.0}, "datetime": {"datetime": "2024-05-12 16:33:15", "elapsed": 4502.532593, "delta": 41.486746}}
{"target": 2.4552034231850124, "params": {"h": 17.0, "p": 461.0, "r": 75.0}, "datetime": {"datetime": "2024-05-12 16:33:35", "elapsed": 4522.080583, "delta": 19.54799}}
{"target": 153.26455541994602, "params": {"h": 15.0, "p": 301.0, "r": 35.0}, "datetime": {"datetime": "2024-05-12 16:33:54", "elapsed": 4541.019168, "delta": 18.938585}}
{"target": 103.43998990241732, "params": {"h": 15.0, "p": 299.0, "r": 36.0}, "datetime": {"datetime": "2024-05-12 16:34:13", "elapsed": 4560.192138, "delta": 19.17297}}
{"target": 143.8503107835581, "params": {"h": 16.0, "p": 306.0, "r": 34.0}, "datetime": {"datetime": "2024-05-12 16:34:33", "elapsed": 4580.068278, "delta": 19.87614}}
{"target": 46.76658496019715, "params": {"h": 15.0, "p": 307.0, "r": 38.0}, "datetime": {"datetime": "2024-05-12 16:34:53", "elapsed": 4599.788158, "delta": 19.71988}}
{"target": 93.94056256438854, "params": {"h": 29.0, "p": 322.0, "r": 49.0}, "datetime": {"datetime": "2024-05-12 16:35:12", "elapsed": 4618.804874, "delta": 19.016716}}
{"target": 119.8066717052959, "params": {"h": 47.0, "p": 340.0, "r": 50.0}, "datetime": {"datetime": "2024-05-12 16:35:35", "elapsed": 4642.04058, "delta": 23.235706}}
{"target": 63.75653599482055, "params": {"h": 59.0, "p": 283.0, "r": 58.0}, "datetime": {"datetime": "2024-05-12 16:35:54", "elapsed": 4660.791657, "delta": 18.751077}}
{"target": 11.64989193410786, "params": {"h": 19.0, "p": 311.0, "r": 31.0}, "datetime": {"datetime": "2024-05-12 16:36:16", "elapsed": 4683.496084, "delta": 22.704427}}
{"target": 1.3050563877229, "params": {"h": 59.0, "p": 937.0, "r": 148.0}, "datetime": {"datetime": "2024-05-12 16:37:02", "elapsed": 4729.733114, "delta": 46.23703}}
{"target": 85.22378745995718, "params": {"h": 16.0, "p": 303.0, "r": 33.0}, "datetime": {"datetime": "2024-05-12 16:37:24", "elapsed": 4751.312479, "delta": 21.579365}}
{"target": 99.53887852400594, "params": {"h": 45.0, "p": 318.0, "r": 51.0}, "datetime": {"datetime": "2024-05-12 16:37:45", "elapsed": 4771.923038, "delta": 20.610559}}
{"target": 127.31323263888525, "params": {"h": 25.0, "p": 300.0, "r": 46.0}, "datetime": {"datetime": "2024-05-12 16:38:04", "elapsed": 4791.18977, "delta": 19.266732}}
{"target": 39.14129362579302, "params": {"h": 51.0, "p": 317.0, "r": 46.0}, "datetime": {"datetime": "2024-05-12 16:38:28", "elapsed": 4815.738058, "delta": 24.548288}}
{"target": 108.05617986543473, "params": {"h": 43.0, "p": 325.0, "r": 52.0}, "datetime": {"datetime": "2024-05-12 16:38:50", "elapsed": 4837.442431, "delta": 21.704373}}
{"target": 80.96603319902766, "params": {"h": 46.0, "p": 323.0, "r": 56.0}, "datetime": {"datetime": "2024-05-12 16:39:10", "elapsed": 4857.334201, "delta": 19.89177}}
{"target": 76.70203718569579, "params": {"h": 41.0, "p": 316.0, "r": 56.0}, "datetime": {"datetime": "2024-05-12 16:39:30", "elapsed": 4877.085336, "delta": 19.751135}}
{"target": 94.5753167031381, "params": {"h": 42.0, "p": 301.0, "r": 53.0}, "datetime": {"datetime": "2024-05-12 16:39:49", "elapsed": 4896.742717, "delta": 19.657381}}
{"target": 72.34476277989063, "params": {"h": 24.0, "p": 293.0, "r": 49.0}, "datetime": {"datetime": "2024-05-12 16:40:08", "elapsed": 4914.79063, "delta": 18.047913}}
{"target": 137.6270753652769, "params": {"h": 34.0, "p": 341.0, "r": 45.0}, "datetime": {"datetime": "2024-05-12 16:40:30", "elapsed": 4936.823147, "delta": 22.032517}}
{"target": 127.03191212064864, "params": {"h": 38.0, "p": 338.0, "r": 47.0}, "datetime": {"datetime": "2024-05-12 16:40:51", "elapsed": 4958.41814, "delta": 21.594993}}
{"target": 69.78088026531691, "params": {"h": 47.0, "p": 311.0, "r": 59.0}, "datetime": {"datetime": "2024-05-12 16:41:11", "elapsed": 4978.34116, "delta": 19.92302}}
{"target": 158.88248125563848, "params": {"h": 29.0, "p": 341.0, "r": 44.0}, "datetime": {"datetime": "2024-05-12 16:41:32", "elapsed": 4999.701764, "delta": 21.360604}}
{"target": 136.08049275852042, "params": {"h": 33.0, "p": 339.0, "r": 47.0}, "datetime": {"datetime": "2024-05-12 16:41:53", "elapsed": 5020.327898, "delta": 20.626134}}
{"target": 105.52438907275668, "params": {"h": 39.0, "p": 341.0, "r": 50.0}, "datetime": {"datetime": "2024-05-12 16:42:14", "elapsed": 5041.407173, "delta": 21.079275}}
{"target": 137.74433681792596, "params": {"h": 31.0, "p": 326.0, "r": 47.0}, "datetime": {"datetime": "2024-05-12 16:42:35", "elapsed": 5062.658338, "delta": 21.251165}}
{"target": 91.41602793853527, "params": {"h": 44.0, "p": 309.0, "r": 51.0}, "datetime": {"datetime": "2024-05-12 16:42:57", "elapsed": 5084.581419, "delta": 21.923081}}
{"target": 0.0, "params": {"h": 19.0, "p": 262.0, "r": 150.0}, "datetime": {"datetime": "2024-05-12 16:42:58", "elapsed": 5085.425215, "delta": 0.843796}}
{"target": 31.018488685106114, "params": {"h": 46.0, "p": 296.0, "r": 45.0}, "datetime": {"datetime": "2024-05-12 16:43:20", "elapsed": 5107.692071, "delta": 22.266856}}
{"target": 142.362825269923, "params": {"h": 19.0, "p": 281.0, "r": 38.0}, "datetime": {"datetime": "2024-05-12 16:43:41", "elapsed": 5128.005696, "delta": 20.313625}}
{"target": 148.0087873084434, "params": {"h": 21.0, "p": 292.0, "r": 40.0}, "datetime": {"datetime": "2024-05-12 16:44:00", "elapsed": 5147.600536, "delta": 19.59484}}
{"target": 0.0, "params": {"h": 59.0, "p": 171.0, "r": 105.0}, "datetime": {"datetime": "2024-05-12 16:44:01", "elapsed": 5148.381828, "delta": 0.781292}}
