{"target": 0.9782541186712993, "params": {"h": 26.0, "p": 886.0, "r": 122.0}, "datetime": {"datetime": "2024-05-12 12:04:15", "elapsed": 0.0, "delta": 0.0}}
{"target": 10.782344652297942, "params": {"h": 46.0, "p": 117.0, "r": 30.0}, "datetime": {"datetime": "2024-05-12 12:04:36", "elapsed": 21.500916, "delta": 21.500916}}
{"target": 0.05594334002228743, "params": {"h": 35.0, "p": 934.0, "r": 21.0}, "datetime": {"datetime": "2024-05-12 12:05:47", "elapsed": 92.28626, "delta": 70.785344}}
{"target": 0.0, "params": {"h": 51.0, "p": 207.0, "r": 150.0}, "datetime": {"datetime": "2024-05-12 12:05:47", "elapsed": 92.28626, "delta": 0.0}}
{"target": 2.432619854450759, "params": {"h": 56.0, "p": 637.0, "r": 86.0}, "datetime": {"datetime": "2024-05-12 12:06:15", "elapsed": 120.709778, "delta": 28.423518}}
{"target": 6.349105676605715, "params": {"h": 50.0, "p": 472.0, "r": 129.0}, "datetime": {"datetime": "2024-05-12 12:06:32", "elapsed": 137.570128, "delta": 16.86035}}
{"target": 1.3434948608380282, "params": {"h": 32.0, "p": 782.0, "r": 82.0}, "datetime": {"datetime": "2024-05-12 12:07:06", "elapsed": 171.40021, "delta": 33.830082}}
{"target": 11.560509187030723, "params": {"h": 23.0, "p": 310.0, "r": 101.0}, "datetime": {"datetime": "2024-05-12 12:07:19", "elapsed": 184.565435, "delta": 13.165225}}
{"target": 4.060072671644453, "params": {"h": 39.0, "p": 695.0, "r": 42.0}, "datetime": {"datetime": "2024-05-12 12:07:57", "elapsed": 222.27074, "delta": 37.705305}}
{"target": 2.8314280832037553, "params": {"h": 15.0, "p": 398.0, "r": 60.0}, "datetime": {"datetime": "2024-05-12 12:08:16", "elapsed": 241.506226, "delta": 19.235486}}
{"target": 11.571916717828968, "params": {"h": 23.0, "p": 309.0, "r": 100.0}, "datetime": {"datetime": "2024-05-12 12:08:30", "elapsed": 255.132016, "delta": 13.62579}}
{"target": 21.46100987556894, "params": {"h": 52.0, "p": 312.0, "r": 94.0}, "datetime": {"datetime": "2024-05-12 12:08:45", "elapsed": 269.929699, "delta": 14.797683}}
{"target": 24.99593565726775, "params": {"h": 60.0, "p": 317.0, "r": 88.0}, "datetime": {"datetime": "2024-05-12 12:09:00", "elapsed": 285.571179, "delta": 15.64148}}
{"target": 34.139194401374375, "params": {"h": 60.0, "p": 323.0, "r": 72.0}, "datetime": {"datetime": "2024-05-12 12:09:19", "elapsed": 304.30658, "delta": 18.735401}}
{"target": 75.16648589696757, "params": {"h": 60.0, "p": 325.0, "r": 59.0}, "datetime": {"datetime": "2024-05-12 12:09:41", "elapsed": 326.010899, "delta": 21.704319}}
{"target": 97.0923811692044, "params": {"h": 56.0, "p": 332.0, "r": 51.0}, "datetime": {"datetime": "2024-05-12 12:10:03", "elapsed": 348.012117, "delta": 22.001218}}
{"target": 26.06424581021339, "params": {"h": 59.0, "p": 330.0, "r": 44.0}, "datetime": {"datetime": "2024-05-12 12:10:29", "elapsed": 374.232322, "delta": 26.220205}}
{"target": 100.26262736322603, "params": {"h": 59.0, "p": 334.0, "r": 54.0}, "datetime": {"datetime": "2024-05-12 12:10:51", "elapsed": 396.467933, "delta": 22.235611}}
{"target": 93.41687019283756, "params": {"h": 56.0, "p": 332.0, "r": 55.0}, "datetime": {"datetime": "2024-05-12 12:11:13", "elapsed": 418.312904, "delta": 21.844971}}
{"target": 110.96725633322207, "params": {"h": 52.0, "p": 336.0, "r": 51.0}, "datetime": {"datetime": "2024-05-12 12:11:36", "elapsed": 441.0173, "delta": 22.704396}}
{"target": 109.38301964812176, "params": {"h": 55.0, "p": 339.0, "r": 52.0}, "datetime": {"datetime": "2024-05-12 12:11:58", "elapsed": 463.284177, "delta": 22.266877}}
{"target": 113.507320733575, "params": {"h": 48.0, "p": 341.0, "r": 51.0}, "datetime": {"datetime": "2024-05-12 12:12:21", "elapsed": 485.785444, "delta": 22.501267}}
{"target": 119.71435432512988, "params": {"h": 42.0, "p": 338.0, "r": 50.0}, "datetime": {"datetime": "2024-05-12 12:12:42", "elapsed": 506.958515, "delta": 21.173071}}
{"target": 97.1323463597272, "params": {"h": 39.0, "p": 343.0, "r": 45.0}, "datetime": {"datetime": "2024-05-12 12:13:06", "elapsed": 531.131757, "delta": 24.173242}}
{"target": 33.03176095975669, "params": {"h": 36.0, "p": 338.0, "r": 57.0}, "datetime": {"datetime": "2024-05-12 12:13:24", "elapsed": 549.585926, "delta": 18.454169}}
{"target": 92.1652973044107, "params": {"h": 42.0, "p": 332.0, "r": 47.0}, "datetime": {"datetime": "2024-05-12 12:13:46", "elapsed": 570.837131, "delta": 21.251205}}
{"target": 86.57301686083935, "params": {"h": 46.0, "p": 337.0, "r": 47.0}, "datetime": {"datetime": "2024-05-12 12:14:08", "elapsed": 592.979015, "delta": 22.141884}}
{"target": 36.027242367803986, "params": {"h": 45.0, "p": 350.0, "r": 54.0}, "datetime": {"datetime": "2024-05-12 12:14:28", "elapsed": 613.292673, "delta": 20.313658}}
{"target": 127.35987255085189, "params": {"h": 38.0, "p": 337.0, "r": 47.0}, "datetime": {"datetime": "2024-05-12 12:14:49", "elapsed": 634.028229, "delta": 20.735556}}
{"target": 24.609614671948144, "params": {"h": 32.0, "p": 336.0, "r": 39.0}, "datetime": {"datetime": "2024-05-12 12:15:12", "elapsed": 656.810777, "delta": 22.782548}}
{"target": 101.55956301767417, "params": {"h": 35.0, "p": 341.0, "r": 49.0}, "datetime": {"datetime": "2024-05-12 12:15:34", "elapsed": 679.155804, "delta": 22.345027}}
{"target": 31.002422554792613, "params": {"h": 58.0, "p": 348.0, "r": 60.0}, "datetime": {"datetime": "2024-05-12 12:15:54", "elapsed": 699.547595, "delta": 20.391791}}
{"target": 85.28561865413226, "params": {"h": 54.0, "p": 310.0, "r": 54.0}, "datetime": {"datetime": "2024-05-12 12:16:15", "elapsed": 720.330034, "delta": 20.782439}}
{"target": 71.45370300611266, "params": {"h": 60.0, "p": 299.0, "r": 55.0}, "datetime": {"datetime": "2024-05-12 12:16:35", "elapsed": 740.737453, "delta": 20.407419}}
{"target": 75.4015497791799, "params": {"h": 48.0, "p": 337.0, "r": 55.0}, "datetime": {"datetime": "2024-05-12 12:16:57", "elapsed": 761.80116, "delta": 21.063707}}
{"target": 131.27365374855947, "params": {"h": 37.0, "p": 334.0, "r": 48.0}, "datetime": {"datetime": "2024-05-12 12:17:18", "elapsed": 783.661787, "delta": 21.860627}}
{"target": 93.87958021571626, "params": {"h": 43.0, "p": 303.0, "r": 53.0}, "datetime": {"datetime": "2024-05-12 12:17:38", "elapsed": 803.381669, "delta": 19.719882}}
{"target": 114.31759381852741, "params": {"h": 37.0, "p": 313.0, "r": 50.0}, "datetime": {"datetime": "2024-05-12 12:17:58", "elapsed": 822.929668, "delta": 19.547999}}
{"target": 91.84221133876864, "params": {"h": 35.0, "p": 322.0, "r": 52.0}, "datetime": {"datetime": "2024-05-12 12:18:17", "elapsed": 842.49329, "delta": 19.563622}}
{"target": 34.76434528732616, "params": {"h": 42.0, "p": 310.0, "r": 44.0}, "datetime": {"datetime": "2024-05-12 12:18:39", "elapsed": 864.353923, "delta": 21.860633}}
{"target": 58.94880784099797, "params": {"h": 33.0, "p": 307.0, "r": 56.0}, "datetime": {"datetime": "2024-05-12 12:18:57", "elapsed": 882.136195, "delta": 17.782272}}
{"target": 63.02387407362799, "params": {"h": 48.0, "p": 306.0, "r": 61.0}, "datetime": {"datetime": "2024-05-12 12:19:15", "elapsed": 900.777892, "delta": 18.641697}}
{"target": 91.23371138947928, "params": {"h": 31.0, "p": 320.0, "r": 44.0}, "datetime": {"datetime": "2024-05-12 12:19:36", "elapsed": 921.263445, "delta": 20.485553}}
{"target": 78.73777627000788, "params": {"h": 43.0, "p": 319.0, "r": 56.0}, "datetime": {"datetime": "2024-05-12 12:19:56", "elapsed": 940.98333, "delta": 19.719885}}
{"target": 37.354423316348075, "params": {"h": 23.0, "p": 316.0, "r": 50.0}, "datetime": {"datetime": "2024-05-12 12:20:14", "elapsed": 959.734411, "delta": 18.751081}}
{"target": 88.10927195606642, "params": {"h": 42.0, "p": 292.0, "r": 53.0}, "datetime": {"datetime": "2024-05-12 12:20:33", "elapsed": 978.407361, "delta": 18.67295}}
{"target": 44.194384061015796, "params": {"h": 50.0, "p": 295.0, "r": 48.0}, "datetime": {"datetime": "2024-05-12 12:20:55", "elapsed": 1000.643018, "delta": 22.235657}}
{"target": 112.6834900720275, "params": {"h": 38.0, "p": 336.0, "r": 50.0}, "datetime": {"datetime": "2024-05-12 12:21:17", "elapsed": 1022.331768, "delta": 21.68875}}
{"target": 132.45912674804762, "params": {"h": 35.0, "p": 331.0, "r": 48.0}, "datetime": {"datetime": "2024-05-12 12:21:38", "elapsed": 1043.270474, "delta": 20.938706}}
{"target": 128.73656714879783, "params": {"h": 30.0, "p": 332.0, "r": 47.0}, "datetime": {"datetime": "2024-05-12 12:21:57", "elapsed": 1062.552834, "delta": 19.28236}}
{"target": 132.29237043667516, "params": {"h": 30.0, "p": 328.0, "r": 47.0}, "datetime": {"datetime": "2024-05-12 12:22:17", "elapsed": 1082.475859, "delta": 19.923025}}
{"target": 22.979354144104338, "params": {"h": 23.0, "p": 328.0, "r": 52.0}, "datetime": {"datetime": "2024-05-12 12:22:35", "elapsed": 1100.070623, "delta": 17.594764}}
{"target": 120.85945535350984, "params": {"h": 34.0, "p": 328.0, "r": 46.0}, "datetime": {"datetime": "2024-05-12 12:22:55", "elapsed": 1120.118655, "delta": 20.048032}}
{"target": 104.88987210301532, "params": {"h": 32.0, "p": 331.0, "r": 49.0}, "datetime": {"datetime": "2024-05-12 12:23:15", "elapsed": 1140.213564, "delta": 20.094909}}
{"target": 143.15775416581164, "params": {"h": 31.0, "p": 329.0, "r": 46.0}, "datetime": {"datetime": "2024-05-12 12:23:35", "elapsed": 1159.902203, "delta": 19.688639}}
{"target": 51.68989829340137, "params": {"h": 36.0, "p": 283.0, "r": 62.0}, "datetime": {"datetime": "2024-05-12 12:23:51", "elapsed": 1176.262522, "delta": 16.360319}}
{"target": 84.74835576263845, "params": {"h": 29.0, "p": 328.0, "r": 42.0}, "datetime": {"datetime": "2024-05-12 12:24:12", "elapsed": 1197.216855, "delta": 20.954333}}
{"target": 60.380372540252836, "params": {"h": 54.0, "p": 342.0, "r": 46.0}, "datetime": {"datetime": "2024-05-12 12:24:39", "elapsed": 1224.202788, "delta": 26.985933}}
{"target": 38.64279065846874, "params": {"h": 32.0, "p": 291.0, "r": 42.0}, "datetime": {"datetime": "2024-05-12 12:24:59", "elapsed": 1244.500833, "delta": 20.298045}}
{"target": 0.32423567438315604, "params": {"h": 16.0, "p": 533.0, "r": 21.0}, "datetime": {"datetime": "2024-05-12 12:25:32", "elapsed": 1277.42461, "delta": 32.923777}}
{"target": 1.1178737138106065, "params": {"h": 48.0, "p": 999.0, "r": 145.0}, "datetime": {"datetime": "2024-05-12 12:26:24", "elapsed": 1329.068159, "delta": 51.643549}}
{"target": 0.0, "params": {"h": 18.0, "p": 102.0, "r": 146.0}, "datetime": {"datetime": "2024-05-12 12:26:24", "elapsed": 1329.365051, "delta": 0.296892}}
{"target": 63.84787093172264, "params": {"h": 42.0, "p": 297.0, "r": 60.0}, "datetime": {"datetime": "2024-05-12 12:26:41", "elapsed": 1346.772289, "delta": 17.407238}}
{"target": 2.8088711251818492, "params": {"h": 16.0, "p": 701.0, "r": 149.0}, "datetime": {"datetime": "2024-05-12 12:27:27", "elapsed": 1391.790473, "delta": 45.018184}}
{"target": 75.0097982213072, "params": {"h": 35.0, "p": 332.0, "r": 44.0}, "datetime": {"datetime": "2024-05-12 12:27:48", "elapsed": 1413.3542, "delta": 21.563727}}
{"target": 107.34717283685957, "params": {"h": 39.0, "p": 324.0, "r": 48.0}, "datetime": {"datetime": "2024-05-12 12:28:10", "elapsed": 1435.667973, "delta": 22.313773}}
{"target": 128.28770081817706, "params": {"h": 43.0, "p": 342.0, "r": 48.0}, "datetime": {"datetime": "2024-05-12 12:28:34", "elapsed": 1458.872423, "delta": 23.20445}}
{"target": 89.17485609472202, "params": {"h": 42.0, "p": 310.0, "r": 55.0}, "datetime": {"datetime": "2024-05-12 12:28:52", "elapsed": 1477.389105, "delta": 18.516682}}
{"target": 97.63359514556274, "params": {"h": 42.0, "p": 319.0, "r": 49.0}, "datetime": {"datetime": "2024-05-12 12:29:13", "elapsed": 1498.093416, "delta": 20.704311}}
{"target": 3.2877148786599624, "params": {"h": 19.0, "p": 564.0, "r": 148.0}, "datetime": {"datetime": "2024-05-12 12:29:43", "elapsed": 1528.204514, "delta": 30.111098}}
{"target": 0.7065526370969543, "params": {"h": 16.0, "p": 206.0, "r": 17.0}, "datetime": {"datetime": "2024-05-12 12:30:10", "elapsed": 1554.823405, "delta": 26.618891}}
{"target": 0.03973875015245503, "params": {"h": 48.0, "p": 841.0, "r": 18.0}, "datetime": {"datetime": "2024-05-12 12:31:24", "elapsed": 1629.218302, "delta": 74.394897}}
{"target": 9.077069073808339, "params": {"h": 18.0, "p": 383.0, "r": 150.0}, "datetime": {"datetime": "2024-05-12 12:31:47", "elapsed": 1652.594642, "delta": 23.37634}}
{"target": 67.04228538569767, "params": {"h": 25.0, "p": 339.0, "r": 46.0}, "datetime": {"datetime": "2024-05-12 12:32:06", "elapsed": 1671.533232, "delta": 18.93859}}
{"target": 0.2443283356588536, "params": {"h": 59.0, "p": 454.0, "r": 21.0}, "datetime": {"datetime": "2024-05-12 12:32:54", "elapsed": 1719.051592, "delta": 47.51836}}
{"target": 59.16075905629352, "params": {"h": 56.0, "p": 286.0, "r": 64.0}, "datetime": {"datetime": "2024-05-12 12:33:12", "elapsed": 1737.708917, "delta": 18.657325}}
{"target": 0.6876221336228909, "params": {"h": 19.0, "p": 998.0, "r": 67.0}, "datetime": {"datetime": "2024-05-12 12:34:09", "elapsed": 1794.196545, "delta": 56.487628}}
{"target": 94.83039449046969, "params": {"h": 53.0, "p": 321.0, "r": 53.0}, "datetime": {"datetime": "2024-05-12 12:34:30", "elapsed": 1815.635279, "delta": 21.438734}}
{"target": 0.05155833643363804, "params": {"h": 22.0, "p": 615.0, "r": 16.0}, "datetime": {"datetime": "2024-05-12 12:35:16", "elapsed": 1860.950394, "delta": 45.315115}}
{"target": 0.0, "params": {"h": 19.0, "p": 169.0, "r": 89.0}, "datetime": {"datetime": "2024-05-12 12:35:16", "elapsed": 1861.387916, "delta": 0.437522}}
{"target": 56.326822968700455, "params": {"h": 43.0, "p": 279.0, "r": 49.0}, "datetime": {"datetime": "2024-05-12 12:35:35", "elapsed": 1880.107746, "delta": 18.71983}}
{"target": 1.6684972933778397, "params": {"h": 55.0, "p": 814.0, "r": 149.0}, "datetime": {"datetime": "2024-05-12 12:36:09", "elapsed": 1914.156587, "delta": 34.048841}}
{"target": 2.8743502454609122, "params": {"h": 59.0, "p": 543.0, "r": 82.0}, "datetime": {"datetime": "2024-05-12 12:36:34", "elapsed": 1939.033023, "delta": 24.876436}}
{"target": 99.0532026257632, "params": {"h": 34.0, "p": 316.0, "r": 46.0}, "datetime": {"datetime": "2024-05-12 12:36:54", "elapsed": 1959.002924, "delta": 19.969901}}
{"target": 63.83739630155121, "params": {"h": 54.0, "p": 317.0, "r": 61.0}, "datetime": {"datetime": "2024-05-12 12:37:15", "elapsed": 1980.14477, "delta": 21.141846}}
{"target": 117.59375962619629, "params": {"h": 37.0, "p": 329.0, "r": 50.0}, "datetime": {"datetime": "2024-05-12 12:37:36", "elapsed": 2000.817837, "delta": 20.673067}}
{"target": 145.04512341628745, "params": {"h": 30.0, "p": 329.0, "r": 46.0}, "datetime": {"datetime": "2024-05-12 12:37:55", "elapsed": 2020.631482, "delta": 19.813645}}
{"target": 1.0254023928146674, "params": {"h": 59.0, "p": 942.0, "r": 92.0}, "datetime": {"datetime": "2024-05-12 12:38:49", "elapsed": 2074.681476, "delta": 54.049994}}
{"target": 37.64445666911432, "params": {"h": 59.0, "p": 315.0, "r": 47.0}, "datetime": {"datetime": "2024-05-12 12:39:14", "elapsed": 2098.964128, "delta": 24.282652}}
{"target": 0.050621545712369174, "params": {"h": 59.0, "p": 760.0, "r": 18.0}, "datetime": {"datetime": "2024-05-12 12:40:26", "elapsed": 2171.140171, "delta": 72.176043}}
{"target": 2.635980747060925, "params": {"h": 18.0, "p": 632.0, "r": 145.0}, "datetime": {"datetime": "2024-05-12 12:41:00", "elapsed": 2205.579657, "delta": 34.439486}}
{"target": 2.374742259190585, "params": {"h": 16.0, "p": 481.0, "r": 64.0}, "datetime": {"datetime": "2024-05-12 12:41:21", "elapsed": 2226.221473, "delta": 20.641816}}
{"target": 26.069742197397424, "params": {"h": 59.0, "p": 229.0, "r": 81.0}, "datetime": {"datetime": "2024-05-12 12:41:35", "elapsed": 2239.894137, "delta": 13.672664}}
{"target": 1.8666476612502556, "params": {"h": 60.0, "p": 719.0, "r": 100.0}, "datetime": {"datetime": "2024-05-12 12:42:06", "elapsed": 2271.255321, "delta": 31.361184}}
{"target": 0.0, "params": {"h": 18.0, "p": 271.0, "r": 149.0}, "datetime": {"datetime": "2024-05-12 12:42:06", "elapsed": 2271.661597, "delta": 0.406276}}
{"target": 36.136446343074525, "params": {"h": 58.0, "p": 270.0, "r": 78.0}, "datetime": {"datetime": "2024-05-12 12:42:20", "elapsed": 2285.553021, "delta": 13.891424}}
{"target": 0.0, "params": {"h": 56.0, "p": 114.0, "r": 96.0}, "datetime": {"datetime": "2024-05-12 12:42:21", "elapsed": 2286.006173, "delta": 0.453152}}
{"target": 1.9648348482316242, "params": {"h": 57.0, "p": 883.0, "r": 63.0}, "datetime": {"datetime": "2024-05-12 12:43:11", "elapsed": 2336.212142, "delta": 50.205969}}
{"target": 4.776849010806887, "params": {"h": 59.0, "p": 413.0, "r": 101.0}, "datetime": {"datetime": "2024-05-12 12:43:29", "elapsed": 2354.088147, "delta": 17.876005}}
{"target": 1.7811409535153653, "params": {"h": 19.0, "p": 763.0, "r": 142.0}, "datetime": {"datetime": "2024-05-12 12:44:08", "elapsed": 2393.309106, "delta": 39.220959}}
{"target": 0.04220318688600675, "params": {"h": 60.0, "p": 999.0, "r": 20.0}, "datetime": {"datetime": "2024-05-12 12:45:45", "elapsed": 2490.423986, "delta": 97.11488}}
{"target": 1.1223180911569086, "params": {"h": 18.0, "p": 943.0, "r": 144.0}, "datetime": {"datetime": "2024-05-12 12:46:46", "elapsed": 2551.688987, "delta": 61.265001}}
{"target": 1.5419527864756417, "params": {"h": 16.0, "p": 589.0, "r": 85.0}, "datetime": {"datetime": "2024-05-12 12:47:11", "elapsed": 2576.612286, "delta": 24.923299}}
{"target": 11.427956174397533, "params": {"h": 56.0, "p": 258.0, "r": 40.0}, "datetime": {"datetime": "2024-05-12 12:47:34", "elapsed": 2599.019819, "delta": 22.407533}}
{"target": 0.7147800926242125, "params": {"h": 17.0, "p": 843.0, "r": 78.0}, "datetime": {"datetime": "2024-05-12 12:48:13", "elapsed": 2638.584582, "delta": 39.564763}}
{"target": 0.0, "params": {"h": 59.0, "p": 334.0, "r": 147.0}, "datetime": {"datetime": "2024-05-12 12:48:14", "elapsed": 2639.147117, "delta": 0.562535}}
{"target": 0.19228811977537125, "params": {"h": 58.0, "p": 391.0, "r": 18.0}, "datetime": {"datetime": "2024-05-12 12:49:09", "elapsed": 2694.587795, "delta": 55.440678}}
{"target": 0.0, "params": {"h": 55.0, "p": 147.0, "r": 147.0}, "datetime": {"datetime": "2024-05-12 12:49:10", "elapsed": 2695.134704, "delta": 0.546909}}
{"target": 0.4687012352344271, "params": {"h": 59.0, "p": 572.0, "r": 28.0}, "datetime": {"datetime": "2024-05-12 12:49:51", "elapsed": 2736.121431, "delta": 40.986727}}
{"target": 18.27629073641622, "params": {"h": 59.0, "p": 175.0, "r": 43.0}, "datetime": {"datetime": "2024-05-12 12:50:09", "elapsed": 2754.278721, "delta": 18.15729}}
{"target": 149.49579165256216, "params": {"h": 28.0, "p": 332.0, "r": 45.0}, "datetime": {"datetime": "2024-05-12 12:50:30", "elapsed": 2775.217424, "delta": 20.938703}}
{"target": 154.58523063921163, "params": {"h": 26.0, "p": 330.0, "r": 44.0}, "datetime": {"datetime": "2024-05-12 12:50:53", "elapsed": 2798.734404, "delta": 23.51698}}
{"target": 102.80016512399253, "params": {"h": 17.0, "p": 322.0, "r": 38.0}, "datetime": {"datetime": "2024-05-12 12:51:16", "elapsed": 2821.454461, "delta": 22.720057}}
{"target": 165.24219712406585, "params": {"h": 25.0, "p": 333.0, "r": 42.0}, "datetime": {"datetime": "2024-05-12 12:51:40", "elapsed": 2845.315206, "delta": 23.860745}}
{"target": 174.85518682856133, "params": {"h": 21.0, "p": 332.0, "r": 40.0}, "datetime": {"datetime": "2024-05-12 12:52:03", "elapsed": 2868.566549, "delta": 23.251343}}
{"target": 134.79254887949543, "params": {"h": 22.0, "p": 332.0, "r": 42.0}, "datetime": {"datetime": "2024-05-12 12:52:26", "elapsed": 2891.255354, "delta": 22.688805}}
{"target": 38.53540294397634, "params": {"h": 22.0, "p": 332.0, "r": 36.0}, "datetime": {"datetime": "2024-05-12 12:52:54", "elapsed": 2919.569486, "delta": 28.314132}}
{"target": 172.95839649759105, "params": {"h": 20.0, "p": 337.0, "r": 39.0}, "datetime": {"datetime": "2024-05-12 12:53:22", "elapsed": 2947.086695, "delta": 27.517209}}
{"target": 45.4844047099136, "params": {"h": 18.0, "p": 334.0, "r": 41.0}, "datetime": {"datetime": "2024-05-12 12:53:49", "elapsed": 2974.197637, "delta": 27.110942}}
{"target": 86.65802780145084, "params": {"h": 20.0, "p": 339.0, "r": 36.0}, "datetime": {"datetime": "2024-05-12 12:54:19", "elapsed": 3003.855593, "delta": 29.657956}}
{"target": 71.79924011093506, "params": {"h": 45.0, "p": 344.0, "r": 45.0}, "datetime": {"datetime": "2024-05-12 12:54:50", "elapsed": 3035.701182, "delta": 31.845589}}
{"target": 88.25372903157377, "params": {"h": 20.0, "p": 337.0, "r": 41.0}, "datetime": {"datetime": "2024-05-12 12:55:18", "elapsed": 3063.01526, "delta": 27.314078}}
{"target": 102.51768589085798, "params": {"h": 23.0, "p": 329.0, "r": 39.0}, "datetime": {"datetime": "2024-05-12 12:55:45", "elapsed": 3090.532474, "delta": 27.517214}}
{"target": 136.5705141754754, "params": {"h": 28.0, "p": 332.0, "r": 43.0}, "datetime": {"datetime": "2024-05-12 12:56:15", "elapsed": 3120.659212, "delta": 30.126738}}
{"target": 153.7764957547405, "params": {"h": 26.0, "p": 332.0, "r": 44.0}, "datetime": {"datetime": "2024-05-12 12:56:43", "elapsed": 3148.051418, "delta": 27.392206}}
{"target": 86.53243778857994, "params": {"h": 24.0, "p": 334.0, "r": 39.0}, "datetime": {"datetime": "2024-05-12 12:57:12", "elapsed": 3176.803074, "delta": 28.751656}}
{"target": 84.05241019347156, "params": {"h": 20.0, "p": 325.0, "r": 42.0}, "datetime": {"datetime": "2024-05-12 12:57:38", "elapsed": 3203.445239, "delta": 26.642165}}
{"target": 174.30167828435145, "params": {"h": 22.0, "p": 331.0, "r": 40.0}, "datetime": {"datetime": "2024-05-12 12:58:06", "elapsed": 3231.306221, "delta": 27.860982}}
{"target": 182.1853696663273, "params": {"h": 20.0, "p": 331.0, "r": 39.0}, "datetime": {"datetime": "2024-05-12 12:58:33", "elapsed": 3258.635924, "delta": 27.329703}}
{"target": 92.86295654639247, "params": {"h": 50.0, "p": 315.0, "r": 53.0}, "datetime": {"datetime": "2024-05-12 12:59:04", "elapsed": 3288.793914, "delta": 30.15799}}
