{"target": 116.74530857730709, "params": {"h": 37.0, "p": 317.0, "r": 50.0}, "datetime": {"datetime": "2024-05-12 12:59:31", "elapsed": 3316.639273, "delta": 27.845359}}
{"target": 67.66681331522341, "params": {"h": 37.0, "p": 313.0, "r": 56.0}, "datetime": {"datetime": "2024-05-12 12:59:57", "elapsed": 3341.984478, "delta": 25.345205}}
{"target": 167.47012260340264, "params": {"h": 22.0, "p": 340.0, "r": 39.0}, "datetime": {"datetime": "2024-05-12 13:00:26", "elapsed": 3371.267401, "delta": 29.282923}}
{"target": 100.39409748093877, "params": {"h": 15.0, "p": 332.0, "r": 35.0}, "datetime": {"datetime": "2024-05-12 13:00:54", "elapsed": 3399.565906, "delta": 28.298505}}
{"target": 149.5015933978503, "params": {"h": 21.0, "p": 342.0, "r": 40.0}, "datetime": {"datetime": "2024-05-12 13:01:21", "elapsed": 3426.739326, "delta": 27.17342}}
{"target": 149.97575273086863, "params": {"h": 24.0, "p": 342.0, "r": 40.0}, "datetime": {"datetime": "2024-05-12 13:01:50", "elapsed": 3454.850316, "delta": 28.11099}}
{"target": 39.51499843773365, "params": {"h": 21.0, "p": 348.0, "r": 43.0}, "datetime": {"datetime": "2024-05-12 13:02:18", "elapsed": 3483.570713, "delta": 28.720397}}
{"target": 74.99808146530266, "params": {"h": 40.0, "p": 342.0, "r": 52.0}, "datetime": {"datetime": "2024-05-12 13:02:47", "elapsed": 3512.07235, "delta": 28.501637}}
{"target": 92.21479973146029, "params": {"h": 36.0, "p": 322.0, "r": 46.0}, "datetime": {"datetime": "2024-05-12 13:03:15", "elapsed": 3540.464607, "delta": 28.392257}}
{"target": 66.205934960256, "params": {"h": 17.0, "p": 327.0, "r": 39.0}, "datetime": {"datetime": "2024-05-12 13:03:43", "elapsed": 3568.763109, "delta": 28.298502}}
{"target": 111.97406827698171, "params": {"h": 22.0, "p": 338.0, "r": 38.0}, "datetime": {"datetime": "2024-05-12 13:04:13", "elapsed": 3597.952289, "delta": 29.18918}}
{"target": 26.780216921055022, "params": {"h": 27.0, "p": 344.0, "r": 37.0}, "datetime": {"datetime": "2024-05-12 13:04:44", "elapsed": 3629.735365, "delta": 31.783076}}
{"target": 48.27071343771374, "params": {"h": 18.0, "p": 317.0, "r": 42.0}, "datetime": {"datetime": "2024-05-12 13:05:10", "elapsed": 3655.361841, "delta": 25.626476}}
{"target": 134.82630906276017, "params": {"h": 23.0, "p": 328.0, "r": 43.0}, "datetime": {"datetime": "2024-05-12 13:05:37", "elapsed": 3681.972761, "delta": 26.61092}}
{"target": 107.03444324371452, "params": {"h": 48.0, "p": 328.0, "r": 52.0}, "datetime": {"datetime": "2024-05-12 13:06:07", "elapsed": 3711.786968, "delta": 29.814207}}
{"target": 53.960248619424185, "params": {"h": 51.0, "p": 330.0, "r": 60.0}, "datetime": {"datetime": "2024-05-12 13:06:33", "elapsed": 3738.444756, "delta": 26.657788}}
{"target": 108.06623474839878, "params": {"h": 44.0, "p": 326.0, "r": 52.0}, "datetime": {"datetime": "2024-05-12 13:07:02", "elapsed": 3767.743331, "delta": 29.298575}}
{"target": 87.61796979709017, "params": {"h": 25.0, "p": 330.0, "r": 46.0}, "datetime": {"datetime": "2024-05-12 13:07:29", "elapsed": 3794.041716, "delta": 26.298385}}
{"target": 174.3439151545261, "params": {"h": 21.0, "p": 332.0, "r": 39.0}, "datetime": {"datetime": "2024-05-12 13:07:55", "elapsed": 3820.511988, "delta": 26.470272}}
{"target": 51.17025247601508, "params": {"h": 49.0, "p": 320.0, "r": 47.0}, "datetime": {"datetime": "2024-05-12 13:08:27", "elapsed": 3851.951306, "delta": 31.439318}}
{"target": 170.43199777322312, "params": {"h": 23.0, "p": 339.0, "r": 40.0}, "datetime": {"datetime": "2024-05-12 13:08:56", "elapsed": 3881.593654, "delta": 29.642348}}
{"target": 41.60749395270335, "params": {"h": 41.0, "p": 327.0, "r": 60.0}, "datetime": {"datetime": "2024-05-12 13:09:18", "elapsed": 3903.329269, "delta": 21.735615}}
{"target": 67.06613238964238, "params": {"h": 51.0, "p": 343.0, "r": 55.0}, "datetime": {"datetime": "2024-05-12 13:09:40", "elapsed": 3925.439924, "delta": 22.110655}}
{"target": 34.78187244680976, "params": {"h": 18.0, "p": 318.0, "r": 33.0}, "datetime": {"datetime": "2024-05-12 13:10:09", "elapsed": 3954.550978, "delta": 29.111054}}
{"target": 105.94514237362031, "params": {"h": 42.0, "p": 329.0, "r": 52.0}, "datetime": {"datetime": "2024-05-12 13:10:37", "elapsed": 3982.052567, "delta": 27.501589}}
{"target": 140.90757282897792, "params": {"h": 20.0, "p": 332.0, "r": 40.0}, "datetime": {"datetime": "2024-05-12 13:11:04", "elapsed": 4009.429178, "delta": 27.376611}}
{"target": 135.41272189166534, "params": {"h": 18.0, "p": 333.0, "r": 38.0}, "datetime": {"datetime": "2024-05-12 13:11:28", "elapsed": 4033.680542, "delta": 24.251364}}
{"target": 123.48881535952965, "params": {"h": 40.0, "p": 339.0, "r": 47.0}, "datetime": {"datetime": "2024-05-12 13:11:53", "elapsed": 4058.150705, "delta": 24.470163}}
{"target": 119.05090778462052, "params": {"h": 32.0, "p": 335.0, "r": 48.0}, "datetime": {"datetime": "2024-05-12 13:12:15", "elapsed": 4080.5895, "delta": 22.438795}}
{"target": 179.37589274322332, "params": {"h": 19.0, "p": 336.0, "r": 38.0}, "datetime": {"datetime": "2024-05-12 13:12:39", "elapsed": 4104.450251, "delta": 23.860751}}
{"target": 82.22764985673585, "params": {"h": 57.0, "p": 336.0, "r": 49.0}, "datetime": {"datetime": "2024-05-12 13:13:06", "elapsed": 4131.514314, "delta": 27.064063}}
{"target": 170.7516860206021, "params": {"h": 25.0, "p": 341.0, "r": 42.0}, "datetime": {"datetime": "2024-05-12 13:13:30", "elapsed": 4155.656332, "delta": 24.142018}}
{"target": 118.63944170643182, "params": {"h": 31.0, "p": 310.0, "r": 46.0}, "datetime": {"datetime": "2024-05-12 13:13:54", "elapsed": 4178.782667, "delta": 23.126335}}
{"target": 144.86330004741671, "params": {"h": 30.0, "p": 344.0, "r": 45.0}, "datetime": {"datetime": "2024-05-12 13:14:17", "elapsed": 4202.455908, "delta": 23.673241}}
{"target": 83.10358796560277, "params": {"h": 31.0, "p": 348.0, "r": 41.0}, "datetime": {"datetime": "2024-05-12 13:14:42", "elapsed": 4227.097955, "delta": 24.642047}}
{"target": 124.49512495360773, "params": {"h": 29.0, "p": 306.0, "r": 48.0}, "datetime": {"datetime": "2024-05-12 13:15:03", "elapsed": 4248.614822, "delta": 21.516867}}
{"target": 144.90341686629782, "params": {"h": 32.0, "p": 341.0, "r": 46.0}, "datetime": {"datetime": "2024-05-12 13:15:28", "elapsed": 4272.991229, "delta": 24.376407}}
{"target": 158.84057155365855, "params": {"h": 28.0, "p": 337.0, "r": 44.0}, "datetime": {"datetime": "2024-05-12 13:15:47", "elapsed": 4292.523607, "delta": 19.532378}}
{"target": 80.04404567089779, "params": {"h": 17.0, "p": 335.0, "r": 38.0}, "datetime": {"datetime": "2024-05-12 13:16:12", "elapsed": 4316.91564, "delta": 24.392033}}
{"target": 131.92362711704692, "params": {"h": 35.0, "p": 337.0, "r": 46.0}, "datetime": {"datetime": "2024-05-12 13:16:35", "elapsed": 4340.213859, "delta": 23.298219}}
{"target": 149.3251936689715, "params": {"h": 25.0, "p": 325.0, "r": 44.0}, "datetime": {"datetime": "2024-05-12 13:16:56", "elapsed": 4361.683844, "delta": 21.469985}}
{"target": 93.29136394722603, "params": {"h": 31.0, "p": 304.0, "r": 45.0}, "datetime": {"datetime": "2024-05-12 13:17:19", "elapsed": 4383.9976, "delta": 22.313756}}
{"target": 147.20489206604174, "params": {"h": 26.0, "p": 335.0, "r": 44.0}, "datetime": {"datetime": "2024-05-12 13:17:40", "elapsed": 4405.264422, "delta": 21.266822}}
{"target": 119.54503494235931, "params": {"h": 28.0, "p": 324.0, "r": 47.0}, "datetime": {"datetime": "2024-05-12 13:18:01", "elapsed": 4425.890587, "delta": 20.626165}}
{"target": 144.2702138238588, "params": {"h": 27.0, "p": 342.0, "r": 44.0}, "datetime": {"datetime": "2024-05-12 13:18:24", "elapsed": 4449.751314, "delta": 23.860727}}
{"target": 162.46528180258716, "params": {"h": 26.0, "p": 340.0, "r": 43.0}, "datetime": {"datetime": "2024-05-12 13:18:47", "elapsed": 4472.596356, "delta": 22.845042}}
{"target": 163.63750447658987, "params": {"h": 24.0, "p": 323.0, "r": 42.0}, "datetime": {"datetime": "2024-05-12 13:19:09", "elapsed": 4493.941319, "delta": 21.344963}}
{"target": 101.31650409646485, "params": {"h": 31.0, "p": 344.0, "r": 47.0}, "datetime": {"datetime": "2024-05-12 13:19:31", "elapsed": 4516.005072, "delta": 22.063753}}
{"target": 112.55298794403382, "params": {"h": 32.0, "p": 309.0, "r": 50.0}, "datetime": {"datetime": "2024-05-12 13:19:52", "elapsed": 4537.256283, "delta": 21.251211}}
{"target": 134.93190055952235, "params": {"h": 23.0, "p": 340.0, "r": 42.0}, "datetime": {"datetime": "2024-05-12 13:20:14", "elapsed": 4559.632559, "delta": 22.376276}}
{"target": 118.82415461421219, "params": {"h": 25.0, "p": 325.0, "r": 41.0}, "datetime": {"datetime": "2024-05-12 13:20:37", "elapsed": 4582.055713, "delta": 22.423154}}
{"target": 120.68468682939367, "params": {"h": 28.0, "p": 338.0, "r": 42.0}, "datetime": {"datetime": "2024-05-12 13:21:01", "elapsed": 4606.775875, "delta": 24.720162}}
{"target": 80.82456513754447, "params": {"h": 29.0, "p": 338.0, "r": 48.0}, "datetime": {"datetime": "2024-05-12 13:21:25", "elapsed": 4629.87095, "delta": 23.095075}}
{"target": 27.355309593798264, "params": {"h": 25.0, "p": 320.0, "r": 37.0}, "datetime": {"datetime": "2024-05-12 13:21:50", "elapsed": 4655.27865, "delta": 25.4077}}
{"target": 95.11513681734448, "params": {"h": 35.0, "p": 307.0, "r": 47.0}, "datetime": {"datetime": "2024-05-12 13:22:15", "elapsed": 4679.920688, "delta": 24.642038}}
{"target": 50.23853085170328, "params": {"h": 43.0, "p": 327.0, "r": 45.0}, "datetime": {"datetime": "2024-05-12 13:22:39", "elapsed": 4704.20333, "delta": 24.282642}}
{"target": 84.30894140643662, "params": {"h": 48.0, "p": 306.0, "r": 52.0}, "datetime": {"datetime": "2024-05-12 13:23:00", "elapsed": 4725.251411, "delta": 21.048081}}
{"target": 111.02280828241797, "params": {"h": 31.0, "p": 302.0, "r": 50.0}, "datetime": {"datetime": "2024-05-12 13:23:20", "elapsed": 4745.080676, "delta": 19.829265}}
{"target": 62.910870611864915, "params": {"h": 26.0, "p": 301.0, "r": 51.0}, "datetime": {"datetime": "2024-05-12 13:23:39", "elapsed": 4764.144269, "delta": 19.063593}}
{"target": 81.66076183500704, "params": {"h": 33.0, "p": 296.0, "r": 54.0}, "datetime": {"datetime": "2024-05-12 13:23:59", "elapsed": 4783.832901, "delta": 19.688632}}
{"target": 32.359996363277524, "params": {"h": 30.0, "p": 312.0, "r": 40.0}, "datetime": {"datetime": "2024-05-12 13:24:21", "elapsed": 4806.443576, "delta": 22.610675}}
{"target": 120.08393934944093, "params": {"h": 25.0, "p": 309.0, "r": 46.0}, "datetime": {"datetime": "2024-05-12 13:24:43", "elapsed": 4828.22608, "delta": 21.782504}}
{"target": 175.81363473450065, "params": {"h": 22.0, "p": 332.0, "r": 40.0}, "datetime": {"datetime": "2024-05-12 13:25:03", "elapsed": 4848.696009, "delta": 20.469929}}
{"target": 170.98381559912582, "params": {"h": 21.0, "p": 330.0, "r": 39.0}, "datetime": {"datetime": "2024-05-12 13:25:26", "elapsed": 4871.634827, "delta": 22.938818}}
{"target": 144.36192490134866, "params": {"h": 29.0, "p": 341.0, "r": 43.0}, "datetime": {"datetime": "2024-05-12 13:25:50", "elapsed": 4895.729964, "delta": 24.095137}}
{"target": 114.14771049863381, "params": {"h": 34.0, "p": 342.0, "r": 44.0}, "datetime": {"datetime": "2024-05-12 13:26:16", "elapsed": 4920.903289, "delta": 25.173325}}
{"target": 50.206312732205994, "params": {"h": 25.0, "p": 308.0, "r": 51.0}, "datetime": {"datetime": "2024-05-12 13:26:35", "elapsed": 4939.99814, "delta": 19.094851}}
{"target": 109.60665829130053, "params": {"h": 24.0, "p": 304.0, "r": 46.0}, "datetime": {"datetime": "2024-05-12 13:26:56", "elapsed": 4960.921221, "delta": 20.923081}}
{"target": 146.61611510543526, "params": {"h": 24.0, "p": 340.0, "r": 40.0}, "datetime": {"datetime": "2024-05-12 13:27:19", "elapsed": 4983.922545, "delta": 23.001324}}
{"target": 150.5904160205952, "params": {"h": 30.0, "p": 335.0, "r": 45.0}, "datetime": {"datetime": "2024-05-12 13:27:42", "elapsed": 5007.205137, "delta": 23.282592}}
{"target": 116.07399892564266, "params": {"h": 21.0, "p": 306.0, "r": 43.0}, "datetime": {"datetime": "2024-05-12 13:28:03", "elapsed": 5028.550118, "delta": 21.344981}}
{"target": 139.9462136613413, "params": {"h": 31.0, "p": 340.0, "r": 44.0}, "datetime": {"datetime": "2024-05-12 13:28:28", "elapsed": 5053.426555, "delta": 24.876437}}
{"target": 36.57295933958236, "params": {"h": 19.0, "p": 303.0, "r": 46.0}, "datetime": {"datetime": "2024-05-12 13:28:48", "elapsed": 5073.443336, "delta": 20.016781}}
{"target": 9.477130504494626, "params": {"h": 17.0, "p": 300.0, "r": 29.0}, "datetime": {"datetime": "2024-05-12 13:29:11", "elapsed": 5096.694677, "delta": 23.251341}}
{"target": 61.65372105608591, "params": {"h": 21.0, "p": 306.0, "r": 37.0}, "datetime": {"datetime": "2024-05-12 13:29:34", "elapsed": 5119.352234, "delta": 22.657557}}
{"target": 145.10747127177927, "params": {"h": 28.0, "p": 345.0, "r": 44.0}, "datetime": {"datetime": "2024-05-12 13:29:57", "elapsed": 5142.291057, "delta": 22.938823}}
{"target": 160.53968329640648, "params": {"h": 23.0, "p": 309.0, "r": 42.0}, "datetime": {"datetime": "2024-05-12 13:30:18", "elapsed": 5163.542284, "delta": 21.251227}}
{"target": 14.911258647043878, "params": {"h": 59.0, "p": 528.0, "r": 143.0}, "datetime": {"datetime": "2024-05-12 13:30:37", "elapsed": 5182.699639, "delta": 19.157355}}
{"target": 92.6187835933606, "params": {"h": 25.0, "p": 306.0, "r": 41.0}, "datetime": {"datetime": "2024-05-12 13:30:58", "elapsed": 5203.169571, "delta": 20.469932}}
{"target": 105.594398262486, "params": {"h": 28.0, "p": 343.0, "r": 41.0}, "datetime": {"datetime": "2024-05-12 13:31:20", "elapsed": 5225.217719, "delta": 22.048148}}
{"target": 110.24610403972413, "params": {"h": 35.0, "p": 301.0, "r": 50.0}, "datetime": {"datetime": "2024-05-12 13:31:41", "elapsed": 5246.562701, "delta": 21.344982}}
{"target": 176.65376868149315, "params": {"h": 20.0, "p": 334.0, "r": 38.0}, "datetime": {"datetime": "2024-05-12 13:32:02", "elapsed": 5267.751423, "delta": 21.188722}}
{"target": 2.70610477367517, "params": {"h": 15.0, "p": 798.0, "r": 29.0}, "datetime": {"datetime": "2024-05-12 13:32:55", "elapsed": 5320.238826, "delta": 52.487403}}
{"target": 1.2994534915507823, "params": {"h": 15.0, "p": 681.0, "r": 97.0}, "datetime": {"datetime": "2024-05-12 13:33:30", "elapsed": 5355.412732, "delta": 35.173906}}
{"target": 2.3109110453060153, "params": {"h": 16.0, "p": 515.0, "r": 111.0}, "datetime": {"datetime": "2024-05-12 13:33:56", "elapsed": 5381.086049, "delta": 25.673317}}
{"target": 93.37568134381311, "params": {"h": 23.0, "p": 319.0, "r": 45.0}, "datetime": {"datetime": "2024-05-12 13:34:19", "elapsed": 5404.243588, "delta": 23.157539}}
{"target": 91.16460809803704, "params": {"h": 22.0, "p": 323.0, "r": 44.0}, "datetime": {"datetime": "2024-05-12 13:34:41", "elapsed": 5426.385449, "delta": 22.141861}}
{"target": 3.00584972819792, "params": {"h": 59.0, "p": 598.0, "r": 133.0}, "datetime": {"datetime": "2024-05-12 13:35:04", "elapsed": 5449.449241, "delta": 23.063792}}
{"target": 2.683836521120795, "params": {"h": 60.0, "p": 673.0, "r": 135.0}, "datetime": {"datetime": "2024-05-12 13:35:36", "elapsed": 5481.013514, "delta": 31.564273}}
{"target": 5.429383908559588, "params": {"h": 59.0, "p": 506.0, "r": 43.0}, "datetime": {"datetime": "2024-05-12 13:36:12", "elapsed": 5517.312437, "delta": 36.298923}}
{"target": 0.5816779887223236, "params": {"h": 15.0, "p": 918.0, "r": 71.0}, "datetime": {"datetime": "2024-05-12 13:37:16", "elapsed": 5581.362938, "delta": 64.050501}}
{"target": 111.41139983729478, "params": {"h": 22.0, "p": 308.0, "r": 44.0}, "datetime": {"datetime": "2024-05-12 13:37:36", "elapsed": 5601.098435, "delta": 19.735497}}
{"target": 99.41380872235632, "params": {"h": 33.0, "p": 317.0, "r": 51.0}, "datetime": {"datetime": "2024-05-12 13:37:54", "elapsed": 5618.958826, "delta": 17.860391}}
{"target": 1.7984702083389421, "params": {"h": 15.0, "p": 742.0, "r": 46.0}, "datetime": {"datetime": "2024-05-12 13:38:32", "elapsed": 5657.257884, "delta": 38.299058}}
{"target": 0.0, "params": {"h": 16.0, "p": 226.0, "r": 113.0}, "datetime": {"datetime": "2024-05-12 13:38:33", "elapsed": 5658.023555, "delta": 0.765671}}
{"target": 130.85649919276406, "params": {"h": 23.0, "p": 311.0, "r": 44.0}, "datetime": {"datetime": "2024-05-12 13:38:56", "elapsed": 5680.931109, "delta": 22.907554}}
{"target": 8.217834084612383, "params": {"h": 16.0, "p": 331.0, "r": 28.0}, "datetime": {"datetime": "2024-05-12 13:39:18", "elapsed": 5703.432394, "delta": 22.501285}}
{"target": 3.6323964014881147, "params": {"h": 15.0, "p": 362.0, "r": 102.0}, "datetime": {"datetime": "2024-05-12 13:39:43", "elapsed": 5727.793163, "delta": 24.360769}}
{"target": 73.59870110629303, "params": {"h": 39.0, "p": 295.0, "r": 48.0}, "datetime": {"datetime": "2024-05-12 13:40:04", "elapsed": 5749.216265, "delta": 21.423102}}
{"target": 107.44945147924601, "params": {"h": 19.0, "p": 310.0, "r": 41.0}, "datetime": {"datetime": "2024-05-12 13:40:27", "elapsed": 5772.108199, "delta": 22.891934}}
{"target": 0.021305320477098627, "params": {"h": 18.0, "p": 883.0, "r": 15.0}, "datetime": {"datetime": "2024-05-12 13:41:42", "elapsed": 5847.284387, "delta": 75.176188}}
{"target": 3.8845792549965754, "params": {"h": 15.0, "p": 432.0, "r": 128.0}, "datetime": {"datetime": "2024-05-12 13:42:13", "elapsed": 5877.801764, "delta": 30.517377}}
{"target": 70.90806166802969, "params": {"h": 59.0, "p": 339.0, "r": 57.0}, "datetime": {"datetime": "2024-05-12 13:42:37", "elapsed": 5902.146917, "delta": 24.345153}}
{"target": 142.65429860229864, "params": {"h": 22.0, "p": 312.0, "r": 40.0}, "datetime": {"datetime": "2024-05-12 13:42:58", "elapsed": 5923.398138, "delta": 21.251221}}
{"target": 0.06767549553138813, "params": {"h": 56.0, "p": 652.0, "r": 18.0}, "datetime": {"datetime": "2024-05-12 13:44:30", "elapsed": 6015.617615, "delta": 92.219477}}
{"target": 0.0, "params": {"h": 15.0, "p": 102.0, "r": 73.0}, "datetime": {"datetime": "2024-05-12 13:44:31", "elapsed": 6016.258278, "delta": 0.640663}}
{"target": 140.66585995056, "params": {"h": 26.0, "p": 322.0, "r": 45.0}, "datetime": {"datetime": "2024-05-12 13:44:51", "elapsed": 6035.807404, "delta": 19.549126}}
{"target": 2.3958821556042844, "params": {"h": 17.0, "p": 650.0, "r": 52.0}, "datetime": {"datetime": "2024-05-12 13:45:23", "elapsed": 6068.028011, "delta": 32.220607}}
{"target": 1.2318168951931274, "params": {"h": 16.0, "p": 156.0, "r": 17.0}, "datetime": {"datetime": "2024-05-12 13:45:46", "elapsed": 6091.529365, "delta": 23.501354}}
{"target": 117.42020560585048, "params": {"h": 24.0, "p": 310.0, "r": 41.0}, "datetime": {"datetime": "2024-05-12 13:46:08", "elapsed": 6113.04809, "delta": 21.518725}}
{"target": 1.1853641543721471, "params": {"h": 59.0, "p": 842.0, "r": 107.0}, "datetime": {"datetime": "2024-05-12 13:46:49", "elapsed": 6154.33172, "delta": 41.28363}}
{"target": 1.3917011745177685, "params": {"h": 59.0, "p": 913.0, "r": 149.0}, "datetime": {"datetime": "2024-05-12 13:47:38", "elapsed": 6203.412677, "delta": 49.080957}}
{"target": 0.2300950265720094, "params": {"h": 16.0, "p": 421.0, "r": 18.0}, "datetime": {"datetime": "2024-05-12 13:48:12", "elapsed": 6237.445894, "delta": 34.033217}}
{"target": 169.87705821613503, "params": {"h": 20.0, "p": 330.0, "r": 38.0}, "datetime": {"datetime": "2024-05-12 13:48:33", "elapsed": 6258.509608, "delta": 21.063714}}
{"target": 4.632621308524298, "params": {"h": 58.0, "p": 457.0, "r": 76.0}, "datetime": {"datetime": "2024-05-12 13:48:58", "elapsed": 6283.104777, "delta": 24.595169}}
{"target": 1.0164775590466435, "params": {"h": 18.0, "p": 810.0, "r": 119.0}, "datetime": {"datetime": "2024-05-12 13:49:45", "elapsed": 6330.576266, "delta": 47.471489}}
{"target": 2.450741333078411, "params": {"h": 60.0, "p": 816.0, "r": 62.0}, "datetime": {"datetime": "2024-05-12 13:50:43", "elapsed": 6388.392101, "delta": 57.815835}}
{"target": 29.140079546379614, "params": {"h": 28.0, "p": 351.0, "r": 48.0}, "datetime": {"datetime": "2024-05-12 13:51:07", "elapsed": 6412.377823, "delta": 23.985722}}
{"target": 0.9245279003947025, "params": {"h": 59.0, "p": 993.0, "r": 97.0}, "datetime": {"datetime": "2024-05-12 13:52:16", "elapsed": 6480.897314, "delta": 68.519491}}
{"target": 0.0, "params": {"h": 60.0, "p": 256.0, "r": 130.0}, "datetime": {"datetime": "2024-05-12 13:52:16", "elapsed": 6481.725486, "delta": 0.828172}}
