{"target": 0.9782541186717109, "params": {"h": 26.0, "p": 886.0, "r": 122.0}, "datetime": {"datetime": "2024-05-12 15:18:13", "elapsed": 0.0, "delta": 0.0}}
{"target": 10.782344652297718, "params": {"h": 46.0, "p": 117.0, "r": 30.0}, "datetime": {"datetime": "2024-05-12 15:18:32", "elapsed": 18.991388, "delta": 18.991388}}
{"target": 0.05594334002226432, "params": {"h": 35.0, "p": 934.0, "r": 21.0}, "datetime": {"datetime": "2024-05-12 15:19:37", "elapsed": 84.713865, "delta": 65.722477}}
{"target": 0.0, "params": {"h": 51.0, "p": 207.0, "r": 150.0}, "datetime": {"datetime": "2024-05-12 15:19:37", "elapsed": 84.713865, "delta": 0.0}}
{"target": 2.4326198544509245, "params": {"h": 56.0, "p": 637.0, "r": 86.0}, "datetime": {"datetime": "2024-05-12 15:20:05", "elapsed": 112.043545, "delta": 27.32968}}
{"target": 6.34910567660551, "params": {"h": 50.0, "p": 472.0, "r": 129.0}, "datetime": {"datetime": "2024-05-12 15:20:21", "elapsed": 127.903824, "delta": 15.860279}}
{"target": 1.3434948608385326, "params": {"h": 32.0, "p": 782.0, "r": 82.0}, "datetime": {"datetime": "2024-05-12 15:20:56", "elapsed": 163.733991, "delta": 35.830167}}
{"target": 11.560509187030476, "params": {"h": 23.0, "p": 310.0, "r": 101.0}, "datetime": {"datetime": "2024-05-12 15:21:10", "elapsed": 177.172258, "delta": 13.438267}}
{"target": 4.060072671644986, "params": {"h": 39.0, "p": 695.0, "r": 42.0}, "datetime": {"datetime": "2024-05-12 15:21:49", "elapsed": 215.846345, "delta": 38.674087}}
{"target": 2.8314280832033223, "params": {"h": 15.0, "p": 398.0, "r": 60.0}, "datetime": {"datetime": "2024-05-12 15:22:07", "elapsed": 234.472409, "delta": 18.626064}}
{"target": 9.910683949511073, "params": {"h": 48.0, "p": 121.0, "r": 30.0}, "datetime": {"datetime": "2024-05-12 15:22:26", "elapsed": 253.129726, "delta": 18.657317}}
{"target": 0.0, "params": {"h": 39.0, "p": 101.0, "r": 27.0}, "datetime": {"datetime": "2024-05-12 15:22:27", "elapsed": 254.020403, "delta": 0.890677}}
{"target": 14.908345695396944, "params": {"h": 19.0, "p": 311.0, "r": 103.0}, "datetime": {"datetime": "2024-05-12 15:22:41", "elapsed": 267.880571, "delta": 13.860168}}
{"target": 11.928823436241426, "params": {"h": 17.0, "p": 311.0, "r": 106.0}, "datetime": {"datetime": "2024-05-12 15:22:57", "elapsed": 283.83461, "delta": 15.954039}}
{"target": 10.106876591642976, "params": {"h": 16.0, "p": 311.0, "r": 95.0}, "datetime": {"datetime": "2024-05-12 15:23:14", "elapsed": 301.16373, "delta": 17.32912}}
{"target": 19.75327366474898, "params": {"h": 19.0, "p": 316.0, "r": 105.0}, "datetime": {"datetime": "2024-05-12 15:23:28", "elapsed": 315.398921, "delta": 14.235191}}
{"target": 10.097416270941808, "params": {"h": 23.0, "p": 320.0, "r": 101.0}, "datetime": {"datetime": "2024-05-12 15:23:41", "elapsed": 328.680933, "delta": 13.282012}}
{"target": 12.919560229992953, "params": {"h": 20.0, "p": 320.0, "r": 105.0}, "datetime": {"datetime": "2024-05-12 15:23:57", "elapsed": 344.056818, "delta": 15.375885}}
{"target": 13.192351126651994, "params": {"h": 26.0, "p": 314.0, "r": 108.0}, "datetime": {"datetime": "2024-05-12 15:24:09", "elapsed": 356.30752, "delta": 12.250702}}
{"target": 13.027811016001655, "params": {"h": 19.0, "p": 317.0, "r": 113.0}, "datetime": {"datetime": "2024-05-12 15:24:24", "elapsed": 370.980236, "delta": 14.672716}}
{"target": 10.65037556700876, "params": {"h": 22.0, "p": 317.0, "r": 103.0}, "datetime": {"datetime": "2024-05-12 15:24:36", "elapsed": 382.934047, "delta": 11.953811}}
{"target": 13.756637966494646, "params": {"h": 23.0, "p": 314.0, "r": 108.0}, "datetime": {"datetime": "2024-05-12 15:24:48", "elapsed": 395.169126, "delta": 12.235079}}
{"target": 14.41312833199927, "params": {"h": 17.0, "p": 321.0, "r": 101.0}, "datetime": {"datetime": "2024-05-12 15:25:04", "elapsed": 410.857533, "delta": 15.688407}}
{"target": 14.878106133329583, "params": {"h": 35.0, "p": 316.0, "r": 110.0}, "datetime": {"datetime": "2024-05-12 15:25:16", "elapsed": 423.405123, "delta": 12.54759}}
{"target": 15.336217508190272, "params": {"h": 34.0, "p": 311.0, "r": 108.0}, "datetime": {"datetime": "2024-05-12 15:25:28", "elapsed": 435.140176, "delta": 11.735053}}
{"target": 16.583002822866113, "params": {"h": 35.0, "p": 307.0, "r": 114.0}, "datetime": {"datetime": "2024-05-12 15:25:39", "elapsed": 446.328319, "delta": 11.188143}}
{"target": 16.83567225281945, "params": {"h": 38.0, "p": 307.0, "r": 111.0}, "datetime": {"datetime": "2024-05-12 15:25:50", "elapsed": 457.641468, "delta": 11.313149}}
{"target": 16.745100196328707, "params": {"h": 41.0, "p": 312.0, "r": 111.0}, "datetime": {"datetime": "2024-05-12 15:26:02", "elapsed": 469.360893, "delta": 11.719425}}
{"target": 14.864132245293176, "params": {"h": 17.0, "p": 315.0, "r": 101.0}, "datetime": {"datetime": "2024-05-12 15:26:18", "elapsed": 485.23681, "delta": 15.875917}}
{"target": 17.503398144440666, "params": {"h": 42.0, "p": 309.0, "r": 119.0}, "datetime": {"datetime": "2024-05-12 15:26:29", "elapsed": 496.393697, "delta": 11.156887}}
{"target": 18.243438710180623, "params": {"h": 46.0, "p": 304.0, "r": 116.0}, "datetime": {"datetime": "2024-05-12 15:26:40", "elapsed": 507.722474, "delta": 11.328777}}
{"target": 17.70840431155508, "params": {"h": 45.0, "p": 310.0, "r": 113.0}, "datetime": {"datetime": "2024-05-12 15:26:52", "elapsed": 519.098128, "delta": 11.375654}}
{"target": 17.556059083687042, "params": {"h": 40.0, "p": 305.0, "r": 116.0}, "datetime": {"datetime": "2024-05-12 15:27:04", "elapsed": 530.958186, "delta": 11.860058}}
{"target": 19.49185538570944, "params": {"h": 54.0, "p": 308.0, "r": 116.0}, "datetime": {"datetime": "2024-05-12 15:27:16", "elapsed": 543.037008, "delta": 12.078822}}
{"target": 18.11056327812591, "params": {"h": 48.0, "p": 308.0, "r": 119.0}, "datetime": {"datetime": "2024-05-12 15:27:27", "elapsed": 553.928259, "delta": 10.891251}}
{"target": 19.228440697308926, "params": {"h": 52.0, "p": 304.0, "r": 115.0}, "datetime": {"datetime": "2024-05-12 15:27:38", "elapsed": 565.600806, "delta": 11.672547}}
{"target": 19.277727411827986, "params": {"h": 52.0, "p": 308.0, "r": 113.0}, "datetime": {"datetime": "2024-05-12 15:27:51", "elapsed": 578.335914, "delta": 12.735108}}
{"target": 22.376841639492543, "params": {"h": 60.0, "p": 307.0, "r": 111.0}, "datetime": {"datetime": "2024-05-12 15:28:02", "elapsed": 589.352844, "delta": 11.01693}}
{"target": 21.827730403716206, "params": {"h": 58.0, "p": 309.0, "r": 107.0}, "datetime": {"datetime": "2024-05-12 15:28:14", "elapsed": 601.484274, "delta": 12.13143}}
{"target": 21.732146281893307, "params": {"h": 58.0, "p": 304.0, "r": 110.0}, "datetime": {"datetime": "2024-05-12 15:28:27", "elapsed": 614.688156, "delta": 13.203882}}
{"target": 21.77698715975164, "params": {"h": 55.0, "p": 303.0, "r": 103.0}, "datetime": {"datetime": "2024-05-12 15:28:40", "elapsed": 627.157626, "delta": 12.46947}}
{"target": 19.599262555072873, "params": {"h": 48.0, "p": 305.0, "r": 104.0}, "datetime": {"datetime": "2024-05-12 15:28:53", "elapsed": 640.424014, "delta": 13.266388}}
{"target": 21.03624146385391, "params": {"h": 53.0, "p": 308.0, "r": 101.0}, "datetime": {"datetime": "2024-05-12 15:29:07", "elapsed": 654.002923, "delta": 13.578909}}
{"target": 22.266072548491792, "params": {"h": 57.0, "p": 308.0, "r": 102.0}, "datetime": {"datetime": "2024-05-12 15:29:20", "elapsed": 667.050549, "delta": 13.047626}}
{"target": 25.144087103107342, "params": {"h": 58.0, "p": 299.0, "r": 96.0}, "datetime": {"datetime": "2024-05-12 15:29:32", "elapsed": 679.238754, "delta": 12.188205}}
{"target": 24.220857325412343, "params": {"h": 59.0, "p": 294.0, "r": 101.0}, "datetime": {"datetime": "2024-05-12 15:29:44", "elapsed": 691.442579, "delta": 12.203825}}
{"target": 23.84167782367719, "params": {"h": 53.0, "p": 297.0, "r": 95.0}, "datetime": {"datetime": "2024-05-12 15:29:57", "elapsed": 704.708969, "delta": 13.26639}}
{"target": 25.76440181227212, "params": {"h": 58.0, "p": 294.0, "r": 95.0}, "datetime": {"datetime": "2024-05-12 15:30:11", "elapsed": 717.772222, "delta": 13.063253}}
{"target": 24.627804889711303, "params": {"h": 57.0, "p": 295.0, "r": 97.0}, "datetime": {"datetime": "2024-05-12 15:30:24", "elapsed": 730.866726, "delta": 13.094504}}
{"target": 26.970573707240334, "params": {"h": 58.0, "p": 301.0, "r": 90.0}, "datetime": {"datetime": "2024-05-12 15:30:38", "elapsed": 745.023793, "delta": 14.157067}}
{"target": 29.521247126672176, "params": {"h": 57.0, "p": 293.0, "r": 86.0}, "datetime": {"datetime": "2024-05-12 15:30:52", "elapsed": 759.618384, "delta": 14.594591}}
{"target": 33.71731613737122, "params": {"h": 56.0, "p": 295.0, "r": 79.0}, "datetime": {"datetime": "2024-05-12 15:31:09", "elapsed": 776.166211, "delta": 16.547827}}
{"target": 36.589332544939694, "params": {"h": 59.0, "p": 298.0, "r": 77.0}, "datetime": {"datetime": "2024-05-12 15:31:24", "elapsed": 791.760858, "delta": 15.594647}}
{"target": 40.77726362424079, "params": {"h": 55.0, "p": 299.0, "r": 72.0}, "datetime": {"datetime": "2024-05-12 15:31:41", "elapsed": 808.371192, "delta": 16.610334}}
{"target": 46.297516270011265, "params": {"h": 58.0, "p": 298.0, "r": 70.0}, "datetime": {"datetime": "2024-05-12 15:31:58", "elapsed": 825.075279, "delta": 16.704087}}
{"target": 58.06666095134063, "params": {"h": 54.0, "p": 301.0, "r": 64.0}, "datetime": {"datetime": "2024-05-12 15:32:16", "elapsed": 842.79505, "delta": 17.719771}}
{"target": 73.16805488383235, "params": {"h": 58.0, "p": 296.0, "r": 58.0}, "datetime": {"datetime": "2024-05-12 15:32:34", "elapsed": 861.171109, "delta": 18.376059}}
{"target": 76.39003657427355, "params": {"h": 59.0, "p": 301.0, "r": 57.0}, "datetime": {"datetime": "2024-05-12 15:32:54", "elapsed": 880.890996, "delta": 19.719887}}
{"target": 46.28449883150802, "params": {"h": 56.0, "p": 303.0, "r": 49.0}, "datetime": {"datetime": "2024-05-12 15:33:16", "elapsed": 903.673558, "delta": 22.782562}}
{"target": 74.68187592778649, "params": {"h": 55.0, "p": 297.0, "r": 55.0}, "datetime": {"datetime": "2024-05-12 15:33:36", "elapsed": 923.690268, "delta": 20.01671}}
{"target": 73.60518631998154, "params": {"h": 57.0, "p": 297.0, "r": 56.0}, "datetime": {"datetime": "2024-05-12 15:33:56", "elapsed": 943.331944, "delta": 19.641676}}
{"target": 78.4891936799696, "params": {"h": 51.0, "p": 295.0, "r": 56.0}, "datetime": {"datetime": "2024-05-12 15:34:17", "elapsed": 964.004932, "delta": 20.672988}}
{"target": 70.34939425096842, "params": {"h": 47.0, "p": 289.0, "r": 52.0}, "datetime": {"datetime": "2024-05-12 15:34:37", "elapsed": 984.006014, "delta": 20.001082}}
{"target": 83.29102728087767, "params": {"h": 47.0, "p": 296.0, "r": 55.0}, "datetime": {"datetime": "2024-05-12 15:34:56", "elapsed": 1003.585204, "delta": 19.57919}}
{"target": 112.21351971255744, "params": {"h": 32.0, "p": 296.0, "r": 50.0}, "datetime": {"datetime": "2024-05-12 15:35:15", "elapsed": 1022.320603, "delta": 18.735399}}
{"target": 57.02756026508498, "params": {"h": 27.0, "p": 297.0, "r": 53.0}, "datetime": {"datetime": "2024-05-12 15:35:33", "elapsed": 1040.16533, "delta": 17.844727}}
{"target": 85.89500112132262, "params": {"h": 35.0, "p": 289.0, "r": 48.0}, "datetime": {"datetime": "2024-05-12 15:35:52", "elapsed": 1058.978867, "delta": 18.813537}}
{"target": 39.52009645919682, "params": {"h": 35.0, "p": 299.0, "r": 43.0}, "datetime": {"datetime": "2024-05-12 15:36:12", "elapsed": 1079.261235, "delta": 20.282368}}
{"target": 100.83767810724129, "params": {"h": 35.0, "p": 295.0, "r": 49.0}, "datetime": {"datetime": "2024-05-12 15:36:31", "elapsed": 1098.371671, "delta": 19.110436}}
{"target": 51.564447910494984, "params": {"h": 39.0, "p": 287.0, "r": 63.0}, "datetime": {"datetime": "2024-05-12 15:36:47", "elapsed": 1114.341308, "delta": 15.969637}}
{"target": 84.24432641377356, "params": {"h": 31.0, "p": 293.0, "r": 53.0}, "datetime": {"datetime": "2024-05-12 15:37:06", "elapsed": 1132.920468, "delta": 18.57916}}
{"target": 100.77099045651809, "params": {"h": 37.0, "p": 297.0, "r": 52.0}, "datetime": {"datetime": "2024-05-12 15:37:24", "elapsed": 1151.76527, "delta": 18.844802}}
{"target": 55.88513126017221, "params": {"h": 35.0, "p": 304.0, "r": 58.0}, "datetime": {"datetime": "2024-05-12 15:37:42", "elapsed": 1169.375631, "delta": 17.610361}}
{"target": 75.7790861505669, "params": {"h": 36.0, "p": 272.0, "r": 49.0}, "datetime": {"datetime": "2024-05-12 15:38:02", "elapsed": 1188.78297, "delta": 19.407339}}
{"target": 24.621543050590603, "params": {"h": 29.0, "p": 267.0, "r": 39.0}, "datetime": {"datetime": "2024-05-12 15:38:22", "elapsed": 1209.143491, "delta": 20.360521}}
{"target": 67.06381567436557, "params": {"h": 46.0, "p": 271.0, "r": 58.0}, "datetime": {"datetime": "2024-05-12 15:38:39", "elapsed": 1226.300706, "delta": 17.157215}}
{"target": 23.478991095430437, "params": {"h": 53.0, "p": 272.0, "r": 45.0}, "datetime": {"datetime": "2024-05-12 15:39:01", "elapsed": 1248.380079, "delta": 22.079373}}
{"target": 61.38894450133711, "params": {"h": 36.0, "p": 261.0, "r": 60.0}, "datetime": {"datetime": "2024-05-12 15:39:17", "elapsed": 1263.880952, "delta": 15.500873}}
{"target": 38.352193496977215, "params": {"h": 48.0, "p": 259.0, "r": 73.0}, "datetime": {"datetime": "2024-05-12 15:39:31", "elapsed": 1278.209889, "delta": 14.328937}}
{"target": 46.93298194731731, "params": {"h": 27.0, "p": 270.0, "r": 58.0}, "datetime": {"datetime": "2024-05-12 15:39:46", "elapsed": 1293.710766, "delta": 15.500877}}
{"target": 124.70888408735149, "params": {"h": 29.0, "p": 293.0, "r": 47.0}, "datetime": {"datetime": "2024-05-12 15:40:04", "elapsed": 1311.571153, "delta": 17.860387}}
{"target": 139.52298421340964, "params": {"h": 23.0, "p": 288.0, "r": 42.0}, "datetime": {"datetime": "2024-05-12 15:40:23", "elapsed": 1329.962824, "delta": 18.391671}}
{"target": 101.92451161517292, "params": {"h": 25.0, "p": 290.0, "r": 42.0}, "datetime": {"datetime": "2024-05-12 15:40:43", "elapsed": 1349.838953, "delta": 19.876129}}
{"target": 27.912424970944205, "params": {"h": 17.0, "p": 285.0, "r": 46.0}, "datetime": {"datetime": "2024-05-12 15:41:00", "elapsed": 1367.168065, "delta": 17.329112}}
{"target": 109.56256759623528, "params": {"h": 29.0, "p": 286.0, "r": 46.0}, "datetime": {"datetime": "2024-05-12 15:41:18", "elapsed": 1385.200341, "delta": 18.032276}}
{"target": 135.93106970620786, "params": {"h": 22.0, "p": 284.0, "r": 41.0}, "datetime": {"datetime": "2024-05-12 15:41:36", "elapsed": 1403.42013, "delta": 18.219789}}
{"target": 92.54833297077226, "params": {"h": 24.0, "p": 284.0, "r": 41.0}, "datetime": {"datetime": "2024-05-12 15:41:54", "elapsed": 1421.202396, "delta": 17.782266}}
{"target": 160.68647207767867, "params": {"h": 18.0, "p": 285.0, "r": 39.0}, "datetime": {"datetime": "2024-05-12 15:42:12", "elapsed": 1439.109669, "delta": 17.907273}}
{"target": 143.71094676381327, "params": {"h": 22.0, "p": 291.0, "r": 41.0}, "datetime": {"datetime": "2024-05-12 15:42:30", "elapsed": 1457.532594, "delta": 18.422925}}
{"target": 7.769162323549059, "params": {"h": 18.0, "p": 288.0, "r": 29.0}, "datetime": {"datetime": "2024-05-12 15:42:51", "elapsed": 1477.846257, "delta": 20.313663}}
{"target": 151.44664602138775, "params": {"h": 17.0, "p": 292.0, "r": 38.0}, "datetime": {"datetime": "2024-05-12 15:43:11", "elapsed": 1497.831779, "delta": 19.985522}}
{"target": 134.52763305763213, "params": {"h": 19.0, "p": 286.0, "r": 41.0}, "datetime": {"datetime": "2024-05-12 15:43:29", "elapsed": 1516.270332, "delta": 18.438553}}
{"target": 154.98358349478124, "params": {"h": 20.0, "p": 276.0, "r": 40.0}, "datetime": {"datetime": "2024-05-12 15:43:47", "elapsed": 1534.677638, "delta": 18.407306}}
{"target": 49.819910567606804, "params": {"h": 20.0, "p": 273.0, "r": 36.0}, "datetime": {"datetime": "2024-05-12 15:44:06", "elapsed": 1553.58497, "delta": 18.907332}}
{"target": 165.4227015350129, "params": {"h": 19.0, "p": 280.0, "r": 39.0}, "datetime": {"datetime": "2024-05-12 15:44:25", "elapsed": 1571.945398, "delta": 18.360428}}
{"target": 67.79602244333174, "params": {"h": 20.0, "p": 275.0, "r": 46.0}, "datetime": {"datetime": "2024-05-12 15:44:42", "elapsed": 1589.368273, "delta": 17.422875}}
{"target": 159.441913357808, "params": {"h": 19.0, "p": 289.0, "r": 40.0}, "datetime": {"datetime": "2024-05-12 15:45:01", "elapsed": 1608.009968, "delta": 18.641695}}
{"target": 62.53010880052543, "params": {"h": 15.0, "p": 284.0, "r": 38.0}, "datetime": {"datetime": "2024-05-12 15:45:19", "elapsed": 1626.261016, "delta": 18.251048}}
{"target": 107.08104238555055, "params": {"h": 20.0, "p": 285.0, "r": 38.0}, "datetime": {"datetime": "2024-05-12 15:45:39", "elapsed": 1646.27779, "delta": 20.016774}}
{"target": 29.230426495173358, "params": {"h": 16.0, "p": 292.0, "r": 43.0}, "datetime": {"datetime": "2024-05-12 15:45:56", "elapsed": 1663.310019, "delta": 17.032229}}
{"target": 173.32117550640012, "params": {"h": 19.0, "p": 291.0, "r": 39.0}, "datetime": {"datetime": "2024-05-12 15:46:14", "elapsed": 1680.889153, "delta": 17.579134}}
{"target": 49.48503524958128, "params": {"h": 23.0, "p": 290.0, "r": 38.0}, "datetime": {"datetime": "2024-05-12 15:46:32", "elapsed": 1699.702734, "delta": 18.813581}}
{"target": 117.18737552439646, "params": {"h": 25.0, "p": 289.0, "r": 47.0}, "datetime": {"datetime": "2024-05-12 15:46:50", "elapsed": 1717.672519, "delta": 17.969785}}
{"target": 108.92953488313178, "params": {"h": 18.0, "p": 274.0, "r": 41.0}, "datetime": {"datetime": "2024-05-12 15:47:08", "elapsed": 1734.954763, "delta": 17.282244}}
{"target": 142.0908400599482, "params": {"h": 16.0, "p": 297.0, "r": 34.0}, "datetime": {"datetime": "2024-05-12 15:47:28", "elapsed": 1755.409064, "delta": 20.454301}}
{"target": 87.84420046560622, "params": {"h": 25.0, "p": 275.0, "r": 42.0}, "datetime": {"datetime": "2024-05-12 15:47:47", "elapsed": 1774.113266, "delta": 18.704202}}
{"target": 82.0887861989581, "params": {"h": 20.0, "p": 299.0, "r": 37.0}, "datetime": {"datetime": "2024-05-12 15:48:07", "elapsed": 1794.09879, "delta": 19.985524}}
{"target": 77.1991006785481, "params": {"h": 29.0, "p": 287.0, "r": 53.0}, "datetime": {"datetime": "2024-05-12 15:48:24", "elapsed": 1811.427912, "delta": 17.329122}}
{"target": 139.15719578865227, "params": {"h": 24.0, "p": 281.0, "r": 44.0}, "datetime": {"datetime": "2024-05-12 15:48:43", "elapsed": 1830.053986, "delta": 18.626074}}
{"target": 81.1385543342703, "params": {"h": 23.0, "p": 281.0, "r": 48.0}, "datetime": {"datetime": "2024-05-12 15:49:00", "elapsed": 1847.226851, "delta": 17.172865}}
{"target": 84.8987690226845, "params": {"h": 16.0, "p": 293.0, "r": 33.0}, "datetime": {"datetime": "2024-05-12 15:49:20", "elapsed": 1867.040491, "delta": 19.81364}}
{"target": 157.52853141401565, "params": {"h": 20.0, "p": 278.0, "r": 41.0}, "datetime": {"datetime": "2024-05-12 15:49:39", "elapsed": 1886.36973, "delta": 19.329239}}
{"target": 109.69163648207753, "params": {"h": 19.0, "p": 282.0, "r": 42.0}, "datetime": {"datetime": "2024-05-12 15:49:57", "elapsed": 1904.542651, "delta": 18.172921}}
{"target": 168.41810588818896, "params": {"h": 20.0, "p": 293.0, "r": 40.0}, "datetime": {"datetime": "2024-05-12 15:50:18", "elapsed": 1924.98133, "delta": 20.438679}}
{"target": 152.43249822166518, "params": {"h": 17.0, "p": 287.0, "r": 38.0}, "datetime": {"datetime": "2024-05-12 15:50:38", "elapsed": 1944.873034, "delta": 19.891704}}
{"target": 6.666932973072814, "params": {"h": 17.0, "p": 302.0, "r": 28.0}, "datetime": {"datetime": "2024-05-12 15:51:00", "elapsed": 1967.592981, "delta": 22.719947}}
{"target": 101.86062904400976, "params": {"h": 32.0, "p": 280.0, "r": 51.0}, "datetime": {"datetime": "2024-05-12 15:51:18", "elapsed": 1985.437679, "delta": 17.844698}}
{"target": 26.490362146739223, "params": {"h": 40.0, "p": 280.0, "r": 43.0}, "datetime": {"datetime": "2024-05-12 15:51:39", "elapsed": 2006.126285, "delta": 20.688606}}
{"target": 41.96324423616577, "params": {"h": 22.0, "p": 278.0, "r": 37.0}, "datetime": {"datetime": "2024-05-12 15:52:00", "elapsed": 2026.783645, "delta": 20.65736}}
{"target": 51.97409528918096, "params": {"h": 15.0, "p": 277.0, "r": 39.0}, "datetime": {"datetime": "2024-05-12 15:52:18", "elapsed": 2045.097136, "delta": 18.313491}}
{"target": 78.18855470303411, "params": {"h": 19.0, "p": 293.0, "r": 36.0}, "datetime": {"datetime": "2024-05-12 15:52:38", "elapsed": 2065.035717, "delta": 19.938581}}
{"target": 128.66200042197127, "params": {"h": 21.0, "p": 294.0, "r": 43.0}, "datetime": {"datetime": "2024-05-12 15:52:56", "elapsed": 2083.442971, "delta": 18.407254}}
{"target": 132.0405119519389, "params": {"h": 22.0, "p": 285.0, "r": 44.0}, "datetime": {"datetime": "2024-05-12 15:53:14", "elapsed": 2101.740848, "delta": 18.297877}}
{"target": 78.73306398782093, "params": {"h": 36.0, "p": 279.0, "r": 56.0}, "datetime": {"datetime": "2024-05-12 15:53:32", "elapsed": 2119.757464, "delta": 18.016616}}
{"target": 129.37460286735728, "params": {"h": 25.0, "p": 297.0, "r": 46.0}, "datetime": {"datetime": "2024-05-12 15:53:50", "elapsed": 2137.461567, "delta": 17.704103}}
{"target": 131.77364991326417, "params": {"h": 16.0, "p": 295.0, "r": 37.0}, "datetime": {"datetime": "2024-05-12 15:54:09", "elapsed": 2156.290732, "delta": 18.829165}}
{"target": 100.4998394088705, "params": {"h": 28.0, "p": 279.0, "r": 45.0}, "datetime": {"datetime": "2024-05-12 15:54:28", "elapsed": 2175.291787, "delta": 19.001055}}
{"target": 124.51307510591239, "params": {"h": 27.0, "p": 303.0, "r": 44.0}, "datetime": {"datetime": "2024-05-12 15:54:47", "elapsed": 2194.277218, "delta": 18.985431}}
{"target": 132.27323401834838, "params": {"h": 25.0, "p": 297.0, "r": 43.0}, "datetime": {"datetime": "2024-05-12 15:55:06", "elapsed": 2212.934508, "delta": 18.65729}}
