{"target": 0.9782541186715947, "params": {"h": 26.0, "p": 886.0, "r": 122.0}, "datetime": {"datetime": "2024-05-20 14:26:11", "elapsed": 0.0, "delta": 0.0}}
{"target": 10.782344652298596, "params": {"h": 46.0, "p": 117.0, "r": 30.0}, "datetime": {"datetime": "2024-05-20 14:26:29", "elapsed": 18.032981, "delta": 18.032981}}
{"target": 0.05594334002231389, "params": {"h": 35.0, "p": 934.0, "r": 21.0}, "datetime": {"datetime": "2024-05-20 14:27:35", "elapsed": 83.995518, "delta": 65.962537}}
{"target": 0.0, "params": {"h": 51.0, "p": 207.0, "r": 150.0}, "datetime": {"datetime": "2024-05-20 14:27:35", "elapsed": 83.995518, "delta": 0.0}}
{"target": 2.432619854450853, "params": {"h": 56.0, "p": 637.0, "r": 86.0}, "datetime": {"datetime": "2024-05-20 14:28:01", "elapsed": 110.53694, "delta": 26.541422}}
{"target": 6.3491056766058, "params": {"h": 50.0, "p": 472.0, "r": 129.0}, "datetime": {"datetime": "2024-05-20 14:28:17", "elapsed": 126.270406, "delta": 15.733466}}
{"target": 1.3434948608378912, "params": {"h": 32.0, "p": 782.0, "r": 82.0}, "datetime": {"datetime": "2024-05-20 14:28:52", "elapsed": 161.046333, "delta": 34.775927}}
{"target": 11.560509187030801, "params": {"h": 23.0, "p": 310.0, "r": 101.0}, "datetime": {"datetime": "2024-05-20 14:29:05", "elapsed": 174.28145, "delta": 13.235117}}
{"target": 4.060072671645142, "params": {"h": 39.0, "p": 695.0, "r": 42.0}, "datetime": {"datetime": "2024-05-20 14:29:43", "elapsed": 211.642992, "delta": 37.361542}}
{"target": 2.831428083204539, "params": {"h": 15.0, "p": 398.0, "r": 60.0}, "datetime": {"datetime": "2024-05-20 14:30:01", "elapsed": 229.847165, "delta": 18.204173}}
{"target": 0.0, "params": {"h": 46.0, "p": 115.0, "r": 33.0}, "datetime": {"datetime": "2024-05-20 14:30:01", "elapsed": 229.925293, "delta": 0.078128}}
{"target": 1.6454428985060174, "params": {"h": 28.0, "p": 746.0, "r": 75.0}, "datetime": {"datetime": "2024-05-20 14:30:33", "elapsed": 262.099021, "delta": 32.173728}}
{"target": 0.08892309151642214, "params": {"h": 38.0, "p": 604.0, "r": 19.0}, "datetime": {"datetime": "2024-05-20 14:31:26", "elapsed": 315.409714, "delta": 53.310693}}
{"target": 8.648196419318142, "params": {"h": 36.0, "p": 413.0, "r": 139.0}, "datetime": {"datetime": "2024-05-20 14:31:41", "elapsed": 330.096782, "delta": 14.687068}}
{"target": 5.262101601726966, "params": {"h": 19.0, "p": 341.0, "r": 82.0}, "datetime": {"datetime": "2024-05-20 14:31:56", "elapsed": 344.675747, "delta": 14.578965}}
{"target": 1.714109236554835, "params": {"h": 25.0, "p": 736.0, "r": 115.0}, "datetime": {"datetime": "2024-05-20 14:32:27", "elapsed": 375.784716, "delta": 31.108969}}
{"target": 2.4169825367484474, "params": {"h": 31.0, "p": 757.0, "r": 128.0}, "datetime": {"datetime": "2024-05-20 14:32:57", "elapsed": 405.833325, "delta": 30.048609}}
{"target": 0.5844858637799883, "params": {"h": 27.0, "p": 776.0, "r": 30.0}, "datetime": {"datetime": "2024-05-20 14:33:43", "elapsed": 452.258693, "delta": 46.425368}}
{"target": 0.7317774213408268, "params": {"h": 18.0, "p": 957.0, "r": 112.0}, "datetime": {"datetime": "2024-05-20 14:34:37", "elapsed": 506.303104, "delta": 54.044411}}
{"target": 6.674391299845839, "params": {"h": 36.0, "p": 544.0, "r": 43.0}, "datetime": {"datetime": "2024-05-20 14:35:07", "elapsed": 536.023484, "delta": 29.72038}}
{"target": 3.9634695063551195, "params": {"h": 46.0, "p": 415.0, "r": 96.0}, "datetime": {"datetime": "2024-05-20 14:35:26", "elapsed": 554.804339, "delta": 18.780855}}
{"target": 14.326634766923773, "params": {"h": 18.0, "p": 590.0, "r": 37.0}, "datetime": {"datetime": "2024-05-20 14:35:55", "elapsed": 583.930968, "delta": 29.126629}}
{"target": 0.0, "params": {"h": 42.0, "p": 124.0, "r": 88.0}, "datetime": {"datetime": "2024-05-20 14:35:55", "elapsed": 584.087226, "delta": 0.156258}}
{"target": 0.20966815972465255, "params": {"h": 52.0, "p": 484.0, "r": 21.0}, "datetime": {"datetime": "2024-05-20 14:36:43", "elapsed": 631.789542, "delta": 47.702316}}
{"target": 0.0, "params": {"h": 53.0, "p": 215.0, "r": 116.0}, "datetime": {"datetime": "2024-05-20 14:36:43", "elapsed": 631.945801, "delta": 0.156259}}
{"target": 1.6660876554485076, "params": {"h": 20.0, "p": 759.0, "r": 58.0}, "datetime": {"datetime": "2024-05-20 14:37:18", "elapsed": 667.148015, "delta": 35.202214}}
{"target": 1.830428619004657, "params": {"h": 57.0, "p": 731.0, "r": 117.0}, "datetime": {"datetime": "2024-05-20 14:37:48", "elapsed": 697.102824, "delta": 29.954809}}
{"target": 0.929433774912971, "params": {"h": 29.0, "p": 900.0, "r": 118.0}, "datetime": {"datetime": "2024-05-20 14:38:30", "elapsed": 739.103155, "delta": 42.000331}}
{"target": 5.3502737343714575, "params": {"h": 39.0, "p": 470.0, "r": 127.0}, "datetime": {"datetime": "2024-05-20 14:38:46", "elapsed": 755.354057, "delta": 16.250902}}
{"target": 17.02545181548184, "params": {"h": 34.0, "p": 346.0, "r": 126.0}, "datetime": {"datetime": "2024-05-20 14:38:59", "elapsed": 767.714133, "delta": 12.360076}}
{"target": 1.9158756159202608, "params": {"h": 58.0, "p": 733.0, "r": 89.0}, "datetime": {"datetime": "2024-05-20 14:39:32", "elapsed": 800.970462, "delta": 33.256329}}
{"target": 47.07698932789452, "params": {"h": 32.0, "p": 226.0, "r": 45.0}, "datetime": {"datetime": "2024-05-20 14:39:49", "elapsed": 818.605764, "delta": 17.635302}}
{"target": 12.410371942128878, "params": {"h": 21.0, "p": 646.0, "r": 40.0}, "datetime": {"datetime": "2024-05-20 14:40:22", "elapsed": 851.009527, "delta": 32.403763}}
{"target": 1.376100833810523, "params": {"h": 59.0, "p": 796.0, "r": 114.0}, "datetime": {"datetime": "2024-05-20 14:40:57", "elapsed": 885.823455, "delta": 34.813928}}
{"target": 76.6390039655838, "params": {"h": 21.0, "p": 278.0, "r": 38.0}, "datetime": {"datetime": "2024-05-20 14:41:15", "elapsed": 904.183861, "delta": 18.360406}}
{"target": 6.33840365233197, "params": {"h": 36.0, "p": 539.0, "r": 54.0}, "datetime": {"datetime": "2024-05-20 14:41:43", "elapsed": 931.931992, "delta": 27.748131}}
{"target": 34.28030631567051, "params": {"h": 23.0, "p": 273.0, "r": 37.0}, "datetime": {"datetime": "2024-05-20 14:42:02", "elapsed": 951.073695, "delta": 19.141703}}
{"target": 41.29609025331092, "params": {"h": 22.0, "p": 276.0, "r": 37.0}, "datetime": {"datetime": "2024-05-20 14:42:23", "elapsed": 971.757375, "delta": 20.68368}}
{"target": 16.84116864710966, "params": {"h": 22.0, "p": 278.0, "r": 34.0}, "datetime": {"datetime": "2024-05-20 14:42:45", "elapsed": 993.643926, "delta": 21.886551}}
{"target": 141.80798578836917, "params": {"h": 19.0, "p": 275.0, "r": 41.0}, "datetime": {"datetime": "2024-05-20 14:43:02", "elapsed": 1011.004296, "delta": 17.36037}}
{"target": 58.24507956185837, "params": {"h": 17.0, "p": 278.0, "r": 42.0}, "datetime": {"datetime": "2024-05-20 14:43:19", "elapsed": 1028.099028, "delta": 17.094732}}
{"target": 55.28847074847075, "params": {"h": 18.0, "p": 277.0, "r": 44.0}, "datetime": {"datetime": "2024-05-20 14:43:36", "elapsed": 1045.162508, "delta": 17.06348}}
{"target": 103.76124601329015, "params": {"h": 21.0, "p": 270.0, "r": 45.0}, "datetime": {"datetime": "2024-05-20 14:43:53", "elapsed": 1062.21036, "delta": 17.047852}}
{"target": 59.74957336871306, "params": {"h": 20.0, "p": 270.0, "r": 47.0}, "datetime": {"datetime": "2024-05-20 14:44:09", "elapsed": 1078.305037, "delta": 16.094677}}
{"target": 43.67917665110613, "params": {"h": 16.0, "p": 272.0, "r": 42.0}, "datetime": {"datetime": "2024-05-20 14:44:26", "elapsed": 1094.692461, "delta": 16.387424}}
{"target": 134.50941678269575, "params": {"h": 20.0, "p": 276.0, "r": 39.0}, "datetime": {"datetime": "2024-05-20 14:44:45", "elapsed": 1114.142602, "delta": 19.450141}}
{"target": 84.5584478377965, "params": {"h": 24.0, "p": 273.0, "r": 41.0}, "datetime": {"datetime": "2024-05-20 14:45:04", "elapsed": 1133.419852, "delta": 19.27725}}
{"target": 139.3607390103563, "params": {"h": 21.0, "p": 267.0, "r": 43.0}, "datetime": {"datetime": "2024-05-20 14:45:21", "elapsed": 1150.577088, "delta": 17.157236}}
{"target": 114.55164046437291, "params": {"h": 23.0, "p": 266.0, "r": 42.0}, "datetime": {"datetime": "2024-05-20 14:45:40", "elapsed": 1168.812513, "delta": 18.235425}}
{"target": 146.20072442732706, "params": {"h": 20.0, "p": 266.0, "r": 40.0}, "datetime": {"datetime": "2024-05-20 14:45:57", "elapsed": 1185.985377, "delta": 17.172864}}
{"target": 118.16467203652387, "params": {"h": 22.0, "p": 268.0, "r": 41.0}, "datetime": {"datetime": "2024-05-20 14:46:16", "elapsed": 1204.673973, "delta": 18.688596}}
{"target": 100.65969200269295, "params": {"h": 18.0, "p": 269.0, "r": 36.0}, "datetime": {"datetime": "2024-05-20 14:46:35", "elapsed": 1224.393859, "delta": 19.719886}}
{"target": 143.6444446477929, "params": {"h": 15.0, "p": 261.0, "r": 36.0}, "datetime": {"datetime": "2024-05-20 14:46:54", "elapsed": 1242.91055, "delta": 18.516691}}
{"target": 155.84472647315351, "params": {"h": 19.0, "p": 259.0, "r": 40.0}, "datetime": {"datetime": "2024-05-20 14:47:13", "elapsed": 1262.130408, "delta": 19.219858}}
{"target": 128.1843076900022, "params": {"h": 19.0, "p": 261.0, "r": 38.0}, "datetime": {"datetime": "2024-05-20 14:47:31", "elapsed": 1280.553329, "delta": 18.422921}}
{"target": 86.06338584281508, "params": {"h": 17.0, "p": 261.0, "r": 41.0}, "datetime": {"datetime": "2024-05-20 14:47:48", "elapsed": 1297.612145, "delta": 17.058816}}
{"target": 106.27631505785564, "params": {"h": 23.0, "p": 253.0, "r": 42.0}, "datetime": {"datetime": "2024-05-20 14:48:06", "elapsed": 1315.304706, "delta": 17.692561}}
{"target": 47.619611221666396, "params": {"h": 19.0, "p": 260.0, "r": 35.0}, "datetime": {"datetime": "2024-05-20 14:48:25", "elapsed": 1334.040144, "delta": 18.735438}}
{"target": 123.5748496548508, "params": {"h": 23.0, "p": 260.0, "r": 43.0}, "datetime": {"datetime": "2024-05-20 14:48:44", "elapsed": 1353.348733, "delta": 19.308589}}
{"target": 43.96857848379528, "params": {"h": 23.0, "p": 259.0, "r": 38.0}, "datetime": {"datetime": "2024-05-20 14:49:04", "elapsed": 1373.248251, "delta": 19.899518}}
{"target": 138.29117119927935, "params": {"h": 21.0, "p": 260.0, "r": 43.0}, "datetime": {"datetime": "2024-05-20 14:49:23", "elapsed": 1391.629717, "delta": 18.381466}}
{"target": 179.56328692675413, "params": {"h": 16.0, "p": 266.0, "r": 36.0}, "datetime": {"datetime": "2024-05-20 14:49:42", "elapsed": 1410.99021, "delta": 19.360493}}
{"target": 139.89935415122957, "params": {"h": 21.0, "p": 257.0, "r": 42.0}, "datetime": {"datetime": "2024-05-20 14:49:59", "elapsed": 1428.397691, "delta": 17.407481}}
{"target": 145.64492997724233, "params": {"h": 18.0, "p": 256.0, "r": 40.0}, "datetime": {"datetime": "2024-05-20 14:50:19", "elapsed": 1448.039239, "delta": 19.641548}}
{"target": 61.309152985722854, "params": {"h": 17.0, "p": 255.0, "r": 43.0}, "datetime": {"datetime": "2024-05-20 14:50:36", "elapsed": 1465.236008, "delta": 17.196769}}
{"target": 109.84953844796333, "params": {"h": 24.0, "p": 247.0, "r": 44.0}, "datetime": {"datetime": "2024-05-20 14:50:54", "elapsed": 1482.890004, "delta": 17.653996}}
{"target": 118.4565579505686, "params": {"h": 19.0, "p": 253.0, "r": 38.0}, "datetime": {"datetime": "2024-05-20 14:51:12", "elapsed": 1501.406674, "delta": 18.51667}}
{"target": 101.25101085520612, "params": {"h": 25.0, "p": 240.0, "r": 45.0}, "datetime": {"datetime": "2024-05-20 14:51:29", "elapsed": 1517.918885, "delta": 16.512211}}
{"target": 99.26850620282569, "params": {"h": 21.0, "p": 243.0, "r": 46.0}, "datetime": {"datetime": "2024-05-20 14:51:44", "elapsed": 1533.623424, "delta": 15.704539}}
{"target": 31.382264298616438, "params": {"h": 22.0, "p": 248.0, "r": 36.0}, "datetime": {"datetime": "2024-05-20 14:52:03", "elapsed": 1552.547678, "delta": 18.924254}}
{"target": 93.37525782899142, "params": {"h": 24.0, "p": 244.0, "r": 49.0}, "datetime": {"datetime": "2024-05-20 14:52:20", "elapsed": 1568.876717, "delta": 16.329039}}
{"target": 95.28732171059133, "params": {"h": 26.0, "p": 256.0, "r": 50.0}, "datetime": {"datetime": "2024-05-20 14:52:36", "elapsed": 1585.174509, "delta": 16.297792}}
{"target": 90.07942145075644, "params": {"h": 30.0, "p": 252.0, "r": 51.0}, "datetime": {"datetime": "2024-05-20 14:52:53", "elapsed": 1602.34765, "delta": 17.173141}}
{"target": 32.65481079875932, "params": {"h": 18.0, "p": 266.0, "r": 33.0}, "datetime": {"datetime": "2024-05-20 14:53:12", "elapsed": 1621.098705, "delta": 18.751055}}
{"target": 77.91469411710314, "params": {"h": 27.0, "p": 253.0, "r": 44.0}, "datetime": {"datetime": "2024-05-20 14:53:29", "elapsed": 1638.052787, "delta": 16.954082}}
{"target": 107.50916963896807, "params": {"h": 22.0, "p": 235.0, "r": 46.0}, "datetime": {"datetime": "2024-05-20 14:53:45", "elapsed": 1654.256848, "delta": 16.204061}}
{"target": 98.51728883736861, "params": {"h": 25.0, "p": 264.0, "r": 49.0}, "datetime": {"datetime": "2024-05-20 14:54:02", "elapsed": 1671.476555, "delta": 17.219707}}
{"target": 45.32931689818143, "params": {"h": 19.0, "p": 230.0, "r": 51.0}, "datetime": {"datetime": "2024-05-20 14:54:16", "elapsed": 1685.446098, "delta": 13.969543}}
{"target": 86.8075876884412, "params": {"h": 33.0, "p": 260.0, "r": 51.0}, "datetime": {"datetime": "2024-05-20 14:54:33", "elapsed": 1702.603322, "delta": 17.157224}}
{"target": 106.67425536490614, "params": {"h": 22.0, "p": 262.0, "r": 46.0}, "datetime": {"datetime": "2024-05-20 14:54:51", "elapsed": 1720.029115, "delta": 17.425793}}
{"target": 62.9195520358942, "params": {"h": 31.0, "p": 244.0, "r": 46.0}, "datetime": {"datetime": "2024-05-20 14:55:10", "elapsed": 1739.041854, "delta": 19.012739}}
{"target": 74.92812739883487, "params": {"h": 16.0, "p": 235.0, "r": 41.0}, "datetime": {"datetime": "2024-05-20 14:55:27", "elapsed": 1756.120897, "delta": 17.079043}}
{"target": 107.93304287174286, "params": {"h": 17.0, "p": 267.0, "r": 40.0}, "datetime": {"datetime": "2024-05-20 14:55:45", "elapsed": 1773.903178, "delta": 17.782281}}
{"target": 66.30155428529656, "params": {"h": 24.0, "p": 236.0, "r": 53.0}, "datetime": {"datetime": "2024-05-20 14:56:01", "elapsed": 1789.700955, "delta": 15.797777}}
{"target": 88.75159293230527, "params": {"h": 24.0, "p": 231.0, "r": 43.0}, "datetime": {"datetime": "2024-05-20 14:56:18", "elapsed": 1806.764429, "delta": 17.063474}}
{"target": 126.59209445439933, "params": {"h": 16.0, "p": 259.0, "r": 38.0}, "datetime": {"datetime": "2024-05-20 14:56:35", "elapsed": 1824.452923, "delta": 17.688494}}
{"target": 64.39783837637589, "params": {"h": 27.0, "p": 260.0, "r": 55.0}, "datetime": {"datetime": "2024-05-20 14:56:51", "elapsed": 1840.578863, "delta": 16.12594}}
{"target": 178.10451667668394, "params": {"h": 15.0, "p": 256.0, "r": 35.0}, "datetime": {"datetime": "2024-05-20 14:57:11", "elapsed": 1860.439334, "delta": 19.860471}}
{"target": 178.48602179638266, "params": {"h": 15.0, "p": 268.0, "r": 35.0}, "datetime": {"datetime": "2024-05-20 14:57:31", "elapsed": 1879.706062, "delta": 19.266728}}
{"target": 16.929425041983535, "params": {"h": 23.0, "p": 233.0, "r": 34.0}, "datetime": {"datetime": "2024-05-20 14:57:51", "elapsed": 1899.88885, "delta": 20.182788}}
{"target": 89.99183023038866, "params": {"h": 34.0, "p": 269.0, "r": 52.0}, "datetime": {"datetime": "2024-05-20 14:58:08", "elapsed": 1917.577365, "delta": 17.688515}}
{"target": 102.74506475622772, "params": {"h": 29.0, "p": 269.0, "r": 47.0}, "datetime": {"datetime": "2024-05-20 14:58:27", "elapsed": 1935.808575, "delta": 18.23121}}
{"target": 98.42586385217173, "params": {"h": 31.0, "p": 275.0, "r": 48.0}, "datetime": {"datetime": "2024-05-20 14:58:47", "elapsed": 1956.4292, "delta": 20.620625}}
{"target": 46.1159224961907, "params": {"h": 17.0, "p": 254.0, "r": 33.0}, "datetime": {"datetime": "2024-05-20 14:59:07", "elapsed": 1976.133458, "delta": 19.704258}}
{"target": 56.03365516937184, "params": {"h": 37.0, "p": 272.0, "r": 47.0}, "datetime": {"datetime": "2024-05-20 14:59:26", "elapsed": 1995.142727, "delta": 19.009269}}
{"target": 74.44009943568076, "params": {"h": 31.0, "p": 279.0, "r": 55.0}, "datetime": {"datetime": "2024-05-20 14:59:44", "elapsed": 2013.491551, "delta": 18.348824}}
{"target": 93.20184786577809, "params": {"h": 30.0, "p": 273.0, "r": 52.0}, "datetime": {"datetime": "2024-05-20 15:00:02", "elapsed": 2031.336328, "delta": 17.844777}}
{"target": 73.42390542815203, "params": {"h": 38.0, "p": 263.0, "r": 56.0}, "datetime": {"datetime": "2024-05-20 15:00:19", "elapsed": 2048.243532, "delta": 16.907204}}
{"target": 152.57199698248994, "params": {"h": 20.0, "p": 264.0, "r": 41.0}, "datetime": {"datetime": "2024-05-20 15:00:37", "elapsed": 2065.650785, "delta": 17.407253}}
{"target": 50.087455830268404, "params": {"h": 20.0, "p": 250.0, "r": 50.0}, "datetime": {"datetime": "2024-05-20 15:00:53", "elapsed": 2082.546736, "delta": 16.895951}}
{"target": 52.72951994145521, "params": {"h": 33.0, "p": 261.0, "r": 45.0}, "datetime": {"datetime": "2024-05-20 15:01:13", "elapsed": 2102.614161, "delta": 20.067425}}
{"target": 69.34516413589044, "params": {"h": 38.0, "p": 253.0, "r": 55.0}, "datetime": {"datetime": "2024-05-20 15:01:30", "elapsed": 2118.802593, "delta": 16.188432}}
{"target": 59.0311564142547, "params": {"h": 37.0, "p": 270.0, "r": 61.0}, "datetime": {"datetime": "2024-05-20 15:01:47", "elapsed": 2136.100482, "delta": 17.297889}}
{"target": 119.30285750510971, "params": {"h": 25.0, "p": 279.0, "r": 47.0}, "datetime": {"datetime": "2024-05-20 15:02:04", "elapsed": 2153.429694, "delta": 17.329212}}
{"target": 65.57395557343696, "params": {"h": 25.0, "p": 288.0, "r": 51.0}, "datetime": {"datetime": "2024-05-20 15:02:23", "elapsed": 2171.981058, "delta": 18.551364}}
{"target": 78.5089561217102, "params": {"h": 29.0, "p": 281.0, "r": 44.0}, "datetime": {"datetime": "2024-05-20 15:02:42", "elapsed": 2191.247777, "delta": 19.266719}}
{"target": 21.895047246266515, "params": {"h": 21.0, "p": 279.0, "r": 59.0}, "datetime": {"datetime": "2024-05-20 15:02:57", "elapsed": 2206.029878, "delta": 14.782101}}
{"target": 126.81315183638637, "params": {"h": 25.0, "p": 273.0, "r": 46.0}, "datetime": {"datetime": "2024-05-20 15:03:15", "elapsed": 2224.390314, "delta": 18.360436}}
{"target": 65.38506822591714, "params": {"h": 28.0, "p": 247.0, "r": 56.0}, "datetime": {"datetime": "2024-05-20 15:03:30", "elapsed": 2239.234921, "delta": 14.844607}}
{"target": 89.97313176593455, "params": {"h": 36.0, "p": 287.0, "r": 54.0}, "datetime": {"datetime": "2024-05-20 15:03:48", "elapsed": 2257.407845, "delta": 18.172924}}
{"target": 174.4235912305292, "params": {"h": 15.0, "p": 275.0, "r": 35.0}, "datetime": {"datetime": "2024-05-20 15:04:09", "elapsed": 2278.43947, "delta": 21.031625}}
{"target": 81.92435301919147, "params": {"h": 44.0, "p": 288.0, "r": 55.0}, "datetime": {"datetime": "2024-05-20 15:04:28", "elapsed": 2297.393688, "delta": 18.954218}}
{"target": 63.3391243791393, "params": {"h": 38.0, "p": 295.0, "r": 59.0}, "datetime": {"datetime": "2024-05-20 15:04:47", "elapsed": 2315.761658, "delta": 18.36797}}
{"target": 65.3324830239362, "params": {"h": 24.0, "p": 275.0, "r": 51.0}, "datetime": {"datetime": "2024-05-20 15:05:04", "elapsed": 2332.778267, "delta": 17.016609}}
{"target": 66.88049073256998, "params": {"h": 39.0, "p": 289.0, "r": 48.0}, "datetime": {"datetime": "2024-05-20 15:05:23", "elapsed": 2352.451295, "delta": 19.673028}}
{"target": 63.27206696613876, "params": {"h": 39.0, "p": 284.0, "r": 60.0}, "datetime": {"datetime": "2024-05-20 15:05:40", "elapsed": 2369.527686, "delta": 17.076391}}
{"target": 2.0168397863961864, "params": {"h": 16.0, "p": 275.0, "r": 23.0}, "datetime": {"datetime": "2024-05-20 15:06:03", "elapsed": 2392.341519, "delta": 22.813833}}
{"target": 27.5182941112783, "params": {"h": 16.0, "p": 238.0, "r": 49.0}, "datetime": {"datetime": "2024-05-20 15:06:18", "elapsed": 2407.51427, "delta": 15.172751}}
{"target": 73.43781467567483, "params": {"h": 15.0, "p": 268.0, "r": 38.0}, "datetime": {"datetime": "2024-05-20 15:06:37", "elapsed": 2426.234348, "delta": 18.720078}}
{"target": 127.7432038418212, "params": {"h": 23.0, "p": 285.0, "r": 45.0}, "datetime": {"datetime": "2024-05-20 15:06:56", "elapsed": 2444.992973, "delta": 18.758625}}
{"target": 159.59348828536778, "params": {"h": 21.0, "p": 287.0, "r": 41.0}, "datetime": {"datetime": "2024-05-20 15:07:14", "elapsed": 2463.202986, "delta": 18.210013}}
{"target": 51.54625432581117, "params": {"h": 24.0, "p": 289.0, "r": 39.0}, "datetime": {"datetime": "2024-05-20 15:07:34", "elapsed": 2482.641591, "delta": 19.438605}}
{"target": 31.86848987551789, "params": {"h": 17.0, "p": 271.0, "r": 32.0}, "datetime": {"datetime": "2024-05-20 15:07:54", "elapsed": 2503.298996, "delta": 20.657405}}
{"target": 164.1594684173328, "params": {"h": 20.0, "p": 285.0, "r": 40.0}, "datetime": {"datetime": "2024-05-20 15:08:12", "elapsed": 2521.315566, "delta": 18.01657}}
{"target": 108.40730564489397, "params": {"h": 22.0, "p": 288.0, "r": 45.0}, "datetime": {"datetime": "2024-05-20 15:08:29", "elapsed": 2538.597743, "delta": 17.282177}}
{"target": 81.76339070351423, "params": {"h": 19.0, "p": 288.0, "r": 43.0}, "datetime": {"datetime": "2024-05-20 15:08:47", "elapsed": 2556.129939, "delta": 17.532196}}
{"target": 92.54833297076777, "params": {"h": 24.0, "p": 284.0, "r": 41.0}, "datetime": {"datetime": "2024-05-20 15:09:07", "elapsed": 2576.416837, "delta": 20.286898}}
{"target": 146.6003797904482, "params": {"h": 18.0, "p": 276.0, "r": 37.0}, "datetime": {"datetime": "2024-05-20 15:09:26", "elapsed": 2595.027245, "delta": 18.610408}}
{"target": 114.2640722322026, "params": {"h": 22.0, "p": 262.0, "r": 41.0}, "datetime": {"datetime": "2024-05-20 15:09:45", "elapsed": 2613.669135, "delta": 18.64189}}
