{"target": 84.19647737834075, "params": {"h": 24.0, "p": 243.0, "r": 42.0}, "datetime": {"datetime": "2024-05-20 15:10:01", "elapsed": 2629.732483, "delta": 16.063348}}
{"target": 177.6861787825692, "params": {"h": 18.0, "p": 289.0, "r": 38.0}, "datetime": {"datetime": "2024-05-20 15:10:19", "elapsed": 2648.248899, "delta": 18.516416}}
{"target": 181.01310007518424, "params": {"h": 16.0, "p": 287.0, "r": 35.0}, "datetime": {"datetime": "2024-05-20 15:10:37", "elapsed": 2666.328024, "delta": 18.079125}}
{"target": 156.66233127280427, "params": {"h": 15.0, "p": 296.0, "r": 33.0}, "datetime": {"datetime": "2024-05-20 15:10:59", "elapsed": 2688.062793, "delta": 21.734769}}
{"target": 12.395172823170782, "params": {"h": 24.0, "p": 297.0, "r": 34.0}, "datetime": {"datetime": "2024-05-20 15:11:21", "elapsed": 2710.382732, "delta": 22.319939}}
{"target": 89.2234397614255, "params": {"h": 17.0, "p": 285.0, "r": 40.0}, "datetime": {"datetime": "2024-05-20 15:11:42", "elapsed": 2730.98384, "delta": 20.601108}}
{"target": 30.880425383049637, "params": {"h": 16.0, "p": 286.0, "r": 31.0}, "datetime": {"datetime": "2024-05-20 15:12:01", "elapsed": 2750.141143, "delta": 19.157303}}
{"target": 134.61755887676503, "params": {"h": 16.0, "p": 290.0, "r": 34.0}, "datetime": {"datetime": "2024-05-20 15:12:21", "elapsed": 2769.751637, "delta": 19.610494}}
{"target": 115.53919460189074, "params": {"h": 15.0, "p": 288.0, "r": 36.0}, "datetime": {"datetime": "2024-05-20 15:12:39", "elapsed": 2788.580805, "delta": 18.829168}}
{"target": 183.3340342074253, "params": {"h": 16.0, "p": 294.0, "r": 35.0}, "datetime": {"datetime": "2024-05-20 15:12:59", "elapsed": 2808.472567, "delta": 19.891762}}
{"target": 49.549016683335516, "params": {"h": 18.0, "p": 286.0, "r": 34.0}, "datetime": {"datetime": "2024-05-20 15:13:19", "elapsed": 2828.576888, "delta": 20.104321}}
{"target": 163.2750396268532, "params": {"h": 18.0, "p": 264.0, "r": 38.0}, "datetime": {"datetime": "2024-05-20 15:13:39", "elapsed": 2848.382145, "delta": 19.805257}}
{"target": 139.91092095637862, "params": {"h": 16.0, "p": 294.0, "r": 34.0}, "datetime": {"datetime": "2024-05-20 15:14:00", "elapsed": 2869.424811, "delta": 21.042666}}
{"target": 152.43249822165427, "params": {"h": 17.0, "p": 287.0, "r": 38.0}, "datetime": {"datetime": "2024-05-20 15:14:18", "elapsed": 2886.98829, "delta": 17.563479}}
{"target": 141.01401534034977, "params": {"h": 17.0, "p": 257.0, "r": 39.0}, "datetime": {"datetime": "2024-05-20 15:14:37", "elapsed": 2905.78778, "delta": 18.79949}}
{"target": 95.09390564245956, "params": {"h": 22.0, "p": 258.0, "r": 47.0}, "datetime": {"datetime": "2024-05-20 15:14:54", "elapsed": 2923.319429, "delta": 17.531649}}
{"target": 115.59294443030673, "params": {"h": 26.0, "p": 271.0, "r": 45.0}, "datetime": {"datetime": "2024-05-20 15:15:14", "elapsed": 2942.963712, "delta": 19.644283}}
{"target": 178.26195605581236, "params": {"h": 18.0, "p": 291.0, "r": 38.0}, "datetime": {"datetime": "2024-05-20 15:15:34", "elapsed": 2962.761716, "delta": 19.798004}}
{"target": 88.2913594367407, "params": {"h": 21.0, "p": 255.0, "r": 39.0}, "datetime": {"datetime": "2024-05-20 15:15:52", "elapsed": 2981.122357, "delta": 18.360641}}
{"target": 170.48657811667107, "params": {"h": 16.0, "p": 276.0, "r": 35.0}, "datetime": {"datetime": "2024-05-20 15:16:12", "elapsed": 3001.202114, "delta": 20.079757}}
{"target": 136.37086513633196, "params": {"h": 15.0, "p": 267.0, "r": 36.0}, "datetime": {"datetime": "2024-05-20 15:16:31", "elapsed": 3019.993528, "delta": 18.791414}}
{"target": 178.94543429640433, "params": {"h": 18.0, "p": 294.0, "r": 38.0}, "datetime": {"datetime": "2024-05-20 15:16:51", "elapsed": 3039.722284, "delta": 19.728756}}
{"target": 127.3849394287256, "params": {"h": 16.0, "p": 298.0, "r": 37.0}, "datetime": {"datetime": "2024-05-20 15:17:10", "elapsed": 3058.865811, "delta": 19.143527}}
{"target": 27.724601036524017, "params": {"h": 15.0, "p": 295.0, "r": 41.0}, "datetime": {"datetime": "2024-05-20 15:17:28", "elapsed": 3077.441305, "delta": 18.575494}}
{"target": 102.2225097044809, "params": {"h": 28.0, "p": 268.0, "r": 50.0}, "datetime": {"datetime": "2024-05-20 15:17:47", "elapsed": 3096.324684, "delta": 18.883379}}
{"target": 151.4746399901462, "params": {"h": 20.0, "p": 293.0, "r": 39.0}, "datetime": {"datetime": "2024-05-20 15:18:07", "elapsed": 3116.185181, "delta": 19.860497}}
{"target": 121.09534116112081, "params": {"h": 21.0, "p": 295.0, "r": 39.0}, "datetime": {"datetime": "2024-05-20 15:18:27", "elapsed": 3135.967567, "delta": 19.782386}}
{"target": 31.51934500725204, "params": {"h": 17.0, "p": 300.0, "r": 32.0}, "datetime": {"datetime": "2024-05-20 15:18:48", "elapsed": 3156.906286, "delta": 20.938719}}
{"target": 126.54732275577138, "params": {"h": 25.0, "p": 279.0, "r": 44.0}, "datetime": {"datetime": "2024-05-20 15:19:06", "elapsed": 3174.751044, "delta": 17.844758}}
{"target": 176.68545257108687, "params": {"h": 15.0, "p": 266.0, "r": 35.0}, "datetime": {"datetime": "2024-05-20 15:19:26", "elapsed": 3194.911425, "delta": 20.160381}}
{"target": 129.79235900848565, "params": {"h": 23.0, "p": 275.0, "r": 45.0}, "datetime": {"datetime": "2024-05-20 15:19:44", "elapsed": 3213.23252, "delta": 18.321095}}
{"target": 179.32646274771955, "params": {"h": 16.0, "p": 285.0, "r": 36.0}, "datetime": {"datetime": "2024-05-20 15:20:03", "elapsed": 3231.967972, "delta": 18.735452}}
{"target": 136.53780124368936, "params": {"h": 21.0, "p": 286.0, "r": 43.0}, "datetime": {"datetime": "2024-05-20 15:20:22", "elapsed": 3250.875309, "delta": 18.907337}}
{"target": 65.63804321836541, "params": {"h": 52.0, "p": 295.0, "r": 52.0}, "datetime": {"datetime": "2024-05-20 15:20:42", "elapsed": 3271.048366, "delta": 20.173057}}
{"target": 97.29641302846026, "params": {"h": 16.0, "p": 292.0, "r": 38.0}, "datetime": {"datetime": "2024-05-20 15:21:01", "elapsed": 3289.955705, "delta": 18.907339}}
{"target": 178.92882251556003, "params": {"h": 16.0, "p": 264.0, "r": 36.0}, "datetime": {"datetime": "2024-05-20 15:21:23", "elapsed": 3311.836659, "delta": 21.880954}}
{"target": 128.47540347331517, "params": {"h": 16.0, "p": 296.0, "r": 37.0}, "datetime": {"datetime": "2024-05-20 15:21:43", "elapsed": 3332.303286, "delta": 20.466627}}
{"target": 129.9973099182599, "params": {"h": 16.0, "p": 255.0, "r": 38.0}, "datetime": {"datetime": "2024-05-20 15:22:00", "elapsed": 3349.398003, "delta": 17.094717}}
{"target": 82.210565146237, "params": {"h": 21.0, "p": 287.0, "r": 38.0}, "datetime": {"datetime": "2024-05-20 15:22:20", "elapsed": 3369.477302, "delta": 20.079299}}
{"target": 180.61162448266907, "params": {"h": 16.0, "p": 271.0, "r": 36.0}, "datetime": {"datetime": "2024-05-20 15:22:41", "elapsed": 3389.782287, "delta": 20.304985}}
{"target": 118.30086167564464, "params": {"h": 23.0, "p": 300.0, "r": 45.0}, "datetime": {"datetime": "2024-05-20 15:22:59", "elapsed": 3408.330215, "delta": 18.547928}}
{"target": 164.7306591228021, "params": {"h": 20.0, "p": 287.0, "r": 40.0}, "datetime": {"datetime": "2024-05-20 15:23:18", "elapsed": 3427.36258, "delta": 19.032365}}
{"target": 122.43957099017548, "params": {"h": 16.0, "p": 275.0, "r": 34.0}, "datetime": {"datetime": "2024-05-20 15:23:37", "elapsed": 3446.426162, "delta": 19.063582}}
{"target": 156.45247329319037, "params": {"h": 18.0, "p": 288.0, "r": 37.0}, "datetime": {"datetime": "2024-05-20 15:23:57", "elapsed": 3466.255449, "delta": 19.829287}}
{"target": 104.60171158613005, "params": {"h": 15.0, "p": 263.0, "r": 37.0}, "datetime": {"datetime": "2024-05-20 15:24:18", "elapsed": 3486.755641, "delta": 20.500192}}
{"target": 44.06895516613721, "params": {"h": 20.0, "p": 284.0, "r": 48.0}, "datetime": {"datetime": "2024-05-20 15:24:35", "elapsed": 3503.707742, "delta": 16.952101}}
{"target": 150.8833786886294, "params": {"h": 16.0, "p": 278.0, "r": 37.0}, "datetime": {"datetime": "2024-05-20 15:24:54", "elapsed": 3522.646296, "delta": 18.938554}}
{"target": 182.00378556817944, "params": {"h": 15.0, "p": 268.0, "r": 34.0}, "datetime": {"datetime": "2024-05-20 15:25:12", "elapsed": 3541.350338, "delta": 18.704042}}
{"target": 131.33313971248376, "params": {"h": 28.0, "p": 301.0, "r": 47.0}, "datetime": {"datetime": "2024-05-20 15:25:31", "elapsed": 3560.523201, "delta": 19.172863}}
{"target": 89.22285577333805, "params": {"h": 31.0, "p": 299.0, "r": 45.0}, "datetime": {"datetime": "2024-05-20 15:25:53", "elapsed": 3581.777846, "delta": 21.254645}}
{"target": 75.65555958938373, "params": {"h": 16.0, "p": 258.0, "r": 33.0}, "datetime": {"datetime": "2024-05-20 15:26:11", "elapsed": 3600.169403, "delta": 18.391557}}
{"target": 38.086262786932785, "params": {"h": 19.0, "p": 300.0, "r": 46.0}, "datetime": {"datetime": "2024-05-20 15:26:30", "elapsed": 3619.43098, "delta": 19.261577}}
{"target": 76.32053490880541, "params": {"h": 25.0, "p": 302.0, "r": 49.0}, "datetime": {"datetime": "2024-05-20 15:26:48", "elapsed": 3637.619658, "delta": 18.188678}}
{"target": 121.0329438090262, "params": {"h": 16.0, "p": 278.0, "r": 34.0}, "datetime": {"datetime": "2024-05-20 15:27:08", "elapsed": 3657.167325, "delta": 19.547667}}
{"target": 111.34637538497634, "params": {"h": 31.0, "p": 303.0, "r": 46.0}, "datetime": {"datetime": "2024-05-20 15:27:28", "elapsed": 3676.637111, "delta": 19.469786}}
{"target": 152.86609532353413, "params": {"h": 19.0, "p": 290.0, "r": 38.0}, "datetime": {"datetime": "2024-05-20 15:27:48", "elapsed": 3697.361895, "delta": 20.724784}}
{"target": 95.71278079805705, "params": {"h": 15.0, "p": 271.0, "r": 37.0}, "datetime": {"datetime": "2024-05-20 15:28:07", "elapsed": 3715.813528, "delta": 18.451633}}
{"target": 176.18795638136686, "params": {"h": 19.0, "p": 300.0, "r": 39.0}, "datetime": {"datetime": "2024-05-20 15:28:26", "elapsed": 3734.986458, "delta": 19.17293}}
{"target": 72.2426104437958, "params": {"h": 23.0, "p": 299.0, "r": 39.0}, "datetime": {"datetime": "2024-05-20 15:28:48", "elapsed": 3756.686459, "delta": 21.700001}}
{"target": 178.08509571297716, "params": {"h": 15.0, "p": 254.0, "r": 35.0}, "datetime": {"datetime": "2024-05-20 15:29:06", "elapsed": 3775.198103, "delta": 18.511644}}
{"target": 83.32300939141592, "params": {"h": 28.0, "p": 276.0, "r": 44.0}, "datetime": {"datetime": "2024-05-20 15:29:26", "elapsed": 3795.514206, "delta": 20.316103}}
{"target": 35.65301702318124, "params": {"h": 25.0, "p": 309.0, "r": 38.0}, "datetime": {"datetime": "2024-05-20 15:29:48", "elapsed": 3817.116289, "delta": 21.602083}}
{"target": 53.37023774590932, "params": {"h": 17.0, "p": 303.0, "r": 41.0}, "datetime": {"datetime": "2024-05-20 15:30:08", "elapsed": 3837.048022, "delta": 19.931733}}
{"target": 112.1480214715447, "params": {"h": 18.0, "p": 301.0, "r": 40.0}, "datetime": {"datetime": "2024-05-20 15:30:28", "elapsed": 3857.473053, "delta": 20.425031}}
{"target": 165.98246170817637, "params": {"h": 15.0, "p": 284.0, "r": 35.0}, "datetime": {"datetime": "2024-05-20 15:30:48", "elapsed": 3877.43247, "delta": 19.959417}}
{"target": 150.94004478226836, "params": {"h": 21.0, "p": 274.0, "r": 42.0}, "datetime": {"datetime": "2024-05-20 15:31:06", "elapsed": 3894.867754, "delta": 17.435284}}
{"target": 100.78926981931491, "params": {"h": 31.0, "p": 301.0, "r": 51.0}, "datetime": {"datetime": "2024-05-20 15:31:25", "elapsed": 3914.313954, "delta": 19.4462}}
{"target": 119.01194503276339, "params": {"h": 18.0, "p": 292.0, "r": 40.0}, "datetime": {"datetime": "2024-05-20 15:31:46", "elapsed": 3935.553438, "delta": 21.239484}}
{"target": 107.37161140516734, "params": {"h": 37.0, "p": 309.0, "r": 49.0}, "datetime": {"datetime": "2024-05-20 15:32:10", "elapsed": 3958.767425, "delta": 23.213987}}
{"target": 129.50809987627366, "params": {"h": 15.0, "p": 276.0, "r": 36.0}, "datetime": {"datetime": "2024-05-20 15:32:29", "elapsed": 3977.955989, "delta": 19.188564}}
{"target": 165.71153947825312, "params": {"h": 15.0, "p": 286.0, "r": 35.0}, "datetime": {"datetime": "2024-05-20 15:32:50", "elapsed": 3998.850922, "delta": 20.894933}}
{"target": 153.48565290568553, "params": {"h": 21.0, "p": 283.0, "r": 42.0}, "datetime": {"datetime": "2024-05-20 15:33:10", "elapsed": 4019.358241, "delta": 20.507319}}
{"target": 135.29624415835232, "params": {"h": 21.0, "p": 283.0, "r": 40.0}, "datetime": {"datetime": "2024-05-20 15:33:30", "elapsed": 4038.640565, "delta": 19.282324}}
{"target": 160.05506374300464, "params": {"h": 18.0, "p": 291.0, "r": 37.0}, "datetime": {"datetime": "2024-05-20 15:33:50", "elapsed": 4059.289796, "delta": 20.649231}}
{"target": 118.90148472620439, "params": {"h": 33.0, "p": 306.0, "r": 49.0}, "datetime": {"datetime": "2024-05-20 15:34:10", "elapsed": 4079.353453, "delta": 20.063657}}
{"target": 180.2560638419986, "params": {"h": 16.0, "p": 283.0, "r": 36.0}, "datetime": {"datetime": "2024-05-20 15:34:32", "elapsed": 4101.251714, "delta": 21.898261}}
{"target": 142.8820050400036, "params": {"h": 26.0, "p": 301.0, "r": 45.0}, "datetime": {"datetime": "2024-05-20 15:34:52", "elapsed": 4121.205958, "delta": 19.954244}}
{"target": 135.60888613486068, "params": {"h": 24.0, "p": 281.0, "r": 45.0}, "datetime": {"datetime": "2024-05-20 15:35:11", "elapsed": 4140.331658, "delta": 19.1257}}
{"target": 130.77929659234792, "params": {"h": 15.0, "p": 264.0, "r": 33.0}, "datetime": {"datetime": "2024-05-20 15:35:30", "elapsed": 4159.50463, "delta": 19.172972}}
{"target": 85.55529900492884, "params": {"h": 35.0, "p": 303.0, "r": 54.0}, "datetime": {"datetime": "2024-05-20 15:35:50", "elapsed": 4179.115142, "delta": 19.610512}}
{"target": 89.06505457739594, "params": {"h": 30.0, "p": 307.0, "r": 44.0}, "datetime": {"datetime": "2024-05-20 15:36:12", "elapsed": 4200.960141, "delta": 21.844999}}
{"target": 159.37554843466614, "params": {"h": 19.0, "p": 273.0, "r": 39.0}, "datetime": {"datetime": "2024-05-20 15:36:32", "elapsed": 4220.898782, "delta": 19.938641}}
{"target": 125.41386168482609, "params": {"h": 18.0, "p": 303.0, "r": 36.0}, "datetime": {"datetime": "2024-05-20 15:36:52", "elapsed": 4241.290575, "delta": 20.391793}}
{"target": 138.40062924504102, "params": {"h": 27.0, "p": 304.0, "r": 45.0}, "datetime": {"datetime": "2024-05-20 15:37:12", "elapsed": 4261.198182, "delta": 19.907607}}
{"target": 73.19074271881546, "params": {"h": 29.0, "p": 305.0, "r": 52.0}, "datetime": {"datetime": "2024-05-20 15:37:31", "elapsed": 4279.777137, "delta": 18.578955}}
{"target": 104.34575959350565, "params": {"h": 33.0, "p": 311.0, "r": 51.0}, "datetime": {"datetime": "2024-05-20 15:37:50", "elapsed": 4299.387655, "delta": 19.610518}}
{"target": 144.303944960111, "params": {"h": 16.0, "p": 282.0, "r": 37.0}, "datetime": {"datetime": "2024-05-20 15:38:08", "elapsed": 4317.435549, "delta": 18.047894}}
{"target": 148.2241328332341, "params": {"h": 17.0, "p": 265.0, "r": 36.0}, "datetime": {"datetime": "2024-05-20 15:38:27", "elapsed": 4336.186873, "delta": 18.751324}}
{"target": 79.1427622401232, "params": {"h": 18.0, "p": 296.0, "r": 35.0}, "datetime": {"datetime": "2024-05-20 15:38:47", "elapsed": 4356.359658, "delta": 20.172785}}
{"target": 65.60022576992296, "params": {"h": 36.0, "p": 312.0, "r": 56.0}, "datetime": {"datetime": "2024-05-20 15:39:05", "elapsed": 4374.251329, "delta": 17.891671}}
{"target": 100.53849904347939, "params": {"h": 19.0, "p": 273.0, "r": 37.0}, "datetime": {"datetime": "2024-05-20 15:39:24", "elapsed": 4393.018016, "delta": 18.766687}}
{"target": 97.64023506839276, "params": {"h": 39.0, "p": 303.0, "r": 50.0}, "datetime": {"datetime": "2024-05-20 15:39:44", "elapsed": 4412.753543, "delta": 19.735527}}
{"target": 129.69949633067807, "params": {"h": 24.0, "p": 305.0, "r": 45.0}, "datetime": {"datetime": "2024-05-20 15:40:03", "elapsed": 4432.098388, "delta": 19.344845}}
{"target": 156.90247014106546, "params": {"h": 21.0, "p": 285.0, "r": 41.0}, "datetime": {"datetime": "2024-05-20 15:40:21", "elapsed": 4450.474445, "delta": 18.376057}}
{"target": 147.41867277006287, "params": {"h": 22.0, "p": 278.0, "r": 42.0}, "datetime": {"datetime": "2024-05-20 15:40:40", "elapsed": 4469.194273, "delta": 18.719828}}
{"target": 57.251793798894845, "params": {"h": 29.0, "p": 302.0, "r": 42.0}, "datetime": {"datetime": "2024-05-20 15:41:02", "elapsed": 4490.64865, "delta": 21.454377}}
{"target": 82.88933801564599, "params": {"h": 19.0, "p": 266.0, "r": 44.0}, "datetime": {"datetime": "2024-05-20 15:41:21", "elapsed": 4510.148028, "delta": 19.499378}}
{"target": 47.305857478873676, "params": {"h": 37.0, "p": 310.0, "r": 44.0}, "datetime": {"datetime": "2024-05-20 15:41:42", "elapsed": 4531.586763, "delta": 21.438735}}
{"target": 84.43733334975354, "params": {"h": 20.0, "p": 303.0, "r": 37.0}, "datetime": {"datetime": "2024-05-20 15:42:03", "elapsed": 4551.666059, "delta": 20.079296}}
{"target": 186.4237108982406, "params": {"h": 15.0, "p": 281.0, "r": 34.0}, "datetime": {"datetime": "2024-05-20 15:42:22", "elapsed": 4571.245681, "delta": 19.579622}}
{"target": 155.2600455824488, "params": {"h": 23.0, "p": 302.0, "r": 43.0}, "datetime": {"datetime": "2024-05-20 15:42:42", "elapsed": 4591.520161, "delta": 20.27448}}
{"target": 114.84187491312434, "params": {"h": 29.0, "p": 296.0, "r": 49.0}, "datetime": {"datetime": "2024-05-20 15:43:03", "elapsed": 4612.107154, "delta": 20.586993}}
{"target": 72.83434351687788, "params": {"h": 47.0, "p": 305.0, "r": 50.0}, "datetime": {"datetime": "2024-05-20 15:43:25", "elapsed": 4634.420984, "delta": 22.31383}}
{"target": 135.60080848946464, "params": {"h": 26.0, "p": 298.0, "r": 46.0}, "datetime": {"datetime": "2024-05-20 15:43:45", "elapsed": 4653.797373, "delta": 19.376389}}
{"target": 178.7799970267906, "params": {"h": 18.0, "p": 293.0, "r": 38.0}, "datetime": {"datetime": "2024-05-20 15:44:06", "elapsed": 4675.252798, "delta": 21.455425}}
{"target": 178.2790812043003, "params": {"h": 16.0, "p": 287.0, "r": 36.0}, "datetime": {"datetime": "2024-05-20 15:44:24", "elapsed": 4693.58199, "delta": 18.329192}}
{"target": 177.6861787825692, "params": {"h": 18.0, "p": 289.0, "r": 38.0}, "datetime": {"datetime": "2024-05-20 15:44:25", "elapsed": 4694.066393, "delta": 0.484403}}
{"target": 160.82742219418185, "params": {"h": 16.0, "p": 251.0, "r": 37.0}, "datetime": {"datetime": "2024-05-20 15:44:42", "elapsed": 4711.603136, "delta": 17.536743}}
{"target": 144.55483672271424, "params": {"h": 15.0, "p": 282.0, "r": 33.0}, "datetime": {"datetime": "2024-05-20 15:45:03", "elapsed": 4732.620001, "delta": 21.016865}}
{"target": 162.9529018898105, "params": {"h": 18.0, "p": 263.0, "r": 39.0}, "datetime": {"datetime": "2024-05-20 15:45:21", "elapsed": 4750.433533, "delta": 17.813532}}
{"target": 1.3169333718016545, "params": {"h": 27.0, "p": 999.0, "r": 60.0}, "datetime": {"datetime": "2024-05-20 15:46:22", "elapsed": 4811.305974, "delta": 60.872441}}
{"target": 140.78318082795516, "params": {"h": 20.0, "p": 273.0, "r": 42.0}, "datetime": {"datetime": "2024-05-20 15:46:40", "elapsed": 4828.994494, "delta": 17.68852}}
{"target": 102.02883772169368, "params": {"h": 29.0, "p": 292.0, "r": 45.0}, "datetime": {"datetime": "2024-05-20 15:47:01", "elapsed": 4850.185622, "delta": 21.191128}}
{"target": 167.24137809934732, "params": {"h": 15.0, "p": 246.0, "r": 34.0}, "datetime": {"datetime": "2024-05-20 15:47:18", "elapsed": 4867.136898, "delta": 16.951276}}
{"target": 174.94922499201593, "params": {"h": 19.0, "p": 296.0, "r": 39.0}, "datetime": {"datetime": "2024-05-20 15:47:39", "elapsed": 4887.966257, "delta": 20.829359}}
{"target": 129.97431393312345, "params": {"h": 16.0, "p": 283.0, "r": 34.0}, "datetime": {"datetime": "2024-05-20 15:48:00", "elapsed": 4909.127117, "delta": 21.16086}}
{"target": 172.30606199476543, "params": {"h": 16.0, "p": 249.0, "r": 36.0}, "datetime": {"datetime": "2024-05-20 15:48:20", "elapsed": 4929.348668, "delta": 20.221551}}
{"target": 21.7248671029692, "params": {"h": 16.0, "p": 249.0, "r": 30.0}, "datetime": {"datetime": "2024-05-20 15:48:39", "elapsed": 4948.33415, "delta": 18.985482}}
{"target": 33.65289672191376, "params": {"h": 16.0, "p": 241.0, "r": 31.0}, "datetime": {"datetime": "2024-05-20 15:48:57", "elapsed": 4965.678892, "delta": 17.344742}}
{"target": 153.19502835745283, "params": {"h": 20.0, "p": 300.0, "r": 41.0}, "datetime": {"datetime": "2024-05-20 15:49:16", "elapsed": 4984.898762, "delta": 19.21987}}
{"target": 63.38393305337878, "params": {"h": 27.0, "p": 320.0, "r": 50.0}, "datetime": {"datetime": "2024-05-20 15:49:36", "elapsed": 5004.729793, "delta": 19.831031}}
