{"target": 0.9782541186712195, "params": {"h": 26.0, "p": 886.0, "r": 122.0}, "datetime": {"datetime": "2024-05-19 05:14:19", "elapsed": 0.0, "delta": 0.0}}
{"target": 10.782344652298875, "params": {"h": 46.0, "p": 117.0, "r": 30.0}, "datetime": {"datetime": "2024-05-19 05:14:40", "elapsed": 21.761351, "delta": 21.761351}}
{"target": 0.055943340022311994, "params": {"h": 35.0, "p": 934.0, "r": 21.0}, "datetime": {"datetime": "2024-05-19 05:15:49", "elapsed": 90.551731, "delta": 68.79038}}
{"target": 0.0, "params": {"h": 51.0, "p": 207.0, "r": 150.0}, "datetime": {"datetime": "2024-05-19 05:15:49", "elapsed": 90.553733, "delta": 0.002002}}
{"target": 2.4326198544509423, "params": {"h": 56.0, "p": 637.0, "r": 86.0}, "datetime": {"datetime": "2024-05-19 05:16:20", "elapsed": 121.343692, "delta": 30.789959}}
{"target": 6.349105676605486, "params": {"h": 50.0, "p": 472.0, "r": 129.0}, "datetime": {"datetime": "2024-05-19 05:16:36", "elapsed": 137.767624, "delta": 16.423932}}
{"target": 1.3434948608380348, "params": {"h": 32.0, "p": 782.0, "r": 82.0}, "datetime": {"datetime": "2024-05-19 05:17:13", "elapsed": 174.545978, "delta": 36.778354}}
{"target": 11.560509187030558, "params": {"h": 23.0, "p": 310.0, "r": 101.0}, "datetime": {"datetime": "2024-05-19 05:17:27", "elapsed": 188.423588, "delta": 13.87761}}
{"target": 4.060072671645597, "params": {"h": 39.0, "p": 695.0, "r": 42.0}, "datetime": {"datetime": "2024-05-19 05:18:11", "elapsed": 232.16196, "delta": 43.738372}}
{"target": 2.8314280832034266, "params": {"h": 15.0, "p": 398.0, "r": 60.0}, "datetime": {"datetime": "2024-05-19 05:18:31", "elapsed": 252.235247, "delta": 20.073287}}
{"target": 5.2117559215803055, "params": {"h": 51.0, "p": 471.0, "r": 126.0}, "datetime": {"datetime": "2024-05-19 05:18:50", "elapsed": 271.081977, "delta": 18.84673}}
{"target": 12.921380041686241, "params": {"h": 28.0, "p": 312.0, "r": 98.0}, "datetime": {"datetime": "2024-05-19 05:19:03", "elapsed": 284.788121, "delta": 13.706144}}
{"target": 16.485298535908658, "params": {"h": 36.0, "p": 308.0, "r": 97.0}, "datetime": {"datetime": "2024-05-19 05:19:17", "elapsed": 298.791523, "delta": 14.003402}}
{"target": 19.5811904400233, "params": {"h": 43.0, "p": 303.0, "r": 97.0}, "datetime": {"datetime": "2024-05-19 05:19:32", "elapsed": 313.262726, "delta": 14.471203}}
{"target": 23.955734326622036, "params": {"h": 54.0, "p": 298.0, "r": 96.0}, "datetime": {"datetime": "2024-05-19 05:19:47", "elapsed": 328.361897, "delta": 15.099171}}
{"target": 28.097870136527188, "params": {"h": 60.0, "p": 293.0, "r": 91.0}, "datetime": {"datetime": "2024-05-19 05:20:04", "elapsed": 344.998066, "delta": 16.636169}}
{"target": 54.89932570653313, "params": {"h": 60.0, "p": 285.0, "r": 66.0}, "datetime": {"datetime": "2024-05-19 05:20:22", "elapsed": 363.393657, "delta": 18.395591}}
{"target": 55.17286578519856, "params": {"h": 60.0, "p": 282.0, "r": 54.0}, "datetime": {"datetime": "2024-05-19 05:20:44", "elapsed": 385.655089, "delta": 22.261432}}
{"target": 69.32493510969438, "params": {"h": 60.0, "p": 292.0, "r": 58.0}, "datetime": {"datetime": "2024-05-19 05:21:07", "elapsed": 408.066025, "delta": 22.410936}}
{"target": 70.82373430776595, "params": {"h": 60.0, "p": 303.0, "r": 54.0}, "datetime": {"datetime": "2024-05-19 05:21:32", "elapsed": 433.343561, "delta": 25.277536}}
{"target": 72.49821280946472, "params": {"h": 60.0, "p": 298.0, "r": 56.0}, "datetime": {"datetime": "2024-05-19 05:21:56", "elapsed": 457.347088, "delta": 24.003527}}
{"target": 81.1723752195942, "params": {"h": 49.0, "p": 298.0, "r": 54.0}, "datetime": {"datetime": "2024-05-19 05:22:19", "elapsed": 480.290235, "delta": 22.943147}}
{"target": 71.84076150591977, "params": {"h": 35.0, "p": 298.0, "r": 46.0}, "datetime": {"datetime": "2024-05-19 05:22:42", "elapsed": 503.8073, "delta": 23.517065}}
{"target": 65.57186287009564, "params": {"h": 40.0, "p": 298.0, "r": 59.0}, "datetime": {"datetime": "2024-05-19 05:23:02", "elapsed": 523.575572, "delta": 19.768272}}
{"target": 30.159619155716832, "params": {"h": 48.0, "p": 299.0, "r": 45.0}, "datetime": {"datetime": "2024-05-19 05:23:27", "elapsed": 548.748824, "delta": 25.173252}}
{"target": 68.30845051033108, "params": {"h": 55.0, "p": 306.0, "r": 61.0}, "datetime": {"datetime": "2024-05-19 05:23:50", "elapsed": 571.1637, "delta": 22.414876}}
{"target": 79.2641456109684, "params": {"h": 52.0, "p": 298.0, "r": 56.0}, "datetime": {"datetime": "2024-05-19 05:24:11", "elapsed": 592.012191, "delta": 20.848491}}
{"target": 121.78008701696987, "params": {"h": 29.0, "p": 291.0, "r": 48.0}, "datetime": {"datetime": "2024-05-19 05:24:31", "elapsed": 612.786725, "delta": 20.774534}}
{"target": 112.2990395172324, "params": {"h": 26.0, "p": 287.0, "r": 48.0}, "datetime": {"datetime": "2024-05-19 05:24:50", "elapsed": 631.311546, "delta": 18.524821}}
{"target": 71.56150163914859, "params": {"h": 25.0, "p": 293.0, "r": 50.0}, "datetime": {"datetime": "2024-05-19 05:25:09", "elapsed": 650.63678, "delta": 19.325234}}
{"target": 95.93711434744623, "params": {"h": 32.0, "p": 288.0, "r": 47.0}, "datetime": {"datetime": "2024-05-19 05:25:31", "elapsed": 672.909742, "delta": 22.272962}}
{"target": 111.10594425804818, "params": {"h": 28.0, "p": 290.0, "r": 45.0}, "datetime": {"datetime": "2024-05-19 05:25:52", "elapsed": 693.36082, "delta": 20.451078}}
{"target": 115.0609236199449, "params": {"h": 29.0, "p": 289.0, "r": 49.0}, "datetime": {"datetime": "2024-05-19 05:26:12", "elapsed": 713.156455, "delta": 19.795635}}
{"target": 51.743445375103036, "params": {"h": 24.0, "p": 275.0, "r": 53.0}, "datetime": {"datetime": "2024-05-19 05:26:29", "elapsed": 730.136778, "delta": 16.980323}}
{"target": 158.2533562533981, "params": {"h": 20.0, "p": 279.0, "r": 41.0}, "datetime": {"datetime": "2024-05-19 05:26:48", "elapsed": 749.13232, "delta": 18.995542}}
{"target": 112.2880665723984, "params": {"h": 16.0, "p": 277.0, "r": 38.0}, "datetime": {"datetime": "2024-05-19 05:27:07", "elapsed": 768.780636, "delta": 19.648316}}
{"target": 132.869806696245, "params": {"h": 22.0, "p": 281.0, "r": 41.0}, "datetime": {"datetime": "2024-05-19 05:27:28", "elapsed": 789.341389, "delta": 20.560753}}
{"target": 115.90963524071898, "params": {"h": 22.0, "p": 280.0, "r": 45.0}, "datetime": {"datetime": "2024-05-19 05:27:48", "elapsed": 809.338507, "delta": 19.997118}}
{"target": 139.73395066856247, "params": {"h": 23.0, "p": 276.0, "r": 43.0}, "datetime": {"datetime": "2024-05-19 05:28:06", "elapsed": 827.330315, "delta": 17.991808}}
{"target": 27.346360323790016, "params": {"h": 28.0, "p": 270.0, "r": 39.0}, "datetime": {"datetime": "2024-05-19 05:28:28", "elapsed": 849.131181, "delta": 21.800866}}
{"target": 108.92953488314714, "params": {"h": 18.0, "p": 274.0, "r": 41.0}, "datetime": {"datetime": "2024-05-19 05:28:45", "elapsed": 866.473753, "delta": 17.342572}}
{"target": 29.12648365451604, "params": {"h": 21.0, "p": 281.0, "r": 35.0}, "datetime": {"datetime": "2024-05-19 05:29:06", "elapsed": 887.443014, "delta": 20.969261}}
{"target": 56.695078970823836, "params": {"h": 17.0, "p": 281.0, "r": 42.0}, "datetime": {"datetime": "2024-05-19 05:29:23", "elapsed": 904.962395, "delta": 17.519381}}
{"target": 47.06663554313161, "params": {"h": 18.0, "p": 272.0, "r": 34.0}, "datetime": {"datetime": "2024-05-19 05:29:45", "elapsed": 926.370058, "delta": 21.407663}}
{"target": 111.64639387215286, "params": {"h": 25.0, "p": 279.0, "r": 43.0}, "datetime": {"datetime": "2024-05-19 05:30:05", "elapsed": 946.330806, "delta": 19.960748}}
{"target": 84.46897225639408, "params": {"h": 23.0, "p": 278.0, "r": 40.0}, "datetime": {"datetime": "2024-05-19 05:30:25", "elapsed": 966.7455, "delta": 20.414694}}
{"target": 36.81592003776511, "params": {"h": 30.0, "p": 284.0, "r": 41.0}, "datetime": {"datetime": "2024-05-19 05:30:47", "elapsed": 988.13674, "delta": 21.39124}}
{"target": 95.27633245796623, "params": {"h": 37.0, "p": 291.0, "r": 53.0}, "datetime": {"datetime": "2024-05-19 05:31:08", "elapsed": 1009.017737, "delta": 20.880997}}
{"target": 108.8382002912263, "params": {"h": 30.0, "p": 293.0, "r": 50.0}, "datetime": {"datetime": "2024-05-19 05:31:27", "elapsed": 1028.344101, "delta": 19.326364}}
{"target": 56.32956160613852, "params": {"h": 20.0, "p": 276.0, "r": 47.0}, "datetime": {"datetime": "2024-05-19 05:31:46", "elapsed": 1047.539, "delta": 19.194899}}
{"target": 93.85757659718463, "params": {"h": 35.0, "p": 285.0, "r": 53.0}, "datetime": {"datetime": "2024-05-19 05:32:05", "elapsed": 1066.503541, "delta": 18.964541}}
{"target": 113.04028548937882, "params": {"h": 28.0, "p": 274.0, "r": 47.0}, "datetime": {"datetime": "2024-05-19 05:32:24", "elapsed": 1085.605372, "delta": 19.101831}}
{"target": 60.78040561373904, "params": {"h": 32.0, "p": 289.0, "r": 57.0}, "datetime": {"datetime": "2024-05-19 05:32:41", "elapsed": 1102.351414, "delta": 16.746042}}
{"target": 101.86111933369206, "params": {"h": 26.0, "p": 282.0, "r": 49.0}, "datetime": {"datetime": "2024-05-19 05:32:59", "elapsed": 1120.967807, "delta": 18.616393}}
{"target": 98.25693740695412, "params": {"h": 32.0, "p": 276.0, "r": 49.0}, "datetime": {"datetime": "2024-05-19 05:33:20", "elapsed": 1141.850149, "delta": 20.882342}}
{"target": 83.27246776831147, "params": {"h": 18.0, "p": 277.0, "r": 42.0}, "datetime": {"datetime": "2024-05-19 05:33:41", "elapsed": 1162.384205, "delta": 20.534056}}
{"target": 107.19498285618066, "params": {"h": 30.0, "p": 280.0, "r": 50.0}, "datetime": {"datetime": "2024-05-19 05:34:01", "elapsed": 1182.09265, "delta": 19.708445}}
{"target": 87.25007788451832, "params": {"h": 29.0, "p": 284.0, "r": 52.0}, "datetime": {"datetime": "2024-05-19 05:34:20", "elapsed": 1201.089189, "delta": 18.996539}}
{"target": 88.44714843970388, "params": {"h": 21.0, "p": 287.0, "r": 45.0}, "datetime": {"datetime": "2024-05-19 05:34:38", "elapsed": 1219.902119, "delta": 18.81293}}
{"target": 66.63813021701606, "params": {"h": 37.0, "p": 291.0, "r": 47.0}, "datetime": {"datetime": "2024-05-19 05:35:02", "elapsed": 1243.285823, "delta": 23.383704}}
{"target": 111.72084657120367, "params": {"h": 29.0, "p": 279.0, "r": 47.0}, "datetime": {"datetime": "2024-05-19 05:35:22", "elapsed": 1263.704515, "delta": 20.418692}}
{"target": 59.75646712618997, "params": {"h": 45.0, "p": 284.0, "r": 50.0}, "datetime": {"datetime": "2024-05-19 05:35:42", "elapsed": 1283.126987, "delta": 19.422472}}
{"target": 138.59861630140253, "params": {"h": 23.0, "p": 273.0, "r": 44.0}, "datetime": {"datetime": "2024-05-19 05:36:00", "elapsed": 1301.502266, "delta": 18.375279}}
{"target": 124.33111466127579, "params": {"h": 25.0, "p": 269.0, "r": 46.0}, "datetime": {"datetime": "2024-05-19 05:36:18", "elapsed": 1319.784542, "delta": 18.282276}}
{"target": 56.00758599666043, "params": {"h": 19.0, "p": 269.0, "r": 46.0}, "datetime": {"datetime": "2024-05-19 05:36:36", "elapsed": 1337.817757, "delta": 18.033215}}
{"target": 100.53777348517663, "params": {"h": 29.0, "p": 263.0, "r": 50.0}, "datetime": {"datetime": "2024-05-19 05:36:54", "elapsed": 1355.376163, "delta": 17.558406}}
{"target": 91.72519206647043, "params": {"h": 24.0, "p": 259.0, "r": 49.0}, "datetime": {"datetime": "2024-05-19 05:37:13", "elapsed": 1374.168679, "delta": 18.792516}}
{"target": 98.47166098628837, "params": {"h": 31.0, "p": 268.0, "r": 49.0}, "datetime": {"datetime": "2024-05-19 05:37:31", "elapsed": 1392.231395, "delta": 18.062716}}
{"target": 153.20964410323492, "params": {"h": 21.0, "p": 281.0, "r": 42.0}, "datetime": {"datetime": "2024-05-19 05:37:52", "elapsed": 1413.957719, "delta": 21.726324}}
{"target": 55.686036730092965, "params": {"h": 34.0, "p": 258.0, "r": 46.0}, "datetime": {"datetime": "2024-05-19 05:38:13", "elapsed": 1434.115336, "delta": 20.157617}}
{"target": 55.24232407187276, "params": {"h": 26.0, "p": 259.0, "r": 56.0}, "datetime": {"datetime": "2024-05-19 05:38:30", "elapsed": 1451.903058, "delta": 17.787722}}
{"target": 70.70388721273768, "params": {"h": 34.0, "p": 277.0, "r": 57.0}, "datetime": {"datetime": "2024-05-19 05:38:49", "elapsed": 1470.520878, "delta": 18.61782}}
{"target": 85.9744895455291, "params": {"h": 27.0, "p": 266.0, "r": 44.0}, "datetime": {"datetime": "2024-05-19 05:39:07", "elapsed": 1488.493361, "delta": 17.972483}}
{"target": 107.67345247281095, "params": {"h": 25.0, "p": 297.0, "r": 42.0}, "datetime": {"datetime": "2024-05-19 05:39:29", "elapsed": 1510.760889, "delta": 22.267528}}
{"target": 19.371950178266996, "params": {"h": 27.0, "p": 301.0, "r": 37.0}, "datetime": {"datetime": "2024-05-19 05:39:51", "elapsed": 1532.837206, "delta": 22.076317}}
{"target": 132.24097523070947, "params": {"h": 22.0, "p": 255.0, "r": 43.0}, "datetime": {"datetime": "2024-05-19 05:40:10", "elapsed": 1551.317995, "delta": 18.480789}}
{"target": 102.90010641834714, "params": {"h": 24.0, "p": 253.0, "r": 48.0}, "datetime": {"datetime": "2024-05-19 05:40:28", "elapsed": 1569.365304, "delta": 18.047309}}
{"target": 75.88567335607473, "params": {"h": 19.0, "p": 254.0, "r": 45.0}, "datetime": {"datetime": "2024-05-19 05:40:47", "elapsed": 1588.761671, "delta": 19.396367}}
{"target": 90.71323478271526, "params": {"h": 25.0, "p": 255.0, "r": 43.0}, "datetime": {"datetime": "2024-05-19 05:41:07", "elapsed": 1608.22648, "delta": 19.464809}}
{"target": 145.16890306072753, "params": {"h": 19.0, "p": 258.0, "r": 41.0}, "datetime": {"datetime": "2024-05-19 05:41:26", "elapsed": 1627.946425, "delta": 19.719945}}
{"target": 17.104082158215128, "params": {"h": 24.0, "p": 259.0, "r": 35.0}, "datetime": {"datetime": "2024-05-19 05:41:48", "elapsed": 1649.55079, "delta": 21.604365}}
{"target": 109.11594079376297, "params": {"h": 20.0, "p": 257.0, "r": 44.0}, "datetime": {"datetime": "2024-05-19 05:42:07", "elapsed": 1668.774585, "delta": 19.223795}}
{"target": 98.23806962391758, "params": {"h": 22.0, "p": 299.0, "r": 45.0}, "datetime": {"datetime": "2024-05-19 05:42:28", "elapsed": 1689.401254, "delta": 20.626669}}
{"target": 124.62178458453018, "params": {"h": 23.0, "p": 261.0, "r": 43.0}, "datetime": {"datetime": "2024-05-19 05:42:48", "elapsed": 1709.404322, "delta": 20.003068}}
{"target": 143.57953600413936, "params": {"h": 24.0, "p": 294.0, "r": 43.0}, "datetime": {"datetime": "2024-05-19 05:43:09", "elapsed": 1730.609755, "delta": 21.205433}}
{"target": 141.014015340299, "params": {"h": 17.0, "p": 257.0, "r": 39.0}, "datetime": {"datetime": "2024-05-19 05:43:29", "elapsed": 1750.059236, "delta": 19.449481}}
{"target": 156.14208247005254, "params": {"h": 20.0, "p": 293.0, "r": 41.0}, "datetime": {"datetime": "2024-05-19 05:43:50", "elapsed": 1771.07571, "delta": 21.016474}}
{"target": 129.5009716721732, "params": {"h": 18.0, "p": 257.0, "r": 37.0}, "datetime": {"datetime": "2024-05-19 05:44:10", "elapsed": 1791.759063, "delta": 20.683353}}
{"target": 54.268661614473494, "params": {"h": 24.0, "p": 291.0, "r": 39.0}, "datetime": {"datetime": "2024-05-19 05:44:31", "elapsed": 1812.550476, "delta": 20.791413}}
{"target": 141.1534896904077, "params": {"h": 25.0, "p": 295.0, "r": 45.0}, "datetime": {"datetime": "2024-05-19 05:44:50", "elapsed": 1831.186145, "delta": 18.635669}}
{"target": 142.22248028888038, "params": {"h": 23.0, "p": 292.0, "r": 44.0}, "datetime": {"datetime": "2024-05-19 05:45:10", "elapsed": 1851.961482, "delta": 20.775337}}
{"target": 156.34659824752214, "params": {"h": 18.0, "p": 293.0, "r": 39.0}, "datetime": {"datetime": "2024-05-19 05:45:31", "elapsed": 1872.889428, "delta": 20.927946}}
{"target": 144.09128919588775, "params": {"h": 18.0, "p": 262.0, "r": 40.0}, "datetime": {"datetime": "2024-05-19 05:45:51", "elapsed": 1892.512614, "delta": 19.623186}}
{"target": 163.8982678839614, "params": {"h": 17.0, "p": 253.0, "r": 38.0}, "datetime": {"datetime": "2024-05-19 05:46:09", "elapsed": 1910.814172, "delta": 18.301558}}
{"target": 145.15272495620755, "params": {"h": 18.0, "p": 242.0, "r": 38.0}, "datetime": {"datetime": "2024-05-19 05:46:28", "elapsed": 1929.507531, "delta": 18.693359}}
{"target": 155.62078041183685, "params": {"h": 19.0, "p": 295.0, "r": 40.0}, "datetime": {"datetime": "2024-05-19 05:46:51", "elapsed": 1952.062775, "delta": 22.555244}}
{"target": 35.78729447341417, "params": {"h": 24.0, "p": 247.0, "r": 38.0}, "datetime": {"datetime": "2024-05-19 05:47:11", "elapsed": 1972.15491, "delta": 20.092135}}
{"target": 88.60641024583684, "params": {"h": 18.0, "p": 245.0, "r": 43.0}, "datetime": {"datetime": "2024-05-19 05:47:28", "elapsed": 1989.92209, "delta": 17.76718}}
{"target": 152.51659478652192, "params": {"h": 15.0, "p": 244.0, "r": 36.0}, "datetime": {"datetime": "2024-05-19 05:47:47", "elapsed": 2008.062024, "delta": 18.139934}}
{"target": 154.1332258275644, "params": {"h": 17.0, "p": 240.0, "r": 37.0}, "datetime": {"datetime": "2024-05-19 05:48:04", "elapsed": 2025.493745, "delta": 17.431721}}
{"target": 19.515453654251456, "params": {"h": 19.0, "p": 242.0, "r": 32.0}, "datetime": {"datetime": "2024-05-19 05:48:25", "elapsed": 2046.139804, "delta": 20.646059}}
{"target": 21.00081744533199, "params": {"h": 16.0, "p": 296.0, "r": 45.0}, "datetime": {"datetime": "2024-05-19 05:48:43", "elapsed": 2064.767658, "delta": 18.627854}}
{"target": 92.93495628009958, "params": {"h": 18.0, "p": 252.0, "r": 36.0}, "datetime": {"datetime": "2024-05-19 05:49:03", "elapsed": 2084.414229, "delta": 19.646571}}
{"target": 65.90566189101222, "params": {"h": 20.0, "p": 238.0, "r": 37.0}, "datetime": {"datetime": "2024-05-19 05:49:21", "elapsed": 2102.404295, "delta": 17.990066}}
{"target": 86.26245999813024, "params": {"h": 16.0, "p": 244.0, "r": 40.0}, "datetime": {"datetime": "2024-05-19 05:49:37", "elapsed": 2118.605176, "delta": 16.200881}}
{"target": 147.4186727700731, "params": {"h": 22.0, "p": 278.0, "r": 42.0}, "datetime": {"datetime": "2024-05-19 05:49:57", "elapsed": 2138.506485, "delta": 19.901309}}
{"target": 90.56053727849351, "params": {"h": 16.0, "p": 298.0, "r": 38.0}, "datetime": {"datetime": "2024-05-19 05:50:18", "elapsed": 2159.197457, "delta": 20.690972}}
{"target": 159.14485147835703, "params": {"h": 17.0, "p": 241.0, "r": 38.0}, "datetime": {"datetime": "2024-05-19 05:50:36", "elapsed": 2177.297996, "delta": 18.100539}}
{"target": 83.37145776021605, "params": {"h": 17.0, "p": 291.0, "r": 40.0}, "datetime": {"datetime": "2024-05-19 05:50:55", "elapsed": 2196.061251, "delta": 18.763255}}
{"target": 144.8403766472214, "params": {"h": 16.0, "p": 242.0, "r": 35.0}, "datetime": {"datetime": "2024-05-19 05:51:13", "elapsed": 2214.859034, "delta": 18.797783}}
{"target": 145.10789544761926, "params": {"h": 21.0, "p": 264.0, "r": 42.0}, "datetime": {"datetime": "2024-05-19 05:51:32", "elapsed": 2233.860986, "delta": 19.001952}}
{"target": 142.74882557354036, "params": {"h": 19.0, "p": 252.0, "r": 39.0}, "datetime": {"datetime": "2024-05-19 05:51:51", "elapsed": 2252.830832, "delta": 18.969846}}
{"target": 158.84980303335516, "params": {"h": 16.0, "p": 263.0, "r": 37.0}, "datetime": {"datetime": "2024-05-19 05:52:12", "elapsed": 2273.181523, "delta": 20.350691}}
{"target": 118.17151984514541, "params": {"h": 19.0, "p": 296.0, "r": 37.0}, "datetime": {"datetime": "2024-05-19 05:52:31", "elapsed": 2292.661512, "delta": 19.479989}}
{"target": 60.9434321540985, "params": {"h": 20.0, "p": 238.0, "r": 49.0}, "datetime": {"datetime": "2024-05-19 05:52:47", "elapsed": 2308.712915, "delta": 16.051403}}
{"target": 178.46214945204528, "params": {"h": 15.0, "p": 265.0, "r": 34.0}, "datetime": {"datetime": "2024-05-19 05:53:07", "elapsed": 2328.764946, "delta": 20.052031}}
{"target": 140.4028157932023, "params": {"h": 17.0, "p": 253.0, "r": 39.0}, "datetime": {"datetime": "2024-05-19 05:53:27", "elapsed": 2348.36046, "delta": 19.595514}}
{"target": 84.64539833430163, "params": {"h": 19.0, "p": 263.0, "r": 44.0}, "datetime": {"datetime": "2024-05-19 05:53:45", "elapsed": 2366.521455, "delta": 18.160995}}
{"target": 0.0, "params": {"h": 45.0, "p": 124.0, "r": 141.0}, "datetime": {"datetime": "2024-05-19 05:53:45", "elapsed": 2366.849662, "delta": 0.328207}}
{"target": 103.44663404250167, "params": {"h": 21.0, "p": 294.0, "r": 44.0}, "datetime": {"datetime": "2024-05-19 05:54:06", "elapsed": 2387.45189, "delta": 20.602228}}
{"target": 96.01410441166651, "params": {"h": 20.0, "p": 266.0, "r": 38.0}, "datetime": {"datetime": "2024-05-19 05:54:27", "elapsed": 2408.208106, "delta": 20.756216}}
{"target": 7.8641362796583065, "params": {"h": 17.0, "p": 267.0, "r": 28.0}, "datetime": {"datetime": "2024-05-19 05:54:49", "elapsed": 2430.743248, "delta": 22.535142}}
{"target": 71.95960552253582, "params": {"h": 15.0, "p": 270.0, "r": 38.0}, "datetime": {"datetime": "2024-05-19 05:55:09", "elapsed": 2450.089216, "delta": 19.345968}}
{"target": 2.942499775805984, "params": {"h": 37.0, "p": 653.0, "r": 150.0}, "datetime": {"datetime": "2024-05-19 05:55:34", "elapsed": 2475.892269, "delta": 25.803053}}
{"target": 79.94302291199195, "params": {"h": 28.0, "p": 246.0, "r": 53.0}, "datetime": {"datetime": "2024-05-19 05:55:50", "elapsed": 2491.761458, "delta": 15.869189}}
{"target": 159.50780450415144, "params": {"h": 16.0, "p": 264.0, "r": 35.0}, "datetime": {"datetime": "2024-05-19 05:56:11", "elapsed": 2512.066877, "delta": 20.305419}}
{"target": 8.491910046401568, "params": {"h": 56.0, "p": 458.0, "r": 57.0}, "datetime": {"datetime": "2024-05-19 05:56:38", "elapsed": 2539.331431, "delta": 27.264554}}
{"target": 143.67295874853136, "params": {"h": 15.0, "p": 263.0, "r": 36.0}, "datetime": {"datetime": "2024-05-19 05:56:57", "elapsed": 2558.598928, "delta": 19.267497}}
{"target": 86.52651515674235, "params": {"h": 29.0, "p": 295.0, "r": 44.0}, "datetime": {"datetime": "2024-05-19 05:57:18", "elapsed": 2579.438942, "delta": 20.840014}}
