{"target": 149.2943182178629, "params": {"h": 21.0, "p": 294.0, "r": 40.0}, "datetime": {"datetime": "2024-05-19 05:57:38", "elapsed": 2599.249949, "delta": 19.811007}}
{"target": 129.99730991821872, "params": {"h": 16.0, "p": 255.0, "r": 38.0}, "datetime": {"datetime": "2024-05-19 05:57:57", "elapsed": 2618.633326, "delta": 19.383377}}
{"target": 78.93720631416136, "params": {"h": 15.0, "p": 236.0, "r": 39.0}, "datetime": {"datetime": "2024-05-19 05:58:16", "elapsed": 2637.613443, "delta": 18.980117}}
{"target": 95.75436128480922, "params": {"h": 21.0, "p": 262.0, "r": 39.0}, "datetime": {"datetime": "2024-05-19 05:58:35", "elapsed": 2656.333883, "delta": 18.72044}}
{"target": 2.8788472606543047, "params": {"h": 50.0, "p": 527.0, "r": 83.0}, "datetime": {"datetime": "2024-05-19 05:59:01", "elapsed": 2682.750726, "delta": 26.416843}}
{"target": 3.133105587872611, "params": {"h": 30.0, "p": 864.0, "r": 51.0}, "datetime": {"datetime": "2024-05-19 05:59:57", "elapsed": 2738.438607, "delta": 55.687881}}
{"target": 116.4155771910101, "params": {"h": 20.0, "p": 254.0, "r": 39.0}, "datetime": {"datetime": "2024-05-19 06:00:16", "elapsed": 2757.400111, "delta": 18.961504}}
{"target": 48.82811090092696, "params": {"h": 17.0, "p": 293.0, "r": 33.0}, "datetime": {"datetime": "2024-05-19 06:00:36", "elapsed": 2777.760588, "delta": 20.360477}}
{"target": 79.05898591318376, "params": {"h": 36.0, "p": 266.0, "r": 55.0}, "datetime": {"datetime": "2024-05-19 06:00:56", "elapsed": 2797.860423, "delta": 20.099835}}
{"target": 2.4157398919323936, "params": {"h": 18.0, "p": 580.0, "r": 131.0}, "datetime": {"datetime": "2024-05-19 06:01:33", "elapsed": 2834.786412, "delta": 36.925989}}
{"target": 37.22886964054829, "params": {"h": 24.0, "p": 310.0, "r": 52.0}, "datetime": {"datetime": "2024-05-19 06:01:54", "elapsed": 2855.822561, "delta": 21.036149}}
{"target": 1.0233880127646136, "params": {"h": 36.0, "p": 984.0, "r": 141.0}, "datetime": {"datetime": "2024-05-19 06:02:53", "elapsed": 2914.909912, "delta": 59.087351}}
{"target": 0.0, "params": {"h": 15.0, "p": 156.0, "r": 82.0}, "datetime": {"datetime": "2024-05-19 06:02:54", "elapsed": 2915.344954, "delta": 0.435042}}
{"target": 138.39520785760095, "params": {"h": 22.0, "p": 270.0, "r": 42.0}, "datetime": {"datetime": "2024-05-19 06:03:14", "elapsed": 2935.930337, "delta": 20.585383}}
{"target": 1.712456568896262, "params": {"h": 18.0, "p": 997.0, "r": 46.0}, "datetime": {"datetime": "2024-05-19 06:04:29", "elapsed": 3010.197464, "delta": 74.267127}}
{"target": 6.332414331189086, "params": {"h": 50.0, "p": 383.0, "r": 120.0}, "datetime": {"datetime": "2024-05-19 06:04:44", "elapsed": 3025.377601, "delta": 15.180137}}
{"target": 0.06274217072397256, "params": {"h": 50.0, "p": 603.0, "r": 17.0}, "datetime": {"datetime": "2024-05-19 06:05:47", "elapsed": 3088.219239, "delta": 62.841638}}
{"target": 164.97236291519755, "params": {"h": 17.0, "p": 264.0, "r": 38.0}, "datetime": {"datetime": "2024-05-19 06:06:05", "elapsed": 3106.180081, "delta": 17.960842}}
{"target": 2.2225331114586164, "params": {"h": 29.0, "p": 734.0, "r": 148.0}, "datetime": {"datetime": "2024-05-19 06:06:37", "elapsed": 3138.588292, "delta": 32.408211}}
{"target": 0.16662822224179796, "params": {"h": 15.0, "p": 517.0, "r": 18.0}, "datetime": {"datetime": "2024-05-19 06:07:15", "elapsed": 3176.821133, "delta": 38.232841}}
{"target": 1.6598208456373522, "params": {"h": 55.0, "p": 818.0, "r": 150.0}, "datetime": {"datetime": "2024-05-19 06:07:53", "elapsed": 3214.376186, "delta": 37.555053}}
{"target": 40.86626959355115, "params": {"h": 15.0, "p": 261.0, "r": 41.0}, "datetime": {"datetime": "2024-05-19 06:08:12", "elapsed": 3233.637419, "delta": 19.261233}}
{"target": 0.023856536091065455, "params": {"h": 51.0, "p": 801.0, "r": 15.0}, "datetime": {"datetime": "2024-05-19 06:09:38", "elapsed": 3319.108757, "delta": 85.471338}}
{"target": 1.0812627850818017, "params": {"h": 60.0, "p": 933.0, "r": 89.0}, "datetime": {"datetime": "2024-05-19 06:10:29", "elapsed": 3370.935404, "delta": 51.826647}}
{"target": 0.5679886114920325, "params": {"h": 56.0, "p": 183.0, "r": 16.0}, "datetime": {"datetime": "2024-05-19 06:11:21", "elapsed": 3422.468839, "delta": 51.533435}}
{"target": 0.2297766622184441, "params": {"h": 56.0, "p": 360.0, "r": 18.0}, "datetime": {"datetime": "2024-05-19 06:12:16", "elapsed": 3477.909438, "delta": 55.440599}}
{"target": 46.144335386413786, "params": {"h": 36.0, "p": 239.0, "r": 65.0}, "datetime": {"datetime": "2024-05-19 06:12:32", "elapsed": 3493.315627, "delta": 15.406189}}
{"target": 0.0, "params": {"h": 26.0, "p": 264.0, "r": 149.0}, "datetime": {"datetime": "2024-05-19 06:12:32", "elapsed": 3493.784406, "delta": 0.468779}}
{"target": 30.901016118770016, "params": {"h": 17.0, "p": 264.0, "r": 32.0}, "datetime": {"datetime": "2024-05-19 06:12:54", "elapsed": 3515.819901, "delta": 22.035495}}
{"target": 130.14383213163535, "params": {"h": 23.0, "p": 266.0, "r": 43.0}, "datetime": {"datetime": "2024-05-19 06:13:13", "elapsed": 3534.755272, "delta": 18.935371}}
{"target": 11.616178455117558, "params": {"h": 56.0, "p": 530.0, "r": 149.0}, "datetime": {"datetime": "2024-05-19 06:13:31", "elapsed": 3552.575361, "delta": 17.820089}}
{"target": 1.4539268317174119, "params": {"h": 18.0, "p": 691.0, "r": 100.0}, "datetime": {"datetime": "2024-05-19 06:14:05", "elapsed": 3586.700836, "delta": 34.125475}}
{"target": 2.106648828298308, "params": {"h": 17.0, "p": 578.0, "r": 59.0}, "datetime": {"datetime": "2024-05-19 06:14:35", "elapsed": 3616.910245, "delta": 30.209409}}
{"target": 0.052621715342262274, "params": {"h": 17.0, "p": 745.0, "r": 17.0}, "datetime": {"datetime": "2024-05-19 06:15:26", "elapsed": 3667.958281, "delta": 51.048036}}
{"target": 181.4307706646652, "params": {"h": 15.0, "p": 267.0, "r": 34.0}, "datetime": {"datetime": "2024-05-19 06:15:47", "elapsed": 3688.360325, "delta": 20.402044}}
{"target": 0.0, "params": {"h": 30.0, "p": 100.0, "r": 91.0}, "datetime": {"datetime": "2024-05-19 06:15:47", "elapsed": 3688.760928, "delta": 0.400603}}
{"target": 38.30010021061549, "params": {"h": 42.0, "p": 272.0, "r": 46.0}, "datetime": {"datetime": "2024-05-19 06:16:08", "elapsed": 3709.573022, "delta": 20.812094}}
{"target": 0.0, "params": {"h": 58.0, "p": 325.0, "r": 149.0}, "datetime": {"datetime": "2024-05-19 06:16:08", "elapsed": 3709.993957, "delta": 0.420935}}
{"target": 0.9490491838412357, "params": {"h": 59.0, "p": 999.0, "r": 90.0}, "datetime": {"datetime": "2024-05-19 06:17:10", "elapsed": 3771.230949, "delta": 61.236992}}
{"target": 0.19984571321959443, "params": {"h": 16.0, "p": 450.0, "r": 18.0}, "datetime": {"datetime": "2024-05-19 06:17:47", "elapsed": 3808.233136, "delta": 37.002187}}
{"target": 1.309132596239047, "params": {"h": 57.0, "p": 930.0, "r": 149.0}, "datetime": {"datetime": "2024-05-19 06:18:34", "elapsed": 3855.934929, "delta": 47.701793}}
{"target": 6.898909313971395, "params": {"h": 15.0, "p": 418.0, "r": 145.0}, "datetime": {"datetime": "2024-05-19 06:19:11", "elapsed": 3892.031059, "delta": 36.09613}}
{"target": 44.309468624640324, "params": {"h": 47.0, "p": 263.0, "r": 69.0}, "datetime": {"datetime": "2024-05-19 06:19:29", "elapsed": 3910.513983, "delta": 18.482924}}
{"target": 1.268616252143653, "params": {"h": 59.0, "p": 836.0, "r": 89.0}, "datetime": {"datetime": "2024-05-19 06:20:20", "elapsed": 3961.141324, "delta": 50.627341}}
{"target": 75.30231859609202, "params": {"h": 21.0, "p": 248.0, "r": 48.0}, "datetime": {"datetime": "2024-05-19 06:20:39", "elapsed": 3980.028234, "delta": 18.88691}}
{"target": 74.68024157988945, "params": {"h": 27.0, "p": 268.0, "r": 53.0}, "datetime": {"datetime": "2024-05-19 06:20:56", "elapsed": 3997.642012, "delta": 17.613778}}
{"target": 1.8721576596339427, "params": {"h": 59.0, "p": 732.0, "r": 93.0}, "datetime": {"datetime": "2024-05-19 06:21:33", "elapsed": 4034.56008, "delta": 36.918068}}
{"target": 0.04152355038744455, "params": {"h": 16.0, "p": 653.0, "r": 15.0}, "datetime": {"datetime": "2024-05-19 06:22:25", "elapsed": 4086.709707, "delta": 52.149627}}
{"target": 0.0, "params": {"h": 60.0, "p": 185.0, "r": 89.0}, "datetime": {"datetime": "2024-05-19 06:22:26", "elapsed": 4087.270206, "delta": 0.560499}}
{"target": 179.56328692675953, "params": {"h": 16.0, "p": 266.0, "r": 36.0}, "datetime": {"datetime": "2024-05-19 06:22:45", "elapsed": 4106.64455, "delta": 19.374344}}
{"target": 1.1350593850309045, "params": {"h": 59.0, "p": 547.0, "r": 33.0}, "datetime": {"datetime": "2024-05-19 06:23:30", "elapsed": 4151.87411, "delta": 45.22956}}
{"target": 2.1514299007527655, "params": {"h": 15.0, "p": 480.0, "r": 87.0}, "datetime": {"datetime": "2024-05-19 06:23:55", "elapsed": 4176.839328, "delta": 24.965218}}
{"target": 58.79497659948168, "params": {"h": 42.0, "p": 285.0, "r": 62.0}, "datetime": {"datetime": "2024-05-19 06:24:13", "elapsed": 4194.103308, "delta": 17.26398}}
{"target": 8.483026242932835, "params": {"h": 56.0, "p": 355.0, "r": 72.0}, "datetime": {"datetime": "2024-05-19 06:24:35", "elapsed": 4216.693279, "delta": 22.589971}}
{"target": 2.4168371884167223, "params": {"h": 59.0, "p": 583.0, "r": 96.0}, "datetime": {"datetime": "2024-05-19 06:25:02", "elapsed": 4243.581977, "delta": 26.888698}}
{"target": 0.0, "params": {"h": 17.0, "p": 217.0, "r": 109.0}, "datetime": {"datetime": "2024-05-19 06:25:03", "elapsed": 4244.226018, "delta": 0.644041}}
{"target": 0.01984422247975651, "params": {"h": 59.0, "p": 994.0, "r": 16.0}, "datetime": {"datetime": "2024-05-19 06:26:51", "elapsed": 4352.426102, "delta": 108.200084}}
{"target": 0.11670591858711814, "params": {"h": 55.0, "p": 411.0, "r": 16.0}, "datetime": {"datetime": "2024-05-19 06:27:50", "elapsed": 4411.1814, "delta": 58.755298}}
{"target": 0.6034349757873029, "params": {"h": 17.0, "p": 964.0, "r": 88.0}, "datetime": {"datetime": "2024-05-19 06:28:53", "elapsed": 4474.769792, "delta": 63.588392}}
{"target": 0.0, "params": {"h": 19.0, "p": 170.0, "r": 136.0}, "datetime": {"datetime": "2024-05-19 06:28:54", "elapsed": 4475.433109, "delta": 0.663317}}
{"target": 1.7279270883976474, "params": {"h": 59.0, "p": 773.0, "r": 127.0}, "datetime": {"datetime": "2024-05-19 06:29:27", "elapsed": 4508.317102, "delta": 32.883993}}
{"target": 162.58902703993567, "params": {"h": 16.0, "p": 249.0, "r": 37.0}, "datetime": {"datetime": "2024-05-19 06:29:46", "elapsed": 4527.588058, "delta": 19.270956}}
{"target": 0.927230325507637, "params": {"h": 18.0, "p": 824.0, "r": 114.0}, "datetime": {"datetime": "2024-05-19 06:30:28", "elapsed": 4569.39058, "delta": 41.802522}}
{"target": 3.527492990854011, "params": {"h": 37.0, "p": 429.0, "r": 96.0}, "datetime": {"datetime": "2024-05-19 06:30:47", "elapsed": 4588.674199, "delta": 19.283619}}
{"target": 14.847186650012647, "params": {"h": 16.0, "p": 360.0, "r": 150.0}, "datetime": {"datetime": "2024-05-19 06:31:18", "elapsed": 4619.123901, "delta": 30.449702}}
{"target": 86.79891266585727, "params": {"h": 58.0, "p": 320.0, "r": 53.0}, "datetime": {"datetime": "2024-05-19 06:31:44", "elapsed": 4645.46536, "delta": 26.341459}}
{"target": 65.30556963285841, "params": {"h": 59.0, "p": 322.0, "r": 61.0}, "datetime": {"datetime": "2024-05-19 06:32:06", "elapsed": 4667.41508, "delta": 21.94972}}
{"target": 79.85363846426935, "params": {"h": 49.0, "p": 323.0, "r": 49.0}, "datetime": {"datetime": "2024-05-19 06:32:31", "elapsed": 4692.634813, "delta": 25.219733}}
{"target": 29.17178808136433, "params": {"h": 58.0, "p": 322.0, "r": 45.0}, "datetime": {"datetime": "2024-05-19 06:32:59", "elapsed": 4720.179756, "delta": 27.544943}}
{"target": 81.78438736594484, "params": {"h": 51.0, "p": 320.0, "r": 57.0}, "datetime": {"datetime": "2024-05-19 06:33:21", "elapsed": 4742.869716, "delta": 22.68996}}
{"target": 140.88908159467408, "params": {"h": 15.0, "p": 266.0, "r": 36.0}, "datetime": {"datetime": "2024-05-19 06:33:42", "elapsed": 4763.364746, "delta": 20.49503}}
{"target": 83.08180465071597, "params": {"h": 40.0, "p": 325.0, "r": 54.0}, "datetime": {"datetime": "2024-05-19 06:34:03", "elapsed": 4784.004754, "delta": 20.640008}}
{"target": 90.58251105242812, "params": {"h": 52.0, "p": 315.0, "r": 53.0}, "datetime": {"datetime": "2024-05-19 06:34:24", "elapsed": 4805.868051, "delta": 21.863297}}
{"target": 155.37632569280942, "params": {"h": 18.0, "p": 247.0, "r": 39.0}, "datetime": {"datetime": "2024-05-19 06:34:44", "elapsed": 4825.526156, "delta": 19.658105}}
{"target": 149.19603219787479, "params": {"h": 17.0, "p": 268.0, "r": 36.0}, "datetime": {"datetime": "2024-05-19 06:35:06", "elapsed": 4847.297385, "delta": 21.771229}}
{"target": 128.28363797147497, "params": {"h": 20.0, "p": 249.0, "r": 43.0}, "datetime": {"datetime": "2024-05-19 06:35:24", "elapsed": 4865.484915, "delta": 18.18753}}
{"target": 148.42531154105345, "params": {"h": 19.0, "p": 248.0, "r": 40.0}, "datetime": {"datetime": "2024-05-19 06:35:44", "elapsed": 4885.421172, "delta": 19.936257}}
{"target": 82.83608174918884, "params": {"h": 43.0, "p": 312.0, "r": 56.0}, "datetime": {"datetime": "2024-05-19 06:36:06", "elapsed": 4907.482302, "delta": 22.06113}}
{"target": 95.82385834874597, "params": {"h": 46.0, "p": 317.0, "r": 51.0}, "datetime": {"datetime": "2024-05-19 06:36:30", "elapsed": 4931.927501, "delta": 24.445199}}
{"target": 66.08121445586265, "params": {"h": 19.0, "p": 246.0, "r": 36.0}, "datetime": {"datetime": "2024-05-19 06:36:49", "elapsed": 4950.908435, "delta": 18.980934}}
{"target": 31.216363955702256, "params": {"h": 45.0, "p": 315.0, "r": 44.0}, "datetime": {"datetime": "2024-05-19 06:37:14", "elapsed": 4975.301941, "delta": 24.393506}}
{"target": 27.92316521751851, "params": {"h": 37.0, "p": 323.0, "r": 64.0}, "datetime": {"datetime": "2024-05-19 06:37:32", "elapsed": 4993.825317, "delta": 18.523376}}
{"target": 111.49819681471905, "params": {"h": 41.0, "p": 333.0, "r": 51.0}, "datetime": {"datetime": "2024-05-19 06:37:56", "elapsed": 5017.278542, "delta": 23.453225}}
{"target": 161.46708709609945, "params": {"h": 16.0, "p": 252.0, "r": 37.0}, "datetime": {"datetime": "2024-05-19 06:38:16", "elapsed": 5037.620883, "delta": 20.342341}}
{"target": 100.99733472160865, "params": {"h": 46.0, "p": 331.0, "r": 53.0}, "datetime": {"datetime": "2024-05-19 06:38:38", "elapsed": 5059.114748, "delta": 21.493865}}
{"target": 114.80048021574724, "params": {"h": 45.0, "p": 335.0, "r": 51.0}, "datetime": {"datetime": "2024-05-19 06:39:02", "elapsed": 5083.393893, "delta": 24.279145}}
{"target": 146.56889065252153, "params": {"h": 17.0, "p": 266.0, "r": 36.0}, "datetime": {"datetime": "2024-05-19 06:39:23", "elapsed": 5104.377625, "delta": 20.983732}}
{"target": 69.76992909904284, "params": {"h": 41.0, "p": 336.0, "r": 54.0}, "datetime": {"datetime": "2024-05-19 06:39:43", "elapsed": 5124.568105, "delta": 20.19048}}
{"target": 136.8433450721649, "params": {"h": 16.0, "p": 243.0, "r": 38.0}, "datetime": {"datetime": "2024-05-19 06:40:01", "elapsed": 5142.357281, "delta": 17.789176}}
{"target": 46.70205141624548, "params": {"h": 49.0, "p": 335.0, "r": 45.0}, "datetime": {"datetime": "2024-05-19 06:40:28", "elapsed": 5169.38387, "delta": 27.026589}}
{"target": 166.17149127981932, "params": {"h": 16.0, "p": 267.0, "r": 35.0}, "datetime": {"datetime": "2024-05-19 06:40:50", "elapsed": 5191.80156, "delta": 22.41769}}
{"target": 67.21741100313552, "params": {"h": 16.0, "p": 248.0, "r": 41.0}, "datetime": {"datetime": "2024-05-19 06:41:11", "elapsed": 5212.03761, "delta": 20.23605}}
{"target": 157.5446116340826, "params": {"h": 19.0, "p": 268.0, "r": 39.0}, "datetime": {"datetime": "2024-05-19 06:41:32", "elapsed": 5233.899154, "delta": 21.861544}}
{"target": 91.45739918053773, "params": {"h": 43.0, "p": 327.0, "r": 48.0}, "datetime": {"datetime": "2024-05-19 06:41:56", "elapsed": 5257.944947, "delta": 24.045793}}
{"target": 90.77917707968514, "params": {"h": 35.0, "p": 328.0, "r": 45.0}, "datetime": {"datetime": "2024-05-19 06:42:21", "elapsed": 5282.034418, "delta": 24.089471}}
{"target": 100.01395877621718, "params": {"h": 36.0, "p": 329.0, "r": 51.0}, "datetime": {"datetime": "2024-05-19 06:42:44", "elapsed": 5305.058607, "delta": 23.024189}}
{"target": 139.17062091551207, "params": {"h": 21.0, "p": 273.0, "r": 43.0}, "datetime": {"datetime": "2024-05-19 06:43:04", "elapsed": 5325.149729, "delta": 20.091122}}
{"target": 125.06727562618538, "params": {"h": 37.0, "p": 334.0, "r": 49.0}, "datetime": {"datetime": "2024-05-19 06:43:26", "elapsed": 5347.653684, "delta": 22.503955}}
{"target": 174.92361896011417, "params": {"h": 15.0, "p": 240.0, "r": 35.0}, "datetime": {"datetime": "2024-05-19 06:43:46", "elapsed": 5367.49086, "delta": 19.837176}}
{"target": 70.03818177433168, "params": {"h": 32.0, "p": 332.0, "r": 51.0}, "datetime": {"datetime": "2024-05-19 06:44:06", "elapsed": 5387.892373, "delta": 20.401513}}
{"target": 98.91654905375091, "params": {"h": 24.0, "p": 249.0, "r": 43.0}, "datetime": {"datetime": "2024-05-19 06:44:26", "elapsed": 5407.803452, "delta": 19.911079}}
{"target": 116.44892255544336, "params": {"h": 41.0, "p": 339.0, "r": 47.0}, "datetime": {"datetime": "2024-05-19 06:44:51", "elapsed": 5432.80625, "delta": 25.002798}}
{"target": 127.07963778097093, "params": {"h": 20.0, "p": 269.0, "r": 39.0}, "datetime": {"datetime": "2024-05-19 06:45:12", "elapsed": 5453.398749, "delta": 20.592499}}
{"target": 127.80659359526304, "params": {"h": 36.0, "p": 338.0, "r": 46.0}, "datetime": {"datetime": "2024-05-19 06:45:37", "elapsed": 5478.415239, "delta": 25.01649}}
{"target": 123.81746654629248, "params": {"h": 38.0, "p": 338.0, "r": 49.0}, "datetime": {"datetime": "2024-05-19 06:46:01", "elapsed": 5502.746215, "delta": 24.330976}}
{"target": 73.87935526390065, "params": {"h": 38.0, "p": 344.0, "r": 51.0}, "datetime": {"datetime": "2024-05-19 06:46:23", "elapsed": 5524.94357, "delta": 22.197355}}
{"target": 145.26619417046874, "params": {"h": 35.0, "p": 343.0, "r": 46.0}, "datetime": {"datetime": "2024-05-19 06:46:49", "elapsed": 5550.586138, "delta": 25.642568}}
{"target": 43.47341734696736, "params": {"h": 34.0, "p": 342.0, "r": 41.0}, "datetime": {"datetime": "2024-05-19 06:47:15", "elapsed": 5576.154687, "delta": 25.568549}}
{"target": 66.96087749874805, "params": {"h": 40.0, "p": 331.0, "r": 45.0}, "datetime": {"datetime": "2024-05-19 06:47:39", "elapsed": 5600.419559, "delta": 24.264872}}
{"target": 136.21680956644326, "params": {"h": 39.0, "p": 346.0, "r": 47.0}, "datetime": {"datetime": "2024-05-19 06:48:04", "elapsed": 5625.096356, "delta": 24.676797}}
{"target": 161.38198539467237, "params": {"h": 16.0, "p": 250.0, "r": 37.0}, "datetime": {"datetime": "2024-05-19 06:48:25", "elapsed": 5646.037861, "delta": 20.941505}}
{"target": 107.68786454102862, "params": {"h": 16.0, "p": 238.0, "r": 34.0}, "datetime": {"datetime": "2024-05-19 06:48:45", "elapsed": 5666.19206, "delta": 20.154199}}
{"target": 121.58603972640405, "params": {"h": 15.0, "p": 242.0, "r": 37.0}, "datetime": {"datetime": "2024-05-19 06:49:02", "elapsed": 5683.489016, "delta": 17.296956}}
{"target": 177.52505769126137, "params": {"h": 16.0, "p": 260.0, "r": 36.0}, "datetime": {"datetime": "2024-05-19 06:49:23", "elapsed": 5704.562113, "delta": 21.073097}}
{"target": 129.09683814364166, "params": {"h": 38.0, "p": 343.0, "r": 46.0}, "datetime": {"datetime": "2024-05-19 06:49:48", "elapsed": 5729.923423, "delta": 25.36131}}
{"target": 105.03427026462458, "params": {"h": 16.0, "p": 251.0, "r": 39.0}, "datetime": {"datetime": "2024-05-19 06:50:08", "elapsed": 5749.672345, "delta": 19.748922}}
{"target": 92.27595639413265, "params": {"h": 42.0, "p": 349.0, "r": 49.0}, "datetime": {"datetime": "2024-05-19 06:50:32", "elapsed": 5773.067705, "delta": 23.39536}}
{"target": 58.926630396420734, "params": {"h": 30.0, "p": 343.0, "r": 49.0}, "datetime": {"datetime": "2024-05-19 06:50:54", "elapsed": 5795.904643, "delta": 22.836938}}
{"target": 111.03940847961798, "params": {"h": 38.0, "p": 350.0, "r": 44.0}, "datetime": {"datetime": "2024-05-19 06:51:22", "elapsed": 5823.144597, "delta": 27.239954}}
{"target": 49.617147616996874, "params": {"h": 42.0, "p": 344.0, "r": 43.0}, "datetime": {"datetime": "2024-05-19 06:51:49", "elapsed": 5850.407195, "delta": 27.262598}}
{"target": 103.88847701933187, "params": {"h": 35.0, "p": 334.0, "r": 45.0}, "datetime": {"datetime": "2024-05-19 06:52:13", "elapsed": 5874.63126, "delta": 24.224065}}
