{"target": 0.9782541186715963, "params": {"h": 26.0, "p": 886.0, "r": 122.0}, "datetime": {"datetime": "2024-05-19 15:47:28", "elapsed": 0.0, "delta": 0.0}}
{"target": 10.782344652299106, "params": {"h": 46.0, "p": 117.0, "r": 30.0}, "datetime": {"datetime": "2024-05-19 15:47:49", "elapsed": 21.53168, "delta": 21.53168}}
{"target": 0.05594334002228669, "params": {"h": 35.0, "p": 934.0, "r": 21.0}, "datetime": {"datetime": "2024-05-19 15:49:14", "elapsed": 106.352223, "delta": 84.820543}}
{"target": 0.0, "params": {"h": 51.0, "p": 207.0, "r": 150.0}, "datetime": {"datetime": "2024-05-19 15:49:14", "elapsed": 106.353223, "delta": 0.001}}
{"target": 2.4326198544506896, "params": {"h": 56.0, "p": 637.0, "r": 86.0}, "datetime": {"datetime": "2024-05-19 15:49:45", "elapsed": 137.075026, "delta": 30.721803}}
{"target": 6.349105676605749, "params": {"h": 50.0, "p": 472.0, "r": 129.0}, "datetime": {"datetime": "2024-05-19 15:50:02", "elapsed": 154.099629, "delta": 17.024603}}
{"target": 1.3434948608380572, "params": {"h": 32.0, "p": 782.0, "r": 82.0}, "datetime": {"datetime": "2024-05-19 15:50:42", "elapsed": 194.268967, "delta": 40.169338}}
{"target": 11.560509187030343, "params": {"h": 23.0, "p": 310.0, "r": 101.0}, "datetime": {"datetime": "2024-05-19 15:50:57", "elapsed": 209.111164, "delta": 14.842197}}
{"target": 4.060072671644986, "params": {"h": 39.0, "p": 695.0, "r": 42.0}, "datetime": {"datetime": "2024-05-19 15:51:43", "elapsed": 255.543555, "delta": 46.432391}}
{"target": 2.831428083204124, "params": {"h": 15.0, "p": 398.0, "r": 60.0}, "datetime": {"datetime": "2024-05-19 15:52:03", "elapsed": 275.298482, "delta": 19.754927}}
{"target": 12.143997166722004, "params": {"h": 22.0, "p": 312.0, "r": 105.0}, "datetime": {"datetime": "2024-05-19 15:52:18", "elapsed": 289.835669, "delta": 14.537187}}
{"target": 9.700573863038345, "params": {"h": 15.0, "p": 318.0, "r": 122.0}, "datetime": {"datetime": "2024-05-19 15:52:43", "elapsed": 315.483168, "delta": 25.647499}}
{"target": 13.39936561528987, "params": {"h": 33.0, "p": 321.0, "r": 108.0}, "datetime": {"datetime": "2024-05-19 15:52:58", "elapsed": 330.206472, "delta": 14.723304}}
{"target": 17.327479071841758, "params": {"h": 44.0, "p": 311.0, "r": 116.0}, "datetime": {"datetime": "2024-05-19 15:53:11", "elapsed": 343.559755, "delta": 13.353283}}
{"target": 19.32356249496606, "params": {"h": 56.0, "p": 305.0, "r": 122.0}, "datetime": {"datetime": "2024-05-19 15:53:24", "elapsed": 356.374403, "delta": 12.814648}}
{"target": 0.0, "params": {"h": 57.0, "p": 304.0, "r": 142.0}, "datetime": {"datetime": "2024-05-19 15:53:25", "elapsed": 357.09251, "delta": 0.718107}}
{"target": 19.895621412516594, "params": {"h": 55.0, "p": 306.0, "r": 115.0}, "datetime": {"datetime": "2024-05-19 15:53:39", "elapsed": 371.214659, "delta": 14.122149}}
{"target": 20.725510381616072, "params": {"h": 59.0, "p": 312.0, "r": 118.0}, "datetime": {"datetime": "2024-05-19 15:53:52", "elapsed": 384.355958, "delta": 13.141299}}
{"target": 20.989106261325333, "params": {"h": 60.0, "p": 323.0, "r": 110.0}, "datetime": {"datetime": "2024-05-19 15:54:07", "elapsed": 399.374319, "delta": 15.018361}}
{"target": 19.770690730372714, "params": {"h": 60.0, "p": 332.0, "r": 117.0}, "datetime": {"datetime": "2024-05-19 15:54:21", "elapsed": 413.336299, "delta": 13.96198}}
{"target": 16.300229057520593, "params": {"h": 60.0, "p": 340.0, "r": 100.0}, "datetime": {"datetime": "2024-05-19 15:54:38", "elapsed": 430.218859, "delta": 16.88256}}
{"target": 21.69729866869276, "params": {"h": 60.0, "p": 282.0, "r": 109.0}, "datetime": {"datetime": "2024-05-19 15:54:52", "elapsed": 444.108509, "delta": 13.88965}}
{"target": 25.05072100530324, "params": {"h": 60.0, "p": 271.0, "r": 96.0}, "datetime": {"datetime": "2024-05-19 15:55:06", "elapsed": 458.144236, "delta": 14.035727}}
{"target": 23.166315560743122, "params": {"h": 60.0, "p": 258.0, "r": 97.0}, "datetime": {"datetime": "2024-05-19 15:55:19", "elapsed": 471.369446, "delta": 13.22521}}
{"target": 39.10357788913082, "params": {"h": 58.0, "p": 271.0, "r": 75.0}, "datetime": {"datetime": "2024-05-19 15:55:36", "elapsed": 487.949573, "delta": 16.580127}}
{"target": 50.58317277795689, "params": {"h": 60.0, "p": 269.0, "r": 66.0}, "datetime": {"datetime": "2024-05-19 15:55:56", "elapsed": 507.716492, "delta": 19.766919}}
{"target": 49.10147776618612, "params": {"h": 60.0, "p": 266.0, "r": 55.0}, "datetime": {"datetime": "2024-05-19 15:56:17", "elapsed": 528.979173, "delta": 21.262681}}
{"target": 54.56288544533796, "params": {"h": 60.0, "p": 268.0, "r": 62.0}, "datetime": {"datetime": "2024-05-19 15:56:37", "elapsed": 549.254248, "delta": 20.275075}}
{"target": 66.93323523626268, "params": {"h": 50.0, "p": 277.0, "r": 58.0}, "datetime": {"datetime": "2024-05-19 15:56:57", "elapsed": 569.503712, "delta": 20.249464}}
{"target": 69.25817763289928, "params": {"h": 53.0, "p": 284.0, "r": 57.0}, "datetime": {"datetime": "2024-05-19 15:57:18", "elapsed": 590.448102, "delta": 20.94439}}
{"target": 47.61194995423079, "params": {"h": 49.0, "p": 286.0, "r": 49.0}, "datetime": {"datetime": "2024-05-19 15:57:42", "elapsed": 614.676323, "delta": 24.228221}}
{"target": 63.02379643058699, "params": {"h": 55.0, "p": 282.0, "r": 61.0}, "datetime": {"datetime": "2024-05-19 15:58:03", "elapsed": 635.393592, "delta": 20.717269}}
{"target": 67.65925950783004, "params": {"h": 48.0, "p": 285.0, "r": 60.0}, "datetime": {"datetime": "2024-05-19 15:58:24", "elapsed": 656.514348, "delta": 21.120756}}
{"target": 71.76494904399708, "params": {"h": 55.0, "p": 294.0, "r": 59.0}, "datetime": {"datetime": "2024-05-19 15:58:45", "elapsed": 677.28389, "delta": 20.769542}}
{"target": 58.75374255050941, "params": {"h": 57.0, "p": 306.0, "r": 64.0}, "datetime": {"datetime": "2024-05-19 15:59:08", "elapsed": 699.71598, "delta": 22.43209}}
{"target": 70.18428042350195, "params": {"h": 60.0, "p": 295.0, "r": 56.0}, "datetime": {"datetime": "2024-05-19 15:59:33", "elapsed": 725.668668, "delta": 25.952688}}
{"target": 51.341906273108066, "params": {"h": 38.0, "p": 263.0, "r": 64.0}, "datetime": {"datetime": "2024-05-19 15:59:51", "elapsed": 743.211949, "delta": 17.543281}}
{"target": 36.652954520286066, "params": {"h": 60.0, "p": 314.0, "r": 47.0}, "datetime": {"datetime": "2024-05-19 16:00:21", "elapsed": 773.523438, "delta": 30.311489}}
{"target": 17.917111276557794, "params": {"h": 15.0, "p": 221.0, "r": 59.0}, "datetime": {"datetime": "2024-05-19 16:00:36", "elapsed": 788.120227, "delta": 14.596789}}
{"target": 0.059265617938138136, "params": {"h": 60.0, "p": 523.0, "r": 15.0}, "datetime": {"datetime": "2024-05-19 16:01:47", "elapsed": 859.619714, "delta": 71.499487}}
{"target": 73.35903993202216, "params": {"h": 54.0, "p": 293.0, "r": 58.0}, "datetime": {"datetime": "2024-05-19 16:02:09", "elapsed": 881.373404, "delta": 21.75369}}
{"target": 76.13732665734541, "params": {"h": 54.0, "p": 295.0, "r": 57.0}, "datetime": {"datetime": "2024-05-19 16:02:31", "elapsed": 903.240435, "delta": 21.867031}}
{"target": 79.57726723537263, "params": {"h": 53.0, "p": 299.0, "r": 56.0}, "datetime": {"datetime": "2024-05-19 16:02:54", "elapsed": 926.473947, "delta": 23.233512}}
{"target": 90.29665229413531, "params": {"h": 45.0, "p": 306.0, "r": 55.0}, "datetime": {"datetime": "2024-05-19 16:03:16", "elapsed": 947.890569, "delta": 21.416622}}
{"target": 61.05096600197015, "params": {"h": 38.0, "p": 308.0, "r": 58.0}, "datetime": {"datetime": "2024-05-19 16:03:37", "elapsed": 969.419496, "delta": 21.528927}}
{"target": 75.23086863141503, "params": {"h": 46.0, "p": 304.0, "r": 50.0}, "datetime": {"datetime": "2024-05-19 16:04:01", "elapsed": 993.459163, "delta": 24.039667}}
{"target": 84.88260622717524, "params": {"h": 49.0, "p": 305.0, "r": 56.0}, "datetime": {"datetime": "2024-05-19 16:04:26", "elapsed": 1017.914664, "delta": 24.455501}}
{"target": 71.88852966333195, "params": {"h": 46.0, "p": 301.0, "r": 59.0}, "datetime": {"datetime": "2024-05-19 16:04:46", "elapsed": 1037.957449, "delta": 20.042785}}
{"target": 74.37872668012442, "params": {"h": 45.0, "p": 308.0, "r": 58.0}, "datetime": {"datetime": "2024-05-19 16:05:07", "elapsed": 1059.201637, "delta": 21.244188}}
{"target": 10.306917813959934, "params": {"h": 15.0, "p": 276.0, "r": 58.0}, "datetime": {"datetime": "2024-05-19 16:05:24", "elapsed": 1076.213293, "delta": 17.011656}}
{"target": 91.3539884259243, "params": {"h": 39.0, "p": 313.0, "r": 48.0}, "datetime": {"datetime": "2024-05-19 16:05:48", "elapsed": 1099.851579, "delta": 23.638286}}
{"target": 62.52274223600787, "params": {"h": 35.0, "p": 320.0, "r": 44.0}, "datetime": {"datetime": "2024-05-19 16:06:13", "elapsed": 1125.079804, "delta": 25.228225}}
{"target": 115.89983422613139, "params": {"h": 35.0, "p": 312.0, "r": 48.0}, "datetime": {"datetime": "2024-05-19 16:06:36", "elapsed": 1148.083092, "delta": 23.003288}}
{"target": 118.69192383172606, "params": {"h": 30.0, "p": 303.0, "r": 46.0}, "datetime": {"datetime": "2024-05-19 16:07:00", "elapsed": 1171.931998, "delta": 23.848906}}
{"target": 88.18551024347524, "params": {"h": 21.0, "p": 308.0, "r": 44.0}, "datetime": {"datetime": "2024-05-19 16:07:21", "elapsed": 1192.854988, "delta": 20.92299}}
{"target": 79.57200054860229, "params": {"h": 29.0, "p": 307.0, "r": 43.0}, "datetime": {"datetime": "2024-05-19 16:07:44", "elapsed": 1216.257847, "delta": 23.402859}}
{"target": 74.24738496035451, "params": {"h": 30.0, "p": 311.0, "r": 52.0}, "datetime": {"datetime": "2024-05-19 16:08:05", "elapsed": 1236.792825, "delta": 20.534978}}
{"target": 94.74359454670538, "params": {"h": 37.0, "p": 308.0, "r": 48.0}, "datetime": {"datetime": "2024-05-19 16:08:28", "elapsed": 1260.082432, "delta": 23.289607}}
{"target": 116.83886935704902, "params": {"h": 30.0, "p": 300.0, "r": 46.0}, "datetime": {"datetime": "2024-05-19 16:08:51", "elapsed": 1283.458778, "delta": 23.376346}}
{"target": 18.907424465662427, "params": {"h": 19.0, "p": 302.0, "r": 52.0}, "datetime": {"datetime": "2024-05-19 16:09:11", "elapsed": 1302.774901, "delta": 19.316123}}
{"target": 116.982186057437, "params": {"h": 30.0, "p": 305.0, "r": 49.0}, "datetime": {"datetime": "2024-05-19 16:09:32", "elapsed": 1324.373887, "delta": 21.598986}}
{"target": 83.30173935812556, "params": {"h": 21.0, "p": 292.0, "r": 38.0}, "datetime": {"datetime": "2024-05-19 16:09:55", "elapsed": 1347.640026, "delta": 23.266139}}
{"target": 100.76481761418933, "params": {"h": 26.0, "p": 303.0, "r": 48.0}, "datetime": {"datetime": "2024-05-19 16:10:17", "elapsed": 1368.935017, "delta": 21.294991}}
{"target": 102.56740631325515, "params": {"h": 35.0, "p": 299.0, "r": 52.0}, "datetime": {"datetime": "2024-05-19 16:10:38", "elapsed": 1390.4442, "delta": 21.509183}}
{"target": 126.14487487006285, "params": {"h": 30.0, "p": 303.0, "r": 48.0}, "datetime": {"datetime": "2024-05-19 16:11:01", "elapsed": 1412.809105, "delta": 22.364905}}
{"target": 156.93920185682973, "params": {"h": 15.0, "p": 301.0, "r": 33.0}, "datetime": {"datetime": "2024-05-19 16:11:24", "elapsed": 1436.541202, "delta": 23.732097}}
{"target": 21.56108665535752, "params": {"h": 18.0, "p": 309.0, "r": 32.0}, "datetime": {"datetime": "2024-05-19 16:11:49", "elapsed": 1461.259766, "delta": 24.718564}}
{"target": 1.852035477411342, "params": {"h": 24.0, "p": 297.0, "r": 26.0}, "datetime": {"datetime": "2024-05-19 16:12:18", "elapsed": 1490.443179, "delta": 29.183413}}
{"target": 1.2781549722937364, "params": {"h": 58.0, "p": 996.0, "r": 145.0}, "datetime": {"datetime": "2024-05-19 16:13:25", "elapsed": 1557.299503, "delta": 66.856324}}
{"target": 178.99030358050317, "params": {"h": 17.0, "p": 301.0, "r": 36.0}, "datetime": {"datetime": "2024-05-19 16:13:48", "elapsed": 1580.245092, "delta": 22.945589}}
{"target": 84.50994927237005, "params": {"h": 16.0, "p": 302.0, "r": 38.0}, "datetime": {"datetime": "2024-05-19 16:14:11", "elapsed": 1603.695482, "delta": 23.45039}}
{"target": 30.200913906232955, "params": {"h": 21.0, "p": 302.0, "r": 35.0}, "datetime": {"datetime": "2024-05-19 16:14:36", "elapsed": 1628.253632, "delta": 24.55815}}
{"target": 23.82932729469392, "params": {"h": 19.0, "p": 297.0, "r": 33.0}, "datetime": {"datetime": "2024-05-19 16:15:01", "elapsed": 1652.758947, "delta": 24.505315}}
{"target": 55.7593198819205, "params": {"h": 36.0, "p": 301.0, "r": 45.0}, "datetime": {"datetime": "2024-05-19 16:15:24", "elapsed": 1676.452428, "delta": 23.693481}}
{"target": 159.29002206653746, "params": {"h": 15.0, "p": 298.0, "r": 33.0}, "datetime": {"datetime": "2024-05-19 16:15:47", "elapsed": 1698.725415, "delta": 22.272987}}
{"target": 122.45901048250255, "params": {"h": 33.0, "p": 310.0, "r": 48.0}, "datetime": {"datetime": "2024-05-19 16:16:10", "elapsed": 1722.257079, "delta": 23.531664}}
{"target": 72.08245382165153, "params": {"h": 32.0, "p": 305.0, "r": 54.0}, "datetime": {"datetime": "2024-05-19 16:16:29", "elapsed": 1741.37537, "delta": 19.118291}}
{"target": 176.3288296047702, "params": {"h": 17.0, "p": 298.0, "r": 36.0}, "datetime": {"datetime": "2024-05-19 16:16:52", "elapsed": 1764.683079, "delta": 23.307709}}
{"target": 96.2732471073256, "params": {"h": 26.0, "p": 308.0, "r": 48.0}, "datetime": {"datetime": "2024-05-19 16:17:12", "elapsed": 1784.43474, "delta": 19.751661}}
{"target": 122.07994090299003, "params": {"h": 28.0, "p": 296.0, "r": 48.0}, "datetime": {"datetime": "2024-05-19 16:17:34", "elapsed": 1806.324768, "delta": 21.890028}}
{"target": 65.45130200094337, "params": {"h": 29.0, "p": 292.0, "r": 54.0}, "datetime": {"datetime": "2024-05-19 16:17:54", "elapsed": 1825.793791, "delta": 19.469023}}
{"target": 63.017899180661566, "params": {"h": 27.0, "p": 301.0, "r": 52.0}, "datetime": {"datetime": "2024-05-19 16:18:13", "elapsed": 1845.092335, "delta": 19.298544}}
{"target": 169.84747832217306, "params": {"h": 20.0, "p": 296.0, "r": 40.0}, "datetime": {"datetime": "2024-05-19 16:18:35", "elapsed": 1866.94846, "delta": 21.856125}}
{"target": 55.04002365770166, "params": {"h": 21.0, "p": 295.0, "r": 47.0}, "datetime": {"datetime": "2024-05-19 16:18:53", "elapsed": 1885.388162, "delta": 18.439702}}
{"target": 90.37372130978196, "params": {"h": 35.0, "p": 292.0, "r": 48.0}, "datetime": {"datetime": "2024-05-19 16:19:16", "elapsed": 1908.083481, "delta": 22.695319}}
{"target": 135.08903415475294, "params": {"h": 27.0, "p": 299.0, "r": 45.0}, "datetime": {"datetime": "2024-05-19 16:19:36", "elapsed": 1928.401358, "delta": 20.317877}}
{"target": 154.9909111523001, "params": {"h": 20.0, "p": 295.0, "r": 41.0}, "datetime": {"datetime": "2024-05-19 16:19:58", "elapsed": 1950.349537, "delta": 21.948179}}
{"target": 109.4542851223062, "params": {"h": 26.0, "p": 293.0, "r": 43.0}, "datetime": {"datetime": "2024-05-19 16:20:20", "elapsed": 1972.665331, "delta": 22.315794}}
{"target": 85.23628839348963, "params": {"h": 37.0, "p": 294.0, "r": 55.0}, "datetime": {"datetime": "2024-05-19 16:20:42", "elapsed": 1993.734952, "delta": 21.069621}}
{"target": 40.544636848839396, "params": {"h": 15.0, "p": 297.0, "r": 39.0}, "datetime": {"datetime": "2024-05-19 16:21:04", "elapsed": 2015.978375, "delta": 22.243423}}
{"target": 56.39817339506986, "params": {"h": 33.0, "p": 296.0, "r": 44.0}, "datetime": {"datetime": "2024-05-19 16:21:28", "elapsed": 2039.977369, "delta": 23.998994}}
{"target": 107.36210026890224, "params": {"h": 31.0, "p": 313.0, "r": 45.0}, "datetime": {"datetime": "2024-05-19 16:21:49", "elapsed": 2061.596279, "delta": 21.61891}}
{"target": 141.15348969040636, "params": {"h": 25.0, "p": 295.0, "r": 45.0}, "datetime": {"datetime": "2024-05-19 16:22:09", "elapsed": 2081.533335, "delta": 19.937056}}
{"target": 135.04737603355616, "params": {"h": 24.0, "p": 297.0, "r": 45.0}, "datetime": {"datetime": "2024-05-19 16:22:32", "elapsed": 2103.715854, "delta": 22.182519}}
{"target": 117.45344124702972, "params": {"h": 20.0, "p": 296.0, "r": 38.0}, "datetime": {"datetime": "2024-05-19 16:22:53", "elapsed": 2125.68875, "delta": 21.972896}}
{"target": 64.83224026430305, "params": {"h": 25.0, "p": 301.0, "r": 40.0}, "datetime": {"datetime": "2024-05-19 16:23:16", "elapsed": 2148.643085, "delta": 22.954335}}
{"target": 23.736711951302745, "params": {"h": 36.0, "p": 309.0, "r": 41.0}, "datetime": {"datetime": "2024-05-19 16:23:41", "elapsed": 2173.601498, "delta": 24.958413}}
{"target": 93.48784213339538, "params": {"h": 40.0, "p": 300.0, "r": 54.0}, "datetime": {"datetime": "2024-05-19 16:24:03", "elapsed": 2194.838031, "delta": 21.236533}}
{"target": 120.83909499571752, "params": {"h": 32.0, "p": 317.0, "r": 49.0}, "datetime": {"datetime": "2024-05-19 16:24:25", "elapsed": 2217.05579, "delta": 22.217759}}
{"target": 142.02153246013074, "params": {"h": 28.0, "p": 319.0, "r": 46.0}, "datetime": {"datetime": "2024-05-19 16:24:48", "elapsed": 2240.40968, "delta": 23.35389}}
{"target": 119.00570216575424, "params": {"h": 23.0, "p": 319.0, "r": 44.0}, "datetime": {"datetime": "2024-05-19 16:25:12", "elapsed": 2263.875944, "delta": 23.466264}}
{"target": 76.40152732557559, "params": {"h": 24.0, "p": 297.0, "r": 40.0}, "datetime": {"datetime": "2024-05-19 16:25:35", "elapsed": 2287.357835, "delta": 23.481891}}
{"target": 34.69055590529042, "params": {"h": 25.0, "p": 321.0, "r": 52.0}, "datetime": {"datetime": "2024-05-19 16:25:57", "elapsed": 2308.716834, "delta": 21.358999}}
{"target": 87.19303153905179, "params": {"h": 19.0, "p": 322.0, "r": 41.0}, "datetime": {"datetime": "2024-05-19 16:26:20", "elapsed": 2332.382174, "delta": 23.66534}}
{"target": 146.51858952650053, "params": {"h": 15.0, "p": 302.0, "r": 35.0}, "datetime": {"datetime": "2024-05-19 16:26:42", "elapsed": 2354.342346, "delta": 21.960172}}
{"target": 98.15938712323533, "params": {"h": 35.0, "p": 314.0, "r": 52.0}, "datetime": {"datetime": "2024-05-19 16:27:04", "elapsed": 2375.95563, "delta": 21.613284}}
{"target": 103.61940644083234, "params": {"h": 30.0, "p": 320.0, "r": 44.0}, "datetime": {"datetime": "2024-05-19 16:27:28", "elapsed": 2400.376563, "delta": 24.420933}}
{"target": 140.23936958438952, "params": {"h": 26.0, "p": 323.0, "r": 45.0}, "datetime": {"datetime": "2024-05-19 16:27:51", "elapsed": 2423.467742, "delta": 23.091179}}
{"target": 111.44800250049094, "params": {"h": 29.0, "p": 328.0, "r": 43.0}, "datetime": {"datetime": "2024-05-19 16:28:15", "elapsed": 2446.78906, "delta": 23.321318}}
{"target": 112.3310262692393, "params": {"h": 30.0, "p": 329.0, "r": 48.0}, "datetime": {"datetime": "2024-05-19 16:28:39", "elapsed": 2471.215578, "delta": 24.426518}}
{"target": 49.13985609464654, "params": {"h": 18.0, "p": 300.0, "r": 34.0}, "datetime": {"datetime": "2024-05-19 16:29:03", "elapsed": 2495.386547, "delta": 24.170969}}
{"target": 154.4011746394512, "params": {"h": 25.0, "p": 315.0, "r": 43.0}, "datetime": {"datetime": "2024-05-19 16:29:27", "elapsed": 2518.726806, "delta": 23.340259}}
{"target": 123.11487991532982, "params": {"h": 20.0, "p": 299.0, "r": 38.0}, "datetime": {"datetime": "2024-05-19 16:29:50", "elapsed": 2541.848293, "delta": 23.121487}}
{"target": 144.29255569678122, "params": {"h": 26.0, "p": 319.0, "r": 45.0}, "datetime": {"datetime": "2024-05-19 16:30:10", "elapsed": 2562.696316, "delta": 20.848023}}
{"target": 101.84106359081935, "params": {"h": 28.0, "p": 297.0, "r": 44.0}, "datetime": {"datetime": "2024-05-19 16:30:33", "elapsed": 2584.760256, "delta": 22.06394}}
{"target": 73.46792625932083, "params": {"h": 35.0, "p": 330.0, "r": 44.0}, "datetime": {"datetime": "2024-05-19 16:30:57", "elapsed": 2608.73463, "delta": 23.974374}}
{"target": 179.41216366341703, "params": {"h": 18.0, "p": 300.0, "r": 38.0}, "datetime": {"datetime": "2024-05-19 16:31:17", "elapsed": 2629.554308, "delta": 20.819678}}
{"target": 129.97373716662395, "params": {"h": 29.0, "p": 315.0, "r": 45.0}, "datetime": {"datetime": "2024-05-19 16:31:40", "elapsed": 2652.16987, "delta": 22.615562}}
{"target": 117.17701918747206, "params": {"h": 24.0, "p": 317.0, "r": 45.0}, "datetime": {"datetime": "2024-05-19 16:32:02", "elapsed": 2674.073378, "delta": 21.903508}}
{"target": 147.9869504593559, "params": {"h": 25.0, "p": 326.0, "r": 44.0}, "datetime": {"datetime": "2024-05-19 16:32:26", "elapsed": 2698.600635, "delta": 24.527257}}
{"target": 154.28354564117953, "params": {"h": 23.0, "p": 312.0, "r": 43.0}, "datetime": {"datetime": "2024-05-19 16:32:49", "elapsed": 2720.76188, "delta": 22.161245}}
{"target": 26.852121417398045, "params": {"h": 18.0, "p": 316.0, "r": 45.0}, "datetime": {"datetime": "2024-05-19 16:33:09", "elapsed": 2740.802725, "delta": 20.040845}}
{"target": 149.91025774517684, "params": {"h": 28.0, "p": 325.0, "r": 45.0}, "datetime": {"datetime": "2024-05-19 16:33:32", "elapsed": 2764.368772, "delta": 23.566047}}
{"target": 160.46718222226968, "params": {"h": 24.0, "p": 321.0, "r": 42.0}, "datetime": {"datetime": "2024-05-19 16:33:54", "elapsed": 2785.992503, "delta": 21.623731}}
{"target": 119.27989972737214, "params": {"h": 24.0, "p": 311.0, "r": 41.0}, "datetime": {"datetime": "2024-05-19 16:34:18", "elapsed": 2810.173254, "delta": 24.180751}}
{"target": 169.65671500274865, "params": {"h": 16.0, "p": 299.0, "r": 36.0}, "datetime": {"datetime": "2024-05-19 16:34:41", "elapsed": 2833.080652, "delta": 22.907398}}
{"target": 28.47625797101698, "params": {"h": 29.0, "p": 319.0, "r": 39.0}, "datetime": {"datetime": "2024-05-19 16:35:06", "elapsed": 2857.751798, "delta": 24.671146}}
{"target": 126.02188902441165, "params": {"h": 31.0, "p": 325.0, "r": 48.0}, "datetime": {"datetime": "2024-05-19 16:35:29", "elapsed": 2881.192131, "delta": 23.440333}}
{"target": 17.723903431869292, "params": {"h": 18.0, "p": 326.0, "r": 47.0}, "datetime": {"datetime": "2024-05-19 16:35:51", "elapsed": 2903.000608, "delta": 21.808477}}
