{"target": 75.46067921207515, "params": {"h": 25.0, "p": 315.0, "r": 48.0}, "datetime": {"datetime": "2024-05-19 16:36:14", "elapsed": 2925.714307, "delta": 22.713699}}
{"target": 63.82431200742524, "params": {"h": 23.0, "p": 324.0, "r": 38.0}, "datetime": {"datetime": "2024-05-19 16:36:40", "elapsed": 2951.726322, "delta": 26.012015}}
{"target": 130.4934326531845, "params": {"h": 23.0, "p": 320.0, "r": 40.0}, "datetime": {"datetime": "2024-05-19 16:37:05", "elapsed": 2977.656445, "delta": 25.930123}}
{"target": 150.96904998268178, "params": {"h": 25.0, "p": 312.0, "r": 43.0}, "datetime": {"datetime": "2024-05-19 16:37:28", "elapsed": 2999.912706, "delta": 22.256261}}
{"target": 149.42416978988717, "params": {"h": 18.0, "p": 299.0, "r": 39.0}, "datetime": {"datetime": "2024-05-19 16:37:49", "elapsed": 3021.515564, "delta": 21.602858}}
{"target": 48.8626910286104, "params": {"h": 25.0, "p": 327.0, "r": 49.0}, "datetime": {"datetime": "2024-05-19 16:38:10", "elapsed": 3041.70879, "delta": 20.193226}}
{"target": 109.98014882784248, "params": {"h": 22.0, "p": 316.0, "r": 39.0}, "datetime": {"datetime": "2024-05-19 16:38:33", "elapsed": 3065.00367, "delta": 23.29488}}
{"target": 157.25303127365837, "params": {"h": 25.0, "p": 318.0, "r": 43.0}, "datetime": {"datetime": "2024-05-19 16:38:55", "elapsed": 3087.13493, "delta": 22.13126}}
{"target": 99.45328006554949, "params": {"h": 26.0, "p": 326.0, "r": 41.0}, "datetime": {"datetime": "2024-05-19 16:39:20", "elapsed": 3112.140233, "delta": 25.005303}}
{"target": 157.43163045547442, "params": {"h": 27.0, "p": 334.0, "r": 43.0}, "datetime": {"datetime": "2024-05-19 16:39:44", "elapsed": 3136.448002, "delta": 24.307769}}
{"target": 174.21255010140194, "params": {"h": 23.0, "p": 332.0, "r": 41.0}, "datetime": {"datetime": "2024-05-19 16:40:09", "elapsed": 3161.410686, "delta": 24.962684}}
{"target": 71.74347465048164, "params": {"h": 22.0, "p": 333.0, "r": 44.0}, "datetime": {"datetime": "2024-05-19 16:40:31", "elapsed": 3183.181942, "delta": 21.771256}}
{"target": 175.05126620641317, "params": {"h": 23.0, "p": 334.0, "r": 41.0}, "datetime": {"datetime": "2024-05-19 16:40:55", "elapsed": 3206.879677, "delta": 23.697735}}
{"target": 133.6908223464193, "params": {"h": 25.0, "p": 332.0, "r": 41.0}, "datetime": {"datetime": "2024-05-19 16:41:17", "elapsed": 3228.910578, "delta": 22.030901}}
{"target": 151.96503843080393, "params": {"h": 29.0, "p": 333.0, "r": 45.0}, "datetime": {"datetime": "2024-05-19 16:41:42", "elapsed": 3253.804661, "delta": 24.894083}}
{"target": 22.160117077181635, "params": {"h": 25.0, "p": 337.0, "r": 36.0}, "datetime": {"datetime": "2024-05-19 16:42:06", "elapsed": 3278.218631, "delta": 24.41397}}
{"target": 128.32931588593294, "params": {"h": 29.0, "p": 335.0, "r": 43.0}, "datetime": {"datetime": "2024-05-19 16:42:32", "elapsed": 3303.788066, "delta": 25.569435}}
{"target": 161.9159412247761, "params": {"h": 21.0, "p": 339.0, "r": 40.0}, "datetime": {"datetime": "2024-05-19 16:42:55", "elapsed": 3327.602323, "delta": 23.814257}}
{"target": 73.00558314738164, "params": {"h": 25.0, "p": 337.0, "r": 46.0}, "datetime": {"datetime": "2024-05-19 16:43:18", "elapsed": 3350.508299, "delta": 22.905976}}
{"target": 188.66041395438586, "params": {"h": 19.0, "p": 342.0, "r": 37.0}, "datetime": {"datetime": "2024-05-19 16:43:42", "elapsed": 3374.111258, "delta": 23.602959}}
{"target": 17.043921370901614, "params": {"h": 16.0, "p": 345.0, "r": 41.0}, "datetime": {"datetime": "2024-05-19 16:44:05", "elapsed": 3397.662326, "delta": 23.551068}}
{"target": 27.526474491436254, "params": {"h": 19.0, "p": 339.0, "r": 33.0}, "datetime": {"datetime": "2024-05-19 16:44:32", "elapsed": 3424.262227, "delta": 26.599901}}
{"target": 106.40736516435285, "params": {"h": 23.0, "p": 338.0, "r": 43.0}, "datetime": {"datetime": "2024-05-19 16:44:57", "elapsed": 3448.842555, "delta": 24.580328}}
{"target": 178.93268204458298, "params": {"h": 20.0, "p": 335.0, "r": 38.0}, "datetime": {"datetime": "2024-05-19 16:45:21", "elapsed": 3473.548842, "delta": 24.706287}}
{"target": 171.736206783755, "params": {"h": 22.0, "p": 329.0, "r": 41.0}, "datetime": {"datetime": "2024-05-19 16:45:44", "elapsed": 3495.846536, "delta": 22.297694}}
{"target": 112.68954606464125, "params": {"h": 17.0, "p": 339.0, "r": 37.0}, "datetime": {"datetime": "2024-05-19 16:46:06", "elapsed": 3517.767796, "delta": 21.92126}}
{"target": 70.96413874162057, "params": {"h": 20.0, "p": 333.0, "r": 42.0}, "datetime": {"datetime": "2024-05-19 16:46:29", "elapsed": 3541.615508, "delta": 23.847712}}
{"target": 103.3312812675425, "params": {"h": 26.0, "p": 331.0, "r": 46.0}, "datetime": {"datetime": "2024-05-19 16:46:53", "elapsed": 3564.878859, "delta": 23.263351}}
{"target": 146.2530669121875, "params": {"h": 22.0, "p": 299.0, "r": 43.0}, "datetime": {"datetime": "2024-05-19 16:47:14", "elapsed": 3585.967195, "delta": 21.088336}}
{"target": 66.20593496020922, "params": {"h": 17.0, "p": 327.0, "r": 39.0}, "datetime": {"datetime": "2024-05-19 16:47:37", "elapsed": 3608.783924, "delta": 22.816729}}
{"target": 59.10536912649193, "params": {"h": 22.0, "p": 332.0, "r": 37.0}, "datetime": {"datetime": "2024-05-19 16:48:01", "elapsed": 3633.609375, "delta": 24.825451}}
{"target": 139.86152812275216, "params": {"h": 34.0, "p": 335.0, "r": 47.0}, "datetime": {"datetime": "2024-05-19 16:48:27", "elapsed": 3659.156909, "delta": 25.547534}}
{"target": 164.6643190677044, "params": {"h": 20.0, "p": 344.0, "r": 37.0}, "datetime": {"datetime": "2024-05-19 16:48:52", "elapsed": 3684.230606, "delta": 25.073697}}
{"target": 184.50011432834887, "params": {"h": 21.0, "p": 340.0, "r": 39.0}, "datetime": {"datetime": "2024-05-19 16:49:17", "elapsed": 3709.269504, "delta": 25.038898}}
{"target": 136.5520933232857, "params": {"h": 16.0, "p": 295.0, "r": 34.0}, "datetime": {"datetime": "2024-05-19 16:49:39", "elapsed": 3730.757737, "delta": 21.488233}}
{"target": 184.09068679465327, "params": {"h": 18.0, "p": 334.0, "r": 37.0}, "datetime": {"datetime": "2024-05-19 16:50:03", "elapsed": 3755.049669, "delta": 24.291932}}
{"target": 50.74842257731489, "params": {"h": 16.0, "p": 333.0, "r": 38.0}, "datetime": {"datetime": "2024-05-19 16:50:26", "elapsed": 3778.297373, "delta": 23.247704}}
{"target": 62.943782136838394, "params": {"h": 18.0, "p": 333.0, "r": 34.0}, "datetime": {"datetime": "2024-05-19 16:50:49", "elapsed": 3801.198306, "delta": 22.900933}}
{"target": 101.34951487838586, "params": {"h": 34.0, "p": 339.0, "r": 49.0}, "datetime": {"datetime": "2024-05-19 16:51:13", "elapsed": 3825.161743, "delta": 23.963437}}
{"target": 173.66335573771602, "params": {"h": 19.0, "p": 335.0, "r": 37.0}, "datetime": {"datetime": "2024-05-19 16:51:36", "elapsed": 3848.32028, "delta": 23.158537}}
{"target": 88.74543823870911, "params": {"h": 33.0, "p": 334.0, "r": 50.0}, "datetime": {"datetime": "2024-05-19 16:51:59", "elapsed": 3871.554714, "delta": 23.234434}}
{"target": 131.19744908210242, "params": {"h": 23.0, "p": 329.0, "r": 43.0}, "datetime": {"datetime": "2024-05-19 16:52:24", "elapsed": 3896.256647, "delta": 24.701933}}
{"target": 184.47635693498037, "params": {"h": 21.0, "p": 341.0, "r": 39.0}, "datetime": {"datetime": "2024-05-19 16:52:47", "elapsed": 3919.65926, "delta": 23.402613}}
{"target": 113.8425990579741, "params": {"h": 22.0, "p": 339.0, "r": 38.0}, "datetime": {"datetime": "2024-05-19 16:53:10", "elapsed": 3942.426046, "delta": 22.766786}}
{"target": 85.52299419662124, "params": {"h": 18.0, "p": 336.0, "r": 39.0}, "datetime": {"datetime": "2024-05-19 16:53:35", "elapsed": 3966.860429, "delta": 24.434383}}
{"target": 110.69942031446722, "params": {"h": 21.0, "p": 328.0, "r": 42.0}, "datetime": {"datetime": "2024-05-19 16:53:57", "elapsed": 3989.669111, "delta": 22.808682}}
{"target": 163.1058754758139, "params": {"h": 23.0, "p": 343.0, "r": 41.0}, "datetime": {"datetime": "2024-05-19 16:54:21", "elapsed": 4013.216326, "delta": 23.547215}}
{"target": 179.668295757374, "params": {"h": 23.0, "p": 344.0, "r": 40.0}, "datetime": {"datetime": "2024-05-19 16:54:43", "elapsed": 4035.688979, "delta": 22.472653}}
{"target": 67.66092637528567, "params": {"h": 21.0, "p": 344.0, "r": 42.0}, "datetime": {"datetime": "2024-05-19 16:55:06", "elapsed": 4058.488251, "delta": 22.799272}}
{"target": 145.15947848815878, "params": {"h": 19.0, "p": 342.0, "r": 36.0}, "datetime": {"datetime": "2024-05-19 16:55:29", "elapsed": 4080.947215, "delta": 22.458964}}
{"target": 116.29864602779294, "params": {"h": 23.0, "p": 301.0, "r": 45.0}, "datetime": {"datetime": "2024-05-19 16:55:50", "elapsed": 4102.595042, "delta": 21.647827}}
{"target": 131.20123872379668, "params": {"h": 29.0, "p": 322.0, "r": 47.0}, "datetime": {"datetime": "2024-05-19 16:56:13", "elapsed": 4125.504497, "delta": 22.909455}}
{"target": 42.008337072538396, "params": {"h": 23.0, "p": 346.0, "r": 36.0}, "datetime": {"datetime": "2024-05-19 16:56:39", "elapsed": 4151.610988, "delta": 26.106491}}
{"target": 106.51947381023686, "params": {"h": 21.0, "p": 342.0, "r": 37.0}, "datetime": {"datetime": "2024-05-19 16:57:05", "elapsed": 4176.748535, "delta": 25.137547}}
{"target": 120.42029702961221, "params": {"h": 27.0, "p": 342.0, "r": 41.0}, "datetime": {"datetime": "2024-05-19 16:57:30", "elapsed": 4202.294678, "delta": 25.546143}}
{"target": 164.89102276442352, "params": {"h": 20.0, "p": 339.0, "r": 39.0}, "datetime": {"datetime": "2024-05-19 16:57:54", "elapsed": 4225.735637, "delta": 23.440959}}
{"target": 19.058054293181048, "params": {"h": 36.0, "p": 339.0, "r": 39.0}, "datetime": {"datetime": "2024-05-19 16:58:22", "elapsed": 4254.513662, "delta": 28.778025}}
{"target": 146.48325270486424, "params": {"h": 25.0, "p": 337.0, "r": 41.0}, "datetime": {"datetime": "2024-05-19 16:58:45", "elapsed": 4276.88514, "delta": 22.371478}}
{"target": 182.49150495830114, "params": {"h": 19.0, "p": 333.0, "r": 38.0}, "datetime": {"datetime": "2024-05-19 16:59:08", "elapsed": 4300.009864, "delta": 23.124724}}
{"target": 67.98720267239993, "params": {"h": 18.0, "p": 343.0, "r": 39.0}, "datetime": {"datetime": "2024-05-19 16:59:32", "elapsed": 4324.602893, "delta": 24.593029}}
{"target": 77.14038760040434, "params": {"h": 32.0, "p": 320.0, "r": 52.0}, "datetime": {"datetime": "2024-05-19 16:59:55", "elapsed": 4347.110375, "delta": 22.507482}}
{"target": 152.30148076302436, "params": {"h": 25.0, "p": 346.0, "r": 42.0}, "datetime": {"datetime": "2024-05-19 17:00:21", "elapsed": 4372.979431, "delta": 25.869056}}
{"target": 48.741734980949616, "params": {"h": 25.0, "p": 346.0, "r": 46.0}, "datetime": {"datetime": "2024-05-19 17:00:42", "elapsed": 4394.266533, "delta": 21.287102}}
{"target": 128.53642979931269, "params": {"h": 27.0, "p": 320.0, "r": 43.0}, "datetime": {"datetime": "2024-05-19 17:01:06", "elapsed": 4418.481376, "delta": 24.214843}}
{"target": 143.02371569290312, "params": {"h": 22.0, "p": 334.0, "r": 39.0}, "datetime": {"datetime": "2024-05-19 17:01:30", "elapsed": 4441.821558, "delta": 23.340182}}
{"target": 56.11210859463769, "params": {"h": 30.0, "p": 332.0, "r": 41.0}, "datetime": {"datetime": "2024-05-19 17:01:55", "elapsed": 4467.634353, "delta": 25.812795}}
{"target": 159.3714666397691, "params": {"h": 25.0, "p": 340.0, "r": 41.0}, "datetime": {"datetime": "2024-05-19 17:02:19", "elapsed": 4491.277019, "delta": 23.642666}}
{"target": 97.97099680576325, "params": {"h": 39.0, "p": 335.0, "r": 46.0}, "datetime": {"datetime": "2024-05-19 17:02:43", "elapsed": 4515.303807, "delta": 24.026788}}
{"target": 113.76649622770348, "params": {"h": 24.0, "p": 329.0, "r": 40.0}, "datetime": {"datetime": "2024-05-19 17:03:08", "elapsed": 4540.209989, "delta": 24.906182}}
{"target": 49.87656477893133, "params": {"h": 25.0, "p": 315.0, "r": 39.0}, "datetime": {"datetime": "2024-05-19 17:03:33", "elapsed": 4565.060084, "delta": 24.850095}}
{"target": 113.28874090449511, "params": {"h": 29.0, "p": 349.0, "r": 41.0}, "datetime": {"datetime": "2024-05-19 17:03:57", "elapsed": 4589.397903, "delta": 24.337819}}
{"target": 78.4333602177858, "params": {"h": 33.0, "p": 352.0, "r": 45.0}, "datetime": {"datetime": "2024-05-19 17:04:23", "elapsed": 4614.774105, "delta": 25.376202}}
{"target": 151.4102539776422, "params": {"h": 25.0, "p": 349.0, "r": 40.0}, "datetime": {"datetime": "2024-05-19 17:04:48", "elapsed": 4639.742001, "delta": 24.967896}}
{"target": 12.13058366695007, "params": {"h": 15.0, "p": 296.0, "r": 28.0}, "datetime": {"datetime": "2024-05-19 17:05:13", "elapsed": 4665.23342, "delta": 25.491419}}
{"target": 75.33735086770734, "params": {"h": 25.0, "p": 352.0, "r": 42.0}, "datetime": {"datetime": "2024-05-19 17:05:39", "elapsed": 4690.95944, "delta": 25.72602}}
{"target": 142.82357652355188, "params": {"h": 31.0, "p": 339.0, "r": 46.0}, "datetime": {"datetime": "2024-05-19 17:06:03", "elapsed": 4715.207808, "delta": 24.248368}}
{"target": 187.54421778862414, "params": {"h": 20.0, "p": 342.0, "r": 38.0}, "datetime": {"datetime": "2024-05-19 17:06:26", "elapsed": 4738.61354, "delta": 23.405732}}
{"target": 151.98782977116392, "params": {"h": 29.0, "p": 335.0, "r": 45.0}, "datetime": {"datetime": "2024-05-19 17:06:52", "elapsed": 4764.443583, "delta": 25.830043}}
{"target": 98.2438485609703, "params": {"h": 28.0, "p": 334.0, "r": 47.0}, "datetime": {"datetime": "2024-05-19 17:07:15", "elapsed": 4787.599828, "delta": 23.156245}}
{"target": 77.38476395890615, "params": {"h": 33.0, "p": 335.0, "r": 43.0}, "datetime": {"datetime": "2024-05-19 17:07:40", "elapsed": 4812.332155, "delta": 24.732327}}
{"target": 169.67816239077155, "params": {"h": 19.0, "p": 340.0, "r": 38.0}, "datetime": {"datetime": "2024-05-19 17:08:04", "elapsed": 4836.348227, "delta": 24.016072}}
{"target": 154.27747947467358, "params": {"h": 23.0, "p": 314.0, "r": 43.0}, "datetime": {"datetime": "2024-05-19 17:08:26", "elapsed": 4858.489173, "delta": 22.140946}}
{"target": 153.29972663433918, "params": {"h": 20.0, "p": 299.0, "r": 41.0}, "datetime": {"datetime": "2024-05-19 17:08:49", "elapsed": 4880.771451, "delta": 22.282278}}
{"target": 172.06786099957117, "params": {"h": 23.0, "p": 340.0, "r": 40.0}, "datetime": {"datetime": "2024-05-19 17:09:13", "elapsed": 4904.905391, "delta": 24.13394}}
{"target": 185.39913398662785, "params": {"h": 16.0, "p": 298.0, "r": 35.0}, "datetime": {"datetime": "2024-05-19 17:09:36", "elapsed": 4928.323846, "delta": 23.418455}}
{"target": 126.29939153287121, "params": {"h": 21.0, "p": 296.0, "r": 43.0}, "datetime": {"datetime": "2024-05-19 17:09:56", "elapsed": 4948.697972, "delta": 20.374126}}
{"target": 109.70287898539898, "params": {"h": 48.0, "p": 334.0, "r": 50.0}, "datetime": {"datetime": "2024-05-19 17:10:21", "elapsed": 4973.138819, "delta": 24.440847}}
{"target": 34.75054976035009, "params": {"h": 28.0, "p": 346.0, "r": 38.0}, "datetime": {"datetime": "2024-05-19 17:10:46", "elapsed": 4998.223173, "delta": 25.084354}}
{"target": 115.27783605641713, "params": {"h": 19.0, "p": 341.0, "r": 39.0}, "datetime": {"datetime": "2024-05-19 17:11:09", "elapsed": 5021.69488, "delta": 23.471707}}
{"target": 166.66823414737456, "params": {"h": 25.0, "p": 344.0, "r": 41.0}, "datetime": {"datetime": "2024-05-19 17:11:33", "elapsed": 5045.648829, "delta": 23.953949}}
{"target": 135.1133380054535, "params": {"h": 18.0, "p": 346.0, "r": 37.0}, "datetime": {"datetime": "2024-05-19 17:11:57", "elapsed": 5068.795511, "delta": 23.146682}}
{"target": 149.4614948097042, "params": {"h": 22.0, "p": 350.0, "r": 38.0}, "datetime": {"datetime": "2024-05-19 17:12:23", "elapsed": 5095.21163, "delta": 26.416119}}
{"target": 89.25219074235721, "params": {"h": 45.0, "p": 338.0, "r": 53.0}, "datetime": {"datetime": "2024-05-19 17:12:49", "elapsed": 5121.085071, "delta": 25.873441}}
{"target": 36.86628114783314, "params": {"h": 19.0, "p": 350.0, "r": 33.0}, "datetime": {"datetime": "2024-05-19 17:13:15", "elapsed": 5147.440717, "delta": 26.355646}}
{"target": 163.30873044412814, "params": {"h": 23.0, "p": 348.0, "r": 39.0}, "datetime": {"datetime": "2024-05-19 17:13:41", "elapsed": 5173.06619, "delta": 25.625473}}
{"target": 135.37310808746025, "params": {"h": 22.0, "p": 331.0, "r": 42.0}, "datetime": {"datetime": "2024-05-19 17:14:05", "elapsed": 5196.737526, "delta": 23.671336}}
{"target": 166.97698280512526, "params": {"h": 23.0, "p": 348.0, "r": 40.0}, "datetime": {"datetime": "2024-05-19 17:14:30", "elapsed": 5222.047954, "delta": 25.310428}}
{"target": 165.92776373892536, "params": {"h": 24.0, "p": 335.0, "r": 41.0}, "datetime": {"datetime": "2024-05-19 17:14:55", "elapsed": 5246.860994, "delta": 24.81304}}
{"target": 48.30297930117771, "params": {"h": 20.0, "p": 349.0, "r": 41.0}, "datetime": {"datetime": "2024-05-19 17:15:17", "elapsed": 5269.682609, "delta": 22.821615}}
{"target": 103.39641147396813, "params": {"h": 52.0, "p": 331.0, "r": 53.0}, "datetime": {"datetime": "2024-05-19 17:15:43", "elapsed": 5294.741192, "delta": 25.058583}}
{"target": 53.53040944245661, "params": {"h": 54.0, "p": 330.0, "r": 47.0}, "datetime": {"datetime": "2024-05-19 17:16:09", "elapsed": 5320.837707, "delta": 26.096515}}
{"target": 95.28966356933819, "params": {"h": 44.0, "p": 330.0, "r": 48.0}, "datetime": {"datetime": "2024-05-19 17:16:32", "elapsed": 5344.631194, "delta": 23.793487}}
{"target": 51.103254826660724, "params": {"h": 51.0, "p": 328.0, "r": 61.0}, "datetime": {"datetime": "2024-05-19 17:16:55", "elapsed": 5366.895786, "delta": 22.264592}}
{"target": 113.32909938076321, "params": {"h": 56.0, "p": 345.0, "r": 49.0}, "datetime": {"datetime": "2024-05-19 17:17:20", "elapsed": 5392.235278, "delta": 25.339492}}
{"target": 160.9690553468369, "params": {"h": 25.0, "p": 323.0, "r": 43.0}, "datetime": {"datetime": "2024-05-19 17:17:43", "elapsed": 5415.143403, "delta": 22.908125}}
{"target": 81.03348602147497, "params": {"h": 53.0, "p": 343.0, "r": 54.0}, "datetime": {"datetime": "2024-05-19 17:18:09", "elapsed": 5441.360397, "delta": 26.216994}}
{"target": 121.62829394827293, "params": {"h": 49.0, "p": 347.0, "r": 48.0}, "datetime": {"datetime": "2024-05-19 17:18:36", "elapsed": 5468.495797, "delta": 27.1354}}
{"target": 99.05680930046549, "params": {"h": 49.0, "p": 351.0, "r": 47.0}, "datetime": {"datetime": "2024-05-19 17:19:05", "elapsed": 5497.225328, "delta": 28.729531}}
{"target": 58.00725717281042, "params": {"h": 52.0, "p": 345.0, "r": 45.0}, "datetime": {"datetime": "2024-05-19 17:19:34", "elapsed": 5526.424765, "delta": 29.199437}}
{"target": 92.11354269405948, "params": {"h": 56.0, "p": 349.0, "r": 51.0}, "datetime": {"datetime": "2024-05-19 17:20:02", "elapsed": 5554.240722, "delta": 27.815957}}
{"target": 115.0304906869432, "params": {"h": 45.0, "p": 344.0, "r": 50.0}, "datetime": {"datetime": "2024-05-19 17:20:28", "elapsed": 5580.432937, "delta": 26.192215}}
{"target": 146.5403079293339, "params": {"h": 26.0, "p": 314.0, "r": 45.0}, "datetime": {"datetime": "2024-05-19 17:20:51", "elapsed": 5603.328019, "delta": 22.895082}}
{"target": 83.86870106410599, "params": {"h": 42.0, "p": 348.0, "r": 44.0}, "datetime": {"datetime": "2024-05-19 17:21:18", "elapsed": 5630.476626, "delta": 27.148607}}
{"target": 149.97575273088398, "params": {"h": 24.0, "p": 342.0, "r": 40.0}, "datetime": {"datetime": "2024-05-19 17:21:44", "elapsed": 5656.483189, "delta": 26.006563}}
{"target": 151.2512972234082, "params": {"h": 32.0, "p": 342.0, "r": 45.0}, "datetime": {"datetime": "2024-05-19 17:22:08", "elapsed": 5679.857755, "delta": 23.374566}}
{"target": 150.53053684707393, "params": {"h": 32.0, "p": 346.0, "r": 44.0}, "datetime": {"datetime": "2024-05-19 17:22:33", "elapsed": 5704.842654, "delta": 24.984899}}
{"target": 97.20827906723402, "params": {"h": 34.0, "p": 345.0, "r": 43.0}, "datetime": {"datetime": "2024-05-19 17:22:59", "elapsed": 5731.154352, "delta": 26.311698}}
{"target": 148.95994541798945, "params": {"h": 22.0, "p": 340.0, "r": 41.0}, "datetime": {"datetime": "2024-05-19 17:23:22", "elapsed": 5753.974017, "delta": 22.819665}}
{"target": 50.85895486153495, "params": {"h": 45.0, "p": 352.0, "r": 50.0}, "datetime": {"datetime": "2024-05-19 17:23:49", "elapsed": 5781.271196, "delta": 27.297179}}
{"target": 0.9872001621515806, "params": {"h": 33.0, "p": 836.0, "r": 98.0}, "datetime": {"datetime": "2024-05-19 17:24:31", "elapsed": 5823.42306, "delta": 42.151864}}
{"target": 30.833679254327976, "params": {"h": 42.0, "p": 172.0, "r": 50.0}, "datetime": {"datetime": "2024-05-19 17:24:49", "elapsed": 5841.106021, "delta": 17.682961}}
