{"target": 0.9782541186716072, "params": {"h": 26.0, "p": 886.0, "r": 122.0}, "datetime": {"datetime": "2024-06-02 14:08:19", "elapsed": 0.0, "delta": 0.0}}
{"target": 10.782352274933187, "params": {"h": 46.0, "p": 117.0, "r": 30.0}, "datetime": {"datetime": "2024-06-02 14:08:40", "elapsed": 21.025112, "delta": 21.025112}}
{"target": 0.05594334002228745, "params": {"h": 35.0, "p": 934.0, "r": 21.0}, "datetime": {"datetime": "2024-06-02 14:09:56", "elapsed": 97.087886, "delta": 76.062774}}
{"target": 0.0, "params": {"h": 51.0, "p": 207.0, "r": 150.0}, "datetime": {"datetime": "2024-06-02 14:09:56", "elapsed": 97.088887, "delta": 0.001001}}
{"target": 2.4326198544510027, "params": {"h": 56.0, "p": 637.0, "r": 86.0}, "datetime": {"datetime": "2024-06-02 14:10:29", "elapsed": 130.354926, "delta": 33.266039}}
{"target": 6.3491056766056015, "params": {"h": 50.0, "p": 472.0, "r": 129.0}, "datetime": {"datetime": "2024-06-02 14:10:47", "elapsed": 148.51438, "delta": 18.159454}}
{"target": 1.3434948608377564, "params": {"h": 32.0, "p": 782.0, "r": 82.0}, "datetime": {"datetime": "2024-06-02 14:11:23", "elapsed": 184.333864, "delta": 35.819484}}
{"target": 11.560509187030663, "params": {"h": 23.0, "p": 310.0, "r": 101.0}, "datetime": {"datetime": "2024-06-02 14:11:36", "elapsed": 197.754807, "delta": 13.420943}}
{"target": 4.060072671645504, "params": {"h": 39.0, "p": 695.0, "r": 42.0}, "datetime": {"datetime": "2024-06-02 14:12:21", "elapsed": 242.143299, "delta": 44.388492}}
{"target": 2.831428083203737, "params": {"h": 15.0, "p": 398.0, "r": 60.0}, "datetime": {"datetime": "2024-06-02 14:12:43", "elapsed": 263.914688, "delta": 21.771389}}
{"target": 10.484265096883494, "params": {"h": 44.0, "p": 120.0, "r": 30.0}, "datetime": {"datetime": "2024-06-02 14:13:03", "elapsed": 284.10931, "delta": 20.194622}}
{"target": 11.007094427187962, "params": {"h": 21.0, "p": 310.0, "r": 101.0}, "datetime": {"datetime": "2024-06-02 14:13:17", "elapsed": 298.15137, "delta": 14.04206}}
{"target": 12.311197404232853, "params": {"h": 25.0, "p": 310.0, "r": 101.0}, "datetime": {"datetime": "2024-06-02 14:13:31", "elapsed": 311.948004, "delta": 13.796634}}
{"target": 13.388421072330605, "params": {"h": 28.0, "p": 310.0, "r": 101.0}, "datetime": {"datetime": "2024-06-02 14:13:44", "elapsed": 325.48188, "delta": 13.533876}}
{"target": 13.735546965651025, "params": {"h": 29.0, "p": 310.0, "r": 101.0}, "datetime": {"datetime": "2024-06-02 14:13:58", "elapsed": 338.971268, "delta": 13.489388}}
{"target": 14.733663033539314, "params": {"h": 32.0, "p": 310.0, "r": 101.0}, "datetime": {"datetime": "2024-06-02 14:14:11", "elapsed": 352.087847, "delta": 13.116579}}
{"target": 17.38454371131637, "params": {"h": 40.0, "p": 308.0, "r": 102.0}, "datetime": {"datetime": "2024-06-02 14:14:24", "elapsed": 365.501646, "delta": 13.413799}}
{"target": 17.38454371131637, "params": {"h": 40.0, "p": 308.0, "r": 102.0}, "datetime": {"datetime": "2024-06-02 14:14:25", "elapsed": 366.424968, "delta": 0.923322}}
{"target": 17.38454371131637, "params": {"h": 40.0, "p": 308.0, "r": 102.0}, "datetime": {"datetime": "2024-06-02 14:14:26", "elapsed": 367.448627, "delta": 1.023659}}
{"target": 17.38454371131637, "params": {"h": 40.0, "p": 308.0, "r": 102.0}, "datetime": {"datetime": "2024-06-02 14:14:27", "elapsed": 368.267643, "delta": 0.819016}}
{"target": 17.38454371131637, "params": {"h": 40.0, "p": 308.0, "r": 102.0}, "datetime": {"datetime": "2024-06-02 14:14:28", "elapsed": 369.049212, "delta": 0.781569}}
{"target": 17.38454371131637, "params": {"h": 40.0, "p": 308.0, "r": 102.0}, "datetime": {"datetime": "2024-06-02 14:14:29", "elapsed": 370.050013, "delta": 1.000801}}
{"target": 17.38454371131637, "params": {"h": 40.0, "p": 308.0, "r": 102.0}, "datetime": {"datetime": "2024-06-02 14:14:30", "elapsed": 370.903584, "delta": 0.853571}}
{"target": 17.38454371131637, "params": {"h": 40.0, "p": 308.0, "r": 102.0}, "datetime": {"datetime": "2024-06-02 14:14:30", "elapsed": 371.821337, "delta": 0.917753}}
{"target": 17.38454371131637, "params": {"h": 40.0, "p": 308.0, "r": 102.0}, "datetime": {"datetime": "2024-06-02 14:14:32", "elapsed": 372.989031, "delta": 1.167694}}
{"target": 17.38454371131637, "params": {"h": 40.0, "p": 308.0, "r": 102.0}, "datetime": {"datetime": "2024-06-02 14:14:32", "elapsed": 373.555342, "delta": 0.566311}}
{"target": 17.38454371131637, "params": {"h": 40.0, "p": 308.0, "r": 102.0}, "datetime": {"datetime": "2024-06-02 14:14:34", "elapsed": 375.437401, "delta": 1.882059}}
{"target": 17.38454371131637, "params": {"h": 40.0, "p": 308.0, "r": 102.0}, "datetime": {"datetime": "2024-06-02 14:14:36", "elapsed": 377.005135, "delta": 1.567734}}
{"target": 17.38454371131637, "params": {"h": 40.0, "p": 308.0, "r": 102.0}, "datetime": {"datetime": "2024-06-02 14:14:37", "elapsed": 377.860782, "delta": 0.855647}}
{"target": 17.38454371131637, "params": {"h": 40.0, "p": 308.0, "r": 102.0}, "datetime": {"datetime": "2024-06-02 14:14:37", "elapsed": 378.685021, "delta": 0.824239}}
{"target": 17.38454371131637, "params": {"h": 40.0, "p": 308.0, "r": 102.0}, "datetime": {"datetime": "2024-06-02 14:14:38", "elapsed": 379.442042, "delta": 0.757021}}
{"target": 17.38454371131637, "params": {"h": 40.0, "p": 308.0, "r": 102.0}, "datetime": {"datetime": "2024-06-02 14:14:39", "elapsed": 380.251909, "delta": 0.809867}}
{"target": 17.38454371131637, "params": {"h": 40.0, "p": 308.0, "r": 102.0}, "datetime": {"datetime": "2024-06-02 14:14:40", "elapsed": 380.929022, "delta": 0.677113}}
{"target": 17.38454371131637, "params": {"h": 40.0, "p": 308.0, "r": 102.0}, "datetime": {"datetime": "2024-06-02 14:14:40", "elapsed": 381.589756, "delta": 0.660734}}
{"target": 17.38454371131637, "params": {"h": 40.0, "p": 308.0, "r": 102.0}, "datetime": {"datetime": "2024-06-02 14:14:41", "elapsed": 382.447719, "delta": 0.857963}}
{"target": 17.38454371131637, "params": {"h": 40.0, "p": 308.0, "r": 102.0}, "datetime": {"datetime": "2024-06-02 14:14:42", "elapsed": 383.239723, "delta": 0.792004}}
{"target": 17.38454371131637, "params": {"h": 40.0, "p": 308.0, "r": 102.0}, "datetime": {"datetime": "2024-06-02 14:14:43", "elapsed": 383.914878, "delta": 0.675155}}
{"target": 17.38454371131637, "params": {"h": 40.0, "p": 308.0, "r": 102.0}, "datetime": {"datetime": "2024-06-02 14:14:44", "elapsed": 385.496894, "delta": 1.582016}}
{"target": 17.38454371131637, "params": {"h": 40.0, "p": 308.0, "r": 102.0}, "datetime": {"datetime": "2024-06-02 14:14:45", "elapsed": 386.224527, "delta": 0.727633}}
{"target": 17.38454371131637, "params": {"h": 40.0, "p": 308.0, "r": 102.0}, "datetime": {"datetime": "2024-06-02 14:14:46", "elapsed": 387.084988, "delta": 0.860461}}
{"target": 17.38454371131637, "params": {"h": 40.0, "p": 308.0, "r": 102.0}, "datetime": {"datetime": "2024-06-02 14:14:47", "elapsed": 387.949376, "delta": 0.864388}}
{"target": 17.38454371131637, "params": {"h": 40.0, "p": 308.0, "r": 102.0}, "datetime": {"datetime": "2024-06-02 14:14:48", "elapsed": 388.932707, "delta": 0.983331}}
{"target": 17.38454371131637, "params": {"h": 40.0, "p": 308.0, "r": 102.0}, "datetime": {"datetime": "2024-06-02 14:14:48", "elapsed": 389.691269, "delta": 0.758562}}
{"target": 17.38454371131637, "params": {"h": 40.0, "p": 308.0, "r": 102.0}, "datetime": {"datetime": "2024-06-02 14:14:49", "elapsed": 390.633167, "delta": 0.941898}}
{"target": 17.38454371131637, "params": {"h": 40.0, "p": 308.0, "r": 102.0}, "datetime": {"datetime": "2024-06-02 14:14:50", "elapsed": 391.571684, "delta": 0.938517}}
{"target": 17.38454371131637, "params": {"h": 40.0, "p": 308.0, "r": 102.0}, "datetime": {"datetime": "2024-06-02 14:14:51", "elapsed": 392.555329, "delta": 0.983645}}
{"target": 17.38454371131637, "params": {"h": 40.0, "p": 308.0, "r": 102.0}, "datetime": {"datetime": "2024-06-02 14:14:52", "elapsed": 393.748505, "delta": 1.193176}}
{"target": 17.38454371131637, "params": {"h": 40.0, "p": 308.0, "r": 102.0}, "datetime": {"datetime": "2024-06-02 14:14:53", "elapsed": 394.758435, "delta": 1.00993}}
{"target": 17.38454371131637, "params": {"h": 40.0, "p": 308.0, "r": 102.0}, "datetime": {"datetime": "2024-06-02 14:14:55", "elapsed": 395.947721, "delta": 1.189286}}
{"target": 17.38454371131637, "params": {"h": 40.0, "p": 308.0, "r": 102.0}, "datetime": {"datetime": "2024-06-02 14:14:56", "elapsed": 396.918073, "delta": 0.970352}}
{"target": 17.38454371131637, "params": {"h": 40.0, "p": 308.0, "r": 102.0}, "datetime": {"datetime": "2024-06-02 14:14:56", "elapsed": 397.743734, "delta": 0.825661}}
{"target": 17.38454371131637, "params": {"h": 40.0, "p": 308.0, "r": 102.0}, "datetime": {"datetime": "2024-06-02 14:14:57", "elapsed": 398.469731, "delta": 0.725997}}
{"target": 17.38454371131637, "params": {"h": 40.0, "p": 308.0, "r": 102.0}, "datetime": {"datetime": "2024-06-02 14:14:58", "elapsed": 399.423831, "delta": 0.9541}}
{"target": 17.38454371131637, "params": {"h": 40.0, "p": 308.0, "r": 102.0}, "datetime": {"datetime": "2024-06-02 14:14:59", "elapsed": 400.271387, "delta": 0.847556}}
{"target": 17.38454371131637, "params": {"h": 40.0, "p": 308.0, "r": 102.0}, "datetime": {"datetime": "2024-06-02 14:15:00", "elapsed": 400.911073, "delta": 0.639686}}
{"target": 17.38454371131637, "params": {"h": 40.0, "p": 308.0, "r": 102.0}, "datetime": {"datetime": "2024-06-02 14:15:00", "elapsed": 401.831266, "delta": 0.920193}}
{"target": 17.38454371131637, "params": {"h": 40.0, "p": 308.0, "r": 102.0}, "datetime": {"datetime": "2024-06-02 14:15:01", "elapsed": 402.759704, "delta": 0.928438}}
{"target": 17.38454371131637, "params": {"h": 40.0, "p": 308.0, "r": 102.0}, "datetime": {"datetime": "2024-06-02 14:15:02", "elapsed": 403.386209, "delta": 0.626505}}
{"target": 17.38454371131637, "params": {"h": 40.0, "p": 308.0, "r": 102.0}, "datetime": {"datetime": "2024-06-02 14:15:04", "elapsed": 405.03484, "delta": 1.648631}}
{"target": 17.38454371131637, "params": {"h": 40.0, "p": 308.0, "r": 102.0}, "datetime": {"datetime": "2024-06-02 14:15:05", "elapsed": 406.134198, "delta": 1.099358}}
{"target": 17.38454371131637, "params": {"h": 40.0, "p": 308.0, "r": 102.0}, "datetime": {"datetime": "2024-06-02 14:15:06", "elapsed": 407.269295, "delta": 1.135097}}
{"target": 17.38454371131637, "params": {"h": 40.0, "p": 308.0, "r": 102.0}, "datetime": {"datetime": "2024-06-02 14:15:07", "elapsed": 408.683644, "delta": 1.414349}}
{"target": 17.38454371131637, "params": {"h": 40.0, "p": 308.0, "r": 102.0}, "datetime": {"datetime": "2024-06-02 14:15:08", "elapsed": 409.37534, "delta": 0.691696}}
{"target": 17.38454371131637, "params": {"h": 40.0, "p": 308.0, "r": 102.0}, "datetime": {"datetime": "2024-06-02 14:15:09", "elapsed": 410.331593, "delta": 0.956253}}
{"target": 17.38454371131637, "params": {"h": 40.0, "p": 308.0, "r": 102.0}, "datetime": {"datetime": "2024-06-02 14:15:10", "elapsed": 411.372065, "delta": 1.040472}}
{"target": 17.38454371131637, "params": {"h": 40.0, "p": 308.0, "r": 102.0}, "datetime": {"datetime": "2024-06-02 14:15:11", "elapsed": 412.325521, "delta": 0.953456}}
{"target": 17.38454371131637, "params": {"h": 40.0, "p": 308.0, "r": 102.0}, "datetime": {"datetime": "2024-06-02 14:15:12", "elapsed": 413.33522, "delta": 1.009699}}
{"target": 17.38454371131637, "params": {"h": 40.0, "p": 308.0, "r": 102.0}, "datetime": {"datetime": "2024-06-02 14:15:13", "elapsed": 414.439312, "delta": 1.104092}}
{"target": 17.38454371131637, "params": {"h": 40.0, "p": 308.0, "r": 102.0}, "datetime": {"datetime": "2024-06-02 14:15:14", "elapsed": 415.794175, "delta": 1.354863}}
{"target": 17.38454371131637, "params": {"h": 40.0, "p": 308.0, "r": 102.0}, "datetime": {"datetime": "2024-06-02 14:15:15", "elapsed": 416.614618, "delta": 0.820443}}
{"target": 17.38454371131637, "params": {"h": 40.0, "p": 308.0, "r": 102.0}, "datetime": {"datetime": "2024-06-02 14:15:16", "elapsed": 417.613307, "delta": 0.998689}}
{"target": 17.38454371131637, "params": {"h": 40.0, "p": 308.0, "r": 102.0}, "datetime": {"datetime": "2024-06-02 14:15:17", "elapsed": 418.581996, "delta": 0.968689}}
{"target": 17.38454371131637, "params": {"h": 40.0, "p": 308.0, "r": 102.0}, "datetime": {"datetime": "2024-06-02 14:15:18", "elapsed": 419.573707, "delta": 0.991711}}
{"target": 17.38454371131637, "params": {"h": 40.0, "p": 308.0, "r": 102.0}, "datetime": {"datetime": "2024-06-02 14:15:19", "elapsed": 420.381015, "delta": 0.807308}}
{"target": 17.38454371131637, "params": {"h": 40.0, "p": 308.0, "r": 102.0}, "datetime": {"datetime": "2024-06-02 14:15:20", "elapsed": 421.056583, "delta": 0.675568}}
{"target": 17.38454371131637, "params": {"h": 40.0, "p": 308.0, "r": 102.0}, "datetime": {"datetime": "2024-06-02 14:15:21", "elapsed": 422.112685, "delta": 1.056102}}
{"target": 17.38454371131637, "params": {"h": 40.0, "p": 308.0, "r": 102.0}, "datetime": {"datetime": "2024-06-02 14:15:22", "elapsed": 423.169702, "delta": 1.057017}}
{"target": 17.38454371131637, "params": {"h": 40.0, "p": 308.0, "r": 102.0}, "datetime": {"datetime": "2024-06-02 14:15:23", "elapsed": 423.876822, "delta": 0.70712}}
{"target": 17.38454371131637, "params": {"h": 40.0, "p": 308.0, "r": 102.0}, "datetime": {"datetime": "2024-06-02 14:15:23", "elapsed": 424.506354, "delta": 0.629532}}
{"target": 17.38454371131637, "params": {"h": 40.0, "p": 308.0, "r": 102.0}, "datetime": {"datetime": "2024-06-02 14:15:24", "elapsed": 425.232323, "delta": 0.725969}}
{"target": 17.38454371131637, "params": {"h": 40.0, "p": 308.0, "r": 102.0}, "datetime": {"datetime": "2024-06-02 14:15:25", "elapsed": 426.186949, "delta": 0.954626}}
{"target": 17.38454371131637, "params": {"h": 40.0, "p": 308.0, "r": 102.0}, "datetime": {"datetime": "2024-06-02 14:15:26", "elapsed": 427.344886, "delta": 1.157937}}
{"target": 17.38454371131637, "params": {"h": 40.0, "p": 308.0, "r": 102.0}, "datetime": {"datetime": "2024-06-02 14:15:27", "elapsed": 428.472738, "delta": 1.127852}}
{"target": 17.38454371131637, "params": {"h": 40.0, "p": 308.0, "r": 102.0}, "datetime": {"datetime": "2024-06-02 14:15:28", "elapsed": 429.174139, "delta": 0.701401}}
{"target": 17.38454371131637, "params": {"h": 40.0, "p": 308.0, "r": 102.0}, "datetime": {"datetime": "2024-06-02 14:15:29", "elapsed": 429.880802, "delta": 0.706663}}
{"target": 17.38454371131637, "params": {"h": 40.0, "p": 308.0, "r": 102.0}, "datetime": {"datetime": "2024-06-02 14:15:29", "elapsed": 430.484093, "delta": 0.603291}}
{"target": 17.38454371131637, "params": {"h": 40.0, "p": 308.0, "r": 102.0}, "datetime": {"datetime": "2024-06-02 14:15:30", "elapsed": 431.499961, "delta": 1.015868}}
{"target": 17.38454371131637, "params": {"h": 40.0, "p": 308.0, "r": 102.0}, "datetime": {"datetime": "2024-06-02 14:15:31", "elapsed": 432.154179, "delta": 0.654218}}
{"target": 17.38454371131637, "params": {"h": 40.0, "p": 308.0, "r": 102.0}, "datetime": {"datetime": "2024-06-02 14:15:32", "elapsed": 433.513934, "delta": 1.359755}}
{"target": 17.38454371131637, "params": {"h": 40.0, "p": 308.0, "r": 102.0}, "datetime": {"datetime": "2024-06-02 14:15:33", "elapsed": 434.263651, "delta": 0.749717}}
{"target": 17.38454371131637, "params": {"h": 40.0, "p": 308.0, "r": 102.0}, "datetime": {"datetime": "2024-06-02 14:15:34", "elapsed": 435.410475, "delta": 1.146824}}
{"target": 17.38454371131637, "params": {"h": 40.0, "p": 308.0, "r": 102.0}, "datetime": {"datetime": "2024-06-02 14:15:35", "elapsed": 436.236002, "delta": 0.825527}}
{"target": 19.68422956828075, "params": {"h": 49.0, "p": 303.0, "r": 107.0}, "datetime": {"datetime": "2024-06-02 14:15:48", "elapsed": 449.335815, "delta": 13.099813}}
{"target": 19.87584351589798, "params": {"h": 50.0, "p": 303.0, "r": 107.0}, "datetime": {"datetime": "2024-06-02 14:16:01", "elapsed": 462.651827, "delta": 13.316012}}
{"target": 20.181023964034026, "params": {"h": 51.0, "p": 303.0, "r": 107.0}, "datetime": {"datetime": "2024-06-02 14:16:14", "elapsed": 475.39563, "delta": 12.743803}}
{"target": 21.177012354073266, "params": {"h": 55.0, "p": 303.0, "r": 107.0}, "datetime": {"datetime": "2024-06-02 14:16:26", "elapsed": 487.68221, "delta": 12.28658}}
{"target": 21.177012354073266, "params": {"h": 55.0, "p": 303.0, "r": 107.0}, "datetime": {"datetime": "2024-06-02 14:16:27", "elapsed": 488.459088, "delta": 0.776878}}
{"target": 21.177012354073266, "params": {"h": 55.0, "p": 303.0, "r": 107.0}, "datetime": {"datetime": "2024-06-02 14:16:28", "elapsed": 489.336768, "delta": 0.87768}}
{"target": 21.177012354073266, "params": {"h": 55.0, "p": 303.0, "r": 107.0}, "datetime": {"datetime": "2024-06-02 14:16:29", "elapsed": 490.108801, "delta": 0.772033}}
{"target": 21.177012354073266, "params": {"h": 55.0, "p": 303.0, "r": 107.0}, "datetime": {"datetime": "2024-06-02 14:16:29", "elapsed": 490.703158, "delta": 0.594357}}
{"target": 21.177012354073266, "params": {"h": 55.0, "p": 303.0, "r": 107.0}, "datetime": {"datetime": "2024-06-02 14:16:30", "elapsed": 491.432538, "delta": 0.72938}}
{"target": 21.177012354073266, "params": {"h": 55.0, "p": 303.0, "r": 107.0}, "datetime": {"datetime": "2024-06-02 14:16:31", "elapsed": 492.437043, "delta": 1.004505}}
{"target": 21.177012354073266, "params": {"h": 55.0, "p": 303.0, "r": 107.0}, "datetime": {"datetime": "2024-06-02 14:16:32", "elapsed": 493.277011, "delta": 0.839968}}
{"target": 21.177012354073266, "params": {"h": 55.0, "p": 303.0, "r": 107.0}, "datetime": {"datetime": "2024-06-02 14:16:33", "elapsed": 494.084617, "delta": 0.807606}}
{"target": 21.177012354073266, "params": {"h": 55.0, "p": 303.0, "r": 107.0}, "datetime": {"datetime": "2024-06-02 14:16:34", "elapsed": 494.942376, "delta": 0.857759}}
{"target": 22.203353776169205, "params": {"h": 58.0, "p": 304.0, "r": 107.0}, "datetime": {"datetime": "2024-06-02 14:16:47", "elapsed": 508.369828, "delta": 13.427452}}
{"target": 22.203353776169205, "params": {"h": 58.0, "p": 304.0, "r": 107.0}, "datetime": {"datetime": "2024-06-02 14:16:48", "elapsed": 508.95852, "delta": 0.588692}}
{"target": 22.203353776169205, "params": {"h": 58.0, "p": 304.0, "r": 107.0}, "datetime": {"datetime": "2024-06-02 14:16:48", "elapsed": 509.635788, "delta": 0.677268}}
{"target": 22.203353776169205, "params": {"h": 58.0, "p": 304.0, "r": 107.0}, "datetime": {"datetime": "2024-06-02 14:16:49", "elapsed": 510.20575, "delta": 0.569962}}
{"target": 22.203353776169205, "params": {"h": 58.0, "p": 304.0, "r": 107.0}, "datetime": {"datetime": "2024-06-02 14:16:50", "elapsed": 511.061554, "delta": 0.855804}}
{"target": 21.821804397845238, "params": {"h": 60.0, "p": 305.0, "r": 113.0}, "datetime": {"datetime": "2024-06-02 14:17:03", "elapsed": 523.997743, "delta": 12.936189}}
{"target": 22.203353776169205, "params": {"h": 58.0, "p": 304.0, "r": 107.0}, "datetime": {"datetime": "2024-06-02 14:17:03", "elapsed": 524.608385, "delta": 0.610642}}
{"target": 22.203353776169205, "params": {"h": 58.0, "p": 304.0, "r": 107.0}, "datetime": {"datetime": "2024-06-02 14:17:04", "elapsed": 525.103425, "delta": 0.49504}}
{"target": 22.203353776169205, "params": {"h": 58.0, "p": 304.0, "r": 107.0}, "datetime": {"datetime": "2024-06-02 14:17:04", "elapsed": 525.812045, "delta": 0.70862}}
{"target": 22.203353776169205, "params": {"h": 58.0, "p": 304.0, "r": 107.0}, "datetime": {"datetime": "2024-06-02 14:17:05", "elapsed": 526.464986, "delta": 0.652941}}
{"target": 21.758048321141594, "params": {"h": 57.0, "p": 305.0, "r": 107.0}, "datetime": {"datetime": "2024-06-02 14:17:18", "elapsed": 539.002117, "delta": 12.537131}}
{"target": 22.637757340540805, "params": {"h": 59.0, "p": 304.0, "r": 107.0}, "datetime": {"datetime": "2024-06-02 14:17:31", "elapsed": 552.757856, "delta": 13.755739}}
{"target": 22.764250347541843, "params": {"h": 60.0, "p": 305.0, "r": 107.0}, "datetime": {"datetime": "2024-06-02 14:17:46", "elapsed": 567.04659, "delta": 14.288734}}
{"target": 23.28930722745125, "params": {"h": 57.0, "p": 296.0, "r": 102.0}, "datetime": {"datetime": "2024-06-02 14:17:59", "elapsed": 580.755985, "delta": 13.709395}}
{"target": 23.933485000096407, "params": {"h": 60.0, "p": 297.0, "r": 103.0}, "datetime": {"datetime": "2024-06-02 14:18:13", "elapsed": 594.374713, "delta": 13.618728}}
{"target": 24.365777659213503, "params": {"h": 60.0, "p": 296.0, "r": 102.0}, "datetime": {"datetime": "2024-06-02 14:18:27", "elapsed": 608.574438, "delta": 14.199725}}
{"target": 24.365777659213503, "params": {"h": 60.0, "p": 296.0, "r": 102.0}, "datetime": {"datetime": "2024-06-02 14:18:28", "elapsed": 609.516009, "delta": 0.941571}}
{"target": 24.365777659213503, "params": {"h": 60.0, "p": 296.0, "r": 102.0}, "datetime": {"datetime": "2024-06-02 14:18:29", "elapsed": 610.160431, "delta": 0.644422}}
{"target": 24.365777659213503, "params": {"h": 60.0, "p": 296.0, "r": 102.0}, "datetime": {"datetime": "2024-06-02 14:18:29", "elapsed": 610.839778, "delta": 0.679347}}
{"target": 24.365777659213503, "params": {"h": 60.0, "p": 296.0, "r": 102.0}, "datetime": {"datetime": "2024-06-02 14:18:30", "elapsed": 611.411611, "delta": 0.571833}}
{"target": 27.525192248663952, "params": {"h": 60.0, "p": 286.0, "r": 93.0}, "datetime": {"datetime": "2024-06-02 14:18:45", "elapsed": 625.881798, "delta": 14.470187}}
{"target": 25.98817839094863, "params": {"h": 59.0, "p": 284.0, "r": 95.0}, "datetime": {"datetime": "2024-06-02 14:18:59", "elapsed": 640.506982, "delta": 14.625184}}
{"target": 28.04244265889831, "params": {"h": 58.0, "p": 287.0, "r": 90.0}, "datetime": {"datetime": "2024-06-02 14:19:14", "elapsed": 654.955707, "delta": 14.448725}}
{"target": 28.33908112302769, "params": {"h": 59.0, "p": 287.0, "r": 90.0}, "datetime": {"datetime": "2024-06-02 14:19:28", "elapsed": 669.328203, "delta": 14.372496}}
{"target": 28.33908112302769, "params": {"h": 59.0, "p": 287.0, "r": 90.0}, "datetime": {"datetime": "2024-06-02 14:19:29", "elapsed": 669.848355, "delta": 0.520152}}
