{"target": 0.9782541186716462, "params": {"h": 26.0, "p": 886.0, "r": 122.0}, "datetime": {"datetime": "2024-05-13 19:39:25", "elapsed": 0.0, "delta": 0.0}}
{"target": 10.782344652299402, "params": {"h": 46.0, "p": 117.0, "r": 30.0}, "datetime": {"datetime": "2024-05-13 19:39:44", "elapsed": 18.600826, "delta": 18.600826}}
{"target": 0.05594334002229949, "params": {"h": 35.0, "p": 934.0, "r": 21.0}, "datetime": {"datetime": "2024-05-13 19:40:50", "elapsed": 85.209276, "delta": 66.60845}}
{"target": 0.0, "params": {"h": 51.0, "p": 207.0, "r": 150.0}, "datetime": {"datetime": "2024-05-13 19:40:50", "elapsed": 85.209276, "delta": 0.0}}
{"target": 2.43261985445089, "params": {"h": 56.0, "p": 637.0, "r": 86.0}, "datetime": {"datetime": "2024-05-13 19:41:18", "elapsed": 112.654502, "delta": 27.445226}}
{"target": 6.349105676605757, "params": {"h": 50.0, "p": 472.0, "r": 129.0}, "datetime": {"datetime": "2024-05-13 19:41:34", "elapsed": 128.895157, "delta": 16.240655}}
{"target": 1.3434948608381039, "params": {"h": 32.0, "p": 782.0, "r": 82.0}, "datetime": {"datetime": "2024-05-13 19:42:08", "elapsed": 162.994142, "delta": 34.098985}}
{"target": 11.560509187030284, "params": {"h": 23.0, "p": 310.0, "r": 101.0}, "datetime": {"datetime": "2024-05-13 19:42:22", "elapsed": 176.893564, "delta": 13.899422}}
{"target": 4.060072671645308, "params": {"h": 39.0, "p": 695.0, "r": 42.0}, "datetime": {"datetime": "2024-05-13 19:43:00", "elapsed": 215.213638, "delta": 38.320074}}
{"target": 2.831428083203385, "params": {"h": 15.0, "p": 398.0, "r": 60.0}, "datetime": {"datetime": "2024-05-13 19:43:19", "elapsed": 233.454634, "delta": 18.240996}}
{"target": 13.853063766293648, "params": {"h": 28.0, "p": 308.0, "r": 103.0}, "datetime": {"datetime": "2024-05-13 19:43:31", "elapsed": 246.073293, "delta": 12.618659}}
{"target": 13.853063766293648, "params": {"h": 28.0, "p": 308.0, "r": 103.0}, "datetime": {"datetime": "2024-05-13 19:43:31", "elapsed": 246.385812, "delta": 0.312519}}
{"target": 13.853063766293648, "params": {"h": 28.0, "p": 308.0, "r": 103.0}, "datetime": {"datetime": "2024-05-13 19:43:32", "elapsed": 246.719441, "delta": 0.333629}}
{"target": 13.853063766293648, "params": {"h": 28.0, "p": 308.0, "r": 103.0}, "datetime": {"datetime": "2024-05-13 19:43:32", "elapsed": 247.196476, "delta": 0.477035}}
{"target": 13.853063766293648, "params": {"h": 28.0, "p": 308.0, "r": 103.0}, "datetime": {"datetime": "2024-05-13 19:43:33", "elapsed": 247.780409, "delta": 0.583933}}
{"target": 16.046570005383845, "params": {"h": 34.0, "p": 306.0, "r": 107.0}, "datetime": {"datetime": "2024-05-13 19:43:45", "elapsed": 260.07279, "delta": 12.292381}}
{"target": 16.046570005383845, "params": {"h": 34.0, "p": 306.0, "r": 107.0}, "datetime": {"datetime": "2024-05-13 19:43:46", "elapsed": 260.791599, "delta": 0.718809}}
{"target": 16.046570005383845, "params": {"h": 34.0, "p": 306.0, "r": 107.0}, "datetime": {"datetime": "2024-05-13 19:43:46", "elapsed": 261.299965, "delta": 0.508366}}
{"target": 16.046570005383845, "params": {"h": 34.0, "p": 306.0, "r": 107.0}, "datetime": {"datetime": "2024-05-13 19:43:47", "elapsed": 261.776196, "delta": 0.476231}}
{"target": 16.046570005383845, "params": {"h": 34.0, "p": 306.0, "r": 107.0}, "datetime": {"datetime": "2024-05-13 19:43:47", "elapsed": 262.297836, "delta": 0.52164}}
{"target": 16.046570005383845, "params": {"h": 34.0, "p": 306.0, "r": 107.0}, "datetime": {"datetime": "2024-05-13 19:43:48", "elapsed": 262.85327, "delta": 0.555434}}
{"target": 16.046570005383845, "params": {"h": 34.0, "p": 306.0, "r": 107.0}, "datetime": {"datetime": "2024-05-13 19:43:48", "elapsed": 263.357198, "delta": 0.503928}}
{"target": 16.046570005383845, "params": {"h": 34.0, "p": 306.0, "r": 107.0}, "datetime": {"datetime": "2024-05-13 19:43:49", "elapsed": 263.92342, "delta": 0.566222}}
{"target": 16.046570005383845, "params": {"h": 34.0, "p": 306.0, "r": 107.0}, "datetime": {"datetime": "2024-05-13 19:43:50", "elapsed": 264.69375, "delta": 0.77033}}
{"target": 12.812701618948914, "params": {"h": 26.0, "p": 309.0, "r": 101.0}, "datetime": {"datetime": "2024-05-13 19:44:03", "elapsed": 277.424586, "delta": 12.730836}}
{"target": 16.870995032032706, "params": {"h": 37.0, "p": 305.0, "r": 108.0}, "datetime": {"datetime": "2024-05-13 19:44:14", "elapsed": 289.337132, "delta": 11.912546}}
{"target": 18.380573564871018, "params": {"h": 43.0, "p": 302.0, "r": 109.0}, "datetime": {"datetime": "2024-05-13 19:44:27", "elapsed": 301.596064, "delta": 12.258932}}
{"target": 19.63628998644185, "params": {"h": 48.0, "p": 299.0, "r": 109.0}, "datetime": {"datetime": "2024-05-13 19:44:39", "elapsed": 314.21695, "delta": 12.620886}}
{"target": 20.678048222900593, "params": {"h": 53.0, "p": 296.0, "r": 108.0}, "datetime": {"datetime": "2024-05-13 19:44:51", "elapsed": 326.096172, "delta": 11.879222}}
{"target": 21.65356574317068, "params": {"h": 56.0, "p": 294.0, "r": 107.0}, "datetime": {"datetime": "2024-05-13 19:45:05", "elapsed": 339.650617, "delta": 13.554445}}
{"target": 23.53025701957738, "params": {"h": 60.0, "p": 291.0, "r": 105.0}, "datetime": {"datetime": "2024-05-13 19:45:17", "elapsed": 352.078515, "delta": 12.427898}}
{"target": 23.73068219267082, "params": {"h": 60.0, "p": 290.0, "r": 104.0}, "datetime": {"datetime": "2024-05-13 19:45:31", "elapsed": 365.5073, "delta": 13.428785}}
{"target": 23.767021950383988, "params": {"h": 60.0, "p": 289.0, "r": 103.0}, "datetime": {"datetime": "2024-05-13 19:45:44", "elapsed": 379.264336, "delta": 13.757036}}
{"target": 23.52219202728947, "params": {"h": 60.0, "p": 289.0, "r": 104.0}, "datetime": {"datetime": "2024-05-13 19:45:56", "elapsed": 391.332239, "delta": 12.067903}}
{"target": 24.452309394065765, "params": {"h": 60.0, "p": 292.0, "r": 102.0}, "datetime": {"datetime": "2024-05-13 19:46:09", "elapsed": 403.571435, "delta": 12.239196}}
{"target": 24.484002553554426, "params": {"h": 60.0, "p": 292.0, "r": 101.0}, "datetime": {"datetime": "2024-05-13 19:46:22", "elapsed": 416.844274, "delta": 13.272839}}
{"target": 24.484002553554426, "params": {"h": 60.0, "p": 292.0, "r": 101.0}, "datetime": {"datetime": "2024-05-13 19:46:22", "elapsed": 417.391197, "delta": 0.546923}}
{"target": 21.149297445349195, "params": {"h": 60.0, "p": 325.0, "r": 97.0}, "datetime": {"datetime": "2024-05-13 19:46:37", "elapsed": 432.263744, "delta": 14.872547}}
{"target": 24.205490877760592, "params": {"h": 60.0, "p": 314.0, "r": 94.0}, "datetime": {"datetime": "2024-05-13 19:46:51", "elapsed": 446.331369, "delta": 14.067625}}
{"target": 31.98360741089633, "params": {"h": 60.0, "p": 308.0, "r": 80.0}, "datetime": {"datetime": "2024-05-13 19:47:07", "elapsed": 461.852631, "delta": 15.521262}}
{"target": 32.79182805025567, "params": {"h": 60.0, "p": 308.0, "r": 79.0}, "datetime": {"datetime": "2024-05-13 19:47:22", "elapsed": 477.281476, "delta": 15.428845}}
{"target": 39.95831901574626, "params": {"h": 60.0, "p": 307.0, "r": 73.0}, "datetime": {"datetime": "2024-05-13 19:47:39", "elapsed": 493.478168, "delta": 16.196692}}
{"target": 52.51539377000544, "params": {"h": 60.0, "p": 305.0, "r": 67.0}, "datetime": {"datetime": "2024-05-13 19:47:56", "elapsed": 511.388682, "delta": 17.910514}}
{"target": 72.76387111381771, "params": {"h": 60.0, "p": 303.0, "r": 60.0}, "datetime": {"datetime": "2024-05-13 19:48:17", "elapsed": 531.913931, "delta": 20.525249}}
{"target": 42.10339026304992, "params": {"h": 58.0, "p": 295.0, "r": 49.0}, "datetime": {"datetime": "2024-05-13 19:48:41", "elapsed": 555.812115, "delta": 23.898184}}
{"target": 74.01879427040272, "params": {"h": 57.0, "p": 302.0, "r": 54.0}, "datetime": {"datetime": "2024-05-13 19:49:02", "elapsed": 576.497351, "delta": 20.685236}}
{"target": 77.43540292477044, "params": {"h": 57.0, "p": 303.0, "r": 55.0}, "datetime": {"datetime": "2024-05-13 19:49:23", "elapsed": 597.80353, "delta": 21.306179}}
{"target": 81.69619838552983, "params": {"h": 56.0, "p": 305.0, "r": 56.0}, "datetime": {"datetime": "2024-05-13 19:49:42", "elapsed": 617.185966, "delta": 19.382436}}
{"target": 81.97470099001295, "params": {"h": 55.0, "p": 306.0, "r": 56.0}, "datetime": {"datetime": "2024-05-13 19:50:03", "elapsed": 637.539537, "delta": 20.353571}}
{"target": 16.352641154219427, "params": {"h": 57.0, "p": 314.0, "r": 42.0}, "datetime": {"datetime": "2024-05-13 19:50:29", "elapsed": 664.187245, "delta": 26.647708}}
{"target": 41.79710376114154, "params": {"h": 41.0, "p": 303.0, "r": 65.0}, "datetime": {"datetime": "2024-05-13 19:50:46", "elapsed": 680.926755, "delta": 16.73951}}
{"target": 82.20846544231253, "params": {"h": 55.0, "p": 305.0, "r": 56.0}, "datetime": {"datetime": "2024-05-13 19:51:06", "elapsed": 701.404812, "delta": 20.478057}}
{"target": 0.05088609472898071, "params": {"h": 43.0, "p": 536.0, "r": 15.0}, "datetime": {"datetime": "2024-05-13 19:52:01", "elapsed": 756.394964, "delta": 54.990152}}
{"target": 84.48405110515216, "params": {"h": 50.0, "p": 305.0, "r": 56.0}, "datetime": {"datetime": "2024-05-13 19:52:22", "elapsed": 776.576497, "delta": 20.181533}}
{"target": 91.15390563119803, "params": {"h": 44.0, "p": 302.0, "r": 53.0}, "datetime": {"datetime": "2024-05-13 19:52:42", "elapsed": 796.822839, "delta": 20.246342}}
{"target": 82.77609578676575, "params": {"h": 43.0, "p": 304.0, "r": 50.0}, "datetime": {"datetime": "2024-05-13 19:53:03", "elapsed": 818.317115, "delta": 21.494276}}
{"target": 79.4399984284958, "params": {"h": 47.0, "p": 299.0, "r": 52.0}, "datetime": {"datetime": "2024-05-13 19:53:24", "elapsed": 839.308167, "delta": 20.991052}}
{"target": 81.10542752681387, "params": {"h": 40.0, "p": 303.0, "r": 56.0}, "datetime": {"datetime": "2024-05-13 19:53:43", "elapsed": 858.098926, "delta": 18.790759}}
{"target": 110.69630631619324, "params": {"h": 28.0, "p": 292.0, "r": 49.0}, "datetime": {"datetime": "2024-05-13 19:54:00", "elapsed": 875.403695, "delta": 17.304769}}
{"target": 110.69630631619324, "params": {"h": 28.0, "p": 292.0, "r": 49.0}, "datetime": {"datetime": "2024-05-13 19:54:01", "elapsed": 875.84122, "delta": 0.437525}}
{"target": 68.44613504121487, "params": {"h": 24.0, "p": 284.0, "r": 50.0}, "datetime": {"datetime": "2024-05-13 19:54:19", "elapsed": 893.981391, "delta": 18.140171}}
{"target": 121.74027457717318, "params": {"h": 28.0, "p": 300.0, "r": 48.0}, "datetime": {"datetime": "2024-05-13 19:54:38", "elapsed": 913.207309, "delta": 19.225918}}
{"target": 80.03239532940331, "params": {"h": 27.0, "p": 301.0, "r": 42.0}, "datetime": {"datetime": "2024-05-13 19:54:58", "elapsed": 932.996993, "delta": 19.789684}}
{"target": 72.89298636263548, "params": {"h": 28.0, "p": 297.0, "r": 52.0}, "datetime": {"datetime": "2024-05-13 19:55:15", "elapsed": 949.802143, "delta": 16.80515}}
{"target": 67.88852176694925, "params": {"h": 31.0, "p": 293.0, "r": 44.0}, "datetime": {"datetime": "2024-05-13 19:55:34", "elapsed": 969.309495, "delta": 19.507352}}
{"target": 54.25382489040799, "params": {"h": 24.0, "p": 303.0, "r": 50.0}, "datetime": {"datetime": "2024-05-13 19:55:52", "elapsed": 987.126161, "delta": 17.816666}}
{"target": 129.68566320184115, "params": {"h": 26.0, "p": 296.0, "r": 44.0}, "datetime": {"datetime": "2024-05-13 19:56:11", "elapsed": 1005.920805, "delta": 18.794644}}
{"target": 87.12196164855507, "params": {"h": 22.0, "p": 291.0, "r": 39.0}, "datetime": {"datetime": "2024-05-13 19:56:31", "elapsed": 1025.740215, "delta": 19.81941}}
{"target": 21.544242576682585, "params": {"h": 17.0, "p": 296.0, "r": 47.0}, "datetime": {"datetime": "2024-05-13 19:56:48", "elapsed": 1042.71848, "delta": 16.978265}}
{"target": 142.51411828400353, "params": {"h": 23.0, "p": 293.0, "r": 44.0}, "datetime": {"datetime": "2024-05-13 19:57:06", "elapsed": 1060.806079, "delta": 18.087599}}
{"target": 123.02637258622887, "params": {"h": 33.0, "p": 314.0, "r": 49.0}, "datetime": {"datetime": "2024-05-13 19:57:26", "elapsed": 1080.428205, "delta": 19.622126}}
{"target": 116.2113788693457, "params": {"h": 32.0, "p": 307.0, "r": 47.0}, "datetime": {"datetime": "2024-05-13 19:57:45", "elapsed": 1100.015442, "delta": 19.587237}}
{"target": 104.68992995322307, "params": {"h": 38.0, "p": 318.0, "r": 52.0}, "datetime": {"datetime": "2024-05-13 19:58:05", "elapsed": 1119.508947, "delta": 19.493505}}
{"target": 100.72467432240377, "params": {"h": 35.0, "p": 311.0, "r": 52.0}, "datetime": {"datetime": "2024-05-13 19:58:23", "elapsed": 1138.171697, "delta": 18.66275}}
{"target": 76.0776543785589, "params": {"h": 35.0, "p": 318.0, "r": 45.0}, "datetime": {"datetime": "2024-05-13 19:58:42", "elapsed": 1157.412753, "delta": 19.241056}}
{"target": 73.46928072369248, "params": {"h": 22.0, "p": 291.0, "r": 47.0}, "datetime": {"datetime": "2024-05-13 19:59:01", "elapsed": 1175.765292, "delta": 18.352539}}
{"target": 129.98659943552397, "params": {"h": 25.0, "p": 294.0, "r": 46.0}, "datetime": {"datetime": "2024-05-13 19:59:19", "elapsed": 1193.444516, "delta": 17.679224}}
{"target": 74.0811750766768, "params": {"h": 31.0, "p": 317.0, "r": 52.0}, "datetime": {"datetime": "2024-05-13 19:59:38", "elapsed": 1212.622963, "delta": 19.178447}}
{"target": 90.56024192423423, "params": {"h": 44.0, "p": 312.0, "r": 55.0}, "datetime": {"datetime": "2024-05-13 19:59:57", "elapsed": 1231.943283, "delta": 19.32032}}
{"target": 80.60931225707097, "params": {"h": 45.0, "p": 321.0, "r": 56.0}, "datetime": {"datetime": "2024-05-13 20:00:19", "elapsed": 1253.840297, "delta": 21.897014}}
{"target": 140.36680467415454, "params": {"h": 25.0, "p": 292.0, "r": 45.0}, "datetime": {"datetime": "2024-05-13 20:00:38", "elapsed": 1273.36759, "delta": 19.527293}}
{"target": 44.12958565472868, "params": {"h": 35.0, "p": 312.0, "r": 43.0}, "datetime": {"datetime": "2024-05-13 20:01:00", "elapsed": 1294.767785, "delta": 21.400195}}
{"target": 148.05894925080224, "params": {"h": 22.0, "p": 294.0, "r": 43.0}, "datetime": {"datetime": "2024-05-13 20:01:18", "elapsed": 1312.990755, "delta": 18.22297}}
{"target": 89.72902512235524, "params": {"h": 36.0, "p": 279.0, "r": 51.0}, "datetime": {"datetime": "2024-05-13 20:01:35", "elapsed": 1330.403737, "delta": 17.412982}}
{"target": 171.29052781009796, "params": {"h": 20.0, "p": 299.0, "r": 40.0}, "datetime": {"datetime": "2024-05-13 20:01:55", "elapsed": 1349.461345, "delta": 19.057608}}
{"target": 180.94788385962528, "params": {"h": 17.0, "p": 303.0, "r": 36.0}, "datetime": {"datetime": "2024-05-13 20:02:14", "elapsed": 1368.456188, "delta": 18.994843}}
{"target": 104.63173679419023, "params": {"h": 17.0, "p": 298.0, "r": 39.0}, "datetime": {"datetime": "2024-05-13 20:02:32", "elapsed": 1387.060749, "delta": 18.604561}}
{"target": 7.454749901263406, "params": {"h": 24.0, "p": 306.0, "r": 32.0}, "datetime": {"datetime": "2024-05-13 20:02:55", "elapsed": 1409.693625, "delta": 22.632876}}
{"target": 146.44465431353385, "params": {"h": 16.0, "p": 305.0, "r": 34.0}, "datetime": {"datetime": "2024-05-13 20:03:15", "elapsed": 1430.322954, "delta": 20.629329}}
{"target": 14.576402216809301, "params": {"h": 18.0, "p": 301.0, "r": 31.0}, "datetime": {"datetime": "2024-05-13 20:03:37", "elapsed": 1452.000213, "delta": 21.677259}}
{"target": 118.61840963058346, "params": {"h": 19.0, "p": 301.0, "r": 41.0}, "datetime": {"datetime": "2024-05-13 20:03:55", "elapsed": 1469.476694, "delta": 17.476481}}
{"target": 172.79660212775784, "params": {"h": 19.0, "p": 308.0, "r": 38.0}, "datetime": {"datetime": "2024-05-13 20:04:14", "elapsed": 1489.375095, "delta": 19.898401}}
{"target": 156.83930393729574, "params": {"h": 16.0, "p": 311.0, "r": 36.0}, "datetime": {"datetime": "2024-05-13 20:04:36", "elapsed": 1510.963883, "delta": 21.588788}}
{"target": 55.51002570376072, "params": {"h": 16.0, "p": 307.0, "r": 39.0}, "datetime": {"datetime": "2024-05-13 20:04:56", "elapsed": 1530.608734, "delta": 19.644851}}
{"target": 166.07525432251987, "params": {"h": 21.0, "p": 312.0, "r": 41.0}, "datetime": {"datetime": "2024-05-13 20:05:15", "elapsed": 1549.586922, "delta": 18.978188}}
{"target": 176.15888794628094, "params": {"h": 19.0, "p": 301.0, "r": 39.0}, "datetime": {"datetime": "2024-05-13 20:05:35", "elapsed": 1569.985142, "delta": 20.39822}}
{"target": 91.33620802435007, "params": {"h": 18.0, "p": 317.0, "r": 35.0}, "datetime": {"datetime": "2024-05-13 20:05:57", "elapsed": 1591.491205, "delta": 21.506063}}
{"target": 32.584206549750064, "params": {"h": 22.0, "p": 306.0, "r": 36.0}, "datetime": {"datetime": "2024-05-13 20:06:18", "elapsed": 1612.93313, "delta": 21.441925}}
{"target": 57.33507566961885, "params": {"h": 19.0, "p": 310.0, "r": 35.0}, "datetime": {"datetime": "2024-05-13 20:06:40", "elapsed": 1634.814032, "delta": 21.880902}}
{"target": 159.63312450844663, "params": {"h": 22.0, "p": 312.0, "r": 42.0}, "datetime": {"datetime": "2024-05-13 20:07:00", "elapsed": 1654.573512, "delta": 19.75948}}
{"target": 154.21410075058034, "params": {"h": 23.0, "p": 298.0, "r": 43.0}, "datetime": {"datetime": "2024-05-13 20:07:19", "elapsed": 1673.611749, "delta": 19.038237}}
{"target": 87.37034760789201, "params": {"h": 15.0, "p": 313.0, "r": 36.0}, "datetime": {"datetime": "2024-05-13 20:07:38", "elapsed": 1693.371433, "delta": 19.759684}}
{"target": 51.524619751106854, "params": {"h": 26.0, "p": 297.0, "r": 40.0}, "datetime": {"datetime": "2024-05-13 20:07:59", "elapsed": 1713.723295, "delta": 20.351862}}
{"target": 128.41073095137511, "params": {"h": 21.0, "p": 300.0, "r": 39.0}, "datetime": {"datetime": "2024-05-13 20:08:18", "elapsed": 1733.090276, "delta": 19.366981}}
{"target": 173.02338146380475, "params": {"h": 20.0, "p": 311.0, "r": 39.0}, "datetime": {"datetime": "2024-05-13 20:08:39", "elapsed": 1753.781775, "delta": 20.691499}}
{"target": 179.5125769895667, "params": {"h": 18.0, "p": 299.0, "r": 38.0}, "datetime": {"datetime": "2024-05-13 20:08:58", "elapsed": 1772.428109, "delta": 18.646334}}
{"target": 143.78943877413946, "params": {"h": 21.0, "p": 315.0, "r": 39.0}, "datetime": {"datetime": "2024-05-13 20:09:18", "elapsed": 1792.96587, "delta": 20.537761}}
{"target": 179.5125769895667, "params": {"h": 18.0, "p": 299.0, "r": 38.0}, "datetime": {"datetime": "2024-05-13 20:09:19", "elapsed": 1793.512777, "delta": 0.546907}}
{"target": 150.42809187390637, "params": {"h": 23.0, "p": 314.0, "r": 41.0}, "datetime": {"datetime": "2024-05-13 20:09:39", "elapsed": 1813.571898, "delta": 20.059121}}
{"target": 147.05920659743182, "params": {"h": 18.0, "p": 301.0, "r": 39.0}, "datetime": {"datetime": "2024-05-13 20:09:58", "elapsed": 1832.87766, "delta": 19.305762}}
{"target": 160.36684138650088, "params": {"h": 22.0, "p": 307.0, "r": 41.0}, "datetime": {"datetime": "2024-05-13 20:10:18", "elapsed": 1852.634178, "delta": 19.756518}}
{"target": 159.07578534005393, "params": {"h": 22.0, "p": 296.0, "r": 42.0}, "datetime": {"datetime": "2024-05-13 20:10:37", "elapsed": 1872.187893, "delta": 19.553715}}
{"target": 53.70844286882312, "params": {"h": 19.0, "p": 316.0, "r": 43.0}, "datetime": {"datetime": "2024-05-13 20:10:56", "elapsed": 1890.976543, "delta": 18.78865}}
{"target": 57.23929517258538, "params": {"h": 23.0, "p": 315.0, "r": 38.0}, "datetime": {"datetime": "2024-05-13 20:11:17", "elapsed": 1911.718468, "delta": 20.741925}}
{"target": 100.30952742681501, "params": {"h": 22.0, "p": 298.0, "r": 45.0}, "datetime": {"datetime": "2024-05-13 20:11:35", "elapsed": 1929.618775, "delta": 17.900307}}
{"target": 147.63242543272602, "params": {"h": 20.0, "p": 304.0, "r": 41.0}, "datetime": {"datetime": "2024-05-13 20:11:54", "elapsed": 1948.720849, "delta": 19.102074}}
{"target": 169.67633684292215, "params": {"h": 20.0, "p": 295.0, "r": 40.0}, "datetime": {"datetime": "2024-05-13 20:12:14", "elapsed": 1968.435185, "delta": 19.714336}}
{"target": 129.05193179252396, "params": {"h": 17.0, "p": 296.0, "r": 35.0}, "datetime": {"datetime": "2024-05-13 20:12:35", "elapsed": 1989.816087, "delta": 21.380902}}
{"target": 112.55298794402869, "params": {"h": 32.0, "p": 309.0, "r": 50.0}, "datetime": {"datetime": "2024-05-13 20:12:54", "elapsed": 2009.185103, "delta": 19.369016}}
{"target": 91.19492550369885, "params": {"h": 34.0, "p": 303.0, "r": 53.0}, "datetime": {"datetime": "2024-05-13 20:13:13", "elapsed": 2028.271238, "delta": 19.086135}}
{"target": 134.0269305987305, "params": {"h": 30.0, "p": 316.0, "r": 46.0}, "datetime": {"datetime": "2024-05-13 20:13:33", "elapsed": 2048.013023, "delta": 19.741785}}
{"target": 140.62662109221625, "params": {"h": 27.0, "p": 306.0, "r": 45.0}, "datetime": {"datetime": "2024-05-13 20:13:53", "elapsed": 2067.896991, "delta": 19.883968}}
{"target": 168.66870201337025, "params": {"h": 16.0, "p": 303.0, "r": 36.0}, "datetime": {"datetime": "2024-05-13 20:14:12", "elapsed": 2087.417855, "delta": 19.520864}}
{"target": 158.27876200664804, "params": {"h": 19.0, "p": 295.0, "r": 38.0}, "datetime": {"datetime": "2024-05-13 20:14:31", "elapsed": 2106.300239, "delta": 18.882384}}
{"target": 139.67695308023409, "params": {"h": 20.0, "p": 313.0, "r": 41.0}, "datetime": {"datetime": "2024-05-13 20:14:52", "elapsed": 2127.339117, "delta": 21.038878}}
{"target": 138.88931328182957, "params": {"h": 19.0, "p": 310.0, "r": 40.0}, "datetime": {"datetime": "2024-05-13 20:15:12", "elapsed": 2147.114381, "delta": 19.775264}}
{"target": 95.16681069176016, "params": {"h": 28.0, "p": 310.0, "r": 43.0}, "datetime": {"datetime": "2024-05-13 20:15:33", "elapsed": 2167.667871, "delta": 20.55349}}
{"target": 119.39964313100856, "params": {"h": 19.0, "p": 299.0, "r": 37.0}, "datetime": {"datetime": "2024-05-13 20:15:52", "elapsed": 2187.145997, "delta": 19.478126}}
{"target": 81.2100936053338, "params": {"h": 18.0, "p": 303.0, "r": 35.0}, "datetime": {"datetime": "2024-05-13 20:16:11", "elapsed": 2206.280043, "delta": 19.134046}}
