{"target": 0.978254118671412, "params": {"h": 26.0, "p": 886.0, "r": 122.0}, "datetime": {"datetime": "2024-05-13 17:29:23", "elapsed": 0.0, "delta": 0.0}}
{"target": 10.78234465229971, "params": {"h": 46.0, "p": 117.0, "r": 30.0}, "datetime": {"datetime": "2024-05-13 17:29:44", "elapsed": 21.046452, "delta": 21.046452}}
{"target": 0.05594334002229835, "params": {"h": 35.0, "p": 934.0, "r": 21.0}, "datetime": {"datetime": "2024-05-13 17:30:55", "elapsed": 91.409272, "delta": 70.36282}}
{"target": 0.0, "params": {"h": 51.0, "p": 207.0, "r": 150.0}, "datetime": {"datetime": "2024-05-13 17:30:55", "elapsed": 91.409272, "delta": 0.0}}
{"target": 2.432619854450871, "params": {"h": 56.0, "p": 637.0, "r": 86.0}, "datetime": {"datetime": "2024-05-13 17:31:24", "elapsed": 120.877797, "delta": 29.468525}}
{"target": 6.349105676605563, "params": {"h": 50.0, "p": 472.0, "r": 129.0}, "datetime": {"datetime": "2024-05-13 17:31:42", "elapsed": 138.809606, "delta": 17.931809}}
{"target": 1.3434948608381698, "params": {"h": 32.0, "p": 782.0, "r": 82.0}, "datetime": {"datetime": "2024-05-13 17:32:17", "elapsed": 173.707277, "delta": 34.897671}}
{"target": 11.560509187030322, "params": {"h": 23.0, "p": 310.0, "r": 101.0}, "datetime": {"datetime": "2024-05-13 17:32:30", "elapsed": 186.755759, "delta": 13.048482}}
{"target": 4.060072671646016, "params": {"h": 39.0, "p": 695.0, "r": 42.0}, "datetime": {"datetime": "2024-05-13 17:33:08", "elapsed": 224.787774, "delta": 38.032015}}
{"target": 2.8314280832033516, "params": {"h": 15.0, "p": 398.0, "r": 60.0}, "datetime": {"datetime": "2024-05-13 17:33:28", "elapsed": 245.017834, "delta": 20.23006}}
{"target": 5.033225214646044, "params": {"h": 50.0, "p": 474.0, "r": 126.0}, "datetime": {"datetime": "2024-05-13 17:33:46", "elapsed": 262.446004, "delta": 17.42817}}
{"target": 11.560509187030322, "params": {"h": 23.0, "p": 310.0, "r": 101.0}, "datetime": {"datetime": "2024-05-13 17:33:46", "elapsed": 262.758523, "delta": 0.312519}}
{"target": 11.713066006070083, "params": {"h": 23.0, "p": 310.0, "r": 102.0}, "datetime": {"datetime": "2024-05-13 17:34:00", "elapsed": 276.235221, "delta": 13.476698}}
{"target": 11.713066006070083, "params": {"h": 23.0, "p": 310.0, "r": 102.0}, "datetime": {"datetime": "2024-05-13 17:34:00", "elapsed": 276.860276, "delta": 0.625055}}
{"target": 11.713066006070083, "params": {"h": 23.0, "p": 310.0, "r": 102.0}, "datetime": {"datetime": "2024-05-13 17:34:01", "elapsed": 277.487098, "delta": 0.626822}}
{"target": 11.713066006070083, "params": {"h": 23.0, "p": 310.0, "r": 102.0}, "datetime": {"datetime": "2024-05-13 17:34:01", "elapsed": 278.007252, "delta": 0.520154}}
{"target": 11.713066006070083, "params": {"h": 23.0, "p": 310.0, "r": 102.0}, "datetime": {"datetime": "2024-05-13 17:34:02", "elapsed": 278.511292, "delta": 0.50404}}
{"target": 11.713066006070083, "params": {"h": 23.0, "p": 310.0, "r": 102.0}, "datetime": {"datetime": "2024-05-13 17:34:03", "elapsed": 279.126747, "delta": 0.615455}}
{"target": 11.713066006070083, "params": {"h": 23.0, "p": 310.0, "r": 102.0}, "datetime": {"datetime": "2024-05-13 17:34:03", "elapsed": 279.803038, "delta": 0.676291}}
{"target": 11.713066006070083, "params": {"h": 23.0, "p": 310.0, "r": 102.0}, "datetime": {"datetime": "2024-05-13 17:34:04", "elapsed": 280.495391, "delta": 0.692353}}
{"target": 11.713066006070083, "params": {"h": 23.0, "p": 310.0, "r": 102.0}, "datetime": {"datetime": "2024-05-13 17:34:04", "elapsed": 280.985936, "delta": 0.490545}}
{"target": 11.713066006070083, "params": {"h": 23.0, "p": 310.0, "r": 102.0}, "datetime": {"datetime": "2024-05-13 17:34:05", "elapsed": 281.429954, "delta": 0.444018}}
{"target": 11.713066006070083, "params": {"h": 23.0, "p": 310.0, "r": 102.0}, "datetime": {"datetime": "2024-05-13 17:34:05", "elapsed": 282.042081, "delta": 0.612127}}
{"target": 13.519336256068707, "params": {"h": 27.0, "p": 312.0, "r": 107.0}, "datetime": {"datetime": "2024-05-13 17:34:19", "elapsed": 295.270407, "delta": 13.228326}}
{"target": 13.519336256068707, "params": {"h": 27.0, "p": 312.0, "r": 107.0}, "datetime": {"datetime": "2024-05-13 17:34:19", "elapsed": 296.082972, "delta": 0.812565}}
{"target": 13.519336256068707, "params": {"h": 27.0, "p": 312.0, "r": 107.0}, "datetime": {"datetime": "2024-05-13 17:34:20", "elapsed": 296.525544, "delta": 0.442572}}
{"target": 13.519336256068707, "params": {"h": 27.0, "p": 312.0, "r": 107.0}, "datetime": {"datetime": "2024-05-13 17:34:20", "elapsed": 297.061529, "delta": 0.535985}}
{"target": 13.519336256068707, "params": {"h": 27.0, "p": 312.0, "r": 107.0}, "datetime": {"datetime": "2024-05-13 17:34:21", "elapsed": 297.830266, "delta": 0.768737}}
{"target": 13.519336256068707, "params": {"h": 27.0, "p": 312.0, "r": 107.0}, "datetime": {"datetime": "2024-05-13 17:34:22", "elapsed": 298.305989, "delta": 0.475723}}
{"target": 13.519336256068707, "params": {"h": 27.0, "p": 312.0, "r": 107.0}, "datetime": {"datetime": "2024-05-13 17:34:22", "elapsed": 298.81007, "delta": 0.504081}}
{"target": 13.519336256068707, "params": {"h": 27.0, "p": 312.0, "r": 107.0}, "datetime": {"datetime": "2024-05-13 17:34:23", "elapsed": 299.499644, "delta": 0.689574}}
{"target": 13.519336256068707, "params": {"h": 27.0, "p": 312.0, "r": 107.0}, "datetime": {"datetime": "2024-05-13 17:34:23", "elapsed": 299.957022, "delta": 0.457378}}
{"target": 13.519336256068707, "params": {"h": 27.0, "p": 312.0, "r": 107.0}, "datetime": {"datetime": "2024-05-13 17:34:24", "elapsed": 300.603112, "delta": 0.64609}}
{"target": 13.519336256068707, "params": {"h": 27.0, "p": 312.0, "r": 107.0}, "datetime": {"datetime": "2024-05-13 17:34:25", "elapsed": 301.499094, "delta": 0.895982}}
{"target": 13.519336256068707, "params": {"h": 27.0, "p": 312.0, "r": 107.0}, "datetime": {"datetime": "2024-05-13 17:34:25", "elapsed": 302.082434, "delta": 0.58334}}
{"target": 13.519336256068707, "params": {"h": 27.0, "p": 312.0, "r": 107.0}, "datetime": {"datetime": "2024-05-13 17:34:26", "elapsed": 302.886107, "delta": 0.803673}}
{"target": 13.519336256068707, "params": {"h": 27.0, "p": 312.0, "r": 107.0}, "datetime": {"datetime": "2024-05-13 17:34:27", "elapsed": 303.782828, "delta": 0.896721}}
{"target": 13.519336256068707, "params": {"h": 27.0, "p": 312.0, "r": 107.0}, "datetime": {"datetime": "2024-05-13 17:34:28", "elapsed": 304.601009, "delta": 0.818181}}
{"target": 13.519336256068707, "params": {"h": 27.0, "p": 312.0, "r": 107.0}, "datetime": {"datetime": "2024-05-13 17:34:29", "elapsed": 305.321826, "delta": 0.720817}}
{"target": 13.519336256068707, "params": {"h": 27.0, "p": 312.0, "r": 107.0}, "datetime": {"datetime": "2024-05-13 17:34:29", "elapsed": 305.932748, "delta": 0.610922}}
{"target": 13.519336256068707, "params": {"h": 27.0, "p": 312.0, "r": 107.0}, "datetime": {"datetime": "2024-05-13 17:34:30", "elapsed": 306.466625, "delta": 0.533877}}
{"target": 13.519336256068707, "params": {"h": 27.0, "p": 312.0, "r": 107.0}, "datetime": {"datetime": "2024-05-13 17:34:30", "elapsed": 307.094058, "delta": 0.627433}}
{"target": 13.519336256068707, "params": {"h": 27.0, "p": 312.0, "r": 107.0}, "datetime": {"datetime": "2024-05-13 17:34:32", "elapsed": 308.47486, "delta": 1.380802}}
{"target": 13.519336256068707, "params": {"h": 27.0, "p": 312.0, "r": 107.0}, "datetime": {"datetime": "2024-05-13 17:34:32", "elapsed": 309.008444, "delta": 0.533584}}
{"target": 13.519336256068707, "params": {"h": 27.0, "p": 312.0, "r": 107.0}, "datetime": {"datetime": "2024-05-13 17:34:33", "elapsed": 309.838632, "delta": 0.830188}}
{"target": 13.519336256068707, "params": {"h": 27.0, "p": 312.0, "r": 107.0}, "datetime": {"datetime": "2024-05-13 17:34:34", "elapsed": 310.324605, "delta": 0.485973}}
{"target": 13.519336256068707, "params": {"h": 27.0, "p": 312.0, "r": 107.0}, "datetime": {"datetime": "2024-05-13 17:34:34", "elapsed": 310.87467, "delta": 0.550065}}
{"target": 13.519336256068707, "params": {"h": 27.0, "p": 312.0, "r": 107.0}, "datetime": {"datetime": "2024-05-13 17:34:35", "elapsed": 311.6271, "delta": 0.75243}}
{"target": 13.519336256068707, "params": {"h": 27.0, "p": 312.0, "r": 107.0}, "datetime": {"datetime": "2024-05-13 17:34:36", "elapsed": 312.304065, "delta": 0.676965}}
{"target": 13.519336256068707, "params": {"h": 27.0, "p": 312.0, "r": 107.0}, "datetime": {"datetime": "2024-05-13 17:34:36", "elapsed": 312.776507, "delta": 0.472442}}
{"target": 16.4049382318532, "params": {"h": 33.0, "p": 311.0, "r": 116.0}, "datetime": {"datetime": "2024-05-13 17:34:49", "elapsed": 325.662129, "delta": 12.885622}}
{"target": 16.60487949907523, "params": {"h": 33.0, "p": 311.0, "r": 117.0}, "datetime": {"datetime": "2024-05-13 17:35:00", "elapsed": 337.1231, "delta": 11.460971}}
{"target": 17.114024343021992, "params": {"h": 33.0, "p": 311.0, "r": 118.0}, "datetime": {"datetime": "2024-05-13 17:35:12", "elapsed": 348.329334, "delta": 11.206234}}
{"target": 17.114024343021992, "params": {"h": 33.0, "p": 311.0, "r": 118.0}, "datetime": {"datetime": "2024-05-13 17:35:12", "elapsed": 348.532469, "delta": 0.203135}}
{"target": 28.85073769836286, "params": {"h": 35.0, "p": 307.0, "r": 125.0}, "datetime": {"datetime": "2024-05-13 17:35:24", "elapsed": 361.014392, "delta": 12.481923}}
{"target": 0.0, "params": {"h": 34.0, "p": 306.0, "r": 130.0}, "datetime": {"datetime": "2024-05-13 17:35:24", "elapsed": 361.108147, "delta": 0.093755}}
{"target": 58.50801224431555, "params": {"h": 31.0, "p": 306.0, "r": 124.0}, "datetime": {"datetime": "2024-05-13 17:35:36", "elapsed": 372.831323, "delta": 11.723176}}
{"target": 20.58670698872682, "params": {"h": 37.0, "p": 302.0, "r": 122.0}, "datetime": {"datetime": "2024-05-13 17:35:47", "elapsed": 383.990583, "delta": 11.15926}}
{"target": 28.062661319971028, "params": {"h": 32.0, "p": 303.0, "r": 122.0}, "datetime": {"datetime": "2024-05-13 17:35:58", "elapsed": 394.900148, "delta": 10.909565}}
{"target": 30.550714328673035, "params": {"h": 33.0, "p": 304.0, "r": 124.0}, "datetime": {"datetime": "2024-05-13 17:36:10", "elapsed": 406.235883, "delta": 11.335735}}
{"target": 98.97449788691085, "params": {"h": 27.0, "p": 303.0, "r": 122.0}, "datetime": {"datetime": "2024-05-13 17:36:20", "elapsed": 417.116028, "delta": 10.880145}}
{"target": 19.11186252995684, "params": {"h": 24.0, "p": 309.0, "r": 127.0}, "datetime": {"datetime": "2024-05-13 17:36:33", "elapsed": 429.418391, "delta": 12.302363}}
{"target": 67.44565200132318, "params": {"h": 24.0, "p": 301.0, "r": 119.0}, "datetime": {"datetime": "2024-05-13 17:36:44", "elapsed": 440.940613, "delta": 11.522222}}
{"target": 20.52473768167123, "params": {"h": 26.0, "p": 301.0, "r": 114.0}, "datetime": {"datetime": "2024-05-13 17:36:56", "elapsed": 452.239669, "delta": 11.299056}}
{"target": 0.0, "params": {"h": 19.0, "p": 298.0, "r": 126.0}, "datetime": {"datetime": "2024-05-13 17:36:56", "elapsed": 452.317799, "delta": 0.07813}}
{"target": 75.03733499862115, "params": {"h": 29.0, "p": 307.0, "r": 126.0}, "datetime": {"datetime": "2024-05-13 17:37:07", "elapsed": 463.421978, "delta": 11.104179}}
{"target": 30.95311591076234, "params": {"h": 29.0, "p": 307.0, "r": 120.0}, "datetime": {"datetime": "2024-05-13 17:37:18", "elapsed": 474.148161, "delta": 10.726183}}
{"target": 23.798583933394312, "params": {"h": 24.0, "p": 302.0, "r": 125.0}, "datetime": {"datetime": "2024-05-13 17:37:29", "elapsed": 485.791239, "delta": 11.643078}}
{"target": 113.18523423120607, "params": {"h": 30.0, "p": 305.0, "r": 125.0}, "datetime": {"datetime": "2024-05-13 17:37:40", "elapsed": 496.982726, "delta": 11.191487}}
{"target": 24.429127267183638, "params": {"h": 30.0, "p": 302.0, "r": 119.0}, "datetime": {"datetime": "2024-05-13 17:37:52", "elapsed": 508.423356, "delta": 11.44063}}
{"target": 0.0, "params": {"h": 28.0, "p": 297.0, "r": 126.0}, "datetime": {"datetime": "2024-05-13 17:37:52", "elapsed": 508.59524, "delta": 0.171884}}
{"target": 94.79328394641391, "params": {"h": 28.0, "p": 303.0, "r": 124.0}, "datetime": {"datetime": "2024-05-13 17:38:04", "elapsed": 520.585111, "delta": 11.989871}}
{"target": 109.43746927030188, "params": {"h": 28.0, "p": 301.0, "r": 123.0}, "datetime": {"datetime": "2024-05-13 17:38:14", "elapsed": 531.07545, "delta": 10.490339}}
{"target": 79.15409968271116, "params": {"h": 25.0, "p": 301.0, "r": 120.0}, "datetime": {"datetime": "2024-05-13 17:38:26", "elapsed": 542.237552, "delta": 11.162102}}
{"target": 74.85877823716861, "params": {"h": 26.0, "p": 302.0, "r": 122.0}, "datetime": {"datetime": "2024-05-13 17:38:37", "elapsed": 553.772979, "delta": 11.535427}}
{"target": 76.53191031956183, "params": {"h": 28.0, "p": 308.0, "r": 122.0}, "datetime": {"datetime": "2024-05-13 17:38:49", "elapsed": 565.761383, "delta": 11.988404}}
{"target": 59.359573327499945, "params": {"h": 29.0, "p": 303.0, "r": 122.0}, "datetime": {"datetime": "2024-05-13 17:39:00", "elapsed": 576.529822, "delta": 10.768439}}
{"target": 81.31485333508579, "params": {"h": 25.0, "p": 304.0, "r": 119.0}, "datetime": {"datetime": "2024-05-13 17:39:12", "elapsed": 588.173021, "delta": 11.643199}}
{"target": 72.38407659084304, "params": {"h": 28.0, "p": 305.0, "r": 122.0}, "datetime": {"datetime": "2024-05-13 17:39:24", "elapsed": 600.491012, "delta": 12.317991}}
{"target": 101.26552608760522, "params": {"h": 29.0, "p": 306.0, "r": 125.0}, "datetime": {"datetime": "2024-05-13 17:39:36", "elapsed": 612.623892, "delta": 12.13288}}
{"target": 36.862947722006545, "params": {"h": 26.0, "p": 304.0, "r": 125.0}, "datetime": {"datetime": "2024-05-13 17:39:48", "elapsed": 624.48852, "delta": 11.864628}}
{"target": 117.82321291327261, "params": {"h": 28.0, "p": 299.0, "r": 123.0}, "datetime": {"datetime": "2024-05-13 17:39:59", "elapsed": 635.836577, "delta": 11.348057}}
{"target": 0.0, "params": {"h": 28.0, "p": 304.0, "r": 131.0}, "datetime": {"datetime": "2024-05-13 17:39:59", "elapsed": 635.992836, "delta": 0.156259}}
{"target": 15.649620279834204, "params": {"h": 20.0, "p": 305.0, "r": 121.0}, "datetime": {"datetime": "2024-05-13 17:40:15", "elapsed": 651.203962, "delta": 15.211126}}
{"target": 52.79839931908714, "params": {"h": 27.0, "p": 292.0, "r": 119.0}, "datetime": {"datetime": "2024-05-13 17:40:26", "elapsed": 662.28752, "delta": 11.083558}}
{"target": 78.75717992651525, "params": {"h": 32.0, "p": 311.0, "r": 126.0}, "datetime": {"datetime": "2024-05-13 17:40:36", "elapsed": 672.917042, "delta": 10.629522}}
{"target": 60.55274451361041, "params": {"h": 33.0, "p": 312.0, "r": 126.0}, "datetime": {"datetime": "2024-05-13 17:40:48", "elapsed": 684.250293, "delta": 11.333251}}
{"target": 86.02715571998931, "params": {"h": 26.0, "p": 303.0, "r": 120.0}, "datetime": {"datetime": "2024-05-13 17:41:00", "elapsed": 696.257349, "delta": 12.007056}}
{"target": 74.88845860352038, "params": {"h": 28.0, "p": 305.0, "r": 125.0}, "datetime": {"datetime": "2024-05-13 17:41:11", "elapsed": 707.965784, "delta": 11.708435}}
{"target": 94.77994789181461, "params": {"h": 27.0, "p": 298.0, "r": 121.0}, "datetime": {"datetime": "2024-05-13 17:41:22", "elapsed": 719.097979, "delta": 11.132195}}
{"target": 88.74482973999622, "params": {"h": 27.0, "p": 307.0, "r": 123.0}, "datetime": {"datetime": "2024-05-13 17:41:35", "elapsed": 731.600464, "delta": 12.502485}}
{"target": 34.12077240317191, "params": {"h": 28.0, "p": 318.0, "r": 127.0}, "datetime": {"datetime": "2024-05-13 17:41:46", "elapsed": 743.013813, "delta": 11.413349}}
{"target": 69.04643069487732, "params": {"h": 31.0, "p": 313.0, "r": 128.0}, "datetime": {"datetime": "2024-05-13 17:41:58", "elapsed": 754.407417, "delta": 11.393604}}
{"target": 70.80809840560292, "params": {"h": 26.0, "p": 312.0, "r": 121.0}, "datetime": {"datetime": "2024-05-13 17:42:09", "elapsed": 765.895781, "delta": 11.488364}}
{"target": 28.437752078884085, "params": {"h": 24.0, "p": 316.0, "r": 120.0}, "datetime": {"datetime": "2024-05-13 17:42:22", "elapsed": 779.08635, "delta": 13.190569}}
{"target": 113.46291595486831, "params": {"h": 30.0, "p": 306.0, "r": 125.0}, "datetime": {"datetime": "2024-05-13 17:42:34", "elapsed": 790.575608, "delta": 11.489258}}
{"target": 98.7871389955975, "params": {"h": 26.0, "p": 298.0, "r": 121.0}, "datetime": {"datetime": "2024-05-13 17:42:46", "elapsed": 802.328042, "delta": 11.752434}}
{"target": 42.1865464534284, "params": {"h": 24.0, "p": 298.0, "r": 121.0}, "datetime": {"datetime": "2024-05-13 17:42:56", "elapsed": 812.963968, "delta": 10.635926}}
{"target": 99.79848055015452, "params": {"h": 30.0, "p": 310.0, "r": 126.0}, "datetime": {"datetime": "2024-05-13 17:43:07", "elapsed": 823.956091, "delta": 10.992123}}
{"target": 25.58715222829213, "params": {"h": 31.0, "p": 315.0, "r": 122.0}, "datetime": {"datetime": "2024-05-13 17:43:19", "elapsed": 835.228726, "delta": 11.272635}}
{"target": 23.436283107197745, "params": {"h": 30.0, "p": 296.0, "r": 118.0}, "datetime": {"datetime": "2024-05-13 17:43:29", "elapsed": 845.90362, "delta": 10.674894}}
{"target": 111.63058820922441, "params": {"h": 32.0, "p": 308.0, "r": 127.0}, "datetime": {"datetime": "2024-05-13 17:43:40", "elapsed": 856.663217, "delta": 10.759597}}
{"target": 0.0, "params": {"h": 31.0, "p": 287.0, "r": 123.0}, "datetime": {"datetime": "2024-05-13 17:43:40", "elapsed": 856.835102, "delta": 0.171885}}
{"target": 52.90952189886865, "params": {"h": 24.0, "p": 312.0, "r": 116.0}, "datetime": {"datetime": "2024-05-13 17:43:53", "elapsed": 869.594855, "delta": 12.759753}}
{"target": 41.565196356853974, "params": {"h": 25.0, "p": 299.0, "r": 123.0}, "datetime": {"datetime": "2024-05-13 17:44:05", "elapsed": 881.597416, "delta": 12.002561}}
{"target": 59.57161831967723, "params": {"h": 26.0, "p": 308.0, "r": 119.0}, "datetime": {"datetime": "2024-05-13 17:44:16", "elapsed": 892.912922, "delta": 11.315506}}
{"target": 37.99331946980595, "params": {"h": 24.0, "p": 305.0, "r": 121.0}, "datetime": {"datetime": "2024-05-13 17:44:29", "elapsed": 905.277091, "delta": 12.364169}}
{"target": 94.86086964032462, "params": {"h": 30.0, "p": 300.0, "r": 124.0}, "datetime": {"datetime": "2024-05-13 17:44:40", "elapsed": 916.958435, "delta": 11.681344}}
{"target": 67.60240244482092, "params": {"h": 30.0, "p": 300.0, "r": 123.0}, "datetime": {"datetime": "2024-05-13 17:44:51", "elapsed": 927.981221, "delta": 11.022786}}
{"target": 49.290569561923945, "params": {"h": 28.0, "p": 310.0, "r": 126.0}, "datetime": {"datetime": "2024-05-13 17:45:04", "elapsed": 940.252882, "delta": 12.271661}}
{"target": 109.05886045539316, "params": {"h": 28.0, "p": 300.0, "r": 124.0}, "datetime": {"datetime": "2024-05-13 17:45:16", "elapsed": 952.162014, "delta": 11.909132}}
{"target": 82.38953796059064, "params": {"h": 28.0, "p": 312.0, "r": 123.0}, "datetime": {"datetime": "2024-05-13 17:45:27", "elapsed": 964.026407, "delta": 11.864393}}
{"target": 28.676137945918875, "params": {"h": 30.0, "p": 311.0, "r": 121.0}, "datetime": {"datetime": "2024-05-13 17:45:39", "elapsed": 975.483305, "delta": 11.456898}}
{"target": 14.480941814118633, "params": {"h": 19.0, "p": 308.0, "r": 115.0}, "datetime": {"datetime": "2024-05-13 17:45:54", "elapsed": 990.897535, "delta": 15.41423}}
{"target": 113.18523423120607, "params": {"h": 30.0, "p": 305.0, "r": 125.0}, "datetime": {"datetime": "2024-05-13 17:45:54", "elapsed": 991.08504, "delta": 0.187505}}
{"target": 101.64749953778222, "params": {"h": 27.0, "p": 301.0, "r": 122.0}, "datetime": {"datetime": "2024-05-13 17:46:06", "elapsed": 1002.505593, "delta": 11.420553}}
{"target": 118.18161925540561, "params": {"h": 29.0, "p": 300.0, "r": 125.0}, "datetime": {"datetime": "2024-05-13 17:46:17", "elapsed": 1013.154048, "delta": 10.648455}}
{"target": 0.0, "params": {"h": 34.0, "p": 312.0, "r": 132.0}, "datetime": {"datetime": "2024-05-13 17:46:17", "elapsed": 1013.372809, "delta": 0.218761}}
{"target": 75.85485799896121, "params": {"h": 22.0, "p": 286.0, "r": 115.0}, "datetime": {"datetime": "2024-05-13 17:46:29", "elapsed": 1025.654165, "delta": 12.281356}}
{"target": 0.0, "params": {"h": 30.0, "p": 299.0, "r": 126.0}, "datetime": {"datetime": "2024-05-13 17:46:29", "elapsed": 1025.872928, "delta": 0.218763}}
{"target": 44.964142850121384, "params": {"h": 28.0, "p": 313.0, "r": 126.0}, "datetime": {"datetime": "2024-05-13 17:46:40", "elapsed": 1037.083515, "delta": 11.210587}}
{"target": 45.20536933987232, "params": {"h": 20.0, "p": 287.0, "r": 111.0}, "datetime": {"datetime": "2024-05-13 17:46:53", "elapsed": 1050.089714, "delta": 13.006199}}
{"target": 76.40781067514149, "params": {"h": 24.0, "p": 290.0, "r": 116.0}, "datetime": {"datetime": "2024-05-13 17:47:04", "elapsed": 1061.035012, "delta": 10.945298}}
{"target": 26.2022843130603, "params": {"h": 27.0, "p": 287.0, "r": 115.0}, "datetime": {"datetime": "2024-05-13 17:47:15", "elapsed": 1071.932923, "delta": 10.897911}}
{"target": 38.79480748531401, "params": {"h": 22.0, "p": 289.0, "r": 118.0}, "datetime": {"datetime": "2024-05-13 17:47:27", "elapsed": 1083.342189, "delta": 11.409266}}
{"target": 98.73387972221532, "params": {"h": 26.0, "p": 297.0, "r": 120.0}, "datetime": {"datetime": "2024-05-13 17:47:39", "elapsed": 1095.316897, "delta": 11.974708}}
{"target": 53.36724047602573, "params": {"h": 23.0, "p": 292.0, "r": 113.0}, "datetime": {"datetime": "2024-05-13 17:47:50", "elapsed": 1106.523044, "delta": 11.206147}}
{"target": 16.078875761437907, "params": {"h": 18.0, "p": 289.0, "r": 115.0}, "datetime": {"datetime": "2024-05-13 17:48:05", "elapsed": 1121.760922, "delta": 15.237878}}
{"target": 36.04409325137825, "params": {"h": 24.0, "p": 309.0, "r": 120.0}, "datetime": {"datetime": "2024-05-13 17:48:18", "elapsed": 1134.529777, "delta": 12.768855}}
{"target": 13.869798857124506, "params": {"h": 16.0, "p": 283.0, "r": 109.0}, "datetime": {"datetime": "2024-05-13 17:48:35", "elapsed": 1151.864881, "delta": 17.335104}}
