{"target": 38.81142915988543, "params": {"h": 25.0, "p": 304.0, "r": 116.0}, "datetime": {"datetime": "2024-05-13 17:48:48", "elapsed": 1164.167728, "delta": 12.302847}}
{"target": 104.28127857121436, "params": {"h": 24.0, "p": 286.0, "r": 118.0}, "datetime": {"datetime": "2024-05-13 17:48:59", "elapsed": 1175.345525, "delta": 11.177797}}
{"target": 118.18161925540561, "params": {"h": 29.0, "p": 300.0, "r": 125.0}, "datetime": {"datetime": "2024-05-13 17:48:59", "elapsed": 1175.564286, "delta": 0.218761}}
{"target": 0.0, "params": {"h": 30.0, "p": 302.0, "r": 128.0}, "datetime": {"datetime": "2024-05-13 17:48:59", "elapsed": 1175.833342, "delta": 0.269056}}
{"target": 0.0, "params": {"h": 20.0, "p": 283.0, "r": 124.0}, "datetime": {"datetime": "2024-05-13 17:48:59", "elapsed": 1176.076553, "delta": 0.243211}}
{"target": 0.0, "params": {"h": 28.0, "p": 281.0, "r": 120.0}, "datetime": {"datetime": "2024-05-13 17:49:00", "elapsed": 1176.395571, "delta": 0.319018}}
{"target": 0.0, "params": {"h": 20.0, "p": 282.0, "r": 118.0}, "datetime": {"datetime": "2024-05-13 17:49:00", "elapsed": 1176.604444, "delta": 0.208873}}
{"target": 0.0, "params": {"h": 24.0, "p": 290.0, "r": 122.0}, "datetime": {"datetime": "2024-05-13 17:49:00", "elapsed": 1176.879175, "delta": 0.274731}}
{"target": 40.714052947375485, "params": {"h": 20.0, "p": 295.0, "r": 110.0}, "datetime": {"datetime": "2024-05-13 17:49:14", "elapsed": 1190.562691, "delta": 13.683516}}
{"target": 109.68040307640226, "params": {"h": 28.0, "p": 302.0, "r": 124.0}, "datetime": {"datetime": "2024-05-13 17:49:25", "elapsed": 1202.113408, "delta": 11.550717}}
{"target": 78.81034713330881, "params": {"h": 25.0, "p": 302.0, "r": 118.0}, "datetime": {"datetime": "2024-05-13 17:49:37", "elapsed": 1213.320807, "delta": 11.207399}}
{"target": 88.62099866600131, "params": {"h": 29.0, "p": 306.0, "r": 126.0}, "datetime": {"datetime": "2024-05-13 17:49:48", "elapsed": 1224.167251, "delta": 10.846444}}
{"target": 99.63204662194221, "params": {"h": 30.0, "p": 303.0, "r": 124.0}, "datetime": {"datetime": "2024-05-13 17:50:00", "elapsed": 1236.313109, "delta": 12.145858}}
{"target": 54.52155261534263, "params": {"h": 25.0, "p": 296.0, "r": 122.0}, "datetime": {"datetime": "2024-05-13 17:50:11", "elapsed": 1247.930262, "delta": 11.617153}}
{"target": 33.544030943259266, "params": {"h": 27.0, "p": 300.0, "r": 118.0}, "datetime": {"datetime": "2024-05-13 17:50:23", "elapsed": 1260.011075, "delta": 12.080813}}
{"target": 26.545430280652923, "params": {"h": 27.0, "p": 295.0, "r": 116.0}, "datetime": {"datetime": "2024-05-13 17:50:35", "elapsed": 1271.612267, "delta": 11.601192}}
{"target": 17.971200549740058, "params": {"h": 23.0, "p": 292.0, "r": 108.0}, "datetime": {"datetime": "2024-05-13 17:50:47", "elapsed": 1284.041846, "delta": 12.429579}}
{"target": 23.828897017736598, "params": {"h": 24.0, "p": 285.0, "r": 111.0}, "datetime": {"datetime": "2024-05-13 17:50:58", "elapsed": 1294.404965, "delta": 10.363119}}
{"target": 73.23757679297152, "params": {"h": 32.0, "p": 309.0, "r": 126.0}, "datetime": {"datetime": "2024-05-13 17:51:10", "elapsed": 1306.31673, "delta": 11.911765}}
{"target": 61.094581909117736, "params": {"h": 23.0, "p": 286.0, "r": 118.0}, "datetime": {"datetime": "2024-05-13 17:51:21", "elapsed": 1318.026874, "delta": 11.710144}}
{"target": 109.02270654552069, "params": {"h": 33.0, "p": 310.0, "r": 128.0}, "datetime": {"datetime": "2024-05-13 17:51:33", "elapsed": 1329.268632, "delta": 11.241758}}
{"target": 87.74149832358927, "params": {"h": 28.0, "p": 300.0, "r": 122.0}, "datetime": {"datetime": "2024-05-13 17:51:44", "elapsed": 1340.42761, "delta": 11.158978}}
{"target": 0.0, "params": {"h": 26.0, "p": 287.0, "r": 120.0}, "datetime": {"datetime": "2024-05-13 17:51:44", "elapsed": 1340.661997, "delta": 0.234387}}
{"target": 45.03181918391553, "params": {"h": 50.0, "p": 246.0, "r": 65.0}, "datetime": {"datetime": "2024-05-13 17:51:59", "elapsed": 1355.533501, "delta": 14.871504}}
{"target": 28.2297436603879, "params": {"h": 38.0, "p": 310.0, "r": 127.0}, "datetime": {"datetime": "2024-05-13 17:52:10", "elapsed": 1366.338914, "delta": 10.805413}}
{"target": 32.98418290887967, "params": {"h": 27.0, "p": 312.0, "r": 119.0}, "datetime": {"datetime": "2024-05-13 17:52:22", "elapsed": 1378.736064, "delta": 12.39715}}
{"target": 40.57547973774254, "params": {"h": 52.0, "p": 243.0, "r": 68.0}, "datetime": {"datetime": "2024-05-13 17:52:36", "elapsed": 1392.756829, "delta": 14.020765}}
{"target": 41.067976315277924, "params": {"h": 51.0, "p": 249.0, "r": 69.0}, "datetime": {"datetime": "2024-05-13 17:52:53", "elapsed": 1409.35744, "delta": 16.600611}}
{"target": 106.5047890679725, "params": {"h": 32.0, "p": 312.0, "r": 128.0}, "datetime": {"datetime": "2024-05-13 17:53:05", "elapsed": 1421.28533, "delta": 11.92789}}
{"target": 0.0, "params": {"h": 32.0, "p": 307.0, "r": 129.0}, "datetime": {"datetime": "2024-05-13 17:53:05", "elapsed": 1421.582222, "delta": 0.296892}}
{"target": 53.58155426105609, "params": {"h": 26.0, "p": 286.0, "r": 117.0}, "datetime": {"datetime": "2024-05-13 17:53:16", "elapsed": 1432.74919, "delta": 11.166968}}
{"target": 99.63204662194221, "params": {"h": 30.0, "p": 303.0, "r": 124.0}, "datetime": {"datetime": "2024-05-13 17:53:17", "elapsed": 1433.202341, "delta": 0.453151}}
{"target": 51.13229405855155, "params": {"h": 23.0, "p": 292.0, "r": 118.0}, "datetime": {"datetime": "2024-05-13 17:53:28", "elapsed": 1444.790875, "delta": 11.588534}}
{"target": 50.77217786986948, "params": {"h": 47.0, "p": 245.0, "r": 61.0}, "datetime": {"datetime": "2024-05-13 17:53:43", "elapsed": 1459.908088, "delta": 15.117213}}
{"target": 94.99308694831556, "params": {"h": 30.0, "p": 307.0, "r": 127.0}, "datetime": {"datetime": "2024-05-13 17:53:55", "elapsed": 1471.243308, "delta": 11.33522}}
{"target": 45.4673228143815, "params": {"h": 45.0, "p": 247.0, "r": 66.0}, "datetime": {"datetime": "2024-05-13 17:54:11", "elapsed": 1487.327153, "delta": 16.083845}}
{"target": 60.264734130749126, "params": {"h": 27.0, "p": 302.0, "r": 120.0}, "datetime": {"datetime": "2024-05-13 17:54:23", "elapsed": 1499.224896, "delta": 11.897743}}
{"target": 65.73768986301997, "params": {"h": 34.0, "p": 311.0, "r": 128.0}, "datetime": {"datetime": "2024-05-13 17:54:35", "elapsed": 1511.354935, "delta": 12.130039}}
{"target": 75.24976267664415, "params": {"h": 31.0, "p": 308.0, "r": 125.0}, "datetime": {"datetime": "2024-05-13 17:54:46", "elapsed": 1522.330989, "delta": 10.976054}}
{"target": 43.095560652378374, "params": {"h": 30.0, "p": 310.0, "r": 129.0}, "datetime": {"datetime": "2024-05-13 17:54:58", "elapsed": 1534.153884, "delta": 11.822895}}
{"target": 74.12573930921465, "params": {"h": 27.0, "p": 298.0, "r": 124.0}, "datetime": {"datetime": "2024-05-13 17:55:09", "elapsed": 1545.503381, "delta": 11.349497}}
{"target": 98.79827826301434, "params": {"h": 31.0, "p": 302.0, "r": 125.0}, "datetime": {"datetime": "2024-05-13 17:55:21", "elapsed": 1557.231943, "delta": 11.728562}}
{"target": 122.89106003003684, "params": {"h": 30.0, "p": 301.0, "r": 125.0}, "datetime": {"datetime": "2024-05-13 17:55:32", "elapsed": 1569.003164, "delta": 11.771221}}
{"target": 45.03081297415171, "params": {"h": 28.0, "p": 296.0, "r": 120.0}, "datetime": {"datetime": "2024-05-13 17:55:44", "elapsed": 1580.151268, "delta": 11.148104}}
{"target": 48.981025624617644, "params": {"h": 47.0, "p": 238.0, "r": 58.0}, "datetime": {"datetime": "2024-05-13 17:55:59", "elapsed": 1595.894173, "delta": 15.742905}}
{"target": 98.987985669132, "params": {"h": 27.0, "p": 298.0, "r": 123.0}, "datetime": {"datetime": "2024-05-13 17:56:10", "elapsed": 1606.466617, "delta": 10.572444}}
{"target": 52.6704130889842, "params": {"h": 44.0, "p": 250.0, "r": 62.0}, "datetime": {"datetime": "2024-05-13 17:56:26", "elapsed": 1622.894902, "delta": 16.428285}}
{"target": 87.9787389482028, "params": {"h": 30.0, "p": 301.0, "r": 123.0}, "datetime": {"datetime": "2024-05-13 17:56:37", "elapsed": 1633.743761, "delta": 10.848859}}
{"target": 69.69500343892301, "params": {"h": 27.0, "p": 314.0, "r": 123.0}, "datetime": {"datetime": "2024-05-13 17:56:49", "elapsed": 1645.860547, "delta": 12.116786}}
{"target": 40.960741454718274, "params": {"h": 25.0, "p": 283.0, "r": 115.0}, "datetime": {"datetime": "2024-05-13 17:57:01", "elapsed": 1657.287053, "delta": 11.426506}}
{"target": 51.02522979732099, "params": {"h": 40.0, "p": 253.0, "r": 64.0}, "datetime": {"datetime": "2024-05-13 17:57:16", "elapsed": 1672.370104, "delta": 15.083051}}
{"target": 114.25696819223637, "params": {"h": 30.0, "p": 302.0, "r": 125.0}, "datetime": {"datetime": "2024-05-13 17:57:27", "elapsed": 1683.702238, "delta": 11.332134}}
{"target": 60.681553938995535, "params": {"h": 43.0, "p": 251.0, "r": 57.0}, "datetime": {"datetime": "2024-05-13 17:57:44", "elapsed": 1700.819798, "delta": 17.11756}}
{"target": 90.8581515763862, "params": {"h": 33.0, "p": 311.0, "r": 127.0}, "datetime": {"datetime": "2024-05-13 17:57:56", "elapsed": 1712.422268, "delta": 11.60247}}
{"target": 117.30421953774866, "params": {"h": 29.0, "p": 301.0, "r": 124.0}, "datetime": {"datetime": "2024-05-13 17:58:08", "elapsed": 1724.475089, "delta": 12.052821}}
{"target": 64.4493286201697, "params": {"h": 40.0, "p": 252.0, "r": 57.0}, "datetime": {"datetime": "2024-05-13 17:58:24", "elapsed": 1741.030767, "delta": 16.555678}}
{"target": 50.160686659722714, "params": {"h": 45.0, "p": 248.0, "r": 52.0}, "datetime": {"datetime": "2024-05-13 17:58:44", "elapsed": 1760.992547, "delta": 19.96178}}
{"target": 107.51923182630443, "params": {"h": 32.0, "p": 311.0, "r": 127.0}, "datetime": {"datetime": "2024-05-13 17:58:55", "elapsed": 1772.106879, "delta": 11.114332}}
{"target": 104.73704086064986, "params": {"h": 29.0, "p": 297.0, "r": 122.0}, "datetime": {"datetime": "2024-05-13 17:59:07", "elapsed": 1783.834799, "delta": 11.72792}}
{"target": 81.46738767993247, "params": {"h": 22.0, "p": 289.0, "r": 114.0}, "datetime": {"datetime": "2024-05-13 17:59:20", "elapsed": 1796.619052, "delta": 12.784253}}
{"target": 60.266670927371365, "params": {"h": 43.0, "p": 254.0, "r": 59.0}, "datetime": {"datetime": "2024-05-13 17:59:37", "elapsed": 1813.608624, "delta": 16.989572}}
{"target": 59.54527681826006, "params": {"h": 38.0, "p": 250.0, "r": 60.0}, "datetime": {"datetime": "2024-05-13 17:59:53", "elapsed": 1829.365401, "delta": 15.756777}}
{"target": 58.95572436307357, "params": {"h": 40.0, "p": 246.0, "r": 59.0}, "datetime": {"datetime": "2024-05-13 18:00:08", "elapsed": 1844.949063, "delta": 15.583662}}
{"target": 66.14587113917884, "params": {"h": 40.0, "p": 254.0, "r": 55.0}, "datetime": {"datetime": "2024-05-13 18:00:26", "elapsed": 1862.210337, "delta": 17.261274}}
{"target": 60.31927589800093, "params": {"h": 39.0, "p": 249.0, "r": 51.0}, "datetime": {"datetime": "2024-05-13 18:00:44", "elapsed": 1880.434395, "delta": 18.224058}}
{"target": 69.68190359085688, "params": {"h": 37.0, "p": 257.0, "r": 57.0}, "datetime": {"datetime": "2024-05-13 18:01:00", "elapsed": 1897.114272, "delta": 16.679877}}
{"target": 56.599814876526416, "params": {"h": 44.0, "p": 254.0, "r": 53.0}, "datetime": {"datetime": "2024-05-13 18:01:18", "elapsed": 1914.649544, "delta": 17.535272}}
{"target": 68.52248682153466, "params": {"h": 37.0, "p": 254.0, "r": 57.0}, "datetime": {"datetime": "2024-05-13 18:01:34", "elapsed": 1931.111995, "delta": 16.462451}}
{"target": 56.94970774856289, "params": {"h": 42.0, "p": 252.0, "r": 52.0}, "datetime": {"datetime": "2024-05-13 18:01:52", "elapsed": 1948.567879, "delta": 17.455884}}
{"target": 98.59577713516659, "params": {"h": 27.0, "p": 302.0, "r": 122.0}, "datetime": {"datetime": "2024-05-13 18:02:03", "elapsed": 1960.070821, "delta": 11.502942}}
{"target": 61.20745807624667, "params": {"h": 37.0, "p": 257.0, "r": 60.0}, "datetime": {"datetime": "2024-05-13 18:02:20", "elapsed": 1976.574718, "delta": 16.503897}}
{"target": 82.7721375579599, "params": {"h": 33.0, "p": 256.0, "r": 53.0}, "datetime": {"datetime": "2024-05-13 18:02:36", "elapsed": 1992.957496, "delta": 16.382778}}
{"target": 70.98388656575729, "params": {"h": 37.0, "p": 253.0, "r": 55.0}, "datetime": {"datetime": "2024-05-13 18:02:53", "elapsed": 2009.556728, "delta": 16.599232}}
{"target": 68.15556502202591, "params": {"h": 32.0, "p": 254.0, "r": 57.0}, "datetime": {"datetime": "2024-05-13 18:03:08", "elapsed": 2024.908621, "delta": 15.351893}}
{"target": 75.59553131468886, "params": {"h": 34.0, "p": 253.0, "r": 50.0}, "datetime": {"datetime": "2024-05-13 18:03:27", "elapsed": 2043.132136, "delta": 18.223515}}
{"target": 64.18427337044302, "params": {"h": 32.0, "p": 259.0, "r": 58.0}, "datetime": {"datetime": "2024-05-13 18:03:42", "elapsed": 2058.650407, "delta": 15.518271}}
{"target": 69.18669192651146, "params": {"h": 37.0, "p": 249.0, "r": 55.0}, "datetime": {"datetime": "2024-05-13 18:03:59", "elapsed": 2076.012678, "delta": 17.362271}}
{"target": 76.01892793002924, "params": {"h": 31.0, "p": 256.0, "r": 55.0}, "datetime": {"datetime": "2024-05-13 18:04:15", "elapsed": 2091.505856, "delta": 15.493178}}
{"target": 69.48060937137923, "params": {"h": 36.0, "p": 251.0, "r": 51.0}, "datetime": {"datetime": "2024-05-13 18:04:32", "elapsed": 2109.060519, "delta": 17.554663}}
{"target": 93.99789150062462, "params": {"h": 30.0, "p": 259.0, "r": 51.0}, "datetime": {"datetime": "2024-05-13 18:04:50", "elapsed": 2126.614885, "delta": 17.554366}}
{"target": 85.70323731520972, "params": {"h": 31.0, "p": 259.0, "r": 48.0}, "datetime": {"datetime": "2024-05-13 18:05:08", "elapsed": 2144.166704, "delta": 17.551819}}
{"target": 73.34272444205146, "params": {"h": 34.0, "p": 256.0, "r": 56.0}, "datetime": {"datetime": "2024-05-13 18:05:24", "elapsed": 2161.096702, "delta": 16.929998}}
{"target": 89.67042311751429, "params": {"h": 29.0, "p": 260.0, "r": 52.0}, "datetime": {"datetime": "2024-05-13 18:05:41", "elapsed": 2178.060873, "delta": 16.964171}}
{"target": 77.46763865867948, "params": {"h": 27.0, "p": 256.0, "r": 53.0}, "datetime": {"datetime": "2024-05-13 18:05:57", "elapsed": 2193.860992, "delta": 15.800119}}
{"target": 78.86147147369732, "params": {"h": 30.0, "p": 252.0, "r": 54.0}, "datetime": {"datetime": "2024-05-13 18:06:14", "elapsed": 2210.849454, "delta": 16.988462}}
{"target": 77.97928883485127, "params": {"h": 34.0, "p": 254.0, "r": 54.0}, "datetime": {"datetime": "2024-05-13 18:06:31", "elapsed": 2228.024586, "delta": 17.175132}}
{"target": 89.69247714432507, "params": {"h": 30.0, "p": 258.0, "r": 52.0}, "datetime": {"datetime": "2024-05-13 18:06:48", "elapsed": 2244.670436, "delta": 16.64585}}
{"target": 80.93280205435222, "params": {"h": 35.0, "p": 259.0, "r": 52.0}, "datetime": {"datetime": "2024-05-13 18:07:06", "elapsed": 2262.644529, "delta": 17.974093}}
{"target": 106.00236211716623, "params": {"h": 28.0, "p": 261.0, "r": 48.0}, "datetime": {"datetime": "2024-05-13 18:07:25", "elapsed": 2281.460138, "delta": 18.815609}}
{"target": 95.94551845202349, "params": {"h": 30.0, "p": 263.0, "r": 51.0}, "datetime": {"datetime": "2024-05-13 18:07:41", "elapsed": 2298.027141, "delta": 16.567003}}
{"target": 94.82353896695214, "params": {"h": 29.0, "p": 261.0, "r": 47.0}, "datetime": {"datetime": "2024-05-13 18:07:59", "elapsed": 2315.284447, "delta": 17.257306}}
{"target": 82.19828775061357, "params": {"h": 31.0, "p": 254.0, "r": 48.0}, "datetime": {"datetime": "2024-05-13 18:08:16", "elapsed": 2332.828206, "delta": 17.543759}}
{"target": 93.96521098749065, "params": {"h": 31.0, "p": 264.0, "r": 49.0}, "datetime": {"datetime": "2024-05-13 18:08:35", "elapsed": 2351.269463, "delta": 18.441257}}
{"target": 81.15308582955096, "params": {"h": 31.0, "p": 259.0, "r": 54.0}, "datetime": {"datetime": "2024-05-13 18:08:51", "elapsed": 2367.368549, "delta": 16.099086}}
{"target": 112.40418369613302, "params": {"h": 26.0, "p": 260.0, "r": 46.0}, "datetime": {"datetime": "2024-05-13 18:09:09", "elapsed": 2385.220223, "delta": 17.851674}}
{"target": 83.85177545672619, "params": {"h": 32.0, "p": 254.0, "r": 50.0}, "datetime": {"datetime": "2024-05-13 18:09:27", "elapsed": 2403.95699, "delta": 18.736767}}
{"target": 90.67826476824152, "params": {"h": 30.0, "p": 265.0, "r": 47.0}, "datetime": {"datetime": "2024-05-13 18:09:46", "elapsed": 2422.574673, "delta": 18.617683}}
{"target": 108.69868478015849, "params": {"h": 28.0, "p": 265.0, "r": 48.0}, "datetime": {"datetime": "2024-05-13 18:10:04", "elapsed": 2440.330026, "delta": 17.755353}}
{"target": 91.85169827158946, "params": {"h": 28.0, "p": 257.0, "r": 46.0}, "datetime": {"datetime": "2024-05-13 18:10:22", "elapsed": 2458.166215, "delta": 17.836189}}
{"target": 77.4695689913631, "params": {"h": 29.0, "p": 261.0, "r": 45.0}, "datetime": {"datetime": "2024-05-13 18:10:40", "elapsed": 2477.013931, "delta": 18.847716}}
{"target": 96.87950256220513, "params": {"h": 31.0, "p": 266.0, "r": 49.0}, "datetime": {"datetime": "2024-05-13 18:10:58", "elapsed": 2494.454323, "delta": 17.440392}}
{"target": 100.62247866278396, "params": {"h": 29.0, "p": 260.0, "r": 49.0}, "datetime": {"datetime": "2024-05-13 18:11:15", "elapsed": 2511.334109, "delta": 16.879786}}
{"target": 104.00554680983086, "params": {"h": 28.0, "p": 259.0, "r": 48.0}, "datetime": {"datetime": "2024-05-13 18:11:32", "elapsed": 2528.855583, "delta": 17.521474}}
{"target": 113.06397110208842, "params": {"h": 26.0, "p": 259.0, "r": 47.0}, "datetime": {"datetime": "2024-05-13 18:11:50", "elapsed": 2546.675895, "delta": 17.820312}}
{"target": 74.01467407601862, "params": {"h": 25.0, "p": 258.0, "r": 52.0}, "datetime": {"datetime": "2024-05-13 18:12:07", "elapsed": 2563.466264, "delta": 16.790369}}
{"target": 93.25371141125203, "params": {"h": 31.0, "p": 268.0, "r": 48.0}, "datetime": {"datetime": "2024-05-13 18:12:25", "elapsed": 2581.610425, "delta": 18.144161}}
{"target": 75.52245962453573, "params": {"h": 35.0, "p": 258.0, "r": 50.0}, "datetime": {"datetime": "2024-05-13 18:12:42", "elapsed": 2599.006832, "delta": 17.396407}}
{"target": 104.27790485230531, "params": {"h": 28.0, "p": 271.0, "r": 46.0}, "datetime": {"datetime": "2024-05-13 18:13:01", "elapsed": 2617.592411, "delta": 18.585579}}
{"target": 92.52292847239165, "params": {"h": 28.0, "p": 254.0, "r": 51.0}, "datetime": {"datetime": "2024-05-13 18:13:18", "elapsed": 2634.349892, "delta": 16.757481}}
{"target": 112.69197938570652, "params": {"h": 24.0, "p": 259.0, "r": 47.0}, "datetime": {"datetime": "2024-05-13 18:13:35", "elapsed": 2651.482976, "delta": 17.133084}}
{"target": 116.132568149182, "params": {"h": 26.0, "p": 264.0, "r": 47.0}, "datetime": {"datetime": "2024-05-13 18:13:54", "elapsed": 2670.92369, "delta": 19.440714}}
{"target": 109.71697367599455, "params": {"h": 26.0, "p": 259.0, "r": 48.0}, "datetime": {"datetime": "2024-05-13 18:14:12", "elapsed": 2688.726701, "delta": 17.803011}}
{"target": 112.17128090992054, "params": {"h": 26.0, "p": 266.0, "r": 48.0}, "datetime": {"datetime": "2024-05-13 18:14:29", "elapsed": 2706.062058, "delta": 17.335357}}
{"target": 109.77273430088121, "params": {"h": 27.0, "p": 262.0, "r": 48.0}, "datetime": {"datetime": "2024-05-13 18:14:46", "elapsed": 2723.081467, "delta": 17.019409}}
{"target": 83.80234097119174, "params": {"h": 30.0, "p": 270.0, "r": 46.0}, "datetime": {"datetime": "2024-05-13 18:15:06", "elapsed": 2742.321976, "delta": 19.240509}}
{"target": 126.41892944451303, "params": {"h": 24.0, "p": 263.0, "r": 45.0}, "datetime": {"datetime": "2024-05-13 18:15:23", "elapsed": 2759.608229, "delta": 17.286253}}
{"target": 56.08400250153301, "params": {"h": 23.0, "p": 265.0, "r": 52.0}, "datetime": {"datetime": "2024-05-13 18:15:40", "elapsed": 2776.460489, "delta": 16.85226}}
{"target": 107.48030767936773, "params": {"h": 21.0, "p": 263.0, "r": 45.0}, "datetime": {"datetime": "2024-05-13 18:15:57", "elapsed": 2793.450736, "delta": 16.990247}}
{"target": 108.79680812607117, "params": {"h": 24.0, "p": 260.0, "r": 43.0}, "datetime": {"datetime": "2024-05-13 18:16:15", "elapsed": 2812.001849, "delta": 18.551113}}
{"target": 121.05928372544061, "params": {"h": 24.0, "p": 260.0, "r": 46.0}, "datetime": {"datetime": "2024-05-13 18:16:32", "elapsed": 2828.884851, "delta": 16.883002}}
