{"target": 131.87420724851256, "params": {"h": 28.0, "p": 308.0, "r": 47.0}, "datetime": {"datetime": "2024-05-13 20:16:31", "elapsed": 2226.19254, "delta": 19.912497}}
{"target": 95.86486056220146, "params": {"h": 22.0, "p": 307.0, "r": 39.0}, "datetime": {"datetime": "2024-05-13 20:16:51", "elapsed": 2246.059956, "delta": 19.867416}}
{"target": 125.24340646573216, "params": {"h": 26.0, "p": 305.0, "r": 43.0}, "datetime": {"datetime": "2024-05-13 20:17:11", "elapsed": 2265.957918, "delta": 19.897962}}
{"target": 120.91121648219014, "params": {"h": 20.0, "p": 301.0, "r": 38.0}, "datetime": {"datetime": "2024-05-13 20:17:31", "elapsed": 2285.6378, "delta": 19.679882}}
{"target": 67.70364656741845, "params": {"h": 32.0, "p": 306.0, "r": 44.0}, "datetime": {"datetime": "2024-05-13 20:17:52", "elapsed": 2307.110531, "delta": 21.472731}}
{"target": 126.06340130090469, "params": {"h": 19.0, "p": 294.0, "r": 41.0}, "datetime": {"datetime": "2024-05-13 20:18:11", "elapsed": 2325.443093, "delta": 18.332562}}
{"target": 71.65767006227311, "params": {"h": 23.0, "p": 306.0, "r": 47.0}, "datetime": {"datetime": "2024-05-13 20:18:29", "elapsed": 2344.29419, "delta": 18.851097}}
{"target": 148.98528196489025, "params": {"h": 21.0, "p": 301.0, "r": 42.0}, "datetime": {"datetime": "2024-05-13 20:18:48", "elapsed": 2363.223618, "delta": 18.929428}}
{"target": 154.6387254771123, "params": {"h": 25.0, "p": 316.0, "r": 43.0}, "datetime": {"datetime": "2024-05-13 20:19:09", "elapsed": 2383.636574, "delta": 20.412956}}
{"target": 139.70441689435452, "params": {"h": 23.0, "p": 304.0, "r": 41.0}, "datetime": {"datetime": "2024-05-13 20:19:29", "elapsed": 2403.483829, "delta": 19.847255}}
{"target": 92.39035747022179, "params": {"h": 25.0, "p": 314.0, "r": 47.0}, "datetime": {"datetime": "2024-05-13 20:19:48", "elapsed": 2422.92938, "delta": 19.445551}}
{"target": 166.29482701135277, "params": {"h": 21.0, "p": 300.0, "r": 41.0}, "datetime": {"datetime": "2024-05-13 20:20:08", "elapsed": 2442.62519, "delta": 19.69581}}
{"target": 106.79445285696687, "params": {"h": 26.0, "p": 291.0, "r": 43.0}, "datetime": {"datetime": "2024-05-13 20:20:27", "elapsed": 2461.431051, "delta": 18.805861}}
{"target": 132.69684698036696, "params": {"h": 28.0, "p": 318.0, "r": 44.0}, "datetime": {"datetime": "2024-05-13 20:20:46", "elapsed": 2480.483737, "delta": 19.052686}}
{"target": 164.25377408416375, "params": {"h": 23.0, "p": 314.0, "r": 42.0}, "datetime": {"datetime": "2024-05-13 20:21:06", "elapsed": 2501.240342, "delta": 20.756605}}
{"target": 122.90970438061449, "params": {"h": 19.0, "p": 302.0, "r": 37.0}, "datetime": {"datetime": "2024-05-13 20:21:28", "elapsed": 2522.700164, "delta": 21.459822}}
{"target": 111.13755128259992, "params": {"h": 21.0, "p": 310.0, "r": 43.0}, "datetime": {"datetime": "2024-05-13 20:21:47", "elapsed": 2541.508641, "delta": 18.808477}}
{"target": 135.73497838895955, "params": {"h": 17.0, "p": 304.0, "r": 35.0}, "datetime": {"datetime": "2024-05-13 20:22:06", "elapsed": 2561.340987, "delta": 19.832346}}
{"target": 178.94543429641053, "params": {"h": 18.0, "p": 294.0, "r": 38.0}, "datetime": {"datetime": "2024-05-13 20:22:26", "elapsed": 2580.63016, "delta": 19.289173}}
{"target": 156.10683966995856, "params": {"h": 19.0, "p": 296.0, "r": 40.0}, "datetime": {"datetime": "2024-05-13 20:22:45", "elapsed": 2599.699467, "delta": 19.069307}}
{"target": 128.33966314476848, "params": {"h": 25.0, "p": 313.0, "r": 42.0}, "datetime": {"datetime": "2024-05-13 20:23:06", "elapsed": 2621.238698, "delta": 21.539231}}
{"target": 180.57684212729257, "params": {"h": 17.0, "p": 291.0, "r": 37.0}, "datetime": {"datetime": "2024-05-13 20:23:25", "elapsed": 2640.179729, "delta": 18.941031}}
{"target": 140.7801330514398, "params": {"h": 25.0, "p": 308.0, "r": 45.0}, "datetime": {"datetime": "2024-05-13 20:23:45", "elapsed": 2659.46511, "delta": 19.285381}}
{"target": 152.01761989850084, "params": {"h": 21.0, "p": 296.0, "r": 42.0}, "datetime": {"datetime": "2024-05-13 20:24:04", "elapsed": 2678.924186, "delta": 19.459076}}
{"target": 171.76361029780284, "params": {"h": 19.0, "p": 309.0, "r": 38.0}, "datetime": {"datetime": "2024-05-13 20:24:24", "elapsed": 2699.103638, "delta": 20.179452}}
{"target": 75.54464790239015, "params": {"h": 15.0, "p": 293.0, "r": 37.0}, "datetime": {"datetime": "2024-05-13 20:24:43", "elapsed": 2718.250239, "delta": 19.146601}}
{"target": 21.10061407116922, "params": {"h": 21.0, "p": 289.0, "r": 34.0}, "datetime": {"datetime": "2024-05-13 20:25:05", "elapsed": 2740.100561, "delta": 21.850322}}
{"target": 179.41216366338466, "params": {"h": 18.0, "p": 300.0, "r": 38.0}, "datetime": {"datetime": "2024-05-13 20:25:25", "elapsed": 2759.698803, "delta": 19.598242}}
{"target": 106.67009238292572, "params": {"h": 25.0, "p": 317.0, "r": 41.0}, "datetime": {"datetime": "2024-05-13 20:25:46", "elapsed": 2780.487322, "delta": 20.788519}}
{"target": 159.42683298594446, "params": {"h": 19.0, "p": 292.0, "r": 40.0}, "datetime": {"datetime": "2024-05-13 20:26:05", "elapsed": 2800.387346, "delta": 19.900024}}
{"target": 147.878706156884, "params": {"h": 22.0, "p": 294.0, "r": 41.0}, "datetime": {"datetime": "2024-05-13 20:26:24", "elapsed": 2819.408723, "delta": 19.021377}}
{"target": 153.36764763763847, "params": {"h": 25.0, "p": 318.0, "r": 44.0}, "datetime": {"datetime": "2024-05-13 20:26:45", "elapsed": 2839.89714, "delta": 20.488417}}
{"target": 105.39473236085323, "params": {"h": 28.0, "p": 320.0, "r": 48.0}, "datetime": {"datetime": "2024-05-13 20:27:05", "elapsed": 2859.907579, "delta": 20.010439}}
{"target": 58.52716470990906, "params": {"h": 25.0, "p": 326.0, "r": 39.0}, "datetime": {"datetime": "2024-05-13 20:27:27", "elapsed": 2882.133181, "delta": 22.225602}}
{"target": 133.9780688106175, "params": {"h": 25.0, "p": 317.0, "r": 45.0}, "datetime": {"datetime": "2024-05-13 20:27:49", "elapsed": 2903.453297, "delta": 21.320116}}
{"target": 160.9441099492669, "params": {"h": 22.0, "p": 307.0, "r": 42.0}, "datetime": {"datetime": "2024-05-13 20:28:08", "elapsed": 2923.08218, "delta": 19.628883}}
{"target": 143.0247243506746, "params": {"h": 15.0, "p": 308.0, "r": 35.0}, "datetime": {"datetime": "2024-05-13 20:28:28", "elapsed": 2943.102914, "delta": 20.020734}}
{"target": 112.79422633597386, "params": {"h": 17.0, "p": 288.0, "r": 39.0}, "datetime": {"datetime": "2024-05-13 20:28:48", "elapsed": 2963.158475, "delta": 20.055561}}
{"target": 45.90355970918517, "params": {"h": 22.0, "p": 321.0, "r": 47.0}, "datetime": {"datetime": "2024-05-13 20:29:08", "elapsed": 2982.587753, "delta": 19.429278}}
{"target": 152.86609532357747, "params": {"h": 19.0, "p": 290.0, "r": 38.0}, "datetime": {"datetime": "2024-05-13 20:29:27", "elapsed": 3002.079323, "delta": 19.49157}}
{"target": 122.7320063692303, "params": {"h": 29.0, "p": 312.0, "r": 48.0}, "datetime": {"datetime": "2024-05-13 20:29:48", "elapsed": 3023.320096, "delta": 21.240773}}
{"target": 116.77726655958632, "params": {"h": 18.0, "p": 291.0, "r": 36.0}, "datetime": {"datetime": "2024-05-13 20:30:07", "elapsed": 3042.311188, "delta": 18.991092}}
{"target": 120.38807045314921, "params": {"h": 28.0, "p": 303.0, "r": 48.0}, "datetime": {"datetime": "2024-05-13 20:30:27", "elapsed": 3061.477752, "delta": 19.166564}}
{"target": 53.521499251424835, "params": {"h": 38.0, "p": 317.0, "r": 58.0}, "datetime": {"datetime": "2024-05-13 20:30:46", "elapsed": 3080.892384, "delta": 19.414632}}
{"target": 156.72409294794218, "params": {"h": 24.0, "p": 310.0, "r": 43.0}, "datetime": {"datetime": "2024-05-13 20:31:06", "elapsed": 3100.771363, "delta": 19.878979}}
{"target": 184.93731166873195, "params": {"h": 17.0, "p": 307.0, "r": 36.0}, "datetime": {"datetime": "2024-05-13 20:31:27", "elapsed": 3122.108631, "delta": 21.337268}}
{"target": 68.23379507231928, "params": {"h": 44.0, "p": 275.0, "r": 59.0}, "datetime": {"datetime": "2024-05-13 20:31:45", "elapsed": 3139.756627, "delta": 17.647996}}
{"target": 81.1257655359409, "params": {"h": 17.0, "p": 292.0, "r": 40.0}, "datetime": {"datetime": "2024-05-13 20:32:03", "elapsed": 3157.777059, "delta": 18.020432}}
{"target": 145.854518584463, "params": {"h": 20.0, "p": 307.0, "r": 41.0}, "datetime": {"datetime": "2024-05-13 20:32:23", "elapsed": 3177.757313, "delta": 19.980254}}
{"target": 184.93731166873195, "params": {"h": 17.0, "p": 307.0, "r": 36.0}, "datetime": {"datetime": "2024-05-13 20:32:23", "elapsed": 3178.241715, "delta": 0.484402}}
{"target": 99.08392108797753, "params": {"h": 33.0, "p": 299.0, "r": 47.0}, "datetime": {"datetime": "2024-05-13 20:32:44", "elapsed": 3199.11985, "delta": 20.878135}}
{"target": 1.9421295692004341, "params": {"h": 19.0, "p": 551.0, "r": 96.0}, "datetime": {"datetime": "2024-05-13 20:33:05", "elapsed": 3219.834751, "delta": 20.714901}}
{"target": 144.80556634355435, "params": {"h": 24.0, "p": 309.0, "r": 42.0}, "datetime": {"datetime": "2024-05-13 20:33:24", "elapsed": 3239.051073, "delta": 19.216322}}
{"target": 149.4241697898258, "params": {"h": 18.0, "p": 299.0, "r": 39.0}, "datetime": {"datetime": "2024-05-13 20:33:44", "elapsed": 3258.667617, "delta": 19.616544}}
{"target": 117.44575640432006, "params": {"h": 21.0, "p": 305.0, "r": 43.0}, "datetime": {"datetime": "2024-05-13 20:34:03", "elapsed": 3278.063195, "delta": 19.395578}}
{"target": 0.0, "params": {"h": 30.0, "p": 126.0, "r": 143.0}, "datetime": {"datetime": "2024-05-13 20:34:04", "elapsed": 3278.485094, "delta": 0.421899}}
{"target": 142.1474198202665, "params": {"h": 22.0, "p": 311.0, "r": 40.0}, "datetime": {"datetime": "2024-05-13 20:34:23", "elapsed": 3298.418979, "delta": 19.933885}}
{"target": 175.21671390958065, "params": {"h": 19.0, "p": 311.0, "r": 38.0}, "datetime": {"datetime": "2024-05-13 20:34:44", "elapsed": 3319.098457, "delta": 20.679478}}
{"target": 170.2946919504228, "params": {"h": 17.0, "p": 290.0, "r": 36.0}, "datetime": {"datetime": "2024-05-13 20:35:03", "elapsed": 3338.073201, "delta": 18.974744}}
{"target": 140.19105415070302, "params": {"h": 16.0, "p": 288.0, "r": 37.0}, "datetime": {"datetime": "2024-05-13 20:35:22", "elapsed": 3356.796908, "delta": 18.723707}}
{"target": 0.9967015536769381, "params": {"h": 28.0, "p": 991.0, "r": 143.0}, "datetime": {"datetime": "2024-05-13 20:36:14", "elapsed": 3408.46253, "delta": 51.665622}}
{"target": 170.21960634339436, "params": {"h": 19.0, "p": 307.0, "r": 38.0}, "datetime": {"datetime": "2024-05-13 20:36:34", "elapsed": 3428.954475, "delta": 20.491945}}
{"target": 3.790169116882023, "params": {"h": 48.0, "p": 745.0, "r": 144.0}, "datetime": {"datetime": "2024-05-13 20:37:03", "elapsed": 3458.102392, "delta": 29.147917}}
{"target": 3.4473938942672353, "params": {"h": 38.0, "p": 863.0, "r": 50.0}, "datetime": {"datetime": "2024-05-13 20:37:54", "elapsed": 3509.191953, "delta": 51.089561}}
{"target": 176.31469215544996, "params": {"h": 19.0, "p": 303.0, "r": 39.0}, "datetime": {"datetime": "2024-05-13 20:38:14", "elapsed": 3528.510236, "delta": 19.318283}}
{"target": 9.396876845645037, "params": {"h": 57.0, "p": 482.0, "r": 48.0}, "datetime": {"datetime": "2024-05-13 20:38:45", "elapsed": 3560.015676, "delta": 31.50544}}
{"target": 14.188628045900453, "params": {"h": 42.0, "p": 187.0, "r": 38.0}, "datetime": {"datetime": "2024-05-13 20:39:06", "elapsed": 3580.632559, "delta": 20.616883}}
{"target": 178.77999702679935, "params": {"h": 18.0, "p": 293.0, "r": 38.0}, "datetime": {"datetime": "2024-05-13 20:39:26", "elapsed": 3601.357873, "delta": 20.725314}}
{"target": 74.49388987807717, "params": {"h": 16.0, "p": 312.0, "r": 38.0}, "datetime": {"datetime": "2024-05-13 20:39:46", "elapsed": 3620.777296, "delta": 19.419423}}
{"target": 7.099052949868625, "params": {"h": 19.0, "p": 380.0, "r": 143.0}, "datetime": {"datetime": "2024-05-13 20:40:08", "elapsed": 3642.988419, "delta": 22.211123}}
{"target": 0.7539377358073587, "params": {"h": 23.0, "p": 598.0, "r": 28.0}, "datetime": {"datetime": "2024-05-13 20:40:44", "elapsed": 3678.995188, "delta": 36.006769}}
{"target": 1.0709340079230398, "params": {"h": 22.0, "p": 984.0, "r": 60.0}, "datetime": {"datetime": "2024-05-13 20:41:44", "elapsed": 3738.912677, "delta": 59.917489}}
{"target": 3.593232657776029, "params": {"h": 38.0, "p": 599.0, "r": 137.0}, "datetime": {"datetime": "2024-05-13 20:42:05", "elapsed": 3759.652896, "delta": 20.740219}}
{"target": 14.77890735174215, "params": {"h": 41.0, "p": 273.0, "r": 40.0}, "datetime": {"datetime": "2024-05-13 20:42:28", "elapsed": 3782.600795, "delta": 22.947899}}
{"target": 94.72955443326678, "params": {"h": 43.0, "p": 321.0, "r": 49.0}, "datetime": {"datetime": "2024-05-13 20:42:49", "elapsed": 3804.406979, "delta": 21.806184}}
{"target": 84.97104520399299, "params": {"h": 40.0, "p": 332.0, "r": 46.0}, "datetime": {"datetime": "2024-05-13 20:43:12", "elapsed": 3826.822845, "delta": 22.415866}}
{"target": 0.10478934355599082, "params": {"h": 22.0, "p": 766.0, "r": 21.0}, "datetime": {"datetime": "2024-05-13 20:44:01", "elapsed": 3876.363274, "delta": 49.540429}}
{"target": 2.4358127046740736, "params": {"h": 27.0, "p": 663.0, "r": 141.0}, "datetime": {"datetime": "2024-05-13 20:44:29", "elapsed": 3904.405598, "delta": 28.042324}}
{"target": 165.8311231301204, "params": {"h": 21.0, "p": 299.0, "r": 41.0}, "datetime": {"datetime": "2024-05-13 20:44:49", "elapsed": 3924.209617, "delta": 19.804019}}
{"target": 1.5903589300124046, "params": {"h": 20.0, "p": 815.0, "r": 148.0}, "datetime": {"datetime": "2024-05-13 20:45:33", "elapsed": 3967.872022, "delta": 43.662405}}
{"target": 175.92754877904017, "params": {"h": 17.0, "p": 308.0, "r": 37.0}, "datetime": {"datetime": "2024-05-13 20:45:54", "elapsed": 3988.474993, "delta": 20.602971}}
{"target": 0.0, "params": {"h": 21.0, "p": 225.0, "r": 95.0}, "datetime": {"datetime": "2024-05-13 20:45:54", "elapsed": 3989.068776, "delta": 0.593783}}
{"target": 0.9956616960698157, "params": {"h": 56.0, "p": 939.0, "r": 93.0}, "datetime": {"datetime": "2024-05-13 20:46:43", "elapsed": 4038.350396, "delta": 49.28162}}
{"target": 0.15594720513071533, "params": {"h": 60.0, "p": 397.0, "r": 17.0}, "datetime": {"datetime": "2024-05-13 20:47:38", "elapsed": 4093.403991, "delta": 55.053595}}
{"target": 80.4102348149837, "params": {"h": 34.0, "p": 288.0, "r": 55.0}, "datetime": {"datetime": "2024-05-13 20:47:56", "elapsed": 4110.757589, "delta": 17.353598}}
{"target": 0.0, "params": {"h": 56.0, "p": 161.0, "r": 98.0}, "datetime": {"datetime": "2024-05-13 20:47:56", "elapsed": 4111.413876, "delta": 0.656287}}
{"target": 137.74268921791213, "params": {"h": 17.0, "p": 301.0, "r": 38.0}, "datetime": {"datetime": "2024-05-13 20:48:16", "elapsed": 4131.082897, "delta": 19.669021}}
{"target": 8.892501489150773, "params": {"h": 58.0, "p": 537.0, "r": 148.0}, "datetime": {"datetime": "2024-05-13 20:48:34", "elapsed": 4148.493925, "delta": 17.411028}}
{"target": 0.0, "params": {"h": 16.0, "p": 102.0, "r": 83.0}, "datetime": {"datetime": "2024-05-13 20:48:34", "elapsed": 4148.9627, "delta": 0.468775}}
{"target": 0.1609495455265845, "params": {"h": 16.0, "p": 442.0, "r": 17.0}, "datetime": {"datetime": "2024-05-13 20:49:08", "elapsed": 4182.737588, "delta": 33.774888}}
{"target": 5.0780010225814465, "params": {"h": 59.0, "p": 408.0, "r": 105.0}, "datetime": {"datetime": "2024-05-13 20:49:24", "elapsed": 4198.918925, "delta": 16.181337}}
{"target": 124.08853334669925, "params": {"h": 37.0, "p": 324.0, "r": 49.0}, "datetime": {"datetime": "2024-05-13 20:49:46", "elapsed": 4220.42354, "delta": 21.504615}}
{"target": 140.6466887752322, "params": {"h": 15.0, "p": 306.0, "r": 35.0}, "datetime": {"datetime": "2024-05-13 20:50:05", "elapsed": 4240.400902, "delta": 19.977362}}
{"target": 70.71448833224764, "params": {"h": 42.0, "p": 331.0, "r": 55.0}, "datetime": {"datetime": "2024-05-13 20:50:26", "elapsed": 4261.316099, "delta": 20.915197}}
{"target": 124.53910689106499, "params": {"h": 35.0, "p": 328.0, "r": 49.0}, "datetime": {"datetime": "2024-05-13 20:50:47", "elapsed": 4282.24677, "delta": 20.930671}}
{"target": 60.765243615556045, "params": {"h": 35.0, "p": 328.0, "r": 54.0}, "datetime": {"datetime": "2024-05-13 20:51:08", "elapsed": 4302.484943, "delta": 20.238173}}
{"target": 117.24622840563454, "params": {"h": 33.0, "p": 323.0, "r": 46.0}, "datetime": {"datetime": "2024-05-13 20:51:28", "elapsed": 4322.619287, "delta": 20.134344}}
{"target": 158.90634927544306, "params": {"h": 28.0, "p": 338.0, "r": 44.0}, "datetime": {"datetime": "2024-05-13 20:51:49", "elapsed": 4343.670079, "delta": 21.050792}}
{"target": 115.36121444423138, "params": {"h": 31.0, "p": 341.0, "r": 43.0}, "datetime": {"datetime": "2024-05-13 20:52:12", "elapsed": 4367.210927, "delta": 23.540848}}
{"target": 78.73460673589172, "params": {"h": 25.0, "p": 334.0, "r": 46.0}, "datetime": {"datetime": "2024-05-13 20:52:32", "elapsed": 4386.637424, "delta": 19.426497}}
{"target": 137.78063099813576, "params": {"h": 30.0, "p": 334.0, "r": 44.0}, "datetime": {"datetime": "2024-05-13 20:52:54", "elapsed": 4408.956615, "delta": 22.319191}}
{"target": 61.380049468926366, "params": {"h": 27.0, "p": 338.0, "r": 48.0}, "datetime": {"datetime": "2024-05-13 20:53:14", "elapsed": 4428.867759, "delta": 19.911144}}
{"target": 178.77999702679935, "params": {"h": 18.0, "p": 293.0, "r": 38.0}, "datetime": {"datetime": "2024-05-13 20:53:15", "elapsed": 4429.6178, "delta": 0.750041}}
{"target": 18.267065689002443, "params": {"h": 29.0, "p": 337.0, "r": 37.0}, "datetime": {"datetime": "2024-05-13 20:53:38", "elapsed": 4453.018221, "delta": 23.400421}}
{"target": 169.2804424399876, "params": {"h": 25.0, "p": 337.0, "r": 42.0}, "datetime": {"datetime": "2024-05-13 20:53:59", "elapsed": 4473.826931, "delta": 20.80871}}
{"target": 117.30318833661538, "params": {"h": 23.0, "p": 337.0, "r": 39.0}, "datetime": {"datetime": "2024-05-13 20:54:21", "elapsed": 4495.692853, "delta": 21.865922}}
{"target": 170.72183080790415, "params": {"h": 20.0, "p": 297.0, "r": 40.0}, "datetime": {"datetime": "2024-05-13 20:54:41", "elapsed": 4515.606493, "delta": 19.91364}}
{"target": 78.77249450551932, "params": {"h": 28.0, "p": 334.0, "r": 41.0}, "datetime": {"datetime": "2024-05-13 20:55:04", "elapsed": 4538.66138, "delta": 23.054887}}
{"target": 142.77117607307028, "params": {"h": 30.0, "p": 337.0, "r": 44.0}, "datetime": {"datetime": "2024-05-13 20:55:25", "elapsed": 4560.074527, "delta": 21.413147}}
{"target": 69.79187699304106, "params": {"h": 35.0, "p": 327.0, "r": 44.0}, "datetime": {"datetime": "2024-05-13 20:55:47", "elapsed": 4581.976802, "delta": 21.902275}}
{"target": 89.85811250536284, "params": {"h": 26.0, "p": 339.0, "r": 40.0}, "datetime": {"datetime": "2024-05-13 20:56:09", "elapsed": 4603.965554, "delta": 21.988752}}
{"target": 47.99463426255085, "params": {"h": 34.0, "p": 334.0, "r": 42.0}, "datetime": {"datetime": "2024-05-13 20:56:32", "elapsed": 4626.523246, "delta": 22.557692}}
{"target": 137.26939802504563, "params": {"h": 17.0, "p": 304.0, "r": 38.0}, "datetime": {"datetime": "2024-05-13 20:56:51", "elapsed": 4645.608541, "delta": 19.085295}}
{"target": 114.55159519852116, "params": {"h": 22.0, "p": 338.0, "r": 42.0}, "datetime": {"datetime": "2024-05-13 20:57:11", "elapsed": 4666.175543, "delta": 20.567002}}
{"target": 138.06072188454695, "params": {"h": 18.0, "p": 308.0, "r": 36.0}, "datetime": {"datetime": "2024-05-13 20:57:33", "elapsed": 4687.466187, "delta": 21.290644}}
{"target": 49.12862629527792, "params": {"h": 26.0, "p": 348.0, "r": 46.0}, "datetime": {"datetime": "2024-05-13 20:57:54", "elapsed": 4708.567117, "delta": 21.10093}}
{"target": 50.15917633466667, "params": {"h": 15.0, "p": 341.0, "r": 36.0}, "datetime": {"datetime": "2024-05-13 20:58:15", "elapsed": 4729.666122, "delta": 21.099005}}
{"target": 185.44765272079445, "params": {"h": 16.0, "p": 299.0, "r": 35.0}, "datetime": {"datetime": "2024-05-13 20:58:34", "elapsed": 4748.453876, "delta": 18.787754}}
{"target": 175.24110906076618, "params": {"h": 23.0, "p": 336.0, "r": 41.0}, "datetime": {"datetime": "2024-05-13 20:58:55", "elapsed": 4769.776097, "delta": 21.322221}}
{"target": 1.0955568808303904, "params": {"h": 15.0, "p": 711.0, "r": 94.0}, "datetime": {"datetime": "2024-05-13 20:59:31", "elapsed": 4806.362308, "delta": 36.586211}}
{"target": 168.30488042219235, "params": {"h": 19.0, "p": 304.0, "r": 38.0}, "datetime": {"datetime": "2024-05-13 20:59:52", "elapsed": 4827.121643, "delta": 20.759335}}
