{"target": 32.34147075424646, "params": {"h": 60.0, "p": 281.0, "r": 84.0}, "datetime": {"datetime": "2024-06-02 14:19:43", "elapsed": 684.835724, "delta": 14.987369}}
{"target": 35.57312756104169, "params": {"h": 59.0, "p": 274.0, "r": 79.0}, "datetime": {"datetime": "2024-06-02 14:20:00", "elapsed": 701.629886, "delta": 16.794162}}
{"target": 35.57312756104169, "params": {"h": 59.0, "p": 274.0, "r": 79.0}, "datetime": {"datetime": "2024-06-02 14:20:01", "elapsed": 702.143979, "delta": 0.514093}}
{"target": 38.44586261644941, "params": {"h": 58.0, "p": 266.0, "r": 75.0}, "datetime": {"datetime": "2024-06-02 14:20:16", "elapsed": 717.319913, "delta": 15.175934}}
{"target": 38.44586261644941, "params": {"h": 58.0, "p": 266.0, "r": 75.0}, "datetime": {"datetime": "2024-06-02 14:20:17", "elapsed": 718.031145, "delta": 0.711232}}
{"target": 40.85108589162589, "params": {"h": 54.0, "p": 265.0, "r": 72.0}, "datetime": {"datetime": "2024-06-02 14:20:32", "elapsed": 733.702891, "delta": 15.671746}}
{"target": 47.13131615629065, "params": {"h": 55.0, "p": 267.0, "r": 68.0}, "datetime": {"datetime": "2024-06-02 14:20:48", "elapsed": 749.763131, "delta": 16.06024}}
{"target": 50.75368174370685, "params": {"h": 53.0, "p": 264.0, "r": 65.0}, "datetime": {"datetime": "2024-06-02 14:21:06", "elapsed": 767.219505, "delta": 17.456374}}
{"target": 51.3774993466576, "params": {"h": 57.0, "p": 263.0, "r": 56.0}, "datetime": {"datetime": "2024-06-02 14:21:25", "elapsed": 786.523273, "delta": 19.303768}}
{"target": 56.49439580472972, "params": {"h": 54.0, "p": 264.0, "r": 60.0}, "datetime": {"datetime": "2024-06-02 14:21:45", "elapsed": 805.945155, "delta": 19.421882}}
{"target": 60.19498722396823, "params": {"h": 49.0, "p": 266.0, "r": 55.0}, "datetime": {"datetime": "2024-06-02 14:22:06", "elapsed": 826.981318, "delta": 21.036163}}
{"target": 71.98741260993852, "params": {"h": 40.0, "p": 267.0, "r": 57.0}, "datetime": {"datetime": "2024-06-02 14:22:24", "elapsed": 845.594147, "delta": 18.612829}}
{"target": 72.96679270300977, "params": {"h": 32.0, "p": 265.0, "r": 56.0}, "datetime": {"datetime": "2024-06-02 14:22:41", "elapsed": 862.833843, "delta": 17.239696}}
{"target": 78.87017687771457, "params": {"h": 35.0, "p": 263.0, "r": 55.0}, "datetime": {"datetime": "2024-06-02 14:22:59", "elapsed": 880.223442, "delta": 17.389599}}
{"target": 71.5999071000168, "params": {"h": 39.0, "p": 259.0, "r": 55.0}, "datetime": {"datetime": "2024-06-02 14:23:16", "elapsed": 897.763832, "delta": 17.54039}}
{"target": 78.87017687771457, "params": {"h": 35.0, "p": 263.0, "r": 55.0}, "datetime": {"datetime": "2024-06-02 14:23:17", "elapsed": 898.243831, "delta": 0.479999}}
{"target": 78.40600729895007, "params": {"h": 36.0, "p": 268.0, "r": 50.0}, "datetime": {"datetime": "2024-06-02 14:23:36", "elapsed": 917.020048, "delta": 18.776217}}
{"target": 84.49114777415728, "params": {"h": 34.0, "p": 261.0, "r": 52.0}, "datetime": {"datetime": "2024-06-02 14:23:54", "elapsed": 934.850722, "delta": 17.830674}}
{"target": 77.92283288265985, "params": {"h": 27.0, "p": 253.0, "r": 44.0}, "datetime": {"datetime": "2024-06-02 14:24:13", "elapsed": 954.106832, "delta": 19.25611}}
{"target": 83.70609756284685, "params": {"h": 34.0, "p": 261.0, "r": 51.0}, "datetime": {"datetime": "2024-06-02 14:24:31", "elapsed": 972.656339, "delta": 18.549507}}
{"target": 84.17666979577125, "params": {"h": 27.0, "p": 254.0, "r": 52.0}, "datetime": {"datetime": "2024-06-02 14:24:48", "elapsed": 989.436318, "delta": 16.779979}}
{"target": 97.97317291530142, "params": {"h": 29.0, "p": 256.0, "r": 49.0}, "datetime": {"datetime": "2024-06-02 14:25:06", "elapsed": 1007.273805, "delta": 17.837487}}
{"target": 93.31238250451739, "params": {"h": 30.0, "p": 255.0, "r": 50.0}, "datetime": {"datetime": "2024-06-02 14:25:24", "elapsed": 1025.256575, "delta": 17.98277}}
{"target": 115.65299117749584, "params": {"h": 26.0, "p": 263.0, "r": 47.0}, "datetime": {"datetime": "2024-06-02 14:25:41", "elapsed": 1042.36761, "delta": 17.111035}}
{"target": 121.12401513250475, "params": {"h": 25.0, "p": 263.0, "r": 46.0}, "datetime": {"datetime": "2024-06-02 14:25:58", "elapsed": 1059.445707, "delta": 17.078097}}
{"target": 139.36073901035184, "params": {"h": 21.0, "p": 267.0, "r": 43.0}, "datetime": {"datetime": "2024-06-02 14:26:16", "elapsed": 1077.329639, "delta": 17.883932}}
{"target": 31.305068414681912, "params": {"h": 22.0, "p": 270.0, "r": 36.0}, "datetime": {"datetime": "2024-06-02 14:26:35", "elapsed": 1096.371714, "delta": 19.042075}}
{"target": 58.52335854624725, "params": {"h": 20.0, "p": 273.0, "r": 47.0}, "datetime": {"datetime": "2024-06-02 14:26:54", "elapsed": 1115.707604, "delta": 19.33589}}
{"target": 106.83489995091905, "params": {"h": 21.0, "p": 264.0, "r": 45.0}, "datetime": {"datetime": "2024-06-02 14:27:11", "elapsed": 1132.473134, "delta": 16.76553}}
{"target": 80.48641418626165, "params": {"h": 25.0, "p": 263.0, "r": 42.0}, "datetime": {"datetime": "2024-06-02 14:27:30", "elapsed": 1151.067277, "delta": 18.594143}}
{"target": 51.54903416101831, "params": {"h": 30.0, "p": 270.0, "r": 43.0}, "datetime": {"datetime": "2024-06-02 14:27:49", "elapsed": 1170.603397, "delta": 19.53612}}
{"target": 105.90546440922367, "params": {"h": 23.0, "p": 256.0, "r": 47.0}, "datetime": {"datetime": "2024-06-02 14:28:07", "elapsed": 1188.373917, "delta": 17.77052}}
{"target": 90.18183526788268, "params": {"h": 24.0, "p": 264.0, "r": 49.0}, "datetime": {"datetime": "2024-06-02 14:28:25", "elapsed": 1206.556738, "delta": 18.182821}}
{"target": 86.00484633453078, "params": {"h": 20.0, "p": 267.0, "r": 45.0}, "datetime": {"datetime": "2024-06-02 14:28:43", "elapsed": 1223.881532, "delta": 17.324794}}
{"target": 97.01390029773222, "params": {"h": 22.0, "p": 252.0, "r": 47.0}, "datetime": {"datetime": "2024-06-02 14:29:01", "elapsed": 1242.316206, "delta": 18.434674}}
{"target": 39.442982988448264, "params": {"h": 19.0, "p": 255.0, "r": 50.0}, "datetime": {"datetime": "2024-06-02 14:29:18", "elapsed": 1259.114103, "delta": 16.797897}}
{"target": 138.9741182747882, "params": {"h": 21.0, "p": 270.0, "r": 43.0}, "datetime": {"datetime": "2024-06-02 14:29:38", "elapsed": 1279.400616, "delta": 20.286513}}
{"target": 79.98121696415748, "params": {"h": 24.0, "p": 266.0, "r": 41.0}, "datetime": {"datetime": "2024-06-02 14:29:58", "elapsed": 1299.184245, "delta": 19.783629}}
{"target": 121.05928372544386, "params": {"h": 24.0, "p": 260.0, "r": 46.0}, "datetime": {"datetime": "2024-06-02 14:30:15", "elapsed": 1316.707144, "delta": 17.522899}}
{"target": 122.16849280818758, "params": {"h": 21.0, "p": 269.0, "r": 44.0}, "datetime": {"datetime": "2024-06-02 14:30:34", "elapsed": 1334.889148, "delta": 18.182004}}
{"target": 95.80756390650018, "params": {"h": 19.0, "p": 273.0, "r": 43.0}, "datetime": {"datetime": "2024-06-02 14:30:52", "elapsed": 1353.198388, "delta": 18.30924}}
{"target": 104.93632680922019, "params": {"h": 25.0, "p": 273.0, "r": 43.0}, "datetime": {"datetime": "2024-06-02 14:31:10", "elapsed": 1370.975003, "delta": 17.776615}}
{"target": 121.06732554674603, "params": {"h": 23.0, "p": 270.0, "r": 42.0}, "datetime": {"datetime": "2024-06-02 14:31:27", "elapsed": 1388.57968, "delta": 17.604677}}
{"target": 144.18701746151643, "params": {"h": 21.0, "p": 271.0, "r": 41.0}, "datetime": {"datetime": "2024-06-02 14:31:45", "elapsed": 1406.500279, "delta": 17.920599}}
{"target": 70.88509691927231, "params": {"h": 25.0, "p": 277.0, "r": 41.0}, "datetime": {"datetime": "2024-06-02 14:32:04", "elapsed": 1425.309658, "delta": 18.809379}}
{"target": 126.94493492592473, "params": {"h": 20.0, "p": 251.0, "r": 43.0}, "datetime": {"datetime": "2024-06-02 14:32:22", "elapsed": 1443.187391, "delta": 17.877733}}
{"target": 155.0808224333531, "params": {"h": 20.0, "p": 270.0, "r": 41.0}, "datetime": {"datetime": "2024-06-02 14:32:41", "elapsed": 1462.319841, "delta": 19.13245}}
{"target": 127.58607495710231, "params": {"h": 20.0, "p": 247.0, "r": 43.0}, "datetime": {"datetime": "2024-06-02 14:32:59", "elapsed": 1480.348738, "delta": 18.028897}}
{"target": 47.72427523373602, "params": {"h": 15.0, "p": 246.0, "r": 41.0}, "datetime": {"datetime": "2024-06-02 14:33:15", "elapsed": 1495.852581, "delta": 15.503843}}
{"target": 142.11323230017638, "params": {"h": 21.0, "p": 267.0, "r": 41.0}, "datetime": {"datetime": "2024-06-02 14:33:32", "elapsed": 1513.532615, "delta": 17.680034}}
{"target": 120.02752285939398, "params": {"h": 23.0, "p": 247.0, "r": 45.0}, "datetime": {"datetime": "2024-06-02 14:33:51", "elapsed": 1532.64737, "delta": 19.114755}}
{"target": 107.00168854268443, "params": {"h": 17.0, "p": 265.0, "r": 40.0}, "datetime": {"datetime": "2024-06-02 14:34:11", "elapsed": 1551.877388, "delta": 19.230018}}
{"target": 59.563049725385746, "params": {"h": 25.0, "p": 247.0, "r": 41.0}, "datetime": {"datetime": "2024-06-02 14:34:31", "elapsed": 1571.90837, "delta": 20.030982}}
{"target": 102.57102347260377, "params": {"h": 28.0, "p": 272.0, "r": 50.0}, "datetime": {"datetime": "2024-06-02 14:34:49", "elapsed": 1590.062118, "delta": 18.153748}}
{"target": 54.31900066042811, "params": {"h": 19.0, "p": 243.0, "r": 48.0}, "datetime": {"datetime": "2024-06-02 14:35:04", "elapsed": 1605.024294, "delta": 14.962176}}
{"target": 93.9009616019023, "params": {"h": 32.0, "p": 277.0, "r": 48.0}, "datetime": {"datetime": "2024-06-02 14:35:23", "elapsed": 1624.312801, "delta": 19.288507}}
{"target": 86.21887408759697, "params": {"h": 36.0, "p": 276.0, "r": 54.0}, "datetime": {"datetime": "2024-06-02 14:35:43", "elapsed": 1644.276118, "delta": 19.963317}}
{"target": 143.80921498971824, "params": {"h": 19.0, "p": 267.0, "r": 41.0}, "datetime": {"datetime": "2024-06-02 14:36:01", "elapsed": 1662.22764, "delta": 17.951522}}
{"target": 139.73461481896928, "params": {"h": 18.0, "p": 269.0, "r": 40.0}, "datetime": {"datetime": "2024-06-02 14:36:19", "elapsed": 1680.806592, "delta": 18.578952}}
{"target": 136.18487466068845, "params": {"h": 21.0, "p": 255.0, "r": 43.0}, "datetime": {"datetime": "2024-06-02 14:36:37", "elapsed": 1698.346732, "delta": 17.54014}}
{"target": 51.55333568526767, "params": {"h": 42.0, "p": 278.0, "r": 48.0}, "datetime": {"datetime": "2024-06-02 14:37:00", "elapsed": 1721.405805, "delta": 23.059073}}
{"target": 38.53215799484104, "params": {"h": 21.0, "p": 254.0, "r": 36.0}, "datetime": {"datetime": "2024-06-02 14:37:21", "elapsed": 1742.523351, "delta": 21.117546}}
{"target": 59.79491236944251, "params": {"h": 31.0, "p": 284.0, "r": 57.0}, "datetime": {"datetime": "2024-06-02 14:37:37", "elapsed": 1758.010643, "delta": 15.487292}}
{"target": 52.556862458549006, "params": {"h": 27.0, "p": 276.0, "r": 56.0}, "datetime": {"datetime": "2024-06-02 14:37:55", "elapsed": 1776.13865, "delta": 18.128007}}
{"target": 58.40070221711094, "params": {"h": 33.0, "p": 253.0, "r": 60.0}, "datetime": {"datetime": "2024-06-02 14:38:11", "elapsed": 1792.48335, "delta": 16.3447}}
{"target": 68.34893905899882, "params": {"h": 45.0, "p": 276.0, "r": 59.0}, "datetime": {"datetime": "2024-06-02 14:38:30", "elapsed": 1810.864226, "delta": 18.380876}}
{"target": 51.03371689390672, "params": {"h": 36.0, "p": 273.0, "r": 63.0}, "datetime": {"datetime": "2024-06-02 14:38:46", "elapsed": 1827.619181, "delta": 16.754955}}
{"target": 141.33666074482875, "params": {"h": 21.0, "p": 258.0, "r": 42.0}, "datetime": {"datetime": "2024-06-02 14:39:06", "elapsed": 1847.056606, "delta": 19.437425}}
{"target": 67.45182429756288, "params": {"h": 18.0, "p": 256.0, "r": 44.0}, "datetime": {"datetime": "2024-06-02 14:39:25", "elapsed": 1865.853437, "delta": 18.796831}}
{"target": 123.18263096474247, "params": {"h": 27.0, "p": 280.0, "r": 47.0}, "datetime": {"datetime": "2024-06-02 14:39:44", "elapsed": 1885.785167, "delta": 19.93173}}
{"target": 93.34359815388567, "params": {"h": 27.0, "p": 289.0, "r": 50.0}, "datetime": {"datetime": "2024-06-02 14:40:03", "elapsed": 1904.478685, "delta": 18.693518}}
{"target": 59.72683821576302, "params": {"h": 25.0, "p": 284.0, "r": 52.0}, "datetime": {"datetime": "2024-06-02 14:40:21", "elapsed": 1921.886382, "delta": 17.407697}}
{"target": 93.18462552537443, "params": {"h": 32.0, "p": 284.0, "r": 47.0}, "datetime": {"datetime": "2024-06-02 14:40:40", "elapsed": 1940.943246, "delta": 19.056864}}
{"target": 93.3528800898688, "params": {"h": 30.0, "p": 295.0, "r": 45.0}, "datetime": {"datetime": "2024-06-02 14:41:02", "elapsed": 1963.284018, "delta": 22.340772}}
{"target": 100.44882172897901, "params": {"h": 25.0, "p": 287.0, "r": 42.0}, "datetime": {"datetime": "2024-06-02 14:41:24", "elapsed": 1985.475626, "delta": 22.191608}}
{"target": 64.44695328503113, "params": {"h": 21.0, "p": 297.0, "r": 46.0}, "datetime": {"datetime": "2024-06-02 14:41:44", "elapsed": 2004.99978, "delta": 19.524154}}
{"target": 16.89309570866921, "params": {"h": 31.0, "p": 290.0, "r": 38.0}, "datetime": {"datetime": "2024-06-02 14:42:07", "elapsed": 2028.145276, "delta": 23.145496}}
{"target": 91.3442418602301, "params": {"h": 29.0, "p": 297.0, "r": 51.0}, "datetime": {"datetime": "2024-06-02 14:42:26", "elapsed": 2046.955054, "delta": 18.809778}}
{"target": 131.25691829801747, "params": {"h": 22.0, "p": 257.0, "r": 44.0}, "datetime": {"datetime": "2024-06-02 14:42:45", "elapsed": 2066.407253, "delta": 19.452199}}
{"target": 95.6794825494025, "params": {"h": 35.0, "p": 296.0, "r": 53.0}, "datetime": {"datetime": "2024-06-02 14:43:04", "elapsed": 2085.758981, "delta": 19.351728}}
{"target": 102.29470842208904, "params": {"h": 39.0, "p": 304.0, "r": 52.0}, "datetime": {"datetime": "2024-06-02 14:43:25", "elapsed": 2106.649254, "delta": 20.890273}}
{"target": 106.83380726326575, "params": {"h": 33.0, "p": 303.0, "r": 51.0}, "datetime": {"datetime": "2024-06-02 14:43:47", "elapsed": 2127.892146, "delta": 21.242892}}
{"target": 75.29041202114843, "params": {"h": 36.0, "p": 309.0, "r": 55.0}, "datetime": {"datetime": "2024-06-02 14:44:06", "elapsed": 2147.195234, "delta": 19.303088}}
{"target": 44.84722263931341, "params": {"h": 31.0, "p": 302.0, "r": 58.0}, "datetime": {"datetime": "2024-06-02 14:44:25", "elapsed": 2165.945429, "delta": 18.750195}}
{"target": 130.33875517509597, "params": {"h": 26.0, "p": 284.0, "r": 46.0}, "datetime": {"datetime": "2024-06-02 14:44:44", "elapsed": 2185.288712, "delta": 19.343283}}
{"target": 24.16919749659086, "params": {"h": 36.0, "p": 306.0, "r": 41.0}, "datetime": {"datetime": "2024-06-02 14:45:10", "elapsed": 2210.947896, "delta": 25.659184}}
{"target": 63.04383313017047, "params": {"h": 39.0, "p": 297.0, "r": 47.0}, "datetime": {"datetime": "2024-06-02 14:45:32", "elapsed": 2233.088017, "delta": 22.140121}}
{"target": 133.5191945885364, "params": {"h": 22.0, "p": 283.0, "r": 44.0}, "datetime": {"datetime": "2024-06-02 14:45:52", "elapsed": 2253.00383, "delta": 19.915813}}
{"target": 143.6691389767523, "params": {"h": 20.0, "p": 284.0, "r": 39.0}, "datetime": {"datetime": "2024-06-02 14:46:13", "elapsed": 2274.055444, "delta": 21.051614}}
{"target": 20.102138282928397, "params": {"h": 15.0, "p": 285.0, "r": 44.0}, "datetime": {"datetime": "2024-06-02 14:46:32", "elapsed": 2292.980255, "delta": 18.924811}}
{"target": 12.060105969550047, "params": {"h": 19.0, "p": 289.0, "r": 31.0}, "datetime": {"datetime": "2024-06-02 14:46:54", "elapsed": 2315.487998, "delta": 22.507743}}
{"target": 70.72829881940872, "params": {"h": 43.0, "p": 291.0, "r": 59.0}, "datetime": {"datetime": "2024-06-02 14:47:15", "elapsed": 2335.895719, "delta": 20.407721}}
{"target": 88.5223570595023, "params": {"h": 49.0, "p": 306.0, "r": 55.0}, "datetime": {"datetime": "2024-06-02 14:47:36", "elapsed": 2357.478058, "delta": 21.582339}}
{"target": 110.72335143754948, "params": {"h": 22.0, "p": 283.0, "r": 40.0}, "datetime": {"datetime": "2024-06-02 14:47:56", "elapsed": 2377.327937, "delta": 19.849879}}
{"target": 54.367181155539114, "params": {"h": 47.0, "p": 305.0, "r": 63.0}, "datetime": {"datetime": "2024-06-02 14:48:16", "elapsed": 2397.206189, "delta": 19.878252}}
{"target": 62.70318857202126, "params": {"h": 15.0, "p": 282.0, "r": 38.0}, "datetime": {"datetime": "2024-06-02 14:48:35", "elapsed": 2416.543682, "delta": 19.337493}}
{"target": 90.950032230843, "params": {"h": 43.0, "p": 299.0, "r": 54.0}, "datetime": {"datetime": "2024-06-02 14:48:55", "elapsed": 2436.658668, "delta": 20.114986}}
{"target": 107.08104238555904, "params": {"h": 20.0, "p": 285.0, "r": 38.0}, "datetime": {"datetime": "2024-06-02 14:49:15", "elapsed": 2456.576937, "delta": 19.918269}}
{"target": 105.99843155267052, "params": {"h": 24.0, "p": 288.0, "r": 47.0}, "datetime": {"datetime": "2024-06-02 14:49:36", "elapsed": 2477.092701, "delta": 20.515764}}
{"target": 99.78520149223755, "params": {"h": 35.0, "p": 290.0, "r": 52.0}, "datetime": {"datetime": "2024-06-02 14:49:57", "elapsed": 2498.440964, "delta": 21.348263}}
{"target": 66.3720633990456, "params": {"h": 52.0, "p": 296.0, "r": 52.0}, "datetime": {"datetime": "2024-06-02 14:50:21", "elapsed": 2522.145263, "delta": 23.704299}}
{"target": 95.6931860756372, "params": {"h": 45.0, "p": 314.0, "r": 51.0}, "datetime": {"datetime": "2024-06-02 14:50:42", "elapsed": 2543.051694, "delta": 20.906431}}
{"target": 58.60877055738256, "params": {"h": 50.0, "p": 308.0, "r": 49.0}, "datetime": {"datetime": "2024-06-02 14:51:04", "elapsed": 2565.491142, "delta": 22.439448}}
{"target": 107.12023160387872, "params": {"h": 20.0, "p": 282.0, "r": 38.0}, "datetime": {"datetime": "2024-06-02 14:51:26", "elapsed": 2587.633351, "delta": 22.142209}}
{"target": 87.30247069262695, "params": {"h": 49.0, "p": 315.0, "r": 56.0}, "datetime": {"datetime": "2024-06-02 14:51:50", "elapsed": 2611.326959, "delta": 23.693608}}
{"target": 135.74831728164634, "params": {"h": 21.0, "p": 282.0, "r": 43.0}, "datetime": {"datetime": "2024-06-02 14:52:09", "elapsed": 2630.809491, "delta": 19.482532}}
{"target": 102.37370704801845, "params": {"h": 41.0, "p": 310.0, "r": 51.0}, "datetime": {"datetime": "2024-06-02 14:52:32", "elapsed": 2653.570248, "delta": 22.760757}}
{"target": 60.53545690304016, "params": {"h": 43.0, "p": 322.0, "r": 58.0}, "datetime": {"datetime": "2024-06-02 14:52:51", "elapsed": 2672.338326, "delta": 18.768078}}
{"target": 115.53329462025518, "params": {"h": 38.0, "p": 317.0, "r": 50.0}, "datetime": {"datetime": "2024-06-02 14:53:11", "elapsed": 2692.720806, "delta": 20.38248}}
{"target": 91.94593679953319, "params": {"h": 40.0, "p": 327.0, "r": 47.0}, "datetime": {"datetime": "2024-06-02 14:53:36", "elapsed": 2717.398722, "delta": 24.677916}}
{"target": 33.095393147683104, "params": {"h": 40.0, "p": 318.0, "r": 43.0}, "datetime": {"datetime": "2024-06-02 14:53:59", "elapsed": 2740.435412, "delta": 23.03669}}
{"target": 73.5758712482619, "params": {"h": 35.0, "p": 318.0, "r": 54.0}, "datetime": {"datetime": "2024-06-02 14:54:20", "elapsed": 2761.67655, "delta": 21.241138}}
{"target": 126.77952362120459, "params": {"h": 33.0, "p": 321.0, "r": 47.0}, "datetime": {"datetime": "2024-06-02 14:54:41", "elapsed": 2782.293796, "delta": 20.617246}}
{"target": 153.81738591358, "params": {"h": 21.0, "p": 285.0, "r": 42.0}, "datetime": {"datetime": "2024-06-02 14:55:00", "elapsed": 2801.056158, "delta": 18.762362}}
{"target": 141.43322692589317, "params": {"h": 30.0, "p": 323.0, "r": 46.0}, "datetime": {"datetime": "2024-06-02 14:55:21", "elapsed": 2822.53743, "delta": 21.481272}}
{"target": 102.00351423577003, "params": {"h": 27.0, "p": 322.0, "r": 42.0}, "datetime": {"datetime": "2024-06-02 14:55:44", "elapsed": 2845.423185, "delta": 22.885755}}
{"target": 90.07927785787014, "params": {"h": 27.0, "p": 321.0, "r": 48.0}, "datetime": {"datetime": "2024-06-02 14:56:03", "elapsed": 2864.79571, "delta": 19.372525}}
{"target": 103.90517904984829, "params": {"h": 33.0, "p": 326.0, "r": 50.0}, "datetime": {"datetime": "2024-06-02 14:56:26", "elapsed": 2886.891691, "delta": 22.095981}}
{"target": 110.60211391376808, "params": {"h": 20.0, "p": 286.0, "r": 43.0}, "datetime": {"datetime": "2024-06-02 14:56:47", "elapsed": 2908.021811, "delta": 21.13012}}
{"target": 99.87290880999332, "params": {"h": 32.0, "p": 329.0, "r": 44.0}, "datetime": {"datetime": "2024-06-02 14:57:09", "elapsed": 2930.083158, "delta": 22.061347}}
