{"target": 64.51241831381311, "params": {"h": 35.0, "p": 288.0, "r": 58.0}, "datetime": {"datetime": "2024-05-06 17:07:28", "elapsed": 2160.450388, "delta": 17.812582}}
{"target": 117.86190984486579, "params": {"h": 22.0, "p": 263.0, "r": 41.0}, "datetime": {"datetime": "2024-05-06 17:07:46", "elapsed": 2179.368711, "delta": 18.918323}}
{"target": 67.85935301164344, "params": {"h": 17.0, "p": 263.0, "r": 42.0}, "datetime": {"datetime": "2024-05-06 17:08:04", "elapsed": 2196.665442, "delta": 17.296731}}
{"target": 57.94678603711147, "params": {"h": 38.0, "p": 281.0, "r": 47.0}, "datetime": {"datetime": "2024-05-06 17:08:24", "elapsed": 2217.056106, "delta": 20.390664}}
{"target": 115.94140618437332, "params": {"h": 18.0, "p": 268.0, "r": 41.0}, "datetime": {"datetime": "2024-05-06 17:08:43", "elapsed": 2236.024798, "delta": 18.968692}}
{"target": 130.03086078671862, "params": {"h": 24.0, "p": 279.0, "r": 43.0}, "datetime": {"datetime": "2024-05-06 17:09:02", "elapsed": 2254.629137, "delta": 18.604339}}
{"target": 59.8518424702636, "params": {"h": 31.0, "p": 271.0, "r": 58.0}, "datetime": {"datetime": "2024-05-06 17:09:18", "elapsed": 2270.981895, "delta": 16.352758}}
{"target": 30.481466089720648, "params": {"h": 15.0, "p": 249.0, "r": 44.0}, "datetime": {"datetime": "2024-05-06 17:09:35", "elapsed": 2287.869351, "delta": 16.887456}}
{"target": 77.26752754713404, "params": {"h": 38.0, "p": 267.0, "r": 52.0}, "datetime": {"datetime": "2024-05-06 17:09:53", "elapsed": 2305.845376, "delta": 17.976025}}
{"target": 67.59521397983269, "params": {"h": 17.0, "p": 249.0, "r": 34.0}, "datetime": {"datetime": "2024-05-06 17:10:11", "elapsed": 2324.035082, "delta": 18.189706}}
{"target": 169.134003109623, "params": {"h": 17.0, "p": 261.0, "r": 37.0}, "datetime": {"datetime": "2024-05-06 17:10:31", "elapsed": 2344.346104, "delta": 20.311022}}
{"target": 26.071787844236997, "params": {"h": 48.0, "p": 273.0, "r": 45.0}, "datetime": {"datetime": "2024-05-06 17:10:55", "elapsed": 2367.536398, "delta": 23.190294}}
{"target": 118.98222250960231, "params": {"h": 28.0, "p": 282.0, "r": 48.0}, "datetime": {"datetime": "2024-05-06 17:11:13", "elapsed": 2385.929381, "delta": 18.392983}}
{"target": 140.5886342393159, "params": {"h": 19.0, "p": 276.0, "r": 41.0}, "datetime": {"datetime": "2024-05-06 17:11:32", "elapsed": 2404.681741, "delta": 18.75236}}
{"target": 136.12766092593884, "params": {"h": 24.0, "p": 282.0, "r": 45.0}, "datetime": {"datetime": "2024-05-06 17:11:50", "elapsed": 2423.214064, "delta": 18.532323}}
{"target": 65.41112707885384, "params": {"h": 21.0, "p": 283.0, "r": 47.0}, "datetime": {"datetime": "2024-05-06 17:12:08", "elapsed": 2440.646377, "delta": 17.432313}}
{"target": 122.14144014191223, "params": {"h": 28.0, "p": 293.0, "r": 48.0}, "datetime": {"datetime": "2024-05-06 17:12:26", "elapsed": 2458.892844, "delta": 18.246467}}
{"target": 95.93711434746521, "params": {"h": 32.0, "p": 288.0, "r": 47.0}, "datetime": {"datetime": "2024-05-06 17:12:47", "elapsed": 2479.791684, "delta": 20.89884}}
{"target": 104.9617385516067, "params": {"h": 15.0, "p": 264.0, "r": 37.0}, "datetime": {"datetime": "2024-05-06 17:13:05", "elapsed": 2497.973685, "delta": 18.182001}}
{"target": 108.62550438707783, "params": {"h": 31.0, "p": 292.0, "r": 47.0}, "datetime": {"datetime": "2024-05-06 17:13:24", "elapsed": 2517.124467, "delta": 19.150782}}
{"target": 169.134003109623, "params": {"h": 17.0, "p": 261.0, "r": 37.0}, "datetime": {"datetime": "2024-05-06 17:13:24", "elapsed": 2517.411894, "delta": 0.287427}}
{"target": 132.74821796607117, "params": {"h": 25.0, "p": 285.0, "r": 44.0}, "datetime": {"datetime": "2024-05-06 17:13:44", "elapsed": 2536.462, "delta": 19.050106}}
{"target": 40.68405899678974, "params": {"h": 22.0, "p": 290.0, "r": 51.0}, "datetime": {"datetime": "2024-05-06 17:14:02", "elapsed": 2554.832411, "delta": 18.370411}}
{"target": 100.76021327755048, "params": {"h": 28.0, "p": 288.0, "r": 50.0}, "datetime": {"datetime": "2024-05-06 17:14:21", "elapsed": 2574.009648, "delta": 19.177237}}
{"target": 116.83886935703076, "params": {"h": 30.0, "p": 300.0, "r": 46.0}, "datetime": {"datetime": "2024-05-06 17:14:41", "elapsed": 2594.181957, "delta": 20.172309}}
{"target": 128.80902292613038, "params": {"h": 25.0, "p": 298.0, "r": 46.0}, "datetime": {"datetime": "2024-05-06 17:15:02", "elapsed": 2614.446876, "delta": 20.264919}}
{"target": 91.15448587708858, "params": {"h": 24.0, "p": 303.0, "r": 47.0}, "datetime": {"datetime": "2024-05-06 17:15:20", "elapsed": 2633.063851, "delta": 18.616975}}
{"target": 101.6339732230732, "params": {"h": 28.0, "p": 296.0, "r": 44.0}, "datetime": {"datetime": "2024-05-06 17:15:41", "elapsed": 2653.608675, "delta": 20.544824}}
{"target": 120.18693864086111, "params": {"h": 31.0, "p": 304.0, "r": 49.0}, "datetime": {"datetime": "2024-05-06 17:16:00", "elapsed": 2673.042742, "delta": 19.434067}}
{"target": 108.77550682081568, "params": {"h": 29.0, "p": 309.0, "r": 49.0}, "datetime": {"datetime": "2024-05-06 17:16:19", "elapsed": 2692.395889, "delta": 19.353147}}
{"target": 111.10594425802535, "params": {"h": 28.0, "p": 290.0, "r": 45.0}, "datetime": {"datetime": "2024-05-06 17:16:38", "elapsed": 2711.087438, "delta": 18.691549}}
{"target": 56.63558601258876, "params": {"h": 29.0, "p": 304.0, "r": 54.0}, "datetime": {"datetime": "2024-05-06 17:16:57", "elapsed": 2729.863186, "delta": 18.775748}}
{"target": 106.47082711300762, "params": {"h": 36.0, "p": 300.0, "r": 51.0}, "datetime": {"datetime": "2024-05-06 17:17:16", "elapsed": 2749.054636, "delta": 19.19145}}
{"target": 91.46688295727019, "params": {"h": 35.0, "p": 305.0, "r": 47.0}, "datetime": {"datetime": "2024-05-06 17:17:37", "elapsed": 2770.019995, "delta": 20.965359}}
{"target": 130.70979277264115, "params": {"h": 21.0, "p": 292.0, "r": 43.0}, "datetime": {"datetime": "2024-05-06 17:17:59", "elapsed": 2791.661591, "delta": 21.641596}}
{"target": 34.250832000061735, "params": {"h": 16.0, "p": 292.0, "r": 42.0}, "datetime": {"datetime": "2024-05-06 17:18:17", "elapsed": 2809.536366, "delta": 17.874775}}
{"target": 114.16644737283089, "params": {"h": 27.0, "p": 281.0, "r": 45.0}, "datetime": {"datetime": "2024-05-06 17:18:37", "elapsed": 2829.620839, "delta": 20.084473}}
{"target": 119.09938243484095, "params": {"h": 31.0, "p": 297.0, "r": 48.0}, "datetime": {"datetime": "2024-05-06 17:18:56", "elapsed": 2849.268129, "delta": 19.64729}}
{"target": 70.91226367448812, "params": {"h": 28.0, "p": 308.0, "r": 42.0}, "datetime": {"datetime": "2024-05-06 17:19:20", "elapsed": 2872.762504, "delta": 23.494375}}
{"target": 70.42479163029245, "params": {"h": 24.0, "p": 296.0, "r": 49.0}, "datetime": {"datetime": "2024-05-06 17:19:39", "elapsed": 2892.108064, "delta": 19.34556}}
{"target": 49.48222243331089, "params": {"h": 26.0, "p": 293.0, "r": 40.0}, "datetime": {"datetime": "2024-05-06 17:20:01", "elapsed": 2914.363811, "delta": 22.255747}}
{"target": 129.39967505565616, "params": {"h": 19.0, "p": 266.0, "r": 38.0}, "datetime": {"datetime": "2024-05-06 17:20:20", "elapsed": 2933.027028, "delta": 18.663217}}
{"target": 130.03654098825, "params": {"h": 22.0, "p": 288.0, "r": 44.0}, "datetime": {"datetime": "2024-05-06 17:20:39", "elapsed": 2951.682465, "delta": 18.655437}}
{"target": 156.80861512610528, "params": {"h": 21.0, "p": 299.0, "r": 40.0}, "datetime": {"datetime": "2024-05-06 17:21:01", "elapsed": 2973.565547, "delta": 21.883082}}
{"target": 16.797150465274136, "params": {"h": 26.0, "p": 303.0, "r": 36.0}, "datetime": {"datetime": "2024-05-06 17:21:24", "elapsed": 2996.821926, "delta": 23.256379}}
{"target": 145.26577086965185, "params": {"h": 24.0, "p": 291.0, "r": 44.0}, "datetime": {"datetime": "2024-05-06 17:21:43", "elapsed": 3015.839728, "delta": 19.017802}}
{"target": 152.33517872476727, "params": {"h": 20.0, "p": 296.0, "r": 39.0}, "datetime": {"datetime": "2024-05-06 17:22:04", "elapsed": 3037.290432, "delta": 21.450704}}
{"target": 34.94295434193518, "params": {"h": 18.0, "p": 299.0, "r": 45.0}, "datetime": {"datetime": "2024-05-06 17:22:24", "elapsed": 3056.545138, "delta": 19.254706}}
{"target": 69.34567082382755, "params": {"h": 32.0, "p": 296.0, "r": 55.0}, "datetime": {"datetime": "2024-05-06 17:22:41", "elapsed": 3073.521305, "delta": 16.976167}}
{"target": 64.12753097106363, "params": {"h": 15.0, "p": 258.0, "r": 39.0}, "datetime": {"datetime": "2024-05-06 17:22:58", "elapsed": 3090.676768, "delta": 17.155463}}
{"target": 84.78409602266198, "params": {"h": 40.0, "p": 295.0, "r": 50.0}, "datetime": {"datetime": "2024-05-06 17:23:19", "elapsed": 3112.127405, "delta": 21.450637}}
{"target": 23.58737837556196, "params": {"h": 22.0, "p": 297.0, "r": 35.0}, "datetime": {"datetime": "2024-05-06 17:23:42", "elapsed": 3134.823994, "delta": 22.696589}}
{"target": 152.4400950406466, "params": {"h": 18.0, "p": 297.0, "r": 39.0}, "datetime": {"datetime": "2024-05-06 17:24:02", "elapsed": 3154.94875, "delta": 20.124756}}
{"target": 147.93940891664013, "params": {"h": 24.0, "p": 297.0, "r": 44.0}, "datetime": {"datetime": "2024-05-06 17:24:23", "elapsed": 3175.522404, "delta": 20.573654}}
{"target": 96.70448711709186, "params": {"h": 41.0, "p": 303.0, "r": 53.0}, "datetime": {"datetime": "2024-05-06 17:24:42", "elapsed": 3195.162389, "delta": 19.639985}}
{"target": 117.40489741319773, "params": {"h": 31.0, "p": 315.0, "r": 49.0}, "datetime": {"datetime": "2024-05-06 17:25:03", "elapsed": 3216.206978, "delta": 21.044589}}
{"target": 59.700981965240494, "params": {"h": 31.0, "p": 313.0, "r": 54.0}, "datetime": {"datetime": "2024-05-06 17:25:23", "elapsed": 3235.947732, "delta": 19.740754}}
{"target": 105.86311537490639, "params": {"h": 24.0, "p": 301.0, "r": 41.0}, "datetime": {"datetime": "2024-05-06 17:25:43", "elapsed": 3255.840096, "delta": 19.892364}}
{"target": 115.54873687305293, "params": {"h": 25.0, "p": 313.0, "r": 46.0}, "datetime": {"datetime": "2024-05-06 17:26:03", "elapsed": 3275.660064, "delta": 19.819968}}
{"target": 61.498375395861665, "params": {"h": 32.0, "p": 315.0, "r": 43.0}, "datetime": {"datetime": "2024-05-06 17:26:24", "elapsed": 3297.320098, "delta": 21.660034}}
{"target": 146.51858952653436, "params": {"h": 15.0, "p": 302.0, "r": 35.0}, "datetime": {"datetime": "2024-05-06 17:26:45", "elapsed": 3317.636068, "delta": 20.31597}}
{"target": 9.27469654774016, "params": {"h": 17.0, "p": 303.0, "r": 29.0}, "datetime": {"datetime": "2024-05-06 17:27:08", "elapsed": 3341.267169, "delta": 23.631101}}
{"target": 105.46587550379824, "params": {"h": 15.0, "p": 298.0, "r": 36.0}, "datetime": {"datetime": "2024-05-06 17:27:29", "elapsed": 3362.169531, "delta": 20.902362}}
{"target": 99.23262474545021, "params": {"h": 20.0, "p": 316.0, "r": 42.0}, "datetime": {"datetime": "2024-05-06 17:27:50", "elapsed": 3382.914419, "delta": 20.744888}}
{"target": 107.58666299472863, "params": {"h": 19.0, "p": 309.0, "r": 41.0}, "datetime": {"datetime": "2024-05-06 17:28:10", "elapsed": 3403.343539, "delta": 20.42912}}
{"target": 23.72777309861587, "params": {"h": 19.0, "p": 313.0, "r": 48.0}, "datetime": {"datetime": "2024-05-06 17:28:29", "elapsed": 3422.365759, "delta": 19.02222}}
{"target": 150.20573360192157, "params": {"h": 18.0, "p": 300.0, "r": 39.0}, "datetime": {"datetime": "2024-05-06 17:28:49", "elapsed": 3442.161792, "delta": 19.796033}}
{"target": 92.98431299518897, "params": {"h": 33.0, "p": 323.0, "r": 51.0}, "datetime": {"datetime": "2024-05-06 17:29:09", "elapsed": 3462.257353, "delta": 20.095561}}
{"target": 82.51730395931308, "params": {"h": 27.0, "p": 315.0, "r": 49.0}, "datetime": {"datetime": "2024-05-06 17:29:28", "elapsed": 3480.581428, "delta": 18.324075}}
{"target": 159.50780450415576, "params": {"h": 16.0, "p": 264.0, "r": 35.0}, "datetime": {"datetime": "2024-05-06 17:29:47", "elapsed": 3499.691235, "delta": 19.109807}}
{"target": 128.8620431760812, "params": {"h": 17.0, "p": 306.0, "r": 38.0}, "datetime": {"datetime": "2024-05-06 17:30:08", "elapsed": 3521.312651, "delta": 21.621416}}
{"target": 38.9656752017263, "params": {"h": 23.0, "p": 315.0, "r": 37.0}, "datetime": {"datetime": "2024-05-06 17:30:31", "elapsed": 3544.284576, "delta": 22.971925}}
{"target": 130.6146864641606, "params": {"h": 25.0, "p": 288.0, "r": 46.0}, "datetime": {"datetime": "2024-05-06 17:30:50", "elapsed": 3563.28104, "delta": 18.996464}}
{"target": 67.41396932012637, "params": {"h": 44.0, "p": 308.0, "r": 59.0}, "datetime": {"datetime": "2024-05-06 17:31:10", "elapsed": 3583.360435, "delta": 20.079395}}
{"target": 122.6815429358351, "params": {"h": 23.0, "p": 295.0, "r": 41.0}, "datetime": {"datetime": "2024-05-06 17:31:33", "elapsed": 3605.852401, "delta": 22.491966}}
{"target": 178.9903035804764, "params": {"h": 17.0, "p": 301.0, "r": 36.0}, "datetime": {"datetime": "2024-05-06 17:31:55", "elapsed": 3627.505464, "delta": 21.653063}}
{"target": 114.47732114816716, "params": {"h": 38.0, "p": 319.0, "r": 49.0}, "datetime": {"datetime": "2024-05-06 17:32:17", "elapsed": 3649.681457, "delta": 22.175993}}
{"target": 151.13467635039422, "params": {"h": 19.0, "p": 303.0, "r": 40.0}, "datetime": {"datetime": "2024-05-06 17:32:37", "elapsed": 3669.894589, "delta": 20.213132}}
{"target": 45.90256916039378, "params": {"h": 44.0, "p": 326.0, "r": 45.0}, "datetime": {"datetime": "2024-05-06 17:33:02", "elapsed": 3694.963941, "delta": 25.069352}}
{"target": 71.49152392623888, "params": {"h": 40.0, "p": 313.0, "r": 47.0}, "datetime": {"datetime": "2024-05-06 17:33:25", "elapsed": 3717.57172, "delta": 22.607779}}
{"target": 94.39425865687141, "params": {"h": 42.0, "p": 317.0, "r": 54.0}, "datetime": {"datetime": "2024-05-06 17:33:47", "elapsed": 3739.696548, "delta": 22.124828}}
{"target": 155.5453788622641, "params": {"h": 20.0, "p": 297.0, "r": 41.0}, "datetime": {"datetime": "2024-05-06 17:34:07", "elapsed": 3760.414571, "delta": 20.718023}}
{"target": 59.772134347199696, "params": {"h": 46.0, "p": 323.0, "r": 59.0}, "datetime": {"datetime": "2024-05-06 17:34:28", "elapsed": 3780.444395, "delta": 20.029824}}
{"target": 66.1717791853367, "params": {"h": 50.0, "p": 299.0, "r": 51.0}, "datetime": {"datetime": "2024-05-06 17:34:49", "elapsed": 3801.434584, "delta": 20.990189}}
{"target": 49.74297147064849, "params": {"h": 17.0, "p": 324.0, "r": 40.0}, "datetime": {"datetime": "2024-05-06 17:35:09", "elapsed": 3822.299264, "delta": 20.86468}}
{"target": 51.56835710497375, "params": {"h": 18.0, "p": 301.0, "r": 34.0}, "datetime": {"datetime": "2024-05-06 17:35:30", "elapsed": 3842.970396, "delta": 20.671132}}
{"target": 179.3960836287033, "params": {"h": 18.0, "p": 301.0, "r": 38.0}, "datetime": {"datetime": "2024-05-06 17:35:49", "elapsed": 3862.336132, "delta": 19.365736}}
{"target": 30.506111569974994, "params": {"h": 32.0, "p": 324.0, "r": 59.0}, "datetime": {"datetime": "2024-05-06 17:36:09", "elapsed": 3882.360083, "delta": 20.023951}}
{"target": 108.45513452929109, "params": {"h": 35.0, "p": 316.0, "r": 51.0}, "datetime": {"datetime": "2024-05-06 17:36:31", "elapsed": 3904.031067, "delta": 21.670984}}
{"target": 35.66104838647241, "params": {"h": 39.0, "p": 297.0, "r": 44.0}, "datetime": {"datetime": "2024-05-06 17:36:52", "elapsed": 3925.401808, "delta": 21.370741}}
{"target": 142.81960795574216, "params": {"h": 31.0, "p": 328.0, "r": 46.0}, "datetime": {"datetime": "2024-05-06 17:37:14", "elapsed": 3946.731143, "delta": 21.329335}}
{"target": 111.36297353885149, "params": {"h": 28.0, "p": 321.0, "r": 43.0}, "datetime": {"datetime": "2024-05-06 17:37:35", "elapsed": 3968.385112, "delta": 21.653969}}
{"target": 103.79934486081697, "params": {"h": 27.0, "p": 325.0, "r": 47.0}, "datetime": {"datetime": "2024-05-06 17:37:56", "elapsed": 3988.907631, "delta": 20.522519}}
{"target": 178.32515502147717, "params": {"h": 18.0, "p": 303.0, "r": 38.0}, "datetime": {"datetime": "2024-05-06 17:38:15", "elapsed": 4007.95216, "delta": 19.044529}}
{"target": 136.63521744957805, "params": {"h": 34.0, "p": 332.0, "r": 47.0}, "datetime": {"datetime": "2024-05-06 17:38:38", "elapsed": 4031.022267, "delta": 23.070107}}
{"target": 56.227597993132925, "params": {"h": 34.0, "p": 325.0, "r": 43.0}, "datetime": {"datetime": "2024-05-06 17:39:01", "elapsed": 4053.625867, "delta": 22.6036}}
{"target": 109.04423152919344, "params": {"h": 29.0, "p": 335.0, "r": 47.0}, "datetime": {"datetime": "2024-05-06 17:39:22", "elapsed": 4074.632905, "delta": 21.007038}}
{"target": 151.65057449289296, "params": {"h": 17.0, "p": 272.0, "r": 36.0}, "datetime": {"datetime": "2024-05-06 17:39:42", "elapsed": 4095.409817, "delta": 20.776912}}
{"target": 28.039268750232047, "params": {"h": 32.0, "p": 335.0, "r": 57.0}, "datetime": {"datetime": "2024-05-06 17:40:01", "elapsed": 4114.126437, "delta": 18.71662}}
{"target": 178.31041897080377, "params": {"h": 16.0, "p": 262.0, "r": 36.0}, "datetime": {"datetime": "2024-05-06 17:40:21", "elapsed": 4134.320286, "delta": 20.193849}}
{"target": 118.15076678574363, "params": {"h": 27.0, "p": 330.0, "r": 42.0}, "datetime": {"datetime": "2024-05-06 17:40:43", "elapsed": 4155.9115, "delta": 21.591214}}
{"target": 64.16691846613365, "params": {"h": 31.0, "p": 330.0, "r": 42.0}, "datetime": {"datetime": "2024-05-06 17:41:04", "elapsed": 4176.997563, "delta": 21.086063}}
{"target": 125.75358399438566, "params": {"h": 36.0, "p": 330.0, "r": 49.0}, "datetime": {"datetime": "2024-05-06 17:41:25", "elapsed": 4198.166842, "delta": 21.169279}}
{"target": 167.26976117428597, "params": {"h": 22.0, "p": 331.0, "r": 41.0}, "datetime": {"datetime": "2024-05-06 17:41:47", "elapsed": 4219.54478, "delta": 21.377938}}
{"target": 142.0204485644656, "params": {"h": 24.0, "p": 339.0, "r": 40.0}, "datetime": {"datetime": "2024-05-06 17:42:08", "elapsed": 4241.017556, "delta": 21.472776}}
{"target": 37.30374106343971, "params": {"h": 22.0, "p": 338.0, "r": 46.0}, "datetime": {"datetime": "2024-05-06 17:42:28", "elapsed": 4260.890007, "delta": 19.872451}}
{"target": 12.663888492849008, "params": {"h": 24.0, "p": 336.0, "r": 34.0}, "datetime": {"datetime": "2024-05-06 17:42:51", "elapsed": 4283.991277, "delta": 23.10127}}
{"target": 31.75128278464704, "params": {"h": 21.0, "p": 329.0, "r": 47.0}, "datetime": {"datetime": "2024-05-06 17:43:11", "elapsed": 4303.853568, "delta": 19.862291}}
{"target": 84.23061119232577, "params": {"h": 24.0, "p": 332.0, "r": 39.0}, "datetime": {"datetime": "2024-05-06 17:43:33", "elapsed": 4325.57395, "delta": 21.720382}}
{"target": 68.5575152661966, "params": {"h": 41.0, "p": 335.0, "r": 45.0}, "datetime": {"datetime": "2024-05-06 17:43:56", "elapsed": 4348.605469, "delta": 23.031519}}
{"target": 115.5709722359306, "params": {"h": 33.0, "p": 329.0, "r": 49.0}, "datetime": {"datetime": "2024-05-06 17:44:18", "elapsed": 4370.757361, "delta": 22.151892}}
{"target": 172.9686937069386, "params": {"h": 21.0, "p": 331.0, "r": 39.0}, "datetime": {"datetime": "2024-05-06 17:44:41", "elapsed": 4393.650542, "delta": 22.893181}}
{"target": 180.09146774494144, "params": {"h": 17.0, "p": 301.0, "r": 37.0}, "datetime": {"datetime": "2024-05-06 17:45:02", "elapsed": 4414.866666, "delta": 21.216124}}
{"target": 82.70592190767546, "params": {"h": 29.0, "p": 329.0, "r": 49.0}, "datetime": {"datetime": "2024-05-06 17:45:22", "elapsed": 4434.835765, "delta": 19.969099}}
{"target": 91.63206180102922, "params": {"h": 23.0, "p": 325.0, "r": 39.0}, "datetime": {"datetime": "2024-05-06 17:45:43", "elapsed": 4456.357463, "delta": 21.521698}}
{"target": 120.7893845716171, "params": {"h": 16.0, "p": 330.0, "r": 36.0}, "datetime": {"datetime": "2024-05-06 17:46:04", "elapsed": 4477.106385, "delta": 20.748922}}
{"target": 21.457797233443877, "params": {"h": 15.0, "p": 338.0, "r": 39.0}, "datetime": {"datetime": "2024-05-06 17:46:26", "elapsed": 4499.048764, "delta": 21.942379}}
{"target": 70.52867531670977, "params": {"h": 19.0, "p": 332.0, "r": 41.0}, "datetime": {"datetime": "2024-05-06 17:46:48", "elapsed": 4521.132917, "delta": 22.084153}}
{"target": 151.91989604391378, "params": {"h": 28.0, "p": 338.0, "r": 43.0}, "datetime": {"datetime": "2024-05-06 17:47:11", "elapsed": 4543.857419, "delta": 22.724502}}
{"target": 108.62233516922714, "params": {"h": 19.0, "p": 330.0, "r": 36.0}, "datetime": {"datetime": "2024-05-06 17:47:34", "elapsed": 4567.016413, "delta": 23.158994}}
