{"target": 90.26262569423416, "params": {"h": 40.0, "p": 309.0, "r": 49.0}, "datetime": {"datetime": "2024-05-19 15:02:40", "elapsed": 2492.912842, "delta": 23.511512}}
{"target": 107.21135335753085, "params": {"h": 36.0, "p": 300.0, "r": 50.0}, "datetime": {"datetime": "2024-05-19 15:03:03", "elapsed": 2515.764296, "delta": 22.851454}}
{"target": 70.2876407851208, "params": {"h": 46.0, "p": 307.0, "r": 59.0}, "datetime": {"datetime": "2024-05-19 15:03:24", "elapsed": 2536.827893, "delta": 21.063597}}
{"target": 71.64614241010891, "params": {"h": 45.0, "p": 308.0, "r": 49.0}, "datetime": {"datetime": "2024-05-19 15:03:48", "elapsed": 2560.709039, "delta": 23.881146}}
{"target": 93.16411400951218, "params": {"h": 45.0, "p": 307.0, "r": 54.0}, "datetime": {"datetime": "2024-05-19 15:04:10", "elapsed": 2583.452835, "delta": 22.743796}}
{"target": 90.49075499584373, "params": {"h": 39.0, "p": 304.0, "r": 49.0}, "datetime": {"datetime": "2024-05-19 15:04:33", "elapsed": 2606.650903, "delta": 23.198068}}
{"target": 106.24538937837706, "params": {"h": 37.0, "p": 302.0, "r": 51.0}, "datetime": {"datetime": "2024-05-19 15:04:56", "elapsed": 2629.429328, "delta": 22.778425}}
{"target": 99.31344839505867, "params": {"h": 40.0, "p": 305.0, "r": 51.0}, "datetime": {"datetime": "2024-05-19 15:05:19", "elapsed": 2652.4571, "delta": 23.027772}}
{"target": 90.69772069528364, "params": {"h": 38.0, "p": 299.0, "r": 49.0}, "datetime": {"datetime": "2024-05-19 15:05:42", "elapsed": 2675.220719, "delta": 22.763619}}
{"target": 113.62753462330991, "params": {"h": 33.0, "p": 301.0, "r": 50.0}, "datetime": {"datetime": "2024-05-19 15:06:03", "elapsed": 2696.099449, "delta": 20.87873}}
{"target": 106.53808838628399, "params": {"h": 35.0, "p": 307.0, "r": 48.0}, "datetime": {"datetime": "2024-05-19 15:06:27", "elapsed": 2720.463067, "delta": 24.363618}}
{"target": 111.64042354417076, "params": {"h": 34.0, "p": 302.0, "r": 49.0}, "datetime": {"datetime": "2024-05-19 15:06:51", "elapsed": 2743.692893, "delta": 23.229826}}
{"target": 90.86897511250702, "params": {"h": 31.0, "p": 298.0, "r": 52.0}, "datetime": {"datetime": "2024-05-19 15:07:11", "elapsed": 2763.690122, "delta": 19.997229}}
{"target": 124.81485198224841, "params": {"h": 29.0, "p": 302.0, "r": 48.0}, "datetime": {"datetime": "2024-05-19 15:07:32", "elapsed": 2785.563418, "delta": 21.873296}}
{"target": 55.9306791371426, "params": {"h": 24.0, "p": 301.0, "r": 50.0}, "datetime": {"datetime": "2024-05-19 15:07:54", "elapsed": 2806.755731, "delta": 21.192313}}
{"target": 115.53214002155664, "params": {"h": 33.0, "p": 308.0, "r": 50.0}, "datetime": {"datetime": "2024-05-19 15:08:13", "elapsed": 2826.36524, "delta": 19.609509}}
{"target": 45.946071583622505, "params": {"h": 36.0, "p": 301.0, "r": 44.0}, "datetime": {"datetime": "2024-05-19 15:08:37", "elapsed": 2849.72579, "delta": 23.36055}}
{"target": 127.86254646441154, "params": {"h": 28.0, "p": 304.0, "r": 45.0}, "datetime": {"datetime": "2024-05-19 15:09:00", "elapsed": 2873.222886, "delta": 23.497096}}
{"target": 95.98713256578009, "params": {"h": 33.0, "p": 308.0, "r": 46.0}, "datetime": {"datetime": "2024-05-19 15:09:22", "elapsed": 2895.547067, "delta": 22.324181}}
{"target": 123.40763046548847, "params": {"h": 30.0, "p": 298.0, "r": 48.0}, "datetime": {"datetime": "2024-05-19 15:09:43", "elapsed": 2916.111336, "delta": 20.564269}}
{"target": 60.69647230300536, "params": {"h": 31.0, "p": 305.0, "r": 43.0}, "datetime": {"datetime": "2024-05-19 15:10:06", "elapsed": 2939.493824, "delta": 23.382488}}
{"target": 91.22652893014396, "params": {"h": 34.0, "p": 298.0, "r": 47.0}, "datetime": {"datetime": "2024-05-19 15:10:30", "elapsed": 2963.509027, "delta": 24.015203}}
{"target": 113.1366011907014, "params": {"h": 32.0, "p": 303.0, "r": 47.0}, "datetime": {"datetime": "2024-05-19 15:10:54", "elapsed": 2987.092901, "delta": 23.583874}}
{"target": 117.31203369083244, "params": {"h": 33.0, "p": 304.0, "r": 49.0}, "datetime": {"datetime": "2024-05-19 15:11:17", "elapsed": 3010.26703, "delta": 23.174129}}
{"target": 137.58844545358096, "params": {"h": 27.0, "p": 302.0, "r": 45.0}, "datetime": {"datetime": "2024-05-19 15:11:40", "elapsed": 3033.180441, "delta": 22.913411}}
{"target": 149.17306242918784, "params": {"h": 24.0, "p": 305.0, "r": 44.0}, "datetime": {"datetime": "2024-05-19 15:12:03", "elapsed": 3056.345268, "delta": 23.164827}}
{"target": 113.05282024376197, "params": {"h": 24.0, "p": 301.0, "r": 46.0}, "datetime": {"datetime": "2024-05-19 15:12:25", "elapsed": 3078.438664, "delta": 22.093396}}
{"target": 115.33285807144767, "params": {"h": 20.0, "p": 305.0, "r": 42.0}, "datetime": {"datetime": "2024-05-19 15:12:48", "elapsed": 3101.095829, "delta": 22.657165}}
{"target": 31.547070620160184, "params": {"h": 18.0, "p": 307.0, "r": 45.0}, "datetime": {"datetime": "2024-05-19 15:13:09", "elapsed": 3122.662885, "delta": 21.567056}}
{"target": 109.36140990912358, "params": {"h": 24.0, "p": 302.0, "r": 41.0}, "datetime": {"datetime": "2024-05-19 15:13:31", "elapsed": 3144.45706, "delta": 21.794175}}
{"target": 150.14268814361972, "params": {"h": 21.0, "p": 302.0, "r": 42.0}, "datetime": {"datetime": "2024-05-19 15:13:52", "elapsed": 3165.643125, "delta": 21.186065}}
{"target": 126.27356854539347, "params": {"h": 28.0, "p": 301.0, "r": 45.0}, "datetime": {"datetime": "2024-05-19 15:14:16", "elapsed": 3188.89172, "delta": 23.248595}}
{"target": 98.80373104291101, "params": {"h": 17.0, "p": 301.0, "r": 39.0}, "datetime": {"datetime": "2024-05-19 15:14:37", "elapsed": 3210.490047, "delta": 21.598327}}
{"target": 137.08733591598093, "params": {"h": 23.0, "p": 304.0, "r": 44.0}, "datetime": {"datetime": "2024-05-19 15:14:59", "elapsed": 3231.9465, "delta": 21.456453}}
{"target": 20.20242051896599, "params": {"h": 21.0, "p": 305.0, "r": 34.0}, "datetime": {"datetime": "2024-05-19 15:15:21", "elapsed": 3253.69176, "delta": 21.74526}}
{"target": 55.64673124492356, "params": {"h": 19.0, "p": 299.0, "r": 44.0}, "datetime": {"datetime": "2024-05-19 15:15:41", "elapsed": 3273.699407, "delta": 20.007647}}
{"target": 147.16611661809299, "params": {"h": 24.0, "p": 311.0, "r": 44.0}, "datetime": {"datetime": "2024-05-19 15:16:03", "elapsed": 3296.25411, "delta": 22.554703}}
{"target": 161.78422568596142, "params": {"h": 23.0, "p": 310.0, "r": 42.0}, "datetime": {"datetime": "2024-05-19 15:16:26", "elapsed": 3318.895442, "delta": 22.641332}}
{"target": 153.04949291355584, "params": {"h": 25.0, "p": 311.0, "r": 44.0}, "datetime": {"datetime": "2024-05-19 15:16:48", "elapsed": 3341.640375, "delta": 22.744933}}
{"target": 148.23344866709675, "params": {"h": 25.0, "p": 309.0, "r": 43.0}, "datetime": {"datetime": "2024-05-19 15:17:11", "elapsed": 3364.53676, "delta": 22.896385}}
{"target": 132.87828982992778, "params": {"h": 26.0, "p": 307.0, "r": 46.0}, "datetime": {"datetime": "2024-05-19 15:17:32", "elapsed": 3385.583164, "delta": 21.046404}}
{"target": 115.54873687307428, "params": {"h": 25.0, "p": 313.0, "r": 46.0}, "datetime": {"datetime": "2024-05-19 15:17:55", "elapsed": 3408.024866, "delta": 22.441702}}
{"target": 27.1165618096498, "params": {"h": 23.0, "p": 313.0, "r": 36.0}, "datetime": {"datetime": "2024-05-19 15:18:18", "elapsed": 3431.089829, "delta": 23.064963}}
{"target": 66.0933989231563, "params": {"h": 31.0, "p": 315.0, "r": 53.0}, "datetime": {"datetime": "2024-05-19 15:18:39", "elapsed": 3451.903907, "delta": 20.814078}}
{"target": 126.36558412505127, "params": {"h": 28.0, "p": 315.0, "r": 44.0}, "datetime": {"datetime": "2024-05-19 15:19:00", "elapsed": 3473.299019, "delta": 21.395112}}
{"target": 135.85066126423092, "params": {"h": 21.0, "p": 313.0, "r": 42.0}, "datetime": {"datetime": "2024-05-19 15:19:23", "elapsed": 3495.927907, "delta": 22.628888}}
{"target": 41.35691385282637, "params": {"h": 33.0, "p": 315.0, "r": 42.0}, "datetime": {"datetime": "2024-05-19 15:19:48", "elapsed": 3520.739829, "delta": 24.811922}}
{"target": 132.73578477751653, "params": {"h": 26.0, "p": 313.0, "r": 43.0}, "datetime": {"datetime": "2024-05-19 15:20:10", "elapsed": 3542.930135, "delta": 22.190306}}
{"target": 144.8258836373513, "params": {"h": 23.0, "p": 310.0, "r": 41.0}, "datetime": {"datetime": "2024-05-19 15:20:33", "elapsed": 3566.39701, "delta": 23.466875}}
{"target": 158.69619868374005, "params": {"h": 24.0, "p": 312.0, "r": 43.0}, "datetime": {"datetime": "2024-05-19 15:20:57", "elapsed": 3590.033856, "delta": 23.636846}}
{"target": 127.15472848185995, "params": {"h": 28.0, "p": 316.0, "r": 47.0}, "datetime": {"datetime": "2024-05-19 15:21:19", "elapsed": 3612.335434, "delta": 22.301578}}
{"target": 144.0096100858237, "params": {"h": 26.0, "p": 304.0, "r": 45.0}, "datetime": {"datetime": "2024-05-19 15:21:41", "elapsed": 3634.080318, "delta": 21.744884}}
{"target": 134.5131857489795, "params": {"h": 29.0, "p": 312.0, "r": 47.0}, "datetime": {"datetime": "2024-05-19 15:22:02", "elapsed": 3655.423763, "delta": 21.343445}}
{"target": 93.94056256437935, "params": {"h": 29.0, "p": 322.0, "r": 49.0}, "datetime": {"datetime": "2024-05-19 15:22:24", "elapsed": 3677.002168, "delta": 21.578405}}
{"target": 139.73812728525746, "params": {"h": 21.0, "p": 310.0, "r": 42.0}, "datetime": {"datetime": "2024-05-19 15:22:48", "elapsed": 3701.039106, "delta": 24.036938}}
{"target": 166.19046151989767, "params": {"h": 23.0, "p": 320.0, "r": 42.0}, "datetime": {"datetime": "2024-05-19 15:23:08", "elapsed": 3721.542118, "delta": 20.503012}}
{"target": 28.989307731974304, "params": {"h": 18.0, "p": 323.0, "r": 44.0}, "datetime": {"datetime": "2024-05-19 15:23:30", "elapsed": 3743.282742, "delta": 21.740624}}
{"target": 107.97912886065714, "params": {"h": 27.0, "p": 325.0, "r": 42.0}, "datetime": {"datetime": "2024-05-19 15:23:53", "elapsed": 3766.649459, "delta": 23.366717}}
{"target": 64.13714637367868, "params": {"h": 24.0, "p": 318.0, "r": 39.0}, "datetime": {"datetime": "2024-05-19 15:24:16", "elapsed": 3789.468461, "delta": 22.819002}}
{"target": 161.58759390021405, "params": {"h": 25.0, "p": 324.0, "r": 43.0}, "datetime": {"datetime": "2024-05-19 15:24:39", "elapsed": 3812.213629, "delta": 22.745168}}
{"target": 105.81476384763458, "params": {"h": 24.0, "p": 324.0, "r": 40.0}, "datetime": {"datetime": "2024-05-19 15:25:02", "elapsed": 3834.690069, "delta": 22.47644}}
{"target": 41.072942970248285, "params": {"h": 25.0, "p": 327.0, "r": 50.0}, "datetime": {"datetime": "2024-05-19 15:25:23", "elapsed": 3856.63063, "delta": 21.940561}}
{"target": 86.63029807084877, "params": {"h": 29.0, "p": 290.0, "r": 44.0}, "datetime": {"datetime": "2024-05-19 15:25:45", "elapsed": 3878.601639, "delta": 21.971009}}
{"target": 97.64455948153986, "params": {"h": 29.0, "p": 322.0, "r": 43.0}, "datetime": {"datetime": "2024-05-19 15:26:12", "elapsed": 3904.969682, "delta": 26.368043}}
{"target": 105.13445368717174, "params": {"h": 32.0, "p": 291.0, "r": 51.0}, "datetime": {"datetime": "2024-05-19 15:26:32", "elapsed": 3925.21449, "delta": 20.244808}}
{"target": 93.74277051493449, "params": {"h": 24.0, "p": 316.0, "r": 46.0}, "datetime": {"datetime": "2024-05-19 15:26:53", "elapsed": 3946.022447, "delta": 20.807957}}
{"target": 151.15145708138314, "params": {"h": 26.0, "p": 323.0, "r": 43.0}, "datetime": {"datetime": "2024-05-19 15:27:14", "elapsed": 3967.137327, "delta": 21.11488}}
{"target": 95.4639683348496, "params": {"h": 26.0, "p": 292.0, "r": 49.0}, "datetime": {"datetime": "2024-05-19 15:27:35", "elapsed": 3987.920523, "delta": 20.783196}}
{"target": 75.86143818052302, "params": {"h": 29.0, "p": 288.0, "r": 53.0}, "datetime": {"datetime": "2024-05-19 15:27:54", "elapsed": 4007.300392, "delta": 19.379869}}
{"target": 48.21207766907022, "params": {"h": 36.0, "p": 285.0, "r": 45.0}, "datetime": {"datetime": "2024-05-19 15:28:18", "elapsed": 4031.24592, "delta": 23.945528}}
{"target": 160.46718222227545, "params": {"h": 24.0, "p": 321.0, "r": 42.0}, "datetime": {"datetime": "2024-05-19 15:28:43", "elapsed": 4056.322057, "delta": 25.076137}}
{"target": 58.71261505864592, "params": {"h": 23.0, "p": 320.0, "r": 47.0}, "datetime": {"datetime": "2024-05-19 15:29:06", "elapsed": 4079.258815, "delta": 22.936758}}
{"target": 62.7736241003937, "params": {"h": 39.0, "p": 287.0, "r": 60.0}, "datetime": {"datetime": "2024-05-19 15:29:28", "elapsed": 4100.740509, "delta": 21.481694}}
{"target": 138.15056228549224, "params": {"h": 22.0, "p": 285.0, "r": 41.0}, "datetime": {"datetime": "2024-05-19 15:29:48", "elapsed": 4121.039126, "delta": 20.298617}}
{"target": 155.748431331363, "params": {"h": 26.0, "p": 322.0, "r": 44.0}, "datetime": {"datetime": "2024-05-19 15:30:11", "elapsed": 4144.239379, "delta": 23.200253}}
{"target": 38.21534878338004, "params": {"h": 20.0, "p": 285.0, "r": 49.0}, "datetime": {"datetime": "2024-05-19 15:30:31", "elapsed": 4163.716742, "delta": 19.477363}}
{"target": 7.599189728568904, "params": {"h": 24.0, "p": 285.0, "r": 32.0}, "datetime": {"datetime": "2024-05-19 15:30:57", "elapsed": 4190.136713, "delta": 26.419971}}
{"target": 44.56628337432412, "params": {"h": 17.0, "p": 283.0, "r": 43.0}, "datetime": {"datetime": "2024-05-19 15:31:18", "elapsed": 4211.297468, "delta": 21.160755}}
{"target": 137.89813085323144, "params": {"h": 23.0, "p": 275.0, "r": 43.0}, "datetime": {"datetime": "2024-05-19 15:31:39", "elapsed": 4231.751001, "delta": 20.453533}}
{"target": 111.90779562617608, "params": {"h": 25.0, "p": 280.0, "r": 43.0}, "datetime": {"datetime": "2024-05-19 15:31:59", "elapsed": 4252.246626, "delta": 20.495625}}
{"target": 96.70583126327655, "params": {"h": 25.0, "p": 285.0, "r": 42.0}, "datetime": {"datetime": "2024-05-19 15:32:20", "elapsed": 4273.620759, "delta": 21.374133}}
{"target": 145.7194880079097, "params": {"h": 21.0, "p": 291.0, "r": 40.0}, "datetime": {"datetime": "2024-05-19 15:32:42", "elapsed": 4294.7778, "delta": 21.157041}}
{"target": 66.27680032200801, "params": {"h": 24.0, "p": 277.0, "r": 40.0}, "datetime": {"datetime": "2024-05-19 15:33:05", "elapsed": 4318.563089, "delta": 23.785289}}
{"target": 108.190805960345, "params": {"h": 25.0, "p": 275.0, "r": 48.0}, "datetime": {"datetime": "2024-05-19 15:33:25", "elapsed": 4338.202977, "delta": 19.639888}}
{"target": 131.89457647442077, "params": {"h": 24.0, "p": 272.0, "r": 45.0}, "datetime": {"datetime": "2024-05-19 15:33:44", "elapsed": 4357.316046, "delta": 19.113069}}
{"target": 132.0321842946784, "params": {"h": 16.0, "p": 292.0, "r": 37.0}, "datetime": {"datetime": "2024-05-19 15:34:05", "elapsed": 4378.339933, "delta": 21.023887}}
{"target": 55.20723127700156, "params": {"h": 20.0, "p": 291.0, "r": 36.0}, "datetime": {"datetime": "2024-05-19 15:34:29", "elapsed": 4402.62597, "delta": 24.286037}}
{"target": 103.90693662677774, "params": {"h": 21.0, "p": 269.0, "r": 45.0}, "datetime": {"datetime": "2024-05-19 15:34:50", "elapsed": 4423.474474, "delta": 20.848504}}
{"target": 98.7653811192344, "params": {"h": 31.0, "p": 267.0, "r": 50.0}, "datetime": {"datetime": "2024-05-19 15:35:10", "elapsed": 4443.020932, "delta": 19.546458}}
{"target": 32.707662632826015, "params": {"h": 16.0, "p": 294.0, "r": 42.0}, "datetime": {"datetime": "2024-05-19 15:35:29", "elapsed": 4462.661405, "delta": 19.640473}}
{"target": 150.6491307096427, "params": {"h": 19.0, "p": 287.0, "r": 38.0}, "datetime": {"datetime": "2024-05-19 15:35:52", "elapsed": 4485.251922, "delta": 22.590517}}
{"target": 65.44105269873961, "params": {"h": 19.0, "p": 288.0, "r": 44.0}, "datetime": {"datetime": "2024-05-19 15:36:12", "elapsed": 4505.415041, "delta": 20.163119}}
{"target": 126.49126364636552, "params": {"h": 24.0, "p": 294.0, "r": 42.0}, "datetime": {"datetime": "2024-05-19 15:36:35", "elapsed": 4528.418646, "delta": 23.003605}}
{"target": 83.27206258831696, "params": {"h": 22.0, "p": 286.0, "r": 39.0}, "datetime": {"datetime": "2024-05-19 15:36:57", "elapsed": 4550.567866, "delta": 22.14922}}
{"target": 66.77865356150436, "params": {"h": 31.0, "p": 272.0, "r": 45.0}, "datetime": {"datetime": "2024-05-19 15:37:19", "elapsed": 4572.14332, "delta": 21.575454}}
{"target": 160.1716970069042, "params": {"h": 24.0, "p": 317.0, "r": 43.0}, "datetime": {"datetime": "2024-05-19 15:37:43", "elapsed": 4595.790673, "delta": 23.647353}}
{"target": 83.84669700256175, "params": {"h": 21.0, "p": 274.0, "r": 46.0}, "datetime": {"datetime": "2024-05-19 15:38:02", "elapsed": 4615.656499, "delta": 19.865826}}
{"target": 176.7261949996206, "params": {"h": 16.0, "p": 284.0, "r": 35.0}, "datetime": {"datetime": "2024-05-19 15:38:25", "elapsed": 4638.157842, "delta": 22.501343}}
{"target": 167.08053217325258, "params": {"h": 17.0, "p": 284.0, "r": 36.0}, "datetime": {"datetime": "2024-05-19 15:38:48", "elapsed": 4661.099365, "delta": 22.941523}}
{"target": 106.42225724935626, "params": {"h": 16.0, "p": 283.0, "r": 38.0}, "datetime": {"datetime": "2024-05-19 15:39:09", "elapsed": 4681.733297, "delta": 20.633932}}
{"target": 77.93912813418147, "params": {"h": 23.0, "p": 266.0, "r": 40.0}, "datetime": {"datetime": "2024-05-19 15:39:31", "elapsed": 4703.792776, "delta": 22.059479}}
{"target": 6.472017585756268, "params": {"h": 16.0, "p": 287.0, "r": 27.0}, "datetime": {"datetime": "2024-05-19 15:39:55", "elapsed": 4728.082274, "delta": 24.289498}}
{"target": 70.39936940794897, "params": {"h": 26.0, "p": 264.0, "r": 53.0}, "datetime": {"datetime": "2024-05-19 15:40:13", "elapsed": 4746.000812, "delta": 17.918538}}
{"target": 170.48657811669437, "params": {"h": 16.0, "p": 276.0, "r": 35.0}, "datetime": {"datetime": "2024-05-19 15:40:37", "elapsed": 4769.731213, "delta": 23.730401}}
{"target": 177.602355982155, "params": {"h": 17.0, "p": 274.0, "r": 37.0}, "datetime": {"datetime": "2024-05-19 15:40:58", "elapsed": 4791.04977, "delta": 21.318557}}
{"target": 15.07039416100325, "params": {"h": 17.0, "p": 272.0, "r": 30.0}, "datetime": {"datetime": "2024-05-19 15:41:21", "elapsed": 4813.849726, "delta": 22.799956}}
{"target": 162.02500851572938, "params": {"h": 19.0, "p": 278.0, "r": 40.0}, "datetime": {"datetime": "2024-05-19 15:41:42", "elapsed": 4835.428844, "delta": 21.579118}}
{"target": 78.46144836416028, "params": {"h": 35.0, "p": 259.0, "r": 51.0}, "datetime": {"datetime": "2024-05-19 15:42:02", "elapsed": 4855.378893, "delta": 19.950049}}
{"target": 169.1098135800068, "params": {"h": 15.0, "p": 279.0, "r": 35.0}, "datetime": {"datetime": "2024-05-19 15:42:24", "elapsed": 4876.70519, "delta": 21.326297}}
{"target": 76.86529767437446, "params": {"h": 35.0, "p": 269.0, "r": 56.0}, "datetime": {"datetime": "2024-05-19 15:42:42", "elapsed": 4895.612445, "delta": 18.907255}}
{"target": 114.7595791225177, "params": {"h": 17.0, "p": 280.0, "r": 35.0}, "datetime": {"datetime": "2024-05-19 15:43:03", "elapsed": 4915.875679, "delta": 20.263234}}
{"target": 74.74495534330718, "params": {"h": 42.0, "p": 320.0, "r": 56.0}, "datetime": {"datetime": "2024-05-19 15:43:25", "elapsed": 4938.230241, "delta": 22.354562}}
{"target": 127.59397489532765, "params": {"h": 20.0, "p": 270.0, "r": 39.0}, "datetime": {"datetime": "2024-05-19 15:43:47", "elapsed": 4960.60892, "delta": 22.378679}}
{"target": 49.6256707783251, "params": {"h": 18.0, "p": 287.0, "r": 34.0}, "datetime": {"datetime": "2024-05-19 15:44:11", "elapsed": 4984.023785, "delta": 23.414865}}
{"target": 45.207641811830854, "params": {"h": 26.0, "p": 274.0, "r": 57.0}, "datetime": {"datetime": "2024-05-19 15:44:30", "elapsed": 5002.701241, "delta": 18.677456}}
{"target": 65.65216152175266, "params": {"h": 16.0, "p": 273.0, "r": 40.0}, "datetime": {"datetime": "2024-05-19 15:44:49", "elapsed": 5021.977013, "delta": 19.275772}}
{"target": 53.79453460265332, "params": {"h": 39.0, "p": 266.0, "r": 48.0}, "datetime": {"datetime": "2024-05-19 15:45:11", "elapsed": 5044.141538, "delta": 22.164525}}
{"target": 97.01352426988136, "params": {"h": 16.0, "p": 290.0, "r": 38.0}, "datetime": {"datetime": "2024-05-19 15:45:32", "elapsed": 5065.650053, "delta": 21.508515}}
{"target": 183.96067531995135, "params": {"h": 15.0, "p": 275.0, "r": 34.0}, "datetime": {"datetime": "2024-05-19 15:45:54", "elapsed": 5087.642406, "delta": 21.992353}}
{"target": 69.49487590579027, "params": {"h": 29.0, "p": 296.0, "r": 43.0}, "datetime": {"datetime": "2024-05-19 15:46:17", "elapsed": 5110.000176, "delta": 22.35777}}
{"target": 156.8419235988315, "params": {"h": 21.0, "p": 298.0, "r": 40.0}, "datetime": {"datetime": "2024-05-19 15:46:40", "elapsed": 5133.406208, "delta": 23.406032}}
