{"target": 0.9782541186719849, "params": {"h": 26.0, "p": 886.0, "r": 122.0}, "datetime": {"datetime": "2024-05-19 14:21:07", "elapsed": 0.0, "delta": 0.0}}
{"target": 10.782344652299338, "params": {"h": 46.0, "p": 117.0, "r": 30.0}, "datetime": {"datetime": "2024-05-19 14:21:27", "elapsed": 20.619869, "delta": 20.619869}}
{"target": 0.05594334002234295, "params": {"h": 35.0, "p": 934.0, "r": 21.0}, "datetime": {"datetime": "2024-05-19 14:22:42", "elapsed": 95.296095, "delta": 74.676226}}
{"target": 0.0, "params": {"h": 51.0, "p": 207.0, "r": 150.0}, "datetime": {"datetime": "2024-05-19 14:22:42", "elapsed": 95.297096, "delta": 0.001001}}
{"target": 2.4326198544508184, "params": {"h": 56.0, "p": 637.0, "r": 86.0}, "datetime": {"datetime": "2024-05-19 14:23:14", "elapsed": 127.319517, "delta": 32.022421}}
{"target": 6.3491056766056335, "params": {"h": 50.0, "p": 472.0, "r": 129.0}, "datetime": {"datetime": "2024-05-19 14:23:33", "elapsed": 146.031501, "delta": 18.711984}}
{"target": 1.3434948608383472, "params": {"h": 32.0, "p": 782.0, "r": 82.0}, "datetime": {"datetime": "2024-05-19 14:24:14", "elapsed": 187.102025, "delta": 41.070524}}
{"target": 11.560509187030558, "params": {"h": 23.0, "p": 310.0, "r": 101.0}, "datetime": {"datetime": "2024-05-19 14:24:28", "elapsed": 201.039969, "delta": 13.937944}}
{"target": 4.06007267164557, "params": {"h": 39.0, "p": 695.0, "r": 42.0}, "datetime": {"datetime": "2024-05-19 14:25:10", "elapsed": 242.865233, "delta": 41.825264}}
{"target": 2.831428083203812, "params": {"h": 15.0, "p": 398.0, "r": 60.0}, "datetime": {"datetime": "2024-05-19 14:25:30", "elapsed": 262.852906, "delta": 19.987673}}
{"target": 6.70134079226618, "params": {"h": 50.0, "p": 473.0, "r": 130.0}, "datetime": {"datetime": "2024-05-19 14:25:46", "elapsed": 279.418301, "delta": 16.565395}}
{"target": 17.968122060892544, "params": {"h": 23.0, "p": 310.0, "r": 110.0}, "datetime": {"datetime": "2024-05-19 14:26:00", "elapsed": 293.360633, "delta": 13.942332}}
{"target": 14.719706651688599, "params": {"h": 28.0, "p": 311.0, "r": 111.0}, "datetime": {"datetime": "2024-05-19 14:26:13", "elapsed": 306.28294, "delta": 12.922307}}
{"target": 41.155230038892036, "params": {"h": 22.0, "p": 308.0, "r": 115.0}, "datetime": {"datetime": "2024-05-19 14:26:27", "elapsed": 320.212764, "delta": 13.929824}}
{"target": 68.35871503837741, "params": {"h": 26.0, "p": 305.0, "r": 119.0}, "datetime": {"datetime": "2024-05-19 14:26:40", "elapsed": 333.291697, "delta": 13.078933}}
{"target": 62.21928182495501, "params": {"h": 25.0, "p": 304.0, "r": 121.0}, "datetime": {"datetime": "2024-05-19 14:26:53", "elapsed": 346.232108, "delta": 12.940411}}
{"target": 59.359573327511484, "params": {"h": 29.0, "p": 303.0, "r": 122.0}, "datetime": {"datetime": "2024-05-19 14:27:05", "elapsed": 358.528515, "delta": 12.296407}}
{"target": 22.57830479253311, "params": {"h": 28.0, "p": 304.0, "r": 117.0}, "datetime": {"datetime": "2024-05-19 14:27:18", "elapsed": 370.997566, "delta": 12.469051}}
{"target": 82.05128144452075, "params": {"h": 26.0, "p": 306.0, "r": 120.0}, "datetime": {"datetime": "2024-05-19 14:27:31", "elapsed": 383.751131, "delta": 12.753565}}
{"target": 46.63184687332027, "params": {"h": 26.0, "p": 309.0, "r": 118.0}, "datetime": {"datetime": "2024-05-19 14:27:44", "elapsed": 397.37608, "delta": 13.624949}}
{"target": 115.38263082602528, "params": {"h": 31.0, "p": 307.0, "r": 127.0}, "datetime": {"datetime": "2024-05-19 14:27:55", "elapsed": 408.651878, "delta": 11.275798}}
{"target": 22.68989090907371, "params": {"h": 26.0, "p": 309.0, "r": 127.0}, "datetime": {"datetime": "2024-05-19 14:28:07", "elapsed": 420.542463, "delta": 11.890585}}
{"target": 0.0, "params": {"h": 29.0, "p": 304.0, "r": 134.0}, "datetime": {"datetime": "2024-05-19 14:28:07", "elapsed": 420.662791, "delta": 0.120328}}
{"target": 80.86409465516897, "params": {"h": 28.0, "p": 304.0, "r": 125.0}, "datetime": {"datetime": "2024-05-19 14:28:20", "elapsed": 433.327165, "delta": 12.664374}}
{"target": 69.914227929915, "params": {"h": 29.0, "p": 310.0, "r": 123.0}, "datetime": {"datetime": "2024-05-19 14:28:33", "elapsed": 445.947752, "delta": 12.620587}}
{"target": 27.38129160026706, "params": {"h": 34.0, "p": 305.0, "r": 124.0}, "datetime": {"datetime": "2024-05-19 14:28:45", "elapsed": 458.676394, "delta": 12.728642}}
{"target": 29.96675859135356, "params": {"h": 32.0, "p": 314.0, "r": 132.0}, "datetime": {"datetime": "2024-05-19 14:28:58", "elapsed": 470.688358, "delta": 12.011964}}
{"target": 39.82447784764682, "params": {"h": 32.0, "p": 312.0, "r": 124.0}, "datetime": {"datetime": "2024-05-19 14:29:10", "elapsed": 483.048766, "delta": 12.360408}}
{"target": 70.75867278473798, "params": {"h": 34.0, "p": 308.0, "r": 128.0}, "datetime": {"datetime": "2024-05-19 14:29:23", "elapsed": 496.195509, "delta": 13.146743}}
{"target": 106.41586606251066, "params": {"h": 30.0, "p": 307.0, "r": 126.0}, "datetime": {"datetime": "2024-05-19 14:29:36", "elapsed": 509.568809, "delta": 13.3733}}
{"target": 94.01415329091105, "params": {"h": 32.0, "p": 308.0, "r": 126.0}, "datetime": {"datetime": "2024-05-19 14:29:49", "elapsed": 521.831446, "delta": 12.262637}}
{"target": 0.8666150920018976, "params": {"h": 45.0, "p": 962.0, "r": 107.0}, "datetime": {"datetime": "2024-05-19 14:30:42", "elapsed": 574.69574, "delta": 52.864294}}
{"target": 10.212668872071834, "params": {"h": 47.0, "p": 468.0, "r": 47.0}, "datetime": {"datetime": "2024-05-19 14:31:11", "elapsed": 604.312997, "delta": 29.617257}}
{"target": 0.0, "params": {"h": 30.0, "p": 303.0, "r": 128.0}, "datetime": {"datetime": "2024-05-19 14:31:11", "elapsed": 604.441317, "delta": 0.12832}}
{"target": 12.445657275916437, "params": {"h": 17.0, "p": 301.0, "r": 117.0}, "datetime": {"datetime": "2024-05-19 14:31:30", "elapsed": 623.435752, "delta": 18.994435}}
{"target": 76.89461080237177, "params": {"h": 27.0, "p": 313.0, "r": 122.0}, "datetime": {"datetime": "2024-05-19 14:31:43", "elapsed": 636.126333, "delta": 12.690581}}
{"target": 88.9335148472409, "params": {"h": 31.0, "p": 311.0, "r": 127.0}, "datetime": {"datetime": "2024-05-19 14:31:54", "elapsed": 647.646917, "delta": 11.520584}}
{"target": 15.679908380027298, "params": {"h": 21.0, "p": 311.0, "r": 122.0}, "datetime": {"datetime": "2024-05-19 14:32:09", "elapsed": 661.767294, "delta": 14.120377}}
{"target": 19.70194017490198, "params": {"h": 23.0, "p": 317.0, "r": 121.0}, "datetime": {"datetime": "2024-05-19 14:32:22", "elapsed": 675.625754, "delta": 13.85846}}
{"target": 36.48726311674163, "params": {"h": 29.0, "p": 310.0, "r": 129.0}, "datetime": {"datetime": "2024-05-19 14:32:35", "elapsed": 687.858489, "delta": 12.232735}}
{"target": 25.554540376715646, "params": {"h": 24.0, "p": 301.0, "r": 125.0}, "datetime": {"datetime": "2024-05-19 14:32:48", "elapsed": 700.813077, "delta": 12.954588}}
{"target": 55.70109864027884, "params": {"h": 31.0, "p": 308.0, "r": 129.0}, "datetime": {"datetime": "2024-05-19 14:33:00", "elapsed": 713.330436, "delta": 12.517359}}
{"target": 18.210362619165615, "params": {"h": 32.0, "p": 322.0, "r": 121.0}, "datetime": {"datetime": "2024-05-19 14:33:13", "elapsed": 725.911351, "delta": 12.580915}}
{"target": 57.59396934861344, "params": {"h": 27.0, "p": 312.0, "r": 124.0}, "datetime": {"datetime": "2024-05-19 14:33:24", "elapsed": 737.558133, "delta": 11.646782}}
{"target": 34.71710774649819, "params": {"h": 27.0, "p": 316.0, "r": 119.0}, "datetime": {"datetime": "2024-05-19 14:33:38", "elapsed": 751.072825, "delta": 13.514692}}
{"target": 48.166587549638486, "params": {"h": 27.0, "p": 315.0, "r": 124.0}, "datetime": {"datetime": "2024-05-19 14:33:51", "elapsed": 764.136866, "delta": 13.064041}}
{"target": 80.22812834464149, "params": {"h": 27.0, "p": 305.0, "r": 121.0}, "datetime": {"datetime": "2024-05-19 14:34:04", "elapsed": 777.081269, "delta": 12.944403}}
{"target": 50.1259597585707, "params": {"h": 29.0, "p": 306.0, "r": 122.0}, "datetime": {"datetime": "2024-05-19 14:34:16", "elapsed": 789.078786, "delta": 11.997517}}
{"target": 29.711169783616278, "params": {"h": 40.0, "p": 312.0, "r": 129.0}, "datetime": {"datetime": "2024-05-19 14:34:29", "elapsed": 801.92633, "delta": 12.847544}}
{"target": 3.321684052591632, "params": {"h": 53.0, "p": 590.0, "r": 71.0}, "datetime": {"datetime": "2024-05-19 14:35:02", "elapsed": 835.526759, "delta": 33.600429}}
{"target": 92.33159428409505, "params": {"h": 29.0, "p": 309.0, "r": 125.0}, "datetime": {"datetime": "2024-05-19 14:35:15", "elapsed": 848.183118, "delta": 12.656359}}
{"target": 0.2938639218486646, "params": {"h": 47.0, "p": 411.0, "r": 21.0}, "datetime": {"datetime": "2024-05-19 14:36:04", "elapsed": 897.300836, "delta": 49.117718}}
{"target": 91.5007343428761, "params": {"h": 33.0, "p": 306.0, "r": 127.0}, "datetime": {"datetime": "2024-05-19 14:36:17", "elapsed": 909.982113, "delta": 12.681277}}
{"target": 3.0241940093942277, "params": {"h": 31.0, "p": 514.0, "r": 72.0}, "datetime": {"datetime": "2024-05-19 14:36:42", "elapsed": 935.079565, "delta": 25.097452}}
{"target": 5.243344499063215, "params": {"h": 54.0, "p": 385.0, "r": 100.0}, "datetime": {"datetime": "2024-05-19 14:37:00", "elapsed": 952.826419, "delta": 17.746854}}
{"target": 1.7567573705876254, "params": {"h": 55.0, "p": 723.0, "r": 106.0}, "datetime": {"datetime": "2024-05-19 14:37:36", "elapsed": 989.641093, "delta": 36.814674}}
{"target": 26.25876322063061, "params": {"h": 44.0, "p": 245.0, "r": 85.0}, "datetime": {"datetime": "2024-05-19 14:37:49", "elapsed": 1002.215323, "delta": 12.57423}}
{"target": 1.972924152809959, "params": {"h": 47.0, "p": 847.0, "r": 63.0}, "datetime": {"datetime": "2024-05-19 14:38:40", "elapsed": 1052.736596, "delta": 50.521273}}
{"target": 0.6956926021559164, "params": {"h": 20.0, "p": 558.0, "r": 26.0}, "datetime": {"datetime": "2024-05-19 14:39:20", "elapsed": 1092.919845, "delta": 40.183249}}
{"target": 0.0, "params": {"h": 37.0, "p": 132.0, "r": 126.0}, "datetime": {"datetime": "2024-05-19 14:39:20", "elapsed": 1093.105986, "delta": 0.186141}}
{"target": 1.2577834137156203, "params": {"h": 43.0, "p": 914.0, "r": 73.0}, "datetime": {"datetime": "2024-05-19 14:40:09", "elapsed": 1142.434998, "delta": 49.329012}}
{"target": 107.30460779745792, "params": {"h": 33.0, "p": 313.0, "r": 128.0}, "datetime": {"datetime": "2024-05-19 14:40:21", "elapsed": 1154.192855, "delta": 11.757857}}
{"target": 1.4932117766678823, "params": {"h": 60.0, "p": 269.0, "r": 26.0}, "datetime": {"datetime": "2024-05-19 14:41:06", "elapsed": 1199.077086, "delta": 44.884231}}
{"target": 96.00279521488382, "params": {"h": 32.0, "p": 306.0, "r": 126.0}, "datetime": {"datetime": "2024-05-19 14:41:18", "elapsed": 1211.271466, "delta": 12.19438}}
{"target": 85.61419807914541, "params": {"h": 32.0, "p": 319.0, "r": 128.0}, "datetime": {"datetime": "2024-05-19 14:41:31", "elapsed": 1224.179308, "delta": 12.907842}}
{"target": 59.43349551143267, "params": {"h": 34.0, "p": 313.0, "r": 128.0}, "datetime": {"datetime": "2024-05-19 14:41:44", "elapsed": 1237.260455, "delta": 13.081147}}
{"target": 94.99308694830667, "params": {"h": 30.0, "p": 307.0, "r": 127.0}, "datetime": {"datetime": "2024-05-19 14:41:56", "elapsed": 1249.638464, "delta": 12.378009}}
{"target": 45.276008204463295, "params": {"h": 35.0, "p": 327.0, "r": 132.0}, "datetime": {"datetime": "2024-05-19 14:42:10", "elapsed": 1262.919306, "delta": 13.280842}}
{"target": 90.87675931983118, "params": {"h": 29.0, "p": 314.0, "r": 125.0}, "datetime": {"datetime": "2024-05-19 14:42:23", "elapsed": 1275.813313, "delta": 12.894007}}
{"target": 26.751640333811157, "params": {"h": 32.0, "p": 323.0, "r": 132.0}, "datetime": {"datetime": "2024-05-19 14:42:35", "elapsed": 1288.200898, "delta": 12.387585}}
{"target": 32.79994503689526, "params": {"h": 31.0, "p": 315.0, "r": 123.0}, "datetime": {"datetime": "2024-05-19 14:42:47", "elapsed": 1299.797868, "delta": 11.59697}}
{"target": 22.50176620190254, "params": {"h": 28.0, "p": 319.0, "r": 130.0}, "datetime": {"datetime": "2024-05-19 14:42:59", "elapsed": 1312.51227, "delta": 12.714402}}
{"target": 56.397249091819916, "params": {"h": 32.0, "p": 315.0, "r": 130.0}, "datetime": {"datetime": "2024-05-19 14:43:12", "elapsed": 1324.920658, "delta": 12.408388}}
{"target": 43.6186320478935, "params": {"h": 36.0, "p": 319.0, "r": 128.0}, "datetime": {"datetime": "2024-05-19 14:43:24", "elapsed": 1337.486966, "delta": 12.566308}}
{"target": 18.37927819262472, "params": {"h": 31.0, "p": 332.0, "r": 132.0}, "datetime": {"datetime": "2024-05-19 14:43:37", "elapsed": 1350.199858, "delta": 12.712892}}
{"target": 18.73626228615226, "params": {"h": 39.0, "p": 329.0, "r": 138.0}, "datetime": {"datetime": "2024-05-19 14:43:48", "elapsed": 1361.552601, "delta": 11.352743}}
{"target": 41.802114480711715, "params": {"h": 26.0, "p": 306.0, "r": 124.0}, "datetime": {"datetime": "2024-05-19 14:44:01", "elapsed": 1374.188109, "delta": 12.635508}}
{"target": 27.120057279095548, "params": {"h": 36.0, "p": 324.0, "r": 127.0}, "datetime": {"datetime": "2024-05-19 14:44:13", "elapsed": 1386.258372, "delta": 12.070263}}
{"target": 4.492731658824338, "params": {"h": 39.0, "p": 432.0, "r": 73.0}, "datetime": {"datetime": "2024-05-19 14:44:35", "elapsed": 1408.284672, "delta": 22.0263}}
{"target": 37.102829036389146, "params": {"h": 29.0, "p": 296.0, "r": 120.0}, "datetime": {"datetime": "2024-05-19 14:44:48", "elapsed": 1420.712381, "delta": 12.427709}}
{"target": 26.09257697312323, "params": {"h": 27.0, "p": 314.0, "r": 128.0}, "datetime": {"datetime": "2024-05-19 14:45:01", "elapsed": 1433.857953, "delta": 13.145572}}
{"target": 0.0, "params": {"h": 40.0, "p": 305.0, "r": 134.0}, "datetime": {"datetime": "2024-05-19 14:45:01", "elapsed": 1434.143106, "delta": 0.285153}}
{"target": 19.06027285501498, "params": {"h": 37.0, "p": 284.0, "r": 113.0}, "datetime": {"datetime": "2024-05-19 14:45:14", "elapsed": 1446.764915, "delta": 12.621809}}
{"target": 91.1616007618928, "params": {"h": 31.0, "p": 306.0, "r": 125.0}, "datetime": {"datetime": "2024-05-19 14:45:26", "elapsed": 1459.650314, "delta": 12.885399}}
{"target": 1.9818111796549807, "params": {"h": 19.0, "p": 746.0, "r": 144.0}, "datetime": {"datetime": "2024-05-19 14:46:14", "elapsed": 1507.552277, "delta": 47.901963}}
{"target": 3.231202353065797, "params": {"h": 23.0, "p": 537.0, "r": 127.0}, "datetime": {"datetime": "2024-05-19 14:46:36", "elapsed": 1529.513939, "delta": 21.961662}}
{"target": 33.863409669836486, "params": {"h": 34.0, "p": 317.0, "r": 126.0}, "datetime": {"datetime": "2024-05-19 14:46:49", "elapsed": 1541.972855, "delta": 12.458916}}
{"target": 1.527977225652858, "params": {"h": 25.0, "p": 604.0, "r": 32.0}, "datetime": {"datetime": "2024-05-19 14:47:25", "elapsed": 1577.931108, "delta": 35.958253}}
{"target": 92.9020069638568, "params": {"h": 30.0, "p": 313.0, "r": 125.0}, "datetime": {"datetime": "2024-05-19 14:47:38", "elapsed": 1590.922049, "delta": 12.990941}}
{"target": 10.581943160735758, "params": {"h": 17.0, "p": 180.0, "r": 27.0}, "datetime": {"datetime": "2024-05-19 14:47:58", "elapsed": 1611.335743, "delta": 20.413694}}
{"target": 0.1968649452404755, "params": {"h": 24.0, "p": 349.0, "r": 17.0}, "datetime": {"datetime": "2024-05-19 14:48:37", "elapsed": 1650.40154, "delta": 39.065797}}
{"target": 0.0, "params": {"h": 45.0, "p": 153.0, "r": 60.0}, "datetime": {"datetime": "2024-05-19 14:48:38", "elapsed": 1650.714593, "delta": 0.313053}}
{"target": 0.0, "params": {"h": 23.0, "p": 289.0, "r": 121.0}, "datetime": {"datetime": "2024-05-19 14:48:38", "elapsed": 1650.957235, "delta": 0.242642}}
{"target": 40.87451182849677, "params": {"h": 24.0, "p": 307.0, "r": 120.0}, "datetime": {"datetime": "2024-05-19 14:48:52", "elapsed": 1664.947033, "delta": 13.989798}}
{"target": 82.6799098722186, "params": {"h": 33.0, "p": 313.0, "r": 130.0}, "datetime": {"datetime": "2024-05-19 14:49:04", "elapsed": 1677.256328, "delta": 12.309295}}
{"target": 2.1174491370811577, "params": {"h": 17.0, "p": 591.0, "r": 123.0}, "datetime": {"datetime": "2024-05-19 14:49:40", "elapsed": 1712.762103, "delta": 35.505775}}
{"target": 33.80087781967147, "params": {"h": 27.0, "p": 313.0, "r": 119.0}, "datetime": {"datetime": "2024-05-19 14:49:53", "elapsed": 1726.093636, "delta": 13.331533}}
{"target": 0.1970740263489134, "params": {"h": 40.0, "p": 780.0, "r": 26.0}, "datetime": {"datetime": "2024-05-19 14:50:51", "elapsed": 1784.672635, "delta": 58.578999}}
{"target": 67.63959351026298, "params": {"h": 53.0, "p": 301.0, "r": 61.0}, "datetime": {"datetime": "2024-05-19 14:51:12", "elapsed": 1805.510724, "delta": 20.838089}}
{"target": 81.23459458393386, "params": {"h": 51.0, "p": 303.0, "r": 57.0}, "datetime": {"datetime": "2024-05-19 14:51:34", "elapsed": 1827.049395, "delta": 21.538671}}
{"target": 69.4955181326973, "params": {"h": 59.0, "p": 301.0, "r": 61.0}, "datetime": {"datetime": "2024-05-19 14:51:55", "elapsed": 1848.430466, "delta": 21.381071}}
{"target": 78.49354684361364, "params": {"h": 53.0, "p": 299.0, "r": 57.0}, "datetime": {"datetime": "2024-05-19 14:52:19", "elapsed": 1871.881718, "delta": 23.451252}}
{"target": 65.74992967081423, "params": {"h": 57.0, "p": 299.0, "r": 62.0}, "datetime": {"datetime": "2024-05-19 14:52:40", "elapsed": 1893.036251, "delta": 21.154533}}
{"target": 89.35964534847481, "params": {"h": 30.0, "p": 314.0, "r": 126.0}, "datetime": {"datetime": "2024-05-19 14:52:53", "elapsed": 1906.205061, "delta": 13.16881}}
{"target": 71.8557340399247, "params": {"h": 54.0, "p": 300.0, "r": 53.0}, "datetime": {"datetime": "2024-05-19 14:53:15", "elapsed": 1928.687245, "delta": 22.482184}}
{"target": 81.82587424270274, "params": {"h": 49.0, "p": 302.0, "r": 53.0}, "datetime": {"datetime": "2024-05-19 14:53:40", "elapsed": 1952.743488, "delta": 24.056243}}
{"target": 79.46060356855837, "params": {"h": 52.0, "p": 301.0, "r": 54.0}, "datetime": {"datetime": "2024-05-19 14:54:02", "elapsed": 1975.179184, "delta": 22.435696}}
{"target": 80.17740898836603, "params": {"h": 50.0, "p": 297.0, "r": 56.0}, "datetime": {"datetime": "2024-05-19 14:54:22", "elapsed": 1995.465419, "delta": 20.286235}}
{"target": 83.48602402821608, "params": {"h": 52.0, "p": 304.0, "r": 54.0}, "datetime": {"datetime": "2024-05-19 14:54:48", "elapsed": 2021.253722, "delta": 25.788303}}
{"target": 87.6973532005525, "params": {"h": 45.0, "p": 300.0, "r": 53.0}, "datetime": {"datetime": "2024-05-19 14:55:10", "elapsed": 2042.874139, "delta": 21.620417}}
{"target": 82.18604843948289, "params": {"h": 53.0, "p": 306.0, "r": 57.0}, "datetime": {"datetime": "2024-05-19 14:55:33", "elapsed": 2066.574951, "delta": 23.700812}}
{"target": 84.8930313265699, "params": {"h": 48.0, "p": 300.0, "r": 55.0}, "datetime": {"datetime": "2024-05-19 14:55:56", "elapsed": 2089.261234, "delta": 22.686283}}
{"target": 85.50797982655331, "params": {"h": 47.0, "p": 305.0, "r": 52.0}, "datetime": {"datetime": "2024-05-19 14:56:20", "elapsed": 2113.488524, "delta": 24.22729}}
{"target": 87.04511372082645, "params": {"h": 43.0, "p": 300.0, "r": 51.0}, "datetime": {"datetime": "2024-05-19 14:56:43", "elapsed": 2135.86698, "delta": 22.378456}}
{"target": 77.10602306329588, "params": {"h": 51.0, "p": 300.0, "r": 58.0}, "datetime": {"datetime": "2024-05-19 14:57:04", "elapsed": 2157.045525, "delta": 21.178545}}
{"target": 98.42476247969314, "params": {"h": 41.0, "p": 303.0, "r": 52.0}, "datetime": {"datetime": "2024-05-19 14:57:27", "elapsed": 2179.806698, "delta": 22.761173}}
{"target": 88.70624674245515, "params": {"h": 42.0, "p": 299.0, "r": 55.0}, "datetime": {"datetime": "2024-05-19 14:57:48", "elapsed": 2200.941872, "delta": 21.135174}}
{"target": 80.25366849306357, "params": {"h": 43.0, "p": 302.0, "r": 50.0}, "datetime": {"datetime": "2024-05-19 14:58:12", "elapsed": 2225.223284, "delta": 24.281412}}
{"target": 78.15389573444271, "params": {"h": 56.0, "p": 304.0, "r": 58.0}, "datetime": {"datetime": "2024-05-19 14:58:35", "elapsed": 2248.080743, "delta": 22.857459}}
{"target": 49.07678881786698, "params": {"h": 49.0, "p": 304.0, "r": 48.0}, "datetime": {"datetime": "2024-05-19 14:59:00", "elapsed": 2272.738618, "delta": 24.657875}}
{"target": 89.48738770198698, "params": {"h": 47.0, "p": 304.0, "r": 54.0}, "datetime": {"datetime": "2024-05-19 14:59:22", "elapsed": 2295.006632, "delta": 22.268014}}
{"target": 97.2635473410397, "params": {"h": 43.0, "p": 306.0, "r": 53.0}, "datetime": {"datetime": "2024-05-19 14:59:45", "elapsed": 2318.258179, "delta": 23.251547}}
{"target": 108.75772990973888, "params": {"h": 37.0, "p": 305.0, "r": 51.0}, "datetime": {"datetime": "2024-05-19 15:00:07", "elapsed": 2340.651556, "delta": 22.393377}}
{"target": 89.4999457383561, "params": {"h": 42.0, "p": 307.0, "r": 55.0}, "datetime": {"datetime": "2024-05-19 15:00:29", "elapsed": 2362.139019, "delta": 21.487463}}
{"target": 97.89417906757517, "params": {"h": 40.0, "p": 301.0, "r": 52.0}, "datetime": {"datetime": "2024-05-19 15:00:51", "elapsed": 2384.526513, "delta": 22.387494}}
{"target": 80.5672199989404, "params": {"h": 34.0, "p": 305.0, "r": 54.0}, "datetime": {"datetime": "2024-05-19 15:01:13", "elapsed": 2406.674191, "delta": 22.147678}}
{"target": 72.6938402534882, "params": {"h": 36.0, "p": 302.0, "r": 56.0}, "datetime": {"datetime": "2024-05-19 15:01:34", "elapsed": 2427.217521, "delta": 20.54333}}
{"target": 93.20667660888783, "params": {"h": 39.0, "p": 306.0, "r": 54.0}, "datetime": {"datetime": "2024-05-19 15:01:55", "elapsed": 2447.923249, "delta": 20.705728}}
{"target": 100.18245127003715, "params": {"h": 40.0, "p": 309.0, "r": 53.0}, "datetime": {"datetime": "2024-05-19 15:02:16", "elapsed": 2469.40133, "delta": 21.478081}}
