{"target": 0.978254118671587, "params": {"h": 26.0, "p": 886.0, "r": 122.0}, "datetime": {"datetime": "2024-05-06 16:31:27", "elapsed": 0.0, "delta": 0.0}}
{"target": 10.782344652300338, "params": {"h": 46.0, "p": 117.0, "r": 30.0}, "datetime": {"datetime": "2024-05-06 16:31:48", "elapsed": 20.928058, "delta": 20.928058}}
{"target": 0.0559433400222892, "params": {"h": 35.0, "p": 934.0, "r": 21.0}, "datetime": {"datetime": "2024-05-06 16:33:10", "elapsed": 103.414674, "delta": 82.486616}}
{"target": 0.0, "params": {"h": 51.0, "p": 207.0, "r": 150.0}, "datetime": {"datetime": "2024-05-06 16:33:10", "elapsed": 103.415592, "delta": 0.000918}}
{"target": 2.432619854450951, "params": {"h": 56.0, "p": 637.0, "r": 86.0}, "datetime": {"datetime": "2024-05-06 16:33:42", "elapsed": 135.070443, "delta": 31.654851}}
{"target": 6.349105676605534, "params": {"h": 50.0, "p": 472.0, "r": 129.0}, "datetime": {"datetime": "2024-05-06 16:34:00", "elapsed": 152.509492, "delta": 17.439049}}
{"target": 1.343494860838319, "params": {"h": 32.0, "p": 782.0, "r": 82.0}, "datetime": {"datetime": "2024-05-06 16:34:39", "elapsed": 191.904586, "delta": 39.395094}}
{"target": 11.560509187030368, "params": {"h": 23.0, "p": 310.0, "r": 101.0}, "datetime": {"datetime": "2024-05-06 16:34:53", "elapsed": 205.914015, "delta": 14.009429}}
{"target": 4.060072671643629, "params": {"h": 39.0, "p": 695.0, "r": 42.0}, "datetime": {"datetime": "2024-05-06 16:35:32", "elapsed": 244.497161, "delta": 38.583146}}
{"target": 2.8314280832037197, "params": {"h": 15.0, "p": 398.0, "r": 60.0}, "datetime": {"datetime": "2024-05-06 16:35:52", "elapsed": 265.049306, "delta": 20.552145}}
{"target": 13.156735812176716, "params": {"h": 42.0, "p": 119.0, "r": 32.0}, "datetime": {"datetime": "2024-05-06 16:36:09", "elapsed": 281.852943, "delta": 16.803637}}
{"target": 0.0, "params": {"h": 43.0, "p": 123.0, "r": 38.0}, "datetime": {"datetime": "2024-05-06 16:36:09", "elapsed": 282.05551, "delta": 0.202567}}
{"target": 7.52667278040591, "params": {"h": 45.0, "p": 118.0, "r": 27.0}, "datetime": {"datetime": "2024-05-06 16:36:31", "elapsed": 304.245, "delta": 22.18949}}
{"target": 10.975744156058333, "params": {"h": 21.0, "p": 307.0, "r": 99.0}, "datetime": {"datetime": "2024-05-06 16:36:46", "elapsed": 318.970494, "delta": 14.725494}}
{"target": 13.115729169698438, "params": {"h": 20.0, "p": 309.0, "r": 104.0}, "datetime": {"datetime": "2024-05-06 16:37:00", "elapsed": 333.335008, "delta": 14.364514}}
{"target": 12.27456554219762, "params": {"h": 23.0, "p": 308.0, "r": 103.0}, "datetime": {"datetime": "2024-05-06 16:37:14", "elapsed": 346.654137, "delta": 13.319129}}
{"target": 8.880118967271265, "params": {"h": 15.0, "p": 308.0, "r": 102.0}, "datetime": {"datetime": "2024-05-06 16:37:33", "elapsed": 365.653733, "delta": 18.999596}}
{"target": 18.810133915980465, "params": {"h": 21.0, "p": 306.0, "r": 107.0}, "datetime": {"datetime": "2024-05-06 16:37:46", "elapsed": 379.174787, "delta": 13.521054}}
{"target": 13.48384736739, "params": {"h": 18.0, "p": 306.0, "r": 112.0}, "datetime": {"datetime": "2024-05-06 16:38:02", "elapsed": 395.417399, "delta": 16.242612}}
{"target": 17.64274006816533, "params": {"h": 18.0, "p": 304.0, "r": 108.0}, "datetime": {"datetime": "2024-05-06 16:38:19", "elapsed": 411.769181, "delta": 16.351782}}
{"target": 25.652005355768278, "params": {"h": 21.0, "p": 304.0, "r": 108.0}, "datetime": {"datetime": "2024-05-06 16:38:33", "elapsed": 425.823535, "delta": 14.054354}}
{"target": 17.490942823315173, "params": {"h": 27.0, "p": 307.0, "r": 114.0}, "datetime": {"datetime": "2024-05-06 16:38:45", "elapsed": 438.237237, "delta": 12.413702}}
{"target": 14.836638273315712, "params": {"h": 25.0, "p": 298.0, "r": 105.0}, "datetime": {"datetime": "2024-05-06 16:38:58", "elapsed": 451.41578, "delta": 13.178543}}
{"target": 21.682958859495002, "params": {"h": 21.0, "p": 299.0, "r": 107.0}, "datetime": {"datetime": "2024-05-06 16:39:12", "elapsed": 464.920561, "delta": 13.504781}}
{"target": 16.74418817718428, "params": {"h": 28.0, "p": 300.0, "r": 111.0}, "datetime": {"datetime": "2024-05-06 16:39:25", "elapsed": 478.239125, "delta": 13.318564}}
{"target": 15.853347490636915, "params": {"h": 25.0, "p": 304.0, "r": 110.0}, "datetime": {"datetime": "2024-05-06 16:39:38", "elapsed": 491.263717, "delta": 13.024592}}
{"target": 63.56050970041891, "params": {"h": 25.0, "p": 300.0, "r": 117.0}, "datetime": {"datetime": "2024-05-06 16:39:51", "elapsed": 504.159208, "delta": 12.895491}}
{"target": 29.324381599728397, "params": {"h": 21.0, "p": 297.0, "r": 115.0}, "datetime": {"datetime": "2024-05-06 16:40:04", "elapsed": 517.195168, "delta": 13.03596}}
{"target": 46.383885134673434, "params": {"h": 23.0, "p": 297.0, "r": 119.0}, "datetime": {"datetime": "2024-05-06 16:40:17", "elapsed": 529.492289, "delta": 12.297121}}
{"target": 24.626610804556694, "params": {"h": 27.0, "p": 304.0, "r": 117.0}, "datetime": {"datetime": "2024-05-06 16:40:29", "elapsed": 541.547209, "delta": 12.05492}}
{"target": 0.0, "params": {"h": 22.0, "p": 299.0, "r": 125.0}, "datetime": {"datetime": "2024-05-06 16:40:29", "elapsed": 541.666061, "delta": 0.118852}}
{"target": 0.0, "params": {"h": 28.0, "p": 294.0, "r": 124.0}, "datetime": {"datetime": "2024-05-06 16:40:29", "elapsed": 541.792622, "delta": 0.126561}}
{"target": 47.437285822508095, "params": {"h": 24.0, "p": 302.0, "r": 115.0}, "datetime": {"datetime": "2024-05-06 16:40:42", "elapsed": 555.238926, "delta": 13.446304}}
{"target": 18.41482128815533, "params": {"h": 30.0, "p": 285.0, "r": 110.0}, "datetime": {"datetime": "2024-05-06 16:40:54", "elapsed": 566.605087, "delta": 11.366161}}
{"target": 43.20210909136508, "params": {"h": 27.0, "p": 301.0, "r": 119.0}, "datetime": {"datetime": "2024-05-06 16:41:05", "elapsed": 578.201248, "delta": 11.596161}}
{"target": 19.342590697465873, "params": {"h": 39.0, "p": 279.0, "r": 107.0}, "datetime": {"datetime": "2024-05-06 16:41:17", "elapsed": 590.025458, "delta": 11.82421}}
{"target": 20.27669075119306, "params": {"h": 30.0, "p": 273.0, "r": 111.0}, "datetime": {"datetime": "2024-05-06 16:41:29", "elapsed": 601.878595, "delta": 11.853137}}
{"target": 19.948543507210264, "params": {"h": 34.0, "p": 275.0, "r": 99.0}, "datetime": {"datetime": "2024-05-06 16:41:41", "elapsed": 613.931314, "delta": 12.052719}}
{"target": 15.357092936915691, "params": {"h": 19.0, "p": 300.0, "r": 119.0}, "datetime": {"datetime": "2024-05-06 16:41:58", "elapsed": 630.979423, "delta": 17.048109}}
{"target": 46.67225518896778, "params": {"h": 27.0, "p": 298.0, "r": 119.0}, "datetime": {"datetime": "2024-05-06 16:42:11", "elapsed": 643.746154, "delta": 12.766731}}
{"target": 19.717775021864707, "params": {"h": 41.0, "p": 266.0, "r": 106.0}, "datetime": {"datetime": "2024-05-06 16:42:22", "elapsed": 654.542244, "delta": 10.79609}}
{"target": 0.0, "params": {"h": 39.0, "p": 268.0, "r": 118.0}, "datetime": {"datetime": "2024-05-06 16:42:22", "elapsed": 654.651174, "delta": 0.10893}}
{"target": 21.19490720225165, "params": {"h": 29.0, "p": 295.0, "r": 116.0}, "datetime": {"datetime": "2024-05-06 16:42:34", "elapsed": 667.249085, "delta": 12.597911}}
{"target": 78.67628906471865, "params": {"h": 24.0, "p": 299.0, "r": 118.0}, "datetime": {"datetime": "2024-05-06 16:42:47", "elapsed": 680.275353, "delta": 13.026268}}
{"target": 77.2442229903113, "params": {"h": 24.0, "p": 300.0, "r": 118.0}, "datetime": {"datetime": "2024-05-06 16:43:00", "elapsed": 692.552099, "delta": 12.276746}}
{"target": 19.231473872670595, "params": {"h": 26.0, "p": 265.0, "r": 103.0}, "datetime": {"datetime": "2024-05-06 16:43:12", "elapsed": 704.787246, "delta": 12.235147}}
{"target": 22.917475190516047, "params": {"h": 37.0, "p": 265.0, "r": 92.0}, "datetime": {"datetime": "2024-05-06 16:43:23", "elapsed": 716.415536, "delta": 11.62829}}
{"target": 27.30378956508991, "params": {"h": 36.0, "p": 260.0, "r": 82.0}, "datetime": {"datetime": "2024-05-06 16:43:37", "elapsed": 730.086357, "delta": 13.670821}}
{"target": 24.322516357530773, "params": {"h": 35.0, "p": 255.0, "r": 88.0}, "datetime": {"datetime": "2024-05-06 16:43:49", "elapsed": 742.38104, "delta": 12.294683}}
{"target": 21.826469831098205, "params": {"h": 28.0, "p": 260.0, "r": 86.0}, "datetime": {"datetime": "2024-05-06 16:44:01", "elapsed": 754.247189, "delta": 11.866149}}
{"target": 25.226148735467756, "params": {"h": 34.0, "p": 268.0, "r": 83.0}, "datetime": {"datetime": "2024-05-06 16:44:15", "elapsed": 768.387955, "delta": 14.140766}}
{"target": 29.88756024428822, "params": {"h": 35.0, "p": 254.0, "r": 78.0}, "datetime": {"datetime": "2024-05-06 16:44:28", "elapsed": 781.389503, "delta": 13.001548}}
{"target": 32.31359311994225, "params": {"h": 23.0, "p": 302.0, "r": 120.0}, "datetime": {"datetime": "2024-05-06 16:44:42", "elapsed": 794.801832, "delta": 13.412329}}
{"target": 31.663230672135075, "params": {"h": 41.0, "p": 256.0, "r": 78.0}, "datetime": {"datetime": "2024-05-06 16:44:56", "elapsed": 808.707588, "delta": 13.905756}}
{"target": 27.102003481790362, "params": {"h": 40.0, "p": 254.0, "r": 84.0}, "datetime": {"datetime": "2024-05-06 16:45:08", "elapsed": 820.855239, "delta": 12.147651}}
{"target": 30.110960880800626, "params": {"h": 32.0, "p": 259.0, "r": 75.0}, "datetime": {"datetime": "2024-05-06 16:45:21", "elapsed": 834.388469, "delta": 13.53323}}
{"target": 27.022132579432757, "params": {"h": 21.0, "p": 301.0, "r": 115.0}, "datetime": {"datetime": "2024-05-06 16:45:35", "elapsed": 847.977762, "delta": 13.589293}}
{"target": 38.816560109843195, "params": {"h": 39.0, "p": 259.0, "r": 71.0}, "datetime": {"datetime": "2024-05-06 16:45:50", "elapsed": 863.025081, "delta": 15.047319}}
{"target": 35.90924955365667, "params": {"h": 38.0, "p": 255.0, "r": 73.0}, "datetime": {"datetime": "2024-05-06 16:46:04", "elapsed": 876.505773, "delta": 13.480692}}
{"target": 41.876310080151306, "params": {"h": 36.0, "p": 258.0, "r": 68.0}, "datetime": {"datetime": "2024-05-06 16:46:18", "elapsed": 890.537232, "delta": 14.031459}}
{"target": 34.621470531422545, "params": {"h": 32.0, "p": 253.0, "r": 71.0}, "datetime": {"datetime": "2024-05-06 16:46:31", "elapsed": 903.486044, "delta": 12.948812}}
{"target": 52.49387096222889, "params": {"h": 36.0, "p": 258.0, "r": 63.0}, "datetime": {"datetime": "2024-05-06 16:46:46", "elapsed": 919.234389, "delta": 15.748345}}
{"target": 51.39054783498997, "params": {"h": 39.0, "p": 257.0, "r": 64.0}, "datetime": {"datetime": "2024-05-06 16:47:02", "elapsed": 934.846532, "delta": 15.612143}}
{"target": 42.926052203572844, "params": {"h": 31.0, "p": 252.0, "r": 65.0}, "datetime": {"datetime": "2024-05-06 16:47:16", "elapsed": 949.023789, "delta": 14.177257}}
{"target": 49.90576276519646, "params": {"h": 36.0, "p": 254.0, "r": 64.0}, "datetime": {"datetime": "2024-05-06 16:47:32", "elapsed": 964.594307, "delta": 15.570518}}
{"target": 51.90901425368549, "params": {"h": 39.0, "p": 264.0, "r": 64.0}, "datetime": {"datetime": "2024-05-06 16:47:47", "elapsed": 980.171714, "delta": 15.577407}}
{"target": 56.803485741296704, "params": {"h": 44.0, "p": 261.0, "r": 62.0}, "datetime": {"datetime": "2024-05-06 16:48:04", "elapsed": 996.592002, "delta": 16.420288}}
{"target": 66.87186593770062, "params": {"h": 38.0, "p": 258.0, "r": 58.0}, "datetime": {"datetime": "2024-05-06 16:48:20", "elapsed": 1013.417765, "delta": 16.825763}}
{"target": 61.85425549101939, "params": {"h": 40.0, "p": 260.0, "r": 60.0}, "datetime": {"datetime": "2024-05-06 16:48:38", "elapsed": 1030.460623, "delta": 17.042858}}
{"target": 67.05449392571201, "params": {"h": 42.0, "p": 261.0, "r": 56.0}, "datetime": {"datetime": "2024-05-06 16:48:55", "elapsed": 1047.986454, "delta": 17.525831}}
{"target": 64.0798839683056, "params": {"h": 42.0, "p": 255.0, "r": 56.0}, "datetime": {"datetime": "2024-05-06 16:49:12", "elapsed": 1065.061459, "delta": 17.075005}}
{"target": 74.4541275135702, "params": {"h": 37.0, "p": 259.0, "r": 55.0}, "datetime": {"datetime": "2024-05-06 16:49:30", "elapsed": 1083.185651, "delta": 18.124192}}
{"target": 79.71466544982563, "params": {"h": 34.0, "p": 258.0, "r": 50.0}, "datetime": {"datetime": "2024-05-06 16:49:49", "elapsed": 1101.547784, "delta": 18.362133}}
{"target": 76.4497789193479, "params": {"h": 36.0, "p": 258.0, "r": 52.0}, "datetime": {"datetime": "2024-05-06 16:50:07", "elapsed": 1119.869798, "delta": 18.322014}}
{"target": 73.7843281838472, "params": {"h": 35.0, "p": 255.0, "r": 50.0}, "datetime": {"datetime": "2024-05-06 16:50:25", "elapsed": 1137.927048, "delta": 18.05725}}
{"target": 68.94283442066181, "params": {"h": 40.0, "p": 258.0, "r": 54.0}, "datetime": {"datetime": "2024-05-06 16:50:42", "elapsed": 1155.306308, "delta": 17.37926}}
{"target": 82.51134131421747, "params": {"h": 34.0, "p": 259.0, "r": 53.0}, "datetime": {"datetime": "2024-05-06 16:51:00", "elapsed": 1172.761677, "delta": 17.455369}}
{"target": 80.78965475483383, "params": {"h": 34.0, "p": 260.0, "r": 50.0}, "datetime": {"datetime": "2024-05-06 16:51:18", "elapsed": 1190.888345, "delta": 18.126668}}
{"target": 88.60208391211906, "params": {"h": 32.0, "p": 260.0, "r": 52.0}, "datetime": {"datetime": "2024-05-06 16:51:36", "elapsed": 1208.462288, "delta": 17.573943}}
{"target": 89.98284587495777, "params": {"h": 31.0, "p": 259.0, "r": 49.0}, "datetime": {"datetime": "2024-05-06 16:51:53", "elapsed": 1226.232769, "delta": 17.770481}}
{"target": 111.25909428000128, "params": {"h": 26.0, "p": 263.0, "r": 48.0}, "datetime": {"datetime": "2024-05-06 16:52:11", "elapsed": 1244.102954, "delta": 17.870185}}
{"target": 72.56309273908724, "params": {"h": 25.0, "p": 260.0, "r": 52.0}, "datetime": {"datetime": "2024-05-06 16:52:28", "elapsed": 1261.020217, "delta": 16.917263}}
{"target": 105.0613606210883, "params": {"h": 29.0, "p": 267.0, "r": 48.0}, "datetime": {"datetime": "2024-05-06 16:52:49", "elapsed": 1281.505656, "delta": 20.485439}}
{"target": 28.268684304535256, "params": {"h": 32.0, "p": 262.0, "r": 41.0}, "datetime": {"datetime": "2024-05-06 16:53:09", "elapsed": 1301.986179, "delta": 20.480523}}
{"target": 95.26778110637024, "params": {"h": 31.0, "p": 265.0, "r": 51.0}, "datetime": {"datetime": "2024-05-06 16:53:26", "elapsed": 1319.098702, "delta": 17.112523}}
{"target": 105.99822252609331, "params": {"h": 22.0, "p": 265.0, "r": 46.0}, "datetime": {"datetime": "2024-05-06 16:53:43", "elapsed": 1335.846491, "delta": 16.747789}}
{"target": 136.05264972174734, "params": {"h": 23.0, "p": 269.0, "r": 44.0}, "datetime": {"datetime": "2024-05-06 16:54:01", "elapsed": 1353.903453, "delta": 18.056962}}
{"target": 124.46303547768969, "params": {"h": 24.0, "p": 270.0, "r": 46.0}, "datetime": {"datetime": "2024-05-06 16:54:19", "elapsed": 1372.014884, "delta": 18.111431}}
{"target": 40.86511676478481, "params": {"h": 25.0, "p": 268.0, "r": 39.0}, "datetime": {"datetime": "2024-05-06 16:54:39", "elapsed": 1392.175965, "delta": 20.161081}}
{"target": 103.7893356767978, "params": {"h": 22.0, "p": 269.0, "r": 46.0}, "datetime": {"datetime": "2024-05-06 16:54:58", "elapsed": 1410.488773, "delta": 18.312808}}
{"target": 99.03049405105317, "params": {"h": 22.0, "p": 277.0, "r": 46.0}, "datetime": {"datetime": "2024-05-06 16:55:15", "elapsed": 1427.90077, "delta": 17.411997}}
{"target": 115.58699277089465, "params": {"h": 26.0, "p": 270.0, "r": 45.0}, "datetime": {"datetime": "2024-05-06 16:55:33", "elapsed": 1445.782292, "delta": 17.881522}}
{"target": 121.57704929346463, "params": {"h": 21.0, "p": 270.0, "r": 44.0}, "datetime": {"datetime": "2024-05-06 16:55:50", "elapsed": 1462.456353, "delta": 16.674061}}
{"target": 60.90553345290742, "params": {"h": 16.0, "p": 280.0, "r": 40.0}, "datetime": {"datetime": "2024-05-06 16:56:07", "elapsed": 1479.778725, "delta": 17.322372}}
{"target": 150.5898588345954, "params": {"h": 21.0, "p": 273.0, "r": 42.0}, "datetime": {"datetime": "2024-05-06 16:56:26", "elapsed": 1498.434569, "delta": 18.655844}}
{"target": 143.07389248483332, "params": {"h": 22.0, "p": 274.0, "r": 42.0}, "datetime": {"datetime": "2024-05-06 16:56:44", "elapsed": 1517.340963, "delta": 18.906394}}
{"target": 100.01709139920024, "params": {"h": 31.0, "p": 274.0, "r": 51.0}, "datetime": {"datetime": "2024-05-06 16:57:01", "elapsed": 1533.88808, "delta": 16.547117}}
{"target": 97.1588859591785, "params": {"h": 32.0, "p": 281.0, "r": 52.0}, "datetime": {"datetime": "2024-05-06 16:57:18", "elapsed": 1551.328337, "delta": 17.440257}}
{"target": 55.40686527396806, "params": {"h": 26.0, "p": 281.0, "r": 54.0}, "datetime": {"datetime": "2024-05-06 16:57:35", "elapsed": 1567.836877, "delta": 16.50854}}
{"target": 142.00056210527353, "params": {"h": 18.0, "p": 272.0, "r": 40.0}, "datetime": {"datetime": "2024-05-06 16:57:53", "elapsed": 1586.212409, "delta": 18.375532}}
{"target": 180.61162448266072, "params": {"h": 16.0, "p": 271.0, "r": 36.0}, "datetime": {"datetime": "2024-05-06 16:58:14", "elapsed": 1606.535878, "delta": 20.323469}}
{"target": 31.86848987551902, "params": {"h": 17.0, "p": 271.0, "r": 32.0}, "datetime": {"datetime": "2024-05-06 16:58:34", "elapsed": 1626.499252, "delta": 19.963374}}
{"target": 75.74515939940453, "params": {"h": 39.0, "p": 274.0, "r": 51.0}, "datetime": {"datetime": "2024-05-06 16:58:52", "elapsed": 1645.370108, "delta": 18.870856}}
{"target": 177.67270002034357, "params": {"h": 15.0, "p": 262.0, "r": 34.0}, "datetime": {"datetime": "2024-05-06 16:59:10", "elapsed": 1663.340556, "delta": 17.970448}}
{"target": 100.5574521657305, "params": {"h": 15.0, "p": 269.0, "r": 37.0}, "datetime": {"datetime": "2024-05-06 16:59:30", "elapsed": 1682.655446, "delta": 19.31489}}
{"target": 9.7075192543993, "params": {"h": 19.0, "p": 261.0, "r": 30.0}, "datetime": {"datetime": "2024-05-06 16:59:49", "elapsed": 1701.820939, "delta": 19.165493}}
{"target": 139.991806856353, "params": {"h": 17.0, "p": 257.0, "r": 36.0}, "datetime": {"datetime": "2024-05-06 17:00:06", "elapsed": 1719.427411, "delta": 17.606472}}
{"target": 114.53957290601042, "params": {"h": 16.0, "p": 272.0, "r": 38.0}, "datetime": {"datetime": "2024-05-06 17:00:24", "elapsed": 1736.590674, "delta": 17.163263}}
{"target": 59.67315375573073, "params": {"h": 17.0, "p": 259.0, "r": 43.0}, "datetime": {"datetime": "2024-05-06 17:00:42", "elapsed": 1755.210694, "delta": 18.62002}}
{"target": 163.16806149354238, "params": {"h": 18.0, "p": 269.0, "r": 39.0}, "datetime": {"datetime": "2024-05-06 17:01:01", "elapsed": 1773.55492, "delta": 18.344226}}
{"target": 68.94616478068605, "params": {"h": 18.0, "p": 267.0, "r": 35.0}, "datetime": {"datetime": "2024-05-06 17:01:20", "elapsed": 1793.361399, "delta": 19.806479}}
{"target": 98.05768885368803, "params": {"h": 19.0, "p": 270.0, "r": 37.0}, "datetime": {"datetime": "2024-05-06 17:01:39", "elapsed": 1811.840334, "delta": 18.478935}}
{"target": 48.35477643804543, "params": {"h": 16.0, "p": 260.0, "r": 32.0}, "datetime": {"datetime": "2024-05-06 17:01:59", "elapsed": 1831.57432, "delta": 19.733986}}
{"target": 170.94255226365462, "params": {"h": 17.0, "p": 264.0, "r": 37.0}, "datetime": {"datetime": "2024-05-06 17:02:18", "elapsed": 1850.45441, "delta": 18.88009}}
{"target": 70.2246705451268, "params": {"h": 21.0, "p": 255.0, "r": 38.0}, "datetime": {"datetime": "2024-05-06 17:02:37", "elapsed": 1870.306878, "delta": 19.852468}}
{"target": 132.12158027024327, "params": {"h": 24.0, "p": 273.0, "r": 44.0}, "datetime": {"datetime": "2024-05-06 17:02:55", "elapsed": 1888.159657, "delta": 17.852779}}
{"target": 43.817906230410905, "params": {"h": 30.0, "p": 276.0, "r": 42.0}, "datetime": {"datetime": "2024-05-06 17:03:15", "elapsed": 1908.37783, "delta": 20.218173}}
{"target": 52.44737381859303, "params": {"h": 17.0, "p": 271.0, "r": 43.0}, "datetime": {"datetime": "2024-05-06 17:03:33", "elapsed": 1925.830583, "delta": 17.452753}}
{"target": 89.30666804925193, "params": {"h": 27.0, "p": 274.0, "r": 51.0}, "datetime": {"datetime": "2024-05-06 17:03:50", "elapsed": 1942.999072, "delta": 17.168489}}
{"target": 112.7604725822206, "params": {"h": 15.0, "p": 253.0, "r": 37.0}, "datetime": {"datetime": "2024-05-06 17:04:09", "elapsed": 1961.938107, "delta": 18.939035}}
{"target": 126.30321329968932, "params": {"h": 21.0, "p": 272.0, "r": 40.0}, "datetime": {"datetime": "2024-05-06 17:04:27", "elapsed": 1980.327512, "delta": 18.389405}}
{"target": 96.04177760032653, "params": {"h": 20.0, "p": 260.0, "r": 38.0}, "datetime": {"datetime": "2024-05-06 17:04:45", "elapsed": 1998.282488, "delta": 17.954976}}
{"target": 81.53354452473022, "params": {"h": 34.0, "p": 277.0, "r": 55.0}, "datetime": {"datetime": "2024-05-06 17:05:02", "elapsed": 2015.058733, "delta": 16.776245}}
{"target": 180.8862301959869, "params": {"h": 16.0, "p": 272.0, "r": 36.0}, "datetime": {"datetime": "2024-05-06 17:05:20", "elapsed": 2033.167281, "delta": 18.108548}}
{"target": 164.85669348065295, "params": {"h": 18.0, "p": 267.0, "r": 38.0}, "datetime": {"datetime": "2024-05-06 17:05:38", "elapsed": 2051.172129, "delta": 18.004848}}
{"target": 140.89516639635187, "params": {"h": 20.0, "p": 278.0, "r": 42.0}, "datetime": {"datetime": "2024-05-06 17:05:57", "elapsed": 2070.091212, "delta": 18.919083}}
{"target": 132.34626424543183, "params": {"h": 21.0, "p": 277.0, "r": 40.0}, "datetime": {"datetime": "2024-05-06 17:06:15", "elapsed": 2088.095527, "delta": 18.004315}}
{"target": 43.42502206610151, "params": {"h": 25.0, "p": 284.0, "r": 39.0}, "datetime": {"datetime": "2024-05-06 17:06:34", "elapsed": 2107.403186, "delta": 19.307659}}
{"target": 76.89184593766825, "params": {"h": 26.0, "p": 267.0, "r": 52.0}, "datetime": {"datetime": "2024-05-06 17:06:51", "elapsed": 2124.054238, "delta": 16.651052}}
{"target": 113.00637021680868, "params": {"h": 17.0, "p": 276.0, "r": 35.0}, "datetime": {"datetime": "2024-05-06 17:07:10", "elapsed": 2142.637806, "delta": 18.583568}}
