{"target": 0.9782541186714043, "params": {"h": 26.0, "p": 886.0, "r": 122.0}, "datetime": {"datetime": "2024-06-03 00:13:51", "elapsed": 0.0, "delta": 0.0}}
{"target": 10.78235227492943, "params": {"h": 46.0, "p": 117.0, "r": 30.0}, "datetime": {"datetime": "2024-06-03 00:14:12", "elapsed": 21.296909, "delta": 21.296909}}
{"target": 0.05594334002230902, "params": {"h": 35.0, "p": 934.0, "r": 21.0}, "datetime": {"datetime": "2024-06-03 00:15:42", "elapsed": 111.019386, "delta": 89.722477}}
{"target": 0.0, "params": {"h": 51.0, "p": 207.0, "r": 150.0}, "datetime": {"datetime": "2024-06-03 00:15:42", "elapsed": 111.019386, "delta": 0.0}}
{"target": 2.432619854450863, "params": {"h": 56.0, "p": 637.0, "r": 86.0}, "datetime": {"datetime": "2024-06-03 00:16:15", "elapsed": 144.661753, "delta": 33.642367}}
{"target": 6.349105676605747, "params": {"h": 50.0, "p": 472.0, "r": 129.0}, "datetime": {"datetime": "2024-06-03 00:16:34", "elapsed": 163.342839, "delta": 18.681086}}
{"target": 1.3434948608380937, "params": {"h": 32.0, "p": 782.0, "r": 82.0}, "datetime": {"datetime": "2024-06-03 00:17:18", "elapsed": 206.964272, "delta": 43.621433}}
{"target": 11.560509187030538, "params": {"h": 23.0, "p": 310.0, "r": 101.0}, "datetime": {"datetime": "2024-06-03 00:17:30", "elapsed": 219.701764, "delta": 12.737492}}
{"target": 4.060072671644983, "params": {"h": 39.0, "p": 695.0, "r": 42.0}, "datetime": {"datetime": "2024-06-03 00:18:15", "elapsed": 264.264973, "delta": 44.563209}}
{"target": 2.8314280832034373, "params": {"h": 15.0, "p": 398.0, "r": 60.0}, "datetime": {"datetime": "2024-06-03 00:18:38", "elapsed": 287.087387, "delta": 22.822414}}
{"target": 13.026206818013426, "params": {"h": 27.0, "p": 309.0, "r": 98.0}, "datetime": {"datetime": "2024-06-03 00:18:53", "elapsed": 302.67838, "delta": 15.590993}}
{"target": 18.823933819025246, "params": {"h": 46.0, "p": 309.0, "r": 102.0}, "datetime": {"datetime": "2024-06-03 00:19:08", "elapsed": 317.02321, "delta": 14.34483}}
{"target": 28.9601927343715, "params": {"h": 60.0, "p": 292.0, "r": 89.0}, "datetime": {"datetime": "2024-06-03 00:19:25", "elapsed": 334.192663, "delta": 17.169453}}
{"target": 58.99164912678937, "params": {"h": 60.0, "p": 276.0, "r": 61.0}, "datetime": {"datetime": "2024-06-03 00:19:46", "elapsed": 355.083127, "delta": 20.890464}}
{"target": 19.132563332172595, "params": {"h": 44.0, "p": 304.0, "r": 102.0}, "datetime": {"datetime": "2024-06-03 00:20:00", "elapsed": 369.602575, "delta": 14.519448}}
{"target": 8.270927452972778, "params": {"h": 60.0, "p": 264.0, "r": 38.0}, "datetime": {"datetime": "2024-06-03 00:20:34", "elapsed": 403.145618, "delta": 33.543043}}
{"target": 43.808074728737296, "params": {"h": 55.0, "p": 274.0, "r": 71.0}, "datetime": {"datetime": "2024-06-03 00:20:52", "elapsed": 421.391451, "delta": 18.245833}}
{"target": 64.68878854092773, "params": {"h": 60.0, "p": 288.0, "r": 61.0}, "datetime": {"datetime": "2024-06-03 00:21:16", "elapsed": 445.022117, "delta": 23.630666}}
{"target": 87.20799405698587, "params": {"h": 44.0, "p": 295.0, "r": 54.0}, "datetime": {"datetime": "2024-06-03 00:21:39", "elapsed": 468.253775, "delta": 23.231658}}
{"target": 30.859878213544807, "params": {"h": 44.0, "p": 308.0, "r": 44.0}, "datetime": {"datetime": "2024-06-03 00:22:10", "elapsed": 498.927667, "delta": 30.673892}}
{"target": 76.67573059905237, "params": {"h": 39.0, "p": 285.0, "r": 57.0}, "datetime": {"datetime": "2024-06-03 00:22:33", "elapsed": 521.918873, "delta": 22.991206}}
{"target": 41.82585838887022, "params": {"h": 38.0, "p": 300.0, "r": 64.0}, "datetime": {"datetime": "2024-06-03 00:22:55", "elapsed": 544.068661, "delta": 22.149788}}
{"target": 42.502562182918176, "params": {"h": 49.0, "p": 287.0, "r": 48.0}, "datetime": {"datetime": "2024-06-03 00:23:19", "elapsed": 568.452284, "delta": 24.383623}}
{"target": 104.33476642886653, "params": {"h": 35.0, "p": 293.0, "r": 51.0}, "datetime": {"datetime": "2024-06-03 00:23:42", "elapsed": 591.518797, "delta": 23.066513}}
{"target": 111.77552806944831, "params": {"h": 25.0, "p": 298.0, "r": 47.0}, "datetime": {"datetime": "2024-06-03 00:24:05", "elapsed": 614.296779, "delta": 22.777982}}
{"target": 90.20380050376495, "params": {"h": 22.0, "p": 288.0, "r": 46.0}, "datetime": {"datetime": "2024-06-03 00:24:25", "elapsed": 634.684037, "delta": 20.387258}}
{"target": 15.812005068935546, "params": {"h": 18.0, "p": 297.0, "r": 53.0}, "datetime": {"datetime": "2024-06-03 00:24:45", "elapsed": 654.055945, "delta": 19.371908}}
{"target": 56.52765368564609, "params": {"h": 27.0, "p": 296.0, "r": 41.0}, "datetime": {"datetime": "2024-06-03 00:25:09", "elapsed": 678.719333, "delta": 24.663388}}
{"target": 98.290213905747, "params": {"h": 28.0, "p": 293.0, "r": 50.0}, "datetime": {"datetime": "2024-06-03 00:25:32", "elapsed": 701.543505, "delta": 22.824172}}
{"target": 81.51635879668494, "params": {"h": 30.0, "p": 303.0, "r": 52.0}, "datetime": {"datetime": "2024-06-03 00:25:54", "elapsed": 723.734389, "delta": 22.190884}}
{"target": 95.27692295562633, "params": {"h": 33.0, "p": 285.0, "r": 48.0}, "datetime": {"datetime": "2024-06-03 00:26:19", "elapsed": 748.204453, "delta": 24.470064}}
{"target": 60.46183178303526, "params": {"h": 27.0, "p": 282.0, "r": 54.0}, "datetime": {"datetime": "2024-06-03 00:26:39", "elapsed": 768.425512, "delta": 20.221059}}
{"target": 129.69949633069086, "params": {"h": 24.0, "p": 305.0, "r": 45.0}, "datetime": {"datetime": "2024-06-03 00:27:04", "elapsed": 793.141437, "delta": 24.715925}}
{"target": 48.903718826309486, "params": {"h": 20.0, "p": 314.0, "r": 45.0}, "datetime": {"datetime": "2024-06-03 00:27:27", "elapsed": 816.34848, "delta": 23.207043}}
{"target": 44.510163330640026, "params": {"h": 23.0, "p": 305.0, "r": 50.0}, "datetime": {"datetime": "2024-06-03 00:27:49", "elapsed": 838.574622, "delta": 22.226142}}
{"target": 57.251793798886645, "params": {"h": 29.0, "p": 302.0, "r": 42.0}, "datetime": {"datetime": "2024-06-03 00:28:15", "elapsed": 863.799702, "delta": 25.22508}}
{"target": 101.86098622569988, "params": {"h": 32.0, "p": 293.0, "r": 47.0}, "datetime": {"datetime": "2024-06-03 00:28:38", "elapsed": 887.739499, "delta": 23.939797}}
{"target": 131.87420724851216, "params": {"h": 28.0, "p": 308.0, "r": 47.0}, "datetime": {"datetime": "2024-06-03 00:29:03", "elapsed": 911.979336, "delta": 24.239837}}
{"target": 64.76500741221581, "params": {"h": 29.0, "p": 312.0, "r": 42.0}, "datetime": {"datetime": "2024-06-03 00:29:28", "elapsed": 937.62167, "delta": 25.642334}}
{"target": 62.79529956576115, "params": {"h": 31.0, "p": 289.0, "r": 56.0}, "datetime": {"datetime": "2024-06-03 00:29:47", "elapsed": 956.194588, "delta": 18.572918}}
{"target": 132.2471684265327, "params": {"h": 29.0, "p": 305.0, "r": 47.0}, "datetime": {"datetime": "2024-06-03 00:30:10", "elapsed": 979.249289, "delta": 23.054701}}
{"target": 57.503298124801205, "params": {"h": 28.0, "p": 284.0, "r": 42.0}, "datetime": {"datetime": "2024-06-03 00:30:34", "elapsed": 1003.701235, "delta": 24.451946}}
{"target": 66.88049073257865, "params": {"h": 39.0, "p": 289.0, "r": 48.0}, "datetime": {"datetime": "2024-06-03 00:30:58", "elapsed": 1027.792862, "delta": 24.091627}}
{"target": 135.30530275271838, "params": {"h": 17.0, "p": 303.0, "r": 38.0}, "datetime": {"datetime": "2024-06-03 00:31:23", "elapsed": 1052.392968, "delta": 24.600106}}
{"target": 136.85499016108275, "params": {"h": 18.0, "p": 309.0, "r": 39.0}, "datetime": {"datetime": "2024-06-03 00:31:47", "elapsed": 1075.838457, "delta": 23.445489}}
{"target": 27.956581866518206, "params": {"h": 16.0, "p": 306.0, "r": 42.0}, "datetime": {"datetime": "2024-06-03 00:32:11", "elapsed": 1100.570336, "delta": 24.731879}}
{"target": 31.020727903032988, "params": {"h": 24.0, "p": 310.0, "r": 37.0}, "datetime": {"datetime": "2024-06-03 00:32:39", "elapsed": 1128.010178, "delta": 27.439842}}
{"target": 128.77692130933426, "params": {"h": 18.0, "p": 306.0, "r": 36.0}, "datetime": {"datetime": "2024-06-03 00:33:04", "elapsed": 1153.633159, "delta": 25.622981}}
{"target": 51.75354866380859, "params": {"h": 23.0, "p": 304.0, "r": 38.0}, "datetime": {"datetime": "2024-06-03 00:33:29", "elapsed": 1178.100906, "delta": 24.467747}}
{"target": 58.225365411230406, "params": {"h": 15.0, "p": 314.0, "r": 37.0}, "datetime": {"datetime": "2024-06-03 00:33:53", "elapsed": 1201.806374, "delta": 23.705468}}
{"target": 177.61255632950736, "params": {"h": 18.0, "p": 308.0, "r": 37.0}, "datetime": {"datetime": "2024-06-03 00:34:19", "elapsed": 1227.866709, "delta": 26.060335}}
{"target": 124.3858712732166, "params": {"h": 29.0, "p": 298.0, "r": 48.0}, "datetime": {"datetime": "2024-06-03 00:34:42", "elapsed": 1251.1309, "delta": 23.264191}}
{"target": 177.28425670431233, "params": {"h": 18.0, "p": 310.0, "r": 37.0}, "datetime": {"datetime": "2024-06-03 00:35:08", "elapsed": 1277.097149, "delta": 25.966249}}
{"target": 84.87257987002226, "params": {"h": 37.0, "p": 297.0, "r": 55.0}, "datetime": {"datetime": "2024-06-03 00:35:30", "elapsed": 1299.789386, "delta": 22.692237}}
{"target": 89.06505457737585, "params": {"h": 30.0, "p": 307.0, "r": 44.0}, "datetime": {"datetime": "2024-06-03 00:35:58", "elapsed": 1327.459139, "delta": 27.669753}}
{"target": 113.42174455794691, "params": {"h": 32.0, "p": 307.0, "r": 50.0}, "datetime": {"datetime": "2024-06-03 00:36:21", "elapsed": 1349.849543, "delta": 22.390404}}
{"target": 44.37261651875907, "params": {"h": 15.0, "p": 310.0, "r": 38.0}, "datetime": {"datetime": "2024-06-03 00:36:44", "elapsed": 1373.393627, "delta": 23.544084}}
{"target": 110.14602137112733, "params": {"h": 29.0, "p": 307.0, "r": 49.0}, "datetime": {"datetime": "2024-06-03 00:37:08", "elapsed": 1397.067701, "delta": 23.674074}}
{"target": 14.288988050559677, "params": {"h": 21.0, "p": 311.0, "r": 33.0}, "datetime": {"datetime": "2024-06-03 00:37:35", "elapsed": 1423.866483, "delta": 26.798782}}
{"target": 125.46799438976495, "params": {"h": 30.0, "p": 302.0, "r": 48.0}, "datetime": {"datetime": "2024-06-03 00:37:58", "elapsed": 1447.444903, "delta": 23.57842}}
{"target": 126.20030222608614, "params": {"h": 27.0, "p": 305.0, "r": 47.0}, "datetime": {"datetime": "2024-06-03 00:38:23", "elapsed": 1471.945932, "delta": 24.501029}}
{"target": 108.12435899948333, "params": {"h": 35.0, "p": 301.0, "r": 51.0}, "datetime": {"datetime": "2024-06-03 00:38:46", "elapsed": 1495.475891, "delta": 23.529959}}
{"target": 72.8819206480476, "params": {"h": 31.0, "p": 296.0, "r": 54.0}, "datetime": {"datetime": "2024-06-03 00:39:07", "elapsed": 1516.625883, "delta": 21.149992}}
{"target": 166.9394812259041, "params": {"h": 15.0, "p": 308.0, "r": 33.0}, "datetime": {"datetime": "2024-06-03 00:39:33", "elapsed": 1542.326115, "delta": 25.700232}}
{"target": 42.099987303651695, "params": {"h": 40.0, "p": 297.0, "r": 45.0}, "datetime": {"datetime": "2024-06-03 00:40:02", "elapsed": 1570.829352, "delta": 28.503237}}
{"target": 30.365134495054647, "params": {"h": 16.0, "p": 306.0, "r": 31.0}, "datetime": {"datetime": "2024-06-03 00:40:28", "elapsed": 1596.850632, "delta": 26.02128}}
{"target": 79.63632075051521, "params": {"h": 34.0, "p": 299.0, "r": 46.0}, "datetime": {"datetime": "2024-06-03 00:40:53", "elapsed": 1622.699929, "delta": 25.849297}}
{"target": 101.54178382267426, "params": {"h": 35.0, "p": 303.0, "r": 48.0}, "datetime": {"datetime": "2024-06-03 00:41:20", "elapsed": 1648.815041, "delta": 26.115112}}
{"target": 85.76467064403236, "params": {"h": 18.0, "p": 311.0, "r": 35.0}, "datetime": {"datetime": "2024-06-03 00:41:47", "elapsed": 1676.312792, "delta": 27.497751}}
{"target": 92.43764412414998, "params": {"h": 20.0, "p": 310.0, "r": 37.0}, "datetime": {"datetime": "2024-06-03 00:42:12", "elapsed": 1701.373497, "delta": 25.060705}}
{"target": 189.74127179944625, "params": {"h": 16.0, "p": 308.0, "r": 35.0}, "datetime": {"datetime": "2024-06-03 00:42:39", "elapsed": 1728.47565, "delta": 27.102153}}
{"target": 186.47123311220864, "params": {"h": 15.0, "p": 310.0, "r": 34.0}, "datetime": {"datetime": "2024-06-03 00:43:06", "elapsed": 1755.080454, "delta": 26.604804}}
{"target": 119.9698029064554, "params": {"h": 26.0, "p": 301.0, "r": 47.0}, "datetime": {"datetime": "2024-06-03 00:43:29", "elapsed": 1778.593931, "delta": 23.513477}}
{"target": 119.09938243484362, "params": {"h": 31.0, "p": 297.0, "r": 48.0}, "datetime": {"datetime": "2024-06-03 00:43:53", "elapsed": 1801.891524, "delta": 23.297593}}
{"target": 113.3929960905536, "params": {"h": 33.0, "p": 311.0, "r": 47.0}, "datetime": {"datetime": "2024-06-03 00:44:19", "elapsed": 1828.617055, "delta": 26.725531}}
{"target": 123.42175755060582, "params": {"h": 16.0, "p": 300.0, "r": 37.0}, "datetime": {"datetime": "2024-06-03 00:44:44", "elapsed": 1853.088692, "delta": 24.471637}}
{"target": 103.49917435873908, "params": {"h": 36.0, "p": 310.0, "r": 52.0}, "datetime": {"datetime": "2024-06-03 00:45:09", "elapsed": 1878.306112, "delta": 25.21742}}
{"target": 93.84039266360335, "params": {"h": 34.0, "p": 315.0, "r": 52.0}, "datetime": {"datetime": "2024-06-03 00:45:34", "elapsed": 1903.79322, "delta": 25.487108}}
{"target": 145.62526324343713, "params": {"h": 22.0, "p": 302.0, "r": 43.0}, "datetime": {"datetime": "2024-06-03 00:45:59", "elapsed": 1928.194988, "delta": 24.401768}}
{"target": 120.91121648214703, "params": {"h": 20.0, "p": 301.0, "r": 38.0}, "datetime": {"datetime": "2024-06-03 00:46:25", "elapsed": 1954.381577, "delta": 26.186589}}
{"target": 78.88140707919108, "params": {"h": 29.0, "p": 311.0, "r": 51.0}, "datetime": {"datetime": "2024-06-03 00:46:49", "elapsed": 1978.754256, "delta": 24.372679}}
{"target": 65.16505892077492, "params": {"h": 35.0, "p": 309.0, "r": 45.0}, "datetime": {"datetime": "2024-06-03 00:47:17", "elapsed": 2006.492473, "delta": 27.738217}}
{"target": 117.45344124708596, "params": {"h": 20.0, "p": 296.0, "r": 38.0}, "datetime": {"datetime": "2024-06-03 00:47:44", "elapsed": 2033.166568, "delta": 26.674095}}
{"target": 52.8483060966721, "params": {"h": 18.0, "p": 296.0, "r": 43.0}, "datetime": {"datetime": "2024-06-03 00:48:08", "elapsed": 2056.989996, "delta": 23.823428}}
{"target": 90.1780010229165, "params": {"h": 20.0, "p": 304.0, "r": 43.0}, "datetime": {"datetime": "2024-06-03 00:48:31", "elapsed": 2080.322821, "delta": 23.332825}}
{"target": 65.57132284940016, "params": {"h": 33.0, "p": 308.0, "r": 55.0}, "datetime": {"datetime": "2024-06-03 00:48:53", "elapsed": 2102.46674, "delta": 22.143919}}
{"target": 109.61322714407265, "params": {"h": 35.0, "p": 318.0, "r": 47.0}, "datetime": {"datetime": "2024-06-03 00:49:20", "elapsed": 2128.914022, "delta": 26.447282}}
{"target": 187.4904242286943, "params": {"h": 16.0, "p": 302.0, "r": 35.0}, "datetime": {"datetime": "2024-06-03 00:49:47", "elapsed": 2156.287356, "delta": 27.373334}}
{"target": 125.4138616848358, "params": {"h": 18.0, "p": 303.0, "r": 36.0}, "datetime": {"datetime": "2024-06-03 00:50:14", "elapsed": 2183.113541, "delta": 26.826185}}
{"target": 20.09570493860043, "params": {"h": 17.0, "p": 297.0, "r": 31.0}, "datetime": {"datetime": "2024-06-03 00:50:42", "elapsed": 2211.165254, "delta": 28.051713}}
{"target": 146.03109316958626, "params": {"h": 15.0, "p": 305.0, "r": 35.0}, "datetime": {"datetime": "2024-06-03 00:51:06", "elapsed": 2234.827209, "delta": 23.661955}}
{"target": 108.82346236680408, "params": {"h": 36.0, "p": 321.0, "r": 51.0}, "datetime": {"datetime": "2024-06-03 00:51:31", "elapsed": 2260.463312, "delta": 25.636103}}
{"target": 58.03624056131795, "params": {"h": 32.0, "p": 320.0, "r": 54.0}, "datetime": {"datetime": "2024-06-03 00:51:56", "elapsed": 2284.805628, "delta": 24.342316}}
{"target": 135.2064174887617, "params": {"h": 31.0, "p": 319.0, "r": 47.0}, "datetime": {"datetime": "2024-06-03 00:52:20", "elapsed": 2309.528424, "delta": 24.722796}}
{"target": 143.16335647448653, "params": {"h": 29.0, "p": 321.0, "r": 46.0}, "datetime": {"datetime": "2024-06-03 00:52:46", "elapsed": 2335.161182, "delta": 25.632758}}
{"target": 145.13684600090227, "params": {"h": 28.0, "p": 319.0, "r": 45.0}, "datetime": {"datetime": "2024-06-03 00:53:10", "elapsed": 2359.0196, "delta": 23.858418}}
{"target": 124.53910689106158, "params": {"h": 35.0, "p": 328.0, "r": 49.0}, "datetime": {"datetime": "2024-06-03 00:53:37", "elapsed": 2386.063496, "delta": 27.043896}}
{"target": 72.71440189216669, "params": {"h": 34.0, "p": 324.0, "r": 44.0}, "datetime": {"datetime": "2024-06-03 00:54:05", "elapsed": 2413.983224, "delta": 27.919728}}
{"target": 72.71884748517081, "params": {"h": 31.0, "p": 319.0, "r": 43.0}, "datetime": {"datetime": "2024-06-03 00:54:33", "elapsed": 2442.437538, "delta": 28.454314}}
{"target": 159.99119249537253, "params": {"h": 22.0, "p": 298.0, "r": 42.0}, "datetime": {"datetime": "2024-06-03 00:54:57", "elapsed": 2466.45013, "delta": 24.012592}}
{"target": 56.033180416797435, "params": {"h": 24.0, "p": 321.0, "r": 48.0}, "datetime": {"datetime": "2024-06-03 00:55:22", "elapsed": 2490.917811, "delta": 24.467681}}
{"target": 58.46632531517681, "params": {"h": 32.0, "p": 326.0, "r": 53.0}, "datetime": {"datetime": "2024-06-03 00:55:45", "elapsed": 2513.936261, "delta": 23.01845}}
{"target": 87.07240761376246, "params": {"h": 16.0, "p": 301.0, "r": 33.0}, "datetime": {"datetime": "2024-06-03 00:56:11", "elapsed": 2540.203596, "delta": 26.267335}}
{"target": 148.84180251070086, "params": {"h": 24.0, "p": 300.0, "r": 44.0}, "datetime": {"datetime": "2024-06-03 00:56:35", "elapsed": 2564.108386, "delta": 23.90479}}
{"target": 112.90377405496336, "params": {"h": 40.0, "p": 328.0, "r": 51.0}, "datetime": {"datetime": "2024-06-03 00:57:02", "elapsed": 2591.220597, "delta": 27.112211}}
{"target": 102.4408455485577, "params": {"h": 15.0, "p": 310.0, "r": 32.0}, "datetime": {"datetime": "2024-06-03 00:57:26", "elapsed": 2615.159379, "delta": 23.938782}}
{"target": 108.8491242072555, "params": {"h": 28.0, "p": 317.0, "r": 48.0}, "datetime": {"datetime": "2024-06-03 00:57:48", "elapsed": 2637.549891, "delta": 22.390512}}
{"target": 123.0855882892581, "params": {"h": 38.0, "p": 330.0, "r": 48.0}, "datetime": {"datetime": "2024-06-03 00:58:16", "elapsed": 2664.875497, "delta": 27.325606}}
{"target": 108.33234644995127, "params": {"h": 45.0, "p": 329.0, "r": 52.0}, "datetime": {"datetime": "2024-06-03 00:58:41", "elapsed": 2689.8208, "delta": 24.945303}}
{"target": 126.19224474715722, "params": {"h": 39.0, "p": 334.0, "r": 49.0}, "datetime": {"datetime": "2024-06-03 00:59:06", "elapsed": 2714.902865, "delta": 25.082065}}
{"target": 98.62380588708344, "params": {"h": 37.0, "p": 332.0, "r": 51.0}, "datetime": {"datetime": "2024-06-03 00:59:31", "elapsed": 2740.608811, "delta": 25.705946}}
{"target": 96.65793800860135, "params": {"h": 41.0, "p": 331.0, "r": 47.0}, "datetime": {"datetime": "2024-06-03 01:00:00", "elapsed": 2769.387527, "delta": 28.778716}}
{"target": 153.1950283574364, "params": {"h": 20.0, "p": 300.0, "r": 41.0}, "datetime": {"datetime": "2024-06-03 01:00:23", "elapsed": 2792.631705, "delta": 23.244178}}
{"target": 100.53720704906736, "params": {"h": 38.0, "p": 334.0, "r": 46.0}, "datetime": {"datetime": "2024-06-03 01:00:51", "elapsed": 2820.498696, "delta": 27.866991}}
{"target": 110.5003617296485, "params": {"h": 37.0, "p": 327.0, "r": 47.0}, "datetime": {"datetime": "2024-06-03 01:01:19", "elapsed": 2848.729734, "delta": 28.231038}}
{"target": 73.46536570840448, "params": {"h": 23.0, "p": 300.0, "r": 39.0}, "datetime": {"datetime": "2024-06-03 01:01:48", "elapsed": 2876.892904, "delta": 28.16317}}
{"target": 107.08002630365011, "params": {"h": 40.0, "p": 320.0, "r": 49.0}, "datetime": {"datetime": "2024-06-03 01:02:14", "elapsed": 2903.153091, "delta": 26.260187}}
{"target": 81.83835708513371, "params": {"h": 40.0, "p": 340.0, "r": 45.0}, "datetime": {"datetime": "2024-06-03 01:02:43", "elapsed": 2932.62995, "delta": 29.476859}}
{"target": 101.05331135903809, "params": {"h": 15.0, "p": 302.0, "r": 36.0}, "datetime": {"datetime": "2024-06-03 01:03:09", "elapsed": 2958.735028, "delta": 26.105078}}
{"target": 142.12712003939396, "params": {"h": 25.0, "p": 302.0, "r": 45.0}, "datetime": {"datetime": "2024-06-03 01:03:32", "elapsed": 2981.684831, "delta": 22.949803}}
{"target": 116.96625241617349, "params": {"h": 32.0, "p": 323.0, "r": 49.0}, "datetime": {"datetime": "2024-06-03 01:04:00", "elapsed": 3008.909367, "delta": 27.224536}}
{"target": 105.83303378977104, "params": {"h": 32.0, "p": 320.0, "r": 50.0}, "datetime": {"datetime": "2024-06-03 01:04:24", "elapsed": 3033.625224, "delta": 24.715857}}
{"target": 84.96609466723525, "params": {"h": 18.0, "p": 308.0, "r": 35.0}, "datetime": {"datetime": "2024-06-03 01:04:51", "elapsed": 3060.549151, "delta": 26.923927}}
{"target": 174.38540827405632, "params": {"h": 17.0, "p": 307.0, "r": 37.0}, "datetime": {"datetime": "2024-06-03 01:05:17", "elapsed": 3086.046399, "delta": 25.497248}}
{"target": 139.35898004807086, "params": {"h": 26.0, "p": 304.0, "r": 44.0}, "datetime": {"datetime": "2024-06-03 01:05:41", "elapsed": 3110.785545, "delta": 24.739146}}
{"target": 130.31045240334527, "params": {"h": 27.0, "p": 321.0, "r": 43.0}, "datetime": {"datetime": "2024-06-03 01:06:09", "elapsed": 3137.919684, "delta": 27.134139}}
{"target": 120.55751014750028, "params": {"h": 25.0, "p": 308.0, "r": 46.0}, "datetime": {"datetime": "2024-06-03 01:06:34", "elapsed": 3163.331535, "delta": 25.411851}}
{"target": 84.65622266659243, "params": {"h": 39.0, "p": 337.0, "r": 52.0}, "datetime": {"datetime": "2024-06-03 01:07:00", "elapsed": 3189.562871, "delta": 26.231336}}
{"target": 127.25602956115958, "params": {"h": 29.0, "p": 325.0, "r": 47.0}, "datetime": {"datetime": "2024-06-03 01:07:26", "elapsed": 3215.336155, "delta": 25.773284}}
