{"target": 56.541498084213785, "params": {"h": 23.0, "p": 264.0, "r": 52.0}, "datetime": {"datetime": "2024-05-18 03:00:36", "elapsed": 2794.65153, "delta": 17.09943}}
{"target": 74.76571277965559, "params": {"h": 31.0, "p": 235.0, "r": 53.0}, "datetime": {"datetime": "2024-05-18 03:00:50", "elapsed": 2809.495701, "delta": 14.844171}}
{"target": 127.48833614117761, "params": {"h": 22.0, "p": 258.0, "r": 42.0}, "datetime": {"datetime": "2024-05-18 03:01:08", "elapsed": 2826.894389, "delta": 17.398688}}
{"target": 106.35161644242956, "params": {"h": 22.0, "p": 264.0, "r": 46.0}, "datetime": {"datetime": "2024-05-18 03:01:25", "elapsed": 2843.963613, "delta": 17.069224}}
{"target": 60.66036981220517, "params": {"h": 23.0, "p": 255.0, "r": 52.0}, "datetime": {"datetime": "2024-05-18 03:01:42", "elapsed": 2861.18453, "delta": 17.220917}}
{"target": 50.962196121758815, "params": {"h": 27.0, "p": 222.0, "r": 42.0}, "datetime": {"datetime": "2024-05-18 03:02:00", "elapsed": 2878.704351, "delta": 17.519821}}
{"target": 100.5377734851748, "params": {"h": 29.0, "p": 263.0, "r": 50.0}, "datetime": {"datetime": "2024-05-18 03:02:17", "elapsed": 2896.354338, "delta": 17.649987}}
{"target": 78.16610465515765, "params": {"h": 36.0, "p": 258.0, "r": 53.0}, "datetime": {"datetime": "2024-05-18 03:02:34", "elapsed": 2912.787136, "delta": 16.432798}}
{"target": 130.78123427976269, "params": {"h": 22.0, "p": 255.0, "r": 44.0}, "datetime": {"datetime": "2024-05-18 03:02:50", "elapsed": 2928.974274, "delta": 16.187138}}
{"target": 95.046874566659, "params": {"h": 23.0, "p": 262.0, "r": 41.0}, "datetime": {"datetime": "2024-05-18 03:03:07", "elapsed": 2946.189396, "delta": 17.215122}}
{"target": 83.60469911083274, "params": {"h": 35.0, "p": 268.0, "r": 54.0}, "datetime": {"datetime": "2024-05-18 03:03:24", "elapsed": 2962.86503, "delta": 16.675634}}
{"target": 71.62265614257018, "params": {"h": 35.0, "p": 262.0, "r": 57.0}, "datetime": {"datetime": "2024-05-18 03:03:39", "elapsed": 2978.154113, "delta": 15.289083}}
{"target": 54.00169469269302, "params": {"h": 29.0, "p": 270.0, "r": 58.0}, "datetime": {"datetime": "2024-05-18 03:03:54", "elapsed": 2993.492836, "delta": 15.338723}}
{"target": 84.52182215896399, "params": {"h": 38.0, "p": 277.0, "r": 54.0}, "datetime": {"datetime": "2024-05-18 03:04:11", "elapsed": 3010.574483, "delta": 17.081647}}
{"target": 160.71332315353607, "params": {"h": 16.0, "p": 257.0, "r": 37.0}, "datetime": {"datetime": "2024-05-18 03:04:30", "elapsed": 3028.825207, "delta": 18.250724}}
{"target": 69.65125161738528, "params": {"h": 18.0, "p": 262.0, "r": 35.0}, "datetime": {"datetime": "2024-05-18 03:04:48", "elapsed": 3047.51704, "delta": 18.691833}}
{"target": 51.92082286663128, "params": {"h": 43.0, "p": 271.0, "r": 49.0}, "datetime": {"datetime": "2024-05-18 03:05:09", "elapsed": 3067.720585, "delta": 20.203545}}
{"target": 70.70328903424867, "params": {"h": 28.0, "p": 227.0, "r": 54.0}, "datetime": {"datetime": "2024-05-18 03:05:24", "elapsed": 3082.613191, "delta": 14.892606}}
{"target": 66.34406099929748, "params": {"h": 37.0, "p": 273.0, "r": 59.0}, "datetime": {"datetime": "2024-05-18 03:05:40", "elapsed": 3099.168669, "delta": 16.555478}}
{"target": 93.31268347073717, "params": {"h": 31.0, "p": 260.0, "r": 50.0}, "datetime": {"datetime": "2024-05-18 03:06:00", "elapsed": 3119.177405, "delta": 20.008736}}
{"target": 81.74719461477038, "params": {"h": 34.0, "p": 277.0, "r": 48.0}, "datetime": {"datetime": "2024-05-18 03:06:18", "elapsed": 3136.985889, "delta": 17.808484}}
{"target": 96.6957418058718, "params": {"h": 35.0, "p": 283.0, "r": 52.0}, "datetime": {"datetime": "2024-05-18 03:06:35", "elapsed": 3154.442702, "delta": 17.456813}}
{"target": 85.8763559240316, "params": {"h": 33.0, "p": 285.0, "r": 47.0}, "datetime": {"datetime": "2024-05-18 03:06:55", "elapsed": 3174.561457, "delta": 20.118755}}
{"target": 98.68366258424999, "params": {"h": 36.0, "p": 289.0, "r": 51.0}, "datetime": {"datetime": "2024-05-18 03:07:14", "elapsed": 3193.101567, "delta": 18.54011}}
{"target": 86.48673799197368, "params": {"h": 31.0, "p": 287.0, "r": 53.0}, "datetime": {"datetime": "2024-05-18 03:07:32", "elapsed": 3211.012505, "delta": 17.910938}}
{"target": 63.08470210606342, "params": {"h": 36.0, "p": 284.0, "r": 59.0}, "datetime": {"datetime": "2024-05-18 03:07:49", "elapsed": 3227.866634, "delta": 16.854129}}
{"target": 42.960211891782734, "params": {"h": 40.0, "p": 281.0, "r": 46.0}, "datetime": {"datetime": "2024-05-18 03:08:08", "elapsed": 3247.360797, "delta": 19.494163}}
{"target": 92.96505871774735, "params": {"h": 30.0, "p": 280.0, "r": 52.0}, "datetime": {"datetime": "2024-05-18 03:08:26", "elapsed": 3265.034618, "delta": 17.673821}}
{"target": 76.62530654445385, "params": {"h": 36.0, "p": 294.0, "r": 56.0}, "datetime": {"datetime": "2024-05-18 03:08:43", "elapsed": 3281.604339, "delta": 16.569721}}
{"target": 86.23937777404855, "params": {"h": 23.0, "p": 249.0, "r": 41.0}, "datetime": {"datetime": "2024-05-18 03:08:59", "elapsed": 3298.536019, "delta": 16.93168}}
{"target": 91.94919046033301, "params": {"h": 35.0, "p": 294.0, "r": 48.0}, "datetime": {"datetime": "2024-05-18 03:09:18", "elapsed": 3316.824707, "delta": 18.288688}}
{"target": 92.20669531023196, "params": {"h": 20.0, "p": 257.0, "r": 45.0}, "datetime": {"datetime": "2024-05-18 03:09:34", "elapsed": 3333.148569, "delta": 16.323862}}
{"target": 123.15230418872136, "params": {"h": 19.0, "p": 258.0, "r": 38.0}, "datetime": {"datetime": "2024-05-18 03:09:51", "elapsed": 3350.219618, "delta": 17.071049}}
{"target": 73.70945388829641, "params": {"h": 36.0, "p": 263.0, "r": 50.0}, "datetime": {"datetime": "2024-05-18 03:10:08", "elapsed": 3367.482418, "delta": 17.2628}}
{"target": 159.91259698598913, "params": {"h": 16.0, "p": 254.0, "r": 37.0}, "datetime": {"datetime": "2024-05-18 03:10:27", "elapsed": 3385.71408, "delta": 18.231662}}
{"target": 86.4855614693141, "params": {"h": 28.0, "p": 294.0, "r": 51.0}, "datetime": {"datetime": "2024-05-18 03:10:43", "elapsed": 3402.174881, "delta": 16.460801}}
{"target": 76.98450277065699, "params": {"h": 16.0, "p": 258.0, "r": 40.0}, "datetime": {"datetime": "2024-05-18 03:11:01", "elapsed": 3420.271749, "delta": 18.096868}}
{"target": 119.12608993446695, "params": {"h": 30.0, "p": 291.0, "r": 48.0}, "datetime": {"datetime": "2024-05-18 03:11:19", "elapsed": 3438.432574, "delta": 18.160825}}
{"target": 65.26094994816378, "params": {"h": 22.0, "p": 287.0, "r": 48.0}, "datetime": {"datetime": "2024-05-18 03:11:36", "elapsed": 3455.328143, "delta": 16.895569}}
{"target": 102.69471964717594, "params": {"h": 31.0, "p": 298.0, "r": 46.0}, "datetime": {"datetime": "2024-05-18 03:11:55", "elapsed": 3474.08418, "delta": 18.756037}}
{"target": 47.7740979754161, "params": {"h": 28.0, "p": 292.0, "r": 41.0}, "datetime": {"datetime": "2024-05-18 03:12:14", "elapsed": 3493.356292, "delta": 19.272112}}
{"target": 101.1896705754852, "params": {"h": 34.0, "p": 297.0, "r": 52.0}, "datetime": {"datetime": "2024-05-18 03:12:33", "elapsed": 3511.650134, "delta": 18.293842}}
{"target": 102.69027776772003, "params": {"h": 29.0, "p": 299.0, "r": 50.0}, "datetime": {"datetime": "2024-05-18 03:12:52", "elapsed": 3530.755212, "delta": 19.105078}}
{"target": 74.10034977284153, "params": {"h": 35.0, "p": 302.0, "r": 46.0}, "datetime": {"datetime": "2024-05-18 03:13:14", "elapsed": 3553.488505, "delta": 22.733293}}
{"target": 137.3561920313431, "params": {"h": 28.0, "p": 305.0, "r": 46.0}, "datetime": {"datetime": "2024-05-18 03:13:33", "elapsed": 3572.232008, "delta": 18.743503}}
{"target": 97.70684503034292, "params": {"h": 29.0, "p": 305.0, "r": 50.0}, "datetime": {"datetime": "2024-05-18 03:13:51", "elapsed": 3589.623868, "delta": 17.39186}}
{"target": 132.29329048661268, "params": {"h": 26.0, "p": 310.0, "r": 46.0}, "datetime": {"datetime": "2024-05-18 03:14:08", "elapsed": 3607.555335, "delta": 17.931467}}
{"target": 105.78885027054923, "params": {"h": 27.0, "p": 304.0, "r": 43.0}, "datetime": {"datetime": "2024-05-18 03:14:27", "elapsed": 3625.860453, "delta": 18.305118}}
{"target": 69.27353262683454, "params": {"h": 21.0, "p": 308.0, "r": 45.0}, "datetime": {"datetime": "2024-05-18 03:14:45", "elapsed": 3644.390134, "delta": 18.529681}}
{"target": 43.02275166659801, "params": {"h": 25.0, "p": 310.0, "r": 52.0}, "datetime": {"datetime": "2024-05-18 03:15:02", "elapsed": 3661.30279, "delta": 16.912656}}
{"target": 39.942311912498255, "params": {"h": 33.0, "p": 310.0, "r": 42.0}, "datetime": {"datetime": "2024-05-18 03:15:22", "elapsed": 3681.268538, "delta": 19.965748}}
{"target": 137.05248546323674, "params": {"h": 27.0, "p": 301.0, "r": 46.0}, "datetime": {"datetime": "2024-05-18 03:15:41", "elapsed": 3699.670132, "delta": 18.401594}}
{"target": 125.55858917071868, "params": {"h": 25.0, "p": 303.0, "r": 46.0}, "datetime": {"datetime": "2024-05-18 03:15:58", "elapsed": 3717.302007, "delta": 17.631875}}
{"target": 134.89561468158468, "params": {"h": 26.0, "p": 297.0, "r": 46.0}, "datetime": {"datetime": "2024-05-18 03:16:16", "elapsed": 3734.780213, "delta": 17.478206}}
{"target": 30.598600844963535, "params": {"h": 18.0, "p": 297.0, "r": 46.0}, "datetime": {"datetime": "2024-05-18 03:16:32", "elapsed": 3751.497206, "delta": 16.716993}}
{"target": 48.232088735995085, "params": {"h": 24.0, "p": 301.0, "r": 51.0}, "datetime": {"datetime": "2024-05-18 03:16:50", "elapsed": 3769.096574, "delta": 17.599368}}
{"target": 130.25495108683057, "params": {"h": 27.0, "p": 308.0, "r": 44.0}, "datetime": {"datetime": "2024-05-18 03:17:10", "elapsed": 3788.929413, "delta": 19.832839}}
{"target": 123.46448594733474, "params": {"h": 29.0, "p": 295.0, "r": 48.0}, "datetime": {"datetime": "2024-05-18 03:17:30", "elapsed": 3808.766819, "delta": 19.837406}}
{"target": 125.34193331125792, "params": {"h": 30.0, "p": 317.0, "r": 48.0}, "datetime": {"datetime": "2024-05-18 03:17:48", "elapsed": 3827.33522, "delta": 18.568401}}
{"target": 70.0708735299813, "params": {"h": 31.0, "p": 320.0, "r": 52.0}, "datetime": {"datetime": "2024-05-18 03:18:07", "elapsed": 3845.871938, "delta": 18.536718}}
{"target": 77.88403486123478, "params": {"h": 27.0, "p": 300.0, "r": 42.0}, "datetime": {"datetime": "2024-05-18 03:18:26", "elapsed": 3864.951314, "delta": 19.079376}}
{"target": 69.48692774509114, "params": {"h": 27.0, "p": 315.0, "r": 50.0}, "datetime": {"datetime": "2024-05-18 03:18:44", "elapsed": 3882.891345, "delta": 17.940031}}
{"target": 86.11496008885608, "params": {"h": 27.0, "p": 311.0, "r": 42.0}, "datetime": {"datetime": "2024-05-18 03:19:04", "elapsed": 3903.517984, "delta": 20.626639}}
{"target": 109.1291739688937, "params": {"h": 35.0, "p": 314.0, "r": 51.0}, "datetime": {"datetime": "2024-05-18 03:19:23", "elapsed": 3922.349223, "delta": 18.831239}}
{"target": 115.13373804182238, "params": {"h": 32.0, "p": 315.0, "r": 46.0}, "datetime": {"datetime": "2024-05-18 03:19:43", "elapsed": 3941.598588, "delta": 19.249365}}
{"target": 75.59402644902876, "params": {"h": 38.0, "p": 318.0, "r": 46.0}, "datetime": {"datetime": "2024-05-18 03:20:02", "elapsed": 3961.544427, "delta": 19.945839}}
{"target": 156.3148814874198, "params": {"h": 26.0, "p": 325.0, "r": 44.0}, "datetime": {"datetime": "2024-05-18 03:20:23", "elapsed": 3981.863061, "delta": 20.318634}}
{"target": 169.4521941209671, "params": {"h": 22.0, "p": 327.0, "r": 40.0}, "datetime": {"datetime": "2024-05-18 03:20:43", "elapsed": 4001.578742, "delta": 19.715681}}
{"target": 113.46431095523145, "params": {"h": 21.0, "p": 327.0, "r": 42.0}, "datetime": {"datetime": "2024-05-18 03:21:02", "elapsed": 4021.08987, "delta": 19.511128}}
{"target": 147.67992001514614, "params": {"h": 22.0, "p": 325.0, "r": 42.0}, "datetime": {"datetime": "2024-05-18 03:21:21", "elapsed": 4039.768059, "delta": 18.678189}}
{"target": 38.758136198544264, "params": {"h": 27.0, "p": 322.0, "r": 39.0}, "datetime": {"datetime": "2024-05-18 03:21:43", "elapsed": 4062.062412, "delta": 22.294353}}
{"target": 150.1822620434347, "params": {"h": 19.0, "p": 329.0, "r": 39.0}, "datetime": {"datetime": "2024-05-18 03:22:03", "elapsed": 4082.164524, "delta": 20.102112}}
{"target": 21.66431727185547, "params": {"h": 21.0, "p": 331.0, "r": 34.0}, "datetime": {"datetime": "2024-05-18 03:22:25", "elapsed": 4103.828746, "delta": 21.664222}}
{"target": 65.55577912594514, "params": {"h": 20.0, "p": 323.0, "r": 36.0}, "datetime": {"datetime": "2024-05-18 03:22:44", "elapsed": 4123.507437, "delta": 19.678691}}
{"target": 79.31790517454, "params": {"h": 24.0, "p": 331.0, "r": 39.0}, "datetime": {"datetime": "2024-05-18 03:23:05", "elapsed": 4144.512604, "delta": 21.005167}}
{"target": 78.91092158344246, "params": {"h": 25.0, "p": 324.0, "r": 47.0}, "datetime": {"datetime": "2024-05-18 03:23:25", "elapsed": 4163.651447, "delta": 19.138843}}
{"target": 136.94554753628697, "params": {"h": 29.0, "p": 329.0, "r": 44.0}, "datetime": {"datetime": "2024-05-18 03:23:45", "elapsed": 4184.04359, "delta": 20.392143}}
{"target": 131.50052567344693, "params": {"h": 28.0, "p": 309.0, "r": 47.0}, "datetime": {"datetime": "2024-05-18 03:24:03", "elapsed": 4202.224216, "delta": 18.180626}}
{"target": 76.58995681778315, "params": {"h": 33.0, "p": 332.0, "r": 51.0}, "datetime": {"datetime": "2024-05-18 03:24:22", "elapsed": 4220.838795, "delta": 18.614579}}
{"target": 169.87533548843865, "params": {"h": 23.0, "p": 328.0, "r": 41.0}, "datetime": {"datetime": "2024-05-18 03:24:42", "elapsed": 4241.55108, "delta": 20.712285}}
{"target": 139.6128339687495, "params": {"h": 27.0, "p": 333.0, "r": 45.0}, "datetime": {"datetime": "2024-05-18 03:25:02", "elapsed": 4261.238541, "delta": 19.687461}}
{"target": 107.2884669892009, "params": {"h": 18.0, "p": 327.0, "r": 39.0}, "datetime": {"datetime": "2024-05-18 03:25:22", "elapsed": 4281.056835, "delta": 19.818294}}
{"target": 144.70032408094158, "params": {"h": 30.0, "p": 328.0, "r": 46.0}, "datetime": {"datetime": "2024-05-18 03:25:41", "elapsed": 4300.233127, "delta": 19.176292}}
{"target": 95.28049296918705, "params": {"h": 24.0, "p": 329.0, "r": 45.0}, "datetime": {"datetime": "2024-05-18 03:26:01", "elapsed": 4319.645457, "delta": 19.41233}}
{"target": 88.15805746727396, "params": {"h": 30.0, "p": 323.0, "r": 43.0}, "datetime": {"datetime": "2024-05-18 03:26:20", "elapsed": 4339.508719, "delta": 19.863262}}
{"target": 104.48405349875797, "params": {"h": 29.0, "p": 326.0, "r": 43.0}, "datetime": {"datetime": "2024-05-18 03:26:40", "elapsed": 4359.501457, "delta": 19.992738}}
{"target": 118.69219977104026, "params": {"h": 28.0, "p": 336.0, "r": 46.0}, "datetime": {"datetime": "2024-05-18 03:27:00", "elapsed": 4379.085366, "delta": 19.583909}}
{"target": 37.371437254455195, "params": {"h": 36.0, "p": 329.0, "r": 42.0}, "datetime": {"datetime": "2024-05-18 03:27:25", "elapsed": 4403.669738, "delta": 24.584372}}
{"target": 42.55310469922804, "params": {"h": 17.0, "p": 332.0, "r": 40.0}, "datetime": {"datetime": "2024-05-18 03:27:43", "elapsed": 4421.616182, "delta": 17.946444}}
{"target": 148.5694821413601, "params": {"h": 27.0, "p": 318.0, "r": 45.0}, "datetime": {"datetime": "2024-05-18 03:28:01", "elapsed": 4440.225717, "delta": 18.609535}}
{"target": 135.06133929477656, "params": {"h": 24.0, "p": 322.0, "r": 44.0}, "datetime": {"datetime": "2024-05-18 03:28:21", "elapsed": 4459.593763, "delta": 19.368046}}
{"target": 73.72969472965677, "params": {"h": 28.0, "p": 328.0, "r": 49.0}, "datetime": {"datetime": "2024-05-18 03:28:39", "elapsed": 4477.936248, "delta": 18.342485}}
{"target": 165.5758662984198, "params": {"h": 21.0, "p": 328.0, "r": 39.0}, "datetime": {"datetime": "2024-05-18 03:28:57", "elapsed": 4496.204331, "delta": 18.268083}}
{"target": 81.2725848759178, "params": {"h": 28.0, "p": 333.0, "r": 48.0}, "datetime": {"datetime": "2024-05-18 03:29:15", "elapsed": 4513.890228, "delta": 17.685897}}
{"target": 134.16136548358523, "params": {"h": 29.0, "p": 338.0, "r": 43.0}, "datetime": {"datetime": "2024-05-18 03:29:33", "elapsed": 4532.100288, "delta": 18.21006}}
{"target": 137.01402184909654, "params": {"h": 25.0, "p": 314.0, "r": 45.0}, "datetime": {"datetime": "2024-05-18 03:29:52", "elapsed": 4551.12115, "delta": 19.020862}}
{"target": 97.2901527058292, "params": {"h": 27.0, "p": 345.0, "r": 45.0}, "datetime": {"datetime": "2024-05-18 03:30:12", "elapsed": 4571.171932, "delta": 20.050782}}
{"target": 143.7443693915983, "params": {"h": 27.0, "p": 316.0, "r": 44.0}, "datetime": {"datetime": "2024-05-18 03:30:34", "elapsed": 4592.683095, "delta": 21.511163}}
{"target": 79.82004960952231, "params": {"h": 21.0, "p": 315.0, "r": 44.0}, "datetime": {"datetime": "2024-05-18 03:30:52", "elapsed": 4611.319457, "delta": 18.636362}}
{"target": 32.976436243551234, "params": {"h": 34.0, "p": 343.0, "r": 40.0}, "datetime": {"datetime": "2024-05-18 03:31:16", "elapsed": 4634.700474, "delta": 23.381017}}
{"target": 150.14114794855612, "params": {"h": 30.0, "p": 334.0, "r": 45.0}, "datetime": {"datetime": "2024-05-18 03:31:36", "elapsed": 4655.250498, "delta": 20.550024}}
{"target": 106.00480186445249, "params": {"h": 39.0, "p": 308.0, "r": 51.0}, "datetime": {"datetime": "2024-05-18 03:31:55", "elapsed": 4674.275525, "delta": 19.025027}}
{"target": 51.14026953452942, "params": {"h": 22.0, "p": 343.0, "r": 44.0}, "datetime": {"datetime": "2024-05-18 03:32:15", "elapsed": 4694.02202, "delta": 19.746495}}
{"target": 116.49235746479815, "params": {"h": 29.0, "p": 332.0, "r": 43.0}, "datetime": {"datetime": "2024-05-18 03:32:37", "elapsed": 4715.998507, "delta": 21.976487}}
{"target": 83.98384449680978, "params": {"h": 33.0, "p": 307.0, "r": 53.0}, "datetime": {"datetime": "2024-05-18 03:32:55", "elapsed": 4734.386416, "delta": 18.387909}}
{"target": 112.13237940743154, "params": {"h": 24.0, "p": 319.0, "r": 45.0}, "datetime": {"datetime": "2024-05-18 03:33:14", "elapsed": 4753.001268, "delta": 18.614852}}
{"target": 132.48381715849501, "params": {"h": 35.0, "p": 335.0, "r": 48.0}, "datetime": {"datetime": "2024-05-18 03:33:35", "elapsed": 4773.724689, "delta": 20.723421}}
{"target": 54.710169193116876, "params": {"h": 32.0, "p": 340.0, "r": 51.0}, "datetime": {"datetime": "2024-05-18 03:33:54", "elapsed": 4792.738434, "delta": 19.013745}}
{"target": 143.19971745499257, "params": {"h": 29.0, "p": 320.0, "r": 46.0}, "datetime": {"datetime": "2024-05-18 03:34:13", "elapsed": 4811.655093, "delta": 18.916659}}
{"target": 106.653168944246, "params": {"h": 44.0, "p": 341.0, "r": 51.0}, "datetime": {"datetime": "2024-05-18 03:34:35", "elapsed": 4833.826605, "delta": 22.171512}}
{"target": 108.01140915720211, "params": {"h": 33.0, "p": 337.0, "r": 44.0}, "datetime": {"datetime": "2024-05-18 03:34:55", "elapsed": 4853.789299, "delta": 19.962694}}
{"target": 37.59866341480622, "params": {"h": 39.0, "p": 347.0, "r": 54.0}, "datetime": {"datetime": "2024-05-18 03:35:15", "elapsed": 4873.931673, "delta": 20.142374}}
{"target": 88.99849025002707, "params": {"h": 47.0, "p": 334.0, "r": 48.0}, "datetime": {"datetime": "2024-05-18 03:35:39", "elapsed": 4897.801764, "delta": 23.870091}}
{"target": 51.71549130084475, "params": {"h": 44.0, "p": 336.0, "r": 57.0}, "datetime": {"datetime": "2024-05-18 03:35:59", "elapsed": 4917.607221, "delta": 19.805457}}
{"target": 115.11300400822094, "params": {"h": 42.0, "p": 341.0, "r": 47.0}, "datetime": {"datetime": "2024-05-18 03:36:20", "elapsed": 4939.288007, "delta": 21.680786}}
{"target": 27.92628696233557, "params": {"h": 47.0, "p": 343.0, "r": 42.0}, "datetime": {"datetime": "2024-05-18 03:36:47", "elapsed": 4965.618016, "delta": 26.330009}}
{"target": 81.65058602856975, "params": {"h": 41.0, "p": 307.0, "r": 56.0}, "datetime": {"datetime": "2024-05-18 03:37:05", "elapsed": 4983.843589, "delta": 18.225573}}
{"target": 89.21893494628779, "params": {"h": 40.0, "p": 337.0, "r": 52.0}, "datetime": {"datetime": "2024-05-18 03:37:26", "elapsed": 5004.601307, "delta": 20.757718}}
{"target": 28.75284633204773, "params": {"h": 24.0, "p": 354.0, "r": 44.0}, "datetime": {"datetime": "2024-05-18 03:37:46", "elapsed": 5025.430854, "delta": 20.829547}}
{"target": 117.06003057296175, "params": {"h": 39.0, "p": 335.0, "r": 47.0}, "datetime": {"datetime": "2024-05-18 03:38:07", "elapsed": 5046.450123, "delta": 21.019269}}
{"target": 65.59027325909616, "params": {"h": 55.0, "p": 331.0, "r": 48.0}, "datetime": {"datetime": "2024-05-18 03:38:33", "elapsed": 5072.545586, "delta": 26.095463}}
