{"target": 20.029244405034856, "params": {"h": 23.0, "p": 311.0, "r": 123.0}, "datetime": {"datetime": "2024-06-03 05:27:17", "elapsed": 1843.559766, "delta": 13.448014}}
{"target": 2.3722953506720192, "params": {"h": 44.0, "p": 998.0, "r": 55.0}, "datetime": {"datetime": "2024-06-03 05:28:26", "elapsed": 1912.264491, "delta": 68.704725}}
{"target": 27.581744998065687, "params": {"h": 46.0, "p": 203.0, "r": 71.0}, "datetime": {"datetime": "2024-06-03 05:28:40", "elapsed": 1926.325234, "delta": 14.060743}}
{"target": 49.361968010870186, "params": {"h": 37.0, "p": 318.0, "r": 133.0}, "datetime": {"datetime": "2024-06-03 05:28:52", "elapsed": 1938.361779, "delta": 12.036545}}
{"target": 53.89912542618157, "params": {"h": 34.0, "p": 313.0, "r": 127.0}, "datetime": {"datetime": "2024-06-03 05:29:05", "elapsed": 1951.467318, "delta": 13.105539}}
{"target": 73.91706222266126, "params": {"h": 38.0, "p": 322.0, "r": 133.0}, "datetime": {"datetime": "2024-06-03 05:29:18", "elapsed": 1964.568469, "delta": 13.101151}}
{"target": 13.689992868361124, "params": {"h": 42.0, "p": 343.0, "r": 139.0}, "datetime": {"datetime": "2024-06-03 05:29:31", "elapsed": 1977.255632, "delta": 12.687163}}
{"target": 91.37621547636996, "params": {"h": 30.0, "p": 299.0, "r": 123.0}, "datetime": {"datetime": "2024-06-03 05:29:44", "elapsed": 1990.202925, "delta": 12.947293}}
{"target": 23.835518130075336, "params": {"h": 37.0, "p": 331.0, "r": 135.0}, "datetime": {"datetime": "2024-06-03 05:29:57", "elapsed": 2003.160629, "delta": 12.957704}}
{"target": 3.3190606718662092, "params": {"h": 27.0, "p": 468.0, "r": 78.0}, "datetime": {"datetime": "2024-06-03 05:30:18", "elapsed": 2024.065818, "delta": 20.905189}}
{"target": 2.501808339064147, "params": {"h": 54.0, "p": 553.0, "r": 110.0}, "datetime": {"datetime": "2024-06-03 05:30:42", "elapsed": 2047.876209, "delta": 23.810391}}
{"target": 3.7186288931681415, "params": {"h": 22.0, "p": 357.0, "r": 81.0}, "datetime": {"datetime": "2024-06-03 05:31:00", "elapsed": 2066.04109, "delta": 18.164881}}
{"target": 77.4444584380967, "params": {"h": 41.0, "p": 283.0, "r": 57.0}, "datetime": {"datetime": "2024-06-03 05:31:20", "elapsed": 2085.949042, "delta": 19.907952}}
{"target": 70.51136885122969, "params": {"h": 43.0, "p": 286.0, "r": 59.0}, "datetime": {"datetime": "2024-06-03 05:31:41", "elapsed": 2106.794074, "delta": 20.845032}}
{"target": 0.0, "params": {"h": 29.0, "p": 297.0, "r": 124.0}, "datetime": {"datetime": "2024-06-03 05:31:41", "elapsed": 2107.322326, "delta": 0.528252}}
{"target": 98.98798566914056, "params": {"h": 27.0, "p": 298.0, "r": 123.0}, "datetime": {"datetime": "2024-06-03 05:31:55", "elapsed": 2120.707387, "delta": 13.385061}}
{"target": 83.12111069682324, "params": {"h": 41.0, "p": 284.0, "r": 55.0}, "datetime": {"datetime": "2024-06-03 05:32:15", "elapsed": 2141.378786, "delta": 20.671399}}
{"target": 91.02835934132527, "params": {"h": 30.0, "p": 311.0, "r": 125.0}, "datetime": {"datetime": "2024-06-03 05:32:27", "elapsed": 2153.621671, "delta": 12.242885}}
{"target": 98.54312345559187, "params": {"h": 29.0, "p": 308.0, "r": 125.0}, "datetime": {"datetime": "2024-06-03 05:32:40", "elapsed": 2166.340975, "delta": 12.719304}}
{"target": 58.60776729216101, "params": {"h": 29.0, "p": 312.0, "r": 127.0}, "datetime": {"datetime": "2024-06-03 05:32:52", "elapsed": 2178.650864, "delta": 12.309889}}
{"target": 103.74712383846686, "params": {"h": 31.0, "p": 306.0, "r": 126.0}, "datetime": {"datetime": "2024-06-03 05:33:06", "elapsed": 2191.949735, "delta": 13.298871}}
{"target": 106.41586606251109, "params": {"h": 30.0, "p": 307.0, "r": 126.0}, "datetime": {"datetime": "2024-06-03 05:33:19", "elapsed": 2205.291695, "delta": 13.34196}}
{"target": 49.168585068878265, "params": {"h": 38.0, "p": 328.0, "r": 133.0}, "datetime": {"datetime": "2024-06-03 05:33:31", "elapsed": 2217.442179, "delta": 12.150484}}
{"target": 101.67537135029986, "params": {"h": 29.0, "p": 306.0, "r": 124.0}, "datetime": {"datetime": "2024-06-03 05:33:43", "elapsed": 2229.634474, "delta": 12.192295}}
{"target": 80.70085357859922, "params": {"h": 38.0, "p": 285.0, "r": 56.0}, "datetime": {"datetime": "2024-06-03 05:34:04", "elapsed": 2250.268577, "delta": 20.634103}}
{"target": 53.234681923448655, "params": {"h": 35.0, "p": 322.0, "r": 128.0}, "datetime": {"datetime": "2024-06-03 05:34:17", "elapsed": 2263.183143, "delta": 12.914566}}
{"target": 85.75218265391166, "params": {"h": 32.0, "p": 311.0, "r": 129.0}, "datetime": {"datetime": "2024-06-03 05:34:30", "elapsed": 2276.372335, "delta": 13.189192}}
{"target": 56.758294506384566, "params": {"h": 38.0, "p": 318.0, "r": 130.0}, "datetime": {"datetime": "2024-06-03 05:34:43", "elapsed": 2288.917997, "delta": 12.545662}}
{"target": 50.31406186273855, "params": {"h": 34.0, "p": 325.0, "r": 131.0}, "datetime": {"datetime": "2024-06-03 05:34:56", "elapsed": 2302.630122, "delta": 13.712125}}
{"target": 78.78888838905694, "params": {"h": 36.0, "p": 284.0, "r": 56.0}, "datetime": {"datetime": "2024-06-03 05:35:15", "elapsed": 2320.938667, "delta": 18.308545}}
{"target": 89.97313176593443, "params": {"h": 36.0, "p": 287.0, "r": 54.0}, "datetime": {"datetime": "2024-06-03 05:35:35", "elapsed": 2341.091444, "delta": 20.152777}}
{"target": 79.36985970232692, "params": {"h": 27.0, "p": 307.0, "r": 121.0}, "datetime": {"datetime": "2024-06-03 05:35:48", "elapsed": 2353.684629, "delta": 12.593185}}
{"target": 84.86081947254698, "params": {"h": 40.0, "p": 282.0, "r": 54.0}, "datetime": {"datetime": "2024-06-03 05:36:07", "elapsed": 2373.366684, "delta": 19.682055}}
{"target": 72.13705011892806, "params": {"h": 29.0, "p": 304.0, "r": 123.0}, "datetime": {"datetime": "2024-06-03 05:36:20", "elapsed": 2385.929759, "delta": 12.563075}}
{"target": 79.77113244583224, "params": {"h": 40.0, "p": 281.0, "r": 56.0}, "datetime": {"datetime": "2024-06-03 05:36:39", "elapsed": 2405.434963, "delta": 19.505204}}
{"target": 67.85406677245176, "params": {"h": 39.0, "p": 280.0, "r": 59.0}, "datetime": {"datetime": "2024-06-03 05:36:57", "elapsed": 2423.083619, "delta": 17.648656}}
{"target": 78.56654179028311, "params": {"h": 44.0, "p": 281.0, "r": 54.0}, "datetime": {"datetime": "2024-06-03 05:37:18", "elapsed": 2444.067083, "delta": 20.983464}}
{"target": 79.9749501330326, "params": {"h": 41.0, "p": 279.0, "r": 53.0}, "datetime": {"datetime": "2024-06-03 05:37:38", "elapsed": 2464.392175, "delta": 20.325092}}
{"target": 90.972304035074, "params": {"h": 30.0, "p": 315.0, "r": 126.0}, "datetime": {"datetime": "2024-06-03 05:37:51", "elapsed": 2476.91772, "delta": 12.525545}}
{"target": 92.90200696385338, "params": {"h": 30.0, "p": 313.0, "r": 125.0}, "datetime": {"datetime": "2024-06-03 05:38:03", "elapsed": 2489.22569, "delta": 12.30797}}
{"target": 67.78373847588904, "params": {"h": 36.0, "p": 323.0, "r": 132.0}, "datetime": {"datetime": "2024-06-03 05:38:16", "elapsed": 2502.266451, "delta": 13.040761}}
{"target": 64.89281415997863, "params": {"h": 40.0, "p": 278.0, "r": 60.0}, "datetime": {"datetime": "2024-06-03 05:38:36", "elapsed": 2522.207737, "delta": 19.941286}}
{"target": 79.29832675088552, "params": {"h": 27.0, "p": 299.0, "r": 124.0}, "datetime": {"datetime": "2024-06-03 05:38:49", "elapsed": 2535.391454, "delta": 13.183717}}
{"target": 72.68751350855398, "params": {"h": 47.0, "p": 280.0, "r": 55.0}, "datetime": {"datetime": "2024-06-03 05:39:08", "elapsed": 2554.427198, "delta": 19.035744}}
{"target": 77.5759106910332, "params": {"h": 28.0, "p": 314.0, "r": 124.0}, "datetime": {"datetime": "2024-06-03 05:39:22", "elapsed": 2568.348251, "delta": 13.921053}}
{"target": 94.31877699548578, "params": {"h": 34.0, "p": 290.0, "r": 53.0}, "datetime": {"datetime": "2024-06-03 05:39:44", "elapsed": 2590.285385, "delta": 21.937134}}
{"target": 109.05886045540606, "params": {"h": 28.0, "p": 300.0, "r": 124.0}, "datetime": {"datetime": "2024-06-03 05:39:57", "elapsed": 2603.181261, "delta": 12.895876}}
{"target": 74.00583509338104, "params": {"h": 41.0, "p": 279.0, "r": 51.0}, "datetime": {"datetime": "2024-06-03 05:40:18", "elapsed": 2623.74628, "delta": 20.565019}}
{"target": 110.50895692481575, "params": {"h": 32.0, "p": 309.0, "r": 128.0}, "datetime": {"datetime": "2024-06-03 05:40:30", "elapsed": 2635.753707, "delta": 12.007427}}
{"target": 85.45679290751269, "params": {"h": 37.0, "p": 322.0, "r": 131.0}, "datetime": {"datetime": "2024-06-03 05:40:42", "elapsed": 2648.10394, "delta": 12.350233}}
{"target": 82.67990987221222, "params": {"h": 33.0, "p": 313.0, "r": 130.0}, "datetime": {"datetime": "2024-06-03 05:40:54", "elapsed": 2660.024769, "delta": 11.920829}}
{"target": 70.32352876491525, "params": {"h": 34.0, "p": 308.0, "r": 127.0}, "datetime": {"datetime": "2024-06-03 05:41:07", "elapsed": 2673.014705, "delta": 12.989936}}
{"target": 76.84620718796664, "params": {"h": 44.0, "p": 281.0, "r": 56.0}, "datetime": {"datetime": "2024-06-03 05:41:27", "elapsed": 2693.241057, "delta": 20.226352}}
{"target": 92.77429804670847, "params": {"h": 29.0, "p": 304.0, "r": 126.0}, "datetime": {"datetime": "2024-06-03 05:41:40", "elapsed": 2705.997084, "delta": 12.756027}}
{"target": 86.28869908331237, "params": {"h": 40.0, "p": 287.0, "r": 52.0}, "datetime": {"datetime": "2024-06-03 05:42:02", "elapsed": 2728.1143, "delta": 22.117216}}
{"target": 81.16737354467762, "params": {"h": 27.0, "p": 301.0, "r": 123.0}, "datetime": {"datetime": "2024-06-03 05:42:15", "elapsed": 2740.930235, "delta": 12.815935}}
{"target": 74.74006994803077, "params": {"h": 44.0, "p": 278.0, "r": 55.0}, "datetime": {"datetime": "2024-06-03 05:42:35", "elapsed": 2761.487556, "delta": 20.557321}}
{"target": 71.91710303266909, "params": {"h": 30.0, "p": 290.0, "r": 54.0}, "datetime": {"datetime": "2024-06-03 05:42:54", "elapsed": 2780.462059, "delta": 18.974503}}
{"target": 69.16814048942072, "params": {"h": 44.0, "p": 279.0, "r": 52.0}, "datetime": {"datetime": "2024-06-03 05:43:16", "elapsed": 2802.41606, "delta": 21.954001}}
{"target": 83.86905104755337, "params": {"h": 40.0, "p": 283.0, "r": 52.0}, "datetime": {"datetime": "2024-06-03 05:43:39", "elapsed": 2825.280191, "delta": 22.864131}}
{"target": 75.64862951711228, "params": {"h": 38.0, "p": 289.0, "r": 57.0}, "datetime": {"datetime": "2024-06-03 05:43:58", "elapsed": 2844.201312, "delta": 18.921121}}
{"target": 78.08012127552115, "params": {"h": 36.0, "p": 288.0, "r": 56.0}, "datetime": {"datetime": "2024-06-03 05:44:17", "elapsed": 2863.274755, "delta": 19.073443}}
{"target": 89.51408334983691, "params": {"h": 38.0, "p": 286.0, "r": 54.0}, "datetime": {"datetime": "2024-06-03 05:44:37", "elapsed": 2882.811076, "delta": 19.536321}}
{"target": 82.27510530139588, "params": {"h": 39.0, "p": 277.0, "r": 52.0}, "datetime": {"datetime": "2024-06-03 05:44:56", "elapsed": 2902.676639, "delta": 19.865563}}
{"target": 109.57508909567798, "params": {"h": 31.0, "p": 308.0, "r": 127.0}, "datetime": {"datetime": "2024-06-03 05:45:09", "elapsed": 2914.844126, "delta": 12.167487}}
{"target": 80.98831546109075, "params": {"h": 42.0, "p": 282.0, "r": 55.0}, "datetime": {"datetime": "2024-06-03 05:45:28", "elapsed": 2934.224287, "delta": 19.380161}}
{"target": 69.32973875189815, "params": {"h": 39.0, "p": 281.0, "r": 49.0}, "datetime": {"datetime": "2024-06-03 05:45:50", "elapsed": 2955.804174, "delta": 21.579887}}
{"target": 0.0, "params": {"h": 30.0, "p": 299.0, "r": 125.0}, "datetime": {"datetime": "2024-06-03 05:45:50", "elapsed": 2956.432356, "delta": 0.628182}}
{"target": 70.12010812698341, "params": {"h": 38.0, "p": 288.0, "r": 48.0}, "datetime": {"datetime": "2024-06-03 05:46:10", "elapsed": 2976.364, "delta": 19.931644}}
{"target": 83.04810975139408, "params": {"h": 42.0, "p": 285.0, "r": 53.0}, "datetime": {"datetime": "2024-06-03 05:46:31", "elapsed": 2997.18493, "delta": 20.82093}}
{"target": 72.46638233892982, "params": {"h": 39.0, "p": 276.0, "r": 50.0}, "datetime": {"datetime": "2024-06-03 05:46:54", "elapsed": 3020.41397, "delta": 23.22904}}
{"target": 75.83005028284428, "params": {"h": 38.0, "p": 283.0, "r": 57.0}, "datetime": {"datetime": "2024-06-03 05:47:13", "elapsed": 3039.292319, "delta": 18.878349}}
{"target": 87.37558225665893, "params": {"h": 38.0, "p": 280.0, "r": 52.0}, "datetime": {"datetime": "2024-06-03 05:47:34", "elapsed": 3060.354026, "delta": 21.061707}}
{"target": 80.01729308233925, "params": {"h": 37.0, "p": 287.0, "r": 56.0}, "datetime": {"datetime": "2024-06-03 05:47:55", "elapsed": 3081.417251, "delta": 21.063225}}
{"target": 86.9900311344872, "params": {"h": 34.0, "p": 288.0, "r": 54.0}, "datetime": {"datetime": "2024-06-03 05:48:15", "elapsed": 3100.838181, "delta": 19.42093}}
{"target": 87.44984557269932, "params": {"h": 40.0, "p": 286.0, "r": 54.0}, "datetime": {"datetime": "2024-06-03 05:48:36", "elapsed": 3121.957632, "delta": 21.119451}}
{"target": 88.55792350997268, "params": {"h": 30.0, "p": 292.0, "r": 52.0}, "datetime": {"datetime": "2024-06-03 05:48:56", "elapsed": 3142.057738, "delta": 20.100106}}
{"target": 75.89315409465605, "params": {"h": 35.0, "p": 290.0, "r": 56.0}, "datetime": {"datetime": "2024-06-03 05:49:15", "elapsed": 3161.252408, "delta": 19.19467}}
{"target": 84.24432641376653, "params": {"h": 31.0, "p": 293.0, "r": 53.0}, "datetime": {"datetime": "2024-06-03 05:49:34", "elapsed": 3179.721314, "delta": 18.468906}}
{"target": 81.45489157375886, "params": {"h": 38.0, "p": 275.0, "r": 55.0}, "datetime": {"datetime": "2024-06-03 05:49:53", "elapsed": 3198.703876, "delta": 18.982562}}
{"target": 103.26528752863936, "params": {"h": 31.0, "p": 289.0, "r": 51.0}, "datetime": {"datetime": "2024-06-03 05:50:12", "elapsed": 3218.497151, "delta": 19.793275}}
{"target": 88.2834763125174, "params": {"h": 38.0, "p": 281.0, "r": 52.0}, "datetime": {"datetime": "2024-06-03 05:50:34", "elapsed": 3239.825519, "delta": 21.328368}}
{"target": 92.4664276265235, "params": {"h": 33.0, "p": 290.0, "r": 53.0}, "datetime": {"datetime": "2024-06-03 05:50:53", "elapsed": 3259.530502, "delta": 19.704983}}
{"target": 64.20696993827276, "params": {"h": 39.0, "p": 284.0, "r": 48.0}, "datetime": {"datetime": "2024-06-03 05:51:14", "elapsed": 3279.959258, "delta": 20.428756}}
{"target": 103.2799574127204, "params": {"h": 31.0, "p": 291.0, "r": 51.0}, "datetime": {"datetime": "2024-06-03 05:51:32", "elapsed": 3298.223957, "delta": 18.264699}}
{"target": 74.42464510092194, "params": {"h": 37.0, "p": 273.0, "r": 57.0}, "datetime": {"datetime": "2024-06-03 05:51:51", "elapsed": 3317.462274, "delta": 19.238317}}
{"target": 119.12608993446898, "params": {"h": 30.0, "p": 291.0, "r": 48.0}, "datetime": {"datetime": "2024-06-03 05:52:13", "elapsed": 3338.759744, "delta": 21.29747}}
{"target": 72.22303168504153, "params": {"h": 43.0, "p": 278.0, "r": 58.0}, "datetime": {"datetime": "2024-06-03 05:52:32", "elapsed": 3358.560253, "delta": 19.800509}}
{"target": 82.08815820020553, "params": {"h": 35.0, "p": 274.0, "r": 55.0}, "datetime": {"datetime": "2024-06-03 05:52:52", "elapsed": 3377.721511, "delta": 19.161258}}
{"target": 78.7330639878207, "params": {"h": 36.0, "p": 279.0, "r": 56.0}, "datetime": {"datetime": "2024-06-03 05:53:11", "elapsed": 3397.630816, "delta": 19.909305}}
{"target": 80.9244896523883, "params": {"h": 44.0, "p": 286.0, "r": 54.0}, "datetime": {"datetime": "2024-06-03 05:53:33", "elapsed": 3418.884684, "delta": 21.253868}}
{"target": 120.11325534988488, "params": {"h": 28.0, "p": 299.0, "r": 124.0}, "datetime": {"datetime": "2024-06-03 05:53:45", "elapsed": 3430.962275, "delta": 12.077591}}
{"target": 99.46676483534121, "params": {"h": 33.0, "p": 293.0, "r": 52.0}, "datetime": {"datetime": "2024-06-03 05:54:05", "elapsed": 3450.813007, "delta": 19.850732}}
{"target": 97.07185608899965, "params": {"h": 36.0, "p": 288.0, "r": 51.0}, "datetime": {"datetime": "2024-06-03 05:54:26", "elapsed": 3471.882034, "delta": 21.069027}}
{"target": 117.56806681894538, "params": {"h": 30.0, "p": 293.0, "r": 47.0}, "datetime": {"datetime": "2024-06-03 05:54:46", "elapsed": 3492.627431, "delta": 20.745397}}
{"target": 66.43225434932863, "params": {"h": 42.0, "p": 274.0, "r": 51.0}, "datetime": {"datetime": "2024-06-03 05:55:06", "elapsed": 3512.471618, "delta": 19.844187}}
{"target": 121.10907972498893, "params": {"h": 29.0, "p": 289.0, "r": 48.0}, "datetime": {"datetime": "2024-06-03 05:55:27", "elapsed": 3532.88818, "delta": 20.416562}}
{"target": 90.98965286343247, "params": {"h": 34.0, "p": 276.0, "r": 53.0}, "datetime": {"datetime": "2024-06-03 05:55:45", "elapsed": 3551.527244, "delta": 18.639064}}
{"target": 103.23894410564169, "params": {"h": 31.0, "p": 286.0, "r": 47.0}, "datetime": {"datetime": "2024-06-03 05:56:06", "elapsed": 3571.903373, "delta": 20.376129}}
{"target": 109.13096479695723, "params": {"h": 29.0, "p": 287.0, "r": 46.0}, "datetime": {"datetime": "2024-06-03 05:56:26", "elapsed": 3591.745659, "delta": 19.842286}}
{"target": 108.82105884347516, "params": {"h": 32.0, "p": 288.0, "r": 49.0}, "datetime": {"datetime": "2024-06-03 05:56:45", "elapsed": 3611.536763, "delta": 19.791104}}
{"target": 82.74675317857908, "params": {"h": 38.0, "p": 278.0, "r": 55.0}, "datetime": {"datetime": "2024-06-03 05:57:04", "elapsed": 3629.770161, "delta": 18.233398}}
{"target": 84.57110174944087, "params": {"h": 42.0, "p": 288.0, "r": 53.0}, "datetime": {"datetime": "2024-06-03 05:57:23", "elapsed": 3649.336795, "delta": 19.566634}}
{"target": 80.3952772020305, "params": {"h": 33.0, "p": 294.0, "r": 46.0}, "datetime": {"datetime": "2024-06-03 05:57:45", "elapsed": 3670.720343, "delta": 21.383548}}
{"target": 101.39512419364598, "params": {"h": 28.0, "p": 287.0, "r": 50.0}, "datetime": {"datetime": "2024-06-03 05:58:02", "elapsed": 3688.507053, "delta": 17.78671}}
{"target": 115.58991519163814, "params": {"h": 29.0, "p": 284.0, "r": 47.0}, "datetime": {"datetime": "2024-06-03 05:58:22", "elapsed": 3707.991453, "delta": 19.4844}}
{"target": 114.72370581012953, "params": {"h": 27.0, "p": 294.0, "r": 44.0}, "datetime": {"datetime": "2024-06-03 05:58:42", "elapsed": 3728.014839, "delta": 20.023386}}
{"target": 115.4761085653547, "params": {"h": 29.0, "p": 293.0, "r": 49.0}, "datetime": {"datetime": "2024-06-03 05:59:03", "elapsed": 3748.961234, "delta": 20.946395}}
{"target": 95.1467501542084, "params": {"h": 26.0, "p": 291.0, "r": 49.0}, "datetime": {"datetime": "2024-06-03 05:59:23", "elapsed": 3769.305473, "delta": 20.344239}}
{"target": 126.49126364639628, "params": {"h": 24.0, "p": 294.0, "r": 42.0}, "datetime": {"datetime": "2024-06-03 05:59:42", "elapsed": 3787.718868, "delta": 18.413395}}
{"target": 96.9059874123424, "params": {"h": 31.0, "p": 283.0, "r": 47.0}, "datetime": {"datetime": "2024-06-03 06:00:04", "elapsed": 3809.760638, "delta": 22.04177}}
{"target": 106.08132420991683, "params": {"h": 32.0, "p": 290.0, "r": 48.0}, "datetime": {"datetime": "2024-06-03 06:00:28", "elapsed": 3833.806689, "delta": 24.046051}}
{"target": 126.73919987014833, "params": {"h": 27.0, "p": 293.0, "r": 45.0}, "datetime": {"datetime": "2024-06-03 06:00:48", "elapsed": 3854.293401, "delta": 20.486712}}
{"target": 98.63309759012596, "params": {"h": 28.0, "p": 293.0, "r": 44.0}, "datetime": {"datetime": "2024-06-03 06:01:10", "elapsed": 3875.677187, "delta": 21.383786}}
{"target": 113.79819609072338, "params": {"h": 30.0, "p": 284.0, "r": 49.0}, "datetime": {"datetime": "2024-06-03 06:01:29", "elapsed": 3895.515383, "delta": 19.838196}}
{"target": 120.0822032945831, "params": {"h": 27.0, "p": 286.0, "r": 45.0}, "datetime": {"datetime": "2024-06-03 06:01:50", "elapsed": 3915.821657, "delta": 20.306274}}
{"target": 118.4395932055106, "params": {"h": 27.0, "p": 286.0, "r": 48.0}, "datetime": {"datetime": "2024-06-03 06:02:11", "elapsed": 3936.890516, "delta": 21.068859}}
{"target": 56.699154387592394, "params": {"h": 32.0, "p": 283.0, "r": 44.0}, "datetime": {"datetime": "2024-06-03 06:02:33", "elapsed": 3958.794853, "delta": 21.904337}}
{"target": 127.3776938735936, "params": {"h": 28.0, "p": 292.0, "r": 47.0}, "datetime": {"datetime": "2024-06-03 06:02:54", "elapsed": 3979.822633, "delta": 21.02778}}
{"target": 124.7448256273597, "params": {"h": 26.0, "p": 285.0, "r": 47.0}, "datetime": {"datetime": "2024-06-03 06:03:13", "elapsed": 3998.944712, "delta": 19.122079}}
