{"target": 0.9782541186714585, "params": {"h": 26.0, "p": 886.0, "r": 122.0}, "datetime": {"datetime": "2024-06-03 04:56:34", "elapsed": 0.0, "delta": 0.0}}
{"target": 10.782352274930437, "params": {"h": 46.0, "p": 117.0, "r": 30.0}, "datetime": {"datetime": "2024-06-03 04:56:53", "elapsed": 19.107395, "delta": 19.107395}}
{"target": 0.05594334002231713, "params": {"h": 35.0, "p": 934.0, "r": 21.0}, "datetime": {"datetime": "2024-06-03 04:58:10", "elapsed": 95.995464, "delta": 76.888069}}
{"target": 0.0, "params": {"h": 51.0, "p": 207.0, "r": 150.0}, "datetime": {"datetime": "2024-06-03 04:58:10", "elapsed": 95.995464, "delta": 0.0}}
{"target": 2.432619854450728, "params": {"h": 56.0, "p": 637.0, "r": 86.0}, "datetime": {"datetime": "2024-06-03 04:58:41", "elapsed": 126.932037, "delta": 30.936573}}
{"target": 6.349105676605792, "params": {"h": 50.0, "p": 472.0, "r": 129.0}, "datetime": {"datetime": "2024-06-03 04:58:58", "elapsed": 144.453916, "delta": 17.521879}}
{"target": 1.3434948608379995, "params": {"h": 32.0, "p": 782.0, "r": 82.0}, "datetime": {"datetime": "2024-06-03 04:59:35", "elapsed": 180.797464, "delta": 36.343548}}
{"target": 11.560509187030263, "params": {"h": 23.0, "p": 310.0, "r": 101.0}, "datetime": {"datetime": "2024-06-03 04:59:48", "elapsed": 194.11991, "delta": 13.322446}}
{"target": 4.060072671645634, "params": {"h": 39.0, "p": 695.0, "r": 42.0}, "datetime": {"datetime": "2024-06-03 05:00:30", "elapsed": 235.791394, "delta": 41.671484}}
{"target": 2.831428083203182, "params": {"h": 15.0, "p": 398.0, "r": 60.0}, "datetime": {"datetime": "2024-06-03 05:00:49", "elapsed": 255.266309, "delta": 19.474915}}
{"target": 12.74170503395106, "params": {"h": 45.0, "p": 114.0, "r": 31.0}, "datetime": {"datetime": "2024-06-03 05:01:08", "elapsed": 274.176716, "delta": 18.910407}}
{"target": 0.0, "params": {"h": 45.0, "p": 107.0, "r": 39.0}, "datetime": {"datetime": "2024-06-03 05:01:08", "elapsed": 274.344058, "delta": 0.167342}}
{"target": 12.352147343795044, "params": {"h": 39.0, "p": 113.0, "r": 30.0}, "datetime": {"datetime": "2024-06-03 05:01:27", "elapsed": 292.744601, "delta": 18.400543}}
{"target": 10.265933606850469, "params": {"h": 36.0, "p": 119.0, "r": 29.0}, "datetime": {"datetime": "2024-06-03 05:01:45", "elapsed": 310.704257, "delta": 17.959656}}
{"target": 7.018555943470916, "params": {"h": 44.0, "p": 107.0, "r": 25.0}, "datetime": {"datetime": "2024-06-03 05:02:09", "elapsed": 335.192141, "delta": 24.487884}}
{"target": 20.655412256289125, "params": {"h": 19.0, "p": 314.0, "r": 105.0}, "datetime": {"datetime": "2024-06-03 05:02:25", "elapsed": 350.981176, "delta": 15.789035}}
{"target": 10.157706305202506, "params": {"h": 17.0, "p": 316.0, "r": 112.0}, "datetime": {"datetime": "2024-06-03 05:02:43", "elapsed": 369.470525, "delta": 18.489349}}
{"target": 24.407079042051944, "params": {"h": 20.0, "p": 312.0, "r": 107.0}, "datetime": {"datetime": "2024-06-03 05:02:58", "elapsed": 383.959326, "delta": 14.488801}}
{"target": 45.219324158816065, "params": {"h": 21.0, "p": 302.0, "r": 110.0}, "datetime": {"datetime": "2024-06-03 05:03:12", "elapsed": 398.219131, "delta": 14.259805}}
{"target": 12.496592106371441, "params": {"h": 17.0, "p": 301.0, "r": 110.0}, "datetime": {"datetime": "2024-06-03 05:03:30", "elapsed": 415.710522, "delta": 17.491391}}
{"target": 18.22496466492238, "params": {"h": 23.0, "p": 300.0, "r": 109.0}, "datetime": {"datetime": "2024-06-03 05:03:44", "elapsed": 429.865786, "delta": 14.155264}}
{"target": 11.373400309524246, "params": {"h": 17.0, "p": 314.0, "r": 106.0}, "datetime": {"datetime": "2024-06-03 05:04:03", "elapsed": 448.803137, "delta": 18.937351}}
{"target": 52.47663112049528, "params": {"h": 21.0, "p": 297.0, "r": 112.0}, "datetime": {"datetime": "2024-06-03 05:04:17", "elapsed": 463.642018, "delta": 14.838881}}
{"target": 31.136044578997463, "params": {"h": 23.0, "p": 296.0, "r": 112.0}, "datetime": {"datetime": "2024-06-03 05:04:31", "elapsed": 477.412653, "delta": 13.770635}}
{"target": 17.9206800459639, "params": {"h": 18.0, "p": 296.0, "r": 109.0}, "datetime": {"datetime": "2024-06-03 05:04:47", "elapsed": 492.993725, "delta": 15.581072}}
{"target": 17.84183325674888, "params": {"h": 19.0, "p": 294.0, "r": 115.0}, "datetime": {"datetime": "2024-06-03 05:05:03", "elapsed": 508.824365, "delta": 15.83064}}
{"target": 47.929475989349434, "params": {"h": 22.0, "p": 301.0, "r": 112.0}, "datetime": {"datetime": "2024-06-03 05:05:16", "elapsed": 522.214836, "delta": 13.390471}}
{"target": 38.93124262937487, "params": {"h": 21.0, "p": 307.0, "r": 112.0}, "datetime": {"datetime": "2024-06-03 05:05:30", "elapsed": 536.472718, "delta": 14.257882}}
{"target": 17.782618221626525, "params": {"h": 28.0, "p": 308.0, "r": 115.0}, "datetime": {"datetime": "2024-06-03 05:05:44", "elapsed": 549.743871, "delta": 13.271153}}
{"target": 13.384487144022243, "params": {"h": 18.0, "p": 303.0, "r": 116.0}, "datetime": {"datetime": "2024-06-03 05:06:00", "elapsed": 566.539382, "delta": 16.795511}}
{"target": 40.60193995522726, "params": {"h": 23.0, "p": 300.0, "r": 113.0}, "datetime": {"datetime": "2024-06-03 05:06:13", "elapsed": 579.404213, "delta": 12.864831}}
{"target": 14.104912528595026, "params": {"h": 25.0, "p": 307.0, "r": 108.0}, "datetime": {"datetime": "2024-06-03 05:06:27", "elapsed": 592.909313, "delta": 13.5051}}
{"target": 18.063505232028824, "params": {"h": 25.0, "p": 308.0, "r": 112.0}, "datetime": {"datetime": "2024-06-03 05:06:40", "elapsed": 606.150136, "delta": 13.240823}}
{"target": 57.22739790433984, "params": {"h": 25.0, "p": 297.0, "r": 117.0}, "datetime": {"datetime": "2024-06-03 05:06:53", "elapsed": 618.755703, "delta": 12.605567}}
{"target": 23.377522953095205, "params": {"h": 20.0, "p": 298.0, "r": 114.0}, "datetime": {"datetime": "2024-06-03 05:07:08", "elapsed": 634.655204, "delta": 15.899501}}
{"target": 75.11334959615587, "params": {"h": 28.0, "p": 294.0, "r": 121.0}, "datetime": {"datetime": "2024-06-03 05:07:19", "elapsed": 645.500795, "delta": 10.845591}}
{"target": 53.02417403330198, "params": {"h": 25.0, "p": 301.0, "r": 117.0}, "datetime": {"datetime": "2024-06-03 05:07:32", "elapsed": 657.743051, "delta": 12.242256}}
{"target": 102.34681796928376, "params": {"h": 27.0, "p": 293.0, "r": 121.0}, "datetime": {"datetime": "2024-06-03 05:07:44", "elapsed": 670.645939, "delta": 12.902888}}
{"target": 23.918299987273645, "params": {"h": 22.0, "p": 296.0, "r": 121.0}, "datetime": {"datetime": "2024-06-03 05:07:58", "elapsed": 684.290172, "delta": 13.644233}}
{"target": 24.162780403577766, "params": {"h": 24.0, "p": 303.0, "r": 125.0}, "datetime": {"datetime": "2024-06-03 05:08:11", "elapsed": 697.029902, "delta": 12.73973}}
{"target": 64.6980715548188, "params": {"h": 26.0, "p": 302.0, "r": 119.0}, "datetime": {"datetime": "2024-06-03 05:08:24", "elapsed": 709.8841, "delta": 12.854198}}
{"target": 0.0, "params": {"h": 25.0, "p": 289.0, "r": 123.0}, "datetime": {"datetime": "2024-06-03 05:08:24", "elapsed": 710.045247, "delta": 0.161147}}
{"target": 26.614580479054535, "params": {"h": 27.0, "p": 293.0, "r": 116.0}, "datetime": {"datetime": "2024-06-03 05:08:36", "elapsed": 722.224122, "delta": 12.178875}}
{"target": 37.89845431889797, "params": {"h": 23.0, "p": 293.0, "r": 120.0}, "datetime": {"datetime": "2024-06-03 05:08:49", "elapsed": 735.197034, "delta": 12.972912}}
{"target": 0.0, "params": {"h": 28.0, "p": 292.0, "r": 125.0}, "datetime": {"datetime": "2024-06-03 05:08:49", "elapsed": 735.33806, "delta": 0.141026}}
{"target": 17.418838172649128, "params": {"h": 20.0, "p": 308.0, "r": 115.0}, "datetime": {"datetime": "2024-06-03 05:09:05", "elapsed": 751.560034, "delta": 16.221974}}
{"target": 41.57710074142567, "params": {"h": 27.0, "p": 303.0, "r": 119.0}, "datetime": {"datetime": "2024-06-03 05:09:18", "elapsed": 763.943545, "delta": 12.383511}}
{"target": 83.34503698916299, "params": {"h": 26.0, "p": 298.0, "r": 122.0}, "datetime": {"datetime": "2024-06-03 05:09:30", "elapsed": 776.427516, "delta": 12.483971}}
{"target": 0.0, "params": {"h": 28.0, "p": 290.0, "r": 122.0}, "datetime": {"datetime": "2024-06-03 05:09:30", "elapsed": 776.577473, "delta": 0.149957}}
{"target": 44.35523285474616, "params": {"h": 30.0, "p": 301.0, "r": 122.0}, "datetime": {"datetime": "2024-06-03 05:09:42", "elapsed": 788.107633, "delta": 11.53016}}
{"target": 48.6486879038509, "params": {"h": 25.0, "p": 302.0, "r": 122.0}, "datetime": {"datetime": "2024-06-03 05:09:54", "elapsed": 800.581701, "delta": 12.474068}}
{"target": 34.87293336577918, "params": {"h": 24.0, "p": 296.0, "r": 122.0}, "datetime": {"datetime": "2024-06-03 05:10:08", "elapsed": 813.907306, "delta": 13.325605}}
{"target": 53.32856231648091, "params": {"h": 23.0, "p": 299.0, "r": 117.0}, "datetime": {"datetime": "2024-06-03 05:10:20", "elapsed": 826.336585, "delta": 12.429279}}
{"target": 120.57660848039745, "params": {"h": 28.0, "p": 296.0, "r": 123.0}, "datetime": {"datetime": "2024-06-03 05:10:32", "elapsed": 838.216297, "delta": 11.879712}}
{"target": 47.438665880901645, "params": {"h": 29.0, "p": 299.0, "r": 121.0}, "datetime": {"datetime": "2024-06-03 05:10:43", "elapsed": 849.040193, "delta": 10.823896}}
{"target": 0.0, "params": {"h": 27.0, "p": 295.0, "r": 125.0}, "datetime": {"datetime": "2024-06-03 05:10:43", "elapsed": 849.144276, "delta": 0.104083}}
{"target": 110.14475099121461, "params": {"h": 28.0, "p": 296.0, "r": 122.0}, "datetime": {"datetime": "2024-06-03 05:10:55", "elapsed": 860.720405, "delta": 11.576129}}
{"target": 0.0, "params": {"h": 25.0, "p": 293.0, "r": 123.0}, "datetime": {"datetime": "2024-06-03 05:10:55", "elapsed": 860.837898, "delta": 0.117493}}
{"target": 21.9508199000215, "params": {"h": 22.0, "p": 301.0, "r": 121.0}, "datetime": {"datetime": "2024-06-03 05:11:08", "elapsed": 874.416855, "delta": 13.578957}}
{"target": 0.0, "params": {"h": 32.0, "p": 300.0, "r": 127.0}, "datetime": {"datetime": "2024-06-03 05:11:08", "elapsed": 874.655333, "delta": 0.238478}}
{"target": 95.74484192294386, "params": {"h": 26.0, "p": 302.0, "r": 121.0}, "datetime": {"datetime": "2024-06-03 05:11:22", "elapsed": 888.235344, "delta": 13.580011}}
{"target": 47.51132871283121, "params": {"h": 27.0, "p": 299.0, "r": 119.0}, "datetime": {"datetime": "2024-06-03 05:11:35", "elapsed": 901.216666, "delta": 12.981322}}
{"target": 27.9362027697719, "params": {"h": 31.0, "p": 297.0, "r": 120.0}, "datetime": {"datetime": "2024-06-03 05:11:47", "elapsed": 913.297962, "delta": 12.081296}}
{"target": 51.35787233685583, "params": {"h": 26.0, "p": 299.0, "r": 124.0}, "datetime": {"datetime": "2024-06-03 05:11:59", "elapsed": 925.301714, "delta": 12.003752}}
{"target": 0.0, "params": {"h": 31.0, "p": 295.0, "r": 123.0}, "datetime": {"datetime": "2024-06-03 05:11:59", "elapsed": 925.449287, "delta": 0.147573}}
{"target": 122.00382680776534, "params": {"h": 29.0, "p": 298.0, "r": 124.0}, "datetime": {"datetime": "2024-06-03 05:12:12", "elapsed": 937.81328, "delta": 12.363993}}
{"target": 71.219214916868, "params": {"h": 24.0, "p": 304.0, "r": 117.0}, "datetime": {"datetime": "2024-06-03 05:12:24", "elapsed": 950.208117, "delta": 12.394837}}
{"target": 102.50222641851902, "params": {"h": 28.0, "p": 295.0, "r": 122.0}, "datetime": {"datetime": "2024-06-03 05:12:36", "elapsed": 962.129526, "delta": 11.921409}}
{"target": 1.4121715110862343, "params": {"h": 57.0, "p": 811.0, "r": 129.0}, "datetime": {"datetime": "2024-06-03 05:13:16", "elapsed": 1002.486645, "delta": 40.357119}}
{"target": 72.97346016170658, "params": {"h": 26.0, "p": 299.0, "r": 122.0}, "datetime": {"datetime": "2024-06-03 05:13:29", "elapsed": 1015.339757, "delta": 12.853112}}
{"target": 0.0, "params": {"h": 28.0, "p": 298.0, "r": 126.0}, "datetime": {"datetime": "2024-06-03 05:13:29", "elapsed": 1015.549014, "delta": 0.209257}}
{"target": 0.0, "params": {"h": 51.0, "p": 139.0, "r": 69.0}, "datetime": {"datetime": "2024-06-03 05:13:30", "elapsed": 1015.800121, "delta": 0.251107}}
{"target": 119.63186186673242, "params": {"h": 28.0, "p": 298.0, "r": 123.0}, "datetime": {"datetime": "2024-06-03 05:13:41", "elapsed": 1027.593548, "delta": 11.793427}}
{"target": 101.15718605374136, "params": {"h": 26.0, "p": 295.0, "r": 120.0}, "datetime": {"datetime": "2024-06-03 05:13:55", "elapsed": 1040.68548, "delta": 13.091932}}
{"target": 66.89187535576417, "params": {"h": 28.0, "p": 310.0, "r": 125.0}, "datetime": {"datetime": "2024-06-03 05:14:07", "elapsed": 1053.587542, "delta": 12.902062}}
{"target": 106.95431201152236, "params": {"h": 30.0, "p": 307.0, "r": 125.0}, "datetime": {"datetime": "2024-06-03 05:14:20", "elapsed": 1066.209408, "delta": 12.621866}}
{"target": 69.3789440450497, "params": {"h": 24.0, "p": 298.0, "r": 119.0}, "datetime": {"datetime": "2024-06-03 05:14:33", "elapsed": 1079.477542, "delta": 13.268134}}
{"target": 20.73411837982376, "params": {"h": 26.0, "p": 309.0, "r": 129.0}, "datetime": {"datetime": "2024-06-03 05:14:45", "elapsed": 1091.660524, "delta": 12.182982}}
{"target": 98.97449788691524, "params": {"h": 27.0, "p": 303.0, "r": 122.0}, "datetime": {"datetime": "2024-06-03 05:14:59", "elapsed": 1104.698875, "delta": 13.038351}}
{"target": 70.77628382659417, "params": {"h": 32.0, "p": 310.0, "r": 126.0}, "datetime": {"datetime": "2024-06-03 05:15:11", "elapsed": 1117.408607, "delta": 12.709732}}
{"target": 88.74482973999831, "params": {"h": 27.0, "p": 307.0, "r": 123.0}, "datetime": {"datetime": "2024-06-03 05:15:24", "elapsed": 1130.641779, "delta": 13.233172}}
{"target": 37.993319469810764, "params": {"h": 24.0, "p": 305.0, "r": 121.0}, "datetime": {"datetime": "2024-06-03 05:15:39", "elapsed": 1144.811061, "delta": 14.169282}}
{"target": 101.04699099899274, "params": {"h": 31.0, "p": 310.0, "r": 127.0}, "datetime": {"datetime": "2024-06-03 05:15:51", "elapsed": 1157.321287, "delta": 12.510226}}
{"target": 75.24976267664319, "params": {"h": 31.0, "p": 308.0, "r": 125.0}, "datetime": {"datetime": "2024-06-03 05:16:03", "elapsed": 1169.217677, "delta": 11.89639}}
{"target": 0.0, "params": {"h": 33.0, "p": 314.0, "r": 133.0}, "datetime": {"datetime": "2024-06-03 05:16:03", "elapsed": 1169.431075, "delta": 0.213398}}
{"target": 53.74378027211446, "params": {"h": 36.0, "p": 309.0, "r": 128.0}, "datetime": {"datetime": "2024-06-03 05:16:16", "elapsed": 1182.417494, "delta": 12.986419}}
{"target": 116.75848698547082, "params": {"h": 27.0, "p": 296.0, "r": 122.0}, "datetime": {"datetime": "2024-06-03 05:16:29", "elapsed": 1195.287031, "delta": 12.869537}}
{"target": 107.99947723397078, "params": {"h": 32.0, "p": 311.0, "r": 128.0}, "datetime": {"datetime": "2024-06-03 05:16:41", "elapsed": 1206.842572, "delta": 11.555541}}
{"target": 53.609240732642256, "params": {"h": 26.0, "p": 305.0, "r": 123.0}, "datetime": {"datetime": "2024-06-03 05:16:53", "elapsed": 1219.607744, "delta": 12.765172}}
{"target": 89.42786944371437, "params": {"h": 32.0, "p": 310.0, "r": 129.0}, "datetime": {"datetime": "2024-06-03 05:17:05", "elapsed": 1231.376602, "delta": 11.768858}}
{"target": 107.56901720986413, "params": {"h": 33.0, "p": 312.0, "r": 128.0}, "datetime": {"datetime": "2024-06-03 05:17:18", "elapsed": 1244.644416, "delta": 13.267814}}
{"target": 48.33180695562926, "params": {"h": 28.0, "p": 306.0, "r": 127.0}, "datetime": {"datetime": "2024-06-03 05:17:32", "elapsed": 1257.737769, "delta": 13.093353}}
{"target": 80.0750976248901, "params": {"h": 26.0, "p": 293.0, "r": 119.0}, "datetime": {"datetime": "2024-06-03 05:17:44", "elapsed": 1270.652182, "delta": 12.914413}}
{"target": 16.337110298900317, "params": {"h": 37.0, "p": 322.0, "r": 122.0}, "datetime": {"datetime": "2024-06-03 05:17:57", "elapsed": 1283.428793, "delta": 12.776611}}
{"target": 99.50496499938062, "params": {"h": 32.0, "p": 314.0, "r": 127.0}, "datetime": {"datetime": "2024-06-03 05:18:11", "elapsed": 1296.841496, "delta": 13.412703}}
{"target": 27.085597571794075, "params": {"h": 33.0, "p": 306.0, "r": 123.0}, "datetime": {"datetime": "2024-06-03 05:18:24", "elapsed": 1310.044265, "delta": 13.202769}}
{"target": 37.07155882530016, "params": {"h": 32.0, "p": 313.0, "r": 124.0}, "datetime": {"datetime": "2024-06-03 05:18:37", "elapsed": 1322.793311, "delta": 12.749046}}
{"target": 27.28893253180435, "params": {"h": 26.0, "p": 318.0, "r": 125.0}, "datetime": {"datetime": "2024-06-03 05:18:50", "elapsed": 1336.237638, "delta": 13.444327}}
{"target": 94.49920076114778, "params": {"h": 28.0, "p": 308.0, "r": 123.0}, "datetime": {"datetime": "2024-06-03 05:19:03", "elapsed": 1348.833027, "delta": 12.595389}}
{"target": 71.0017245185688, "params": {"h": 33.0, "p": 318.0, "r": 127.0}, "datetime": {"datetime": "2024-06-03 05:19:14", "elapsed": 1360.332877, "delta": 11.49985}}
{"target": 0.0, "params": {"h": 51.0, "p": 305.0, "r": 132.0}, "datetime": {"datetime": "2024-06-03 05:19:14", "elapsed": 1360.597354, "delta": 0.264477}}
{"target": 22.959887774818682, "params": {"h": 39.0, "p": 315.0, "r": 127.0}, "datetime": {"datetime": "2024-06-03 05:19:27", "elapsed": 1373.417351, "delta": 12.819997}}
{"target": 47.808814734614664, "params": {"h": 32.0, "p": 317.0, "r": 125.0}, "datetime": {"datetime": "2024-06-03 05:19:40", "elapsed": 1386.633363, "delta": 13.216012}}
{"target": 66.28779280863728, "params": {"h": 32.0, "p": 316.0, "r": 129.0}, "datetime": {"datetime": "2024-06-03 05:19:53", "elapsed": 1399.553015, "delta": 12.919652}}
{"target": 59.30366694774961, "params": {"h": 32.0, "p": 322.0, "r": 129.0}, "datetime": {"datetime": "2024-06-03 05:20:06", "elapsed": 1411.697187, "delta": 12.144172}}
{"target": 42.64804235470276, "params": {"h": 30.0, "p": 313.0, "r": 129.0}, "datetime": {"datetime": "2024-06-03 05:20:18", "elapsed": 1423.840907, "delta": 12.14372}}
{"target": 25.1174446001293, "params": {"h": 28.0, "p": 325.0, "r": 127.0}, "datetime": {"datetime": "2024-06-03 05:20:30", "elapsed": 1436.527853, "delta": 12.686946}}
{"target": 29.74278133707171, "params": {"h": 38.0, "p": 323.0, "r": 136.0}, "datetime": {"datetime": "2024-06-03 05:20:42", "elapsed": 1448.456238, "delta": 11.928385}}
{"target": 3.836757336604608, "params": {"h": 43.0, "p": 422.0, "r": 89.0}, "datetime": {"datetime": "2024-06-03 05:21:01", "elapsed": 1466.821554, "delta": 18.365316}}
{"target": 0.09023009734938575, "params": {"h": 28.0, "p": 615.0, "r": 19.0}, "datetime": {"datetime": "2024-06-03 05:21:49", "elapsed": 1514.97007, "delta": 48.148516}}
{"target": 18.287391245357153, "params": {"h": 30.0, "p": 326.0, "r": 134.0}, "datetime": {"datetime": "2024-06-03 05:22:02", "elapsed": 1527.772932, "delta": 12.802862}}
{"target": 81.36654114741899, "params": {"h": 36.0, "p": 324.0, "r": 130.0}, "datetime": {"datetime": "2024-06-03 05:22:14", "elapsed": 1540.056311, "delta": 12.283379}}
{"target": 24.291168617075137, "params": {"h": 38.0, "p": 326.0, "r": 128.0}, "datetime": {"datetime": "2024-06-03 05:22:26", "elapsed": 1552.455061, "delta": 12.39875}}
{"target": 2.0849011517681557, "params": {"h": 22.0, "p": 662.0, "r": 127.0}, "datetime": {"datetime": "2024-06-03 05:22:59", "elapsed": 1584.761823, "delta": 32.306762}}
{"target": 0.04581697633488364, "params": {"h": 37.0, "p": 770.0, "r": 18.0}, "datetime": {"datetime": "2024-06-03 05:24:08", "elapsed": 1653.682903, "delta": 68.92108}}
{"target": 35.79877794843542, "params": {"h": 33.0, "p": 321.0, "r": 132.0}, "datetime": {"datetime": "2024-06-03 05:24:20", "elapsed": 1666.15359, "delta": 12.470687}}
{"target": 0.0, "params": {"h": 36.0, "p": 306.0, "r": 132.0}, "datetime": {"datetime": "2024-06-03 05:24:20", "elapsed": 1666.483706, "delta": 0.330116}}
{"target": 64.46589905793677, "params": {"h": 33.0, "p": 326.0, "r": 129.0}, "datetime": {"datetime": "2024-06-03 05:24:33", "elapsed": 1678.958451, "delta": 12.474745}}
{"target": 78.52775512864984, "params": {"h": 39.0, "p": 320.0, "r": 132.0}, "datetime": {"datetime": "2024-06-03 05:24:45", "elapsed": 1691.231552, "delta": 12.273101}}
{"target": 34.30691163924758, "params": {"h": 42.0, "p": 317.0, "r": 131.0}, "datetime": {"datetime": "2024-06-03 05:24:58", "elapsed": 1704.129608, "delta": 12.898056}}
{"target": 66.40407474053757, "params": {"h": 31.0, "p": 306.0, "r": 128.0}, "datetime": {"datetime": "2024-06-03 05:25:10", "elapsed": 1716.32523, "delta": 12.195622}}
{"target": 36.2010274003982, "params": {"h": 45.0, "p": 322.0, "r": 133.0}, "datetime": {"datetime": "2024-06-03 05:25:23", "elapsed": 1729.018413, "delta": 12.693183}}
{"target": 100.5003289870113, "params": {"h": 33.0, "p": 314.0, "r": 128.0}, "datetime": {"datetime": "2024-06-03 05:25:36", "elapsed": 1742.606701, "delta": 13.588288}}
{"target": 22.99719591273532, "params": {"h": 41.0, "p": 323.0, "r": 129.0}, "datetime": {"datetime": "2024-06-03 05:25:49", "elapsed": 1755.466681, "delta": 12.85998}}
{"target": 38.7783099383011, "params": {"h": 29.0, "p": 305.0, "r": 121.0}, "datetime": {"datetime": "2024-06-03 05:26:03", "elapsed": 1768.819379, "delta": 13.352698}}
{"target": 55.60868405844762, "params": {"h": 36.0, "p": 320.0, "r": 129.0}, "datetime": {"datetime": "2024-06-03 05:26:15", "elapsed": 1780.795092, "delta": 11.975713}}
{"target": 73.2182863927495, "params": {"h": 30.0, "p": 308.0, "r": 124.0}, "datetime": {"datetime": "2024-06-03 05:26:27", "elapsed": 1793.03786, "delta": 12.242768}}
{"target": 77.32831395604144, "params": {"h": 38.0, "p": 325.0, "r": 132.0}, "datetime": {"datetime": "2024-06-03 05:26:39", "elapsed": 1805.148013, "delta": 12.110153}}
{"target": 68.52069666704877, "params": {"h": 35.0, "p": 314.0, "r": 129.0}, "datetime": {"datetime": "2024-06-03 05:26:52", "elapsed": 1818.284237, "delta": 13.136224}}
{"target": 105.90464852224514, "params": {"h": 27.0, "p": 294.0, "r": 121.0}, "datetime": {"datetime": "2024-06-03 05:27:04", "elapsed": 1830.111752, "delta": 11.827515}}
