{"target": 0.9782541186714266, "params": {"h": 26.0, "p": 886.0, "r": 122.0}, "datetime": {"datetime": "2024-05-18 02:14:01", "elapsed": 0.0, "delta": 0.0}}
{"target": 10.782344652300472, "params": {"h": 46.0, "p": 117.0, "r": 30.0}, "datetime": {"datetime": "2024-05-18 02:14:22", "elapsed": 21.575631, "delta": 21.575631}}
{"target": 0.05594334002228685, "params": {"h": 35.0, "p": 934.0, "r": 21.0}, "datetime": {"datetime": "2024-05-18 02:15:31", "elapsed": 90.011035, "delta": 68.435404}}
{"target": 0.0, "params": {"h": 51.0, "p": 207.0, "r": 150.0}, "datetime": {"datetime": "2024-05-18 02:15:31", "elapsed": 90.011035, "delta": 0.0}}
{"target": 2.432619854450765, "params": {"h": 56.0, "p": 637.0, "r": 86.0}, "datetime": {"datetime": "2024-05-18 02:15:58", "elapsed": 117.026794, "delta": 27.015759}}
{"target": 6.349105676605948, "params": {"h": 50.0, "p": 472.0, "r": 129.0}, "datetime": {"datetime": "2024-05-18 02:16:15", "elapsed": 133.825523, "delta": 16.798729}}
{"target": 1.3434948608382347, "params": {"h": 32.0, "p": 782.0, "r": 82.0}, "datetime": {"datetime": "2024-05-18 02:16:53", "elapsed": 172.518447, "delta": 38.692924}}
{"target": 11.560509187030055, "params": {"h": 23.0, "p": 310.0, "r": 101.0}, "datetime": {"datetime": "2024-05-18 02:17:08", "elapsed": 186.610324, "delta": 14.091877}}
{"target": 4.0600726716466555, "params": {"h": 39.0, "p": 695.0, "r": 42.0}, "datetime": {"datetime": "2024-05-18 02:17:45", "elapsed": 224.265973, "delta": 37.655649}}
{"target": 2.8314280832034595, "params": {"h": 15.0, "p": 398.0, "r": 60.0}, "datetime": {"datetime": "2024-05-18 02:18:03", "elapsed": 242.108607, "delta": 17.842634}}
{"target": 6.330684353051012, "params": {"h": 51.0, "p": 474.0, "r": 129.0}, "datetime": {"datetime": "2024-05-18 02:18:20", "elapsed": 258.643809, "delta": 16.535202}}
{"target": 8.352072646098792, "params": {"h": 15.0, "p": 288.0, "r": 63.0}, "datetime": {"datetime": "2024-05-18 02:18:34", "elapsed": 273.550798, "delta": 14.906989}}
{"target": 0.0, "params": {"h": 25.0, "p": 336.0, "r": 147.0}, "datetime": {"datetime": "2024-05-18 02:18:35", "elapsed": 273.704832, "delta": 0.154034}}
{"target": 22.9149387075567, "params": {"h": 45.0, "p": 305.0, "r": 85.0}, "datetime": {"datetime": "2024-05-18 02:18:49", "elapsed": 288.010743, "delta": 14.305911}}
{"target": 29.629539232870048, "params": {"h": 60.0, "p": 297.0, "r": 87.0}, "datetime": {"datetime": "2024-05-18 02:19:05", "elapsed": 303.603773, "delta": 15.59303}}
{"target": 29.145057650624214, "params": {"h": 60.0, "p": 272.0, "r": 88.0}, "datetime": {"datetime": "2024-05-18 02:19:18", "elapsed": 316.903795, "delta": 13.300022}}
{"target": 53.684100675380236, "params": {"h": 60.0, "p": 280.0, "r": 54.0}, "datetime": {"datetime": "2024-05-18 02:19:37", "elapsed": 336.561223, "delta": 19.657428}}
{"target": 3.1001725055393483, "params": {"h": 60.0, "p": 270.0, "r": 31.0}, "datetime": {"datetime": "2024-05-18 02:20:08", "elapsed": 367.109515, "delta": 30.548292}}
{"target": 56.942167377682665, "params": {"h": 60.0, "p": 285.0, "r": 65.0}, "datetime": {"datetime": "2024-05-18 02:20:25", "elapsed": 384.495914, "delta": 17.386399}}
{"target": 68.16032281571873, "params": {"h": 60.0, "p": 297.0, "r": 55.0}, "datetime": {"datetime": "2024-05-18 02:20:44", "elapsed": 403.126199, "delta": 18.630285}}
{"target": 54.30796621965778, "params": {"h": 58.0, "p": 316.0, "r": 49.0}, "datetime": {"datetime": "2024-05-18 02:21:06", "elapsed": 425.332455, "delta": 22.206256}}
{"target": 45.89880582320391, "params": {"h": 46.0, "p": 299.0, "r": 47.0}, "datetime": {"datetime": "2024-05-18 02:21:29", "elapsed": 448.22151, "delta": 22.889055}}
{"target": 0.13771844994667184, "params": {"h": 60.0, "p": 343.0, "r": 15.0}, "datetime": {"datetime": "2024-05-18 02:22:33", "elapsed": 511.918686, "delta": 63.697176}}
{"target": 67.10092966142122, "params": {"h": 60.0, "p": 308.0, "r": 62.0}, "datetime": {"datetime": "2024-05-18 02:22:53", "elapsed": 531.693062, "delta": 19.774376}}
{"target": 1.3464927044842758, "params": {"h": 60.0, "p": 1000.0, "r": 150.0}, "datetime": {"datetime": "2024-05-18 02:23:44", "elapsed": 582.842061, "delta": 51.148999}}
{"target": 0.06570745285138294, "params": {"h": 15.0, "p": 533.0, "r": 15.0}, "datetime": {"datetime": "2024-05-18 02:24:22", "elapsed": 620.862052, "delta": 38.019991}}
{"target": 0.0, "params": {"h": 17.0, "p": 101.0, "r": 139.0}, "datetime": {"datetime": "2024-05-18 02:24:22", "elapsed": 621.230808, "delta": 0.368756}}
{"target": 3.3476789876458874, "params": {"h": 21.0, "p": 562.0, "r": 150.0}, "datetime": {"datetime": "2024-05-18 02:24:49", "elapsed": 648.180453, "delta": 26.949645}}
{"target": 24.333084102011657, "params": {"h": 60.0, "p": 338.0, "r": 72.0}, "datetime": {"datetime": "2024-05-18 02:25:08", "elapsed": 666.849134, "delta": 18.668681}}
{"target": 4.4549170517476, "params": {"h": 60.0, "p": 716.0, "r": 150.0}, "datetime": {"datetime": "2024-05-18 02:25:35", "elapsed": 693.715943, "delta": 26.866809}}
{"target": 0.0339534167335906, "params": {"h": 57.0, "p": 837.0, "r": 17.0}, "datetime": {"datetime": "2024-05-18 02:27:08", "elapsed": 787.108464, "delta": 93.392521}}
{"target": 72.15955451828901, "params": {"h": 60.0, "p": 302.0, "r": 60.0}, "datetime": {"datetime": "2024-05-18 02:27:26", "elapsed": 805.38574, "delta": 18.277276}}
{"target": 22.94243569445469, "params": {"h": 15.0, "p": 187.0, "r": 60.0}, "datetime": {"datetime": "2024-05-18 02:27:38", "elapsed": 817.568881, "delta": 12.183141}}
{"target": 28.534963512803824, "params": {"h": 60.0, "p": 222.0, "r": 74.0}, "datetime": {"datetime": "2024-05-18 02:27:52", "elapsed": 831.535669, "delta": 13.966788}}
{"target": 0.07683280396446483, "params": {"h": 60.0, "p": 457.0, "r": 15.0}, "datetime": {"datetime": "2024-05-18 02:29:01", "elapsed": 899.770587, "delta": 68.234918}}
{"target": 75.03206402351053, "params": {"h": 54.0, "p": 302.0, "r": 59.0}, "datetime": {"datetime": "2024-05-18 02:29:19", "elapsed": 918.286838, "delta": 18.516251}}
{"target": 0.49049725956587115, "params": {"h": 15.0, "p": 1000.0, "r": 71.0}, "datetime": {"datetime": "2024-05-18 02:30:17", "elapsed": 976.472077, "delta": 58.185239}}
{"target": 0.6733372810741207, "params": {"h": 58.0, "p": 185.0, "r": 17.0}, "datetime": {"datetime": "2024-05-18 02:31:03", "elapsed": 1022.447249, "delta": 45.975172}}
{"target": 60.28859067321, "params": {"h": 51.0, "p": 296.0, "r": 63.0}, "datetime": {"datetime": "2024-05-18 02:31:20", "elapsed": 1039.284994, "delta": 16.837745}}
{"target": 61.02984066337268, "params": {"h": 43.0, "p": 315.0, "r": 59.0}, "datetime": {"datetime": "2024-05-18 02:31:38", "elapsed": 1056.732325, "delta": 17.447331}}
{"target": 0.04483354911020195, "params": {"h": 60.0, "p": 604.0, "r": 15.0}, "datetime": {"datetime": "2024-05-18 02:32:51", "elapsed": 1130.262576, "delta": 73.530251}}
{"target": 1.705429300450437, "params": {"h": 59.0, "p": 817.0, "r": 149.0}, "datetime": {"datetime": "2024-05-18 02:33:24", "elapsed": 1162.882448, "delta": 32.619872}}
{"target": 3.0079090379268454, "params": {"h": 15.0, "p": 647.0, "r": 146.0}, "datetime": {"datetime": "2024-05-18 02:34:10", "elapsed": 1209.146266, "delta": 46.263818}}
{"target": 0.0, "params": {"h": 59.0, "p": 153.0, "r": 94.0}, "datetime": {"datetime": "2024-05-18 02:34:10", "elapsed": 1209.498393, "delta": 0.352127}}
{"target": 0.0, "params": {"h": 15.0, "p": 226.0, "r": 91.0}, "datetime": {"datetime": "2024-05-18 02:34:11", "elapsed": 1209.865253, "delta": 0.36686}}
{"target": 2.8805050648168122, "params": {"h": 60.0, "p": 540.0, "r": 83.0}, "datetime": {"datetime": "2024-05-18 02:34:35", "elapsed": 1234.382986, "delta": 24.517733}}
{"target": 20.81834719608297, "params": {"h": 60.0, "p": 403.0, "r": 150.0}, "datetime": {"datetime": "2024-05-18 02:34:49", "elapsed": 1247.607287, "delta": 13.224301}}
{"target": 70.1706498842846, "params": {"h": 51.0, "p": 306.0, "r": 60.0}, "datetime": {"datetime": "2024-05-18 02:35:07", "elapsed": 1265.817096, "delta": 18.209809}}
{"target": 9.402310859843634, "params": {"h": 19.0, "p": 335.0, "r": 55.0}, "datetime": {"datetime": "2024-05-18 02:35:24", "elapsed": 1282.760979, "delta": 16.943883}}
{"target": 47.16563988901566, "params": {"h": 60.0, "p": 256.0, "r": 64.0}, "datetime": {"datetime": "2024-05-18 02:35:40", "elapsed": 1299.252112, "delta": 16.491133}}
{"target": 0.04990345884334134, "params": {"h": 17.0, "p": 762.0, "r": 17.0}, "datetime": {"datetime": "2024-05-18 02:36:30", "elapsed": 1348.976768, "delta": 49.724656}}
{"target": 0.01631861637253596, "params": {"h": 60.0, "p": 1000.0, "r": 15.0}, "datetime": {"datetime": "2024-05-18 02:38:23", "elapsed": 1462.555711, "delta": 113.578943}}
{"target": 8.937149016199852, "params": {"h": 15.0, "p": 420.0, "r": 150.0}, "datetime": {"datetime": "2024-05-18 02:39:00", "elapsed": 1498.885543, "delta": 36.329832}}
{"target": 1.3694746507751887, "params": {"h": 60.0, "p": 932.0, "r": 150.0}, "datetime": {"datetime": "2024-05-18 02:39:45", "elapsed": 1544.174016, "delta": 45.288473}}
{"target": 0.0, "params": {"h": 60.0, "p": 277.0, "r": 150.0}, "datetime": {"datetime": "2024-05-18 02:39:46", "elapsed": 1544.660816, "delta": 0.4868}}
{"target": 80.72384867119717, "params": {"h": 54.0, "p": 305.0, "r": 54.0}, "datetime": {"datetime": "2024-05-18 02:40:05", "elapsed": 1564.45431, "delta": 19.793494}}
{"target": 45.040466624474014, "params": {"h": 43.0, "p": 262.0, "r": 68.0}, "datetime": {"datetime": "2024-05-18 02:40:20", "elapsed": 1579.11462, "delta": 14.66031}}
{"target": 50.85392564465295, "params": {"h": 39.0, "p": 237.0, "r": 50.0}, "datetime": {"datetime": "2024-05-18 02:40:38", "elapsed": 1597.296808, "delta": 18.182188}}
{"target": 135.53861651656766, "params": {"h": 16.0, "p": 231.0, "r": 35.0}, "datetime": {"datetime": "2024-05-18 02:40:56", "elapsed": 1614.890422, "delta": 17.593614}}
{"target": 4.400881625030853, "params": {"h": 15.0, "p": 229.0, "r": 24.0}, "datetime": {"datetime": "2024-05-18 02:41:17", "elapsed": 1636.173219, "delta": 21.282797}}
{"target": 105.76851625327521, "params": {"h": 17.0, "p": 232.0, "r": 41.0}, "datetime": {"datetime": "2024-05-18 02:41:33", "elapsed": 1652.150254, "delta": 15.977035}}
{"target": 87.5744921657549, "params": {"h": 18.0, "p": 234.0, "r": 36.0}, "datetime": {"datetime": "2024-05-18 02:41:50", "elapsed": 1669.02417, "delta": 16.873916}}
{"target": 76.96204428009568, "params": {"h": 20.0, "p": 222.0, "r": 38.0}, "datetime": {"datetime": "2024-05-18 02:42:07", "elapsed": 1685.718365, "delta": 16.694195}}
{"target": 33.68738633608042, "params": {"h": 17.0, "p": 226.0, "r": 32.0}, "datetime": {"datetime": "2024-05-18 02:42:26", "elapsed": 1704.641266, "delta": 18.922901}}
{"target": 78.38827345716781, "params": {"h": 24.0, "p": 230.0, "r": 42.0}, "datetime": {"datetime": "2024-05-18 02:42:42", "elapsed": 1720.801889, "delta": 16.160623}}
{"target": 63.27096965215711, "params": {"h": 18.0, "p": 230.0, "r": 35.0}, "datetime": {"datetime": "2024-05-18 02:42:58", "elapsed": 1736.978678, "delta": 16.176789}}
{"target": 140.58765793945815, "params": {"h": 19.0, "p": 236.0, "r": 40.0}, "datetime": {"datetime": "2024-05-18 02:43:14", "elapsed": 1753.328165, "delta": 16.349487}}
{"target": 42.283542102619684, "params": {"h": 23.0, "p": 234.0, "r": 38.0}, "datetime": {"datetime": "2024-05-18 02:43:34", "elapsed": 1773.182555, "delta": 19.85439}}
{"target": 164.20765505140474, "params": {"h": 16.0, "p": 236.0, "r": 36.0}, "datetime": {"datetime": "2024-05-18 02:43:52", "elapsed": 1790.85904, "delta": 17.676485}}
{"target": 129.52577022541897, "params": {"h": 21.0, "p": 242.0, "r": 42.0}, "datetime": {"datetime": "2024-05-18 02:44:07", "elapsed": 1806.358656, "delta": 15.499616}}
{"target": 115.44902015120783, "params": {"h": 23.0, "p": 241.0, "r": 44.0}, "datetime": {"datetime": "2024-05-18 02:44:23", "elapsed": 1822.031062, "delta": 15.672406}}
{"target": 102.65507614507285, "params": {"h": 21.0, "p": 242.0, "r": 40.0}, "datetime": {"datetime": "2024-05-18 02:44:39", "elapsed": 1838.010552, "delta": 15.97949}}
{"target": 78.68872405180352, "params": {"h": 15.0, "p": 237.0, "r": 39.0}, "datetime": {"datetime": "2024-05-18 02:44:55", "elapsed": 1853.890658, "delta": 15.880106}}
{"target": 101.7349185087548, "params": {"h": 22.0, "p": 245.0, "r": 41.0}, "datetime": {"datetime": "2024-05-18 02:45:11", "elapsed": 1870.247975, "delta": 16.357317}}
{"target": 126.64881771455427, "params": {"h": 18.0, "p": 239.0, "r": 41.0}, "datetime": {"datetime": "2024-05-18 02:45:27", "elapsed": 1886.442283, "delta": 16.194308}}
{"target": 89.00191849179178, "params": {"h": 21.0, "p": 242.0, "r": 47.0}, "datetime": {"datetime": "2024-05-18 02:45:42", "elapsed": 1900.899025, "delta": 14.456742}}
{"target": 24.2938902245002, "params": {"h": 17.0, "p": 234.0, "r": 31.0}, "datetime": {"datetime": "2024-05-18 02:46:00", "elapsed": 1918.951141, "delta": 18.052116}}
{"target": 156.76575508201864, "params": {"h": 15.0, "p": 234.0, "r": 36.0}, "datetime": {"datetime": "2024-05-18 02:46:15", "elapsed": 1934.358458, "delta": 15.407317}}
{"target": 59.16797463425998, "params": {"h": 17.0, "p": 240.0, "r": 44.0}, "datetime": {"datetime": "2024-05-18 02:46:30", "elapsed": 1949.347581, "delta": 14.989123}}
{"target": 71.94925412195329, "params": {"h": 18.0, "p": 229.0, "r": 45.0}, "datetime": {"datetime": "2024-05-18 02:46:45", "elapsed": 1964.458992, "delta": 15.111411}}
{"target": 67.76695230859576, "params": {"h": 18.0, "p": 242.0, "r": 35.0}, "datetime": {"datetime": "2024-05-18 02:47:04", "elapsed": 1982.761894, "delta": 18.302902}}
{"target": 127.09189222248776, "params": {"h": 15.0, "p": 231.0, "r": 37.0}, "datetime": {"datetime": "2024-05-18 02:47:19", "elapsed": 1998.340323, "delta": 15.578429}}
{"target": 147.90891114969895, "params": {"h": 18.0, "p": 235.0, "r": 39.0}, "datetime": {"datetime": "2024-05-18 02:47:36", "elapsed": 2015.418821, "delta": 17.078498}}
{"target": 98.11066423536381, "params": {"h": 17.0, "p": 246.0, "r": 41.0}, "datetime": {"datetime": "2024-05-18 02:47:54", "elapsed": 2032.755798, "delta": 17.336977}}
{"target": 126.092615183436, "params": {"h": 17.0, "p": 236.0, "r": 36.0}, "datetime": {"datetime": "2024-05-18 02:48:10", "elapsed": 2049.449181, "delta": 16.693383}}
{"target": 115.500594344734, "params": {"h": 22.0, "p": 237.0, "r": 45.0}, "datetime": {"datetime": "2024-05-18 02:48:26", "elapsed": 2065.018648, "delta": 15.569467}}
{"target": 94.0465772301359, "params": {"h": 16.0, "p": 233.0, "r": 40.0}, "datetime": {"datetime": "2024-05-18 02:48:42", "elapsed": 2081.33909, "delta": 16.320442}}
{"target": 126.51638564069273, "params": {"h": 21.0, "p": 239.0, "r": 42.0}, "datetime": {"datetime": "2024-05-18 02:48:57", "elapsed": 2095.969792, "delta": 14.630702}}
{"target": 97.20130026882765, "params": {"h": 26.0, "p": 238.0, "r": 48.0}, "datetime": {"datetime": "2024-05-18 02:49:12", "elapsed": 2110.618997, "delta": 14.649205}}
{"target": 64.35445971615037, "params": {"h": 27.0, "p": 246.0, "r": 43.0}, "datetime": {"datetime": "2024-05-18 02:49:29", "elapsed": 2128.013427, "delta": 17.39443}}
{"target": 89.6431454755576, "params": {"h": 20.0, "p": 233.0, "r": 46.0}, "datetime": {"datetime": "2024-05-18 02:49:44", "elapsed": 2143.102114, "delta": 15.088687}}
{"target": 130.78013398424343, "params": {"h": 19.0, "p": 238.0, "r": 39.0}, "datetime": {"datetime": "2024-05-18 02:50:01", "elapsed": 2160.045336, "delta": 16.943222}}
{"target": 100.5358762277593, "params": {"h": 26.0, "p": 243.0, "r": 48.0}, "datetime": {"datetime": "2024-05-18 02:50:17", "elapsed": 2175.951406, "delta": 15.90607}}
{"target": 110.7609910324235, "params": {"h": 18.0, "p": 235.0, "r": 42.0}, "datetime": {"datetime": "2024-05-18 02:50:32", "elapsed": 2191.503162, "delta": 15.551756}}
{"target": 93.82982629499342, "params": {"h": 18.0, "p": 249.0, "r": 36.0}, "datetime": {"datetime": "2024-05-18 02:50:50", "elapsed": 2208.61646, "delta": 17.113298}}
{"target": 126.77330855760005, "params": {"h": 20.0, "p": 248.0, "r": 43.0}, "datetime": {"datetime": "2024-05-18 02:51:06", "elapsed": 2225.274527, "delta": 16.658067}}
{"target": 59.99870214442367, "params": {"h": 19.0, "p": 246.0, "r": 47.0}, "datetime": {"datetime": "2024-05-18 02:51:20", "elapsed": 2239.564516, "delta": 14.289989}}
{"target": 81.1891439523756, "params": {"h": 31.0, "p": 242.0, "r": 51.0}, "datetime": {"datetime": "2024-05-18 02:51:36", "elapsed": 2254.704045, "delta": 15.139529}}
{"target": 155.77565597099755, "params": {"h": 15.0, "p": 236.0, "r": 36.0}, "datetime": {"datetime": "2024-05-18 02:51:53", "elapsed": 2272.297281, "delta": 17.593236}}
{"target": 149.94493973246435, "params": {"h": 19.0, "p": 250.0, "r": 40.0}, "datetime": {"datetime": "2024-05-18 02:52:10", "elapsed": 2289.171838, "delta": 16.874557}}
{"target": 50.109800373898565, "params": {"h": 25.0, "p": 254.0, "r": 40.0}, "datetime": {"datetime": "2024-05-18 02:52:29", "elapsed": 2307.896699, "delta": 18.724861}}
{"target": 144.2592255433316, "params": {"h": 19.0, "p": 250.0, "r": 41.0}, "datetime": {"datetime": "2024-05-18 02:52:45", "elapsed": 2324.563585, "delta": 16.666886}}
{"target": 93.05630064706696, "params": {"h": 25.0, "p": 233.0, "r": 49.0}, "datetime": {"datetime": "2024-05-18 02:53:01", "elapsed": 2339.963631, "delta": 15.400046}}
{"target": 72.25729527555958, "params": {"h": 22.0, "p": 237.0, "r": 50.0}, "datetime": {"datetime": "2024-05-18 02:53:16", "elapsed": 2354.842518, "delta": 14.878887}}
{"target": 144.5680151915047, "params": {"h": 19.0, "p": 252.0, "r": 41.0}, "datetime": {"datetime": "2024-05-18 02:53:32", "elapsed": 2371.287776, "delta": 16.445258}}
{"target": 58.225012627822885, "params": {"h": 31.0, "p": 233.0, "r": 46.0}, "datetime": {"datetime": "2024-05-18 02:53:50", "elapsed": 2388.669815, "delta": 17.382039}}
{"target": 21.442077642178315, "params": {"h": 15.0, "p": 253.0, "r": 47.0}, "datetime": {"datetime": "2024-05-18 02:54:04", "elapsed": 2403.536381, "delta": 14.866566}}
{"target": 125.04044829952443, "params": {"h": 18.0, "p": 255.0, "r": 41.0}, "datetime": {"datetime": "2024-05-18 02:54:24", "elapsed": 2422.579194, "delta": 19.042813}}
{"target": 63.830798165247074, "params": {"h": 26.0, "p": 242.0, "r": 55.0}, "datetime": {"datetime": "2024-05-18 02:54:37", "elapsed": 2436.104502, "delta": 13.525308}}
{"target": 130.3816678476696, "params": {"h": 18.0, "p": 254.0, "r": 37.0}, "datetime": {"datetime": "2024-05-18 02:54:55", "elapsed": 2453.775658, "delta": 17.671156}}
{"target": 70.99216554526411, "params": {"h": 21.0, "p": 254.0, "r": 38.0}, "datetime": {"datetime": "2024-05-18 02:55:11", "elapsed": 2470.125543, "delta": 16.349885}}
{"target": 70.75779804547732, "params": {"h": 17.0, "p": 261.0, "r": 42.0}, "datetime": {"datetime": "2024-05-18 02:55:27", "elapsed": 2485.830119, "delta": 15.704576}}
{"target": 103.73406498979682, "params": {"h": 16.0, "p": 252.0, "r": 39.0}, "datetime": {"datetime": "2024-05-18 02:55:43", "elapsed": 2502.477856, "delta": 16.647737}}
{"target": 73.11958565221411, "params": {"h": 16.0, "p": 257.0, "r": 33.0}, "datetime": {"datetime": "2024-05-18 02:56:02", "elapsed": 2520.891083, "delta": 18.413227}}
{"target": 46.86728659696652, "params": {"h": 28.0, "p": 237.0, "r": 42.0}, "datetime": {"datetime": "2024-05-18 02:56:20", "elapsed": 2539.449068, "delta": 18.557985}}
{"target": 94.96045365792698, "params": {"h": 23.0, "p": 251.0, "r": 48.0}, "datetime": {"datetime": "2024-05-18 02:56:37", "elapsed": 2556.254848, "delta": 16.80578}}
{"target": 109.89524046370683, "params": {"h": 20.0, "p": 252.0, "r": 44.0}, "datetime": {"datetime": "2024-05-18 02:56:55", "elapsed": 2574.246782, "delta": 17.991934}}
{"target": 95.63837626299662, "params": {"h": 28.0, "p": 247.0, "r": 49.0}, "datetime": {"datetime": "2024-05-18 02:57:12", "elapsed": 2590.896079, "delta": 16.649297}}
{"target": 106.03378727982923, "params": {"h": 27.0, "p": 255.0, "r": 48.0}, "datetime": {"datetime": "2024-05-18 02:57:29", "elapsed": 2608.075119, "delta": 17.17904}}
{"target": 69.02773660728462, "params": {"h": 32.0, "p": 251.0, "r": 47.0}, "datetime": {"datetime": "2024-05-18 02:57:45", "elapsed": 2624.556197, "delta": 16.481078}}
{"target": 80.93381311942112, "params": {"h": 28.0, "p": 257.0, "r": 53.0}, "datetime": {"datetime": "2024-05-18 02:58:01", "elapsed": 2639.750822, "delta": 15.194625}}
{"target": 77.66507860324683, "params": {"h": 27.0, "p": 250.0, "r": 53.0}, "datetime": {"datetime": "2024-05-18 02:58:19", "elapsed": 2657.746266, "delta": 17.995444}}
{"target": 117.25812018646941, "params": {"h": 23.0, "p": 258.0, "r": 46.0}, "datetime": {"datetime": "2024-05-18 02:58:35", "elapsed": 2674.538922, "delta": 16.792656}}
{"target": 112.49513096955855, "params": {"h": 24.0, "p": 264.0, "r": 43.0}, "datetime": {"datetime": "2024-05-18 02:58:52", "elapsed": 2691.350779, "delta": 16.811857}}
{"target": 48.95546437347167, "params": {"h": 24.0, "p": 266.0, "r": 39.0}, "datetime": {"datetime": "2024-05-18 02:59:11", "elapsed": 2710.071376, "delta": 18.720597}}
{"target": 112.58852540705868, "params": {"h": 26.0, "p": 261.0, "r": 46.0}, "datetime": {"datetime": "2024-05-18 02:59:28", "elapsed": 2727.343175, "delta": 17.271799}}
{"target": 95.28985374899949, "params": {"h": 27.0, "p": 259.0, "r": 45.0}, "datetime": {"datetime": "2024-05-18 02:59:45", "elapsed": 2744.322456, "delta": 16.979281}}
{"target": 76.24199108782801, "params": {"h": 21.0, "p": 268.0, "r": 47.0}, "datetime": {"datetime": "2024-05-18 03:00:01", "elapsed": 2759.780547, "delta": 15.458091}}
{"target": 59.226839578827644, "params": {"h": 30.0, "p": 266.0, "r": 44.0}, "datetime": {"datetime": "2024-05-18 03:00:18", "elapsed": 2777.5521, "delta": 17.771553}}
