{"target": 153.2460457354202, "params": {"h": 18.0, "p": 298.0, "r": 39.0}, "datetime": {"datetime": "2024-06-03 01:07:51", "elapsed": 3239.834548, "delta": 24.498393}}
{"target": 110.50067554587496, "params": {"h": 32.0, "p": 328.0, "r": 49.0}, "datetime": {"datetime": "2024-06-03 01:08:17", "elapsed": 3266.320688, "delta": 26.48614}}
{"target": 109.29497435372694, "params": {"h": 44.0, "p": 324.0, "r": 51.0}, "datetime": {"datetime": "2024-06-03 01:08:46", "elapsed": 3294.865455, "delta": 28.544767}}
{"target": 165.0637263201125, "params": {"h": 21.0, "p": 298.0, "r": 41.0}, "datetime": {"datetime": "2024-06-03 01:09:09", "elapsed": 3318.311684, "delta": 23.446229}}
{"target": 48.53675867989576, "params": {"h": 16.0, "p": 299.0, "r": 40.0}, "datetime": {"datetime": "2024-06-03 01:09:33", "elapsed": 3342.517602, "delta": 24.205918}}
{"target": 156.18217385282446, "params": {"h": 26.0, "p": 324.0, "r": 44.0}, "datetime": {"datetime": "2024-06-03 01:09:58", "elapsed": 3367.393844, "delta": 24.876242}}
{"target": 131.07177413438964, "params": {"h": 31.0, "p": 329.0, "r": 45.0}, "datetime": {"datetime": "2024-06-03 01:10:25", "elapsed": 3394.393173, "delta": 26.999329}}
{"target": 113.04211995305754, "params": {"h": 39.0, "p": 323.0, "r": 51.0}, "datetime": {"datetime": "2024-06-03 01:10:52", "elapsed": 3421.240397, "delta": 26.847224}}
{"target": 105.68382702084025, "params": {"h": 29.0, "p": 327.0, "r": 43.0}, "datetime": {"datetime": "2024-06-03 01:11:19", "elapsed": 3448.488064, "delta": 27.247667}}
{"target": 177.67761722003635, "params": {"h": 17.0, "p": 299.0, "r": 36.0}, "datetime": {"datetime": "2024-06-03 01:11:44", "elapsed": 3473.442089, "delta": 24.954025}}
{"target": 48.82190545351263, "params": {"h": 21.0, "p": 327.0, "r": 45.0}, "datetime": {"datetime": "2024-06-03 01:12:09", "elapsed": 3498.129914, "delta": 24.687825}}
{"target": 142.18514915011556, "params": {"h": 17.0, "p": 297.0, "r": 38.0}, "datetime": {"datetime": "2024-06-03 01:12:34", "elapsed": 3523.604686, "delta": 25.474772}}
{"target": 144.72830446549264, "params": {"h": 26.0, "p": 316.0, "r": 45.0}, "datetime": {"datetime": "2024-06-03 01:13:01", "elapsed": 3550.379278, "delta": 26.774592}}
{"target": 119.67215647910916, "params": {"h": 22.0, "p": 301.0, "r": 44.0}, "datetime": {"datetime": "2024-06-03 01:13:23", "elapsed": 3572.702998, "delta": 22.32372}}
{"target": 86.1502290804409, "params": {"h": 49.0, "p": 321.0, "r": 56.0}, "datetime": {"datetime": "2024-06-03 01:13:49", "elapsed": 3598.527073, "delta": 25.824075}}
{"target": 100.15976026691072, "params": {"h": 29.0, "p": 323.0, "r": 43.0}, "datetime": {"datetime": "2024-06-03 01:14:15", "elapsed": 3624.64628, "delta": 26.119207}}
{"target": 160.0748030788788, "params": {"h": 24.0, "p": 316.0, "r": 43.0}, "datetime": {"datetime": "2024-06-03 01:14:40", "elapsed": 3649.549457, "delta": 24.903177}}
{"target": 95.57334552180853, "params": {"h": 26.0, "p": 325.0, "r": 41.0}, "datetime": {"datetime": "2024-06-03 01:15:07", "elapsed": 3676.536022, "delta": 26.986565}}
{"target": 106.84229552701885, "params": {"h": 40.0, "p": 318.0, "r": 52.0}, "datetime": {"datetime": "2024-06-03 01:15:32", "elapsed": 3701.397952, "delta": 24.86193}}
{"target": 80.25733692702462, "params": {"h": 19.0, "p": 299.0, "r": 36.0}, "datetime": {"datetime": "2024-06-03 01:15:56", "elapsed": 3725.235557, "delta": 23.837605}}
{"target": 124.9389082479873, "params": {"h": 22.0, "p": 297.0, "r": 44.0}, "datetime": {"datetime": "2024-06-03 01:16:19", "elapsed": 3748.080098, "delta": 22.844541}}
{"target": 160.96905534684907, "params": {"h": 25.0, "p": 323.0, "r": 43.0}, "datetime": {"datetime": "2024-06-03 01:16:44", "elapsed": 3773.253157, "delta": 25.173059}}
{"target": 112.02176734756331, "params": {"h": 28.0, "p": 329.0, "r": 47.0}, "datetime": {"datetime": "2024-06-03 01:17:08", "elapsed": 3796.997633, "delta": 23.744476}}
{"target": 112.93068509538645, "params": {"h": 41.0, "p": 331.0, "r": 51.0}, "datetime": {"datetime": "2024-06-03 01:17:32", "elapsed": 3821.750862, "delta": 24.753229}}
{"target": 82.31584859229766, "params": {"h": 34.0, "p": 332.0, "r": 44.0}, "datetime": {"datetime": "2024-06-03 01:17:59", "elapsed": 3848.173739, "delta": 26.422877}}
{"target": 81.5253805404889, "params": {"h": 40.0, "p": 326.0, "r": 54.0}, "datetime": {"datetime": "2024-06-03 01:18:23", "elapsed": 3872.643281, "delta": 24.469542}}
{"target": 137.70008978808406, "params": {"h": 33.0, "p": 330.0, "r": 47.0}, "datetime": {"datetime": "2024-06-03 01:18:50", "elapsed": 3899.248267, "delta": 26.604986}}
{"target": 115.32571162504712, "params": {"h": 32.0, "p": 316.0, "r": 46.0}, "datetime": {"datetime": "2024-06-03 01:19:16", "elapsed": 3924.824969, "delta": 25.576702}}
{"target": 95.09168516612765, "params": {"h": 24.0, "p": 319.0, "r": 40.0}, "datetime": {"datetime": "2024-06-03 01:19:43", "elapsed": 3952.015372, "delta": 27.190403}}
{"target": 104.43316656397582, "params": {"h": 28.0, "p": 332.0, "r": 42.0}, "datetime": {"datetime": "2024-06-03 01:20:09", "elapsed": 3977.980733, "delta": 25.965361}}
{"target": 146.69543093268138, "params": {"h": 27.0, "p": 318.0, "r": 44.0}, "datetime": {"datetime": "2024-06-03 01:20:32", "elapsed": 4001.556844, "delta": 23.576111}}
{"target": 123.27867210337138, "params": {"h": 28.0, "p": 299.0, "r": 45.0}, "datetime": {"datetime": "2024-06-03 01:20:55", "elapsed": 4024.285416, "delta": 22.728572}}
{"target": 93.37568134382384, "params": {"h": 23.0, "p": 319.0, "r": 45.0}, "datetime": {"datetime": "2024-06-03 01:21:20", "elapsed": 4048.856055, "delta": 24.570639}}
{"target": 109.65688617041509, "params": {"h": 26.0, "p": 313.0, "r": 47.0}, "datetime": {"datetime": "2024-06-03 01:21:42", "elapsed": 4071.497586, "delta": 22.641531}}
{"target": 66.88259259905082, "params": {"h": 27.0, "p": 326.0, "r": 49.0}, "datetime": {"datetime": "2024-06-03 01:22:04", "elapsed": 4093.230163, "delta": 21.732577}}
{"target": 95.03174059868653, "params": {"h": 15.0, "p": 306.0, "r": 36.0}, "datetime": {"datetime": "2024-06-03 01:22:27", "elapsed": 4116.737336, "delta": 23.507173}}
{"target": 135.72668614230832, "params": {"h": 24.0, "p": 301.0, "r": 42.0}, "datetime": {"datetime": "2024-06-03 01:22:51", "elapsed": 4140.096018, "delta": 23.358682}}
{"target": 131.82787488188308, "params": {"h": 36.0, "p": 332.0, "r": 48.0}, "datetime": {"datetime": "2024-06-03 01:23:18", "elapsed": 4167.248616, "delta": 27.152598}}
{"target": 101.65112516179238, "params": {"h": 40.0, "p": 325.0, "r": 48.0}, "datetime": {"datetime": "2024-06-03 01:23:46", "elapsed": 4194.949608, "delta": 27.700992}}
{"target": 96.36942781034693, "params": {"h": 24.0, "p": 315.0, "r": 46.0}, "datetime": {"datetime": "2024-06-03 01:24:10", "elapsed": 4218.915525, "delta": 23.965917}}
{"target": 123.87877477789982, "params": {"h": 22.0, "p": 296.0, "r": 40.0}, "datetime": {"datetime": "2024-06-03 01:24:35", "elapsed": 4244.160117, "delta": 25.244592}}
{"target": 160.7572716406781, "params": {"h": 22.0, "p": 300.0, "r": 42.0}, "datetime": {"datetime": "2024-06-03 01:24:58", "elapsed": 4267.677121, "delta": 23.517004}}
{"target": 175.79877468584928, "params": {"h": 19.0, "p": 298.0, "r": 39.0}, "datetime": {"datetime": "2024-06-03 01:25:23", "elapsed": 4292.403772, "delta": 24.726651}}
{"target": 152.28482656866237, "params": {"h": 29.0, "p": 334.0, "r": 45.0}, "datetime": {"datetime": "2024-06-03 01:25:51", "elapsed": 4320.554346, "delta": 28.150574}}
{"target": 76.5429490745559, "params": {"h": 33.0, "p": 333.0, "r": 51.0}, "datetime": {"datetime": "2024-06-03 01:26:17", "elapsed": 4345.963111, "delta": 25.408765}}
{"target": 185.3991339866797, "params": {"h": 16.0, "p": 298.0, "r": 35.0}, "datetime": {"datetime": "2024-06-03 01:26:41", "elapsed": 4370.25139, "delta": 24.288279}}
{"target": 158.26442643744434, "params": {"h": 28.0, "p": 336.0, "r": 44.0}, "datetime": {"datetime": "2024-06-03 01:27:05", "elapsed": 4394.091946, "delta": 23.840556}}
{"target": 74.88490781486797, "params": {"h": 24.0, "p": 338.0, "r": 45.0}, "datetime": {"datetime": "2024-06-03 01:27:31", "elapsed": 4420.392636, "delta": 26.30069}}
{"target": 184.954097614297, "params": {"h": 16.0, "p": 295.0, "r": 35.0}, "datetime": {"datetime": "2024-06-03 01:27:58", "elapsed": 4446.807879, "delta": 26.415243}}
{"target": 155.99077945890377, "params": {"h": 28.0, "p": 334.0, "r": 44.0}, "datetime": {"datetime": "2024-06-03 01:28:22", "elapsed": 4471.508932, "delta": 24.701053}}
{"target": 57.67458150055516, "params": {"h": 28.0, "p": 337.0, "r": 49.0}, "datetime": {"datetime": "2024-06-03 01:28:48", "elapsed": 4497.659619, "delta": 26.150687}}
{"target": 69.28668484769229, "params": {"h": 32.0, "p": 338.0, "r": 42.0}, "datetime": {"datetime": "2024-06-03 01:29:17", "elapsed": 4526.716553, "delta": 29.056934}}
{"target": 30.043898496881013, "params": {"h": 16.0, "p": 291.0, "r": 31.0}, "datetime": {"datetime": "2024-06-03 01:29:43", "elapsed": 4552.241874, "delta": 25.525321}}
{"target": 153.30790126302233, "params": {"h": 26.0, "p": 336.0, "r": 42.0}, "datetime": {"datetime": "2024-06-03 01:30:09", "elapsed": 4578.047856, "delta": 25.805982}}
{"target": 176.33731122582034, "params": {"h": 19.0, "p": 305.0, "r": 39.0}, "datetime": {"datetime": "2024-06-03 01:30:34", "elapsed": 4603.769989, "delta": 25.722133}}
{"target": 113.8176613282864, "params": {"h": 26.0, "p": 317.0, "r": 42.0}, "datetime": {"datetime": "2024-06-03 01:31:02", "elapsed": 4631.055881, "delta": 27.285892}}
{"target": 67.5230689891544, "params": {"h": 24.0, "p": 333.0, "r": 46.0}, "datetime": {"datetime": "2024-06-03 01:31:28", "elapsed": 4657.073859, "delta": 26.017978}}
{"target": 124.85717805071273, "params": {"h": 24.0, "p": 313.0, "r": 41.0}, "datetime": {"datetime": "2024-06-03 01:31:54", "elapsed": 4683.611359, "delta": 26.5375}}
{"target": 189.74127179944625, "params": {"h": 16.0, "p": 308.0, "r": 35.0}, "datetime": {"datetime": "2024-06-03 01:31:55", "elapsed": 4684.172852, "delta": 0.561493}}
{"target": 23.24902504541923, "params": {"h": 27.0, "p": 337.0, "r": 37.0}, "datetime": {"datetime": "2024-06-03 01:32:23", "elapsed": 4712.379367, "delta": 28.206515}}
{"target": 67.39459880704102, "params": {"h": 51.0, "p": 328.0, "r": 48.0}, "datetime": {"datetime": "2024-06-03 01:32:54", "elapsed": 4743.462874, "delta": 31.083507}}
{"target": 111.6264972482224, "params": {"h": 17.0, "p": 291.0, "r": 39.0}, "datetime": {"datetime": "2024-06-03 01:33:19", "elapsed": 4767.927045, "delta": 24.464171}}
{"target": 96.88801483580086, "params": {"h": 17.0, "p": 305.0, "r": 39.0}, "datetime": {"datetime": "2024-06-03 01:33:43", "elapsed": 4792.764215, "delta": 24.83717}}
{"target": 146.34940864333424, "params": {"h": 16.0, "p": 309.0, "r": 34.0}, "datetime": {"datetime": "2024-06-03 01:34:10", "elapsed": 4818.811313, "delta": 26.047098}}
{"target": 101.60265419414603, "params": {"h": 48.0, "p": 333.0, "r": 53.0}, "datetime": {"datetime": "2024-06-03 01:34:40", "elapsed": 4849.072173, "delta": 30.26086}}
{"target": 133.07885737332583, "params": {"h": 30.0, "p": 333.0, "r": 44.0}, "datetime": {"datetime": "2024-06-03 01:35:05", "elapsed": 4873.885987, "delta": 24.813814}}
{"target": 86.962355600347, "params": {"h": 44.0, "p": 317.0, "r": 49.0}, "datetime": {"datetime": "2024-06-03 01:35:33", "elapsed": 4901.817327, "delta": 27.93134}}
{"target": 174.17905929579416, "params": {"h": 17.0, "p": 309.0, "r": 37.0}, "datetime": {"datetime": "2024-06-03 01:35:59", "elapsed": 4928.748084, "delta": 26.930757}}
{"target": 146.8728719481689, "params": {"h": 28.0, "p": 336.0, "r": 43.0}, "datetime": {"datetime": "2024-06-03 01:36:27", "elapsed": 4956.75622, "delta": 28.008136}}
{"target": 162.00703123016172, "params": {"h": 18.0, "p": 292.0, "r": 37.0}, "datetime": {"datetime": "2024-06-03 01:36:53", "elapsed": 4982.058157, "delta": 25.301937}}
{"target": 81.70272877896458, "params": {"h": 17.0, "p": 293.0, "r": 34.0}, "datetime": {"datetime": "2024-06-03 01:37:19", "elapsed": 5008.754184, "delta": 26.696027}}
{"target": 167.21584276490998, "params": {"h": 21.0, "p": 305.0, "r": 41.0}, "datetime": {"datetime": "2024-06-03 01:37:45", "elapsed": 5034.555079, "delta": 25.800895}}
{"target": 113.30692545174553, "params": {"h": 23.0, "p": 323.0, "r": 44.0}, "datetime": {"datetime": "2024-06-03 01:38:11", "elapsed": 5060.69518, "delta": 26.140101}}
{"target": 167.16299630172313, "params": {"h": 21.0, "p": 304.0, "r": 41.0}, "datetime": {"datetime": "2024-06-03 01:38:38", "elapsed": 5087.02899, "delta": 26.33381}}
{"target": 117.2997107391526, "params": {"h": 23.0, "p": 315.0, "r": 40.0}, "datetime": {"datetime": "2024-06-03 01:39:04", "elapsed": 5113.066924, "delta": 26.037934}}
{"target": 36.868629639369885, "params": {"h": 53.0, "p": 339.0, "r": 62.0}, "datetime": {"datetime": "2024-06-03 01:39:30", "elapsed": 5139.797033, "delta": 26.730109}}
{"target": 53.20430496233447, "params": {"h": 20.0, "p": 284.0, "r": 36.0}, "datetime": {"datetime": "2024-06-03 01:39:58", "elapsed": 5167.384519, "delta": 27.587486}}
{"target": 0.12417173356108059, "params": {"h": 39.0, "p": 515.0, "r": 19.0}, "datetime": {"datetime": "2024-06-03 01:40:59", "elapsed": 5228.184501, "delta": 60.799982}}
{"target": 1.1751723402684788, "params": {"h": 21.0, "p": 809.0, "r": 128.0}, "datetime": {"datetime": "2024-06-03 01:41:53", "elapsed": 5281.816216, "delta": 53.631715}}
{"target": 63.77044867509209, "params": {"h": 42.0, "p": 316.0, "r": 58.0}, "datetime": {"datetime": "2024-06-03 01:42:17", "elapsed": 5306.129526, "delta": 24.31331}}
{"target": 5.247590840279951, "params": {"h": 45.0, "p": 554.0, "r": 145.0}, "datetime": {"datetime": "2024-06-03 01:42:41", "elapsed": 5330.069267, "delta": 23.939741}}
{"target": 115.10390735618532, "params": {"h": 45.0, "p": 336.0, "r": 49.0}, "datetime": {"datetime": "2024-06-03 01:43:12", "elapsed": 5361.238049, "delta": 31.168782}}
{"target": 118.6041314741711, "params": {"h": 26.0, "p": 322.0, "r": 46.0}, "datetime": {"datetime": "2024-06-03 01:43:38", "elapsed": 5387.464273, "delta": 26.226224}}
{"target": 106.65525884963661, "params": {"h": 46.0, "p": 343.0, "r": 51.0}, "datetime": {"datetime": "2024-06-03 01:44:09", "elapsed": 5417.906211, "delta": 30.441938}}
{"target": 85.31583944891482, "params": {"h": 21.0, "p": 291.0, "r": 38.0}, "datetime": {"datetime": "2024-06-03 01:44:36", "elapsed": 5445.105477, "delta": 27.199266}}
{"target": 142.42309052357206, "params": {"h": 16.0, "p": 303.0, "r": 34.0}, "datetime": {"datetime": "2024-06-03 01:45:03", "elapsed": 5472.075704, "delta": 26.970227}}
{"target": 40.81633564245052, "params": {"h": 44.0, "p": 345.0, "r": 56.0}, "datetime": {"datetime": "2024-06-03 01:45:30", "elapsed": 5499.685191, "delta": 27.609487}}
{"target": 118.43138384707659, "params": {"h": 50.0, "p": 343.0, "r": 49.0}, "datetime": {"datetime": "2024-06-03 01:46:02", "elapsed": 5530.950569, "delta": 31.265378}}
{"target": 63.23028318980902, "params": {"h": 52.0, "p": 350.0, "r": 52.0}, "datetime": {"datetime": "2024-06-03 01:46:32", "elapsed": 5561.560202, "delta": 30.609633}}
{"target": 81.11822592838574, "params": {"h": 49.0, "p": 348.0, "r": 45.0}, "datetime": {"datetime": "2024-06-03 01:47:05", "elapsed": 5593.970465, "delta": 32.410263}}
{"target": 177.65970820291454, "params": {"h": 16.0, "p": 294.0, "r": 36.0}, "datetime": {"datetime": "2024-06-03 01:47:29", "elapsed": 5618.468566, "delta": 24.498101}}
{"target": 114.47100226624342, "params": {"h": 49.0, "p": 338.0, "r": 50.0}, "datetime": {"datetime": "2024-06-03 01:48:02", "elapsed": 5651.302166, "delta": 32.8336}}
{"target": 165.97848662493905, "params": {"h": 20.0, "p": 306.0, "r": 39.0}, "datetime": {"datetime": "2024-06-03 01:48:28", "elapsed": 5676.877327, "delta": 25.575161}}
{"target": 59.80205704557179, "params": {"h": 50.0, "p": 338.0, "r": 46.0}, "datetime": {"datetime": "2024-06-03 01:49:01", "elapsed": 5709.863353, "delta": 32.986026}}
{"target": 91.83033419757037, "params": {"h": 51.0, "p": 337.0, "r": 54.0}, "datetime": {"datetime": "2024-06-03 01:49:28", "elapsed": 5737.474123, "delta": 27.61077}}
{"target": 2.939222545908536, "params": {"h": 52.0, "p": 756.0, "r": 150.0}, "datetime": {"datetime": "2024-06-03 01:50:06", "elapsed": 5775.166884, "delta": 37.692761}}
{"target": 2.593229808426651, "params": {"h": 50.0, "p": 832.0, "r": 44.0}, "datetime": {"datetime": "2024-06-03 01:51:16", "elapsed": 5845.522159, "delta": 70.355275}}
{"target": 0.9925776931775808, "params": {"h": 33.0, "p": 979.0, "r": 138.0}, "datetime": {"datetime": "2024-06-03 01:52:30", "elapsed": 5919.003023, "delta": 73.480864}}
{"target": 0.10996189419199982, "params": {"h": 53.0, "p": 616.0, "r": 20.0}, "datetime": {"datetime": "2024-06-03 01:53:53", "elapsed": 6002.070711, "delta": 83.067688}}
{"target": 111.0827787886874, "params": {"h": 17.0, "p": 294.0, "r": 39.0}, "datetime": {"datetime": "2024-06-03 01:54:17", "elapsed": 6026.188703, "delta": 24.117992}}
{"target": 158.2639971402702, "params": {"h": 23.0, "p": 306.0, "r": 42.0}, "datetime": {"datetime": "2024-06-03 01:54:44", "elapsed": 6053.437051, "delta": 27.248348}}
{"target": 0.0, "params": {"h": 58.0, "p": 277.0, "r": 140.0}, "datetime": {"datetime": "2024-06-03 01:54:45", "elapsed": 6054.147969, "delta": 0.710918}}
{"target": 131.3545807990709, "params": {"h": 17.0, "p": 301.0, "r": 35.0}, "datetime": {"datetime": "2024-06-03 01:55:09", "elapsed": 6078.002366, "delta": 23.854397}}
{"target": 2.247841088047232, "params": {"h": 23.0, "p": 521.0, "r": 86.0}, "datetime": {"datetime": "2024-06-03 01:55:33", "elapsed": 6102.520958, "delta": 24.518592}}
{"target": 130.01375684230288, "params": {"h": 21.0, "p": 335.0, "r": 41.0}, "datetime": {"datetime": "2024-06-03 01:55:54", "elapsed": 6123.078121, "delta": 20.557163}}
{"target": 17.427167578413957, "params": {"h": 16.0, "p": 337.0, "r": 42.0}, "datetime": {"datetime": "2024-06-03 01:56:16", "elapsed": 6144.94073, "delta": 21.862609}}
{"target": 0.0, "params": {"h": 46.0, "p": 107.0, "r": 109.0}, "datetime": {"datetime": "2024-06-03 01:56:16", "elapsed": 6145.596347, "delta": 0.655617}}
{"target": 88.54054934075178, "params": {"h": 51.0, "p": 343.0, "r": 53.0}, "datetime": {"datetime": "2024-06-03 01:56:40", "elapsed": 6169.690127, "delta": 24.09378}}
{"target": 0.22968626550709081, "params": {"h": 59.0, "p": 470.0, "r": 21.0}, "datetime": {"datetime": "2024-06-03 01:57:36", "elapsed": 6225.476438, "delta": 55.786311}}
{"target": 105.24779063069201, "params": {"h": 39.0, "p": 315.0, "r": 49.0}, "datetime": {"datetime": "2024-06-03 01:57:59", "elapsed": 6248.133054, "delta": 22.656616}}
{"target": 0.9133793268505029, "params": {"h": 42.0, "p": 935.0, "r": 120.0}, "datetime": {"datetime": "2024-06-03 01:58:50", "elapsed": 6299.278991, "delta": 51.145937}}
{"target": 99.49727503716832, "params": {"h": 45.0, "p": 339.0, "r": 52.0}, "datetime": {"datetime": "2024-06-03 01:59:12", "elapsed": 6321.637358, "delta": 22.358367}}
{"target": 24.34367962449278, "params": {"h": 42.0, "p": 230.0, "r": 85.0}, "datetime": {"datetime": "2024-06-03 01:59:26", "elapsed": 6335.314009, "delta": 13.676651}}
{"target": 141.24706425681944, "params": {"h": 23.0, "p": 308.0, "r": 41.0}, "datetime": {"datetime": "2024-06-03 01:59:50", "elapsed": 6359.372558, "delta": 24.058549}}
{"target": 0.9619799706426724, "params": {"h": 38.0, "p": 965.0, "r": 82.0}, "datetime": {"datetime": "2024-06-03 02:00:45", "elapsed": 6414.760013, "delta": 55.387455}}
{"target": 117.91018721947405, "params": {"h": 29.0, "p": 332.0, "r": 47.0}, "datetime": {"datetime": "2024-06-03 02:01:07", "elapsed": 6436.367145, "delta": 21.607132}}
{"target": 169.877058216125, "params": {"h": 20.0, "p": 330.0, "r": 38.0}, "datetime": {"datetime": "2024-06-03 02:01:30", "elapsed": 6458.830766, "delta": 22.463621}}
{"target": 182.64102117186653, "params": {"h": 15.0, "p": 328.0, "r": 33.0}, "datetime": {"datetime": "2024-06-03 02:01:54", "elapsed": 6483.464501, "delta": 24.633735}}
{"target": 7.042022231893489, "params": {"h": 18.0, "p": 332.0, "r": 29.0}, "datetime": {"datetime": "2024-06-03 02:02:19", "elapsed": 6508.330109, "delta": 24.865608}}
{"target": 41.34429396664642, "params": {"h": 25.0, "p": 329.0, "r": 38.0}, "datetime": {"datetime": "2024-06-03 02:02:43", "elapsed": 6531.817419, "delta": 23.48731}}
{"target": 169.3197309383449, "params": {"h": 17.0, "p": 330.0, "r": 35.0}, "datetime": {"datetime": "2024-06-03 02:03:03", "elapsed": 6552.565409, "delta": 20.74799}}
