{"target": 34.757800510638, "params": {"h": 30.0, "p": 323.0, "r": 40.0}, "datetime": {"datetime": "2024-05-08 12:33:56", "elapsed": 2895.664871, "delta": 23.657616}}
{"target": 53.61363555024141, "params": {"h": 19.0, "p": 318.0, "r": 43.0}, "datetime": {"datetime": "2024-05-08 12:34:18", "elapsed": 2916.822273, "delta": 21.157402}}
{"target": 27.616899595704027, "params": {"h": 37.0, "p": 304.0, "r": 42.0}, "datetime": {"datetime": "2024-05-08 12:34:40", "elapsed": 2939.323479, "delta": 22.501206}}
{"target": 113.81766132832888, "params": {"h": 26.0, "p": 317.0, "r": 42.0}, "datetime": {"datetime": "2024-05-08 12:35:01", "elapsed": 2960.308985, "delta": 20.985506}}
{"target": 153.12299655878306, "params": {"h": 25.0, "p": 319.0, "r": 44.0}, "datetime": {"datetime": "2024-05-08 12:35:22", "elapsed": 2981.185117, "delta": 20.876132}}
{"target": 95.68279665447697, "params": {"h": 45.0, "p": 311.0, "r": 52.0}, "datetime": {"datetime": "2024-05-08 12:35:43", "elapsed": 3002.436276, "delta": 21.251159}}
{"target": 154.21643410677135, "params": {"h": 26.0, "p": 319.0, "r": 44.0}, "datetime": {"datetime": "2024-05-08 12:36:04", "elapsed": 3022.874895, "delta": 20.438619}}
{"target": 132.3172332751578, "params": {"h": 16.0, "p": 224.0, "r": 35.0}, "datetime": {"datetime": "2024-05-08 12:36:22", "elapsed": 3041.563421, "delta": 18.688526}}
{"target": 111.01693247426057, "params": {"h": 31.0, "p": 317.0, "r": 45.0}, "datetime": {"datetime": "2024-05-08 12:36:44", "elapsed": 3063.486507, "delta": 21.923086}}
{"target": 80.55354255443753, "params": {"h": 36.0, "p": 280.0, "r": 49.0}, "datetime": {"datetime": "2024-05-08 12:37:04", "elapsed": 3083.362607, "delta": 19.8761}}
{"target": 147.8694187531709, "params": {"h": 25.0, "p": 310.0, "r": 43.0}, "datetime": {"datetime": "2024-05-08 12:37:24", "elapsed": 3103.457476, "delta": 20.094869}}
{"target": 138.56488931182483, "params": {"h": 27.0, "p": 313.0, "r": 46.0}, "datetime": {"datetime": "2024-05-08 12:37:46", "elapsed": 3124.724286, "delta": 21.26681}}
{"target": 80.36811009271814, "params": {"h": 27.0, "p": 306.0, "r": 42.0}, "datetime": {"datetime": "2024-05-08 12:38:07", "elapsed": 3145.787965, "delta": 21.063679}}
{"target": 87.93435800167494, "params": {"h": 35.0, "p": 296.0, "r": 54.0}, "datetime": {"datetime": "2024-05-08 12:38:25", "elapsed": 3164.664021, "delta": 18.876056}}
{"target": 70.64537652296569, "params": {"h": 32.0, "p": 308.0, "r": 44.0}, "datetime": {"datetime": "2024-05-08 12:38:46", "elapsed": 3185.165175, "delta": 20.501154}}
{"target": 95.605999152314, "params": {"h": 30.0, "p": 313.0, "r": 44.0}, "datetime": {"datetime": "2024-05-08 12:39:07", "elapsed": 3206.61951, "delta": 21.454335}}
{"target": 68.74846123851371, "params": {"h": 25.0, "p": 311.0, "r": 40.0}, "datetime": {"datetime": "2024-05-08 12:39:28", "elapsed": 3226.808147, "delta": 20.188637}}
{"target": 138.8083773482477, "params": {"h": 30.0, "p": 320.0, "r": 46.0}, "datetime": {"datetime": "2024-05-08 12:39:50", "elapsed": 3248.825017, "delta": 22.01687}}
{"target": 146.34748133207674, "params": {"h": 26.0, "p": 311.0, "r": 45.0}, "datetime": {"datetime": "2024-05-08 12:40:10", "elapsed": 3269.16992, "delta": 20.344903}}
{"target": 155.27542311209262, "params": {"h": 15.0, "p": 220.0, "r": 36.0}, "datetime": {"datetime": "2024-05-08 12:40:27", "elapsed": 3286.670914, "delta": 17.500994}}
{"target": 92.39035747023063, "params": {"h": 25.0, "p": 314.0, "r": 47.0}, "datetime": {"datetime": "2024-05-08 12:40:47", "elapsed": 3305.937635, "delta": 19.266721}}
{"target": 145.90270143110777, "params": {"h": 26.0, "p": 309.0, "r": 44.0}, "datetime": {"datetime": "2024-05-08 12:41:08", "elapsed": 3327.516988, "delta": 21.579353}}
{"target": 37.88824841619932, "params": {"h": 20.0, "p": 305.0, "r": 47.0}, "datetime": {"datetime": "2024-05-08 12:41:27", "elapsed": 3346.096168, "delta": 18.57918}}
{"target": 82.73181428586591, "params": {"h": 24.0, "p": 323.0, "r": 46.0}, "datetime": {"datetime": "2024-05-08 12:41:47", "elapsed": 3365.94105, "delta": 19.844882}}
{"target": 109.85225204741185, "params": {"h": 20.0, "p": 208.0, "r": 43.0}, "datetime": {"datetime": "2024-05-08 12:42:03", "elapsed": 3382.254481, "delta": 16.313431}}
{"target": 39.925451065939676, "params": {"h": 15.0, "p": 198.0, "r": 46.0}, "datetime": {"datetime": "2024-05-08 12:42:18", "elapsed": 3396.880317, "delta": 14.625836}}
{"target": 87.03391106916223, "params": {"h": 41.0, "p": 291.0, "r": 55.0}, "datetime": {"datetime": "2024-05-08 12:42:37", "elapsed": 3416.147043, "delta": 19.266726}}
{"target": 51.92863936668653, "params": {"h": 26.0, "p": 200.0, "r": 42.0}, "datetime": {"datetime": "2024-05-08 12:42:53", "elapsed": 3432.694864, "delta": 16.547821}}
{"target": 80.48666203633556, "params": {"h": 21.0, "p": 208.0, "r": 48.0}, "datetime": {"datetime": "2024-05-08 12:43:09", "elapsed": 3448.617651, "delta": 15.922787}}
{"target": 122.6105428637512, "params": {"h": 18.0, "p": 211.0, "r": 41.0}, "datetime": {"datetime": "2024-05-08 12:43:26", "elapsed": 3465.665503, "delta": 17.047852}}
{"target": 117.27794878077752, "params": {"h": 18.0, "p": 207.0, "r": 38.0}, "datetime": {"datetime": "2024-05-08 12:43:44", "elapsed": 3482.947744, "delta": 17.282241}}
{"target": 83.12088007990852, "params": {"h": 22.0, "p": 212.0, "r": 41.0}, "datetime": {"datetime": "2024-05-08 12:44:01", "elapsed": 3500.073725, "delta": 17.125981}}
{"target": 50.06999704999328, "params": {"h": 17.0, "p": 199.0, "r": 33.0}, "datetime": {"datetime": "2024-05-08 12:44:19", "elapsed": 3518.043508, "delta": 17.969783}}
{"target": 13.363474166837461, "params": {"h": 23.0, "p": 337.0, "r": 56.0}, "datetime": {"datetime": "2024-05-08 12:44:36", "elapsed": 3535.66952, "delta": 17.626012}}
{"target": 83.23811452350691, "params": {"h": 17.0, "p": 207.0, "r": 43.0}, "datetime": {"datetime": "2024-05-08 12:44:52", "elapsed": 3551.217286, "delta": 15.547766}}
{"target": 44.63225969834827, "params": {"h": 31.0, "p": 289.0, "r": 60.0}, "datetime": {"datetime": "2024-05-08 12:45:09", "elapsed": 3567.718234, "delta": 16.500948}}
{"target": 47.43880150098553, "params": {"h": 35.0, "p": 228.0, "r": 47.0}, "datetime": {"datetime": "2024-05-08 12:45:27", "elapsed": 3585.797399, "delta": 18.079165}}
{"target": 46.094872039206074, "params": {"h": 28.0, "p": 208.0, "r": 61.0}, "datetime": {"datetime": "2024-05-08 12:45:41", "elapsed": 3600.079471, "delta": 14.282072}}
{"target": 95.53336839813676, "params": {"h": 39.0, "p": 324.0, "r": 47.0}, "datetime": {"datetime": "2024-05-08 12:46:03", "elapsed": 3621.736965, "delta": 21.657494}}
{"target": 51.308109223752666, "params": {"h": 46.0, "p": 309.0, "r": 63.0}, "datetime": {"datetime": "2024-05-08 12:46:22", "elapsed": 3640.769311, "delta": 19.032346}}
{"target": 0.725562755183303, "params": {"h": 16.0, "p": 852.0, "r": 65.0}, "datetime": {"datetime": "2024-05-08 12:47:03", "elapsed": 3681.927932, "delta": 41.158621}}
{"target": 18.74223880844692, "params": {"h": 23.0, "p": 205.0, "r": 34.0}, "datetime": {"datetime": "2024-05-08 12:47:22", "elapsed": 3701.569689, "delta": 19.641757}}
{"target": 0.0, "params": {"h": 60.0, "p": 113.0, "r": 94.0}, "datetime": {"datetime": "2024-05-08 12:47:23", "elapsed": 3702.194724, "delta": 0.625035}}
{"target": 2.4341091288597676, "params": {"h": 24.0, "p": 585.0, "r": 70.0}, "datetime": {"datetime": "2024-05-08 12:47:48", "elapsed": 3727.649316, "delta": 25.454592}}
{"target": 3.436823878199905, "params": {"h": 16.0, "p": 422.0, "r": 117.0}, "datetime": {"datetime": "2024-05-08 12:48:13", "elapsed": 3752.635131, "delta": 24.985815}}
{"target": 0.24080238783128521, "params": {"h": 57.0, "p": 386.0, "r": 19.0}, "datetime": {"datetime": "2024-05-08 12:49:03", "elapsed": 3802.372376, "delta": 49.737245}}
{"target": 30.491949598086205, "params": {"h": 44.0, "p": 277.0, "r": 45.0}, "datetime": {"datetime": "2024-05-08 12:49:23", "elapsed": 3822.373528, "delta": 20.001152}}
{"target": 132.0347366004355, "params": {"h": 23.0, "p": 310.0, "r": 44.0}, "datetime": {"datetime": "2024-05-08 12:49:43", "elapsed": 3842.359056, "delta": 19.985528}}
{"target": 0.0, "params": {"h": 17.0, "p": 248.0, "r": 127.0}, "datetime": {"datetime": "2024-05-08 12:49:44", "elapsed": 3842.905963, "delta": 0.546907}}
{"target": 4.835118222609829, "params": {"h": 60.0, "p": 433.0, "r": 79.0}, "datetime": {"datetime": "2024-05-08 12:50:04", "elapsed": 3863.657161, "delta": 20.751198}}
{"target": 103.66298502376202, "params": {"h": 51.0, "p": 330.0, "r": 53.0}, "datetime": {"datetime": "2024-05-08 12:50:26", "elapsed": 3885.533424, "delta": 21.876263}}
{"target": 111.80419866493108, "params": {"h": 46.0, "p": 330.0, "r": 51.0}, "datetime": {"datetime": "2024-05-08 12:50:49", "elapsed": 3908.300363, "delta": 22.766939}}
{"target": 81.79372052758572, "params": {"h": 51.0, "p": 335.0, "r": 48.0}, "datetime": {"datetime": "2024-05-08 12:51:13", "elapsed": 3932.692389, "delta": 24.392026}}
{"target": 82.40172691033324, "params": {"h": 58.0, "p": 330.0, "r": 57.0}, "datetime": {"datetime": "2024-05-08 12:51:35", "elapsed": 3954.678017, "delta": 21.985628}}
{"target": 68.69718454763479, "params": {"h": 48.0, "p": 330.0, "r": 57.0}, "datetime": {"datetime": "2024-05-08 12:51:57", "elapsed": 3976.054234, "delta": 21.376217}}
{"target": 105.187243536217, "params": {"h": 44.0, "p": 324.0, "r": 50.0}, "datetime": {"datetime": "2024-05-08 12:52:19", "elapsed": 3998.21175, "delta": 22.157516}}
{"target": 118.6846058361659, "params": {"h": 20.0, "p": 222.0, "r": 43.0}, "datetime": {"datetime": "2024-05-08 12:52:35", "elapsed": 4014.134536, "delta": 15.922786}}
{"target": 93.10281627508539, "params": {"h": 52.0, "p": 325.0, "r": 55.0}, "datetime": {"datetime": "2024-05-08 12:52:56", "elapsed": 4035.04198, "delta": 20.907444}}
{"target": 72.5305486466358, "params": {"h": 59.0, "p": 326.0, "r": 50.0}, "datetime": {"datetime": "2024-05-08 12:53:21", "elapsed": 4059.934028, "delta": 24.892048}}
{"target": 95.60414453997436, "params": {"h": 45.0, "p": 341.0, "r": 52.0}, "datetime": {"datetime": "2024-05-08 12:53:44", "elapsed": 4083.091608, "delta": 23.15758}}
{"target": 90.064276176964, "params": {"h": 49.0, "p": 325.0, "r": 50.0}, "datetime": {"datetime": "2024-05-08 12:54:06", "elapsed": 4105.702278, "delta": 22.61067}}
{"target": 121.58284498987253, "params": {"h": 50.0, "p": 347.0, "r": 49.0}, "datetime": {"datetime": "2024-05-08 12:54:31", "elapsed": 4129.797412, "delta": 24.095134}}
{"target": 103.86084297828845, "params": {"h": 54.0, "p": 344.0, "r": 52.0}, "datetime": {"datetime": "2024-05-08 12:54:54", "elapsed": 4152.986241, "delta": 23.188829}}
{"target": 98.3760569302937, "params": {"h": 50.0, "p": 351.0, "r": 47.0}, "datetime": {"datetime": "2024-05-08 12:55:19", "elapsed": 4177.86267, "delta": 24.876429}}
{"target": 91.36958253673065, "params": {"h": 51.0, "p": 343.0, "r": 47.0}, "datetime": {"datetime": "2024-05-08 12:55:46", "elapsed": 4204.926726, "delta": 27.064056}}
{"target": 44.1419177468873, "params": {"h": 44.0, "p": 348.0, "r": 54.0}, "datetime": {"datetime": "2024-05-08 12:56:07", "elapsed": 4225.91231, "delta": 20.985584}}
{"target": 74.86614493200985, "params": {"h": 56.0, "p": 348.0, "r": 53.0}, "datetime": {"datetime": "2024-05-08 12:56:31", "elapsed": 4250.36684, "delta": 24.45453}}
{"target": 42.04745091309411, "params": {"h": 47.0, "p": 346.0, "r": 43.0}, "datetime": {"datetime": "2024-05-08 12:56:57", "elapsed": 4276.274582, "delta": 25.907742}}
{"target": 87.94469610228035, "params": {"h": 43.0, "p": 335.0, "r": 53.0}, "datetime": {"datetime": "2024-05-08 12:57:19", "elapsed": 4298.322728, "delta": 22.048146}}
{"target": 54.204701412267895, "params": {"h": 50.0, "p": 344.0, "r": 56.0}, "datetime": {"datetime": "2024-05-08 12:57:41", "elapsed": 4319.917721, "delta": 21.594993}}
{"target": 84.47793778896106, "params": {"h": 56.0, "p": 345.0, "r": 47.0}, "datetime": {"datetime": "2024-05-08 12:58:05", "elapsed": 4344.419133, "delta": 24.501412}}
{"target": 103.73002109272156, "params": {"h": 55.0, "p": 338.0, "r": 53.0}, "datetime": {"datetime": "2024-05-08 12:58:30", "elapsed": 4368.826789, "delta": 24.407656}}
{"target": 29.203047699930128, "params": {"h": 57.0, "p": 360.0, "r": 45.0}, "datetime": {"datetime": "2024-05-08 12:58:56", "elapsed": 4395.562705, "delta": 26.735916}}
{"target": 2.1943699473559475, "params": {"h": 59.0, "p": 889.0, "r": 60.0}, "datetime": {"datetime": "2024-05-08 12:59:50", "elapsed": 4449.112671, "delta": 53.549966}}
{"target": 0.0, "params": {"h": 58.0, "p": 146.0, "r": 148.0}, "datetime": {"datetime": "2024-05-08 12:59:51", "elapsed": 4449.847088, "delta": 0.734417}}
{"target": 72.81095902326605, "params": {"h": 60.0, "p": 334.0, "r": 49.0}, "datetime": {"datetime": "2024-05-08 13:00:15", "elapsed": 4474.567265, "delta": 24.720177}}
{"target": 0.9519893327280333, "params": {"h": 16.0, "p": 823.0, "r": 119.0}, "datetime": {"datetime": "2024-05-08 13:01:05", "elapsed": 4523.757603, "delta": 49.190338}}
{"target": 41.67821057142203, "params": {"h": 47.0, "p": 328.0, "r": 45.0}, "datetime": {"datetime": "2024-05-08 13:01:28", "elapsed": 4547.11833, "delta": 23.360727}}
{"target": 0.02435686552358562, "params": {"h": 58.0, "p": 990.0, "r": 17.0}, "datetime": {"datetime": "2024-05-08 13:03:08", "elapsed": 4647.155352, "delta": 100.037022}}
{"target": 1.2953369616674646, "params": {"h": 16.0, "p": 679.0, "r": 92.0}, "datetime": {"datetime": "2024-05-08 13:03:42", "elapsed": 4681.047932, "delta": 33.89258}}
{"target": 28.70422406370401, "params": {"h": 58.0, "p": 330.0, "r": 72.0}, "datetime": {"datetime": "2024-05-08 13:04:01", "elapsed": 4699.955273, "delta": 18.907341}}
{"target": 54.427209968800874, "params": {"h": 59.0, "p": 337.0, "r": 60.0}, "datetime": {"datetime": "2024-05-08 13:04:23", "elapsed": 4722.675334, "delta": 22.720061}}
{"target": 12.300426156751044, "params": {"h": 16.0, "p": 346.0, "r": 143.0}, "datetime": {"datetime": "2024-05-08 13:04:48", "elapsed": 4746.926733, "delta": 24.251399}}
{"target": 2.0681917113975916, "params": {"h": 15.0, "p": 757.0, "r": 142.0}, "datetime": {"datetime": "2024-05-08 13:05:43", "elapsed": 4802.304931, "delta": 55.378198}}
{"target": 0.1495421185383792, "params": {"h": 60.0, "p": 580.0, "r": 21.0}, "datetime": {"datetime": "2024-05-08 13:06:45", "elapsed": 4864.558525, "delta": 62.253594}}
{"target": 2.4625443853035915, "params": {"h": 17.0, "p": 514.0, "r": 112.0}, "datetime": {"datetime": "2024-05-08 13:07:12", "elapsed": 4890.997551, "delta": 26.439026}}
{"target": 4.391266831651797, "params": {"h": 58.0, "p": 745.0, "r": 48.0}, "datetime": {"datetime": "2024-05-08 13:07:56", "elapsed": 4935.562624, "delta": 44.565073}}
{"target": 0.5828646934690572, "params": {"h": 15.0, "p": 920.0, "r": 70.0}, "datetime": {"datetime": "2024-05-08 13:08:45", "elapsed": 4983.815343, "delta": 48.252719}}
{"target": 75.46388849243206, "params": {"h": 48.0, "p": 301.0, "r": 51.0}, "datetime": {"datetime": "2024-05-08 13:09:07", "elapsed": 5006.441609, "delta": 22.626266}}
{"target": 0.04911267352194136, "params": {"h": 17.0, "p": 882.0, "r": 18.0}, "datetime": {"datetime": "2024-05-08 13:10:05", "elapsed": 5063.835464, "delta": 57.393855}}
{"target": 0.6834941859076636, "params": {"h": 59.0, "p": 167.0, "r": 16.0}, "datetime": {"datetime": "2024-05-08 13:10:54", "elapsed": 5113.603904, "delta": 49.76844}}
{"target": 15.276486002572119, "params": {"h": 58.0, "p": 524.0, "r": 149.0}, "datetime": {"datetime": "2024-05-08 13:11:13", "elapsed": 5132.401843, "delta": 18.797939}}
{"target": 1.1698994089485155, "params": {"h": 59.0, "p": 845.0, "r": 100.0}, "datetime": {"datetime": "2024-05-08 13:11:56", "elapsed": 5175.326156, "delta": 42.924313}}
{"target": 150.50763305369486, "params": {"h": 25.0, "p": 311.0, "r": 43.0}, "datetime": {"datetime": "2024-05-08 13:12:17", "elapsed": 5196.514862, "delta": 21.188706}}
{"target": 1.8022955237972167, "params": {"h": 16.0, "p": 613.0, "r": 114.0}, "datetime": {"datetime": "2024-05-08 13:12:48", "elapsed": 5226.704083, "delta": 30.189221}}
{"target": 2.275995688663305, "params": {"h": 56.0, "p": 674.0, "r": 130.0}, "datetime": {"datetime": "2024-05-08 13:13:14", "elapsed": 5252.97121, "delta": 26.267127}}
{"target": 0.16313762740515267, "params": {"h": 59.0, "p": 648.0, "r": 23.0}, "datetime": {"datetime": "2024-05-08 13:14:10", "elapsed": 5309.365062, "delta": 56.393852}}
{"target": 0.10477414809431852, "params": {"h": 15.0, "p": 425.0, "r": 15.0}, "datetime": {"datetime": "2024-05-08 13:14:43", "elapsed": 5342.351328, "delta": 32.986266}}
{"target": 5.060478657288736, "params": {"h": 50.0, "p": 379.0, "r": 98.0}, "datetime": {"datetime": "2024-05-08 13:15:00", "elapsed": 5359.321049, "delta": 16.969721}}
{"target": 0.08248765351548602, "params": {"h": 59.0, "p": 789.0, "r": 21.0}, "datetime": {"datetime": "2024-05-08 13:16:10", "elapsed": 5429.700094, "delta": 70.379045}}
{"target": 2.429882083176439, "params": {"h": 60.0, "p": 575.0, "r": 108.0}, "datetime": {"datetime": "2024-05-08 13:16:35", "elapsed": 5453.904608, "delta": 24.204514}}
{"target": 0.571941644582274, "params": {"h": 15.0, "p": 968.0, "r": 95.0}, "datetime": {"datetime": "2024-05-08 13:17:30", "elapsed": 5509.485929, "delta": 55.581321}}
{"target": 155.29015025891928, "params": {"h": 16.0, "p": 222.0, "r": 37.0}, "datetime": {"datetime": "2024-05-08 13:17:48", "elapsed": 5526.768176, "delta": 17.282247}}
{"target": 1.331164972265999, "params": {"h": 56.0, "p": 917.0, "r": 150.0}, "datetime": {"datetime": "2024-05-08 13:18:32", "elapsed": 5571.614509, "delta": 44.846333}}
{"target": 1.5393893773900653, "params": {"h": 60.0, "p": 853.0, "r": 149.0}, "datetime": {"datetime": "2024-05-08 13:19:10", "elapsed": 5608.96041, "delta": 37.345901}}
{"target": 0.0, "params": {"h": 16.0, "p": 124.0, "r": 71.0}, "datetime": {"datetime": "2024-05-08 13:19:11", "elapsed": 5609.819835, "delta": 0.859425}}
{"target": 0.0, "params": {"h": 17.0, "p": 170.0, "r": 145.0}, "datetime": {"datetime": "2024-05-08 13:19:11", "elapsed": 5610.538627, "delta": 0.718792}}
{"target": 1.0497163992787382, "params": {"h": 58.0, "p": 1000.0, "r": 80.0}, "datetime": {"datetime": "2024-05-08 13:20:12", "elapsed": 5671.213999, "delta": 60.675372}}
{"target": 42.57504158648253, "params": {"h": 43.0, "p": 255.0, "r": 69.0}, "datetime": {"datetime": "2024-05-08 13:20:28", "elapsed": 5687.183671, "delta": 15.969672}}
{"target": 0.0, "params": {"h": 60.0, "p": 159.0, "r": 66.0}, "datetime": {"datetime": "2024-05-08 13:20:29", "elapsed": 5687.933714, "delta": 0.750043}}
{"target": 0.9967734635949655, "params": {"h": 16.0, "p": 733.0, "r": 75.0}, "datetime": {"datetime": "2024-05-08 13:21:02", "elapsed": 5721.013749, "delta": 33.080035}}
{"target": 22.235275790328895, "params": {"h": 60.0, "p": 332.0, "r": 129.0}, "datetime": {"datetime": "2024-05-08 13:21:15", "elapsed": 5734.327017, "delta": 13.313268}}
{"target": 1.7766172571007937, "params": {"h": 16.0, "p": 813.0, "r": 29.0}, "datetime": {"datetime": "2024-05-08 13:21:59", "elapsed": 5778.313929, "delta": 43.986912}}
{"target": 89.6108190695021, "params": {"h": 58.0, "p": 319.0, "r": 55.0}, "datetime": {"datetime": "2024-05-08 13:22:23", "elapsed": 5802.4872, "delta": 24.173271}}
{"target": 1.9310883878842795, "params": {"h": 16.0, "p": 643.0, "r": 54.0}, "datetime": {"datetime": "2024-05-08 13:22:53", "elapsed": 5831.723264, "delta": 29.236064}}
{"target": 7.074310649553451, "params": {"h": 57.0, "p": 502.0, "r": 45.0}, "datetime": {"datetime": "2024-05-08 13:23:25", "elapsed": 5864.193887, "delta": 32.470623}}
{"target": 147.52247644877176, "params": {"h": 26.0, "p": 312.0, "r": 44.0}, "datetime": {"datetime": "2024-05-08 13:23:47", "elapsed": 5886.648308, "delta": 22.454421}}
{"target": 0.07195924572598442, "params": {"h": 18.0, "p": 479.0, "r": 15.0}, "datetime": {"datetime": "2024-05-08 13:24:25", "elapsed": 5924.494242, "delta": 37.845934}}
{"target": 2.7336629028013966, "params": {"h": 15.0, "p": 647.0, "r": 143.0}, "datetime": {"datetime": "2024-05-08 13:25:14", "elapsed": 5972.965793, "delta": 48.471551}}
{"target": 0.0, "params": {"h": 60.0, "p": 187.0, "r": 107.0}, "datetime": {"datetime": "2024-05-08 13:25:15", "elapsed": 5974.012727, "delta": 1.046934}}
