{"target": 0.978254118671014, "params": {"h": 26.0, "p": 886.0, "r": 122.0}, "datetime": {"datetime": "2024-05-08 11:45:41", "elapsed": 0.0, "delta": 0.0}}
{"target": 10.782344652298326, "params": {"h": 46.0, "p": 117.0, "r": 30.0}, "datetime": {"datetime": "2024-05-08 11:46:02", "elapsed": 21.631786, "delta": 21.631786}}
{"target": 0.05594334002226281, "params": {"h": 35.0, "p": 934.0, "r": 21.0}, "datetime": {"datetime": "2024-05-08 11:47:17", "elapsed": 96.377903, "delta": 74.746117}}
{"target": 0.0, "params": {"h": 51.0, "p": 207.0, "r": 150.0}, "datetime": {"datetime": "2024-05-08 11:47:17", "elapsed": 96.378904, "delta": 0.001001}}
{"target": 2.432619854450737, "params": {"h": 56.0, "p": 637.0, "r": 86.0}, "datetime": {"datetime": "2024-05-08 11:47:47", "elapsed": 126.477764, "delta": 30.09886}}
{"target": 6.349105676605663, "params": {"h": 50.0, "p": 472.0, "r": 129.0}, "datetime": {"datetime": "2024-05-08 11:48:04", "elapsed": 143.056721, "delta": 16.578957}}
{"target": 1.3434948608381678, "params": {"h": 32.0, "p": 782.0, "r": 82.0}, "datetime": {"datetime": "2024-05-08 11:48:40", "elapsed": 179.1057, "delta": 36.048979}}
{"target": 11.560509187030775, "params": {"h": 23.0, "p": 310.0, "r": 101.0}, "datetime": {"datetime": "2024-05-08 11:48:53", "elapsed": 192.450228, "delta": 13.344528}}
{"target": 4.060072671644995, "params": {"h": 39.0, "p": 695.0, "r": 42.0}, "datetime": {"datetime": "2024-05-08 11:49:31", "elapsed": 230.249305, "delta": 37.799077}}
{"target": 2.831428083203174, "params": {"h": 15.0, "p": 398.0, "r": 60.0}, "datetime": {"datetime": "2024-05-08 11:49:50", "elapsed": 248.90664, "delta": 18.657335}}
{"target": 12.398541656250794, "params": {"h": 25.0, "p": 309.0, "r": 100.0}, "datetime": {"datetime": "2024-05-08 11:50:03", "elapsed": 261.969899, "delta": 13.063259}}
{"target": 15.090038853171585, "params": {"h": 31.0, "p": 306.0, "r": 97.0}, "datetime": {"datetime": "2024-05-08 11:50:16", "elapsed": 275.189419, "delta": 13.21952}}
{"target": 20.13759352183576, "params": {"h": 41.0, "p": 301.0, "r": 92.0}, "datetime": {"datetime": "2024-05-08 11:50:30", "elapsed": 289.018348, "delta": 13.828929}}
{"target": 27.631154311530885, "params": {"h": 53.0, "p": 295.0, "r": 86.0}, "datetime": {"datetime": "2024-05-08 11:50:45", "elapsed": 304.488, "delta": 15.469652}}
{"target": 38.27404228758489, "params": {"h": 60.0, "p": 288.0, "r": 77.0}, "datetime": {"datetime": "2024-05-08 11:51:01", "elapsed": 320.238913, "delta": 15.750913}}
{"target": 58.49015769567041, "params": {"h": 60.0, "p": 279.0, "r": 63.0}, "datetime": {"datetime": "2024-05-08 11:51:20", "elapsed": 339.271272, "delta": 19.032359}}
{"target": 34.13465932115406, "params": {"h": 59.0, "p": 271.0, "r": 49.0}, "datetime": {"datetime": "2024-05-08 11:51:42", "elapsed": 360.975656, "delta": 21.704384}}
{"target": 50.2759027146714, "params": {"h": 58.0, "p": 274.0, "r": 67.0}, "datetime": {"datetime": "2024-05-08 11:52:00", "elapsed": 378.961078, "delta": 17.985422}}
{"target": 64.66818138858049, "params": {"h": 60.0, "p": 285.0, "r": 60.0}, "datetime": {"datetime": "2024-05-08 11:52:19", "elapsed": 397.759041, "delta": 18.797963}}
{"target": 67.41192193700175, "params": {"h": 60.0, "p": 293.0, "r": 55.0}, "datetime": {"datetime": "2024-05-08 11:52:40", "elapsed": 419.416547, "delta": 21.657506}}
{"target": 78.84968258665748, "params": {"h": 50.0, "p": 294.0, "r": 55.0}, "datetime": {"datetime": "2024-05-08 11:53:00", "elapsed": 439.351526, "delta": 19.934979}}
{"target": 93.8553875673079, "params": {"h": 40.0, "p": 299.0, "r": 51.0}, "datetime": {"datetime": "2024-05-08 11:53:20", "elapsed": 459.649577, "delta": 20.298051}}
{"target": 93.29136394722471, "params": {"h": 31.0, "p": 304.0, "r": 45.0}, "datetime": {"datetime": "2024-05-08 11:53:41", "elapsed": 480.541416, "delta": 20.891839}}
{"target": 101.928341343595, "params": {"h": 35.0, "p": 307.0, "r": 52.0}, "datetime": {"datetime": "2024-05-08 11:54:00", "elapsed": 499.62065, "delta": 19.079234}}
{"target": 108.25372318818343, "params": {"h": 39.0, "p": 318.0, "r": 49.0}, "datetime": {"datetime": "2024-05-08 11:54:21", "elapsed": 520.481233, "delta": 20.860583}}
{"target": 19.25807572954928, "params": {"h": 39.0, "p": 334.0, "r": 40.0}, "datetime": {"datetime": "2024-05-08 11:54:45", "elapsed": 544.310737, "delta": 23.829504}}
{"target": 105.36970260264833, "params": {"h": 41.0, "p": 315.0, "r": 50.0}, "datetime": {"datetime": "2024-05-08 11:55:06", "elapsed": 565.155695, "delta": 20.844958}}
{"target": 98.9480161340929, "params": {"h": 33.0, "p": 318.0, "r": 51.0}, "datetime": {"datetime": "2024-05-08 11:55:26", "elapsed": 585.125602, "delta": 19.969907}}
{"target": 57.014925326032134, "params": {"h": 38.0, "p": 314.0, "r": 45.0}, "datetime": {"datetime": "2024-05-08 11:55:49", "elapsed": 607.79879, "delta": 22.673188}}
{"target": 44.65736044848653, "params": {"h": 37.0, "p": 324.0, "r": 58.0}, "datetime": {"datetime": "2024-05-08 11:56:07", "elapsed": 626.03422, "delta": 18.23543}}
{"target": 90.97312651191348, "params": {"h": 39.0, "p": 312.0, "r": 54.0}, "datetime": {"datetime": "2024-05-08 11:56:26", "elapsed": 645.254083, "delta": 19.219863}}
{"target": 88.82132843650244, "params": {"h": 31.0, "p": 302.0, "r": 52.0}, "datetime": {"datetime": "2024-05-08 11:56:45", "elapsed": 664.317689, "delta": 19.063606}}
{"target": 109.04666129230505, "params": {"h": 41.0, "p": 318.0, "r": 51.0}, "datetime": {"datetime": "2024-05-08 11:57:06", "elapsed": 685.178271, "delta": 20.860582}}
{"target": 85.80801391633813, "params": {"h": 50.0, "p": 309.0, "r": 53.0}, "datetime": {"datetime": "2024-05-08 11:57:28", "elapsed": 707.210798, "delta": 22.032527}}
{"target": 55.91551044745937, "params": {"h": 26.0, "p": 310.0, "r": 51.0}, "datetime": {"datetime": "2024-05-08 11:57:47", "elapsed": 726.555667, "delta": 19.344869}}
{"target": 50.18596336548476, "params": {"h": 34.0, "p": 293.0, "r": 44.0}, "datetime": {"datetime": "2024-05-08 11:58:08", "elapsed": 747.150611, "delta": 20.594944}}
{"target": 73.0502581075173, "params": {"h": 49.0, "p": 319.0, "r": 49.0}, "datetime": {"datetime": "2024-05-08 11:58:31", "elapsed": 769.948806, "delta": 22.798195}}
{"target": 82.42322486462942, "params": {"h": 41.0, "p": 305.0, "r": 49.0}, "datetime": {"datetime": "2024-05-08 11:58:51", "elapsed": 790.668757, "delta": 20.719951}}
{"target": 72.74567608063143, "params": {"h": 42.0, "p": 301.0, "r": 58.0}, "datetime": {"datetime": "2024-05-08 11:59:11", "elapsed": 809.747986, "delta": 19.079229}}
{"target": 57.48051616200245, "params": {"h": 59.0, "p": 314.0, "r": 64.0}, "datetime": {"datetime": "2024-05-08 11:59:31", "elapsed": 830.624197, "delta": 20.876211}}
{"target": 17.882717088121204, "params": {"h": 60.0, "p": 308.0, "r": 43.0}, "datetime": {"datetime": "2024-05-08 11:59:58", "elapsed": 857.516401, "delta": 26.892204}}
{"target": 25.98861794071594, "params": {"h": 20.0, "p": 302.0, "r": 34.0}, "datetime": {"datetime": "2024-05-08 12:00:20", "elapsed": 878.814623, "delta": 21.298222}}
{"target": 76.11083373649177, "params": {"h": 45.0, "p": 282.0, "r": 56.0}, "datetime": {"datetime": "2024-05-08 12:00:40", "elapsed": 898.878382, "delta": 20.063759}}
{"target": 112.04654395094195, "params": {"h": 37.0, "p": 318.0, "r": 51.0}, "datetime": {"datetime": "2024-05-08 12:01:00", "elapsed": 919.489046, "delta": 20.610664}}
{"target": 40.70434785114574, "params": {"h": 33.0, "p": 276.0, "r": 65.0}, "datetime": {"datetime": "2024-05-08 12:01:16", "elapsed": 935.380658, "delta": 15.891612}}
{"target": 0.05213177241089419, "params": {"h": 24.0, "p": 528.0, "r": 15.0}, "datetime": {"datetime": "2024-05-08 12:02:03", "elapsed": 981.821022, "delta": 46.440364}}
{"target": 0.921407165192838, "params": {"h": 50.0, "p": 999.0, "r": 129.0}, "datetime": {"datetime": "2024-05-08 12:03:02", "elapsed": 1040.871495, "delta": 59.050473}}
{"target": 0.0, "params": {"h": 19.0, "p": 103.0, "r": 142.0}, "datetime": {"datetime": "2024-05-08 12:03:02", "elapsed": 1041.309021, "delta": 0.437526}}
{"target": 3.0233927104468377, "params": {"h": 21.0, "p": 564.0, "r": 144.0}, "datetime": {"datetime": "2024-05-08 12:03:30", "elapsed": 1069.045074, "delta": 27.736053}}
{"target": 3.177322085272868, "params": {"h": 15.0, "p": 702.0, "r": 149.0}, "datetime": {"datetime": "2024-05-08 12:04:22", "elapsed": 1120.829436, "delta": 51.784362}}
{"target": 17.881242679598145, "params": {"h": 56.0, "p": 384.0, "r": 149.0}, "datetime": {"datetime": "2024-05-08 12:04:35", "elapsed": 1134.564672, "delta": 13.735236}}
{"target": 0.027640765090702485, "params": {"h": 57.0, "p": 842.0, "r": 16.0}, "datetime": {"datetime": "2024-05-08 12:06:00", "elapsed": 1219.14779, "delta": 84.583118}}
{"target": 0.5050718828123849, "params": {"h": 18.0, "p": 202.0, "r": 16.0}, "datetime": {"datetime": "2024-05-08 12:06:28", "elapsed": 1246.930681, "delta": 27.782891}}
{"target": 0.4058292383184974, "params": {"h": 60.0, "p": 457.0, "r": 24.0}, "datetime": {"datetime": "2024-05-08 12:07:14", "elapsed": 1293.183413, "delta": 46.252732}}
{"target": 0.04122313420116886, "params": {"h": 20.0, "p": 617.0, "r": 15.0}, "datetime": {"datetime": "2024-05-08 12:08:01", "elapsed": 1339.826779, "delta": 46.643366}}
{"target": 1.8272305132020454, "params": {"h": 60.0, "p": 799.0, "r": 149.0}, "datetime": {"datetime": "2024-05-08 12:08:37", "elapsed": 1375.844516, "delta": 36.017737}}
{"target": 0.0, "params": {"h": 17.0, "p": 174.0, "r": 88.0}, "datetime": {"datetime": "2024-05-08 12:08:37", "elapsed": 1376.266416, "delta": 0.4219}}
{"target": 0.833043130884652, "params": {"h": 17.0, "p": 998.0, "r": 54.0}, "datetime": {"datetime": "2024-05-08 12:09:36", "elapsed": 1435.519883, "delta": 59.253467}}
{"target": 29.563832925811067, "params": {"h": 52.0, "p": 290.0, "r": 46.0}, "datetime": {"datetime": "2024-05-08 12:09:59", "elapsed": 1458.5056, "delta": 22.985717}}
{"target": 3.0180220902127184, "params": {"h": 57.0, "p": 534.0, "r": 80.0}, "datetime": {"datetime": "2024-05-08 12:10:23", "elapsed": 1482.522628, "delta": 24.017028}}
{"target": 59.64064723019423, "params": {"h": 49.0, "p": 286.0, "r": 63.0}, "datetime": {"datetime": "2024-05-08 12:10:41", "elapsed": 1500.039275, "delta": 17.516647}}
{"target": 71.42645792881939, "params": {"h": 53.0, "p": 303.0, "r": 60.0}, "datetime": {"datetime": "2024-05-08 12:11:01", "elapsed": 1520.665479, "delta": 20.626204}}
{"target": 107.24747315973455, "params": {"h": 35.0, "p": 302.0, "r": 49.0}, "datetime": {"datetime": "2024-05-08 12:11:23", "elapsed": 1542.135479, "delta": 21.47}}
{"target": 0.05832069930447222, "params": {"h": 15.0, "p": 759.0, "r": 17.0}, "datetime": {"datetime": "2024-05-08 12:12:15", "elapsed": 1594.669787, "delta": 52.534308}}
{"target": 0.0, "params": {"h": 60.0, "p": 281.0, "r": 150.0}, "datetime": {"datetime": "2024-05-08 12:12:16", "elapsed": 1595.216694, "delta": 0.546907}}
{"target": 1.0178372299770928, "params": {"h": 59.0, "p": 943.0, "r": 93.0}, "datetime": {"datetime": "2024-05-08 12:13:08", "elapsed": 1646.79782, "delta": 51.581126}}
{"target": 25.192611990052228, "params": {"h": 60.0, "p": 232.0, "r": 84.0}, "datetime": {"datetime": "2024-05-08 12:13:20", "elapsed": 1659.314171, "delta": 12.516351}}
{"target": 4.449892996207676, "params": {"h": 58.0, "p": 625.0, "r": 149.0}, "datetime": {"datetime": "2024-05-08 12:13:42", "elapsed": 1681.674845, "delta": 22.360674}}
{"target": 2.117454306924686, "params": {"h": 15.0, "p": 477.0, "r": 69.0}, "datetime": {"datetime": "2024-05-08 12:14:05", "elapsed": 1704.051147, "delta": 22.376302}}
{"target": 1.595480544389604, "params": {"h": 15.0, "p": 946.0, "r": 150.0}, "datetime": {"datetime": "2024-05-08 12:15:14", "elapsed": 1773.13328, "delta": 69.082133}}
{"target": 76.32986402546825, "params": {"h": 34.0, "p": 260.0, "r": 49.0}, "datetime": {"datetime": "2024-05-08 12:15:32", "elapsed": 1791.353089, "delta": 18.219809}}
{"target": 83.482191092888, "params": {"h": 30.0, "p": 247.0, "r": 48.0}, "datetime": {"datetime": "2024-05-08 12:15:50", "elapsed": 1809.01036, "delta": 17.657271}}
{"target": 32.55461798637921, "params": {"h": 40.0, "p": 246.0, "r": 45.0}, "datetime": {"datetime": "2024-05-08 12:16:10", "elapsed": 1828.917766, "delta": 19.907406}}
{"target": 67.63145837025557, "params": {"h": 23.0, "p": 254.0, "r": 51.0}, "datetime": {"datetime": "2024-05-08 12:16:26", "elapsed": 1845.574982, "delta": 16.657216}}
{"target": 54.0443471904245, "params": {"h": 28.0, "p": 243.0, "r": 59.0}, "datetime": {"datetime": "2024-05-08 12:16:41", "elapsed": 1860.107075, "delta": 14.532093}}
{"target": 31.01013749238123, "params": {"h": 25.0, "p": 252.0, "r": 38.0}, "datetime": {"datetime": "2024-05-08 12:17:02", "elapsed": 1880.93638, "delta": 20.829305}}
{"target": 66.30846971929486, "params": {"h": 34.0, "p": 256.0, "r": 58.0}, "datetime": {"datetime": "2024-05-08 12:17:18", "elapsed": 1897.671588, "delta": 16.735208}}
{"target": 89.22729817756327, "params": {"h": 22.0, "p": 236.0, "r": 48.0}, "datetime": {"datetime": "2024-05-08 12:17:35", "elapsed": 1914.547437, "delta": 16.875849}}
{"target": 106.26116659543908, "params": {"h": 21.0, "p": 227.0, "r": 41.0}, "datetime": {"datetime": "2024-05-08 12:17:53", "elapsed": 1931.923321, "delta": 17.375884}}
{"target": 69.67219565573075, "params": {"h": 19.0, "p": 225.0, "r": 47.0}, "datetime": {"datetime": "2024-05-08 12:18:08", "elapsed": 1947.392865, "delta": 15.469544}}
{"target": 45.957233415233155, "params": {"h": 24.0, "p": 231.0, "r": 39.0}, "datetime": {"datetime": "2024-05-08 12:18:27", "elapsed": 1965.78444, "delta": 18.391575}}
{"target": 85.26823223904024, "params": {"h": 18.0, "p": 227.0, "r": 36.0}, "datetime": {"datetime": "2024-05-08 12:18:44", "elapsed": 1983.44161, "delta": 17.65717}}
{"target": 116.22017137917446, "params": {"h": 19.0, "p": 218.0, "r": 39.0}, "datetime": {"datetime": "2024-05-08 12:19:01", "elapsed": 2000.192489, "delta": 16.750879}}
{"target": 27.887025981092034, "params": {"h": 26.0, "p": 216.0, "r": 38.0}, "datetime": {"datetime": "2024-05-08 12:19:20", "elapsed": 2019.146614, "delta": 18.954125}}
{"target": 126.25116009982379, "params": {"h": 17.0, "p": 219.0, "r": 40.0}, "datetime": {"datetime": "2024-05-08 12:19:37", "elapsed": 2036.585043, "delta": 17.438429}}
{"target": 49.07802908871018, "params": {"h": 17.0, "p": 213.0, "r": 33.0}, "datetime": {"datetime": "2024-05-08 12:19:55", "elapsed": 2054.679761, "delta": 18.094718}}
{"target": 136.8492834850862, "params": {"h": 18.0, "p": 222.0, "r": 40.0}, "datetime": {"datetime": "2024-05-08 12:20:14", "elapsed": 2072.79011, "delta": 18.110349}}
{"target": 18.623806073756008, "params": {"h": 15.0, "p": 239.0, "r": 52.0}, "datetime": {"datetime": "2024-05-08 12:20:28", "elapsed": 2086.85337, "delta": 14.06326}}
{"target": 111.67174962846279, "params": {"h": 28.0, "p": 270.0, "r": 48.0}, "datetime": {"datetime": "2024-05-08 12:20:46", "elapsed": 2105.635639, "delta": 18.782269}}
{"target": 66.7319204101674, "params": {"h": 28.0, "p": 273.0, "r": 43.0}, "datetime": {"datetime": "2024-05-08 12:21:05", "elapsed": 2124.542929, "delta": 18.90729}}
{"target": 24.902132950955863, "params": {"h": 19.0, "p": 268.0, "r": 54.0}, "datetime": {"datetime": "2024-05-08 12:21:21", "elapsed": 2140.215653, "delta": 15.672724}}
{"target": 78.81132789772772, "params": {"h": 38.0, "p": 272.0, "r": 51.0}, "datetime": {"datetime": "2024-05-08 12:21:40", "elapsed": 2158.935432, "delta": 18.719779}}
{"target": 131.9188858828916, "params": {"h": 16.0, "p": 220.0, "r": 35.0}, "datetime": {"datetime": "2024-05-08 12:21:58", "elapsed": 2176.842671, "delta": 17.907239}}
{"target": 88.27844878327527, "params": {"h": 28.0, "p": 266.0, "r": 45.0}, "datetime": {"datetime": "2024-05-08 12:22:16", "elapsed": 2195.437448, "delta": 18.594777}}
{"target": 73.30901245481654, "params": {"h": 32.0, "p": 268.0, "r": 56.0}, "datetime": {"datetime": "2024-05-08 12:22:33", "elapsed": 2212.094622, "delta": 16.657174}}
{"target": 1.8174246716314735, "params": {"h": 59.0, "p": 727.0, "r": 105.0}, "datetime": {"datetime": "2024-05-08 12:23:04", "elapsed": 2243.486997, "delta": 31.392375}}
{"target": 148.61722057708909, "params": {"h": 17.0, "p": 223.0, "r": 38.0}, "datetime": {"datetime": "2024-05-08 12:23:22", "elapsed": 2260.909854, "delta": 17.422857}}
{"target": 154.24822831762432, "params": {"h": 16.0, "p": 220.0, "r": 37.0}, "datetime": {"datetime": "2024-05-08 12:23:39", "elapsed": 2277.879546, "delta": 16.969692}}
{"target": 84.94201812195251, "params": {"h": 15.0, "p": 222.0, "r": 39.0}, "datetime": {"datetime": "2024-05-08 12:23:55", "elapsed": 2294.442977, "delta": 16.563431}}
{"target": 100.01709139920104, "params": {"h": 31.0, "p": 274.0, "r": 51.0}, "datetime": {"datetime": "2024-05-08 12:24:14", "elapsed": 2313.272159, "delta": 18.829182}}
{"target": 11.126325598258797, "params": {"h": 23.0, "p": 222.0, "r": 32.0}, "datetime": {"datetime": "2024-05-08 12:24:34", "elapsed": 2333.070152, "delta": 19.797993}}
{"target": 74.24591140497473, "params": {"h": 26.0, "p": 273.0, "r": 52.0}, "datetime": {"datetime": "2024-05-08 12:24:50", "elapsed": 2349.367948, "delta": 16.297796}}
{"target": 66.45477762799797, "params": {"h": 36.0, "p": 267.0, "r": 48.0}, "datetime": {"datetime": "2024-05-08 12:25:08", "elapsed": 2367.368965, "delta": 18.001017}}
{"target": 97.10863067443407, "params": {"h": 29.0, "p": 267.0, "r": 51.0}, "datetime": {"datetime": "2024-05-08 12:25:26", "elapsed": 2385.463739, "delta": 18.094774}}
{"target": 50.421673825729684, "params": {"h": 21.0, "p": 223.0, "r": 37.0}, "datetime": {"datetime": "2024-05-08 12:25:45", "elapsed": 2403.980415, "delta": 18.516676}}
{"target": 119.50066333780937, "params": {"h": 16.0, "p": 218.0, "r": 39.0}, "datetime": {"datetime": "2024-05-08 12:26:01", "elapsed": 2420.26259, "delta": 16.282175}}
{"target": 86.17921022280373, "params": {"h": 35.0, "p": 315.0, "r": 53.0}, "datetime": {"datetime": "2024-05-08 12:26:20", "elapsed": 2439.373052, "delta": 19.110462}}
{"target": 75.78191901770917, "params": {"h": 17.0, "p": 230.0, "r": 43.0}, "datetime": {"datetime": "2024-05-08 12:26:36", "elapsed": 2455.42084, "delta": 16.047788}}
{"target": 100.73428555443049, "params": {"h": 24.0, "p": 230.0, "r": 47.0}, "datetime": {"datetime": "2024-05-08 12:26:52", "elapsed": 2471.077982, "delta": 15.657142}}
{"target": 66.87163560072992, "params": {"h": 37.0, "p": 305.0, "r": 57.0}, "datetime": {"datetime": "2024-05-08 12:27:11", "elapsed": 2490.03219, "delta": 18.954208}}
{"target": 130.01711990895078, "params": {"h": 32.0, "p": 323.0, "r": 48.0}, "datetime": {"datetime": "2024-05-08 12:27:31", "elapsed": 2510.064585, "delta": 20.032395}}
{"target": 102.40537116599738, "params": {"h": 33.0, "p": 323.0, "r": 45.0}, "datetime": {"datetime": "2024-05-08 12:27:53", "elapsed": 2532.2221, "delta": 22.157515}}
{"target": 86.51438556602767, "params": {"h": 47.0, "p": 315.0, "r": 56.0}, "datetime": {"datetime": "2024-05-08 12:28:12", "elapsed": 2551.676339, "delta": 19.454239}}
{"target": 69.93389867580647, "params": {"h": 33.0, "p": 329.0, "r": 52.0}, "datetime": {"datetime": "2024-05-08 12:28:32", "elapsed": 2571.239959, "delta": 19.56362}}
{"target": 84.95411749695805, "params": {"h": 26.0, "p": 329.0, "r": 47.0}, "datetime": {"datetime": "2024-05-08 12:28:51", "elapsed": 2590.381681, "delta": 19.141722}}
{"target": 79.17640833201506, "params": {"h": 28.0, "p": 231.0, "r": 52.0}, "datetime": {"datetime": "2024-05-08 12:29:06", "elapsed": 2605.320036, "delta": 14.938355}}
{"target": 94.16653284452201, "params": {"h": 36.0, "p": 323.0, "r": 52.0}, "datetime": {"datetime": "2024-05-08 12:29:25", "elapsed": 2624.555515, "delta": 19.235479}}
{"target": 101.83753275751715, "params": {"h": 28.0, "p": 322.0, "r": 48.0}, "datetime": {"datetime": "2024-05-08 12:29:46", "elapsed": 2645.259829, "delta": 20.704314}}
{"target": 72.89747635922254, "params": {"h": 29.0, "p": 325.0, "r": 50.0}, "datetime": {"datetime": "2024-05-08 12:30:06", "elapsed": 2665.245351, "delta": 19.985522}}
{"target": 83.7724452312693, "params": {"h": 28.0, "p": 237.0, "r": 47.0}, "datetime": {"datetime": "2024-05-08 12:30:24", "elapsed": 2683.308889, "delta": 18.063538}}
{"target": 59.31179121049318, "params": {"h": 20.0, "p": 328.0, "r": 43.0}, "datetime": {"datetime": "2024-05-08 12:30:44", "elapsed": 2703.403794, "delta": 20.094905}}
{"target": 80.61599210474917, "params": {"h": 19.0, "p": 220.0, "r": 37.0}, "datetime": {"datetime": "2024-05-08 12:31:01", "elapsed": 2719.779737, "delta": 16.375943}}
{"target": 89.87485199459182, "params": {"h": 25.0, "p": 226.0, "r": 45.0}, "datetime": {"datetime": "2024-05-08 12:31:18", "elapsed": 2737.499506, "delta": 17.719769}}
{"target": 120.85294779834815, "params": {"h": 19.0, "p": 216.0, "r": 42.0}, "datetime": {"datetime": "2024-05-08 12:31:35", "elapsed": 2754.109836, "delta": 16.61033}}
{"target": 80.2859509894244, "params": {"h": 19.0, "p": 216.0, "r": 46.0}, "datetime": {"datetime": "2024-05-08 12:31:50", "elapsed": 2769.360714, "delta": 15.250878}}
{"target": 128.9294489021779, "params": {"h": 34.0, "p": 321.0, "r": 48.0}, "datetime": {"datetime": "2024-05-08 12:32:10", "elapsed": 2789.502501, "delta": 20.141787}}
{"target": 136.22286164257022, "params": {"h": 27.0, "p": 317.0, "r": 46.0}, "datetime": {"datetime": "2024-05-08 12:32:32", "elapsed": 2810.753724, "delta": 21.251223}}
{"target": 147.1419396992197, "params": {"h": 26.0, "p": 320.0, "r": 43.0}, "datetime": {"datetime": "2024-05-08 12:32:54", "elapsed": 2833.130015, "delta": 22.376291}}
{"target": 116.90652278191251, "params": {"h": 27.0, "p": 318.0, "r": 47.0}, "datetime": {"datetime": "2024-05-08 12:33:13", "elapsed": 2852.631139, "delta": 19.501124}}
{"target": 80.14328542418096, "params": {"h": 20.0, "p": 312.0, "r": 43.0}, "datetime": {"datetime": "2024-05-08 12:33:33", "elapsed": 2872.007255, "delta": 19.376116}}
