{"target": 11.37298590142728, "params": {"p": 273, "r": 83, "h": 17}, "datetime": "2024-06-16 21:54:51.285469", "elapsed": "4877.156008"}
{"target": 89.7550168990518, "params": {"p": 221, "r": 35, "h": 17}, "datetime": "2024-06-16 21:55:42.867857", "elapsed": "4928.738396"}
{"target": 92.21378276670643, "params": {"p": 220, "r": 35, "h": 17}, "datetime": "2024-06-16 21:56:31.358924", "elapsed": "4977.229463"}
{"target": 154.52553105037947, "params": {"p": 324, "r": 38, "h": 20}, "datetime": "2024-06-16 21:57:30.860470", "elapsed": "5036.731009"}
{"target": 12.054947061082771, "params": {"p": 345, "r": 45, "h": 17}, "datetime": "2024-06-16 21:58:31.451192", "elapsed": "5097.321731"}
{"target": 56.67607886977823, "params": {"p": 334, "r": 39, "h": 17}, "datetime": "2024-06-16 21:59:30.805439", "elapsed": "5156.675978"}
{"target": 0.26787404626419076, "params": {"p": 357, "r": 17, "h": 15}, "datetime": "2024-06-16 22:00:42.343154", "elapsed": "5228.213693"}
{"target": 29.583792335103162, "params": {"p": 353, "r": 52, "h": 44}, "datetime": "2024-06-16 22:01:40.848279", "elapsed": "5286.718818"}
{"target": 89.84661001452368, "params": {"p": 219, "r": 35, "h": 17}, "datetime": "2024-06-16 22:02:29.195564", "elapsed": "5335.066103"}
{"target": 11.511331774962708, "params": {"p": 273, "r": 85, "h": 17}, "datetime": "2024-06-16 22:03:17.494224", "elapsed": "5383.364763"}
{"target": 5.090069855405766, "params": {"p": 346, "r": 26, "h": 15}, "datetime": "2024-06-16 22:04:11.509194", "elapsed": "5437.379733"}
{"target": 11.563797757096081, "params": {"p": 273, "r": 86, "h": 17}, "datetime": "2024-06-16 22:04:58.470455", "elapsed": "5484.340994"}
{"target": 11.675902928468098, "params": {"p": 273, "r": 87, "h": 17}, "datetime": "2024-06-16 22:05:39.401174", "elapsed": "5525.271713"}
{"target": 188.70999675306481, "params": {"p": 325, "r": 36, "h": 17}, "datetime": "2024-06-16 22:06:31.307467", "elapsed": "5577.178006"}
{"target": 92.99495950732114, "params": {"p": 326, "r": 53, "h": 40}, "datetime": "2024-06-16 22:07:24.255086", "elapsed": "5630.125625"}
{"target": 3.4213821867737773, "params": {"p": 349, "r": 64, "h": 15}, "datetime": "2024-06-16 22:08:16.191936", "elapsed": "5682.062475"}
{"target": 65.87935999608658, "params": {"p": 329, "r": 36, "h": 15}, "datetime": "2024-06-16 22:09:11.428080", "elapsed": "5737.298619"}
{"target": 131.6461267170395, "params": {"p": 327, "r": 48, "h": 33}, "datetime": "2024-06-16 22:10:10.161982", "elapsed": "5796.032521"}
{"target": 127.74274736568609, "params": {"p": 328, "r": 48, "h": 32}, "datetime": "2024-06-16 22:11:08.734170", "elapsed": "5854.604709"}
{"target": 124.04845496211885, "params": {"p": 331, "r": 48, "h": 32}, "datetime": "2024-06-16 22:12:03.162971", "elapsed": "5909.03351"}
{"target": 0.12612622628480752, "params": {"p": 378, "r": 15, "h": 16}, "datetime": "2024-06-16 22:13:09.034830", "elapsed": "5974.905369"}
{"target": 132.1291196557685, "params": {"p": 333, "r": 47, "h": 31}, "datetime": "2024-06-16 22:13:55.536368", "elapsed": "6021.406907"}
{"target": 125.18496432933469, "params": {"p": 335, "r": 48, "h": 33}, "datetime": "2024-06-16 22:14:45.001964", "elapsed": "6070.872503"}
{"target": 122.47610950118741, "params": {"p": 336, "r": 48, "h": 33}, "datetime": "2024-06-16 22:15:39.628891", "elapsed": "6125.49943"}
{"target": 134.39587954021576, "params": {"p": 337, "r": 47, "h": 32}, "datetime": "2024-06-16 22:16:28.224484", "elapsed": "6174.095023"}
{"target": 132.04827959045315, "params": {"p": 338, "r": 47, "h": 32}, "datetime": "2024-06-16 22:17:26.647426", "elapsed": "6232.517965"}
{"target": 128.3481841621152, "params": {"p": 339, "r": 47, "h": 32}, "datetime": "2024-06-16 22:18:23.860264", "elapsed": "6289.730803"}
{"target": 122.57926684547505, "params": {"p": 341, "r": 47, "h": 32}, "datetime": "2024-06-16 22:19:25.877596", "elapsed": "6351.748135"}
{"target": 111.48535019052615, "params": {"p": 344, "r": 47, "h": 32}, "datetime": "2024-06-16 22:20:30.440564", "elapsed": "6416.311103"}
{"target": 11.744374931482268, "params": {"p": 273, "r": 88, "h": 17}, "datetime": "2024-06-16 22:21:21.402646", "elapsed": "6467.273185"}
{"target": 95.08406254880371, "params": {"p": 347, "r": 47, "h": 32}, "datetime": "2024-06-16 22:22:24.644443", "elapsed": "6530.515984"}
{"target": 85.72643106688075, "params": {"p": 348, "r": 47, "h": 32}, "datetime": "2024-06-16 22:23:24.079081", "elapsed": "6589.94962"}
{"target": 65.23338624621512, "params": {"p": 350, "r": 47, "h": 32}, "datetime": "2024-06-16 22:24:25.594648", "elapsed": "6651.465187"}
{"target": 45.915033258948334, "params": {"p": 352, "r": 47, "h": 32}, "datetime": "2024-06-16 22:25:28.088493", "elapsed": "6713.959032"}
{"target": 30.80645287511529, "params": {"p": 355, "r": 47, "h": 32}, "datetime": "2024-06-16 22:26:28.071034", "elapsed": "6773.941573"}
{"target": 14.499989899672174, "params": {"p": 313, "r": 90, "h": 32}, "datetime": "2024-06-16 22:27:22.248717", "elapsed": "6828.119256"}
{"target": 14.40998112575734, "params": {"p": 313, "r": 91, "h": 32}, "datetime": "2024-06-16 22:28:12.528703", "elapsed": "6878.399242"}
{"target": 28.45611098428798, "params": {"p": 358, "r": 47, "h": 32}, "datetime": "2024-06-16 22:29:06.123757", "elapsed": "6931.994296"}
{"target": 14.346168894373937, "params": {"p": 313, "r": 92, "h": 32}, "datetime": "2024-06-16 22:29:57.876744", "elapsed": "6983.747283"}
{"target": 28.122587594121818, "params": {"p": 359, "r": 47, "h": 32}, "datetime": "2024-06-16 22:31:04.738962", "elapsed": "7050.609501"}
{"target": 16.30578273302849, "params": {"p": 371, "r": 54, "h": 50}, "datetime": "2024-06-16 22:32:05.132307", "elapsed": "7111.002846"}
{"target": 14.33241609462426, "params": {"p": 313, "r": 93, "h": 32}, "datetime": "2024-06-16 22:32:48.212063", "elapsed": "7154.082602"}
{"target": 48.07301658173709, "params": {"p": 360, "r": 31, "h": 15}, "datetime": "2024-06-16 22:33:49.608562", "elapsed": "7215.479101"}
{"target": 14.265258335288655, "params": {"p": 313, "r": 94, "h": 32}, "datetime": "2024-06-16 22:34:48.205783", "elapsed": "7274.076322"}
{"target": 27.862662782184042, "params": {"p": 361, "r": 47, "h": 32}, "datetime": "2024-06-16 22:35:44.420747", "elapsed": "7330.292285"}
{"target": 14.274002902226554, "params": {"p": 313, "r": 95, "h": 32}, "datetime": "2024-06-16 22:36:40.705187", "elapsed": "7386.575726"}
{"target": 73.34473129033499, "params": {"p": 487, "r": 150, "h": 60}, "datetime": "2024-06-16 22:37:32.622674", "elapsed": "7438.493213"}
{"target": 27.24727222106903, "params": {"p": 363, "r": 47, "h": 32}, "datetime": "2024-06-16 22:38:46.955308", "elapsed": "7512.825847"}
{"target": 14.207133982631612, "params": {"p": 313, "r": 97, "h": 32}, "datetime": "2024-06-16 22:39:47.067591", "elapsed": "7572.93813"}
{"target": 89.67097923717124, "params": {"p": 218, "r": 35, "h": 17}, "datetime": "2024-06-16 22:40:57.349637", "elapsed": "7643.220176"}
{"target": 26.645917195864907, "params": {"p": 364, "r": 47, "h": 32}, "datetime": "2024-06-16 22:42:17.496002", "elapsed": "7723.366541"}
{"target": 99.94227640746871, "params": {"p": 209, "r": 40, "h": 20}, "datetime": "2024-06-16 22:43:19.747550", "elapsed": "7785.618089"}
{"target": 14.193564745989233, "params": {"p": 313, "r": 98, "h": 32}, "datetime": "2024-06-16 22:44:19.896475", "elapsed": "7845.767014"}
{"target": 26.03157850932364, "params": {"p": 365, "r": 47, "h": 32}, "datetime": "2024-06-16 22:45:30.568235", "elapsed": "7916.438774"}
{"target": 14.191688028378962, "params": {"p": 313, "r": 99, "h": 32}, "datetime": "2024-06-16 22:46:30.841956", "elapsed": "7976.712495"}
{"target": 25.53057357604582, "params": {"p": 366, "r": 47, "h": 32}, "datetime": "2024-06-16 22:47:41.239926", "elapsed": "8047.110465"}
{"target": 89.27166758575594, "params": {"p": 217, "r": 35, "h": 17}, "datetime": "2024-06-16 22:48:48.614291", "elapsed": "8114.48483"}
{"target": 88.90305493032035, "params": {"p": 216, "r": 35, "h": 17}, "datetime": "2024-06-16 22:49:52.705565", "elapsed": "8178.576104"}
{"target": 14.208820232555546, "params": {"p": 313, "r": 100, "h": 32}, "datetime": "2024-06-16 22:50:59.261881", "elapsed": "8245.13242"}
{"target": 20.59199615108186, "params": {"p": 514, "r": 150, "h": 60}, "datetime": "2024-06-16 22:52:08.086132", "elapsed": "8313.956671"}
{"target": 24.935261716743796, "params": {"p": 367, "r": 47, "h": 32}, "datetime": "2024-06-16 22:53:11.241362", "elapsed": "8377.111901"}
{"target": 14.218625241799717, "params": {"p": 313, "r": 101, "h": 32}, "datetime": "2024-06-16 22:53:53.357573", "elapsed": "8419.228112"}
{"target": 24.302468101285722, "params": {"p": 368, "r": 47, "h": 32}, "datetime": "2024-06-16 22:54:48.554522", "elapsed": "8474.425061"}
{"target": 23.73956074669984, "params": {"p": 369, "r": 47, "h": 32}, "datetime": "2024-06-16 22:55:53.180666", "elapsed": "8539.051205"}
{"target": 14.272425148987384, "params": {"p": 313, "r": 103, "h": 32}, "datetime": "2024-06-16 22:56:59.141803", "elapsed": "8605.012342"}
{"target": 89.33084773265666, "params": {"p": 214, "r": 35, "h": 17}, "datetime": "2024-06-16 22:58:00.736474", "elapsed": "8666.607013"}
{"target": 23.24795394853133, "params": {"p": 370, "r": 47, "h": 32}, "datetime": "2024-06-16 22:58:57.592321", "elapsed": "8723.46286"}
{"target": 14.355396691429348, "params": {"p": 313, "r": 105, "h": 32}, "datetime": "2024-06-16 22:59:54.790722", "elapsed": "8780.661261"}
{"target": 111.54421782989341, "params": {"p": 212, "r": 36, "h": 17}, "datetime": "2024-06-16 23:01:00.846742", "elapsed": "8846.717281"}
{"target": 22.385845500470015, "params": {"p": 372, "r": 47, "h": 32}, "datetime": "2024-06-16 23:02:04.032463", "elapsed": "8909.903002"}
{"target": 14.429872385003613, "params": {"p": 313, "r": 106, "h": 32}, "datetime": "2024-06-16 23:03:02.597667", "elapsed": "8968.468206"}
{"target": 21.884976893691626, "params": {"p": 373, "r": 47, "h": 32}, "datetime": "2024-06-16 23:04:17.266981", "elapsed": "9043.13752"}
{"target": 14.461232032827969, "params": {"p": 313, "r": 107, "h": 32}, "datetime": "2024-06-16 23:05:17.932113", "elapsed": "9103.802652"}
{"target": 20.9822010878306, "params": {"p": 374, "r": 47, "h": 31}, "datetime": "2024-06-16 23:06:24.570137", "elapsed": "9170.440676"}
{"target": 14.54325193208354, "params": {"p": 313, "r": 108, "h": 32}, "datetime": "2024-06-16 23:07:32.320861", "elapsed": "9238.1914"}
{"target": 21.154559544955376, "params": {"p": 375, "r": 47, "h": 32}, "datetime": "2024-06-16 23:08:49.069259", "elapsed": "9314.939798"}
{"target": 14.668383414272052, "params": {"p": 313, "r": 109, "h": 32}, "datetime": "2024-06-16 23:09:58.097782", "elapsed": "9383.968321"}
{"target": 20.812733369624233, "params": {"p": 376, "r": 47, "h": 32}, "datetime": "2024-06-16 23:11:16.609030", "elapsed": "9462.479569"}
{"target": 35.40356911601083, "params": {"p": 377, "r": 37, "h": 19}, "datetime": "2024-06-16 23:12:32.070074", "elapsed": "9537.940613"}
{"target": 14.796036433253645, "params": {"p": 313, "r": 110, "h": 32}, "datetime": "2024-06-16 23:13:37.911162", "elapsed": "9603.781701"}
{"target": 27.980242712077203, "params": {"p": 501, "r": 150, "h": 60}, "datetime": "2024-06-16 23:14:45.090968", "elapsed": "9670.961507"}
{"target": 14.676629226321307, "params": {"p": 313, "r": 111, "h": 31}, "datetime": "2024-06-16 23:15:58.631527", "elapsed": "9744.502066"}
{"target": 14.991440029498818, "params": {"p": 313, "r": 112, "h": 32}, "datetime": "2024-06-16 23:17:24.514934", "elapsed": "9830.385473"}
{"target": 20.01830013986641, "params": {"p": 379, "r": 47, "h": 32}, "datetime": "2024-06-16 23:19:00.882100", "elapsed": "9926.752639"}
{"target": 121.44344384322669, "params": {"p": 211, "r": 40, "h": 19}, "datetime": "2024-06-16 23:20:18.964735", "elapsed": "10004.835274"}
{"target": 15.225157652386613, "params": {"p": 313, "r": 113, "h": 32}, "datetime": "2024-06-16 23:21:37.221348", "elapsed": "10083.091887"}
{"target": 26.48260648762596, "params": {"p": 380, "r": 35, "h": 15}, "datetime": "2024-06-16 23:23:19.745168", "elapsed": "10185.615707"}
{"target": 18.71468568166043, "params": {"p": 381, "r": 46, "h": 27}, "datetime": "2024-06-16 23:24:58.699470", "elapsed": "10284.570009"}
{"target": 15.493690982425846, "params": {"p": 313, "r": 114, "h": 32}, "datetime": "2024-06-16 23:26:28.485118", "elapsed": "10374.355657"}
{"target": 15.732505470870057, "params": {"p": 313, "r": 115, "h": 32}, "datetime": "2024-06-16 23:27:51.109945", "elapsed": "10456.980484"}
{"target": 19.385670881377745, "params": {"p": 382, "r": 47, "h": 32}, "datetime": "2024-06-16 23:29:32.548804", "elapsed": "10558.419343"}
