{"target": 7.159856635193809, "params": {"p": 352, "r": 28, "h": 17}, "datetime": "2024-06-23 20:49:37.803602", "elapsed": "7782.225791"}
{"target": 9.575544298217377, "params": {"p": 232, "r": 28, "h": 17}, "datetime": "2024-06-23 20:51:28.955037", "elapsed": "7893.377226"}
{"target": 9.560882308238842, "params": {"p": 292, "r": 88, "h": 17}, "datetime": "2024-06-23 20:53:16.777008", "elapsed": "8001.199197"}
{"target": 7.111620494497391, "params": {"p": 353, "r": 28, "h": 17}, "datetime": "2024-06-23 20:55:03.556303", "elapsed": "8107.978492"}
{"target": 9.36548409046217, "params": {"p": 231, "r": 28, "h": 17}, "datetime": "2024-06-23 20:56:43.083122", "elapsed": "8207.505311"}
{"target": 9.675431118026575, "params": {"p": 292, "r": 89, "h": 17}, "datetime": "2024-06-23 20:58:05.869817", "elapsed": "8290.292006"}
{"target": 6.972535636106813, "params": {"p": 354, "r": 28, "h": 17}, "datetime": "2024-06-23 20:59:44.713039", "elapsed": "8389.135228"}
{"target": 9.619917445630792, "params": {"p": 230, "r": 28, "h": 17}, "datetime": "2024-06-23 21:01:21.119901", "elapsed": "8485.54209"}
{"target": 9.79729931896389, "params": {"p": 292, "r": 90, "h": 17}, "datetime": "2024-06-23 21:02:56.336017", "elapsed": "8580.758206"}
{"target": 6.823691684495277, "params": {"p": 355, "r": 28, "h": 17}, "datetime": "2024-06-23 21:04:42.461891", "elapsed": "8686.88408"}
{"target": 9.710532419623927, "params": {"p": 229, "r": 28, "h": 17}, "datetime": "2024-06-23 21:06:38.273522", "elapsed": "8802.695711"}
{"target": 13.048696158269703, "params": {"p": 291, "r": 91, "h": 22}, "datetime": "2024-06-23 21:08:29.601833", "elapsed": "8914.024022"}
{"target": 6.570794254595196, "params": {"p": 356, "r": 28, "h": 17}, "datetime": "2024-06-23 21:10:25.854330", "elapsed": "9030.276519"}
{"target": 9.753864630680884, "params": {"p": 228, "r": 28, "h": 17}, "datetime": "2024-06-23 21:12:24.518575", "elapsed": "9148.940764"}
{"target": 10.181507146359708, "params": {"p": 292, "r": 92, "h": 17}, "datetime": "2024-06-23 21:14:28.751372", "elapsed": "9273.173561"}
{"target": 6.4258687935942, "params": {"p": 357, "r": 28, "h": 17}, "datetime": "2024-06-23 21:16:53.129197", "elapsed": "9417.551386"}
{"target": 9.885987097587158, "params": {"p": 227, "r": 28, "h": 17}, "datetime": "2024-06-23 21:19:17.673034", "elapsed": "9562.095223"}
{"target": 10.458411820760814, "params": {"p": 292, "r": 93, "h": 17}, "datetime": "2024-06-23 21:21:36.676787", "elapsed": "9701.098976"}
{"target": 6.201660675191871, "params": {"p": 358, "r": 28, "h": 17}, "datetime": "2024-06-23 21:24:12.619062", "elapsed": "9857.041251"}
{"target": 9.912286602960032, "params": {"p": 226, "r": 28, "h": 17}, "datetime": "2024-06-23 21:26:25.667299", "elapsed": "9990.089488"}
{"target": 10.780515373779743, "params": {"p": 292, "r": 94, "h": 17}, "datetime": "2024-06-23 21:28:45.521997", "elapsed": "10129.944186"}
{"target": 6.008518828169721, "params": {"p": 359, "r": 28, "h": 17}, "datetime": "2024-06-23 21:31:13.515767", "elapsed": "10277.937956"}
{"target": 9.828552958287055, "params": {"p": 225, "r": 28, "h": 17}, "datetime": "2024-06-23 21:33:39.663700", "elapsed": "10424.085889"}
{"target": 11.563003954812965, "params": {"p": 292, "r": 95, "h": 17}, "datetime": "2024-06-23 21:36:12.668479", "elapsed": "10577.090668"}
{"target": 6.495937146628653, "params": {"p": 360, "r": 28, "h": 17}, "datetime": "2024-06-23 21:38:40.659763", "elapsed": "10725.081952"}
{"target": 9.771138305656699, "params": {"p": 224, "r": 28, "h": 17}, "datetime": "2024-06-23 21:41:03.129366", "elapsed": "10867.551555"}
{"target": 5.850400491620359, "params": {"p": 361, "r": 28, "h": 17}, "datetime": "2024-06-23 21:43:35.521415", "elapsed": "11019.943604"}
{"target": 9.880170514400477, "params": {"p": 223, "r": 28, "h": 17}, "datetime": "2024-06-23 21:45:57.104127", "elapsed": "11161.526316"}
{"target": 13.131193689246217, "params": {"p": 292, "r": 97, "h": 17}, "datetime": "2024-06-23 21:48:15.498893", "elapsed": "11299.921082"}
{"target": 5.748214028653639, "params": {"p": 362, "r": 28, "h": 17}, "datetime": "2024-06-23 21:50:59.929165", "elapsed": "11464.351354"}
{"target": 10.348394189491918, "params": {"p": 222, "r": 28, "h": 17}, "datetime": "2024-06-23 21:53:46.232961", "elapsed": "11630.65515"}
{"target": 14.290345532328995, "params": {"p": 292, "r": 98, "h": 17}, "datetime": "2024-06-23 21:56:11.395604", "elapsed": "11775.817793"}
{"target": 5.882210765803811, "params": {"p": 363, "r": 28, "h": 17}, "datetime": "2024-06-23 21:58:47.446990", "elapsed": "11931.869179"}
{"target": 10.129404892219469, "params": {"p": 221, "r": 28, "h": 17}, "datetime": "2024-06-23 22:01:14.754001", "elapsed": "12079.17619"}
{"target": 16.4895213993398, "params": {"p": 292, "r": 99, "h": 17}, "datetime": "2024-06-23 22:03:43.839836", "elapsed": "12228.262025"}
{"target": 13.940939273254045, "params": {"p": 291, "r": 100, "h": 22}, "datetime": "2024-06-23 22:05:58.870664", "elapsed": "12363.292853"}
{"target": 5.743240055806589, "params": {"p": 364, "r": 28, "h": 17}, "datetime": "2024-06-23 22:08:28.997661", "elapsed": "12513.41985"}
{"target": 10.263197641020563, "params": {"p": 220, "r": 28, "h": 17}, "datetime": "2024-06-23 22:10:48.462284", "elapsed": "12652.884473"}
{"target": 5.7022018678159, "params": {"p": 365, "r": 28, "h": 17}, "datetime": "2024-06-23 22:13:15.236681", "elapsed": "12799.65887"}
{"target": 10.323177251058224, "params": {"p": 219, "r": 28, "h": 17}, "datetime": "2024-06-23 22:15:42.704638", "elapsed": "12947.126827"}
{"target": 25.760030379174694, "params": {"p": 292, "r": 101, "h": 17}, "datetime": "2024-06-23 22:18:02.620634", "elapsed": "13087.042823"}
{"target": 5.766692717610658, "params": {"p": 366, "r": 28, "h": 17}, "datetime": "2024-06-23 22:20:38.889053", "elapsed": "13243.311242"}
{"target": 10.488644349492265, "params": {"p": 218, "r": 28, "h": 17}, "datetime": "2024-06-23 22:23:23.841993", "elapsed": "13408.264182"}
{"target": 5.711829523116525, "params": {"p": 367, "r": 28, "h": 17}, "datetime": "2024-06-23 22:26:02.833608", "elapsed": "13567.255797"}
{"target": 15.083471010458714, "params": {"p": 291, "r": 103, "h": 22}, "datetime": "2024-06-23 22:28:44.676385", "elapsed": "13729.098574"}
{"target": 10.29572512227554, "params": {"p": 217, "r": 28, "h": 17}, "datetime": "2024-06-23 22:31:39.358797", "elapsed": "13903.780986"}
{"target": 5.637537271505137, "params": {"p": 368, "r": 28, "h": 17}, "datetime": "2024-06-23 22:34:31.295080", "elapsed": "14075.717269"}
{"target": 16.42354136477182, "params": {"p": 291, "r": 105, "h": 22}, "datetime": "2024-06-23 22:37:12.057258", "elapsed": "14236.479447"}
{"target": 10.430102386974804, "params": {"p": 216, "r": 28, "h": 17}, "datetime": "2024-06-23 22:39:56.613627", "elapsed": "14401.035816"}
{"target": 18.075688770796248, "params": {"p": 291, "r": 106, "h": 22}, "datetime": "2024-06-23 22:42:45.370935", "elapsed": "14569.793124"}
{"target": 5.608853252928545, "params": {"p": 369, "r": 28, "h": 17}, "datetime": "2024-06-23 22:45:40.444387", "elapsed": "14744.866576"}
{"target": 10.599952852846172, "params": {"p": 215, "r": 28, "h": 17}, "datetime": "2024-06-23 22:48:29.404716", "elapsed": "14913.826905"}
{"target": 5.505762342220528, "params": {"p": 370, "r": 28, "h": 17}, "datetime": "2024-06-23 22:51:23.785811", "elapsed": "15088.208"}
{"target": 19.312807446896688, "params": {"p": 291, "r": 107, "h": 22}, "datetime": "2024-06-23 22:54:18.310745", "elapsed": "15262.732934"}
{"target": 10.497693548871911, "params": {"p": 214, "r": 28, "h": 17}, "datetime": "2024-06-23 22:57:31.066167", "elapsed": "15455.488356"}
{"target": 21.382267683628932, "params": {"p": 291, "r": 108, "h": 22}, "datetime": "2024-06-23 23:00:33.818090", "elapsed": "15638.240279"}
{"target": 5.399477398968826, "params": {"p": 371, "r": 28, "h": 17}, "datetime": "2024-06-23 23:04:00.786343", "elapsed": "15845.208532"}
{"target": 10.583374409913597, "params": {"p": 213, "r": 28, "h": 17}, "datetime": "2024-06-23 23:06:56.839729", "elapsed": "16021.261918"}
{"target": 5.278774846064379, "params": {"p": 372, "r": 28, "h": 17}, "datetime": "2024-06-23 23:10:04.470896", "elapsed": "16208.893085"}
{"target": 10.646236171186715, "params": {"p": 212, "r": 28, "h": 17}, "datetime": "2024-06-23 23:13:04.251568", "elapsed": "16388.673757"}
{"target": 5.246832676126285, "params": {"p": 373, "r": 28, "h": 17}, "datetime": "2024-06-23 23:16:14.012624", "elapsed": "16578.434813"}
{"target": 10.987101033724946, "params": {"p": 211, "r": 28, "h": 17}, "datetime": "2024-06-23 23:19:12.229646", "elapsed": "16756.651835"}
{"target": 14.502908194572202, "params": {"p": 292, "r": 109, "h": 17}, "datetime": "2024-06-23 23:21:59.562274", "elapsed": "16923.984463"}
{"target": 5.277364355338914, "params": {"p": 374, "r": 28, "h": 17}, "datetime": "2024-06-23 23:25:07.391384", "elapsed": "17111.813573"}
{"target": 11.177177844271982, "params": {"p": 210, "r": 28, "h": 17}, "datetime": "2024-06-23 23:28:14.137269", "elapsed": "17298.559458"}
{"target": 31.572274242747454, "params": {"p": 291, "r": 110, "h": 22}, "datetime": "2024-06-23 23:31:15.381070", "elapsed": "17479.803259"}
{"target": 0, "params": {"p": 285, "r": 130, "h": 32}, "datetime": "2024-06-23 23:33:58.131688", "elapsed": "17642.553877"}
{"target": 5.229502005686998, "params": {"p": 375, "r": 28, "h": 17}, "datetime": "2024-06-23 23:37:11.045308", "elapsed": "17835.467497"}
{"target": 48.15583416342714, "params": {"p": 291, "r": 111, "h": 22}, "datetime": "2024-06-23 23:40:33.042917", "elapsed": "18037.465106"}
{"target": 0, "params": {"p": 298, "r": 127, "h": 21}, "datetime": "2024-06-23 23:43:21.747518", "elapsed": "18206.169707"}
{"target": 0, "params": {"p": 285, "r": 122, "h": 22}, "datetime": "2024-06-23 23:46:21.919014", "elapsed": "18386.341203"}
{"target": 27.540042404867034, "params": {"p": 296, "r": 120, "h": 31}, "datetime": "2024-06-23 23:49:21.776514", "elapsed": "18566.198703"}
{"target": 18.573682680549478, "params": {"p": 301, "r": 112, "h": 25}, "datetime": "2024-06-23 23:52:28.947399", "elapsed": "18753.369588"}
{"target": 47.08568247225903, "params": {"p": 293, "r": 119, "h": 23}, "datetime": "2024-06-23 23:55:31.077366", "elapsed": "18935.499555"}
{"target": 0, "params": {"p": 317, "r": 138, "h": 16}, "datetime": "2024-06-23 23:58:39.577343", "elapsed": "19123.999532"}
{"target": 11.057734000371626, "params": {"p": 209, "r": 28, "h": 17}, "datetime": "2024-06-24 00:02:03.133129", "elapsed": "19327.555318"}
{"target": 72.77415900766839, "params": {"p": 291, "r": 113, "h": 22}, "datetime": "2024-06-24 00:05:19.250827", "elapsed": "19523.673016"}
{"target": 5.105427509785953, "params": {"p": 376, "r": 28, "h": 17}, "datetime": "2024-06-24 00:08:58.902838", "elapsed": "19743.325027"}
{"target": 11.141606287501997, "params": {"p": 208, "r": 28, "h": 17}, "datetime": "2024-06-24 00:12:50.864377", "elapsed": "19975.286566"}
{"target": 5.115992124548133, "params": {"p": 377, "r": 28, "h": 17}, "datetime": "2024-06-24 00:16:24.098876", "elapsed": "20188.521065"}
{"target": 11.46797748217586, "params": {"p": 207, "r": 28, "h": 17}, "datetime": "2024-06-24 00:20:05.935799", "elapsed": "20410.357988"}
{"target": 4.916768018271642, "params": {"p": 378, "r": 28, "h": 17}, "datetime": "2024-06-24 00:23:47.742763", "elapsed": "20632.164952"}
{"target": 11.249496377359668, "params": {"p": 206, "r": 28, "h": 17}, "datetime": "2024-06-24 00:27:33.914608", "elapsed": "20858.336797"}
{"target": 13.805782633063396, "params": {"p": 292, "r": 114, "h": 17}, "datetime": "2024-06-24 00:31:05.596867", "elapsed": "21070.019056"}
{"target": 4.870181770989773, "params": {"p": 379, "r": 28, "h": 17}, "datetime": "2024-06-24 00:34:43.762626", "elapsed": "21288.184815"}
{"target": 11.354113086099764, "params": {"p": 205, "r": 28, "h": 17}, "datetime": "2024-06-24 00:38:30.627968", "elapsed": "21515.050157"}
{"target": 13.801215160464007, "params": {"p": 292, "r": 115, "h": 17}, "datetime": "2024-06-24 00:42:16.271152", "elapsed": "21740.693341"}
{"target": 4.806076734042366, "params": {"p": 380, "r": 28, "h": 17}, "datetime": "2024-06-24 00:46:45.825557", "elapsed": "22010.247746"}
{"target": 11.801129015344014, "params": {"p": 204, "r": 28, "h": 17}, "datetime": "2024-06-24 00:51:03.060470", "elapsed": "22267.482659"}
{"target": 13.867665063586161, "params": {"p": 292, "r": 116, "h": 17}, "datetime": "2024-06-24 00:54:54.844916", "elapsed": "22499.267105"}
{"target": 4.80279084253098, "params": {"p": 381, "r": 28, "h": 17}, "datetime": "2024-06-24 00:58:54.609760", "elapsed": "22739.031949"}
