{"target": 0, "params": {"p": 313, "r": 133, "h": 51}, "datetime": "2024-06-20 20:17:27.800242", "elapsed": "0.862966"}
{"target": 0.0619742, "params": {"p": 729, "r": 18, "h": 20}, "datetime": "2024-06-20 20:17:27.801243", "elapsed": "0.863967"}
{"target": 4.0078487, "params": {"p": 495, "r": 140, "h": 17}, "datetime": "2024-06-20 20:17:27.801243", "elapsed": "0.863967"}
{"target": 0.3807879, "params": {"p": 826, "r": 31, "h": 60}, "datetime": "2024-06-20 20:17:27.802244", "elapsed": "0.864968"}
{"target": 0.9048905, "params": {"p": 923, "r": 96, "h": 39}, "datetime": "2024-06-20 20:17:27.802244", "elapsed": "0.864968"}
{"target": 1.7643247, "params": {"p": 804, "r": 71, "h": 53}, "datetime": "2024-06-20 20:17:27.803245", "elapsed": "0.865969"}
{"target": 3.9631232, "params": {"p": 433, "r": 117, "h": 37}, "datetime": "2024-06-20 20:17:27.804246", "elapsed": "0.86697"}
{"target": 33.14079, "params": {"p": 269, "r": 46, "h": 44}, "datetime": "2024-06-20 20:17:27.804246", "elapsed": "0.86697"}
{"target": 2.0329649, "params": {"p": 585, "r": 104, "h": 24}, "datetime": "2024-06-20 20:17:27.804246", "elapsed": "0.86697"}
{"target": 0, "params": {"p": 102, "r": 60, "h": 30}, "datetime": "2024-06-20 20:17:27.805246", "elapsed": "0.86797"}
{"target": 8.717650211708051, "params": {"p": 265, "r": 37, "h": 43}, "datetime": "2024-06-20 20:18:05.494487", "elapsed": "38.557211"}
{"target": 69.63897368011897, "params": {"p": 274, "r": 58, "h": 45}, "datetime": "2024-06-20 20:18:31.792815", "elapsed": "64.855539"}
{"target": 50.59115148323103, "params": {"p": 277, "r": 66, "h": 46}, "datetime": "2024-06-20 20:18:56.628143", "elapsed": "89.690867"}
{"target": 70.64668653687876, "params": {"p": 276, "r": 58, "h": 44}, "datetime": "2024-06-20 20:19:24.249247", "elapsed": "117.311971"}
{"target": 72.82325228221656, "params": {"p": 275, "r": 57, "h": 43}, "datetime": "2024-06-20 20:19:48.694083", "elapsed": "141.756807"}
{"target": 65.20235042488939, "params": {"p": 273, "r": 59, "h": 36}, "datetime": "2024-06-20 20:20:13.929986", "elapsed": "166.99271"}
{"target": 78.08320410687712, "params": {"p": 275, "r": 55, "h": 41}, "datetime": "2024-06-20 20:20:42.774828", "elapsed": "195.837552"}
{"target": 97.87140939833886, "params": {"p": 282, "r": 49, "h": 33}, "datetime": "2024-06-20 20:21:09.079593", "elapsed": "222.142317"}
{"target": 90.6722950110832, "params": {"p": 283, "r": 47, "h": 32}, "datetime": "2024-06-20 20:21:39.336758", "elapsed": "252.399482"}
{"target": 97.43704923463011, "params": {"p": 281, "r": 52, "h": 33}, "datetime": "2024-06-20 20:22:06.915425", "elapsed": "279.978149"}
{"target": 97.46279343252617, "params": {"p": 282, "r": 50, "h": 34}, "datetime": "2024-06-20 20:22:33.431953", "elapsed": "306.494677"}
{"target": 103.18694261828627, "params": {"p": 280, "r": 49, "h": 32}, "datetime": "2024-06-20 20:23:02.145983", "elapsed": "335.208707"}
{"target": 101.12443935656249, "params": {"p": 279, "r": 49, "h": 32}, "datetime": "2024-06-20 20:23:28.177334", "elapsed": "361.240058"}
{"target": 105.82985094447507, "params": {"p": 280, "r": 48, "h": 25}, "datetime": "2024-06-20 20:23:54.250456", "elapsed": "387.31318"}
{"target": 117.91423058388274, "params": {"p": 280, "r": 48, "h": 28}, "datetime": "2024-06-20 20:24:26.631729", "elapsed": "419.694453"}
{"target": 111.58402093760284, "params": {"p": 280, "r": 47, "h": 29}, "datetime": "2024-06-20 20:24:59.390266", "elapsed": "452.45299"}
{"target": 107.21469850935493, "params": {"p": 280, "r": 49, "h": 27}, "datetime": "2024-06-20 20:25:28.866782", "elapsed": "481.929506"}
{"target": 26.31196087919987, "params": {"p": 248, "r": 45, "h": 46}, "datetime": "2024-06-20 20:25:58.919073", "elapsed": "511.981797"}
{"target": 152.25934203725635, "params": {"p": 285, "r": 42, "h": 22}, "datetime": "2024-06-20 20:26:27.213631", "elapsed": "540.276355"}
{"target": 135.27218735295273, "params": {"p": 291, "r": 37, "h": 16}, "datetime": "2024-06-20 20:26:55.662002", "elapsed": "568.724726"}
{"target": 158.64407429734123, "params": {"p": 288, "r": 41, "h": 20}, "datetime": "2024-06-20 20:27:23.232795", "elapsed": "596.295519"}
{"target": 160.3713267602331, "params": {"p": 289, "r": 41, "h": 21}, "datetime": "2024-06-20 20:27:51.407700", "elapsed": "624.470424"}
{"target": 153.60527493590362, "params": {"p": 290, "r": 42, "h": 21}, "datetime": "2024-06-20 20:28:18.141775", "elapsed": "651.204499"}
{"target": 141.07381341112742, "params": {"p": 287, "r": 40, "h": 21}, "datetime": "2024-06-20 20:28:43.667125", "elapsed": "676.729849"}
{"target": 149.11326266562492, "params": {"p": 286, "r": 43, "h": 22}, "datetime": "2024-06-20 20:29:08.032967", "elapsed": "701.095691"}
{"target": 156.98449490775965, "params": {"p": 294, "r": 39, "h": 18}, "datetime": "2024-06-20 20:29:34.719901", "elapsed": "727.782625"}
{"target": 159.42683298594946, "params": {"p": 292, "r": 40, "h": 19}, "datetime": "2024-06-20 20:30:03.479791", "elapsed": "756.542515"}
{"target": 73.16866529452409, "params": {"p": 298, "r": 37, "h": 15}, "datetime": "2024-06-20 20:30:32.205916", "elapsed": "785.26864"}
{"target": 133.2013977938306, "params": {"p": 284, "r": 42, "h": 23}, "datetime": "2024-06-20 20:30:56.243342", "elapsed": "809.306066"}
{"target": 33.827892843162, "params": {"p": 296, "r": 38, "h": 25}, "datetime": "2024-06-20 20:31:26.952464", "elapsed": "840.015188"}
{"target": 56.99341086409113, "params": {"p": 271, "r": 62, "h": 55}, "datetime": "2024-06-20 20:31:53.203211", "elapsed": "866.265935"}
{"target": 3.7063184517774785, "params": {"p": 490, "r": 94, "h": 60}, "datetime": "2024-06-20 20:32:20.919554", "elapsed": "893.982278"}
{"target": 113.26061294701945, "params": {"p": 278, "r": 42, "h": 19}, "datetime": "2024-06-20 20:32:45.878057", "elapsed": "918.940781"}
{"target": 80.36532062822909, "params": {"p": 285, "r": 42, "h": 26}, "datetime": "2024-06-20 20:33:10.455608", "elapsed": "943.518332"}
{"target": 36.64508349495182, "params": {"p": 284, "r": 35, "h": 20}, "datetime": "2024-06-20 20:33:35.701198", "elapsed": "968.763922"}
{"target": 6.786720380227288, "params": {"p": 257, "r": 36, "h": 54}, "datetime": "2024-06-20 20:34:06.825662", "elapsed": "999.888386"}
{"target": 0.24979581343345086, "params": {"p": 240, "r": 15, "h": 24}, "datetime": "2024-06-20 20:34:49.702527", "elapsed": "1042.765251"}
{"target": 156.14208247006667, "params": {"p": 293, "r": 41, "h": 20}, "datetime": "2024-06-20 20:35:15.392276", "elapsed": "1068.455"}
{"target": 128.10734918349576, "params": {"p": 295, "r": 42, "h": 20}, "datetime": "2024-06-20 20:35:45.558185", "elapsed": "1098.620909"}
{"target": 141.66722750779255, "params": {"p": 272, "r": 42, "h": 20}, "datetime": "2024-06-20 20:36:09.886654", "elapsed": "1122.949378"}
{"target": 144.32489834588765, "params": {"p": 258, "r": 40, "h": 18}, "datetime": "2024-06-20 20:36:36.327950", "elapsed": "1149.390674"}
{"target": 146.89836908471392, "params": {"p": 266, "r": 42, "h": 21}, "datetime": "2024-06-20 20:37:04.281793", "elapsed": "1177.344517"}
{"target": 179.40195476673642, "params": {"p": 263, "r": 34, "h": 15}, "datetime": "2024-06-20 20:37:31.460349", "elapsed": "1204.523073"}
{"target": 170.721830807905, "params": {"p": 297, "r": 40, "h": 20}, "datetime": "2024-06-20 20:37:58.229083", "elapsed": "1231.291807"}
{"target": 177.85955244492854, "params": {"p": 264, "r": 35, "h": 15}, "datetime": "2024-06-20 20:38:22.545691", "elapsed": "1255.608415"}
{"target": 84.3472541233878, "params": {"p": 261, "r": 32, "h": 15}, "datetime": "2024-06-20 20:38:49.261401", "elapsed": "1282.324125"}
{"target": 0.2750281072749542, "params": {"p": 226, "r": 15, "h": 36}, "datetime": "2024-06-20 20:39:39.612136", "elapsed": "1332.67486"}
{"target": 46.88210302210144, "params": {"p": 262, "r": 35, "h": 19}, "datetime": "2024-06-20 20:40:04.796403", "elapsed": "1357.859127"}
{"target": 21.730429626499163, "params": {"p": 254, "r": 50, "h": 16}, "datetime": "2024-06-20 20:40:29.766475", "elapsed": "1382.829199"}
{"target": 0, "params": {"p": 342, "r": 150, "h": 60}, "datetime": "2024-06-20 20:40:35.555424", "elapsed": "1388.618148"}
{"target": 80.27819353638336, "params": {"p": 259, "r": 38, "h": 15}, "datetime": "2024-06-20 20:40:59.345862", "elapsed": "1412.408586"}
{"target": 8.498295242786856, "params": {"p": 539, "r": 148, "h": 60}, "datetime": "2024-06-20 20:41:23.586280", "elapsed": "1436.649004"}
{"target": 20.360560216036447, "params": {"p": 268, "r": 29, "h": 15}, "datetime": "2024-06-20 20:41:48.534016", "elapsed": "1461.59674"}
{"target": 106.03975096462207, "params": {"p": 255, "r": 48, "h": 27}, "datetime": "2024-06-20 20:42:13.448022", "elapsed": "1486.510746"}
{"target": 0, "params": {"p": 287, "r": 149, "h": 60}, "datetime": "2024-06-20 20:42:19.881510", "elapsed": "1492.944234"}
{"target": 124.07665332561922, "params": {"p": 260, "r": 44, "h": 21}, "datetime": "2024-06-20 20:42:43.161140", "elapsed": "1516.223864"}
{"target": 110.65079462097134, "params": {"p": 238, "r": 46, "h": 23}, "datetime": "2024-06-20 20:43:08.573401", "elapsed": "1541.636125"}
{"target": 128.3202768273453, "params": {"p": 251, "r": 44, "h": 22}, "datetime": "2024-06-20 20:43:33.645485", "elapsed": "1566.708209"}
{"target": 44.456257094078396, "params": {"p": 236, "r": 60, "h": 25}, "datetime": "2024-06-20 20:43:58.654082", "elapsed": "1591.716806"}
{"target": 0.2873495275491298, "params": {"p": 229, "r": 15, "h": 21}, "datetime": "2024-06-20 20:44:35.581345", "elapsed": "1628.644069"}
{"target": 4.757177736390807, "params": {"p": 553, "r": 150, "h": 15}, "datetime": "2024-06-20 20:45:22.370943", "elapsed": "1675.433667"}
{"target": 4.969105027159567, "params": {"p": 591, "r": 150, "h": 60}, "datetime": "2024-06-20 20:45:47.943040", "elapsed": "1701.005764"}
{"target": 2.5843206941856316, "params": {"p": 546, "r": 101, "h": 60}, "datetime": "2024-06-20 20:46:18.653405", "elapsed": "1731.716129"}
{"target": 58.046567557313686, "params": {"p": 476, "r": 150, "h": 60}, "datetime": "2024-06-20 20:46:42.109033", "elapsed": "1755.171757"}
{"target": 59.77370957084144, "params": {"p": 477, "r": 150, "h": 60}, "datetime": "2024-06-20 20:47:06.121041", "elapsed": "1779.183765"}
{"target": 134.840378953729, "params": {"p": 267, "r": 44, "h": 23}, "datetime": "2024-06-20 20:47:35.036694", "elapsed": "1808.099418"}
{"target": 93.17043145343172, "params": {"p": 246, "r": 50, "h": 26}, "datetime": "2024-06-20 20:47:58.261893", "elapsed": "1831.324617"}
{"target": 141.53516289765383, "params": {"p": 256, "r": 42, "h": 20}, "datetime": "2024-06-20 20:48:22.735692", "elapsed": "1855.798416"}
{"target": 181.7682203629216, "params": {"p": 270, "r": 34, "h": 15}, "datetime": "2024-06-20 20:49:02.295753", "elapsed": "1895.358477"}
{"target": 158.83154505876638, "params": {"p": 299, "r": 39, "h": 20}, "datetime": "2024-06-20 20:49:34.516024", "elapsed": "1927.578748"}
{"target": 158.6078819283407, "params": {"p": 300, "r": 39, "h": 20}, "datetime": "2024-06-20 20:50:07.295155", "elapsed": "1960.357879"}
{"target": 145.16666111035468, "params": {"p": 321, "r": 43, "h": 23}, "datetime": "2024-06-20 20:50:46.843955", "elapsed": "1999.906679"}
{"target": 140.3181679170893, "params": {"p": 311, "r": 42, "h": 21}, "datetime": "2024-06-20 20:51:20.865911", "elapsed": "2033.928635"}
{"target": 177.79154709352176, "params": {"p": 253, "r": 35, "h": 15}, "datetime": "2024-06-20 20:51:55.806273", "elapsed": "2068.868997"}
{"target": 175.43896091273962, "params": {"p": 242, "r": 35, "h": 15}, "datetime": "2024-06-20 20:52:29.084167", "elapsed": "2102.146891"}
{"target": 147.2048920660406, "params": {"p": 335, "r": 44, "h": 26}, "datetime": "2024-06-20 20:53:02.017206", "elapsed": "2135.07993"}
{"target": 163.1289745622188, "params": {"p": 329, "r": 43, "h": 25}, "datetime": "2024-06-20 20:53:35.586534", "elapsed": "2168.649258"}
{"target": 162.58902703992752, "params": {"p": 249, "r": 37, "h": 16}, "datetime": "2024-06-20 20:54:05.996462", "elapsed": "2199.059186"}
{"target": 35.017586448129016, "params": {"p": 239, "r": 30, "h": 15}, "datetime": "2024-06-20 20:54:39.528253", "elapsed": "2232.590977"}
{"target": 39.218233709066155, "params": {"p": 235, "r": 43, "h": 15}, "datetime": "2024-06-20 20:55:20.512518", "elapsed": "2273.575242"}
{"target": 178.35231413422318, "params": {"p": 252, "r": 35, "h": 15}, "datetime": "2024-06-20 20:55:53.106977", "elapsed": "2306.169701"}
{"target": 169.20369028951862, "params": {"p": 250, "r": 34, "h": 15}, "datetime": "2024-06-20 20:56:28.433286", "elapsed": "2341.49601"}
{"target": 166.41151517826722, "params": {"p": 247, "r": 34, "h": 15}, "datetime": "2024-06-20 20:57:03.929894", "elapsed": "2376.992618"}
{"target": 166.22849364568478, "params": {"p": 245, "r": 34, "h": 15}, "datetime": "2024-06-20 20:57:37.277251", "elapsed": "2410.339975"}
{"target": 164.24269462121038, "params": {"p": 244, "r": 34, "h": 15}, "datetime": "2024-06-20 20:58:10.040564", "elapsed": "2443.103288"}
{"target": 12.100515266489683, "params": {"p": 266, "r": 56, "h": 15}, "datetime": "2024-06-20 20:58:42.072549", "elapsed": "2475.135273"}
{"target": 18.128124369471657, "params": {"p": 255, "r": 72, "h": 20}, "datetime": "2024-06-20 20:59:13.878798", "elapsed": "2506.941522"}
{"target": 143.8825015115099, "params": {"p": 243, "r": 38, "h": 18}, "datetime": "2024-06-20 20:59:41.548882", "elapsed": "2534.611606"}
{"target": 162.869443413005, "params": {"p": 327, "r": 43, "h": 25}, "datetime": "2024-06-20 21:00:16.984715", "elapsed": "2570.047439"}
{"target": 163.37210593374985, "params": {"p": 330, "r": 43, "h": 25}, "datetime": "2024-06-20 21:00:50.343759", "elapsed": "2603.406483"}
{"target": 167.21584276491834, "params": {"p": 305, "r": 41, "h": 21}, "datetime": "2024-06-20 21:01:22.451556", "elapsed": "2635.51428"}
{"target": 83.00541541708589, "params": {"p": 333, "r": 39, "h": 24}, "datetime": "2024-06-20 21:01:56.257402", "elapsed": "2669.320126"}
{"target": 22.80035346532877, "params": {"p": 268, "r": 61, "h": 21}, "datetime": "2024-06-20 21:02:21.749624", "elapsed": "2694.812348"}
{"target": 119.77296285954519, "params": {"p": 241, "r": 37, "h": 15}, "datetime": "2024-06-20 21:02:49.447826", "elapsed": "2722.51055"}
{"target": 89.72553975995326, "params": {"p": 219, "r": 45, "h": 19}, "datetime": "2024-06-20 21:03:16.803994", "elapsed": "2749.866718"}
{"target": 160.4072436742253, "params": {"p": 237, "r": 34, "h": 15}, "datetime": "2024-06-20 21:03:42.906500", "elapsed": "2775.969224"}
{"target": 18.209847511019213, "params": {"p": 234, "r": 36, "h": 26}, "datetime": "2024-06-20 21:04:10.589029", "elapsed": "2803.651753"}
{"target": 10.708276739097622, "params": {"p": 265, "r": 63, "h": 15}, "datetime": "2024-06-20 21:04:35.338681", "elapsed": "2828.401405"}
{"target": 64.2591168046602, "params": {"p": 331, "r": 48, "h": 26}, "datetime": "2024-06-20 21:05:02.024046", "elapsed": "2855.08677"}
{"target": 73.34473129033047, "params": {"p": 487, "r": 150, "h": 60}, "datetime": "2024-06-20 21:05:26.080043", "elapsed": "2879.142767"}
{"target": 61.33031631750052, "params": {"p": 492, "r": 150, "h": 60}, "datetime": "2024-06-20 21:05:52.859385", "elapsed": "2905.922109"}
{"target": 71.92819382375176, "params": {"p": 485, "r": 150, "h": 60}, "datetime": "2024-06-20 21:06:14.757148", "elapsed": "2927.819872"}
{"target": 71.1729926508864, "params": {"p": 488, "r": 150, "h": 60}, "datetime": "2024-06-20 21:06:39.754730", "elapsed": "2952.817454"}
{"target": 30.81045850894196, "params": {"p": 227, "r": 49, "h": 16}, "datetime": "2024-06-20 21:07:02.517362", "elapsed": "2975.580086"}
{"target": 64.20931475705108, "params": {"p": 233, "r": 36, "h": 19}, "datetime": "2024-06-20 21:07:31.433793", "elapsed": "3004.496517"}
{"target": 47.900241729620156, "params": {"p": 232, "r": 36, "h": 20}, "datetime": "2024-06-20 21:08:04.955268", "elapsed": "3038.017992"}
{"target": 46.787513078279815, "params": {"p": 231, "r": 36, "h": 20}, "datetime": "2024-06-20 21:08:34.099105", "elapsed": "3067.161829"}
{"target": 48.11493855373987, "params": {"p": 230, "r": 36, "h": 20}, "datetime": "2024-06-20 21:09:04.898387", "elapsed": "3097.961111"}
{"target": 47.10444475304556, "params": {"p": 228, "r": 36, "h": 20}, "datetime": "2024-06-20 21:09:35.929394", "elapsed": "3128.992118"}
{"target": 48.927442154080566, "params": {"p": 225, "r": 36, "h": 20}, "datetime": "2024-06-20 21:10:11.265762", "elapsed": "3164.328486"}
{"target": 48.064863183648065, "params": {"p": 224, "r": 36, "h": 20}, "datetime": "2024-06-20 21:10:41.474657", "elapsed": "3194.537381"}
{"target": 47.425785346623805, "params": {"p": 223, "r": 36, "h": 20}, "datetime": "2024-06-20 21:11:11.860074", "elapsed": "3224.922798"}
{"target": 48.29550928791689, "params": {"p": 222, "r": 36, "h": 20}, "datetime": "2024-06-20 21:11:44.807606", "elapsed": "3257.87033"}
{"target": 10.61351004876871, "params": {"p": 265, "r": 64, "h": 15}, "datetime": "2024-06-20 21:12:14.312451", "elapsed": "3287.375175"}
{"target": 47.40631958680889, "params": {"p": 221, "r": 36, "h": 20}, "datetime": "2024-06-20 21:12:46.881401", "elapsed": "3319.944125"}
{"target": 71.83375484336786, "params": {"p": 484, "r": 150, "h": 60}, "datetime": "2024-06-20 21:13:13.441963", "elapsed": "3346.504687"}
{"target": 22.83810782105803, "params": {"p": 508, "r": 150, "h": 60}, "datetime": "2024-06-20 21:13:38.782839", "elapsed": "3371.845563"}
{"target": 68.41061300925443, "params": {"p": 482, "r": 150, "h": 60}, "datetime": "2024-06-20 21:14:04.814780", "elapsed": "3397.877504"}
{"target": 85.0799253999669, "params": {"p": 220, "r": 48, "h": 26}, "datetime": "2024-06-20 21:14:29.525620", "elapsed": "3422.588344"}
{"target": 47.3776120493222, "params": {"p": 218, "r": 36, "h": 20}, "datetime": "2024-06-20 21:14:57.042458", "elapsed": "3450.105182"}
{"target": 90.63602727214713, "params": {"p": 200, "r": 41, "h": 16}, "datetime": "2024-06-20 21:15:27.281880", "elapsed": "3480.344604"}
{"target": 10.463296328879489, "params": {"p": 265, "r": 65, "h": 15}, "datetime": "2024-06-20 21:15:54.793714", "elapsed": "3507.856438"}
{"target": 48.06312551598174, "params": {"p": 217, "r": 36, "h": 20}, "datetime": "2024-06-20 21:16:28.433179", "elapsed": "3541.495903"}
{"target": 48.33204814132987, "params": {"p": 216, "r": 36, "h": 20}, "datetime": "2024-06-20 21:17:06.608176", "elapsed": "3579.6709"}
{"target": 21.282650088326992, "params": {"p": 247, "r": 67, "h": 20}, "datetime": "2024-06-20 21:17:36.074526", "elapsed": "3609.13725"}
{"target": 47.898380446770204, "params": {"p": 215, "r": 36, "h": 20}, "datetime": "2024-06-20 21:18:09.217256", "elapsed": "3642.27998"}
{"target": 20.885682447722306, "params": {"p": 247, "r": 68, "h": 20}, "datetime": "2024-06-20 21:18:40.873440", "elapsed": "3673.936164"}
{"target": 104.43316656394335, "params": {"p": 332, "r": 42, "h": 28}, "datetime": "2024-06-20 21:19:21.938522", "elapsed": "3715.001246"}
{"target": 48.33913917322248, "params": {"p": 214, "r": 36, "h": 20}, "datetime": "2024-06-20 21:20:10.169354", "elapsed": "3763.232078"}
{"target": 20.41207389544503, "params": {"p": 247, "r": 69, "h": 20}, "datetime": "2024-06-20 21:20:48.069796", "elapsed": "3801.13252"}
{"target": 48.595480373796114, "params": {"p": 213, "r": 36, "h": 20}, "datetime": "2024-06-20 21:21:31.682181", "elapsed": "3844.744905"}
{"target": 20.06929131628284, "params": {"p": 247, "r": 70, "h": 20}, "datetime": "2024-06-20 21:22:14.110536", "elapsed": "3887.17326"}
{"target": 47.12921976909634, "params": {"p": 212, "r": 36, "h": 20}, "datetime": "2024-06-20 21:23:17.056827", "elapsed": "3950.119551"}
{"target": 48.16723146051998, "params": {"p": 211, "r": 36, "h": 20}, "datetime": "2024-06-20 21:24:14.750003", "elapsed": "4007.812727"}
{"target": 48.24231921258002, "params": {"p": 210, "r": 36, "h": 20}, "datetime": "2024-06-20 21:25:03.201983", "elapsed": "4056.264707"}
{"target": 19.234930757418343, "params": {"p": 247, "r": 73, "h": 20}, "datetime": "2024-06-20 21:25:54.644212", "elapsed": "4107.706936"}
{"target": 48.87146544963596, "params": {"p": 209, "r": 36, "h": 20}, "datetime": "2024-06-20 21:26:52.410698", "elapsed": "4165.473422"}
{"target": 189.3920908505634, "params": {"p": 301, "r": 34, "h": 15}, "datetime": "2024-06-20 21:28:02.375340", "elapsed": "4235.438064"}
{"target": 7.887631771385893, "params": {"p": 309, "r": 27, "h": 15}, "datetime": "2024-06-20 21:29:04.789005", "elapsed": "4297.851729"}
{"target": 161.72707065223136, "params": {"p": 303, "r": 33, "h": 15}, "datetime": "2024-06-20 21:30:06.297907", "elapsed": "4359.360631"}
{"target": 5.5249629777657505, "params": {"p": 302, "r": 26, "h": 15}, "datetime": "2024-06-20 21:31:12.563546", "elapsed": "4425.62627"}
{"target": 19.038014835290785, "params": {"p": 247, "r": 74, "h": 20}, "datetime": "2024-06-20 21:32:03.322228", "elapsed": "4476.384952"}
{"target": 48.58073014563613, "params": {"p": 208, "r": 36, "h": 20}, "datetime": "2024-06-20 21:33:02.364882", "elapsed": "4535.427606"}
{"target": 105.08451644179554, "params": {"p": 304, "r": 32, "h": 15}, "datetime": "2024-06-20 21:33:58.576812", "elapsed": "4591.639536"}
{"target": 0.18538208412272442, "params": {"p": 319, "r": 15, "h": 15}, "datetime": "2024-06-20 21:35:13.402565", "elapsed": "4666.465289"}
{"target": 18.858563772909868, "params": {"p": 247, "r": 75, "h": 20}, "datetime": "2024-06-20 21:36:07.859311", "elapsed": "4720.922035"}
{"target": 48.9044033248101, "params": {"p": 207, "r": 36, "h": 20}, "datetime": "2024-06-20 21:37:01.093016", "elapsed": "4774.15574"}
{"target": 18.63726204391708, "params": {"p": 247, "r": 76, "h": 20}, "datetime": "2024-06-20 21:37:56.755335", "elapsed": "4829.818059"}
{"target": 187.47154727969547, "params": {"p": 306, "r": 34, "h": 15}, "datetime": "2024-06-20 21:38:52.093021", "elapsed": "4885.155745"}
