{"target": 0, "params": {"p": 313, "r": 133, "h": 51}, "datetime": "2024-06-23 18:39:56.496955", "elapsed": "0.919144"}
{"target": 0.0619742, "params": {"p": 729, "r": 18, "h": 20}, "datetime": "2024-06-23 18:39:56.496955", "elapsed": "0.919144"}
{"target": 4.0078487, "params": {"p": 495, "r": 140, "h": 17}, "datetime": "2024-06-23 18:39:56.496955", "elapsed": "0.919144"}
{"target": 0.3807879, "params": {"p": 826, "r": 31, "h": 60}, "datetime": "2024-06-23 18:39:56.496955", "elapsed": "0.919144"}
{"target": 0.9048905, "params": {"p": 923, "r": 96, "h": 39}, "datetime": "2024-06-23 18:39:56.496955", "elapsed": "0.919144"}
{"target": 1.7643247, "params": {"p": 804, "r": 71, "h": 53}, "datetime": "2024-06-23 18:39:56.496955", "elapsed": "0.919144"}
{"target": 3.9631232, "params": {"p": 433, "r": 117, "h": 37}, "datetime": "2024-06-23 18:39:56.512580", "elapsed": "0.934769"}
{"target": 33.14079, "params": {"p": 269, "r": 46, "h": 44}, "datetime": "2024-06-23 18:39:56.512580", "elapsed": "0.934769"}
{"target": 2.0329649, "params": {"p": 585, "r": 104, "h": 24}, "datetime": "2024-06-23 18:39:56.512580", "elapsed": "0.934769"}
{"target": 0, "params": {"p": 102, "r": 60, "h": 30}, "datetime": "2024-06-23 18:39:56.512580", "elapsed": "0.934769"}
{"target": 10.169724799912403, "params": {"p": 266, "r": 38, "h": 43}, "datetime": "2024-06-23 18:40:35.169762", "elapsed": "39.591951"}
{"target": 62.651390990687624, "params": {"p": 275, "r": 61, "h": 46}, "datetime": "2024-06-23 18:41:01.987313", "elapsed": "66.409502"}
{"target": 48.448854471305935, "params": {"p": 277, "r": 67, "h": 46}, "datetime": "2024-06-23 18:41:28.703536", "elapsed": "93.125725"}
{"target": 65.02515176832513, "params": {"p": 276, "r": 59, "h": 51}, "datetime": "2024-06-23 18:41:58.016571", "elapsed": "122.43876"}
{"target": 68.45263602039871, "params": {"p": 278, "r": 57, "h": 49}, "datetime": "2024-06-23 18:42:27.899372", "elapsed": "152.321561"}
{"target": 72.07939837390366, "params": {"p": 282, "r": 55, "h": 48}, "datetime": "2024-06-23 18:42:57.274161", "elapsed": "181.69635"}
{"target": 72.77486524275645, "params": {"p": 289, "r": 53, "h": 48}, "datetime": "2024-06-23 18:43:27.038228", "elapsed": "211.460417"}
{"target": 78.11734951966375, "params": {"p": 287, "r": 54, "h": 46}, "datetime": "2024-06-23 18:43:58.911375", "elapsed": "243.333564"}
{"target": 90.36699093293086, "params": {"p": 292, "r": 54, "h": 36}, "datetime": "2024-06-23 18:44:27.849242", "elapsed": "272.271431"}
{"target": 95.08838326994693, "params": {"p": 290, "r": 53, "h": 35}, "datetime": "2024-06-23 18:44:56.698789", "elapsed": "301.120978"}
{"target": 113.14208407696192, "params": {"p": 288, "r": 49, "h": 31}, "datetime": "2024-06-23 18:45:25.179874", "elapsed": "329.602063"}
{"target": 156.69676123673244, "params": {"p": 291, "r": 42, "h": 22}, "datetime": "2024-06-23 18:45:53.072248", "elapsed": "357.494437"}
{"target": 93.16088432850695, "params": {"p": 294, "r": 38, "h": 16}, "datetime": "2024-06-23 18:46:21.668244", "elapsed": "386.090433"}
{"target": 117.81718821132569, "params": {"p": 289, "r": 41, "h": 23}, "datetime": "2024-06-23 18:46:51.402570", "elapsed": "415.824759"}
{"target": 19.438995874638834, "params": {"p": 298, "r": 50, "h": 18}, "datetime": "2024-06-23 18:47:22.595941", "elapsed": "447.01813"}
{"target": 50.47835841907486, "params": {"p": 299, "r": 41, "h": 28}, "datetime": "2024-06-23 18:47:53.904448", "elapsed": "478.326637"}
{"target": 84.20106578998424, "params": {"p": 293, "r": 45, "h": 21}, "datetime": "2024-06-23 18:48:23.441295", "elapsed": "507.863484"}
{"target": 5.879785433000217, "params": {"p": 314, "r": 70, "h": 15}, "datetime": "2024-06-23 18:48:52.663210", "elapsed": "537.085399"}
{"target": 93.80541472299079, "params": {"p": 293, "r": 40, "h": 23}, "datetime": "2024-06-23 18:49:25.982352", "elapsed": "570.404541"}
{"target": 107.47028121050764, "params": {"p": 316, "r": 48, "h": 37}, "datetime": "2024-06-23 18:49:58.984500", "elapsed": "603.406689"}
{"target": 7.065755477282657, "params": {"p": 249, "r": 36, "h": 55}, "datetime": "2024-06-23 18:50:39.179758", "elapsed": "643.601947"}
{"target": 26.03247151391306, "params": {"p": 286, "r": 42, "h": 15}, "datetime": "2024-06-23 18:51:09.209937", "elapsed": "673.632126"}
{"target": 8.382079732471256, "params": {"p": 315, "r": 51, "h": 15}, "datetime": "2024-06-23 18:51:38.562031", "elapsed": "702.98422"}
{"target": 70.81993554372565, "params": {"p": 306, "r": 47, "h": 39}, "datetime": "2024-06-23 18:52:09.708667", "elapsed": "734.130856"}
{"target": 99.75969747376902, "params": {"p": 290, "r": 48, "h": 33}, "datetime": "2024-06-23 18:52:40.831281", "elapsed": "765.25347"}
{"target": 101.14909482583222, "params": {"p": 290, "r": 42, "h": 19}, "datetime": "2024-06-23 18:53:10.478692", "elapsed": "794.900881"}
{"target": 138.05456326886, "params": {"p": 291, "r": 44, "h": 25}, "datetime": "2024-06-23 18:53:41.207076", "elapsed": "825.629265"}
{"target": 106.03625891703543, "params": {"p": 309, "r": 48, "h": 27}, "datetime": "2024-06-23 18:54:13.953159", "elapsed": "858.375348"}
{"target": 106.79445285697388, "params": {"p": 291, "r": 43, "h": 26}, "datetime": "2024-06-23 18:54:46.356286", "elapsed": "890.778475"}
{"target": 152.44349139964757, "params": {"p": 295, "r": 43, "h": 23}, "datetime": "2024-06-23 18:55:19.601202", "elapsed": "924.023391"}
{"target": 93.72946114669436, "params": {"p": 326, "r": 55, "h": 53}, "datetime": "2024-06-23 18:55:54.936863", "elapsed": "959.359052"}
{"target": 63.26640807460839, "params": {"p": 257, "r": 39, "h": 15}, "datetime": "2024-06-23 18:56:28.573519", "elapsed": "992.995708"}
{"target": 72.93843114232101, "params": {"p": 304, "r": 45, "h": 21}, "datetime": "2024-06-23 18:57:01.021265", "elapsed": "1025.443454"}
{"target": 114.00132262077463, "params": {"p": 302, "r": 49, "h": 29}, "datetime": "2024-06-23 18:57:33.188777", "elapsed": "1057.610966"}
{"target": 86.05330134658237, "params": {"p": 312, "r": 52, "h": 32}, "datetime": "2024-06-23 18:58:05.100823", "elapsed": "1089.523012"}
{"target": 153.71444061649257, "params": {"p": 296, "r": 43, "h": 23}, "datetime": "2024-06-23 18:58:36.567586", "elapsed": "1120.989775"}
{"target": 55.257657303650724, "params": {"p": 329, "r": 46, "h": 46}, "datetime": "2024-06-23 18:59:13.021527", "elapsed": "1157.443716"}
{"target": 148.84180251069765, "params": {"p": 300, "r": 44, "h": 24}, "datetime": "2024-06-23 18:59:45.870929", "elapsed": "1190.293118"}
{"target": 153.99844108245708, "params": {"p": 297, "r": 43, "h": 23}, "datetime": "2024-06-23 19:00:18.860632", "elapsed": "1223.282821"}
{"target": 84.93713962797722, "params": {"p": 317, "r": 57, "h": 60}, "datetime": "2024-06-23 19:00:53.972831", "elapsed": "1258.39502"}
{"target": 148.7654036879056, "params": {"p": 301, "r": 44, "h": 24}, "datetime": "2024-06-23 19:01:25.610649", "elapsed": "1290.032838"}
{"target": 26.720353191039923, "params": {"p": 255, "r": 42, "h": 35}, "datetime": "2024-06-23 19:02:00.950898", "elapsed": "1325.373087"}
{"target": 6.985975842018567, "params": {"p": 307, "r": 60, "h": 15}, "datetime": "2024-06-23 19:02:31.446521", "elapsed": "1355.86871"}
{"target": 140.76692059238923, "params": {"p": 305, "r": 44, "h": 26}, "datetime": "2024-06-23 19:03:07.584795", "elapsed": "1392.007985"}
{"target": 146.9824743650419, "params": {"p": 285, "r": 43, "h": 23}, "datetime": "2024-06-23 19:03:41.991168", "elapsed": "1426.413357"}
{"target": 124.93668035774857, "params": {"p": 274, "r": 46, "h": 24}, "datetime": "2024-06-23 19:04:15.986275", "elapsed": "1460.408464"}
{"target": 145.67316900135737, "params": {"p": 284, "r": 43, "h": 23}, "datetime": "2024-06-23 19:04:49.182571", "elapsed": "1493.60476"}
{"target": 135.60727175806971, "params": {"p": 281, "r": 45, "h": 24}, "datetime": "2024-06-23 19:05:23.539530", "elapsed": "1527.961719"}
{"target": 145.17438546587, "params": {"p": 283, "r": 43, "h": 23}, "datetime": "2024-06-23 19:05:58.276101", "elapsed": "1562.69829"}
{"target": 112.47113814786232, "params": {"p": 273, "r": 41, "h": 18}, "datetime": "2024-06-23 19:06:32.869136", "elapsed": "1597.291325"}
{"target": 14.12170559332906, "params": {"p": 291, "r": 34, "h": 23}, "datetime": "2024-06-23 19:07:10.902495", "elapsed": "1635.324684"}
{"target": 0.23962055522861295, "params": {"p": 280, "r": 15, "h": 15}, "datetime": "2024-06-23 19:07:55.887992", "elapsed": "1680.310181"}
{"target": 1.4952037761311856, "params": {"p": 303, "r": 22, "h": 15}, "datetime": "2024-06-23 19:08:36.404958", "elapsed": "1720.827147"}
{"target": 8.861648062622008, "params": {"p": 279, "r": 27, "h": 15}, "datetime": "2024-06-23 19:09:16.575058", "elapsed": "1760.997247"}
{"target": 3.515412770134811, "params": {"p": 308, "r": 26, "h": 17}, "datetime": "2024-06-23 19:10:02.871077", "elapsed": "1807.293266"}
{"target": 4.824661126748194, "params": {"p": 310, "r": 27, "h": 17}, "datetime": "2024-06-23 19:10:48.896562", "elapsed": "1853.318751"}
{"target": 5.553747261798465, "params": {"p": 272, "r": 27, "h": 17}, "datetime": "2024-06-23 19:11:29.373164", "elapsed": "1893.795353"}
{"target": 6.5775821191412405, "params": {"p": 311, "r": 28, "h": 17}, "datetime": "2024-06-23 19:12:12.729315", "elapsed": "1937.151504"}
{"target": 7.491308581346641, "params": {"p": 271, "r": 28, "h": 17}, "datetime": "2024-06-23 19:12:54.370143", "elapsed": "1978.792332"}
{"target": 7.708842548832803, "params": {"p": 270, "r": 28, "h": 17}, "datetime": "2024-06-23 19:13:37.738615", "elapsed": "2022.160804"}
{"target": 7.6731255269860785, "params": {"p": 268, "r": 28, "h": 17}, "datetime": "2024-06-23 19:14:19.008632", "elapsed": "2063.430821"}
{"target": 7.864136279653951, "params": {"p": 267, "r": 28, "h": 17}, "datetime": "2024-06-23 19:15:04.121518", "elapsed": "2108.543707"}
{"target": 6.3052023326791184, "params": {"p": 318, "r": 28, "h": 17}, "datetime": "2024-06-23 19:15:50.882182", "elapsed": "2155.304371"}
{"target": 6.3277010479146645, "params": {"p": 319, "r": 28, "h": 17}, "datetime": "2024-06-23 19:16:35.785699", "elapsed": "2200.207888"}
{"target": 7.812023061770569, "params": {"p": 265, "r": 28, "h": 17}, "datetime": "2024-06-23 19:17:20.624698", "elapsed": "2245.046887"}
{"target": 6.517333956325829, "params": {"p": 320, "r": 28, "h": 17}, "datetime": "2024-06-23 19:18:07.614026", "elapsed": "2292.036215"}
{"target": 7.7525638074667835, "params": {"p": 264, "r": 28, "h": 17}, "datetime": "2024-06-23 19:18:53.377542", "elapsed": "2337.799731"}
{"target": 12.402982197409385, "params": {"p": 292, "r": 56, "h": 17}, "datetime": "2024-06-23 19:19:34.507719", "elapsed": "2378.929908"}
{"target": 7.925247441780838, "params": {"p": 288, "r": 75, "h": 15}, "datetime": "2024-06-23 19:20:13.114417", "elapsed": "2417.536606"}
{"target": 6.284296804321393, "params": {"p": 321, "r": 28, "h": 17}, "datetime": "2024-06-23 19:20:58.264075", "elapsed": "2462.686264"}
{"target": 22.367557985040808, "params": {"p": 291, "r": 58, "h": 22}, "datetime": "2024-06-23 19:21:37.043861", "elapsed": "2501.46605"}
{"target": 8.044819413593334, "params": {"p": 263, "r": 28, "h": 17}, "datetime": "2024-06-23 19:22:22.731723", "elapsed": "2547.153912"}
{"target": 6.3064120346351835, "params": {"p": 322, "r": 28, "h": 17}, "datetime": "2024-06-23 19:23:10.404585", "elapsed": "2594.826774"}
{"target": 4.7575877925399945, "params": {"p": 339, "r": 58, "h": 15}, "datetime": "2024-06-23 19:23:52.405754", "elapsed": "2636.827943"}
{"target": 8.072088237436096, "params": {"p": 262, "r": 28, "h": 17}, "datetime": "2024-06-23 19:24:39.571127", "elapsed": "2683.993316"}
{"target": 6.437877505519472, "params": {"p": 323, "r": 28, "h": 17}, "datetime": "2024-06-23 19:25:28.643743", "elapsed": "2733.065932"}
{"target": 8.250623006326492, "params": {"p": 261, "r": 28, "h": 17}, "datetime": "2024-06-23 19:26:15.541147", "elapsed": "2779.963336"}
{"target": 6.317860840566371, "params": {"p": 324, "r": 28, "h": 17}, "datetime": "2024-06-23 19:27:06.913685", "elapsed": "2831.335874"}
{"target": 8.142126182398592, "params": {"p": 260, "r": 28, "h": 17}, "datetime": "2024-06-23 19:27:57.001321", "elapsed": "2881.42351"}
{"target": 18.50211276167065, "params": {"p": 291, "r": 62, "h": 22}, "datetime": "2024-06-23 19:28:37.569337", "elapsed": "2921.991526"}
{"target": 6.449711972855762, "params": {"p": 325, "r": 28, "h": 17}, "datetime": "2024-06-23 19:29:31.274964", "elapsed": "2975.697153"}
{"target": 8.186782310309614, "params": {"p": 259, "r": 28, "h": 17}, "datetime": "2024-06-23 19:30:22.585755", "elapsed": "3027.007944"}
{"target": 8.022196659024875, "params": {"p": 258, "r": 28, "h": 17}, "datetime": "2024-06-23 19:31:14.880107", "elapsed": "3079.302296"}
{"target": 6.315861099100049, "params": {"p": 327, "r": 28, "h": 17}, "datetime": "2024-06-23 19:32:08.079466", "elapsed": "3132.501655"}
{"target": 10.211264553818818, "params": {"p": 292, "r": 63, "h": 17}, "datetime": "2024-06-23 19:32:58.791927", "elapsed": "3183.214116"}
{"target": 6.399866589575521, "params": {"p": 328, "r": 28, "h": 17}, "datetime": "2024-06-23 19:33:52.431731", "elapsed": "3236.85392"}
{"target": 8.24389638493327, "params": {"p": 256, "r": 28, "h": 17}, "datetime": "2024-06-23 19:34:45.624905", "elapsed": "3290.047094"}
{"target": 10.029293863468672, "params": {"p": 292, "r": 64, "h": 17}, "datetime": "2024-06-23 19:35:30.787525", "elapsed": "3335.209714"}
{"target": 9.902712061481294, "params": {"p": 292, "r": 65, "h": 17}, "datetime": "2024-06-23 19:36:18.049945", "elapsed": "3382.472134"}
{"target": 16.187860106471508, "params": {"p": 291, "r": 66, "h": 22}, "datetime": "2024-06-23 19:37:07.522841", "elapsed": "3431.94503"}
{"target": 6.18984261078168, "params": {"p": 330, "r": 28, "h": 17}, "datetime": "2024-06-23 19:38:00.032100", "elapsed": "3484.454289"}
{"target": 8.352244918708, "params": {"p": 254, "r": 28, "h": 17}, "datetime": "2024-06-23 19:38:54.137090", "elapsed": "3538.559279"}
{"target": 6.215204215113977, "params": {"p": 331, "r": 28, "h": 17}, "datetime": "2024-06-23 19:39:54.962415", "elapsed": "3599.384604"}
{"target": 8.544043877611958, "params": {"p": 253, "r": 28, "h": 17}, "datetime": "2024-06-23 19:40:50.561185", "elapsed": "3654.983374"}
{"target": 6.332178003263092, "params": {"p": 332, "r": 28, "h": 17}, "datetime": "2024-06-23 19:41:47.047269", "elapsed": "3711.469458"}
{"target": 8.515462296289952, "params": {"p": 252, "r": 28, "h": 17}, "datetime": "2024-06-23 19:42:40.950012", "elapsed": "3765.372201"}
{"target": 9.530808452322308, "params": {"p": 292, "r": 68, "h": 17}, "datetime": "2024-06-23 19:43:31.267880", "elapsed": "3815.690069"}
{"target": 6.506911973578569, "params": {"p": 333, "r": 28, "h": 17}, "datetime": "2024-06-23 19:44:30.149747", "elapsed": "3874.571936"}
{"target": 8.476863334114855, "params": {"p": 251, "r": 28, "h": 17}, "datetime": "2024-06-23 19:45:25.525499", "elapsed": "3929.947688"}
{"target": 9.447241849839482, "params": {"p": 292, "r": 69, "h": 17}, "datetime": "2024-06-23 19:46:15.182563", "elapsed": "3979.604752"}
{"target": 6.280768066603603, "params": {"p": 334, "r": 28, "h": 17}, "datetime": "2024-06-23 19:47:15.850515", "elapsed": "4040.272704"}
{"target": 8.561860886810853, "params": {"p": 250, "r": 28, "h": 17}, "datetime": "2024-06-23 19:48:14.743122", "elapsed": "4099.165311"}
{"target": 6.182099150418467, "params": {"p": 335, "r": 28, "h": 17}, "datetime": "2024-06-23 19:49:12.280241", "elapsed": "4156.70243"}
{"target": 6.265607192874012, "params": {"p": 336, "r": 28, "h": 17}, "datetime": "2024-06-23 19:50:10.369943", "elapsed": "4214.792132"}
{"target": 8.639524097199429, "params": {"p": 248, "r": 28, "h": 17}, "datetime": "2024-06-23 19:51:10.680369", "elapsed": "4275.102558"}
{"target": 9.282295091690036, "params": {"p": 292, "r": 72, "h": 17}, "datetime": "2024-06-23 19:52:00.851142", "elapsed": "4325.273331"}
{"target": 6.376141082152565, "params": {"p": 337, "r": 28, "h": 17}, "datetime": "2024-06-23 19:53:04.376054", "elapsed": "4388.798243"}
{"target": 8.638771739601765, "params": {"p": 247, "r": 28, "h": 17}, "datetime": "2024-06-23 19:54:02.317266", "elapsed": "4446.739455"}
{"target": 9.207954327224927, "params": {"p": 292, "r": 73, "h": 17}, "datetime": "2024-06-23 19:54:54.813402", "elapsed": "4499.235591"}
{"target": 6.2865932386929, "params": {"p": 338, "r": 28, "h": 17}, "datetime": "2024-06-23 19:55:57.257983", "elapsed": "4561.680172"}
{"target": 8.954126766531044, "params": {"p": 246, "r": 28, "h": 17}, "datetime": "2024-06-23 19:56:55.198833", "elapsed": "4619.621022"}
{"target": 9.205296295417181, "params": {"p": 292, "r": 74, "h": 17}, "datetime": "2024-06-23 19:57:50.879613", "elapsed": "4675.301802"}
{"target": 8.88510819947878, "params": {"p": 245, "r": 28, "h": 17}, "datetime": "2024-06-23 19:58:50.896805", "elapsed": "4735.318994"}
{"target": 6.332220099054842, "params": {"p": 340, "r": 28, "h": 17}, "datetime": "2024-06-23 19:59:52.502769", "elapsed": "4796.924958"}
{"target": 8.86402980521165, "params": {"p": 244, "r": 28, "h": 17}, "datetime": "2024-06-23 20:00:50.133707", "elapsed": "4854.555896"}
{"target": 9.142325927854392, "params": {"p": 292, "r": 76, "h": 17}, "datetime": "2024-06-23 20:01:47.475515", "elapsed": "4911.897704"}
{"target": 6.2791186434805235, "params": {"p": 341, "r": 28, "h": 17}, "datetime": "2024-06-23 20:02:53.872922", "elapsed": "4978.295111"}
{"target": 8.992970824127104, "params": {"p": 243, "r": 28, "h": 17}, "datetime": "2024-06-23 20:03:55.825727", "elapsed": "5040.247916"}
{"target": 9.144280522126337, "params": {"p": 292, "r": 77, "h": 17}, "datetime": "2024-06-23 20:04:57.324920", "elapsed": "5101.747109"}
{"target": 6.3851761654413295, "params": {"p": 342, "r": 28, "h": 17}, "datetime": "2024-06-23 20:06:03.374488", "elapsed": "5167.796677"}
{"target": 8.865291104921427, "params": {"p": 242, "r": 28, "h": 17}, "datetime": "2024-06-23 20:07:05.285780", "elapsed": "5229.707969"}
{"target": 9.136182445194109, "params": {"p": 292, "r": 78, "h": 17}, "datetime": "2024-06-23 20:08:02.438979", "elapsed": "5286.861168"}
{"target": 6.269618134639172, "params": {"p": 343, "r": 28, "h": 17}, "datetime": "2024-06-23 20:09:10.634956", "elapsed": "5355.057145"}
{"target": 9.001487450338624, "params": {"p": 241, "r": 28, "h": 17}, "datetime": "2024-06-23 20:10:19.060591", "elapsed": "5423.48278"}
{"target": 9.156752263590873, "params": {"p": 292, "r": 79, "h": 17}, "datetime": "2024-06-23 20:11:22.582519", "elapsed": "5487.004708"}
{"target": 6.441053169561951, "params": {"p": 344, "r": 28, "h": 17}, "datetime": "2024-06-23 20:12:31.874021", "elapsed": "5556.29621"}
{"target": 13.220086810620218, "params": {"p": 291, "r": 80, "h": 22}, "datetime": "2024-06-23 20:13:35.992001", "elapsed": "5620.41419"}
{"target": 9.063132697090976, "params": {"p": 240, "r": 28, "h": 17}, "datetime": "2024-06-23 20:14:47.462055", "elapsed": "5691.884244"}
{"target": 6.606137926540166, "params": {"p": 345, "r": 28, "h": 17}, "datetime": "2024-06-23 20:15:55.751099", "elapsed": "5760.173288"}
{"target": 9.011723744468476, "params": {"p": 239, "r": 28, "h": 17}, "datetime": "2024-06-23 20:17:00.505161", "elapsed": "5824.92735"}
{"target": 9.189412145164692, "params": {"p": 292, "r": 81, "h": 17}, "datetime": "2024-06-23 20:18:05.741499", "elapsed": "5890.163688"}
{"target": 6.367668387227483, "params": {"p": 346, "r": 28, "h": 17}, "datetime": "2024-06-23 20:19:20.847138", "elapsed": "5965.269327"}
{"target": 9.122802259647607, "params": {"p": 238, "r": 28, "h": 17}, "datetime": "2024-06-23 20:21:00.252013", "elapsed": "6064.674202"}
{"target": 9.204740624483424, "params": {"p": 292, "r": 82, "h": 17}, "datetime": "2024-06-23 20:22:36.890844", "elapsed": "6161.313033"}
{"target": 6.532822647399457, "params": {"p": 347, "r": 28, "h": 17}, "datetime": "2024-06-23 20:24:25.040015", "elapsed": "6269.462204"}
{"target": 9.186065919802132, "params": {"p": 237, "r": 28, "h": 17}, "datetime": "2024-06-23 20:26:09.915752", "elapsed": "6374.337941"}
{"target": 9.229971886742351, "params": {"p": 292, "r": 83, "h": 17}, "datetime": "2024-06-23 20:27:34.077899", "elapsed": "6458.500088"}
{"target": 6.653873917966291, "params": {"p": 348, "r": 28, "h": 17}, "datetime": "2024-06-23 20:29:10.364247", "elapsed": "6554.786436"}
{"target": 9.228169440356382, "params": {"p": 236, "r": 28, "h": 17}, "datetime": "2024-06-23 20:30:35.928169", "elapsed": "6640.350358"}
{"target": 9.312013222663465, "params": {"p": 292, "r": 84, "h": 17}, "datetime": "2024-06-23 20:32:00.452640", "elapsed": "6724.874829"}
{"target": 6.806387092991192, "params": {"p": 349, "r": 28, "h": 17}, "datetime": "2024-06-23 20:33:34.867734", "elapsed": "6819.289923"}
{"target": 9.28367160147571, "params": {"p": 235, "r": 28, "h": 17}, "datetime": "2024-06-23 20:35:13.132489", "elapsed": "6917.554678"}
{"target": 12.990738179053057, "params": {"p": 291, "r": 85, "h": 22}, "datetime": "2024-06-23 20:36:34.772825", "elapsed": "6999.195014"}
{"target": 6.71799466565926, "params": {"p": 350, "r": 28, "h": 17}, "datetime": "2024-06-23 20:38:26.543319", "elapsed": "7110.965508"}
{"target": 9.352670760812902, "params": {"p": 234, "r": 28, "h": 17}, "datetime": "2024-06-23 20:40:20.632464", "elapsed": "7225.054653"}
{"target": 9.40686460946325, "params": {"p": 292, "r": 86, "h": 17}, "datetime": "2024-06-23 20:42:01.943792", "elapsed": "7326.365981"}
{"target": 6.801258248975279, "params": {"p": 351, "r": 28, "h": 17}, "datetime": "2024-06-23 20:43:52.213740", "elapsed": "7436.635929"}
{"target": 9.375061870534802, "params": {"p": 233, "r": 28, "h": 17}, "datetime": "2024-06-23 20:45:44.994834", "elapsed": "7549.417023"}
{"target": 9.495035119649422, "params": {"p": 292, "r": 87, "h": 17}, "datetime": "2024-06-23 20:47:33.721603", "elapsed": "7658.143792"}
