{"target": 0, "params": {"p": 313, "r": 133, "h": 51}, "datetime": "2024-06-16 20:33:35.051391", "elapsed": "0.92193"}
{"target": 0.0619742, "params": {"p": 729, "r": 18, "h": 20}, "datetime": "2024-06-16 20:33:35.051391", "elapsed": "0.92193"}
{"target": 4.0078487, "params": {"p": 495, "r": 140, "h": 17}, "datetime": "2024-06-16 20:33:35.051391", "elapsed": "0.92193"}
{"target": 0.3807879, "params": {"p": 826, "r": 31, "h": 60}, "datetime": "2024-06-16 20:33:35.051391", "elapsed": "0.92193"}
{"target": 0.9048905, "params": {"p": 923, "r": 96, "h": 39}, "datetime": "2024-06-16 20:33:35.051391", "elapsed": "0.92193"}
{"target": 1.7643247, "params": {"p": 804, "r": 71, "h": 53}, "datetime": "2024-06-16 20:33:35.051391", "elapsed": "0.92193"}
{"target": 3.9631232, "params": {"p": 433, "r": 117, "h": 37}, "datetime": "2024-06-16 20:33:35.067017", "elapsed": "0.937556"}
{"target": 33.14079, "params": {"p": 269, "r": 46, "h": 44}, "datetime": "2024-06-16 20:33:35.067017", "elapsed": "0.937556"}
{"target": 2.0329649, "params": {"p": 585, "r": 104, "h": 24}, "datetime": "2024-06-16 20:33:35.067017", "elapsed": "0.937556"}
{"target": 0, "params": {"p": 102, "r": 60, "h": 30}, "datetime": "2024-06-16 20:33:35.067017", "elapsed": "0.937556"}
{"target": 8.717650211707483, "params": {"p": 265, "r": 37, "h": 43}, "datetime": "2024-06-16 20:34:10.562905", "elapsed": "36.433444"}
{"target": 69.63897368010738, "params": {"p": 274, "r": 58, "h": 45}, "datetime": "2024-06-16 20:34:36.833005", "elapsed": "62.703544"}
{"target": 50.59115148323254, "params": {"p": 277, "r": 66, "h": 46}, "datetime": "2024-06-16 20:35:00.505982", "elapsed": "86.376521"}
{"target": 70.64668653687642, "params": {"p": 276, "r": 58, "h": 44}, "datetime": "2024-06-16 20:35:26.614312", "elapsed": "112.484851"}
{"target": 72.82325228221495, "params": {"p": 275, "r": 57, "h": 43}, "datetime": "2024-06-16 20:35:52.673463", "elapsed": "138.544002"}
{"target": 65.20235042495592, "params": {"p": 273, "r": 59, "h": 36}, "datetime": "2024-06-16 20:36:16.760637", "elapsed": "162.631176"}
{"target": 78.08320410687752, "params": {"p": 275, "r": 55, "h": 41}, "datetime": "2024-06-16 20:36:42.277852", "elapsed": "188.148391"}
{"target": 97.87140939834163, "params": {"p": 282, "r": 49, "h": 33}, "datetime": "2024-06-16 20:37:08.780764", "elapsed": "214.651303"}
{"target": 90.67229501109051, "params": {"p": 283, "r": 47, "h": 32}, "datetime": "2024-06-16 20:37:37.108026", "elapsed": "242.978565"}
{"target": 97.43704923462815, "params": {"p": 281, "r": 52, "h": 33}, "datetime": "2024-06-16 20:38:06.341814", "elapsed": "272.212353"}
{"target": 97.46279343251445, "params": {"p": 282, "r": 50, "h": 34}, "datetime": "2024-06-16 20:38:34.143585", "elapsed": "300.014124"}
{"target": 103.18694261828661, "params": {"p": 280, "r": 49, "h": 32}, "datetime": "2024-06-16 20:38:58.793358", "elapsed": "324.663897"}
{"target": 101.12443935656893, "params": {"p": 279, "r": 49, "h": 32}, "datetime": "2024-06-16 20:39:25.625166", "elapsed": "351.495705"}
{"target": 105.82985094448048, "params": {"p": 280, "r": 48, "h": 25}, "datetime": "2024-06-16 20:39:53.612352", "elapsed": "379.482891"}
{"target": 117.9142305838821, "params": {"p": 280, "r": 48, "h": 28}, "datetime": "2024-06-16 20:40:22.373213", "elapsed": "408.243752"}
{"target": 111.58402093760478, "params": {"p": 280, "r": 47, "h": 29}, "datetime": "2024-06-16 20:40:52.133304", "elapsed": "438.003843"}
{"target": 107.21469850935428, "params": {"p": 280, "r": 49, "h": 27}, "datetime": "2024-06-16 20:41:19.003966", "elapsed": "464.874505"}
{"target": 26.311960879198324, "params": {"p": 248, "r": 45, "h": 46}, "datetime": "2024-06-16 20:41:51.380229", "elapsed": "497.250768"}
{"target": 152.25934203725458, "params": {"p": 285, "r": 42, "h": 22}, "datetime": "2024-06-16 20:42:17.901506", "elapsed": "523.772045"}
{"target": 135.27218735290603, "params": {"p": 291, "r": 37, "h": 16}, "datetime": "2024-06-16 20:42:45.728794", "elapsed": "551.599333"}
{"target": 158.64407429737216, "params": {"p": 288, "r": 41, "h": 20}, "datetime": "2024-06-16 20:43:10.662735", "elapsed": "576.533274"}
{"target": 160.37132676023867, "params": {"p": 289, "r": 41, "h": 21}, "datetime": "2024-06-16 20:43:38.064416", "elapsed": "603.934955"}
{"target": 153.6052749358883, "params": {"p": 290, "r": 42, "h": 21}, "datetime": "2024-06-16 20:44:07.783056", "elapsed": "633.653595"}
{"target": 141.07381341114655, "params": {"p": 287, "r": 40, "h": 21}, "datetime": "2024-06-16 20:44:32.949992", "elapsed": "658.820531"}
{"target": 149.11326266563142, "params": {"p": 286, "r": 43, "h": 22}, "datetime": "2024-06-16 20:44:55.254744", "elapsed": "681.125283"}
{"target": 0, "params": {"p": 271, "r": 150, "h": 60}, "datetime": "2024-06-16 20:45:00.304003", "elapsed": "686.174542"}
{"target": 156.98449490773478, "params": {"p": 294, "r": 39, "h": 18}, "datetime": "2024-06-16 20:45:24.268216", "elapsed": "710.138755"}
{"target": 159.42683298592144, "params": {"p": 292, "r": 40, "h": 19}, "datetime": "2024-06-16 20:45:50.592576", "elapsed": "736.463115"}
{"target": 156.14208247003938, "params": {"p": 293, "r": 41, "h": 20}, "datetime": "2024-06-16 20:46:15.981912", "elapsed": "761.852451"}
{"target": 22.075856676981324, "params": {"p": 307, "r": 37, "h": 26}, "datetime": "2024-06-16 20:46:43.748774", "elapsed": "789.619313"}
{"target": 6.732215383096286, "params": {"p": 258, "r": 36, "h": 56}, "datetime": "2024-06-16 20:47:16.794710", "elapsed": "822.665249"}
{"target": 150.2520111645981, "params": {"p": 295, "r": 40, "h": 21}, "datetime": "2024-06-16 20:47:41.723404", "elapsed": "847.593943"}
{"target": 41.63819244831056, "params": {"p": 296, "r": 39, "h": 15}, "datetime": "2024-06-16 20:48:06.968903", "elapsed": "872.839442"}
{"target": 161.48666419101565, "params": {"p": 297, "r": 38, "h": 19}, "datetime": "2024-06-16 20:48:33.289171", "elapsed": "899.15971"}
{"target": 5.5519403115185435, "params": {"p": 301, "r": 28, "h": 18}, "datetime": "2024-06-16 20:49:02.912248", "elapsed": "928.782787"}
{"target": 3.5811650224816884, "params": {"p": 489, "r": 89, "h": 55}, "datetime": "2024-06-16 20:49:28.230068", "elapsed": "954.100607"}
{"target": 33.10675406599553, "params": {"p": 351, "r": 150, "h": 60}, "datetime": "2024-06-16 20:49:45.553745", "elapsed": "971.424284"}
{"target": 52.56106356967826, "params": {"p": 295, "r": 35, "h": 19}, "datetime": "2024-06-16 20:50:10.992856", "elapsed": "996.863395"}
{"target": 0.7673332265336611, "params": {"p": 319, "r": 20, "h": 15}, "datetime": "2024-06-16 20:50:45.842723", "elapsed": "1031.713262"}
{"target": 158.83154505878727, "params": {"p": 299, "r": 39, "h": 20}, "datetime": "2024-06-16 20:51:12.432527", "elapsed": "1058.303066"}
{"target": 117.81718821132463, "params": {"p": 289, "r": 41, "h": 23}, "datetime": "2024-06-16 20:51:37.213258", "elapsed": "1083.083797"}
{"target": 25.19786784001041, "params": {"p": 362, "r": 150, "h": 60}, "datetime": "2024-06-16 20:51:54.819689", "elapsed": "1100.690228"}
{"target": 175.79877468584743, "params": {"p": 298, "r": 39, "h": 19}, "datetime": "2024-06-16 20:52:21.140803", "elapsed": "1127.011342"}
{"target": 33.17739608121908, "params": {"p": 320, "r": 37, "h": 24}, "datetime": "2024-06-16 20:52:55.847910", "elapsed": "1161.718449"}
{"target": 0, "params": {"p": 343, "r": 150, "h": 60}, "datetime": "2024-06-16 20:53:02.768652", "elapsed": "1168.639191"}
{"target": 148.27785561987864, "params": {"p": 284, "r": 43, "h": 22}, "datetime": "2024-06-16 20:53:28.146108", "elapsed": "1194.016647"}
{"target": 22.720498330204286, "params": {"p": 257, "r": 42, "h": 38}, "datetime": "2024-06-16 20:53:55.823578", "elapsed": "1221.694117"}
{"target": 153.1950283574173, "params": {"p": 300, "r": 41, "h": 20}, "datetime": "2024-06-16 20:54:26.595165", "elapsed": "1252.465704"}
{"target": 151.80345657296198, "params": {"p": 302, "r": 41, "h": 20}, "datetime": "2024-06-16 20:54:56.461073", "elapsed": "1282.331612"}
{"target": 54.12560434888889, "params": {"p": 268, "r": 64, "h": 48}, "datetime": "2024-06-16 20:55:21.874796", "elapsed": "1307.745335"}
{"target": 28.723809509165896, "params": {"p": 356, "r": 149, "h": 60}, "datetime": "2024-06-16 20:55:40.338992", "elapsed": "1326.209531"}
{"target": 134.0315940071696, "params": {"p": 311, "r": 37, "h": 19}, "datetime": "2024-06-16 20:56:10.056857", "elapsed": "1355.927396"}
{"target": 151.13467635038447, "params": {"p": 303, "r": 40, "h": 19}, "datetime": "2024-06-16 20:56:40.635008", "elapsed": "1386.505547"}
{"target": 28.781798167874115, "params": {"p": 354, "r": 150, "h": 59}, "datetime": "2024-06-16 20:56:58.817625", "elapsed": "1404.688164"}
{"target": 157.52853141402449, "params": {"p": 278, "r": 41, "h": 20}, "datetime": "2024-06-16 20:57:23.064747", "elapsed": "1428.935286"}
{"target": 180.00402538997957, "params": {"p": 266, "r": 34, "h": 15}, "datetime": "2024-06-16 20:57:54.321400", "elapsed": "1460.191939"}
{"target": 173.26406343445086, "params": {"p": 272, "r": 35, "h": 15}, "datetime": "2024-06-16 20:58:20.818514", "elapsed": "1486.689053"}
{"target": 136.3708651362288, "params": {"p": 267, "r": 36, "h": 15}, "datetime": "2024-06-16 20:58:52.993070", "elapsed": "1518.863609"}
{"target": 0.6543112496361791, "params": {"p": 259, "r": 18, "h": 15}, "datetime": "2024-06-16 20:59:28.417531", "elapsed": "1554.28807"}
{"target": 19.92117944749515, "params": {"p": 270, "r": 29, "h": 15}, "datetime": "2024-06-16 20:59:55.766587", "elapsed": "1581.637126"}
{"target": 10.66760672367392, "params": {"p": 247, "r": 27, "h": 15}, "datetime": "2024-06-16 21:00:27.780734", "elapsed": "1613.651273"}
{"target": 22.33442742609899, "params": {"p": 290, "r": 54, "h": 20}, "datetime": "2024-06-16 21:00:49.893146", "elapsed": "1635.763685"}
{"target": 17.280147357912366, "params": {"p": 305, "r": 70, "h": 27}, "datetime": "2024-06-16 21:01:12.617537", "elapsed": "1658.488076"}
{"target": 104.9617385516283, "params": {"p": 264, "r": 37, "h": 15}, "datetime": "2024-06-16 21:01:37.226376", "elapsed": "1683.096915"}
{"target": 20.74453634702623, "params": {"p": 402, "r": 150, "h": 60}, "datetime": "2024-06-16 21:01:56.261340", "elapsed": "1702.131879"}
{"target": 32.85053172421092, "params": {"p": 260, "r": 30, "h": 15}, "datetime": "2024-06-16 21:02:22.096505", "elapsed": "1727.967044"}
{"target": 0.3264981507155615, "params": {"p": 238, "r": 15, "h": 15}, "datetime": "2024-06-16 21:02:57.304006", "elapsed": "1763.174545"}
{"target": 178.39116465044896, "params": {"p": 263, "r": 36, "h": 16}, "datetime": "2024-06-16 21:03:26.737260", "elapsed": "1792.607799"}
{"target": 22.987795556227955, "params": {"p": 262, "r": 35, "h": 22}, "datetime": "2024-06-16 21:03:55.212705", "elapsed": "1821.083244"}
{"target": 147.63242543269413, "params": {"p": 304, "r": 41, "h": 20}, "datetime": "2024-06-16 21:04:21.621003", "elapsed": "1847.491542"}
{"target": 17.832532058467216, "params": {"p": 261, "r": 42, "h": 46}, "datetime": "2024-06-16 21:04:49.821946", "elapsed": "1875.692485"}
{"target": 57.075180463692504, "params": {"p": 236, "r": 47, "h": 33}, "datetime": "2024-06-16 21:05:16.883833", "elapsed": "1902.754372"}
{"target": 25.587466371403277, "params": {"p": 294, "r": 62, "h": 26}, "datetime": "2024-06-16 21:05:39.574291", "elapsed": "1925.44483"}
{"target": 12.297896751300838, "params": {"p": 317, "r": 84, "h": 28}, "datetime": "2024-06-16 21:06:01.878384", "elapsed": "1947.748923"}
{"target": 24.8510813072018, "params": {"p": 435, "r": 150, "h": 60}, "datetime": "2024-06-16 21:06:27.506473", "elapsed": "1973.377012"}
{"target": 143.116175167404, "params": {"p": 256, "r": 36, "h": 17}, "datetime": "2024-06-16 21:06:55.023213", "elapsed": "2000.893752"}
{"target": 139.45861660457246, "params": {"p": 255, "r": 36, "h": 17}, "datetime": "2024-06-16 21:07:21.747174", "elapsed": "2027.617713"}
{"target": 135.33926238279227, "params": {"p": 246, "r": 39, "h": 19}, "datetime": "2024-06-16 21:07:45.672472", "elapsed": "2051.543011"}
{"target": 37.69159190578957, "params": {"p": 461, "r": 150, "h": 60}, "datetime": "2024-06-16 21:08:08.867984", "elapsed": "2074.738523"}
{"target": 5.332215971352565, "params": {"p": 254, "r": 34, "h": 52}, "datetime": "2024-06-16 21:08:45.204915", "elapsed": "2111.075454"}
{"target": 38.704720888011934, "params": {"p": 462, "r": 150, "h": 60}, "datetime": "2024-06-16 21:09:08.190287", "elapsed": "2134.060826"}
{"target": 150.57724198487904, "params": {"p": 251, "r": 38, "h": 18}, "datetime": "2024-06-16 21:09:34.984724", "elapsed": "2160.855263"}
{"target": 146.2623891948103, "params": {"p": 306, "r": 40, "h": 19}, "datetime": "2024-06-16 21:10:06.641032", "elapsed": "2192.511571"}
{"target": 53.331457590488675, "params": {"p": 473, "r": 150, "h": 60}, "datetime": "2024-06-16 21:10:31.488830", "elapsed": "2217.359369"}
{"target": 68.41061300926027, "params": {"p": 482, "r": 150, "h": 60}, "datetime": "2024-06-16 21:10:55.660235", "elapsed": "2241.530774"}
{"target": 145.22220418959606, "params": {"p": 308, "r": 41, "h": 20}, "datetime": "2024-06-16 21:11:23.722367", "elapsed": "2269.592906"}
{"target": 138.47224377773802, "params": {"p": 253, "r": 36, "h": 17}, "datetime": "2024-06-16 21:11:54.626689", "elapsed": "2300.497228"}
{"target": 171.5776101969024, "params": {"p": 309, "r": 39, "h": 20}, "datetime": "2024-06-16 21:12:26.142324", "elapsed": "2332.012863"}
{"target": 69.43350671964113, "params": {"p": 252, "r": 34, "h": 17}, "datetime": "2024-06-16 21:12:55.051783", "elapsed": "2360.922322"}
{"target": 48.99040783145628, "params": {"p": 242, "r": 41, "h": 15}, "datetime": "2024-06-16 21:13:29.184030", "elapsed": "2395.054569"}
{"target": 69.55509671380283, "params": {"p": 490, "r": 150, "h": 60}, "datetime": "2024-06-16 21:13:53.887738", "elapsed": "2419.758277"}
{"target": 71.17299265087874, "params": {"p": 488, "r": 150, "h": 60}, "datetime": "2024-06-16 21:14:18.803800", "elapsed": "2444.674339"}
{"target": 72.59978568892451, "params": {"p": 486, "r": 150, "h": 60}, "datetime": "2024-06-16 21:14:43.715067", "elapsed": "2469.585606"}
{"target": 138.889313281866, "params": {"p": 310, "r": 40, "h": 19}, "datetime": "2024-06-16 21:15:13.248510", "elapsed": "2499.119049"}
{"target": 99.08997998948554, "params": {"p": 312, "r": 38, "h": 21}, "datetime": "2024-06-16 21:15:43.329717", "elapsed": "2529.200256"}
{"target": 48.03641708245466, "params": {"p": 342, "r": 41, "h": 33}, "datetime": "2024-06-16 21:16:20.971905", "elapsed": "2566.842444"}
{"target": 37.23708431877654, "params": {"p": 332, "r": 39, "h": 28}, "datetime": "2024-06-16 21:16:53.579412", "elapsed": "2599.449951"}
{"target": 133.3689553317822, "params": {"p": 314, "r": 40, "h": 19}, "datetime": "2024-06-16 21:17:27.382245", "elapsed": "2633.252784"}
{"target": 8.619277122217534, "params": {"p": 330, "r": 47, "h": 15}, "datetime": "2024-06-16 21:18:01.404276", "elapsed": "2667.274815"}
{"target": 88.01325887945006, "params": {"p": 250, "r": 38, "h": 15}, "datetime": "2024-06-16 21:18:38.633198", "elapsed": "2704.503737"}
{"target": 62.87080660339993, "params": {"p": 323, "r": 42, "h": 19}, "datetime": "2024-06-16 21:19:16.052594", "elapsed": "2741.923133"}
{"target": 0.29938812696568756, "params": {"p": 249, "r": 15, "h": 15}, "datetime": "2024-06-16 21:19:56.643973", "elapsed": "2782.514512"}
{"target": 50.83690855034166, "params": {"p": 231, "r": 32, "h": 16}, "datetime": "2024-06-16 21:20:35.773036", "elapsed": "2821.643575"}
{"target": 100.06950958346745, "params": {"p": 245, "r": 35, "h": 17}, "datetime": "2024-06-16 21:21:07.350286", "elapsed": "2853.220825"}
{"target": 98.17292193900735, "params": {"p": 244, "r": 35, "h": 17}, "datetime": "2024-06-16 21:21:42.572323", "elapsed": "2888.442862"}
{"target": 13.087831319674523, "params": {"p": 274, "r": 61, "h": 17}, "datetime": "2024-06-16 21:22:15.092587", "elapsed": "2920.963126"}
{"target": 10.869925314273889, "params": {"p": 277, "r": 82, "h": 17}, "datetime": "2024-06-16 21:22:48.976046", "elapsed": "2954.846585"}
{"target": 67.13177946097619, "params": {"p": 243, "r": 34, "h": 17}, "datetime": "2024-06-16 21:23:22.826300", "elapsed": "2988.696839"}
{"target": 13.6129011247306, "params": {"p": 279, "r": 68, "h": 19}, "datetime": "2024-06-16 21:23:57.840373", "elapsed": "3023.710912"}
{"target": 53.26964865518653, "params": {"p": 213, "r": 31, "h": 15}, "datetime": "2024-06-16 21:24:34.909107", "elapsed": "3060.779646"}
{"target": 12.708113028184052, "params": {"p": 273, "r": 63, "h": 17}, "datetime": "2024-06-16 21:25:08.536561", "elapsed": "3094.4071"}
{"target": 12.276224027623467, "params": {"p": 273, "r": 65, "h": 17}, "datetime": "2024-06-16 21:25:43.199416", "elapsed": "3129.069955"}
{"target": 137.67201789962527, "params": {"p": 315, "r": 41, "h": 20}, "datetime": "2024-06-16 21:26:21.103845", "elapsed": "3166.974384"}
{"target": 96.68837322095979, "params": {"p": 241, "r": 35, "h": 17}, "datetime": "2024-06-16 21:27:02.231676", "elapsed": "3208.102215"}
{"target": 132.533163591013, "params": {"p": 316, "r": 41, "h": 20}, "datetime": "2024-06-16 21:27:39.960918", "elapsed": "3245.831457"}
{"target": 11.983596478788302, "params": {"p": 273, "r": 67, "h": 17}, "datetime": "2024-06-16 21:28:18.678567", "elapsed": "3284.549106"}
{"target": 97.76964846685776, "params": {"p": 240, "r": 35, "h": 17}, "datetime": "2024-06-16 21:29:01.718057", "elapsed": "3327.588596"}
{"target": 96.98613973292082, "params": {"p": 239, "r": 35, "h": 17}, "datetime": "2024-06-16 21:29:49.765285", "elapsed": "3375.635824"}
{"target": 102.63353688900926, "params": {"p": 318, "r": 37, "h": 20}, "datetime": "2024-06-16 21:30:44.200874", "elapsed": "3430.071413"}
{"target": 11.828001887476406, "params": {"p": 273, "r": 69, "h": 17}, "datetime": "2024-06-16 21:31:15.596766", "elapsed": "3461.467305"}
{"target": 127.11411494846945, "params": {"p": 237, "r": 36, "h": 17}, "datetime": "2024-06-16 21:31:52.942362", "elapsed": "3498.812901"}
{"target": 126.2002870852578, "params": {"p": 230, "r": 42, "h": 19}, "datetime": "2024-06-16 21:32:29.948883", "elapsed": "3535.819422"}
{"target": 102.12137992956033, "params": {"p": 321, "r": 37, "h": 20}, "datetime": "2024-06-16 21:33:06.099039", "elapsed": "3571.969578"}
{"target": 93.9935064122969, "params": {"p": 235, "r": 35, "h": 17}, "datetime": "2024-06-16 21:33:45.424124", "elapsed": "3611.294663"}
{"target": 11.590994209053537, "params": {"p": 273, "r": 72, "h": 17}, "datetime": "2024-06-16 21:34:19.155279", "elapsed": "3645.025818"}
{"target": 95.29632990076333, "params": {"p": 234, "r": 35, "h": 17}, "datetime": "2024-06-16 21:34:57.095552", "elapsed": "3682.966091"}
{"target": 11.438369243198187, "params": {"p": 273, "r": 73, "h": 17}, "datetime": "2024-06-16 21:35:30.647518", "elapsed": "3716.518057"}
{"target": 94.2386471579222, "params": {"p": 233, "r": 35, "h": 17}, "datetime": "2024-06-16 21:36:06.742006", "elapsed": "3752.612545"}
{"target": 11.372678964427502, "params": {"p": 273, "r": 74, "h": 17}, "datetime": "2024-06-16 21:36:40.925308", "elapsed": "3786.795847"}
{"target": 11.35536651567104, "params": {"p": 273, "r": 75, "h": 17}, "datetime": "2024-06-16 21:37:15.740025", "elapsed": "3821.610564"}
{"target": 11.310025448887458, "params": {"p": 273, "r": 76, "h": 17}, "datetime": "2024-06-16 21:37:51.484477", "elapsed": "3857.355016"}
{"target": 124.93592160621697, "params": {"p": 232, "r": 36, "h": 17}, "datetime": "2024-06-16 21:38:31.916416", "elapsed": "3897.786955"}
{"target": 11.278214528992883, "params": {"p": 273, "r": 77, "h": 17}, "datetime": "2024-06-16 21:39:18.820093", "elapsed": "3944.690632"}
{"target": 82.18047417699736, "params": {"p": 229, "r": 39, "h": 15}, "datetime": "2024-06-16 21:40:17.703164", "elapsed": "4003.573703"}
{"target": 0.5372676022477174, "params": {"p": 215, "r": 16, "h": 15}, "datetime": "2024-06-16 21:41:17.161155", "elapsed": "4063.031694"}
{"target": 90.23826804074335, "params": {"p": 228, "r": 35, "h": 17}, "datetime": "2024-06-16 21:42:03.437608", "elapsed": "4109.308147"}
{"target": 11.306657614710302, "params": {"p": 273, "r": 78, "h": 17}, "datetime": "2024-06-16 21:42:52.013084", "elapsed": "4157.883623"}
{"target": 11.28597785306013, "params": {"p": 273, "r": 79, "h": 17}, "datetime": "2024-06-16 21:43:43.432161", "elapsed": "4209.3027"}
{"target": 103.51288306164274, "params": {"p": 322, "r": 37, "h": 20}, "datetime": "2024-06-16 21:44:32.190550", "elapsed": "4258.061089"}
{"target": 123.39267434614057, "params": {"p": 227, "r": 41, "h": 20}, "datetime": "2024-06-16 21:45:23.944153", "elapsed": "4309.814692"}
{"target": 92.31910508608964, "params": {"p": 226, "r": 35, "h": 17}, "datetime": "2024-06-16 21:46:24.852976", "elapsed": "4370.723515"}
{"target": 89.87228772550795, "params": {"p": 225, "r": 35, "h": 17}, "datetime": "2024-06-16 21:47:33.533333", "elapsed": "4439.403872"}
{"target": 89.4492733650421, "params": {"p": 224, "r": 35, "h": 17}, "datetime": "2024-06-16 21:48:32.546418", "elapsed": "4498.416957"}
{"target": 138.2671221960844, "params": {"p": 340, "r": 32, "h": 15}, "datetime": "2024-06-16 21:49:23.688294", "elapsed": "4549.558833"}
{"target": 11.308033618767809, "params": {"p": 273, "r": 80, "h": 17}, "datetime": "2024-06-16 21:50:18.567980", "elapsed": "4604.43952"}
{"target": 91.55032422291453, "params": {"p": 223, "r": 35, "h": 17}, "datetime": "2024-06-16 21:51:11.092988", "elapsed": "4656.963527"}
{"target": 11.313666019320795, "params": {"p": 273, "r": 81, "h": 17}, "datetime": "2024-06-16 21:52:01.037694", "elapsed": "4706.908233"}
{"target": 128.66091357810237, "params": {"p": 222, "r": 40, "h": 19}, "datetime": "2024-06-16 21:52:57.675357", "elapsed": "4763.545896"}
{"target": 46.443801998583645, "params": {"p": 210, "r": 44, "h": 30}, "datetime": "2024-06-16 21:54:03.260508", "elapsed": "4829.131047"}
