{"target": 55.01616082517952, "params": {"p": 318, "r": 37, "h": 15}, "datetime": "2024-06-20 21:39:52.526630", "elapsed": "4945.589354"}
{"target": 48.18448471732242, "params": {"p": 206, "r": 36, "h": 20}, "datetime": "2024-06-20 21:40:40.950000", "elapsed": "4994.012724"}
{"target": 18.399630692143763, "params": {"p": 247, "r": 77, "h": 20}, "datetime": "2024-06-20 21:41:33.894820", "elapsed": "5046.957544"}
{"target": 49.43949202634684, "params": {"p": 205, "r": 36, "h": 20}, "datetime": "2024-06-20 21:42:38.041703", "elapsed": "5111.104427"}
{"target": 34.58704270546549, "params": {"p": 182, "r": 36, "h": 22}, "datetime": "2024-06-20 21:43:37.265196", "elapsed": "5170.32792"}
{"target": 78.71986699841757, "params": {"p": 308, "r": 38, "h": 16}, "datetime": "2024-06-20 21:44:38.200538", "elapsed": "5231.263262"}
{"target": 129.2898638262177, "params": {"p": 312, "r": 45, "h": 29}, "datetime": "2024-06-20 21:45:46.053086", "elapsed": "5299.11581"}
{"target": 0.19781520202974262, "params": {"p": 307, "r": 15, "h": 15}, "datetime": "2024-06-20 21:46:56.747858", "elapsed": "5369.810582"}
{"target": 125.2398700599882, "params": {"p": 310, "r": 42, "h": 25}, "datetime": "2024-06-20 21:47:56.861438", "elapsed": "5429.924162"}
{"target": 87.91042147155366, "params": {"p": 314, "r": 48, "h": 26}, "datetime": "2024-06-20 21:48:56.198818", "elapsed": "5489.261542"}
{"target": 2.6110309498760604, "params": {"p": 315, "r": 24, "h": 15}, "datetime": "2024-06-20 21:49:56.501836", "elapsed": "5549.56456"}
{"target": 127.83899527041841, "params": {"p": 316, "r": 35, "h": 15}, "datetime": "2024-06-20 21:50:54.292577", "elapsed": "5607.355301"}
{"target": 2.5988825536515194, "params": {"p": 317, "r": 24, "h": 15}, "datetime": "2024-06-20 21:51:52.948363", "elapsed": "5666.011087"}
{"target": 2.642216830544983, "params": {"p": 320, "r": 24, "h": 15}, "datetime": "2024-06-20 21:52:57.555817", "elapsed": "5730.618541"}
{"target": 2.5897990253420904, "params": {"p": 322, "r": 24, "h": 15}, "datetime": "2024-06-20 21:53:57.197265", "elapsed": "5790.259989"}
{"target": 2.5401765430309187, "params": {"p": 323, "r": 24, "h": 15}, "datetime": "2024-06-20 21:55:04.856141", "elapsed": "5857.918865"}
{"target": 2.5949385095975988, "params": {"p": 324, "r": 24, "h": 15}, "datetime": "2024-06-20 21:56:16.984377", "elapsed": "5930.047101"}
{"target": 2.5690111378641056, "params": {"p": 325, "r": 24, "h": 15}, "datetime": "2024-06-20 21:57:23.593311", "elapsed": "5996.656035"}
{"target": 2.5124895577271613, "params": {"p": 326, "r": 24, "h": 15}, "datetime": "2024-06-20 21:58:28.735356", "elapsed": "6061.79808"}
{"target": 10.265372644476024, "params": {"p": 265, "r": 78, "h": 15}, "datetime": "2024-06-20 21:59:25.081105", "elapsed": "6118.143829"}
{"target": 2.577465882207341, "params": {"p": 328, "r": 24, "h": 15}, "datetime": "2024-06-20 22:00:29.879893", "elapsed": "6182.943617"}
{"target": 2.4799126974044956, "params": {"p": 334, "r": 24, "h": 15}, "datetime": "2024-06-20 22:01:41.434934", "elapsed": "6254.497658"}
{"target": 2.4341025091841795, "params": {"p": 336, "r": 24, "h": 15}, "datetime": "2024-06-20 22:02:50.050454", "elapsed": "6323.113178"}
{"target": 2.477915411169194, "params": {"p": 337, "r": 24, "h": 15}, "datetime": "2024-06-20 22:03:58.644404", "elapsed": "6391.707128"}
{"target": 2.4381699320583285, "params": {"p": 338, "r": 24, "h": 15}, "datetime": "2024-06-20 22:05:08.638024", "elapsed": "6461.700748"}
{"target": 2.3821353522858155, "params": {"p": 339, "r": 24, "h": 15}, "datetime": "2024-06-20 22:06:15.575275", "elapsed": "6528.637999"}
{"target": 2.441198642055229, "params": {"p": 340, "r": 24, "h": 15}, "datetime": "2024-06-20 22:07:20.345881", "elapsed": "6593.408605"}
{"target": 48.45822576715549, "params": {"p": 204, "r": 36, "h": 20}, "datetime": "2024-06-20 22:08:22.748500", "elapsed": "6655.811224"}
{"target": 2.428706629735931, "params": {"p": 341, "r": 24, "h": 15}, "datetime": "2024-06-20 22:09:46.646765", "elapsed": "6739.709489"}
{"target": 2.4108845725387016, "params": {"p": 343, "r": 24, "h": 15}, "datetime": "2024-06-20 22:11:13.745022", "elapsed": "6826.807746"}
{"target": 2.415875168493865, "params": {"p": 344, "r": 24, "h": 15}, "datetime": "2024-06-20 22:12:34.119543", "elapsed": "6907.182267"}
{"target": 2.462945071752783, "params": {"p": 345, "r": 24, "h": 15}, "datetime": "2024-06-20 22:14:04.883569", "elapsed": "6997.946293"}
{"target": 2.4173327347392846, "params": {"p": 346, "r": 24, "h": 15}, "datetime": "2024-06-20 22:15:26.681304", "elapsed": "7079.744028"}
{"target": 2.464718551159429, "params": {"p": 347, "r": 24, "h": 15}, "datetime": "2024-06-20 22:16:51.035539", "elapsed": "7164.098263"}
{"target": 7.694431247847139, "params": {"p": 292, "r": 79, "h": 15}, "datetime": "2024-06-20 22:18:01.335012", "elapsed": "7234.397736"}
{"target": 12.490460698701728, "params": {"p": 290, "r": 97, "h": 18}, "datetime": "2024-06-20 22:19:11.930140", "elapsed": "7304.992902"}
{"target": 47.997510691668, "params": {"p": 203, "r": 36, "h": 20}, "datetime": "2024-06-20 22:20:24.482895", "elapsed": "7377.545619"}
{"target": 2.4260907166437984, "params": {"p": 348, "r": 24, "h": 15}, "datetime": "2024-06-20 22:21:33.139527", "elapsed": "7446.202251"}
{"target": 7.752878502039243, "params": {"p": 292, "r": 80, "h": 15}, "datetime": "2024-06-20 22:22:38.536592", "elapsed": "7511.599316"}
{"target": 2.443541193463549, "params": {"p": 349, "r": 24, "h": 15}, "datetime": "2024-06-20 22:23:53.587903", "elapsed": "7586.650627"}
{"target": 7.788018267682561, "params": {"p": 292, "r": 81, "h": 15}, "datetime": "2024-06-20 22:24:58.282827", "elapsed": "7651.345551"}
{"target": 48.716131866479145, "params": {"p": 202, "r": 36, "h": 20}, "datetime": "2024-06-20 22:26:19.841294", "elapsed": "7732.904018"}
{"target": 2.5113300631821813, "params": {"p": 350, "r": 24, "h": 15}, "datetime": "2024-06-20 22:27:46.955216", "elapsed": "7820.01794"}
{"target": 7.861163495880495, "params": {"p": 292, "r": 82, "h": 15}, "datetime": "2024-06-20 22:29:10.702244", "elapsed": "7903.764968"}
{"target": 2.487095507461331, "params": {"p": 351, "r": 24, "h": 15}, "datetime": "2024-06-20 22:30:42.176659", "elapsed": "7995.239383"}
{"target": 39.620532995841714, "params": {"p": 352, "r": 35, "h": 15}, "datetime": "2024-06-20 22:32:08.865379", "elapsed": "8081.928103"}
{"target": 7.922484545131454, "params": {"p": 292, "r": 83, "h": 15}, "datetime": "2024-06-20 22:33:28.652684", "elapsed": "8161.715408"}
{"target": 8.046978630072044, "params": {"p": 292, "r": 84, "h": 15}, "datetime": "2024-06-20 22:34:45.440015", "elapsed": "8238.502739"}
{"target": 2.5619117085172, "params": {"p": 353, "r": 24, "h": 15}, "datetime": "2024-06-20 22:36:06.515330", "elapsed": "8319.578054"}
{"target": 48.5565241183984, "params": {"p": 201, "r": 36, "h": 20}, "datetime": "2024-06-20 22:37:28.016833", "elapsed": "8401.079557"}
{"target": 8.122757196822276, "params": {"p": 292, "r": 85, "h": 15}, "datetime": "2024-06-20 22:38:54.655108", "elapsed": "8487.717832"}
{"target": 2.5010101585766344, "params": {"p": 354, "r": 24, "h": 15}, "datetime": "2024-06-20 22:40:48.555954", "elapsed": "8601.618678"}
{"target": 48.72056718187224, "params": {"p": 199, "r": 36, "h": 20}, "datetime": "2024-06-20 22:42:03.304031", "elapsed": "8676.366755"}
{"target": 8.21858685536656, "params": {"p": 292, "r": 86, "h": 15}, "datetime": "2024-06-20 22:43:21.699066", "elapsed": "8754.76179"}
{"target": 52.02506483470491, "params": {"p": 198, "r": 36, "h": 20}, "datetime": "2024-06-20 22:44:26.404459", "elapsed": "8819.467183"}
{"target": 11.2554964122445, "params": {"p": 266, "r": 87, "h": 15}, "datetime": "2024-06-20 22:45:30.452026", "elapsed": "8883.51475"}
{"target": 32.797938263109735, "params": {"p": 355, "r": 43, "h": 24}, "datetime": "2024-06-20 22:46:37.971795", "elapsed": "8951.034519"}
{"target": 2.4051389189977255, "params": {"p": 356, "r": 24, "h": 15}, "datetime": "2024-06-20 22:47:55.210576", "elapsed": "9028.2733"}
{"target": 11.822160163660268, "params": {"p": 303, "r": 88, "h": 23}, "datetime": "2024-06-20 22:48:52.730792", "elapsed": "9085.793516"}
{"target": 49.040811245034355, "params": {"p": 197, "r": 36, "h": 20}, "datetime": "2024-06-20 22:49:57.663064", "elapsed": "9150.725788"}
{"target": 28.089997409509984, "params": {"p": 164, "r": 40, "h": 31}, "datetime": "2024-06-20 22:51:22.355075", "elapsed": "9235.417799"}
{"target": 49.281322337800376, "params": {"p": 196, "r": 36, "h": 20}, "datetime": "2024-06-20 22:52:26.007616", "elapsed": "9299.07034"}
{"target": 2.385388304674616, "params": {"p": 357, "r": 24, "h": 15}, "datetime": "2024-06-20 22:53:47.240078", "elapsed": "9380.302802"}
{"target": 11.808841416552387, "params": {"p": 303, "r": 89, "h": 23}, "datetime": "2024-06-20 22:55:06.310323", "elapsed": "9459.373047"}
{"target": 48.09049516502418, "params": {"p": 195, "r": 36, "h": 20}, "datetime": "2024-06-20 22:56:18.336230", "elapsed": "9531.398954"}
{"target": 48.76044563662572, "params": {"p": 194, "r": 36, "h": 20}, "datetime": "2024-06-20 22:57:27.949172", "elapsed": "9601.011896"}
{"target": 2.35948204309101, "params": {"p": 358, "r": 24, "h": 15}, "datetime": "2024-06-20 22:58:53.204778", "elapsed": "9686.267502"}
{"target": 13.250357726580233, "params": {"p": 266, "r": 90, "h": 15}, "datetime": "2024-06-20 23:00:05.872925", "elapsed": "9758.935649"}
{"target": 2.291884311668642, "params": {"p": 359, "r": 24, "h": 15}, "datetime": "2024-06-20 23:01:30.241342", "elapsed": "9843.304066"}
{"target": 10.468614728869207, "params": {"p": 292, "r": 91, "h": 15}, "datetime": "2024-06-20 23:02:50.632028", "elapsed": "9923.694752"}
{"target": 16.499230004119024, "params": {"p": 306, "r": 92, "h": 34}, "datetime": "2024-06-20 23:04:02.265116", "elapsed": "9995.32784"}
{"target": 2.2582942076962875, "params": {"p": 360, "r": 24, "h": 15}, "datetime": "2024-06-20 23:05:25.653124", "elapsed": "10078.715848"}
{"target": 2.287993976039474, "params": {"p": 361, "r": 24, "h": 15}, "datetime": "2024-06-20 23:06:49.178069", "elapsed": "10162.240793"}
{"target": 0.14922231487878776, "params": {"p": 362, "r": 15, "h": 15}, "datetime": "2024-06-20 23:08:25.455814", "elapsed": "10258.518538"}
{"target": 11.952354400881308, "params": {"p": 303, "r": 93, "h": 23}, "datetime": "2024-06-20 23:09:35.609376", "elapsed": "10328.6721"}
{"target": 30.381657654167388, "params": {"p": 363, "r": 43, "h": 24}, "datetime": "2024-06-20 23:11:01.187912", "elapsed": "10414.250636"}
{"target": 15.611742156866672, "params": {"p": 292, "r": 95, "h": 15}, "datetime": "2024-06-20 23:12:48.723018", "elapsed": "10521.785742"}
{"target": 20.426374283415, "params": {"p": 266, "r": 98, "h": 15}, "datetime": "2024-06-20 23:14:28.810363", "elapsed": "10621.873087"}
{"target": 2.221691321924782, "params": {"p": 364, "r": 24, "h": 15}, "datetime": "2024-06-20 23:16:34.543261", "elapsed": "10747.605985"}
{"target": 2.2101564550250186, "params": {"p": 365, "r": 24, "h": 15}, "datetime": "2024-06-20 23:18:21.233857", "elapsed": "10854.296581"}
{"target": 2.156280016313735, "params": {"p": 366, "r": 24, "h": 15}, "datetime": "2024-06-20 23:20:00.776390", "elapsed": "10953.839114"}
{"target": 2.17714299911327, "params": {"p": 367, "r": 24, "h": 15}, "datetime": "2024-06-20 23:21:45.858896", "elapsed": "11058.92162"}
{"target": 48.455540309079254, "params": {"p": 193, "r": 36, "h": 20}, "datetime": "2024-06-20 23:23:22.671169", "elapsed": "11155.733893"}
{"target": 27.284211905589547, "params": {"p": 368, "r": 43, "h": 24}, "datetime": "2024-06-20 23:25:12.837726", "elapsed": "11265.90045"}
{"target": 49.10892638962749, "params": {"p": 192, "r": 36, "h": 20}, "datetime": "2024-06-20 23:26:23.546058", "elapsed": "11336.608782"}
{"target": 95.5559654110349, "params": {"p": 191, "r": 39, "h": 15}, "datetime": "2024-06-20 23:27:46.823830", "elapsed": "11419.886554"}
{"target": 11.728537870428198, "params": {"p": 292, "r": 99, "h": 15}, "datetime": "2024-06-20 23:29:18.351870", "elapsed": "11511.414594"}
{"target": 48.643010149148225, "params": {"p": 190, "r": 36, "h": 20}, "datetime": "2024-06-20 23:30:34.282295", "elapsed": "11587.345019"}
{"target": 12.732360444652237, "params": {"p": 295, "r": 100, "h": 20}, "datetime": "2024-06-20 23:31:55.040214", "elapsed": "11668.102938"}
{"target": 16.35947307924817, "params": {"p": 306, "r": 103, "h": 35}, "datetime": "2024-06-20 23:33:04.553827", "elapsed": "11737.616551"}
{"target": 15.034124785170828, "params": {"p": 266, "r": 105, "h": 15}, "datetime": "2024-06-20 23:34:29.101403", "elapsed": "11822.164127"}
