{"target": 37.19422162019774, "params": {"h": 34.0, "p": 314.0, "r": 126.0}, "datetime": {"datetime": "2024-05-19 12:14:06", "elapsed": 1697.91004, "delta": 13.374292}}
{"target": 19.96849952819016, "params": {"h": 27.0, "p": 320.0, "r": 130.0}, "datetime": {"datetime": "2024-05-19 12:14:19", "elapsed": 1711.461414, "delta": 13.551374}}
{"target": 29.195693662767347, "params": {"h": 30.0, "p": 315.0, "r": 131.0}, "datetime": {"datetime": "2024-05-19 12:14:32", "elapsed": 1724.022673, "delta": 12.561259}}
{"target": 97.2689926733549, "params": {"h": 29.0, "p": 307.0, "r": 124.0}, "datetime": {"datetime": "2024-05-19 12:14:44", "elapsed": 1736.753427, "delta": 12.730754}}
{"target": 109.0227065455129, "params": {"h": 33.0, "p": 310.0, "r": 128.0}, "datetime": {"datetime": "2024-05-19 12:14:58", "elapsed": 1749.956331, "delta": 13.202904}}
{"target": 58.05948711791088, "params": {"h": 30.0, "p": 312.0, "r": 128.0}, "datetime": {"datetime": "2024-05-19 12:15:11", "elapsed": 1762.995838, "delta": 13.039507}}
{"target": 59.53424722220209, "params": {"h": 38.0, "p": 320.0, "r": 134.0}, "datetime": {"datetime": "2024-05-19 12:15:23", "elapsed": 1775.708998, "delta": 12.71316}}
{"target": 41.77839542172252, "params": {"h": 34.0, "p": 307.0, "r": 126.0}, "datetime": {"datetime": "2024-05-19 12:15:36", "elapsed": 1788.22688, "delta": 12.517882}}
{"target": 106.5047890679784, "params": {"h": 32.0, "p": 312.0, "r": 128.0}, "datetime": {"datetime": "2024-05-19 12:15:48", "elapsed": 1800.796571, "delta": 12.569691}}
{"target": 89.00608167462946, "params": {"h": 30.0, "p": 304.0, "r": 124.0}, "datetime": {"datetime": "2024-05-19 12:16:01", "elapsed": 1813.465566, "delta": 12.668995}}
{"target": 85.75218265390427, "params": {"h": 32.0, "p": 311.0, "r": 129.0}, "datetime": {"datetime": "2024-05-19 12:16:13", "elapsed": 1824.929777, "delta": 11.464211}}
{"target": 0.0, "params": {"h": 41.0, "p": 318.0, "r": 135.0}, "datetime": {"datetime": "2024-05-19 12:16:13", "elapsed": 1825.345869, "delta": 0.416092}}
{"target": 57.33071442373898, "params": {"h": 36.0, "p": 314.0, "r": 129.0}, "datetime": {"datetime": "2024-05-19 12:16:26", "elapsed": 1838.041442, "delta": 12.695573}}
{"target": 79.41196730013658, "params": {"h": 33.0, "p": 314.0, "r": 130.0}, "datetime": {"datetime": "2024-05-19 12:16:38", "elapsed": 1850.244868, "delta": 12.203426}}
{"target": 0.0, "params": {"h": 35.0, "p": 323.0, "r": 137.0}, "datetime": {"datetime": "2024-05-19 12:16:39", "elapsed": 1850.940962, "delta": 0.696094}}
{"target": 34.048748398947104, "params": {"h": 30.0, "p": 313.0, "r": 122.0}, "datetime": {"datetime": "2024-05-19 12:16:51", "elapsed": 1863.215766, "delta": 12.274804}}
{"target": 107.99947723396427, "params": {"h": 32.0, "p": 311.0, "r": 128.0}, "datetime": {"datetime": "2024-05-19 12:17:03", "elapsed": 1875.049001, "delta": 11.833235}}
{"target": 113.09332926791663, "params": {"h": 31.0, "p": 304.0, "r": 125.0}, "datetime": {"datetime": "2024-05-19 12:17:16", "elapsed": 1887.946036, "delta": 12.897035}}
{"target": 96.40788225881622, "params": {"h": 32.0, "p": 313.0, "r": 127.0}, "datetime": {"datetime": "2024-05-19 12:17:27", "elapsed": 1899.326994, "delta": 11.380958}}
{"target": 70.10768533976801, "params": {"h": 29.0, "p": 299.0, "r": 122.0}, "datetime": {"datetime": "2024-05-19 12:17:39", "elapsed": 1911.008109, "delta": 11.681115}}
{"target": 26.265046198452414, "params": {"h": 34.0, "p": 310.0, "r": 124.0}, "datetime": {"datetime": "2024-05-19 12:17:51", "elapsed": 1923.225681, "delta": 12.217572}}
{"target": 109.63805413234608, "params": {"h": 31.0, "p": 307.0, "r": 126.0}, "datetime": {"datetime": "2024-05-19 12:18:03", "elapsed": 1935.448983, "delta": 12.223302}}
{"target": 51.80296553991396, "params": {"h": 35.0, "p": 317.0, "r": 128.0}, "datetime": {"datetime": "2024-05-19 12:18:16", "elapsed": 1948.248142, "delta": 12.799159}}
{"target": 33.38055313006411, "params": {"h": 32.0, "p": 305.0, "r": 123.0}, "datetime": {"datetime": "2024-05-19 12:18:28", "elapsed": 1959.861979, "delta": 11.613837}}
{"target": 53.05673222249907, "params": {"h": 28.0, "p": 305.0, "r": 121.0}, "datetime": {"datetime": "2024-05-19 12:18:40", "elapsed": 1971.838045, "delta": 11.976066}}
{"target": 15.415687483671551, "params": {"h": 39.0, "p": 330.0, "r": 124.0}, "datetime": {"datetime": "2024-05-19 12:18:52", "elapsed": 1984.552304, "delta": 12.714259}}
{"target": 43.515823470648215, "params": {"h": 25.0, "p": 307.0, "r": 122.0}, "datetime": {"datetime": "2024-05-19 12:19:06", "elapsed": 1997.979802, "delta": 13.427498}}
{"target": 104.0858240458255, "params": {"h": 34.0, "p": 313.0, "r": 130.0}, "datetime": {"datetime": "2024-05-19 12:19:18", "elapsed": 2010.332333, "delta": 12.352531}}
{"target": 94.83623957568479, "params": {"h": 27.0, "p": 296.0, "r": 123.0}, "datetime": {"datetime": "2024-05-19 12:19:30", "elapsed": 2022.668482, "delta": 12.336149}}
{"target": 68.29285792223196, "params": {"h": 29.0, "p": 309.0, "r": 123.0}, "datetime": {"datetime": "2024-05-19 12:19:43", "elapsed": 2035.552972, "delta": 12.88449}}
{"target": 45.423498320412364, "params": {"h": 34.0, "p": 322.0, "r": 127.0}, "datetime": {"datetime": "2024-05-19 12:19:57", "elapsed": 2049.0894, "delta": 13.536428}}
{"target": 62.08678107697677, "params": {"h": 28.0, "p": 315.0, "r": 125.0}, "datetime": {"datetime": "2024-05-19 12:20:09", "elapsed": 2061.534445, "delta": 12.445045}}
{"target": 25.96098371763258, "params": {"h": 25.0, "p": 318.0, "r": 123.0}, "datetime": {"datetime": "2024-05-19 12:20:24", "elapsed": 2075.903543, "delta": 14.369098}}
{"target": 90.00055582351987, "params": {"h": 29.0, "p": 311.0, "r": 125.0}, "datetime": {"datetime": "2024-05-19 12:20:36", "elapsed": 2088.380299, "delta": 12.476756}}
{"target": 25.563201987822023, "params": {"h": 26.0, "p": 310.0, "r": 127.0}, "datetime": {"datetime": "2024-05-19 12:20:49", "elapsed": 2101.708215, "delta": 13.327916}}
{"target": 25.475142406826944, "params": {"h": 41.0, "p": 323.0, "r": 130.0}, "datetime": {"datetime": "2024-05-19 12:21:01", "elapsed": 2113.784642, "delta": 12.076427}}
{"target": 60.17777493961193, "params": {"h": 25.0, "p": 292.0, "r": 117.0}, "datetime": {"datetime": "2024-05-19 12:21:15", "elapsed": 2127.015511, "delta": 13.230869}}
{"target": 63.58585552768584, "params": {"h": 28.0, "p": 309.0, "r": 125.0}, "datetime": {"datetime": "2024-05-19 12:21:28", "elapsed": 2140.145901, "delta": 13.13039}}
{"target": 42.94937800606194, "params": {"h": 29.0, "p": 309.0, "r": 127.0}, "datetime": {"datetime": "2024-05-19 12:21:40", "elapsed": 2151.816049, "delta": 11.670148}}
{"target": 1.6283017553822927, "params": {"h": 24.0, "p": 690.0, "r": 98.0}, "datetime": {"datetime": "2024-05-19 12:22:11", "elapsed": 2183.685413, "delta": 31.869364}}
{"target": 112.33218179993999, "params": {"h": 30.0, "p": 306.0, "r": 126.0}, "datetime": {"datetime": "2024-05-19 12:22:24", "elapsed": 2196.575925, "delta": 12.890512}}
{"target": 3.3613371648623236, "params": {"h": 27.0, "p": 792.0, "r": 51.0}, "datetime": {"datetime": "2024-05-19 12:23:13", "elapsed": 2244.868145, "delta": 48.29222}}
{"target": 0.0, "params": {"h": 33.0, "p": 150.0, "r": 127.0}, "datetime": {"datetime": "2024-05-19 12:23:13", "elapsed": 2245.356384, "delta": 0.488239}}
{"target": 75.79706713007708, "params": {"h": 32.0, "p": 313.0, "r": 129.0}, "datetime": {"datetime": "2024-05-19 12:23:26", "elapsed": 2258.331955, "delta": 12.975571}}
{"target": 117.30421953774473, "params": {"h": 29.0, "p": 301.0, "r": 124.0}, "datetime": {"datetime": "2024-05-19 12:23:39", "elapsed": 2271.689845, "delta": 13.35789}}
{"target": 0.0, "params": {"h": 36.0, "p": 314.0, "r": 133.0}, "datetime": {"datetime": "2024-05-19 12:23:40", "elapsed": 2272.177186, "delta": 0.487341}}
{"target": 1.7837843878040223, "params": {"h": 43.0, "p": 715.0, "r": 88.0}, "datetime": {"datetime": "2024-05-19 12:24:17", "elapsed": 2309.40723, "delta": 37.230044}}
{"target": 102.50018964172543, "params": {"h": 32.0, "p": 312.0, "r": 127.0}, "datetime": {"datetime": "2024-05-19 12:24:30", "elapsed": 2322.168651, "delta": 12.761421}}
{"target": 57.202024532988176, "params": {"h": 31.0, "p": 307.0, "r": 124.0}, "datetime": {"datetime": "2024-05-19 12:24:43", "elapsed": 2334.833579, "delta": 12.664928}}
{"target": 9.159935661310227, "params": {"h": 53.0, "p": 351.0, "r": 80.0}, "datetime": {"datetime": "2024-05-19 12:25:02", "elapsed": 2354.687085, "delta": 19.853506}}
{"target": 94.7932839464276, "params": {"h": 28.0, "p": 303.0, "r": 124.0}, "datetime": {"datetime": "2024-05-19 12:25:15", "elapsed": 2367.201948, "delta": 12.514863}}
{"target": 47.280707999258595, "params": {"h": 27.0, "p": 305.0, "r": 125.0}, "datetime": {"datetime": "2024-05-19 12:25:28", "elapsed": 2380.029171, "delta": 12.827223}}
{"target": 3.8372809497583313, "params": {"h": 54.0, "p": 643.0, "r": 143.0}, "datetime": {"datetime": "2024-05-19 12:25:53", "elapsed": 2405.532366, "delta": 25.503195}}
{"target": 2.4802264202503124, "params": {"h": 28.0, "p": 563.0, "r": 115.0}, "datetime": {"datetime": "2024-05-19 12:26:17", "elapsed": 2429.757472, "delta": 24.225106}}
{"target": 0.0, "params": {"h": 30.0, "p": 301.0, "r": 127.0}, "datetime": {"datetime": "2024-05-19 12:26:18", "elapsed": 2430.437811, "delta": 0.680339}}
{"target": 6.846786667366551, "params": {"h": 24.0, "p": 589.0, "r": 38.0}, "datetime": {"datetime": "2024-05-19 12:26:56", "elapsed": 2468.798684, "delta": 38.360873}}
{"target": 1.6535028779892684, "params": {"h": 56.0, "p": 768.0, "r": 121.0}, "datetime": {"datetime": "2024-05-19 12:27:36", "elapsed": 2508.173841, "delta": 39.375157}}
{"target": 0.8825842758181414, "params": {"h": 54.0, "p": 987.0, "r": 104.0}, "datetime": {"datetime": "2024-05-19 12:28:38", "elapsed": 2570.143222, "delta": 61.969381}}
{"target": 8.541384312618579, "params": {"h": 47.0, "p": 390.0, "r": 61.0}, "datetime": {"datetime": "2024-05-19 12:29:03", "elapsed": 2595.591603, "delta": 25.448381}}
{"target": 90.85815157636765, "params": {"h": 33.0, "p": 311.0, "r": 127.0}, "datetime": {"datetime": "2024-05-19 12:29:17", "elapsed": 2608.92152, "delta": 13.329917}}
{"target": 4.972871481203157, "params": {"h": 25.0, "p": 495.0, "r": 128.0}, "datetime": {"datetime": "2024-05-19 12:29:37", "elapsed": 2629.215595, "delta": 20.294075}}
{"target": 91.02835934134943, "params": {"h": 30.0, "p": 311.0, "r": 125.0}, "datetime": {"datetime": "2024-05-19 12:29:49", "elapsed": 2641.21234, "delta": 11.996745}}
{"target": 107.35609436261632, "params": {"h": 29.0, "p": 303.0, "r": 125.0}, "datetime": {"datetime": "2024-05-19 12:30:02", "elapsed": 2653.947987, "delta": 12.735647}}
{"target": 84.76802578566961, "params": {"h": 30.0, "p": 317.0, "r": 125.0}, "datetime": {"datetime": "2024-05-19 12:30:15", "elapsed": 2667.167274, "delta": 13.219287}}
{"target": 18.946602831699256, "params": {"h": 35.0, "p": 319.0, "r": 123.0}, "datetime": {"datetime": "2024-05-19 12:30:28", "elapsed": 2680.310413, "delta": 13.143139}}
{"target": 25.76311565542561, "params": {"h": 30.0, "p": 317.0, "r": 121.0}, "datetime": {"datetime": "2024-05-19 12:30:41", "elapsed": 2693.558854, "delta": 13.248441}}
{"target": 0.06841376848023849, "params": {"h": 32.0, "p": 773.0, "r": 20.0}, "datetime": {"datetime": "2024-05-19 12:31:44", "elapsed": 2756.061684, "delta": 62.50283}}
{"target": 61.89467042779752, "params": {"h": 32.0, "p": 319.0, "r": 126.0}, "datetime": {"datetime": "2024-05-19 12:31:58", "elapsed": 2769.985632, "delta": 13.923948}}
{"target": 114.05310677168052, "params": {"h": 33.0, "p": 311.0, "r": 128.0}, "datetime": {"datetime": "2024-05-19 12:32:11", "elapsed": 2782.840938, "delta": 12.855306}}
{"target": 0.9179931152884356, "params": {"h": 31.0, "p": 921.0, "r": 84.0}, "datetime": {"datetime": "2024-05-19 12:33:09", "elapsed": 2841.63503, "delta": 58.794092}}
{"target": 98.98798566914694, "params": {"h": 27.0, "p": 298.0, "r": 123.0}, "datetime": {"datetime": "2024-05-19 12:33:22", "elapsed": 2854.637897, "delta": 13.002867}}
{"target": 0.9389107019596503, "params": {"h": 22.0, "p": 825.0, "r": 108.0}, "datetime": {"datetime": "2024-05-19 12:34:03", "elapsed": 2895.600596, "delta": 40.962699}}
{"target": 0.0, "params": {"h": 37.0, "p": 102.0, "r": 139.0}, "datetime": {"datetime": "2024-05-19 12:34:04", "elapsed": 2896.18504, "delta": 0.584444}}
{"target": 0.34133170249103445, "params": {"h": 30.0, "p": 228.0, "r": 16.0}, "datetime": {"datetime": "2024-05-19 12:34:49", "elapsed": 2941.008003, "delta": 44.822963}}
{"target": 2.123390864796722, "params": {"h": 24.0, "p": 689.0, "r": 133.0}, "datetime": {"datetime": "2024-05-19 12:35:20", "elapsed": 2971.975108, "delta": 30.967105}}
{"target": 94.32090738202656, "params": {"h": 29.0, "p": 309.0, "r": 124.0}, "datetime": {"datetime": "2024-05-19 12:35:32", "elapsed": 2984.524372, "delta": 12.549264}}
{"target": 0.0, "params": {"h": 37.0, "p": 135.0, "r": 60.0}, "datetime": {"datetime": "2024-05-19 12:35:33", "elapsed": 2985.144392, "delta": 0.62002}}
{"target": 109.57508909566073, "params": {"h": 31.0, "p": 308.0, "r": 127.0}, "datetime": {"datetime": "2024-05-19 12:35:33", "elapsed": 2985.640422, "delta": 0.49603}}
{"target": 50.21169978180965, "params": {"h": 29.0, "p": 317.0, "r": 127.0}, "datetime": {"datetime": "2024-05-19 12:35:47", "elapsed": 2999.029218, "delta": 13.388796}}
{"target": 12.878059244201754, "params": {"h": 58.0, "p": 361.0, "r": 124.0}, "datetime": {"datetime": "2024-05-19 12:36:02", "elapsed": 3014.489356, "delta": 15.460138}}
{"target": 74.49131372928697, "params": {"h": 32.0, "p": 304.0, "r": 125.0}, "datetime": {"datetime": "2024-05-19 12:36:15", "elapsed": 3026.924787, "delta": 12.435431}}
{"target": 113.09332926791663, "params": {"h": 31.0, "p": 304.0, "r": 125.0}, "datetime": {"datetime": "2024-05-19 12:36:15", "elapsed": 3027.632203, "delta": 0.707416}}
{"target": 7.564195822110298, "params": {"h": 20.0, "p": 554.0, "r": 45.0}, "datetime": {"datetime": "2024-05-19 12:36:46", "elapsed": 3058.5247, "delta": 30.892497}}
{"target": 2.537976547495269, "params": {"h": 32.0, "p": 410.0, "r": 32.0}, "datetime": {"datetime": "2024-05-19 12:37:18", "elapsed": 3090.695827, "delta": 32.171127}}
{"target": 0.43038031216447453, "params": {"h": 26.0, "p": 738.0, "r": 28.0}, "datetime": {"datetime": "2024-05-19 12:38:06", "elapsed": 3138.80022, "delta": 48.104393}}
{"target": 67.3469577664605, "params": {"h": 27.0, "p": 299.0, "r": 120.0}, "datetime": {"datetime": "2024-05-19 12:38:20", "elapsed": 3152.052374, "delta": 13.252154}}
{"target": 0.0, "params": {"h": 29.0, "p": 218.0, "r": 107.0}, "datetime": {"datetime": "2024-05-19 12:38:21", "elapsed": 3152.871976, "delta": 0.819602}}
{"target": 0.0, "params": {"h": 57.0, "p": 186.0, "r": 121.0}, "datetime": {"datetime": "2024-05-19 12:38:21", "elapsed": 3153.561081, "delta": 0.689105}}
{"target": 0.9384762893454138, "params": {"h": 35.0, "p": 951.0, "r": 128.0}, "datetime": {"datetime": "2024-05-19 12:39:20", "elapsed": 3212.530702, "delta": 58.969621}}
{"target": 3.6002255254367523, "params": {"h": 17.0, "p": 433.0, "r": 121.0}, "datetime": {"datetime": "2024-05-19 12:39:44", "elapsed": 3236.690798, "delta": 24.160096}}
{"target": 109.6532529798584, "params": {"h": 28.0, "p": 301.0, "r": 124.0}, "datetime": {"datetime": "2024-05-19 12:39:58", "elapsed": 3249.911135, "delta": 13.220337}}
{"target": 35.77901834508927, "params": {"h": 41.0, "p": 211.0, "r": 48.0}, "datetime": {"datetime": "2024-05-19 12:40:18", "elapsed": 3270.135292, "delta": 20.224157}}
{"target": 117.30421953774473, "params": {"h": 29.0, "p": 301.0, "r": 124.0}, "datetime": {"datetime": "2024-05-19 12:40:19", "elapsed": 3270.840913, "delta": 0.705621}}
{"target": 0.07556781975238375, "params": {"h": 49.0, "p": 608.0, "r": 18.0}, "datetime": {"datetime": "2024-05-19 12:41:29", "elapsed": 3340.86307, "delta": 70.022157}}
{"target": 0.0, "params": {"h": 32.0, "p": 307.0, "r": 129.0}, "datetime": {"datetime": "2024-05-19 12:41:29", "elapsed": 3341.749697, "delta": 0.886627}}
{"target": 94.47755941063184, "params": {"h": 32.0, "p": 315.0, "r": 128.0}, "datetime": {"datetime": "2024-05-19 12:41:42", "elapsed": 3354.227577, "delta": 12.47788}}
{"target": 1.0937625725269922, "params": {"h": 20.0, "p": 987.0, "r": 148.0}, "datetime": {"datetime": "2024-05-19 12:42:53", "elapsed": 3425.037114, "delta": 70.809537}}
{"target": 113.51392884163731, "params": {"h": 31.0, "p": 305.0, "r": 127.0}, "datetime": {"datetime": "2024-05-19 12:43:06", "elapsed": 3438.152167, "delta": 13.115053}}
{"target": 6.532489260770855, "params": {"h": 17.0, "p": 310.0, "r": 28.0}, "datetime": {"datetime": "2024-05-19 12:43:31", "elapsed": 3463.485337, "delta": 25.33317}}
{"target": 0.03132124493996657, "params": {"h": 58.0, "p": 877.0, "r": 17.0}, "datetime": {"datetime": "2024-05-19 12:45:09", "elapsed": 3560.875499, "delta": 97.390162}}
{"target": 0.7580141604815079, "params": {"h": 22.0, "p": 824.0, "r": 30.0}, "datetime": {"datetime": "2024-05-19 12:46:02", "elapsed": 3614.562063, "delta": 53.686564}}
{"target": 6.1609781085614275, "params": {"h": 24.0, "p": 484.0, "r": 35.0}, "datetime": {"datetime": "2024-05-19 12:46:35", "elapsed": 3646.962787, "delta": 32.400724}}
{"target": 0.0, "params": {"h": 55.0, "p": 182.0, "r": 77.0}, "datetime": {"datetime": "2024-05-19 12:46:35", "elapsed": 3647.738133, "delta": 0.775346}}
{"target": 2.74703249907788, "params": {"h": 27.0, "p": 599.0, "r": 139.0}, "datetime": {"datetime": "2024-05-19 12:47:02", "elapsed": 3674.537098, "delta": 26.798965}}
{"target": 4.057734856390633, "params": {"h": 47.0, "p": 515.0, "r": 40.0}, "datetime": {"datetime": "2024-05-19 12:47:40", "elapsed": 3711.923951, "delta": 37.386853}}
{"target": 2.794517558827683, "params": {"h": 42.0, "p": 511.0, "r": 84.0}, "datetime": {"datetime": "2024-05-19 12:48:06", "elapsed": 3738.166083, "delta": 26.242132}}
{"target": 2.6616955453792372, "params": {"h": 20.0, "p": 619.0, "r": 58.0}, "datetime": {"datetime": "2024-05-19 12:48:36", "elapsed": 3768.574116, "delta": 30.408033}}
{"target": 5.039079145582411, "params": {"h": 55.0, "p": 575.0, "r": 144.0}, "datetime": {"datetime": "2024-05-19 12:48:59", "elapsed": 3791.473587, "delta": 22.899471}}
{"target": 1.1022143567048917, "params": {"h": 50.0, "p": 293.0, "r": 25.0}, "datetime": {"datetime": "2024-05-19 12:49:37", "elapsed": 3829.67994, "delta": 38.206353}}
{"target": 65.82527266400835, "params": {"h": 30.0, "p": 324.0, "r": 125.0}, "datetime": {"datetime": "2024-05-19 12:49:51", "elapsed": 3842.97084, "delta": 13.2909}}
{"target": 64.19437061147218, "params": {"h": 32.0, "p": 318.0, "r": 129.0}, "datetime": {"datetime": "2024-05-19 12:50:04", "elapsed": 3856.147185, "delta": 13.176345}}
{"target": 56.11186321308667, "params": {"h": 31.0, "p": 325.0, "r": 128.0}, "datetime": {"datetime": "2024-05-19 12:50:17", "elapsed": 3869.264902, "delta": 13.117717}}
{"target": 42.54979959451179, "params": {"h": 27.0, "p": 326.0, "r": 120.0}, "datetime": {"datetime": "2024-05-19 12:50:31", "elapsed": 3883.161555, "delta": 13.896653}}
{"target": 37.12980412022323, "params": {"h": 32.0, "p": 332.0, "r": 129.0}, "datetime": {"datetime": "2024-05-19 12:50:44", "elapsed": 3896.75647, "delta": 13.594915}}
{"target": 90.78978194667691, "params": {"h": 31.0, "p": 314.0, "r": 126.0}, "datetime": {"datetime": "2024-05-19 12:50:57", "elapsed": 3909.733634, "delta": 12.977164}}
{"target": 36.904231896179816, "params": {"h": 27.0, "p": 322.0, "r": 124.0}, "datetime": {"datetime": "2024-05-19 12:51:12", "elapsed": 3924.192125, "delta": 14.458491}}
{"target": 57.1217049861047, "params": {"h": 34.0, "p": 322.0, "r": 131.0}, "datetime": {"datetime": "2024-05-19 12:51:25", "elapsed": 3937.004124, "delta": 12.811999}}
{"target": 19.715711425524177, "params": {"h": 18.0, "p": 270.0, "r": 55.0}, "datetime": {"datetime": "2024-05-19 12:51:42", "elapsed": 3954.056063, "delta": 17.051939}}
{"target": 95.60248482844568, "params": {"h": 36.0, "p": 319.0, "r": 131.0}, "datetime": {"datetime": "2024-05-19 12:51:55", "elapsed": 3967.52469, "delta": 13.468627}}
{"target": 60.148926384359804, "params": {"h": 32.0, "p": 317.0, "r": 126.0}, "datetime": {"datetime": "2024-05-19 12:52:08", "elapsed": 3980.52703, "delta": 13.00234}}
