{"target": 0.9782541186718506, "params": {"h": 26.0, "p": 886.0, "r": 122.0}, "datetime": {"datetime": "2024-05-19 11:45:48", "elapsed": 0.0, "delta": 0.0}}
{"target": 10.782344652299782, "params": {"h": 46.0, "p": 117.0, "r": 30.0}, "datetime": {"datetime": "2024-05-19 11:46:07", "elapsed": 19.105868, "delta": 19.105868}}
{"target": 0.05594334002229689, "params": {"h": 35.0, "p": 934.0, "r": 21.0}, "datetime": {"datetime": "2024-05-19 11:47:20", "elapsed": 92.173662, "delta": 73.067794}}
{"target": 0.0, "params": {"h": 51.0, "p": 207.0, "r": 150.0}, "datetime": {"datetime": "2024-05-19 11:47:20", "elapsed": 92.174663, "delta": 0.001001}}
{"target": 2.432619854450939, "params": {"h": 56.0, "p": 637.0, "r": 86.0}, "datetime": {"datetime": "2024-05-19 11:47:52", "elapsed": 123.817256, "delta": 31.642593}}
{"target": 6.349105676606034, "params": {"h": 50.0, "p": 472.0, "r": 129.0}, "datetime": {"datetime": "2024-05-19 11:48:10", "elapsed": 141.978511, "delta": 18.161255}}
{"target": 1.343494860838116, "params": {"h": 32.0, "p": 782.0, "r": 82.0}, "datetime": {"datetime": "2024-05-19 11:48:46", "elapsed": 178.426711, "delta": 36.4482}}
{"target": 11.560509187030299, "params": {"h": 23.0, "p": 310.0, "r": 101.0}, "datetime": {"datetime": "2024-05-19 11:49:00", "elapsed": 191.976792, "delta": 13.550081}}
{"target": 4.060072671644082, "params": {"h": 39.0, "p": 695.0, "r": 42.0}, "datetime": {"datetime": "2024-05-19 11:49:44", "elapsed": 236.618537, "delta": 44.641745}}
{"target": 2.8314280832030154, "params": {"h": 15.0, "p": 398.0, "r": 60.0}, "datetime": {"datetime": "2024-05-19 11:50:06", "elapsed": 258.09681, "delta": 21.478273}}
{"target": 10.270823966218462, "params": {"h": 21.0, "p": 312.0, "r": 99.0}, "datetime": {"datetime": "2024-05-19 11:50:20", "elapsed": 272.749517, "delta": 14.652707}}
{"target": 14.041895818502537, "params": {"h": 27.0, "p": 306.0, "r": 105.0}, "datetime": {"datetime": "2024-05-19 11:50:35", "elapsed": 286.94336, "delta": 14.193843}}
{"target": 16.909447094523866, "params": {"h": 33.0, "p": 300.0, "r": 111.0}, "datetime": {"datetime": "2024-05-19 11:50:48", "elapsed": 300.496285, "delta": 13.552925}}
{"target": 18.84004078463482, "params": {"h": 43.0, "p": 295.0, "r": 120.0}, "datetime": {"datetime": "2024-05-19 11:51:01", "elapsed": 313.417553, "delta": 12.921268}}
{"target": 0.0, "params": {"h": 45.0, "p": 307.0, "r": 139.0}, "datetime": {"datetime": "2024-05-19 11:51:02", "elapsed": 314.187441, "delta": 0.769888}}
{"target": 18.755245054989018, "params": {"h": 44.0, "p": 290.0, "r": 113.0}, "datetime": {"datetime": "2024-05-19 11:51:14", "elapsed": 326.716766, "delta": 12.529325}}
{"target": 20.880613215970637, "params": {"h": 38.0, "p": 288.0, "r": 119.0}, "datetime": {"datetime": "2024-05-19 11:51:27", "elapsed": 338.895061, "delta": 12.178295}}
{"target": 0.0, "params": {"h": 29.0, "p": 277.0, "r": 121.0}, "datetime": {"datetime": "2024-05-19 11:51:27", "elapsed": 339.554243, "delta": 0.659182}}
{"target": 18.781723615755098, "params": {"h": 38.0, "p": 291.0, "r": 117.0}, "datetime": {"datetime": "2024-05-19 11:51:39", "elapsed": 351.398571, "delta": 11.844328}}
{"target": 0.0, "params": {"h": 45.0, "p": 291.0, "r": 123.0}, "datetime": {"datetime": "2024-05-19 11:51:40", "elapsed": 351.847432, "delta": 0.448861}}
{"target": 18.339822848298905, "params": {"h": 42.0, "p": 295.0, "r": 116.0}, "datetime": {"datetime": "2024-05-19 11:51:52", "elapsed": 364.186916, "delta": 12.339484}}
{"target": 19.005298103858664, "params": {"h": 38.0, "p": 298.0, "r": 119.0}, "datetime": {"datetime": "2024-05-19 11:52:04", "elapsed": 376.528511, "delta": 12.341595}}
{"target": 20.337398160967805, "params": {"h": 37.0, "p": 295.0, "r": 121.0}, "datetime": {"datetime": "2024-05-19 11:52:16", "elapsed": 388.740657, "delta": 12.212146}}
{"target": 30.984765783471456, "params": {"h": 31.0, "p": 298.0, "r": 121.0}, "datetime": {"datetime": "2024-05-19 11:52:28", "elapsed": 400.703743, "delta": 11.963086}}
{"target": 0.0, "params": {"h": 29.0, "p": 297.0, "r": 125.0}, "datetime": {"datetime": "2024-05-19 11:52:29", "elapsed": 401.023706, "delta": 0.319963}}
{"target": 23.649352787919028, "params": {"h": 30.0, "p": 293.0, "r": 118.0}, "datetime": {"datetime": "2024-05-19 11:52:41", "elapsed": 413.522231, "delta": 12.498525}}
{"target": 25.756855387666793, "params": {"h": 29.0, "p": 297.0, "r": 118.0}, "datetime": {"datetime": "2024-05-19 11:52:53", "elapsed": 425.248333, "delta": 11.726102}}
{"target": 18.92405083441571, "params": {"h": 30.0, "p": 290.0, "r": 114.0}, "datetime": {"datetime": "2024-05-19 11:53:05", "elapsed": 437.784491, "delta": 12.536158}}
{"target": 19.145912395317026, "params": {"h": 33.0, "p": 296.0, "r": 117.0}, "datetime": {"datetime": "2024-05-19 11:53:17", "elapsed": 449.553962, "delta": 11.769471}}
{"target": 19.1697540299943, "params": {"h": 30.0, "p": 300.0, "r": 116.0}, "datetime": {"datetime": "2024-05-19 11:53:29", "elapsed": 461.666729, "delta": 12.112767}}
{"target": 26.04202759462725, "params": {"h": 34.0, "p": 301.0, "r": 123.0}, "datetime": {"datetime": "2024-05-19 11:53:41", "elapsed": 472.920183, "delta": 11.253454}}
{"target": 0.0, "params": {"h": 33.0, "p": 291.0, "r": 121.0}, "datetime": {"datetime": "2024-05-19 11:53:41", "elapsed": 472.9941, "delta": 0.073917}}
{"target": 17.93736871921249, "params": {"h": 36.0, "p": 304.0, "r": 118.0}, "datetime": {"datetime": "2024-05-19 11:53:52", "elapsed": 484.259918, "delta": 11.265818}}
{"target": 19.16795425701625, "params": {"h": 41.0, "p": 300.0, "r": 122.0}, "datetime": {"datetime": "2024-05-19 11:54:05", "elapsed": 496.870442, "delta": 12.610524}}
{"target": 24.082561761422163, "params": {"h": 32.0, "p": 300.0, "r": 121.0}, "datetime": {"datetime": "2024-05-19 11:54:16", "elapsed": 508.525163, "delta": 11.654721}}
{"target": 18.488709743686968, "params": {"h": 30.0, "p": 293.0, "r": 114.0}, "datetime": {"datetime": "2024-05-19 11:54:29", "elapsed": 521.374809, "delta": 12.849646}}
{"target": 95.6890503696802, "params": {"h": 24.0, "p": 291.0, "r": 117.0}, "datetime": {"datetime": "2024-05-19 11:54:42", "elapsed": 534.170477, "delta": 12.795668}}
{"target": 71.83687583067149, "params": {"h": 24.0, "p": 295.0, "r": 116.0}, "datetime": {"datetime": "2024-05-19 11:54:56", "elapsed": 548.097394, "delta": 13.926917}}
{"target": 12.41627384011381, "params": {"h": 16.0, "p": 292.0, "r": 113.0}, "datetime": {"datetime": "2024-05-19 11:55:14", "elapsed": 566.31952, "delta": 18.222126}}
{"target": 0.0, "params": {"h": 22.0, "p": 289.0, "r": 120.0}, "datetime": {"datetime": "2024-05-19 11:55:14", "elapsed": 566.462196, "delta": 0.142676}}
{"target": 25.185476957167978, "params": {"h": 22.0, "p": 294.0, "r": 121.0}, "datetime": {"datetime": "2024-05-19 11:55:27", "elapsed": 579.02906, "delta": 12.566864}}
{"target": 21.333982130641978, "params": {"h": 20.0, "p": 294.0, "r": 116.0}, "datetime": {"datetime": "2024-05-19 11:55:42", "elapsed": 593.892586, "delta": 14.863526}}
{"target": 21.59789809798375, "params": {"h": 21.0, "p": 298.0, "r": 119.0}, "datetime": {"datetime": "2024-05-19 11:55:56", "elapsed": 608.730226, "delta": 14.83764}}
{"target": 37.99033005164074, "params": {"h": 27.0, "p": 292.0, "r": 118.0}, "datetime": {"datetime": "2024-05-19 11:56:08", "elapsed": 619.968983, "delta": 11.238757}}
{"target": 38.09745966620852, "params": {"h": 25.0, "p": 291.0, "r": 115.0}, "datetime": {"datetime": "2024-05-19 11:56:20", "elapsed": 632.160038, "delta": 12.191055}}
{"target": 109.71375908189601, "params": {"h": 27.0, "p": 290.0, "r": 119.0}, "datetime": {"datetime": "2024-05-19 11:56:31", "elapsed": 643.576379, "delta": 11.416341}}
{"target": 32.61536273817443, "params": {"h": 28.0, "p": 290.0, "r": 118.0}, "datetime": {"datetime": "2024-05-19 11:56:42", "elapsed": 654.309623, "delta": 10.733244}}
{"target": 38.140469091157186, "params": {"h": 22.0, "p": 290.0, "r": 117.0}, "datetime": {"datetime": "2024-05-19 11:56:54", "elapsed": 666.518023, "delta": 12.2084}}
{"target": 92.7229989533683, "params": {"h": 25.0, "p": 293.0, "r": 120.0}, "datetime": {"datetime": "2024-05-19 11:57:06", "elapsed": 678.521344, "delta": 12.003321}}
{"target": 56.89897761318392, "params": {"h": 26.0, "p": 294.0, "r": 118.0}, "datetime": {"datetime": "2024-05-19 11:57:19", "elapsed": 691.182758, "delta": 12.661414}}
{"target": 100.25707603292287, "params": {"h": 24.0, "p": 289.0, "r": 117.0}, "datetime": {"datetime": "2024-05-19 11:57:31", "elapsed": 703.71393, "delta": 12.531172}}
{"target": 42.524944601053825, "params": {"h": 24.0, "p": 292.0, "r": 121.0}, "datetime": {"datetime": "2024-05-19 11:57:44", "elapsed": 716.303274, "delta": 12.589344}}
{"target": 47.58299334020129, "params": {"h": 27.0, "p": 288.0, "r": 118.0}, "datetime": {"datetime": "2024-05-19 11:57:57", "elapsed": 728.9086, "delta": 12.605326}}
{"target": 92.62067531397189, "params": {"h": 25.0, "p": 292.0, "r": 120.0}, "datetime": {"datetime": "2024-05-19 11:58:09", "elapsed": 741.112316, "delta": 12.203716}}
{"target": 75.07458155244015, "params": {"h": 23.0, "p": 295.0, "r": 115.0}, "datetime": {"datetime": "2024-05-19 11:58:22", "elapsed": 754.417646, "delta": 13.30533}}
{"target": 109.71375908189601, "params": {"h": 27.0, "p": 290.0, "r": 119.0}, "datetime": {"datetime": "2024-05-19 11:58:22", "elapsed": 754.594724, "delta": 0.177078}}
{"target": 16.98979052590894, "params": {"h": 24.0, "p": 294.0, "r": 108.0}, "datetime": {"datetime": "2024-05-19 11:58:35", "elapsed": 767.698863, "delta": 13.104139}}
{"target": 55.59185163813908, "params": {"h": 22.0, "p": 288.0, "r": 116.0}, "datetime": {"datetime": "2024-05-19 11:58:49", "elapsed": 781.129163, "delta": 13.4303}}
{"target": 0.0, "params": {"h": 27.0, "p": 289.0, "r": 120.0}, "datetime": {"datetime": "2024-05-19 11:58:49", "elapsed": 781.323211, "delta": 0.194048}}
{"target": 22.728018582548376, "params": {"h": 24.0, "p": 298.0, "r": 112.0}, "datetime": {"datetime": "2024-05-19 11:59:02", "elapsed": 794.048163, "delta": 12.724952}}
{"target": 81.24652810164633, "params": {"h": 26.0, "p": 295.0, "r": 119.0}, "datetime": {"datetime": "2024-05-19 11:59:14", "elapsed": 806.336365, "delta": 12.288202}}
{"target": 26.46647568305456, "params": {"h": 28.0, "p": 295.0, "r": 117.0}, "datetime": {"datetime": "2024-05-19 11:59:25", "elapsed": 817.204407, "delta": 10.868042}}
{"target": 0.0, "params": {"h": 25.0, "p": 283.0, "r": 120.0}, "datetime": {"datetime": "2024-05-19 11:59:25", "elapsed": 817.340414, "delta": 0.136007}}
{"target": 42.551162178567516, "params": {"h": 24.0, "p": 298.0, "r": 115.0}, "datetime": {"datetime": "2024-05-19 11:59:38", "elapsed": 830.149481, "delta": 12.809067}}
{"target": 26.04488625390643, "params": {"h": 25.0, "p": 287.0, "r": 113.0}, "datetime": {"datetime": "2024-05-19 11:59:50", "elapsed": 842.497883, "delta": 12.348402}}
{"target": 30.796259880169735, "params": {"h": 27.0, "p": 286.0, "r": 116.0}, "datetime": {"datetime": "2024-05-19 12:00:02", "elapsed": 854.242771, "delta": 11.744888}}
{"target": 35.7724569112745, "params": {"h": 23.0, "p": 297.0, "r": 120.0}, "datetime": {"datetime": "2024-05-19 12:00:15", "elapsed": 866.912382, "delta": 12.669611}}
{"target": 33.54969048486538, "params": {"h": 24.0, "p": 306.0, "r": 114.0}, "datetime": {"datetime": "2024-05-19 12:00:28", "elapsed": 880.122907, "delta": 13.210525}}
{"target": 50.587260601866035, "params": {"h": 23.0, "p": 290.0, "r": 118.0}, "datetime": {"datetime": "2024-05-19 12:00:41", "elapsed": 893.632771, "delta": 13.509864}}
{"target": 57.227397904363464, "params": {"h": 25.0, "p": 297.0, "r": 117.0}, "datetime": {"datetime": "2024-05-19 12:00:55", "elapsed": 906.820102, "delta": 13.187331}}
{"target": 29.840336832910868, "params": {"h": 24.0, "p": 292.0, "r": 113.0}, "datetime": {"datetime": "2024-05-19 12:01:06", "elapsed": 918.688255, "delta": 11.868153}}
{"target": 53.22750652222863, "params": {"h": 24.0, "p": 291.0, "r": 120.0}, "datetime": {"datetime": "2024-05-19 12:01:19", "elapsed": 931.531335, "delta": 12.84308}}
{"target": 52.213763028691815, "params": {"h": 21.0, "p": 288.0, "r": 113.0}, "datetime": {"datetime": "2024-05-19 12:01:34", "elapsed": 945.838529, "delta": 14.307194}}
{"target": 48.737897021611495, "params": {"h": 21.0, "p": 296.0, "r": 113.0}, "datetime": {"datetime": "2024-05-19 12:01:48", "elapsed": 960.012061, "delta": 14.173532}}
{"target": 33.36692408515141, "params": {"h": 25.0, "p": 301.0, "r": 115.0}, "datetime": {"datetime": "2024-05-19 12:02:00", "elapsed": 972.185089, "delta": 12.173028}}
{"target": 15.655115778848424, "params": {"h": 18.0, "p": 298.0, "r": 111.0}, "datetime": {"datetime": "2024-05-19 12:02:16", "elapsed": 988.615328, "delta": 16.430239}}
{"target": 83.34503698916718, "params": {"h": 26.0, "p": 298.0, "r": 122.0}, "datetime": {"datetime": "2024-05-19 12:02:28", "elapsed": 1000.439901, "delta": 11.824573}}
{"target": 0.0, "params": {"h": 24.0, "p": 300.0, "r": 127.0}, "datetime": {"datetime": "2024-05-19 12:02:28", "elapsed": 1000.630168, "delta": 0.190267}}
{"target": 14.237181467496827, "params": {"h": 19.0, "p": 306.0, "r": 118.0}, "datetime": {"datetime": "2024-05-19 12:02:46", "elapsed": 1018.212099, "delta": 17.581931}}
{"target": 38.492746545338235, "params": {"h": 24.0, "p": 289.0, "r": 114.0}, "datetime": {"datetime": "2024-05-19 12:02:59", "elapsed": 1030.946059, "delta": 12.73396}}
{"target": 69.92333417293564, "params": {"h": 29.0, "p": 295.0, "r": 122.0}, "datetime": {"datetime": "2024-05-19 12:03:11", "elapsed": 1043.498112, "delta": 12.552053}}
{"target": 0.0, "params": {"h": 16.0, "p": 283.0, "r": 117.0}, "datetime": {"datetime": "2024-05-19 12:03:12", "elapsed": 1043.811376, "delta": 0.313264}}
{"target": 114.24910551078085, "params": {"h": 27.0, "p": 298.0, "r": 122.0}, "datetime": {"datetime": "2024-05-19 12:03:24", "elapsed": 1055.973142, "delta": 12.161766}}
{"target": 81.16737354467749, "params": {"h": 27.0, "p": 301.0, "r": 123.0}, "datetime": {"datetime": "2024-05-19 12:03:36", "elapsed": 1068.350437, "delta": 12.377295}}
{"target": 28.789035818788943, "params": {"h": 24.0, "p": 300.0, "r": 124.0}, "datetime": {"datetime": "2024-05-19 12:03:50", "elapsed": 1082.069626, "delta": 13.719189}}
{"target": 63.724351079365015, "params": {"h": 28.0, "p": 297.0, "r": 121.0}, "datetime": {"datetime": "2024-05-19 12:04:03", "elapsed": 1095.303443, "delta": 13.233817}}
{"target": 75.57861166535977, "params": {"h": 23.0, "p": 293.0, "r": 116.0}, "datetime": {"datetime": "2024-05-19 12:04:17", "elapsed": 1108.817119, "delta": 13.513676}}
{"target": 72.16171329987996, "params": {"h": 25.0, "p": 289.0, "r": 117.0}, "datetime": {"datetime": "2024-05-19 12:04:29", "elapsed": 1121.303558, "delta": 12.486439}}
{"target": 29.422309442493038, "params": {"h": 20.0, "p": 287.0, "r": 114.0}, "datetime": {"datetime": "2024-05-19 12:04:44", "elapsed": 1135.849647, "delta": 14.546089}}
{"target": 36.38217606552836, "params": {"h": 18.0, "p": 285.0, "r": 103.0}, "datetime": {"datetime": "2024-05-19 12:05:00", "elapsed": 1152.057404, "delta": 16.207757}}
{"target": 46.288844070867725, "params": {"h": 29.0, "p": 302.0, "r": 121.0}, "datetime": {"datetime": "2024-05-19 12:05:12", "elapsed": 1164.401773, "delta": 12.344369}}
{"target": 68.89139045959392, "params": {"h": 26.0, "p": 297.0, "r": 119.0}, "datetime": {"datetime": "2024-05-19 12:05:25", "elapsed": 1177.356495, "delta": 12.954722}}
{"target": 46.5832045299281, "params": {"h": 20.0, "p": 286.0, "r": 111.0}, "datetime": {"datetime": "2024-05-19 12:05:39", "elapsed": 1191.520374, "delta": 14.163879}}
{"target": 54.52155261534187, "params": {"h": 25.0, "p": 296.0, "r": 122.0}, "datetime": {"datetime": "2024-05-19 12:05:53", "elapsed": 1204.822735, "delta": 13.302361}}
{"target": 58.10814621230588, "params": {"h": 27.0, "p": 291.0, "r": 119.0}, "datetime": {"datetime": "2024-05-19 12:06:04", "elapsed": 1216.130601, "delta": 11.307866}}
{"target": 66.27555939639602, "params": {"h": 24.0, "p": 297.0, "r": 116.0}, "datetime": {"datetime": "2024-05-19 12:06:16", "elapsed": 1228.505014, "delta": 12.374413}}
{"target": 47.99986772875497, "params": {"h": 26.0, "p": 302.0, "r": 124.0}, "datetime": {"datetime": "2024-05-19 12:06:29", "elapsed": 1241.227661, "delta": 12.722647}}
{"target": 0.0, "params": {"h": 28.0, "p": 292.0, "r": 123.0}, "datetime": {"datetime": "2024-05-19 12:06:29", "elapsed": 1241.597471, "delta": 0.36981}}
{"target": 89.72096499788796, "params": {"h": 23.0, "p": 290.0, "r": 115.0}, "datetime": {"datetime": "2024-05-19 12:06:42", "elapsed": 1254.691533, "delta": 13.094062}}
{"target": 27.253187013680623, "params": {"h": 25.0, "p": 294.0, "r": 114.0}, "datetime": {"datetime": "2024-05-19 12:06:55", "elapsed": 1267.240552, "delta": 12.549019}}
{"target": 62.57341920699143, "params": {"h": 22.0, "p": 293.0, "r": 115.0}, "datetime": {"datetime": "2024-05-19 12:07:08", "elapsed": 1280.194772, "delta": 12.95422}}
{"target": 60.11204637227004, "params": {"h": 26.0, "p": 301.0, "r": 119.0}, "datetime": {"datetime": "2024-05-19 12:07:21", "elapsed": 1293.017635, "delta": 12.822863}}
{"target": 77.21030737836054, "params": {"h": 22.0, "p": 290.0, "r": 114.0}, "datetime": {"datetime": "2024-05-19 12:07:35", "elapsed": 1307.018135, "delta": 14.0005}}
{"target": 92.29858543777172, "params": {"h": 24.0, "p": 294.0, "r": 118.0}, "datetime": {"datetime": "2024-05-19 12:07:48", "elapsed": 1319.848982, "delta": 12.830847}}
{"target": 105.21927343534004, "params": {"h": 25.0, "p": 292.0, "r": 119.0}, "datetime": {"datetime": "2024-05-19 12:08:00", "elapsed": 1332.265757, "delta": 12.416775}}
{"target": 41.57710074142518, "params": {"h": 27.0, "p": 303.0, "r": 119.0}, "datetime": {"datetime": "2024-05-19 12:08:13", "elapsed": 1345.229542, "delta": 12.963785}}
{"target": 86.16925534691718, "params": {"h": 25.0, "p": 290.0, "r": 118.0}, "datetime": {"datetime": "2024-05-19 12:08:26", "elapsed": 1357.841001, "delta": 12.611459}}
{"target": 86.65833738578266, "params": {"h": 25.0, "p": 296.0, "r": 120.0}, "datetime": {"datetime": "2024-05-19 12:08:38", "elapsed": 1370.784685, "delta": 12.943684}}
{"target": 46.172654965830645, "params": {"h": 22.0, "p": 292.0, "r": 116.0}, "datetime": {"datetime": "2024-05-19 12:08:52", "elapsed": 1384.456701, "delta": 13.672016}}
{"target": 65.02309721363703, "params": {"h": 23.0, "p": 293.0, "r": 117.0}, "datetime": {"datetime": "2024-05-19 12:09:05", "elapsed": 1397.555848, "delta": 13.099147}}
{"target": 24.742679637865038, "params": {"h": 22.0, "p": 283.0, "r": 108.0}, "datetime": {"datetime": "2024-05-19 12:09:18", "elapsed": 1410.743191, "delta": 13.187343}}
{"target": 2.3886638327234464, "params": {"h": 18.0, "p": 963.0, "r": 44.0}, "datetime": {"datetime": "2024-05-19 12:10:29", "elapsed": 1481.041917, "delta": 70.298726}}
{"target": 15.843241854407967, "params": {"h": 17.0, "p": 288.0, "r": 108.0}, "datetime": {"datetime": "2024-05-19 12:10:46", "elapsed": 1498.125473, "delta": 17.083556}}
{"target": 67.55900796886024, "params": {"h": 29.0, "p": 306.0, "r": 127.0}, "datetime": {"datetime": "2024-05-19 12:10:59", "elapsed": 1511.137788, "delta": 13.012315}}
{"target": 70.87227180109302, "params": {"h": 30.0, "p": 308.0, "r": 128.0}, "datetime": {"datetime": "2024-05-19 12:11:11", "elapsed": 1523.538685, "delta": 12.400897}}
{"target": 98.80369809543254, "params": {"h": 26.0, "p": 296.0, "r": 120.0}, "datetime": {"datetime": "2024-05-19 12:11:23", "elapsed": 1535.594354, "delta": 12.055669}}
{"target": 0.0, "params": {"h": 29.0, "p": 304.0, "r": 128.0}, "datetime": {"datetime": "2024-05-19 12:11:24", "elapsed": 1535.941856, "delta": 0.347502}}
{"target": 98.98336466468767, "params": {"h": 34.0, "p": 311.0, "r": 129.0}, "datetime": {"datetime": "2024-05-19 12:11:36", "elapsed": 1548.800084, "delta": 12.858228}}
{"target": 111.0039098967789, "params": {"h": 33.0, "p": 310.0, "r": 129.0}, "datetime": {"datetime": "2024-05-19 12:11:49", "elapsed": 1561.231261, "delta": 12.431177}}
{"target": 101.04699099899469, "params": {"h": 31.0, "p": 310.0, "r": 127.0}, "datetime": {"datetime": "2024-05-19 12:12:01", "elapsed": 1573.177765, "delta": 11.946504}}
{"target": 48.04068674757888, "params": {"h": 32.0, "p": 310.0, "r": 130.0}, "datetime": {"datetime": "2024-05-19 12:12:13", "elapsed": 1584.889205, "delta": 11.71144}}
{"target": 98.2011529763083, "params": {"h": 24.0, "p": 290.0, "r": 117.0}, "datetime": {"datetime": "2024-05-19 12:12:26", "elapsed": 1597.99372, "delta": 13.104515}}
{"target": 70.80545214037988, "params": {"h": 24.0, "p": 296.0, "r": 119.0}, "datetime": {"datetime": "2024-05-19 12:12:39", "elapsed": 1610.824319, "delta": 12.830599}}
{"target": 81.75881026599177, "params": {"h": 30.0, "p": 312.0, "r": 127.0}, "datetime": {"datetime": "2024-05-19 12:12:51", "elapsed": 1623.03016, "delta": 12.205841}}
{"target": 0.0, "params": {"h": 36.0, "p": 309.0, "r": 130.0}, "datetime": {"datetime": "2024-05-19 12:12:51", "elapsed": 1623.464033, "delta": 0.433873}}
{"target": 41.89423199176562, "params": {"h": 27.0, "p": 291.0, "r": 118.0}, "datetime": {"datetime": "2024-05-19 12:13:04", "elapsed": 1635.806852, "delta": 12.342819}}
{"target": 109.57508909566073, "params": {"h": 31.0, "p": 308.0, "r": 127.0}, "datetime": {"datetime": "2024-05-19 12:13:15", "elapsed": 1647.070707, "delta": 11.263855}}
{"target": 74.22020406323495, "params": {"h": 28.0, "p": 307.0, "r": 125.0}, "datetime": {"datetime": "2024-05-19 12:13:27", "elapsed": 1659.270847, "delta": 12.20014}}
{"target": 100.50032898702985, "params": {"h": 33.0, "p": 314.0, "r": 128.0}, "datetime": {"datetime": "2024-05-19 12:13:39", "elapsed": 1671.417095, "delta": 12.146248}}
{"target": 39.19959423315374, "params": {"h": 35.0, "p": 311.0, "r": 127.0}, "datetime": {"datetime": "2024-05-19 12:13:52", "elapsed": 1684.535748, "delta": 13.118653}}
