{"target": 2.144729545545156, "params": {"h": 59.0, "p": 685.0, "r": 124.0}, "datetime": {"datetime": "2024-05-20 14:00:01", "elapsed": 1888.943796, "delta": 28.381313}}
{"target": 93.48177735914503, "params": {"h": 24.0, "p": 293.0, "r": 117.0}, "datetime": {"datetime": "2024-05-20 14:00:14", "elapsed": 1901.67332, "delta": 12.729524}}
{"target": 116.59307778731923, "params": {"h": 33.0, "p": 309.0, "r": 127.0}, "datetime": {"datetime": "2024-05-20 14:00:24", "elapsed": 1912.611465, "delta": 10.938145}}
{"target": 0.8165605771060439, "params": {"h": 30.0, "p": 982.0, "r": 87.0}, "datetime": {"datetime": "2024-05-20 14:01:17", "elapsed": 1964.95991, "delta": 52.348445}}
{"target": 0.8831716956384225, "params": {"h": 57.0, "p": 999.0, "r": 108.0}, "datetime": {"datetime": "2024-05-20 14:02:16", "elapsed": 2023.724466, "delta": 58.764556}}
{"target": 98.40684063626736, "params": {"h": 30.0, "p": 311.0, "r": 126.0}, "datetime": {"datetime": "2024-05-20 14:02:27", "elapsed": 2034.975108, "delta": 11.250642}}
{"target": 7.177402506682232, "params": {"h": 19.0, "p": 631.0, "r": 44.0}, "datetime": {"datetime": "2024-05-20 14:02:58", "elapsed": 2065.936931, "delta": 30.961823}}
{"target": 101.43209403490562, "params": {"h": 31.0, "p": 309.0, "r": 126.0}, "datetime": {"datetime": "2024-05-20 14:03:10", "elapsed": 2077.858003, "delta": 11.921072}}
{"target": 101.66384550843593, "params": {"h": 29.0, "p": 306.0, "r": 124.0}, "datetime": {"datetime": "2024-05-20 14:03:22", "elapsed": 2090.546242, "delta": 12.688239}}
{"target": 2.569720334919516, "params": {"h": 31.0, "p": 680.0, "r": 146.0}, "datetime": {"datetime": "2024-05-20 14:03:49", "elapsed": 2117.563464, "delta": 27.017222}}
{"target": 2.8240035403266233, "params": {"h": 18.0, "p": 550.0, "r": 136.0}, "datetime": {"datetime": "2024-05-20 14:04:20", "elapsed": 2148.073937, "delta": 30.510473}}
{"target": 43.66584352367186, "params": {"h": 34.0, "p": 303.0, "r": 126.0}, "datetime": {"datetime": "2024-05-20 14:04:31", "elapsed": 2159.355826, "delta": 11.281889}}
{"target": 98.54312345558115, "params": {"h": 29.0, "p": 308.0, "r": 125.0}, "datetime": {"datetime": "2024-05-20 14:04:31", "elapsed": 2159.590215, "delta": 0.234389}}
{"target": 71.82672378488475, "params": {"h": 32.0, "p": 312.0, "r": 126.0}, "datetime": {"datetime": "2024-05-20 14:04:42", "elapsed": 2170.610534, "delta": 11.020319}}
{"target": 111.80170102710534, "params": {"h": 30.0, "p": 303.0, "r": 125.0}, "datetime": {"datetime": "2024-05-20 14:04:55", "elapsed": 2182.888736, "delta": 12.278202}}
{"target": 58.50801224430721, "params": {"h": 31.0, "p": 306.0, "r": 124.0}, "datetime": {"datetime": "2024-05-20 14:05:05", "elapsed": 2193.186211, "delta": 10.297475}}
{"target": 19.752935055210205, "params": {"h": 54.0, "p": 339.0, "r": 130.0}, "datetime": {"datetime": "2024-05-20 14:05:15", "elapsed": 2203.528168, "delta": 10.341957}}
{"target": 4.122953732813644, "params": {"h": 58.0, "p": 659.0, "r": 64.0}, "datetime": {"datetime": "2024-05-20 14:05:48", "elapsed": 2236.412234, "delta": 32.884066}}
{"target": 36.335449004514246, "params": {"h": 35.0, "p": 305.0, "r": 126.0}, "datetime": {"datetime": "2024-05-20 14:06:01", "elapsed": 2249.043095, "delta": 12.630861}}
{"target": 92.2749658445886, "params": {"h": 36.0, "p": 313.0, "r": 130.0}, "datetime": {"datetime": "2024-05-20 14:06:13", "elapsed": 2260.887153, "delta": 11.844058}}
{"target": 26.609807656876075, "params": {"h": 28.0, "p": 315.0, "r": 129.0}, "datetime": {"datetime": "2024-05-20 14:06:25", "elapsed": 2273.237627, "delta": 12.350474}}
{"target": 63.24642609321989, "params": {"h": 45.0, "p": 324.0, "r": 135.0}, "datetime": {"datetime": "2024-05-20 14:06:37", "elapsed": 2285.625262, "delta": 12.387635}}
{"target": 42.530761860652554, "params": {"h": 42.0, "p": 324.0, "r": 136.0}, "datetime": {"datetime": "2024-05-20 14:06:49", "elapsed": 2296.733693, "delta": 11.108431}}
{"target": 112.68128280986569, "params": {"h": 35.0, "p": 312.0, "r": 131.0}, "datetime": {"datetime": "2024-05-20 14:07:00", "elapsed": 2308.288698, "delta": 11.555005}}
{"target": 82.8178745501773, "params": {"h": 25.0, "p": 300.0, "r": 120.0}, "datetime": {"datetime": "2024-05-20 14:07:12", "elapsed": 2319.850673, "delta": 11.561975}}
{"target": 85.52520395066894, "params": {"h": 34.0, "p": 315.0, "r": 130.0}, "datetime": {"datetime": "2024-05-20 14:07:23", "elapsed": 2331.362116, "delta": 11.511443}}
{"target": 66.89183358714975, "params": {"h": 35.0, "p": 315.0, "r": 129.0}, "datetime": {"datetime": "2024-05-20 14:07:35", "elapsed": 2342.712727, "delta": 11.350611}}
{"target": 48.63183817031797, "params": {"h": 34.0, "p": 305.0, "r": 126.0}, "datetime": {"datetime": "2024-05-20 14:07:46", "elapsed": 2354.371659, "delta": 11.658932}}
{"target": 106.11263933956766, "params": {"h": 30.0, "p": 309.0, "r": 126.0}, "datetime": {"datetime": "2024-05-20 14:07:58", "elapsed": 2366.266186, "delta": 11.894527}}
{"target": 88.93351484723641, "params": {"h": 31.0, "p": 311.0, "r": 127.0}, "datetime": {"datetime": "2024-05-20 14:08:10", "elapsed": 2378.074651, "delta": 11.808465}}
{"target": 32.54472784446911, "params": {"h": 35.0, "p": 311.0, "r": 126.0}, "datetime": {"datetime": "2024-05-20 14:08:22", "elapsed": 2390.189086, "delta": 12.114435}}
{"target": 90.5981656928525, "params": {"h": 37.0, "p": 317.0, "r": 130.0}, "datetime": {"datetime": "2024-05-20 14:08:34", "elapsed": 2401.917802, "delta": 11.728716}}
{"target": 89.19249169254148, "params": {"h": 25.0, "p": 299.0, "r": 119.0}, "datetime": {"datetime": "2024-05-20 14:08:46", "elapsed": 2413.766379, "delta": 11.848577}}
{"target": 89.93315660182023, "params": {"h": 33.0, "p": 312.0, "r": 129.0}, "datetime": {"datetime": "2024-05-20 14:08:57", "elapsed": 2424.852395, "delta": 11.086016}}
{"target": 0.0, "params": {"h": 39.0, "p": 312.0, "r": 132.0}, "datetime": {"datetime": "2024-05-20 14:08:57", "elapsed": 2425.102408, "delta": 0.250013}}
{"target": 100.78962930980119, "params": {"h": 27.0, "p": 300.0, "r": 121.0}, "datetime": {"datetime": "2024-05-20 14:09:07", "elapsed": 2435.600709, "delta": 10.498301}}
{"target": 38.847767259715404, "params": {"h": 44.0, "p": 326.0, "r": 133.0}, "datetime": {"datetime": "2024-05-20 14:09:19", "elapsed": 2447.268517, "delta": 11.667808}}
{"target": 0.0, "params": {"h": 36.0, "p": 312.0, "r": 132.0}, "datetime": {"datetime": "2024-05-20 14:09:20", "elapsed": 2447.880809, "delta": 0.612292}}
{"target": 46.71628558389542, "params": {"h": 37.0, "p": 319.0, "r": 129.0}, "datetime": {"datetime": "2024-05-20 14:09:32", "elapsed": 2459.683727, "delta": 11.802918}}
{"target": 68.53617764304165, "params": {"h": 29.0, "p": 315.0, "r": 126.0}, "datetime": {"datetime": "2024-05-20 14:09:44", "elapsed": 2471.681303, "delta": 11.997576}}
{"target": 43.094014456277975, "params": {"h": 30.0, "p": 319.0, "r": 123.0}, "datetime": {"datetime": "2024-05-20 14:09:56", "elapsed": 2483.791935, "delta": 12.110632}}
{"target": 89.60909873791259, "params": {"h": 29.0, "p": 302.0, "r": 126.0}, "datetime": {"datetime": "2024-05-20 14:10:08", "elapsed": 2496.202775, "delta": 12.41084}}
{"target": 104.19135390370457, "params": {"h": 38.0, "p": 316.0, "r": 132.0}, "datetime": {"datetime": "2024-05-20 14:10:20", "elapsed": 2508.219942, "delta": 12.017167}}
{"target": 114.58617312090308, "params": {"h": 30.0, "p": 303.0, "r": 126.0}, "datetime": {"datetime": "2024-05-20 14:10:21", "elapsed": 2508.657512, "delta": 0.43757}}
{"target": 29.51249841352692, "params": {"h": 39.0, "p": 316.0, "r": 129.0}, "datetime": {"datetime": "2024-05-20 14:10:32", "elapsed": 2520.375328, "delta": 11.717816}}
{"target": 122.00382680777592, "params": {"h": 29.0, "p": 298.0, "r": 124.0}, "datetime": {"datetime": "2024-05-20 14:10:43", "elapsed": 2531.162196, "delta": 10.786868}}
{"target": 0.0, "params": {"h": 40.0, "p": 315.0, "r": 136.0}, "datetime": {"datetime": "2024-05-20 14:10:43", "elapsed": 2531.553104, "delta": 0.390908}}
{"target": 18.27656897038301, "params": {"h": 49.0, "p": 325.0, "r": 131.0}, "datetime": {"datetime": "2024-05-20 14:10:55", "elapsed": 2543.037622, "delta": 11.484518}}
{"target": 66.53639907856032, "params": {"h": 31.0, "p": 311.0, "r": 125.0}, "datetime": {"datetime": "2024-05-20 14:11:06", "elapsed": 2554.373757, "delta": 11.336135}}
{"target": 23.231254323103844, "params": {"h": 47.0, "p": 329.0, "r": 137.0}, "datetime": {"datetime": "2024-05-20 14:11:19", "elapsed": 2566.699151, "delta": 12.325394}}
{"target": 118.18161925539357, "params": {"h": 29.0, "p": 300.0, "r": 125.0}, "datetime": {"datetime": "2024-05-20 14:11:30", "elapsed": 2578.448985, "delta": 11.749834}}
{"target": 65.0310063050392, "params": {"h": 33.0, "p": 304.0, "r": 126.0}, "datetime": {"datetime": "2024-05-20 14:11:42", "elapsed": 2590.008239, "delta": 11.559254}}
{"target": 77.20438917817428, "params": {"h": 34.0, "p": 315.0, "r": 131.0}, "datetime": {"datetime": "2024-05-20 14:11:55", "elapsed": 2603.07398, "delta": 13.065741}}
{"target": 70.80234203306344, "params": {"h": 34.0, "p": 312.0, "r": 130.0}, "datetime": {"datetime": "2024-05-20 14:12:07", "elapsed": 2615.3646, "delta": 12.29062}}
{"target": 48.14990448212763, "params": {"h": 39.0, "p": 318.0, "r": 134.0}, "datetime": {"datetime": "2024-05-20 14:12:19", "elapsed": 2626.714035, "delta": 11.349435}}
{"target": 0.0, "params": {"h": 46.0, "p": 321.0, "r": 139.0}, "datetime": {"datetime": "2024-05-20 14:12:19", "elapsed": 2627.24431, "delta": 0.530275}}
{"target": 75.77447892647155, "params": {"h": 29.0, "p": 311.0, "r": 126.0}, "datetime": {"datetime": "2024-05-20 14:12:31", "elapsed": 2639.621573, "delta": 12.377263}}
{"target": 56.59861801789345, "params": {"h": 34.0, "p": 310.0, "r": 130.0}, "datetime": {"datetime": "2024-05-20 14:12:42", "elapsed": 2650.028695, "delta": 10.407122}}
{"target": 84.30627000118047, "params": {"h": 35.0, "p": 312.0, "r": 129.0}, "datetime": {"datetime": "2024-05-20 14:12:55", "elapsed": 2662.659457, "delta": 12.630762}}
{"target": 81.32961544945586, "params": {"h": 33.0, "p": 307.0, "r": 128.0}, "datetime": {"datetime": "2024-05-20 14:13:06", "elapsed": 2674.203384, "delta": 11.543927}}
{"target": 92.48792175269979, "params": {"h": 36.0, "p": 321.0, "r": 131.0}, "datetime": {"datetime": "2024-05-20 14:13:19", "elapsed": 2687.371909, "delta": 13.168525}}
{"target": 88.39965812266544, "params": {"h": 33.0, "p": 320.0, "r": 128.0}, "datetime": {"datetime": "2024-05-20 14:13:31", "elapsed": 2699.416388, "delta": 12.044479}}
{"target": 33.02543570656339, "params": {"h": 28.0, "p": 309.0, "r": 127.0}, "datetime": {"datetime": "2024-05-20 14:13:43", "elapsed": 2711.177582, "delta": 11.761194}}
{"target": 73.2375767929668, "params": {"h": 32.0, "p": 309.0, "r": 126.0}, "datetime": {"datetime": "2024-05-20 14:13:54", "elapsed": 2722.575353, "delta": 11.397771}}
{"target": 54.304224091420586, "params": {"h": 29.0, "p": 295.0, "r": 121.0}, "datetime": {"datetime": "2024-05-20 14:14:06", "elapsed": 2734.602287, "delta": 12.026934}}
{"target": 96.681049937147, "params": {"h": 37.0, "p": 319.0, "r": 132.0}, "datetime": {"datetime": "2024-05-20 14:14:18", "elapsed": 2746.613969, "delta": 12.011682}}
{"target": 22.350458774219106, "params": {"h": 36.0, "p": 323.0, "r": 126.0}, "datetime": {"datetime": "2024-05-20 14:14:32", "elapsed": 2760.199999, "delta": 13.58603}}
{"target": 69.85974355098928, "params": {"h": 35.0, "p": 321.0, "r": 129.0}, "datetime": {"datetime": "2024-05-20 14:14:45", "elapsed": 2772.646751, "delta": 12.446752}}
{"target": 88.12009397546336, "params": {"h": 38.0, "p": 315.0, "r": 131.0}, "datetime": {"datetime": "2024-05-20 14:14:56", "elapsed": 2784.539528, "delta": 11.892777}}
{"target": 88.4195161960888, "params": {"h": 35.0, "p": 320.0, "r": 130.0}, "datetime": {"datetime": "2024-05-20 14:15:08", "elapsed": 2796.38372, "delta": 11.844192}}
{"target": 83.12875221793091, "params": {"h": 36.0, "p": 323.0, "r": 131.0}, "datetime": {"datetime": "2024-05-20 14:15:20", "elapsed": 2808.329858, "delta": 11.946138}}
{"target": 20.09698146997577, "params": {"h": 32.0, "p": 324.0, "r": 135.0}, "datetime": {"datetime": "2024-05-20 14:15:33", "elapsed": 2821.078384, "delta": 12.748526}}
{"target": 73.417099725767, "params": {"h": 36.0, "p": 326.0, "r": 130.0}, "datetime": {"datetime": "2024-05-20 14:15:45", "elapsed": 2833.322945, "delta": 12.244561}}
{"target": 114.25696819223711, "params": {"h": 30.0, "p": 302.0, "r": 125.0}, "datetime": {"datetime": "2024-05-20 14:15:57", "elapsed": 2844.919163, "delta": 11.596218}}
{"target": 74.77417392406824, "params": {"h": 32.0, "p": 324.0, "r": 128.0}, "datetime": {"datetime": "2024-05-20 14:16:10", "elapsed": 2857.795189, "delta": 12.876026}}
{"target": 106.26400576285302, "params": {"h": 26.0, "p": 294.0, "r": 120.0}, "datetime": {"datetime": "2024-05-20 14:16:21", "elapsed": 2869.294666, "delta": 11.499477}}
{"target": 39.87531441071487, "params": {"h": 39.0, "p": 324.0, "r": 135.0}, "datetime": {"datetime": "2024-05-20 14:16:33", "elapsed": 2881.046339, "delta": 11.751673}}
{"target": 78.7126444370275, "params": {"h": 36.0, "p": 315.0, "r": 130.0}, "datetime": {"datetime": "2024-05-20 14:16:45", "elapsed": 2893.111843, "delta": 12.065504}}
{"target": 57.02488485121044, "params": {"h": 36.0, "p": 319.0, "r": 133.0}, "datetime": {"datetime": "2024-05-20 14:16:57", "elapsed": 2905.349646, "delta": 12.237803}}
{"target": 31.056830402899735, "params": {"h": 28.0, "p": 322.0, "r": 127.0}, "datetime": {"datetime": "2024-05-20 14:17:10", "elapsed": 2917.73304, "delta": 12.383394}}
{"target": 50.07758175616708, "params": {"h": 24.0, "p": 293.0, "r": 120.0}, "datetime": {"datetime": "2024-05-20 14:17:22", "elapsed": 2930.384005, "delta": 12.650965}}
{"target": 53.92261114874804, "params": {"h": 30.0, "p": 327.0, "r": 126.0}, "datetime": {"datetime": "2024-05-20 14:17:35", "elapsed": 2943.590137, "delta": 13.206132}}
{"target": 53.520288927979614, "params": {"h": 41.0, "p": 318.0, "r": 132.0}, "datetime": {"datetime": "2024-05-20 14:17:47", "elapsed": 2955.303267, "delta": 11.71313}}
{"target": 33.51974775375516, "params": {"h": 34.0, "p": 321.0, "r": 133.0}, "datetime": {"datetime": "2024-05-20 14:18:00", "elapsed": 2968.016327, "delta": 12.71306}}
{"target": 61.67045346854096, "params": {"h": 29.0, "p": 300.0, "r": 122.0}, "datetime": {"datetime": "2024-05-20 14:18:11", "elapsed": 2979.206266, "delta": 11.189939}}
{"target": 96.19513134275185, "params": {"h": 26.0, "p": 301.0, "r": 121.0}, "datetime": {"datetime": "2024-05-20 14:18:24", "elapsed": 2991.921836, "delta": 12.71557}}
{"target": 73.68903029327619, "params": {"h": 40.0, "p": 323.0, "r": 132.0}, "datetime": {"datetime": "2024-05-20 14:18:35", "elapsed": 3003.125559, "delta": 11.203723}}
{"target": 122.67616140479244, "params": {"h": 30.0, "p": 300.0, "r": 125.0}, "datetime": {"datetime": "2024-05-20 14:18:48", "elapsed": 3015.691939, "delta": 12.56638}}
{"target": 48.7889405858441, "params": {"h": 34.0, "p": 318.0, "r": 132.0}, "datetime": {"datetime": "2024-05-20 14:18:59", "elapsed": 3027.426946, "delta": 11.735007}}
{"target": 81.92003803809331, "params": {"h": 34.0, "p": 322.0, "r": 129.0}, "datetime": {"datetime": "2024-05-20 14:19:11", "elapsed": 3038.802562, "delta": 11.375616}}
{"target": 25.98218307362271, "params": {"h": 40.0, "p": 329.0, "r": 130.0}, "datetime": {"datetime": "2024-05-20 14:19:23", "elapsed": 3051.100105, "delta": 12.297543}}
{"target": 56.35262117735669, "params": {"h": 33.0, "p": 330.0, "r": 127.0}, "datetime": {"datetime": "2024-05-20 14:19:35", "elapsed": 3062.850123, "delta": 11.750018}}
{"target": 53.25951108672762, "params": {"h": 37.0, "p": 315.0, "r": 132.0}, "datetime": {"datetime": "2024-05-20 14:19:47", "elapsed": 3074.65952, "delta": 11.809397}}
{"target": 94.9070394038385, "params": {"h": 33.0, "p": 317.0, "r": 128.0}, "datetime": {"datetime": "2024-05-20 14:19:59", "elapsed": 3086.988784, "delta": 12.329264}}
{"target": 100.17514289892316, "params": {"h": 29.0, "p": 299.0, "r": 123.0}, "datetime": {"datetime": "2024-05-20 14:20:11", "elapsed": 3098.911313, "delta": 11.922529}}
{"target": 84.31133687908331, "params": {"h": 39.0, "p": 321.0, "r": 132.0}, "datetime": {"datetime": "2024-05-20 14:20:23", "elapsed": 3111.244984, "delta": 12.333671}}
{"target": 101.9334409531887, "params": {"h": 35.0, "p": 316.0, "r": 131.0}, "datetime": {"datetime": "2024-05-20 14:20:35", "elapsed": 3123.37065, "delta": 12.125666}}
{"target": 76.51729256415419, "params": {"h": 36.0, "p": 322.0, "r": 132.0}, "datetime": {"datetime": "2024-05-20 14:20:47", "elapsed": 3135.074423, "delta": 11.703773}}
{"target": 113.51392884164932, "params": {"h": 31.0, "p": 305.0, "r": 127.0}, "datetime": {"datetime": "2024-05-20 14:20:58", "elapsed": 3146.325045, "delta": 11.250622}}
{"target": 43.40198669054441, "params": {"h": 38.0, "p": 323.0, "r": 130.0}, "datetime": {"datetime": "2024-05-20 14:21:10", "elapsed": 3158.091323, "delta": 11.766278}}
{"target": 33.9217176459078, "params": {"h": 35.0, "p": 317.0, "r": 126.0}, "datetime": {"datetime": "2024-05-20 14:21:22", "elapsed": 3170.295126, "delta": 12.203803}}
{"target": 68.19624944651757, "params": {"h": 32.0, "p": 316.0, "r": 126.0}, "datetime": {"datetime": "2024-05-20 14:21:34", "elapsed": 3182.04578, "delta": 11.750654}}
{"target": 117.82321291326811, "params": {"h": 28.0, "p": 299.0, "r": 123.0}, "datetime": {"datetime": "2024-05-20 14:21:34", "elapsed": 3182.452053, "delta": 0.406273}}
{"target": 74.36608422949404, "params": {"h": 31.0, "p": 316.0, "r": 128.0}, "datetime": {"datetime": "2024-05-20 14:21:46", "elapsed": 3194.542286, "delta": 12.090233}}
{"target": 46.259771996595695, "params": {"h": 36.0, "p": 324.0, "r": 133.0}, "datetime": {"datetime": "2024-05-20 14:21:59", "elapsed": 3207.089863, "delta": 12.547577}}
{"target": 78.04345552177158, "params": {"h": 26.0, "p": 307.0, "r": 122.0}, "datetime": {"datetime": "2024-05-20 14:22:11", "elapsed": 3218.981153, "delta": 11.89129}}
{"target": 55.60011962826457, "params": {"h": 35.0, "p": 330.0, "r": 130.0}, "datetime": {"datetime": "2024-05-20 14:22:23", "elapsed": 3231.575609, "delta": 12.594456}}
{"target": 52.11603865277177, "params": {"h": 27.0, "p": 293.0, "r": 119.0}, "datetime": {"datetime": "2024-05-20 14:22:35", "elapsed": 3243.43565, "delta": 11.860041}}
{"target": 59.30366694774373, "params": {"h": 32.0, "p": 322.0, "r": 129.0}, "datetime": {"datetime": "2024-05-20 14:22:48", "elapsed": 3256.45072, "delta": 13.01507}}
{"target": 44.80116872064094, "params": {"h": 34.0, "p": 327.0, "r": 131.0}, "datetime": {"datetime": "2024-05-20 14:23:00", "elapsed": 3268.295138, "delta": 11.844418}}
{"target": 51.813599245310826, "params": {"h": 37.0, "p": 312.0, "r": 129.0}, "datetime": {"datetime": "2024-05-20 14:23:12", "elapsed": 3280.342693, "delta": 12.047555}}
{"target": 70.7586727847283, "params": {"h": 34.0, "p": 308.0, "r": 128.0}, "datetime": {"datetime": "2024-05-20 14:23:24", "elapsed": 3292.515254, "delta": 12.172561}}
{"target": 57.43701777146389, "params": {"h": 33.0, "p": 322.0, "r": 130.0}, "datetime": {"datetime": "2024-05-20 14:23:37", "elapsed": 3305.492038, "delta": 12.976784}}
{"target": 71.29605254477433, "params": {"h": 31.0, "p": 323.0, "r": 126.0}, "datetime": {"datetime": "2024-05-20 14:23:50", "elapsed": 3317.992763, "delta": 12.500725}}
{"target": 24.415332338330657, "params": {"h": 34.0, "p": 334.0, "r": 126.0}, "datetime": {"datetime": "2024-05-20 14:24:03", "elapsed": 3331.274765, "delta": 13.282002}}
{"target": 16.43502783860079, "params": {"h": 26.0, "p": 331.0, "r": 126.0}, "datetime": {"datetime": "2024-05-20 14:24:17", "elapsed": 3345.322419, "delta": 14.047654}}
{"target": 110.50895692481383, "params": {"h": 32.0, "p": 309.0, "r": 128.0}, "datetime": {"datetime": "2024-05-20 14:24:29", "elapsed": 3356.807446, "delta": 11.485027}}
{"target": 1.072993087493685, "params": {"h": 52.0, "p": 900.0, "r": 87.0}, "datetime": {"datetime": "2024-05-20 14:25:15", "elapsed": 3403.553767, "delta": 46.746321}}
{"target": 0.0, "params": {"h": 29.0, "p": 299.0, "r": 125.0}, "datetime": {"datetime": "2024-05-20 14:25:16", "elapsed": 3404.19441, "delta": 0.640643}}
{"target": 94.73095512029299, "params": {"h": 37.0, "p": 316.0, "r": 131.0}, "datetime": {"datetime": "2024-05-20 14:25:29", "elapsed": 3417.458826, "delta": 13.264416}}
