{"target": 0.9782541186715179, "params": {"h": 26.0, "p": 886.0, "r": 122.0}, "datetime": {"datetime": "2024-05-12 16:44:44", "elapsed": 0.0, "delta": 0.0}}
{"target": 10.78234465229914, "params": {"h": 46.0, "p": 117.0, "r": 30.0}, "datetime": {"datetime": "2024-05-12 16:45:03", "elapsed": 18.785812, "delta": 18.785812}}
{"target": 0.05594334002231309, "params": {"h": 35.0, "p": 934.0, "r": 21.0}, "datetime": {"datetime": "2024-05-12 16:46:10", "elapsed": 86.14898, "delta": 67.363168}}
{"target": 0.0, "params": {"h": 51.0, "p": 207.0, "r": 150.0}, "datetime": {"datetime": "2024-05-12 16:46:10", "elapsed": 86.14898, "delta": 0.0}}
{"target": 2.4326198544509317, "params": {"h": 56.0, "p": 637.0, "r": 86.0}, "datetime": {"datetime": "2024-05-12 16:46:38", "elapsed": 113.697411, "delta": 27.548431}}
{"target": 6.349105676605167, "params": {"h": 50.0, "p": 472.0, "r": 129.0}, "datetime": {"datetime": "2024-05-12 16:46:53", "elapsed": 129.276418, "delta": 15.579007}}
{"target": 1.343494860838202, "params": {"h": 32.0, "p": 782.0, "r": 82.0}, "datetime": {"datetime": "2024-05-12 16:47:26", "elapsed": 162.184534, "delta": 32.908116}}
{"target": 11.56050918703015, "params": {"h": 23.0, "p": 310.0, "r": 101.0}, "datetime": {"datetime": "2024-05-12 16:47:39", "elapsed": 175.107141, "delta": 12.922607}}
{"target": 4.060072671645472, "params": {"h": 39.0, "p": 695.0, "r": 42.0}, "datetime": {"datetime": "2024-05-12 16:48:19", "elapsed": 215.078167, "delta": 39.971026}}
{"target": 2.8314280832043917, "params": {"h": 15.0, "p": 398.0, "r": 60.0}, "datetime": {"datetime": "2024-05-12 16:48:37", "elapsed": 233.376081, "delta": 18.297914}}
{"target": 11.27056745286512, "params": {"h": 23.0, "p": 312.0, "r": 101.0}, "datetime": {"datetime": "2024-05-12 16:48:51", "elapsed": 246.876852, "delta": 13.500771}}
{"target": 12.056062190263315, "params": {"h": 20.0, "p": 293.0, "r": 96.0}, "datetime": {"datetime": "2024-05-12 16:49:04", "elapsed": 260.190111, "delta": 13.313259}}
{"target": 19.02701143022394, "params": {"h": 31.0, "p": 294.0, "r": 115.0}, "datetime": {"datetime": "2024-05-12 16:49:16", "elapsed": 272.456435, "delta": 12.266324}}
{"target": 0.0, "params": {"h": 37.0, "p": 290.0, "r": 126.0}, "datetime": {"datetime": "2024-05-12 16:49:17", "elapsed": 273.065845, "delta": 0.60941}}
{"target": 17.456814658183205, "params": {"h": 30.0, "p": 295.0, "r": 112.0}, "datetime": {"datetime": "2024-05-12 16:49:29", "elapsed": 285.207162, "delta": 12.141317}}
{"target": 32.53075879427422, "params": {"h": 26.0, "p": 295.0, "r": 116.0}, "datetime": {"datetime": "2024-05-12 16:49:40", "elapsed": 296.176539, "delta": 10.969377}}
{"target": 22.90697578535195, "params": {"h": 20.0, "p": 299.0, "r": 114.0}, "datetime": {"datetime": "2024-05-12 16:49:55", "elapsed": 310.880506, "delta": 14.703967}}
{"target": 0.0, "params": {"h": 23.0, "p": 291.0, "r": 121.0}, "datetime": {"datetime": "2024-05-12 16:49:55", "elapsed": 311.021137, "delta": 0.140631}}
{"target": 33.817207002746756, "params": {"h": 25.0, "p": 296.0, "r": 115.0}, "datetime": {"datetime": "2024-05-12 16:50:06", "elapsed": 322.490542, "delta": 11.469405}}
{"target": 61.91807224724625, "params": {"h": 23.0, "p": 301.0, "r": 116.0}, "datetime": {"datetime": "2024-05-12 16:50:19", "elapsed": 335.116266, "delta": 12.625724}}
{"target": 20.76987930433173, "params": {"h": 21.0, "p": 300.0, "r": 119.0}, "datetime": {"datetime": "2024-05-12 16:50:34", "elapsed": 349.773354, "delta": 14.657088}}
{"target": 21.29655694548452, "params": {"h": 22.0, "p": 302.0, "r": 109.0}, "datetime": {"datetime": "2024-05-12 16:50:46", "elapsed": 362.461579, "delta": 12.688225}}
{"target": 23.01179424015317, "params": {"h": 27.0, "p": 302.0, "r": 116.0}, "datetime": {"datetime": "2024-05-12 16:50:58", "elapsed": 374.040368, "delta": 11.578789}}
{"target": 79.88029429550488, "params": {"h": 24.0, "p": 300.0, "r": 117.0}, "datetime": {"datetime": "2024-05-12 16:51:10", "elapsed": 385.916046, "delta": 11.875678}}
{"target": 86.0271557199971, "params": {"h": 26.0, "p": 303.0, "r": 120.0}, "datetime": {"datetime": "2024-05-12 16:51:22", "elapsed": 398.388674, "delta": 12.472628}}
{"target": 19.696938333126955, "params": {"h": 30.0, "p": 307.0, "r": 118.0}, "datetime": {"datetime": "2024-05-12 16:51:34", "elapsed": 410.529996, "delta": 12.141322}}
{"target": 53.02417403329947, "params": {"h": 25.0, "p": 301.0, "r": 117.0}, "datetime": {"datetime": "2024-05-12 16:51:46", "elapsed": 422.388902, "delta": 11.858906}}
{"target": 43.13483647256029, "params": {"h": 24.0, "p": 302.0, "r": 120.0}, "datetime": {"datetime": "2024-05-12 16:51:56", "elapsed": 432.553182, "delta": 10.16428}}
{"target": 58.341592154394846, "params": {"h": 24.0, "p": 303.0, "r": 119.0}, "datetime": {"datetime": "2024-05-12 16:52:07", "elapsed": 443.412852, "delta": 10.85967}}
{"target": 21.13264224236163, "params": {"h": 25.0, "p": 291.0, "r": 112.0}, "datetime": {"datetime": "2024-05-12 16:52:17", "elapsed": 453.126577, "delta": 9.713725}}
{"target": 49.53528779715382, "params": {"h": 26.0, "p": 303.0, "r": 118.0}, "datetime": {"datetime": "2024-05-12 16:52:27", "elapsed": 463.480311, "delta": 10.353734}}
{"target": 86.4801954533054, "params": {"h": 27.0, "p": 303.0, "r": 123.0}, "datetime": {"datetime": "2024-05-12 16:52:38", "elapsed": 474.553312, "delta": 11.073001}}
{"target": 31.985439491843795, "params": {"h": 32.0, "p": 298.0, "r": 122.0}, "datetime": {"datetime": "2024-05-12 16:52:49", "elapsed": 485.502369, "delta": 10.949057}}
{"target": 0.0, "params": {"h": 28.0, "p": 298.0, "r": 127.0}, "datetime": {"datetime": "2024-05-12 16:52:50", "elapsed": 485.636179, "delta": 0.13381}}
{"target": 24.740388858495592, "params": {"h": 33.0, "p": 302.0, "r": 122.0}, "datetime": {"datetime": "2024-05-12 16:53:01", "elapsed": 497.261315, "delta": 11.625136}}
{"target": 94.77994789179591, "params": {"h": 27.0, "p": 298.0, "r": 121.0}, "datetime": {"datetime": "2024-05-12 16:53:13", "elapsed": 509.350252, "delta": 12.088937}}
{"target": 70.9643784990903, "params": {"h": 27.0, "p": 297.0, "r": 120.0}, "datetime": {"datetime": "2024-05-12 16:53:24", "elapsed": 520.589243, "delta": 11.238991}}
{"target": 78.12483069334702, "params": {"h": 25.0, "p": 299.0, "r": 118.0}, "datetime": {"datetime": "2024-05-12 16:53:37", "elapsed": 532.791456, "delta": 12.202213}}
{"target": 15.530692364881501, "params": {"h": 20.0, "p": 309.0, "r": 117.0}, "datetime": {"datetime": "2024-05-12 16:53:51", "elapsed": 547.315305, "delta": 14.523849}}
{"target": 78.60027241596357, "params": {"h": 24.0, "p": 298.0, "r": 117.0}, "datetime": {"datetime": "2024-05-12 16:54:03", "elapsed": 559.341861, "delta": 12.026556}}
{"target": 38.19729480632954, "params": {"h": 25.0, "p": 302.0, "r": 123.0}, "datetime": {"datetime": "2024-05-12 16:54:16", "elapsed": 571.781233, "delta": 12.439372}}
{"target": 60.26473413074281, "params": {"h": 27.0, "p": 302.0, "r": 120.0}, "datetime": {"datetime": "2024-05-12 16:54:27", "elapsed": 582.946918, "delta": 11.165685}}
{"target": 50.03746141678506, "params": {"h": 24.0, "p": 299.0, "r": 115.0}, "datetime": {"datetime": "2024-05-12 16:54:39", "elapsed": 594.915534, "delta": 11.968616}}
{"target": 112.46512893092753, "params": {"h": 28.0, "p": 300.0, "r": 123.0}, "datetime": {"datetime": "2024-05-12 16:54:50", "elapsed": 606.524353, "delta": 11.608819}}
{"target": 47.699844679155966, "params": {"h": 30.0, "p": 300.0, "r": 122.0}, "datetime": {"datetime": "2024-05-12 16:55:01", "elapsed": 616.915094, "delta": 10.390741}}
{"target": 110.14475099119392, "params": {"h": 28.0, "p": 296.0, "r": 122.0}, "datetime": {"datetime": "2024-05-12 16:55:12", "elapsed": 628.038722, "delta": 11.123628}}
{"target": 56.44814102575178, "params": {"h": 28.0, "p": 306.0, "r": 121.0}, "datetime": {"datetime": "2024-05-12 16:55:23", "elapsed": 639.502756, "delta": 11.464034}}
{"target": 26.01481655634713, "params": {"h": 25.0, "p": 306.0, "r": 125.0}, "datetime": {"datetime": "2024-05-12 16:55:35", "elapsed": 650.960171, "delta": 11.457415}}
{"target": 42.431504811278884, "params": {"h": 29.0, "p": 297.0, "r": 121.0}, "datetime": {"datetime": "2024-05-12 16:55:46", "elapsed": 662.292299, "delta": 11.332128}}
{"target": 8.049815514367015, "params": {"h": 45.0, "p": 298.0, "r": 37.0}, "datetime": {"datetime": "2024-05-12 16:56:10", "elapsed": 686.353998, "delta": 24.061699}}
{"target": 54.52155261533976, "params": {"h": 25.0, "p": 296.0, "r": 122.0}, "datetime": {"datetime": "2024-05-12 16:56:22", "elapsed": 698.493542, "delta": 12.139544}}
{"target": 42.5242394909748, "params": {"h": 25.0, "p": 298.0, "r": 123.0}, "datetime": {"datetime": "2024-05-12 16:56:34", "elapsed": 710.329223, "delta": 11.835681}}
{"target": 60.46892390021691, "params": {"h": 28.0, "p": 303.0, "r": 126.0}, "datetime": {"datetime": "2024-05-12 16:56:46", "elapsed": 722.221824, "delta": 11.892601}}
{"target": 101.43209403490798, "params": {"h": 31.0, "p": 309.0, "r": 126.0}, "datetime": {"datetime": "2024-05-12 16:56:58", "elapsed": 733.766329, "delta": 11.544505}}
{"target": 105.90464852223792, "params": {"h": 27.0, "p": 294.0, "r": 121.0}, "datetime": {"datetime": "2024-05-12 16:57:10", "elapsed": 745.64158, "delta": 11.875251}}
{"target": 0.0, "params": {"h": 33.0, "p": 308.0, "r": 130.0}, "datetime": {"datetime": "2024-05-12 16:57:10", "elapsed": 745.804149, "delta": 0.162569}}
{"target": 44.841943443608265, "params": {"h": 30.0, "p": 292.0, "r": 121.0}, "datetime": {"datetime": "2024-05-12 16:57:20", "elapsed": 756.443815, "delta": 10.639666}}
{"target": 85.31505532320962, "params": {"h": 28.0, "p": 311.0, "r": 124.0}, "datetime": {"datetime": "2024-05-12 16:57:32", "elapsed": 768.361952, "delta": 11.918137}}
{"target": 18.208855188382284, "params": {"h": 30.0, "p": 316.0, "r": 118.0}, "datetime": {"datetime": "2024-05-12 16:57:44", "elapsed": 780.438173, "delta": 12.076221}}
{"target": 38.20453772281785, "params": {"h": 34.0, "p": 311.0, "r": 126.0}, "datetime": {"datetime": "2024-05-12 16:57:55", "elapsed": 791.142, "delta": 10.703827}}
{"target": 0.0, "params": {"h": 28.0, "p": 308.0, "r": 130.0}, "datetime": {"datetime": "2024-05-12 16:57:55", "elapsed": 791.272705, "delta": 0.130705}}
{"target": 0.0, "params": {"h": 26.0, "p": 295.0, "r": 123.0}, "datetime": {"datetime": "2024-05-12 16:57:55", "elapsed": 791.40708, "delta": 0.134375}}
{"target": 0.0, "params": {"h": 28.0, "p": 295.0, "r": 123.0}, "datetime": {"datetime": "2024-05-12 16:57:55", "elapsed": 791.509697, "delta": 0.102617}}
{"target": 39.95122446539141, "params": {"h": 26.0, "p": 301.0, "r": 125.0}, "datetime": {"datetime": "2024-05-12 16:58:07", "elapsed": 803.095828, "delta": 11.586131}}
{"target": 25.335105375538838, "params": {"h": 28.0, "p": 297.0, "r": 117.0}, "datetime": {"datetime": "2024-05-12 16:58:18", "elapsed": 814.151656, "delta": 11.055828}}
{"target": 98.1586150569986, "params": {"h": 30.0, "p": 299.0, "r": 124.0}, "datetime": {"datetime": "2024-05-12 16:58:30", "elapsed": 825.733949, "delta": 11.582293}}
{"target": 39.04996096411073, "params": {"h": 32.0, "p": 309.0, "r": 124.0}, "datetime": {"datetime": "2024-05-12 16:58:42", "elapsed": 837.634968, "delta": 11.901019}}
{"target": 80.91520685054778, "params": {"h": 26.0, "p": 306.0, "r": 121.0}, "datetime": {"datetime": "2024-05-12 16:58:54", "elapsed": 850.138663, "delta": 12.503695}}
{"target": 58.60663482434163, "params": {"h": 27.0, "p": 305.0, "r": 120.0}, "datetime": {"datetime": "2024-05-12 16:59:06", "elapsed": 862.277369, "delta": 12.138706}}
{"target": 25.094582789238135, "params": {"h": 22.0, "p": 298.0, "r": 120.0}, "datetime": {"datetime": "2024-05-12 16:59:19", "elapsed": 874.960162, "delta": 12.682793}}
{"target": 46.81407795638834, "params": {"h": 27.0, "p": 309.0, "r": 125.0}, "datetime": {"datetime": "2024-05-12 16:59:31", "elapsed": 887.311562, "delta": 12.3514}}
{"target": 114.24910551077866, "params": {"h": 27.0, "p": 298.0, "r": 122.0}, "datetime": {"datetime": "2024-05-12 16:59:43", "elapsed": 899.430768, "delta": 12.119206}}
{"target": 68.23628386731578, "params": {"h": 30.0, "p": 311.0, "r": 127.0}, "datetime": {"datetime": "2024-05-12 16:59:54", "elapsed": 910.200647, "delta": 10.769879}}
{"target": 24.99141313878071, "params": {"h": 24.0, "p": 310.0, "r": 123.0}, "datetime": {"datetime": "2024-05-12 17:00:07", "elapsed": 923.509595, "delta": 13.308948}}
{"target": 75.9600451466263, "params": {"h": 27.0, "p": 294.0, "r": 120.0}, "datetime": {"datetime": "2024-05-12 17:00:18", "elapsed": 934.445772, "delta": 10.936177}}
{"target": 41.93768996800198, "params": {"h": 27.0, "p": 315.0, "r": 125.0}, "datetime": {"datetime": "2024-05-12 17:00:31", "elapsed": 946.700813, "delta": 12.255041}}
{"target": 122.67616140479106, "params": {"h": 30.0, "p": 300.0, "r": 125.0}, "datetime": {"datetime": "2024-05-12 17:00:42", "elapsed": 958.579512, "delta": 11.878699}}
{"target": 77.66193263407247, "params": {"h": 28.0, "p": 296.0, "r": 121.0}, "datetime": {"datetime": "2024-05-12 17:00:54", "elapsed": 969.972836, "delta": 11.393324}}
{"target": 43.1082945979956, "params": {"h": 33.0, "p": 302.0, "r": 125.0}, "datetime": {"datetime": "2024-05-12 17:01:07", "elapsed": 982.998912, "delta": 13.026076}}
{"target": 70.74370879898882, "params": {"h": 26.0, "p": 301.0, "r": 122.0}, "datetime": {"datetime": "2024-05-12 17:01:18", "elapsed": 994.570544, "delta": 11.571632}}
{"target": 59.790758778005554, "params": {"h": 26.0, "p": 300.0, "r": 123.0}, "datetime": {"datetime": "2024-05-12 17:01:30", "elapsed": 1006.515017, "delta": 11.944473}}
{"target": 1.0368406793294023, "params": {"h": 51.0, "p": 879.0, "r": 117.0}, "datetime": {"datetime": "2024-05-12 17:02:11", "elapsed": 1047.240812, "delta": 40.725795}}
{"target": 86.72763829113467, "params": {"h": 31.0, "p": 313.0, "r": 127.0}, "datetime": {"datetime": "2024-05-12 17:02:24", "elapsed": 1059.753243, "delta": 12.512431}}
{"target": 73.75365520486046, "params": {"h": 27.0, "p": 311.0, "r": 123.0}, "datetime": {"datetime": "2024-05-12 17:02:36", "elapsed": 1072.479811, "delta": 12.726568}}
{"target": 30.159506711031657, "params": {"h": 33.0, "p": 314.0, "r": 124.0}, "datetime": {"datetime": "2024-05-12 17:02:48", "elapsed": 1084.207796, "delta": 11.727985}}
{"target": 53.1063343644806, "params": {"h": 23.0, "p": 298.0, "r": 117.0}, "datetime": {"datetime": "2024-05-12 17:03:01", "elapsed": 1097.012546, "delta": 12.80475}}
{"target": 110.50895692481632, "params": {"h": 32.0, "p": 309.0, "r": 128.0}, "datetime": {"datetime": "2024-05-12 17:03:13", "elapsed": 1108.751398, "delta": 11.738852}}
{"target": 79.2476489661706, "params": {"h": 29.0, "p": 303.0, "r": 123.0}, "datetime": {"datetime": "2024-05-12 17:03:24", "elapsed": 1120.38443, "delta": 11.633032}}
{"target": 39.47073566026104, "params": {"h": 23.0, "p": 305.0, "r": 118.0}, "datetime": {"datetime": "2024-05-12 17:03:37", "elapsed": 1132.877143, "delta": 12.492713}}
{"target": 54.07077919848341, "params": {"h": 34.0, "p": 306.0, "r": 127.0}, "datetime": {"datetime": "2024-05-12 17:03:49", "elapsed": 1144.761294, "delta": 11.884151}}
{"target": 35.883091137281184, "params": {"h": 30.0, "p": 313.0, "r": 130.0}, "datetime": {"datetime": "2024-05-12 17:04:01", "elapsed": 1156.942762, "delta": 12.181468}}
{"target": 113.09332926791342, "params": {"h": 31.0, "p": 304.0, "r": 125.0}, "datetime": {"datetime": "2024-05-12 17:04:12", "elapsed": 1168.306479, "delta": 11.363717}}
{"target": 78.93518427635513, "params": {"h": 37.0, "p": 324.0, "r": 132.0}, "datetime": {"datetime": "2024-05-12 17:04:24", "elapsed": 1180.559726, "delta": 12.253247}}
{"target": 71.78952121772372, "params": {"h": 31.0, "p": 313.0, "r": 125.0}, "datetime": {"datetime": "2024-05-12 17:04:37", "elapsed": 1193.036347, "delta": 12.476621}}
{"target": 101.77181882899481, "params": {"h": 31.0, "p": 310.0, "r": 126.0}, "datetime": {"datetime": "2024-05-12 17:04:48", "elapsed": 1204.010553, "delta": 10.974206}}
{"target": 77.30901550748133, "params": {"h": 30.0, "p": 311.0, "r": 124.0}, "datetime": {"datetime": "2024-05-12 17:05:00", "elapsed": 1216.159583, "delta": 12.14903}}
{"target": 0.0, "params": {"h": 29.0, "p": 300.0, "r": 127.0}, "datetime": {"datetime": "2024-05-12 17:05:00", "elapsed": 1216.494726, "delta": 0.335143}}
{"target": 72.24643616815312, "params": {"h": 36.0, "p": 321.0, "r": 129.0}, "datetime": {"datetime": "2024-05-12 17:05:12", "elapsed": 1228.110399, "delta": 11.615673}}
{"target": 71.01748112272398, "params": {"h": 44.0, "p": 324.0, "r": 134.0}, "datetime": {"datetime": "2024-05-12 17:05:23", "elapsed": 1239.506246, "delta": 11.395847}}
{"target": 58.402604021451154, "params": {"h": 37.0, "p": 325.0, "r": 130.0}, "datetime": {"datetime": "2024-05-12 17:05:36", "elapsed": 1251.854439, "delta": 12.348193}}
{"target": 78.83845645893027, "params": {"h": 32.0, "p": 306.0, "r": 128.0}, "datetime": {"datetime": "2024-05-12 17:05:47", "elapsed": 1262.853217, "delta": 10.998778}}
{"target": 24.392058066486936, "params": {"h": 43.0, "p": 323.0, "r": 131.0}, "datetime": {"datetime": "2024-05-12 17:05:59", "elapsed": 1274.772343, "delta": 11.919126}}
{"target": 0.0, "params": {"h": 30.0, "p": 306.0, "r": 129.0}, "datetime": {"datetime": "2024-05-12 17:05:59", "elapsed": 1275.070709, "delta": 0.298366}}
{"target": 101.43652981818941, "params": {"h": 31.0, "p": 303.0, "r": 125.0}, "datetime": {"datetime": "2024-05-12 17:06:11", "elapsed": 1286.63432, "delta": 11.563611}}
{"target": 89.04175983203166, "params": {"h": 36.0, "p": 319.0, "r": 130.0}, "datetime": {"datetime": "2024-05-12 17:06:23", "elapsed": 1298.867627, "delta": 12.233307}}
{"target": 97.37622308459046, "params": {"h": 30.0, "p": 301.0, "r": 124.0}, "datetime": {"datetime": "2024-05-12 17:06:34", "elapsed": 1310.611537, "delta": 11.74391}}
{"target": 47.09719232377171, "params": {"h": 45.0, "p": 327.0, "r": 134.0}, "datetime": {"datetime": "2024-05-12 17:06:46", "elapsed": 1322.507226, "delta": 11.895689}}
{"target": 49.866313774132216, "params": {"h": 39.0, "p": 326.0, "r": 131.0}, "datetime": {"datetime": "2024-05-12 17:06:58", "elapsed": 1334.076123, "delta": 11.568897}}
{"target": 96.00279521487339, "params": {"h": 32.0, "p": 306.0, "r": 126.0}, "datetime": {"datetime": "2024-05-12 17:07:10", "elapsed": 1345.920051, "delta": 11.843928}}
{"target": 0.0, "params": {"h": 33.0, "p": 300.0, "r": 126.0}, "datetime": {"datetime": "2024-05-12 17:07:10", "elapsed": 1346.234547, "delta": 0.314496}}
{"target": 57.81667089968133, "params": {"h": 37.0, "p": 321.0, "r": 133.0}, "datetime": {"datetime": "2024-05-12 17:07:22", "elapsed": 1358.433503, "delta": 12.198956}}
{"target": 49.16858506888533, "params": {"h": 38.0, "p": 328.0, "r": 133.0}, "datetime": {"datetime": "2024-05-12 17:07:34", "elapsed": 1370.343346, "delta": 11.909843}}
{"target": 70.51849459403611, "params": {"h": 35.0, "p": 320.0, "r": 129.0}, "datetime": {"datetime": "2024-05-12 17:07:46", "elapsed": 1382.130866, "delta": 11.78752}}
{"target": 89.93315660184247, "params": {"h": 33.0, "p": 312.0, "r": 129.0}, "datetime": {"datetime": "2024-05-12 17:07:59", "elapsed": 1394.79975, "delta": 12.668884}}
{"target": 43.40198669053221, "params": {"h": 38.0, "p": 323.0, "r": 130.0}, "datetime": {"datetime": "2024-05-12 17:08:10", "elapsed": 1406.58529, "delta": 11.78554}}
{"target": 64.56038219465007, "params": {"h": 33.0, "p": 319.0, "r": 127.0}, "datetime": {"datetime": "2024-05-12 17:08:23", "elapsed": 1418.807251, "delta": 12.221961}}
{"target": 77.62155829085998, "params": {"h": 28.0, "p": 313.0, "r": 124.0}, "datetime": {"datetime": "2024-05-12 17:08:35", "elapsed": 1431.238367, "delta": 12.431116}}
{"target": 36.92544985496116, "params": {"h": 38.0, "p": 320.0, "r": 129.0}, "datetime": {"datetime": "2024-05-12 17:08:47", "elapsed": 1442.865698, "delta": 11.627331}}
{"target": 88.62099866600698, "params": {"h": 29.0, "p": 306.0, "r": 126.0}, "datetime": {"datetime": "2024-05-12 17:08:59", "elapsed": 1454.665444, "delta": 11.799746}}
{"target": 63.63699550245939, "params": {"h": 44.0, "p": 322.0, "r": 135.0}, "datetime": {"datetime": "2024-05-12 17:09:10", "elapsed": 1465.932559, "delta": 11.267115}}
{"target": 62.71676755146151, "params": {"h": 35.0, "p": 311.0, "r": 128.0}, "datetime": {"datetime": "2024-05-12 17:09:21", "elapsed": 1477.059966, "delta": 11.127407}}
{"target": 46.72871272231359, "params": {"h": 36.0, "p": 326.0, "r": 133.0}, "datetime": {"datetime": "2024-05-12 17:09:33", "elapsed": 1489.12431, "delta": 12.064344}}
{"target": 16.985579606297833, "params": {"h": 35.0, "p": 321.0, "r": 122.0}, "datetime": {"datetime": "2024-05-12 17:09:45", "elapsed": 1501.300964, "delta": 12.176654}}
{"target": 0.0, "params": {"h": 34.0, "p": 319.0, "r": 135.0}, "datetime": {"datetime": "2024-05-12 17:09:45", "elapsed": 1501.599042, "delta": 0.298078}}
{"target": 63.05428753190607, "params": {"h": 32.0, "p": 323.0, "r": 129.0}, "datetime": {"datetime": "2024-05-12 17:09:57", "elapsed": 1513.598819, "delta": 11.999777}}
{"target": 88.87684470603615, "params": {"h": 31.0, "p": 316.0, "r": 126.0}, "datetime": {"datetime": "2024-05-12 17:10:09", "elapsed": 1524.896379, "delta": 11.29756}}
{"target": 0.0, "params": {"h": 31.0, "p": 298.0, "r": 126.0}, "datetime": {"datetime": "2024-05-12 17:10:09", "elapsed": 1525.231532, "delta": 0.335153}}
{"target": 60.62587195118154, "params": {"h": 29.0, "p": 319.0, "r": 126.0}, "datetime": {"datetime": "2024-05-12 17:10:22", "elapsed": 1537.900109, "delta": 12.668577}}
{"target": 114.58617312089999, "params": {"h": 30.0, "p": 303.0, "r": 126.0}, "datetime": {"datetime": "2024-05-12 17:10:33", "elapsed": 1548.856669, "delta": 10.95656}}
{"target": 86.37532608109626, "params": {"h": 30.0, "p": 316.0, "r": 126.0}, "datetime": {"datetime": "2024-05-12 17:10:44", "elapsed": 1560.097606, "delta": 11.240937}}
