{"target": 74.27216545227603, "params": {"h": 53.0, "p": 306.0, "r": 52.0}, "datetime": {"datetime": "2024-05-20 12:47:40", "elapsed": 2766.418226, "delta": 20.251167}}
{"target": 61.41162596683532, "params": {"h": 53.0, "p": 311.0, "r": 62.0}, "datetime": {"datetime": "2024-05-20 12:48:00", "elapsed": 2786.184993, "delta": 19.766767}}
{"target": 95.33140114525015, "params": {"h": 42.0, "p": 310.0, "r": 54.0}, "datetime": {"datetime": "2024-05-20 12:48:19", "elapsed": 2804.951703, "delta": 18.76671}}
{"target": 45.84718210719192, "params": {"h": 44.0, "p": 309.0, "r": 46.0}, "datetime": {"datetime": "2024-05-20 12:48:41", "elapsed": 2827.093609, "delta": 22.141906}}
{"target": 46.907736509032496, "params": {"h": 39.0, "p": 311.0, "r": 61.0}, "datetime": {"datetime": "2024-05-20 12:49:00", "elapsed": 2846.067522, "delta": 18.973913}}
{"target": 101.79929932635676, "params": {"h": 43.0, "p": 318.0, "r": 53.0}, "datetime": {"datetime": "2024-05-20 12:49:21", "elapsed": 2866.607118, "delta": 20.539596}}
{"target": 61.488847812532526, "params": {"h": 39.0, "p": 325.0, "r": 45.0}, "datetime": {"datetime": "2024-05-20 12:49:44", "elapsed": 2889.777829, "delta": 23.170711}}
{"target": 95.4174712374528, "params": {"h": 48.0, "p": 315.0, "r": 54.0}, "datetime": {"datetime": "2024-05-20 12:50:04", "elapsed": 2909.919619, "delta": 20.14179}}
{"target": 45.03765764139454, "params": {"h": 44.0, "p": 324.0, "r": 61.0}, "datetime": {"datetime": "2024-05-20 12:50:25", "elapsed": 2931.458056, "delta": 21.538437}}
{"target": 65.93088707449316, "params": {"h": 33.0, "p": 316.0, "r": 54.0}, "datetime": {"datetime": "2024-05-20 12:50:44", "elapsed": 2950.271645, "delta": 18.813589}}
{"target": 39.91364286559826, "params": {"h": 58.0, "p": 320.0, "r": 47.0}, "datetime": {"datetime": "2024-05-20 12:51:08", "elapsed": 2974.444917, "delta": 24.173272}}
{"target": 61.990177647910244, "params": {"h": 40.0, "p": 258.0, "r": 51.0}, "datetime": {"datetime": "2024-05-20 12:51:28", "elapsed": 2993.816986, "delta": 19.372069}}
{"target": 31.7996169384103, "params": {"h": 43.0, "p": 278.0, "r": 45.0}, "datetime": {"datetime": "2024-05-20 12:51:49", "elapsed": 3014.818201, "delta": 21.001215}}
{"target": 47.23253567184051, "params": {"h": 40.0, "p": 254.0, "r": 66.0}, "datetime": {"datetime": "2024-05-20 12:52:04", "elapsed": 3029.834691, "delta": 15.01649}}
{"target": 92.66327457324927, "params": {"h": 26.0, "p": 256.0, "r": 44.0}, "datetime": {"datetime": "2024-05-20 12:52:22", "elapsed": 3048.368518, "delta": 18.533827}}
{"target": 54.34890887206327, "params": {"h": 22.0, "p": 253.0, "r": 52.0}, "datetime": {"datetime": "2024-05-20 12:52:39", "elapsed": 3064.944263, "delta": 16.575745}}
{"target": 39.91315582468134, "params": {"h": 28.0, "p": 248.0, "r": 41.0}, "datetime": {"datetime": "2024-05-20 12:53:00", "elapsed": 3085.628218, "delta": 20.683955}}
{"target": 25.67462366876902, "params": {"h": 23.0, "p": 262.0, "r": 36.0}, "datetime": {"datetime": "2024-05-20 12:53:20", "elapsed": 3105.613747, "delta": 19.985529}}
{"target": 94.30603109650028, "params": {"h": 29.0, "p": 260.0, "r": 47.0}, "datetime": {"datetime": "2024-05-20 12:53:37", "elapsed": 3122.88037, "delta": 17.266623}}
{"target": 29.64679267520722, "params": {"h": 19.0, "p": 265.0, "r": 52.0}, "datetime": {"datetime": "2024-05-20 12:53:55", "elapsed": 3141.182425, "delta": 18.302055}}
{"target": 35.22794898692105, "params": {"h": 36.0, "p": 258.0, "r": 44.0}, "datetime": {"datetime": "2024-05-20 12:54:15", "elapsed": 3160.92446, "delta": 19.742035}}
{"target": 38.80382380363761, "params": {"h": 53.0, "p": 302.0, "r": 72.0}, "datetime": {"datetime": "2024-05-20 12:54:32", "elapsed": 3177.800434, "delta": 16.875974}}
{"target": 18.949224053442755, "params": {"h": 24.0, "p": 329.0, "r": 55.0}, "datetime": {"datetime": "2024-05-20 12:54:51", "elapsed": 3197.444505, "delta": 19.644071}}
{"target": 49.84911215592785, "params": {"h": 25.0, "p": 299.0, "r": 52.0}, "datetime": {"datetime": "2024-05-20 12:55:10", "elapsed": 3216.449449, "delta": 19.004944}}
{"target": 48.55870894733191, "params": {"h": 49.0, "p": 245.0, "r": 55.0}, "datetime": {"datetime": "2024-05-20 12:55:29", "elapsed": 3234.905293, "delta": 18.455844}}
{"target": 93.48734307179993, "params": {"h": 48.0, "p": 325.0, "r": 50.0}, "datetime": {"datetime": "2024-05-20 12:55:50", "elapsed": 3256.453414, "delta": 21.548121}}
{"target": 87.54978381823942, "params": {"h": 53.0, "p": 335.0, "r": 55.0}, "datetime": {"datetime": "2024-05-20 12:56:12", "elapsed": 3278.424843, "delta": 21.971429}}
{"target": 25.558559916964768, "params": {"h": 51.0, "p": 333.0, "r": 43.0}, "datetime": {"datetime": "2024-05-20 12:56:39", "elapsed": 3305.521292, "delta": 27.096449}}
{"target": 45.41478518494162, "params": {"h": 58.0, "p": 336.0, "r": 62.0}, "datetime": {"datetime": "2024-05-20 12:57:00", "elapsed": 3326.194357, "delta": 20.673065}}
{"target": 83.82558938752221, "params": {"h": 45.0, "p": 334.0, "r": 54.0}, "datetime": {"datetime": "2024-05-20 12:57:22", "elapsed": 3348.08175, "delta": 21.887393}}
{"target": 38.035075406481326, "params": {"h": 47.0, "p": 346.0, "r": 57.0}, "datetime": {"datetime": "2024-05-20 12:57:43", "elapsed": 3369.161095, "delta": 21.079345}}
{"target": 89.76513498160074, "params": {"h": 57.0, "p": 323.0, "r": 56.0}, "datetime": {"datetime": "2024-05-20 12:58:04", "elapsed": 3390.006048, "delta": 20.844953}}
{"target": 53.98223666149875, "params": {"h": 59.0, "p": 320.0, "r": 64.0}, "datetime": {"datetime": "2024-05-20 12:58:24", "elapsed": 3409.788442, "delta": 19.782394}}
{"target": 47.87280940511986, "params": {"h": 60.0, "p": 255.0, "r": 61.0}, "datetime": {"datetime": "2024-05-20 12:58:43", "elapsed": 3429.135415, "delta": 19.346973}}
{"target": 92.65898505341609, "params": {"h": 56.0, "p": 329.0, "r": 51.0}, "datetime": {"datetime": "2024-05-20 12:59:07", "elapsed": 3453.142005, "delta": 24.00659}}
{"target": 98.28936829454511, "params": {"h": 50.0, "p": 327.0, "r": 54.0}, "datetime": {"datetime": "2024-05-20 12:59:29", "elapsed": 3475.065148, "delta": 21.923143}}
{"target": 30.3670784526534, "params": {"h": 55.0, "p": 242.0, "r": 78.0}, "datetime": {"datetime": "2024-05-20 12:59:42", "elapsed": 3488.253414, "delta": 13.188266}}
{"target": 135.31635011780605, "params": {"h": 20.0, "p": 309.0, "r": 38.0}, "datetime": {"datetime": "2024-05-20 13:00:04", "elapsed": 3509.614382, "delta": 21.360968}}
{"target": 14.207685836730368, "params": {"h": 23.0, "p": 309.0, "r": 34.0}, "datetime": {"datetime": "2024-05-20 13:00:26", "elapsed": 3531.959426, "delta": 22.345044}}
{"target": 53.83493509185784, "params": {"h": 18.0, "p": 312.0, "r": 42.0}, "datetime": {"datetime": "2024-05-20 13:00:46", "elapsed": 3552.532318, "delta": 20.572892}}
{"target": 44.18899206695347, "params": {"h": 17.0, "p": 301.0, "r": 42.0}, "datetime": {"datetime": "2024-05-20 13:01:05", "elapsed": 3571.095893, "delta": 18.563575}}
{"target": 170.03084619385905, "params": {"h": 21.0, "p": 311.0, "r": 40.0}, "datetime": {"datetime": "2024-05-20 13:01:24", "elapsed": 3590.065743, "delta": 18.96985}}
{"target": 141.10359605829285, "params": {"h": 28.0, "p": 313.0, "r": 46.0}, "datetime": {"datetime": "2024-05-20 13:01:45", "elapsed": 3610.789705, "delta": 20.723962}}
{"target": 111.48993422991353, "params": {"h": 27.0, "p": 310.0, "r": 43.0}, "datetime": {"datetime": "2024-05-20 13:02:04", "elapsed": 3630.357162, "delta": 19.567457}}
{"target": 142.1474198202733, "params": {"h": 22.0, "p": 311.0, "r": 40.0}, "datetime": {"datetime": "2024-05-20 13:02:26", "elapsed": 3652.373104, "delta": 22.015942}}
{"target": 97.77965310972586, "params": {"h": 50.0, "p": 321.0, "r": 54.0}, "datetime": {"datetime": "2024-05-20 13:02:48", "elapsed": 3674.421254, "delta": 22.04815}}
{"target": 45.006250153247805, "params": {"h": 25.0, "p": 315.0, "r": 51.0}, "datetime": {"datetime": "2024-05-20 13:03:08", "elapsed": 3694.268382, "delta": 19.847128}}
{"target": 133.2197210511602, "params": {"h": 30.0, "p": 312.0, "r": 47.0}, "datetime": {"datetime": "2024-05-20 13:03:28", "elapsed": 3714.113281, "delta": 19.844899}}
{"target": 44.18477882679682, "params": {"h": 30.0, "p": 318.0, "r": 41.0}, "datetime": {"datetime": "2024-05-20 13:03:50", "elapsed": 3735.692657, "delta": 21.579376}}
{"target": 145.222204189579, "params": {"h": 20.0, "p": 308.0, "r": 41.0}, "datetime": {"datetime": "2024-05-20 13:04:08", "elapsed": 3754.381237, "delta": 18.68858}}
{"target": 64.65413345056156, "params": {"h": 33.0, "p": 309.0, "r": 44.0}, "datetime": {"datetime": "2024-05-20 13:04:31", "elapsed": 3776.64006, "delta": 22.258823}}
{"target": 92.01988621136351, "params": {"h": 44.0, "p": 303.0, "r": 54.0}, "datetime": {"datetime": "2024-05-20 13:04:53", "elapsed": 3799.366096, "delta": 22.726036}}
{"target": 144.63591344823757, "params": {"h": 26.0, "p": 305.0, "r": 45.0}, "datetime": {"datetime": "2024-05-20 13:05:12", "elapsed": 3818.179685, "delta": 18.813589}}
{"target": 68.55138270576698, "params": {"h": 30.0, "p": 304.0, "r": 43.0}, "datetime": {"datetime": "2024-05-20 13:05:33", "elapsed": 3838.662018, "delta": 20.482333}}
{"target": 59.040576271098324, "params": {"h": 24.0, "p": 308.0, "r": 49.0}, "datetime": {"datetime": "2024-05-20 13:05:51", "elapsed": 3857.475358, "delta": 18.81334}}
{"target": 108.33221226612224, "params": {"h": 27.0, "p": 308.0, "r": 48.0}, "datetime": {"datetime": "2024-05-20 13:06:10", "elapsed": 3875.648286, "delta": 18.172928}}
{"target": 82.53796736537116, "params": {"h": 49.0, "p": 307.0, "r": 57.0}, "datetime": {"datetime": "2024-05-20 13:06:29", "elapsed": 3894.696263, "delta": 19.047977}}
{"target": 173.65844830492915, "params": {"h": 20.0, "p": 313.0, "r": 39.0}, "datetime": {"datetime": "2024-05-20 13:06:48", "elapsed": 3914.3224, "delta": 19.626137}}
{"target": 150.76261067538917, "params": {"h": 22.0, "p": 315.0, "r": 40.0}, "datetime": {"datetime": "2024-05-20 13:07:09", "elapsed": 3935.222072, "delta": 20.899672}}
{"target": 151.0356497633105, "params": {"h": 23.0, "p": 299.0, "r": 42.0}, "datetime": {"datetime": "2024-05-20 13:07:29", "elapsed": 3954.879463, "delta": 19.657391}}
{"target": 79.12700784466445, "params": {"h": 22.0, "p": 300.0, "r": 46.0}, "datetime": {"datetime": "2024-05-20 13:07:47", "elapsed": 3973.193023, "delta": 18.31356}}
{"target": 172.26229890572245, "params": {"h": 20.0, "p": 312.0, "r": 39.0}, "datetime": {"datetime": "2024-05-20 13:08:08", "elapsed": 3993.850468, "delta": 20.657445}}
{"target": 29.767542145600917, "params": {"h": 24.0, "p": 298.0, "r": 37.0}, "datetime": {"datetime": "2024-05-20 13:08:30", "elapsed": 4015.640491, "delta": 21.790023}}
{"target": 107.5733392466452, "params": {"h": 21.0, "p": 316.0, "r": 38.0}, "datetime": {"datetime": "2024-05-20 13:08:51", "elapsed": 4037.32638, "delta": 21.685889}}
{"target": 93.3123825045148, "params": {"h": 30.0, "p": 255.0, "r": 50.0}, "datetime": {"datetime": "2024-05-20 13:09:08", "elapsed": 4053.874161, "delta": 16.547781}}
{"target": 140.2290116471352, "params": {"h": 19.0, "p": 311.0, "r": 40.0}, "datetime": {"datetime": "2024-05-20 13:09:27", "elapsed": 4072.922083, "delta": 19.047922}}
{"target": 84.49580720593733, "params": {"h": 53.0, "p": 330.0, "r": 56.0}, "datetime": {"datetime": "2024-05-20 13:09:49", "elapsed": 4094.954546, "delta": 22.032463}}
{"target": 172.35142963004384, "params": {"h": 21.0, "p": 314.0, "r": 40.0}, "datetime": {"datetime": "2024-05-20 13:10:09", "elapsed": 4114.955652, "delta": 20.001106}}
{"target": 111.14531539799056, "params": {"h": 36.0, "p": 311.0, "r": 51.0}, "datetime": {"datetime": "2024-05-20 13:10:31", "elapsed": 4136.669849, "delta": 21.714197}}
{"target": 159.6366183566333, "params": {"h": 22.0, "p": 305.0, "r": 41.0}, "datetime": {"datetime": "2024-05-20 13:10:50", "elapsed": 4156.014677, "delta": 19.344828}}
{"target": 114.53197353331805, "params": {"h": 23.0, "p": 303.0, "r": 45.0}, "datetime": {"datetime": "2024-05-20 13:11:10", "elapsed": 4176.069577, "delta": 20.0549}}
{"target": 85.16477775499428, "params": {"h": 35.0, "p": 304.0, "r": 54.0}, "datetime": {"datetime": "2024-05-20 13:11:28", "elapsed": 4194.508112, "delta": 18.438535}}
{"target": 148.38009286752654, "params": {"h": 22.0, "p": 292.0, "r": 43.0}, "datetime": {"datetime": "2024-05-20 13:11:47", "elapsed": 4213.134157, "delta": 18.626045}}
{"target": 60.278312031003836, "params": {"h": 21.0, "p": 289.0, "r": 47.0}, "datetime": {"datetime": "2024-05-20 13:12:04", "elapsed": 4230.447631, "delta": 17.313474}}
{"target": 94.20709251890193, "params": {"h": 24.0, "p": 287.0, "r": 41.0}, "datetime": {"datetime": "2024-05-20 13:12:24", "elapsed": 4250.194421, "delta": 19.74679}}
{"target": 43.949012064526435, "params": {"h": 29.0, "p": 293.0, "r": 41.0}, "datetime": {"datetime": "2024-05-20 13:12:45", "elapsed": 4270.633673, "delta": 20.439252}}
{"target": 132.00107179032562, "params": {"h": 20.0, "p": 290.0, "r": 42.0}, "datetime": {"datetime": "2024-05-20 13:13:05", "elapsed": 4290.75317, "delta": 20.119497}}
{"target": 56.52023903966214, "params": {"h": 47.0, "p": 320.0, "r": 47.0}, "datetime": {"datetime": "2024-05-20 13:13:28", "elapsed": 4314.320186, "delta": 23.567016}}
{"target": 93.98877373109627, "params": {"h": 20.0, "p": 318.0, "r": 42.0}, "datetime": {"datetime": "2024-05-20 13:13:48", "elapsed": 4333.750228, "delta": 19.430042}}
{"target": 82.28858565664085, "params": {"h": 20.0, "p": 293.0, "r": 44.0}, "datetime": {"datetime": "2024-05-20 13:14:07", "elapsed": 4353.519325, "delta": 19.769097}}
{"target": 11.134540619771826, "params": {"h": 21.0, "p": 286.0, "r": 32.0}, "datetime": {"datetime": "2024-05-20 13:14:30", "elapsed": 4376.101007, "delta": 22.581682}}
{"target": 101.29554414584098, "params": {"h": 21.0, "p": 313.0, "r": 38.0}, "datetime": {"datetime": "2024-05-20 13:14:50", "elapsed": 4395.774004, "delta": 19.672997}}
{"target": 88.7454585094376, "params": {"h": 55.0, "p": 315.0, "r": 53.0}, "datetime": {"datetime": "2024-05-20 13:15:12", "elapsed": 4418.220913, "delta": 22.446909}}
{"target": 132.0342717557501, "params": {"h": 31.0, "p": 315.0, "r": 47.0}, "datetime": {"datetime": "2024-05-20 13:15:33", "elapsed": 4438.659582, "delta": 20.438669}}
{"target": 114.09473969336382, "params": {"h": 21.0, "p": 292.0, "r": 39.0}, "datetime": {"datetime": "2024-05-20 13:15:52", "elapsed": 4458.238826, "delta": 19.579244}}
{"target": 103.9686619682074, "params": {"h": 28.0, "p": 304.0, "r": 49.0}, "datetime": {"datetime": "2024-05-20 13:16:11", "elapsed": 4477.380548, "delta": 19.141722}}
{"target": 125.73919024412507, "params": {"h": 26.0, "p": 306.0, "r": 43.0}, "datetime": {"datetime": "2024-05-20 13:16:32", "elapsed": 4497.974534, "delta": 20.593986}}
{"target": 162.21049908761668, "params": {"h": 22.0, "p": 306.0, "r": 42.0}, "datetime": {"datetime": "2024-05-20 13:16:51", "elapsed": 4516.803738, "delta": 18.829204}}
{"target": 153.36610802326473, "params": {"h": 25.0, "p": 316.0, "r": 44.0}, "datetime": {"datetime": "2024-05-20 13:17:11", "elapsed": 4536.648629, "delta": 19.844891}}
{"target": 154.4011746394347, "params": {"h": 25.0, "p": 315.0, "r": 43.0}, "datetime": {"datetime": "2024-05-20 13:17:31", "elapsed": 4556.821661, "delta": 20.173032}}
{"target": 137.67201789959577, "params": {"h": 20.0, "p": 315.0, "r": 41.0}, "datetime": {"datetime": "2024-05-20 13:17:51", "elapsed": 4577.273132, "delta": 20.451471}}
{"target": 146.85938849739384, "params": {"h": 24.0, "p": 315.0, "r": 44.0}, "datetime": {"datetime": "2024-05-20 13:18:12", "elapsed": 4597.607451, "delta": 20.334319}}
{"target": 152.02767537531557, "params": {"h": 23.0, "p": 301.0, "r": 42.0}, "datetime": {"datetime": "2024-05-20 13:18:31", "elapsed": 4617.264831, "delta": 19.65738}}
{"target": 94.20518723438857, "params": {"h": 41.0, "p": 328.0, "r": 53.0}, "datetime": {"datetime": "2024-05-20 13:18:51", "elapsed": 4637.062848, "delta": 19.798017}}
{"target": 92.82714052253579, "params": {"h": 43.0, "p": 323.0, "r": 54.0}, "datetime": {"datetime": "2024-05-20 13:19:13", "elapsed": 4659.466308, "delta": 22.40346}}
{"target": 71.4246992196652, "params": {"h": 31.0, "p": 257.0, "r": 56.0}, "datetime": {"datetime": "2024-05-20 13:19:30", "elapsed": 4676.092263, "delta": 16.625955}}
{"target": 139.9604260636732, "params": {"h": 25.0, "p": 310.0, "r": 45.0}, "datetime": {"datetime": "2024-05-20 13:19:52", "elapsed": 4698.031585, "delta": 21.939322}}
{"target": 110.8171872654358, "params": {"h": 36.0, "p": 316.0, "r": 51.0}, "datetime": {"datetime": "2024-05-20 13:20:14", "elapsed": 4720.319033, "delta": 22.287448}}
{"target": 128.7561550168607, "params": {"h": 27.0, "p": 296.0, "r": 47.0}, "datetime": {"datetime": "2024-05-20 13:20:33", "elapsed": 4738.945108, "delta": 18.626075}}
{"target": 108.53348783461168, "params": {"h": 25.0, "p": 296.0, "r": 42.0}, "datetime": {"datetime": "2024-05-20 13:20:52", "elapsed": 4758.086838, "delta": 19.14173}}
{"target": 112.40495866358243, "params": {"h": 29.0, "p": 321.0, "r": 48.0}, "datetime": {"datetime": "2024-05-20 13:21:12", "elapsed": 4778.384884, "delta": 20.298046}}
{"target": 128.71075733972563, "params": {"h": 33.0, "p": 318.0, "r": 48.0}, "datetime": {"datetime": "2024-05-20 13:21:33", "elapsed": 4799.516401, "delta": 21.131517}}
{"target": 81.66076183500486, "params": {"h": 33.0, "p": 296.0, "r": 54.0}, "datetime": {"datetime": "2024-05-20 13:21:52", "elapsed": 4817.728745, "delta": 18.212344}}
{"target": 104.83505820754336, "params": {"h": 59.0, "p": 336.0, "r": 52.0}, "datetime": {"datetime": "2024-05-20 13:22:18", "elapsed": 4844.133259, "delta": 26.404514}}
{"target": 85.69165756230477, "params": {"h": 22.0, "p": 324.0, "r": 44.0}, "datetime": {"datetime": "2024-05-20 13:22:38", "elapsed": 4863.775017, "delta": 19.641758}}
{"target": 128.7944843575472, "params": {"h": 26.0, "p": 292.0, "r": 44.0}, "datetime": {"datetime": "2024-05-20 13:22:58", "elapsed": 4883.651168, "delta": 19.876151}}
{"target": 99.37682539798907, "params": {"h": 28.0, "p": 292.0, "r": 50.0}, "datetime": {"datetime": "2024-05-20 13:23:15", "elapsed": 4900.636524, "delta": 16.985356}}
{"target": 87.86384472040092, "params": {"h": 38.0, "p": 317.0, "r": 47.0}, "datetime": {"datetime": "2024-05-20 13:23:37", "elapsed": 4922.96594, "delta": 22.329416}}
{"target": 162.39040491971147, "params": {"h": 22.0, "p": 306.0, "r": 41.0}, "datetime": {"datetime": "2024-05-20 13:23:56", "elapsed": 4942.060794, "delta": 19.094854}}
{"target": 74.94582042913031, "params": {"h": 56.0, "p": 342.0, "r": 47.0}, "datetime": {"datetime": "2024-05-20 13:24:21", "elapsed": 4967.327879, "delta": 25.267085}}
{"target": 123.97285683346894, "params": {"h": 30.0, "p": 299.0, "r": 47.0}, "datetime": {"datetime": "2024-05-20 13:24:40", "elapsed": 4986.375855, "delta": 19.047976}}
{"target": 168.9620415649753, "params": {"h": 21.0, "p": 312.0, "r": 40.0}, "datetime": {"datetime": "2024-05-20 13:25:01", "elapsed": 5006.762668, "delta": 20.386813}}
{"target": 175.65240355637255, "params": {"h": 16.0, "p": 328.0, "r": 34.0}, "datetime": {"datetime": "2024-05-20 13:25:23", "elapsed": 5028.765096, "delta": 22.002428}}
{"target": 149.27008249951714, "params": {"h": 18.0, "p": 330.0, "r": 38.0}, "datetime": {"datetime": "2024-05-20 13:25:43", "elapsed": 5049.455809, "delta": 20.690713}}
{"target": 84.74335708575248, "params": {"h": 16.0, "p": 327.0, "r": 37.0}, "datetime": {"datetime": "2024-05-20 13:26:05", "elapsed": 5071.411345, "delta": 21.955536}}
{"target": 5.713615540506823, "params": {"h": 19.0, "p": 330.0, "r": 29.0}, "datetime": {"datetime": "2024-05-20 13:26:29", "elapsed": 5094.928169, "delta": 23.516824}}
{"target": 71.891732339375, "params": {"h": 21.0, "p": 333.0, "r": 43.0}, "datetime": {"datetime": "2024-05-20 13:26:48", "elapsed": 5114.241666, "delta": 19.313497}}
{"target": 87.06202342513271, "params": {"h": 38.0, "p": 298.0, "r": 49.0}, "datetime": {"datetime": "2024-05-20 13:27:09", "elapsed": 5134.972481, "delta": 20.730815}}
{"target": 32.85864456572962, "params": {"h": 21.0, "p": 328.0, "r": 35.0}, "datetime": {"datetime": "2024-05-20 13:27:31", "elapsed": 5157.114084, "delta": 22.141603}}
{"target": 77.91874583446015, "params": {"h": 33.0, "p": 324.0, "r": 52.0}, "datetime": {"datetime": "2024-05-20 13:27:50", "elapsed": 5176.505736, "delta": 19.391652}}
