{"target": 0.9782541186715411, "params": {"h": 26.0, "p": 886.0, "r": 122.0}, "datetime": {"datetime": "2024-05-20 12:01:34", "elapsed": 0.0, "delta": 0.0}}
{"target": 10.782344652296937, "params": {"h": 46.0, "p": 117.0, "r": 30.0}, "datetime": {"datetime": "2024-05-20 12:01:55", "elapsed": 21.013913, "delta": 21.013913}}
{"target": 0.055943340022290046, "params": {"h": 35.0, "p": 934.0, "r": 21.0}, "datetime": {"datetime": "2024-05-20 12:03:09", "elapsed": 95.304469, "delta": 74.290556}}
{"target": 0.0, "params": {"h": 51.0, "p": 207.0, "r": 150.0}, "datetime": {"datetime": "2024-05-20 12:03:09", "elapsed": 95.304469, "delta": 0.0}}
{"target": 2.432619854450595, "params": {"h": 56.0, "p": 637.0, "r": 86.0}, "datetime": {"datetime": "2024-05-20 12:03:39", "elapsed": 124.648527, "delta": 29.344058}}
{"target": 6.34910567660572, "params": {"h": 50.0, "p": 472.0, "r": 129.0}, "datetime": {"datetime": "2024-05-20 12:03:56", "elapsed": 142.439918, "delta": 17.791391}}
{"target": 1.343494860838416, "params": {"h": 32.0, "p": 782.0, "r": 82.0}, "datetime": {"datetime": "2024-05-20 12:04:35", "elapsed": 181.022167, "delta": 38.582249}}
{"target": 11.560509187030735, "params": {"h": 23.0, "p": 310.0, "r": 101.0}, "datetime": {"datetime": "2024-05-20 12:04:48", "elapsed": 194.116679, "delta": 13.094512}}
{"target": 4.060072671644334, "params": {"h": 39.0, "p": 695.0, "r": 42.0}, "datetime": {"datetime": "2024-05-20 12:05:29", "elapsed": 235.205298, "delta": 41.088619}}
{"target": 2.8314280832040617, "params": {"h": 15.0, "p": 398.0, "r": 60.0}, "datetime": {"datetime": "2024-05-20 12:05:49", "elapsed": 254.73829, "delta": 19.532992}}
{"target": 11.4795167898822, "params": {"h": 47.0, "p": 118.0, "r": 31.0}, "datetime": {"datetime": "2024-05-20 12:06:09", "elapsed": 274.96893, "delta": 20.23064}}
{"target": 15.484089964580647, "params": {"h": 51.0, "p": 122.0, "r": 35.0}, "datetime": {"datetime": "2024-05-20 12:06:26", "elapsed": 292.391814, "delta": 17.422884}}
{"target": 0.0, "params": {"h": 56.0, "p": 120.0, "r": 40.0}, "datetime": {"datetime": "2024-05-20 12:06:27", "elapsed": 292.70433, "delta": 0.312516}}
{"target": 0.0, "params": {"h": 46.0, "p": 120.0, "r": 38.0}, "datetime": {"datetime": "2024-05-20 12:06:27", "elapsed": 292.751208, "delta": 0.046878}}
{"target": 15.949767587531934, "params": {"h": 53.0, "p": 126.0, "r": 36.0}, "datetime": {"datetime": "2024-05-20 12:06:44", "elapsed": 310.314731, "delta": 17.563523}}
{"target": 15.834553266506447, "params": {"h": 48.0, "p": 129.0, "r": 36.0}, "datetime": {"datetime": "2024-05-20 12:07:01", "elapsed": 327.034453, "delta": 16.719722}}
{"target": 13.945087910733115, "params": {"h": 55.0, "p": 123.0, "r": 34.0}, "datetime": {"datetime": "2024-05-20 12:07:18", "elapsed": 343.832304, "delta": 16.797851}}
{"target": 6.576635505450853, "params": {"h": 48.0, "p": 126.0, "r": 27.0}, "datetime": {"datetime": "2024-05-20 12:07:40", "elapsed": 366.192977, "delta": 22.360673}}
{"target": 12.224915547199997, "params": {"h": 54.0, "p": 126.0, "r": 33.0}, "datetime": {"datetime": "2024-05-20 12:08:00", "elapsed": 385.602088, "delta": 19.409111}}
{"target": 14.698739496311777, "params": {"h": 51.0, "p": 126.0, "r": 35.0}, "datetime": {"datetime": "2024-05-20 12:08:17", "elapsed": 403.024975, "delta": 17.422887}}
{"target": 19.494476382970873, "params": {"h": 49.0, "p": 131.0, "r": 40.0}, "datetime": {"datetime": "2024-05-20 12:08:32", "elapsed": 418.119602, "delta": 15.094627}}
{"target": 20.532489614619887, "params": {"h": 46.0, "p": 130.0, "r": 40.0}, "datetime": {"datetime": "2024-05-20 12:08:46", "elapsed": 432.44856, "delta": 14.328958}}
{"target": 17.65835992747084, "params": {"h": 47.0, "p": 135.0, "r": 38.0}, "datetime": {"datetime": "2024-05-20 12:09:03", "elapsed": 449.152655, "delta": 16.704095}}
{"target": 21.023295007767278, "params": {"h": 46.0, "p": 132.0, "r": 41.0}, "datetime": {"datetime": "2024-05-20 12:09:19", "elapsed": 464.90357, "delta": 15.750915}}
{"target": 24.633668695587602, "params": {"h": 41.0, "p": 136.0, "r": 43.0}, "datetime": {"datetime": "2024-05-20 12:09:33", "elapsed": 479.029388, "delta": 14.125818}}
{"target": 20.04016245320174, "params": {"h": 39.0, "p": 135.0, "r": 38.0}, "datetime": {"datetime": "2024-05-20 12:09:49", "elapsed": 494.920936, "delta": 15.891548}}
{"target": 0.0, "params": {"h": 46.0, "p": 141.0, "r": 48.0}, "datetime": {"datetime": "2024-05-20 12:09:49", "elapsed": 495.12407, "delta": 0.203134}}
{"target": 0.0, "params": {"h": 38.0, "p": 131.0, "r": 45.0}, "datetime": {"datetime": "2024-05-20 12:09:49", "elapsed": 495.358459, "delta": 0.234389}}
{"target": 25.9551388156733, "params": {"h": 37.0, "p": 139.0, "r": 42.0}, "datetime": {"datetime": "2024-05-20 12:10:04", "elapsed": 509.812424, "delta": 14.453965}}
{"target": 19.794260681433684, "params": {"h": 30.0, "p": 141.0, "r": 35.0}, "datetime": {"datetime": "2024-05-20 12:10:22", "elapsed": 527.975718, "delta": 18.163294}}
{"target": 24.438082390749262, "params": {"h": 36.0, "p": 139.0, "r": 40.0}, "datetime": {"datetime": "2024-05-20 12:10:37", "elapsed": 543.472512, "delta": 15.496794}}
{"target": 24.268212036949244, "params": {"h": 38.0, "p": 138.0, "r": 41.0}, "datetime": {"datetime": "2024-05-20 12:10:52", "elapsed": 558.004604, "delta": 14.532092}}
{"target": 37.990040989377725, "params": {"h": 29.0, "p": 145.0, "r": 44.0}, "datetime": {"datetime": "2024-05-20 12:11:06", "elapsed": 572.380437, "delta": 14.375833}}
{"target": 35.006560637741295, "params": {"h": 31.0, "p": 145.0, "r": 44.0}, "datetime": {"datetime": "2024-05-20 12:11:19", "elapsed": 585.037421, "delta": 12.656984}}
{"target": 0.0, "params": {"h": 28.0, "p": 146.0, "r": 49.0}, "datetime": {"datetime": "2024-05-20 12:11:19", "elapsed": 585.131176, "delta": 0.093755}}
{"target": 44.26808696829856, "params": {"h": 24.0, "p": 137.0, "r": 40.0}, "datetime": {"datetime": "2024-05-20 12:11:34", "elapsed": 599.782908, "delta": 14.651732}}
{"target": 34.23851972055786, "params": {"h": 27.0, "p": 135.0, "r": 39.0}, "datetime": {"datetime": "2024-05-20 12:11:47", "elapsed": 613.127431, "delta": 13.344523}}
{"target": 46.61958999057427, "params": {"h": 25.0, "p": 143.0, "r": 44.0}, "datetime": {"datetime": "2024-05-20 12:12:00", "elapsed": 626.440703, "delta": 13.313272}}
{"target": 41.23880120204129, "params": {"h": 27.0, "p": 141.0, "r": 44.0}, "datetime": {"datetime": "2024-05-20 12:12:13", "elapsed": 639.050812, "delta": 12.610109}}
{"target": 63.794293873596935, "params": {"h": 19.0, "p": 145.0, "r": 37.0}, "datetime": {"datetime": "2024-05-20 12:12:27", "elapsed": 653.270385, "delta": 14.219573}}
{"target": 21.0680770992912, "params": {"h": 19.0, "p": 145.0, "r": 30.0}, "datetime": {"datetime": "2024-05-20 12:12:42", "elapsed": 668.458769, "delta": 15.188384}}
{"target": 75.83505657358424, "params": {"h": 18.0, "p": 146.0, "r": 41.0}, "datetime": {"datetime": "2024-05-20 12:12:56", "elapsed": 681.777411, "delta": 13.318642}}
{"target": 73.66507891445191, "params": {"h": 16.0, "p": 144.0, "r": 41.0}, "datetime": {"datetime": "2024-05-20 12:13:10", "elapsed": 695.739986, "delta": 13.962575}}
{"target": 76.4889852689253, "params": {"h": 16.0, "p": 148.0, "r": 41.0}, "datetime": {"datetime": "2024-05-20 12:13:23", "elapsed": 708.865747, "delta": 13.125761}}
{"target": 71.17027545549419, "params": {"h": 21.0, "p": 163.0, "r": 42.0}, "datetime": {"datetime": "2024-05-20 12:13:38", "elapsed": 724.05178, "delta": 15.186033}}
{"target": 88.0009003756519, "params": {"h": 18.0, "p": 157.0, "r": 40.0}, "datetime": {"datetime": "2024-05-20 12:13:53", "elapsed": 738.66366, "delta": 14.61188}}
{"target": 65.80912830886182, "params": {"h": 15.0, "p": 160.0, "r": 42.0}, "datetime": {"datetime": "2024-05-20 12:14:06", "elapsed": 752.070688, "delta": 13.407028}}
{"target": 20.861846464498075, "params": {"h": 20.0, "p": 158.0, "r": 31.0}, "datetime": {"datetime": "2024-05-20 12:14:23", "elapsed": 769.374581, "delta": 17.303893}}
{"target": 73.43065507020602, "params": {"h": 18.0, "p": 153.0, "r": 43.0}, "datetime": {"datetime": "2024-05-20 12:14:36", "elapsed": 782.219075, "delta": 12.844494}}
{"target": 37.65724136296717, "params": {"h": 27.0, "p": 157.0, "r": 40.0}, "datetime": {"datetime": "2024-05-20 12:14:51", "elapsed": 796.876176, "delta": 14.657101}}
{"target": 71.62187525607251, "params": {"h": 19.0, "p": 153.0, "r": 38.0}, "datetime": {"datetime": "2024-05-20 12:15:05", "elapsed": 811.25201, "delta": 14.375834}}
{"target": 77.54340711026288, "params": {"h": 22.0, "p": 179.0, "r": 44.0}, "datetime": {"datetime": "2024-05-20 12:15:21", "elapsed": 827.013406, "delta": 15.761396}}
{"target": 52.67730684081247, "params": {"h": 28.0, "p": 178.0, "r": 47.0}, "datetime": {"datetime": "2024-05-20 12:15:36", "elapsed": 841.936147, "delta": 14.922741}}
{"target": 82.81997940815457, "params": {"h": 19.0, "p": 181.0, "r": 38.0}, "datetime": {"datetime": "2024-05-20 12:15:52", "elapsed": 858.155861, "delta": 16.219714}}
{"target": 84.7665512855553, "params": {"h": 17.0, "p": 185.0, "r": 43.0}, "datetime": {"datetime": "2024-05-20 12:16:08", "elapsed": 874.358623, "delta": 16.202762}}
{"target": 62.205448245283414, "params": {"h": 24.0, "p": 189.0, "r": 42.0}, "datetime": {"datetime": "2024-05-20 12:16:25", "elapsed": 890.906455, "delta": 16.547832}}
{"target": 111.57668431648183, "params": {"h": 18.0, "p": 187.0, "r": 40.0}, "datetime": {"datetime": "2024-05-20 12:16:41", "elapsed": 907.563671, "delta": 16.657216}}
{"target": 11.339014623029017, "params": {"h": 21.0, "p": 190.0, "r": 30.0}, "datetime": {"datetime": "2024-05-20 12:17:00", "elapsed": 926.174124, "delta": 18.610453}}
{"target": 95.95439764862726, "params": {"h": 19.0, "p": 190.0, "r": 39.0}, "datetime": {"datetime": "2024-05-20 12:17:16", "elapsed": 942.474533, "delta": 16.300409}}
{"target": 40.72949741272958, "params": {"h": 16.0, "p": 203.0, "r": 48.0}, "datetime": {"datetime": "2024-05-20 12:17:32", "elapsed": 958.227687, "delta": 15.753154}}
{"target": 29.216706400530626, "params": {"h": 19.0, "p": 231.0, "r": 58.0}, "datetime": {"datetime": "2024-05-20 12:17:46", "elapsed": 971.822196, "delta": 13.594509}}
{"target": 113.65556304052699, "params": {"h": 17.0, "p": 188.0, "r": 37.0}, "datetime": {"datetime": "2024-05-20 12:18:02", "elapsed": 988.225436, "delta": 16.40324}}
{"target": 0.06378974848934088, "params": {"h": 15.0, "p": 540.0, "r": 15.0}, "datetime": {"datetime": "2024-05-20 12:18:44", "elapsed": 1030.287046, "delta": 42.06161}}
{"target": 1.0688079677218258, "params": {"h": 20.0, "p": 999.0, "r": 148.0}, "datetime": {"datetime": "2024-05-20 12:19:52", "elapsed": 1098.214922, "delta": 67.927876}}
{"target": 94.2942370266004, "params": {"h": 19.0, "p": 186.0, "r": 39.0}, "datetime": {"datetime": "2024-05-20 12:20:07", "elapsed": 1113.465785, "delta": 15.250863}}
{"target": 18.57324669500371, "params": {"h": 27.0, "p": 174.0, "r": 35.0}, "datetime": {"datetime": "2024-05-20 12:20:26", "elapsed": 1132.021115, "delta": 18.55533}}
{"target": 46.28322734952468, "params": {"h": 22.0, "p": 173.0, "r": 55.0}, "datetime": {"datetime": "2024-05-20 12:20:38", "elapsed": 1143.881163, "delta": 11.860048}}
{"target": 70.6764102110973, "params": {"h": 16.0, "p": 192.0, "r": 43.0}, "datetime": {"datetime": "2024-05-20 12:20:53", "elapsed": 1158.663255, "delta": 14.782092}}
{"target": 120.51746379299006, "params": {"h": 17.0, "p": 188.0, "r": 38.0}, "datetime": {"datetime": "2024-05-20 12:21:08", "elapsed": 1174.523534, "delta": 15.860279}}
{"target": 45.07203425982438, "params": {"h": 37.0, "p": 200.0, "r": 55.0}, "datetime": {"datetime": "2024-05-20 12:21:22", "elapsed": 1188.555582, "delta": 14.032048}}
{"target": 28.383029602032423, "params": {"h": 46.0, "p": 208.0, "r": 72.0}, "datetime": {"datetime": "2024-05-20 12:21:36", "elapsed": 1201.94697, "delta": 13.391388}}
{"target": 81.0055255820335, "params": {"h": 17.0, "p": 172.0, "r": 43.0}, "datetime": {"datetime": "2024-05-20 12:21:50", "elapsed": 1215.83839, "delta": 13.89142}}
{"target": 18.08473878542248, "params": {"h": 47.0, "p": 213.0, "r": 42.0}, "datetime": {"datetime": "2024-05-20 12:22:09", "elapsed": 1235.261376, "delta": 19.422986}}
{"target": 2.3498302093527683, "params": {"h": 20.0, "p": 708.0, "r": 149.0}, "datetime": {"datetime": "2024-05-20 12:22:47", "elapsed": 1273.018199, "delta": 37.756823}}
{"target": 0.0, "params": {"h": 42.0, "p": 101.0, "r": 150.0}, "datetime": {"datetime": "2024-05-20 12:22:47", "elapsed": 1273.377594, "delta": 0.359395}}
{"target": 3.233036749722572, "params": {"h": 28.0, "p": 568.0, "r": 148.0}, "datetime": {"datetime": "2024-05-20 12:23:08", "elapsed": 1294.003775, "delta": 20.626181}}
{"target": 121.92342230326942, "params": {"h": 16.0, "p": 176.0, "r": 37.0}, "datetime": {"datetime": "2024-05-20 12:23:24", "elapsed": 1310.424064, "delta": 16.420289}}
{"target": 115.68323345492253, "params": {"h": 16.0, "p": 187.0, "r": 39.0}, "datetime": {"datetime": "2024-05-20 12:23:39", "elapsed": 1325.190537, "delta": 14.766473}}
{"target": 93.09217553915998, "params": {"h": 17.0, "p": 174.0, "r": 36.0}, "datetime": {"datetime": "2024-05-20 12:23:54", "elapsed": 1340.457038, "delta": 15.266501}}
{"target": 35.326650658330415, "params": {"h": 27.0, "p": 190.0, "r": 65.0}, "datetime": {"datetime": "2024-05-20 12:24:07", "elapsed": 1352.993954, "delta": 12.536916}}
{"target": 28.160678646785428, "params": {"h": 50.0, "p": 184.0, "r": 61.0}, "datetime": {"datetime": "2024-05-20 12:24:22", "elapsed": 1367.722447, "delta": 14.728493}}
{"target": 65.26193924456763, "params": {"h": 16.0, "p": 177.0, "r": 44.0}, "datetime": {"datetime": "2024-05-20 12:24:35", "elapsed": 1380.879451, "delta": 13.157004}}
{"target": 119.24773235655009, "params": {"h": 16.0, "p": 179.0, "r": 36.0}, "datetime": {"datetime": "2024-05-20 12:24:50", "elapsed": 1395.786557, "delta": 14.907106}}
{"target": 0.19117046447461294, "params": {"h": 60.0, "p": 322.0, "r": 16.0}, "datetime": {"datetime": "2024-05-20 12:25:51", "elapsed": 1457.440748, "delta": 61.654191}}
{"target": 19.68805655693355, "params": {"h": 58.0, "p": 382.0, "r": 148.0}, "datetime": {"datetime": "2024-05-20 12:26:04", "elapsed": 1470.379162, "delta": 12.938414}}
{"target": 0.02105127221919836, "params": {"h": 46.0, "p": 844.0, "r": 15.0}, "datetime": {"datetime": "2024-05-20 12:27:26", "elapsed": 1551.960541, "delta": 81.581379}}
{"target": 23.163252439284452, "params": {"h": 15.0, "p": 175.0, "r": 28.0}, "datetime": {"datetime": "2024-05-20 12:27:44", "elapsed": 1570.190236, "delta": 18.229695}}
{"target": 0.19560555131223623, "params": {"h": 55.0, "p": 462.0, "r": 20.0}, "datetime": {"datetime": "2024-05-20 12:28:33", "elapsed": 1619.368481, "delta": 49.178245}}
{"target": 1.3147627779341275, "params": {"h": 56.0, "p": 992.0, "r": 71.0}, "datetime": {"datetime": "2024-05-20 12:29:33", "elapsed": 1679.405854, "delta": 60.037373}}
{"target": 2.9560451844718716, "params": {"h": 58.0, "p": 535.0, "r": 81.0}, "datetime": {"datetime": "2024-05-20 12:29:59", "elapsed": 1705.186931, "delta": 25.781077}}
{"target": 0.11319070171169247, "params": {"h": 15.0, "p": 621.0, "r": 18.0}, "datetime": {"datetime": "2024-05-20 12:30:38", "elapsed": 1743.689158, "delta": 38.502227}}
{"target": 129.01772759067094, "params": {"h": 15.0, "p": 190.0, "r": 37.0}, "datetime": {"datetime": "2024-05-20 12:30:55", "elapsed": 1760.670858, "delta": 16.9817}}
{"target": 1.6878221264547226, "params": {"h": 54.0, "p": 809.0, "r": 150.0}, "datetime": {"datetime": "2024-05-20 12:31:26", "elapsed": 1792.547702, "delta": 31.876844}}
{"target": 0.03290294091793166, "params": {"h": 57.0, "p": 772.0, "r": 16.0}, "datetime": {"datetime": "2024-05-20 12:32:44", "elapsed": 1870.033148, "delta": 77.485446}}
{"target": 36.478933981515084, "params": {"h": 15.0, "p": 213.0, "r": 30.0}, "datetime": {"datetime": "2024-05-20 12:33:02", "elapsed": 1887.909181, "delta": 17.876033}}
{"target": 1.296849380606663, "params": {"h": 59.0, "p": 943.0, "r": 147.0}, "datetime": {"datetime": "2024-05-20 12:33:50", "elapsed": 1935.717345, "delta": 47.808164}}
{"target": 2.6681983734765704, "params": {"h": 18.0, "p": 635.0, "r": 146.0}, "datetime": {"datetime": "2024-05-20 12:34:25", "elapsed": 1971.563866, "delta": 35.846521}}
{"target": 0.0, "params": {"h": 60.0, "p": 280.0, "r": 143.0}, "datetime": {"datetime": "2024-05-20 12:34:26", "elapsed": 1971.970136, "delta": 0.40627}}
{"target": 2.1552426827548263, "params": {"h": 15.0, "p": 466.0, "r": 73.0}, "datetime": {"datetime": "2024-05-20 12:34:46", "elapsed": 1992.065, "delta": 20.094864}}
{"target": 21.217035030844006, "params": {"h": 17.0, "p": 210.0, "r": 68.0}, "datetime": {"datetime": "2024-05-20 12:34:58", "elapsed": 2004.190674, "delta": 12.125674}}
{"target": 94.19819979343625, "params": {"h": 16.0, "p": 193.0, "r": 34.0}, "datetime": {"datetime": "2024-05-20 12:35:16", "elapsed": 2022.30106, "delta": 18.110386}}
{"target": 0.0, "params": {"h": 18.0, "p": 158.0, "r": 120.0}, "datetime": {"datetime": "2024-05-20 12:35:17", "elapsed": 2022.785463, "delta": 0.484403}}
{"target": 1.8510880887938739, "params": {"h": 59.0, "p": 721.0, "r": 98.0}, "datetime": {"datetime": "2024-05-20 12:35:51", "elapsed": 2057.571054, "delta": 34.785591}}
{"target": 1.321972632381833, "params": {"h": 59.0, "p": 843.0, "r": 83.0}, "datetime": {"datetime": "2024-05-20 12:36:33", "elapsed": 2099.417154, "delta": 41.8461}}
{"target": 0.6278589831273277, "params": {"h": 17.0, "p": 944.0, "r": 90.0}, "datetime": {"datetime": "2024-05-20 12:37:29", "elapsed": 2155.594964, "delta": 56.17781}}
{"target": 0.28538931752350505, "params": {"h": 19.0, "p": 268.0, "r": 16.0}, "datetime": {"datetime": "2024-05-20 12:37:59", "elapsed": 2185.081013, "delta": 29.486049}}
{"target": 131.36811616297487, "params": {"h": 15.0, "p": 177.0, "r": 35.0}, "datetime": {"datetime": "2024-05-20 12:38:14", "elapsed": 2200.019359, "delta": 14.938346}}
{"target": 0.13126551746267623, "params": {"h": 60.0, "p": 393.0, "r": 16.0}, "datetime": {"datetime": "2024-05-20 12:39:15", "elapsed": 2261.19442, "delta": 61.175061}}
{"target": 1.7082728742766842, "params": {"h": 18.0, "p": 586.0, "r": 80.0}, "datetime": {"datetime": "2024-05-20 12:39:39", "elapsed": 2285.477053, "delta": 24.282633}}
{"target": 7.516574199740001, "params": {"h": 59.0, "p": 362.0, "r": 81.0}, "datetime": {"datetime": "2024-05-20 12:39:57", "elapsed": 2303.331231, "delta": 17.854178}}
{"target": 0.9668693239068851, "params": {"h": 18.0, "p": 885.0, "r": 58.0}, "datetime": {"datetime": "2024-05-20 12:40:43", "elapsed": 2349.21586, "delta": 45.884629}}
{"target": 0.0, "params": {"h": 16.0, "p": 172.0, "r": 79.0}, "datetime": {"datetime": "2024-05-20 12:40:44", "elapsed": 2349.653385, "delta": 0.437525}}
{"target": 3.7542615607909857, "params": {"h": 15.0, "p": 411.0, "r": 122.0}, "datetime": {"datetime": "2024-05-20 12:41:11", "elapsed": 2377.033274, "delta": 27.379889}}
{"target": 0.21653734377996556, "params": {"h": 16.0, "p": 997.0, "r": 24.0}, "datetime": {"datetime": "2024-05-20 12:42:17", "elapsed": 2442.625709, "delta": 65.592435}}
{"target": 58.80403734238267, "params": {"h": 59.0, "p": 275.0, "r": 62.0}, "datetime": {"datetime": "2024-05-20 12:42:34", "elapsed": 2460.532986, "delta": 17.907277}}
{"target": 56.58474232837189, "params": {"h": 55.0, "p": 288.0, "r": 65.0}, "datetime": {"datetime": "2024-05-20 12:42:52", "elapsed": 2478.237137, "delta": 17.704151}}
{"target": 67.05490176392175, "params": {"h": 51.0, "p": 281.0, "r": 55.0}, "datetime": {"datetime": "2024-05-20 12:43:11", "elapsed": 2497.56637, "delta": 19.329233}}
{"target": 59.02010739826046, "params": {"h": 42.0, "p": 284.0, "r": 62.0}, "datetime": {"datetime": "2024-05-20 12:43:30", "elapsed": 2515.867826, "delta": 18.301456}}
{"target": 67.61059152736945, "params": {"h": 52.0, "p": 292.0, "r": 53.0}, "datetime": {"datetime": "2024-05-20 12:43:54", "elapsed": 2539.703916, "delta": 23.83609}}
{"target": 40.641253564777614, "params": {"h": 43.0, "p": 293.0, "r": 46.0}, "datetime": {"datetime": "2024-05-20 12:44:14", "elapsed": 2560.31448, "delta": 20.610564}}
{"target": 25.831473428824452, "params": {"h": 59.0, "p": 287.0, "r": 46.0}, "datetime": {"datetime": "2024-05-20 12:44:39", "elapsed": 2584.840167, "delta": 24.525687}}
{"target": 59.27664693397368, "params": {"h": 46.0, "p": 271.0, "r": 62.0}, "datetime": {"datetime": "2024-05-20 12:44:56", "elapsed": 2601.622383, "delta": 16.782216}}
{"target": 39.17000617496588, "params": {"h": 48.0, "p": 277.0, "r": 73.0}, "datetime": {"datetime": "2024-05-20 12:45:12", "elapsed": 2618.135467, "delta": 16.513084}}
{"target": 47.42218228582266, "params": {"h": 53.0, "p": 267.0, "r": 52.0}, "datetime": {"datetime": "2024-05-20 12:45:32", "elapsed": 2638.393462, "delta": 20.257995}}
{"target": 82.61299908653695, "params": {"h": 38.0, "p": 274.0, "r": 54.0}, "datetime": {"datetime": "2024-05-20 12:45:52", "elapsed": 2657.958834, "delta": 19.565372}}
{"target": 65.63557697428679, "params": {"h": 33.0, "p": 266.0, "r": 58.0}, "datetime": {"datetime": "2024-05-20 12:46:07", "elapsed": 2673.537858, "delta": 15.579024}}
{"target": 57.90421725096782, "params": {"h": 30.0, "p": 280.0, "r": 57.0}, "datetime": {"datetime": "2024-05-20 12:46:24", "elapsed": 2689.820049, "delta": 16.282191}}
{"target": 59.39479030775175, "params": {"h": 34.0, "p": 270.0, "r": 46.0}, "datetime": {"datetime": "2024-05-20 12:46:43", "elapsed": 2708.633635, "delta": 18.813586}}
{"target": 68.25611927365816, "params": {"h": 47.0, "p": 300.0, "r": 60.0}, "datetime": {"datetime": "2024-05-20 12:47:00", "elapsed": 2726.1659, "delta": 17.532265}}
{"target": 72.26022496370886, "params": {"h": 59.0, "p": 302.0, "r": 60.0}, "datetime": {"datetime": "2024-05-20 12:47:20", "elapsed": 2746.167059, "delta": 20.001159}}
