{"target": 0.9782541186714264, "params": {"h": 26.0, "p": 886.0, "r": 122.0}, "datetime": {"datetime": "2024-05-20 13:28:32", "elapsed": 0.0, "delta": 0.0}}
{"target": 10.782344652297363, "params": {"h": 46.0, "p": 117.0, "r": 30.0}, "datetime": {"datetime": "2024-05-20 13:28:52", "elapsed": 19.735589, "delta": 19.735589}}
{"target": 0.055943340022338736, "params": {"h": 35.0, "p": 934.0, "r": 21.0}, "datetime": {"datetime": "2024-05-20 13:29:57", "elapsed": 84.954814, "delta": 65.219225}}
{"target": 0.0, "params": {"h": 51.0, "p": 207.0, "r": 150.0}, "datetime": {"datetime": "2024-05-20 13:29:57", "elapsed": 84.954814, "delta": 0.0}}
{"target": 2.432619854451048, "params": {"h": 56.0, "p": 637.0, "r": 86.0}, "datetime": {"datetime": "2024-05-20 13:30:25", "elapsed": 112.662052, "delta": 27.707238}}
{"target": 6.349105676605752, "params": {"h": 50.0, "p": 472.0, "r": 129.0}, "datetime": {"datetime": "2024-05-20 13:30:40", "elapsed": 128.359164, "delta": 15.697112}}
{"target": 1.3434948608382238, "params": {"h": 32.0, "p": 782.0, "r": 82.0}, "datetime": {"datetime": "2024-05-20 13:31:14", "elapsed": 162.157917, "delta": 33.798753}}
{"target": 11.560509187030505, "params": {"h": 23.0, "p": 310.0, "r": 101.0}, "datetime": {"datetime": "2024-05-20 13:31:26", "elapsed": 174.049205, "delta": 11.891288}}
{"target": 4.0600726716459565, "params": {"h": 39.0, "p": 695.0, "r": 42.0}, "datetime": {"datetime": "2024-05-20 13:32:05", "elapsed": 213.589797, "delta": 39.540592}}
{"target": 2.8314280832031065, "params": {"h": 15.0, "p": 398.0, "r": 60.0}, "datetime": {"datetime": "2024-05-20 13:32:23", "elapsed": 231.075152, "delta": 17.485355}}
{"target": 11.211638130415105, "params": {"h": 50.0, "p": 114.0, "r": 30.0}, "datetime": {"datetime": "2024-05-20 13:32:42", "elapsed": 249.763705, "delta": 18.688553}}
{"target": 1.6168871671553906, "params": {"h": 60.0, "p": 100.0, "r": 15.0}, "datetime": {"datetime": "2024-05-20 13:33:25", "elapsed": 293.472931, "delta": 43.709226}}
{"target": 9.192298565206533, "params": {"h": 20.0, "p": 314.0, "r": 95.0}, "datetime": {"datetime": "2024-05-20 13:33:39", "elapsed": 307.239333, "delta": 13.766402}}
{"target": 15.062245127201578, "params": {"h": 21.0, "p": 304.0, "r": 105.0}, "datetime": {"datetime": "2024-05-20 13:33:53", "elapsed": 320.896357, "delta": 13.657024}}
{"target": 27.566969001302038, "params": {"h": 19.0, "p": 298.0, "r": 109.0}, "datetime": {"datetime": "2024-05-20 13:34:07", "elapsed": 334.787771, "delta": 13.891414}}
{"target": 25.825422211696555, "params": {"h": 24.0, "p": 300.0, "r": 113.0}, "datetime": {"datetime": "2024-05-20 13:34:19", "elapsed": 347.257228, "delta": 12.469457}}
{"target": 75.57861166537248, "params": {"h": 23.0, "p": 293.0, "r": 116.0}, "datetime": {"datetime": "2024-05-20 13:34:31", "elapsed": 359.132904, "delta": 11.875676}}
{"target": 18.434966646654882, "params": {"h": 20.0, "p": 294.0, "r": 120.0}, "datetime": {"datetime": "2024-05-20 13:34:46", "elapsed": 374.354534, "delta": 15.22163}}
{"target": 31.891137974318948, "params": {"h": 21.0, "p": 292.0, "r": 116.0}, "datetime": {"datetime": "2024-05-20 13:34:58", "elapsed": 386.480225, "delta": 12.125691}}
{"target": 32.59468433416074, "params": {"h": 25.0, "p": 294.0, "r": 115.0}, "datetime": {"datetime": "2024-05-20 13:35:09", "elapsed": 397.090203, "delta": 10.609978}}
{"target": 0.0, "params": {"h": 16.0, "p": 292.0, "r": 122.0}, "datetime": {"datetime": "2024-05-20 13:35:09", "elapsed": 397.168332, "delta": 0.078129}}
{"target": 52.50000111577648, "params": {"h": 21.0, "p": 299.0, "r": 111.0}, "datetime": {"datetime": "2024-05-20 13:35:23", "elapsed": 410.778483, "delta": 13.610151}}
{"target": 20.456732794108888, "params": {"h": 20.0, "p": 294.0, "r": 117.0}, "datetime": {"datetime": "2024-05-20 13:35:36", "elapsed": 423.966736, "delta": 13.188253}}
{"target": 20.856033294270006, "params": {"h": 18.0, "p": 301.0, "r": 107.0}, "datetime": {"datetime": "2024-05-20 13:35:52", "elapsed": 440.025243, "delta": 16.058507}}
{"target": 18.80404256033043, "params": {"h": 24.0, "p": 296.0, "r": 110.0}, "datetime": {"datetime": "2024-05-20 13:36:04", "elapsed": 451.885704, "delta": 11.860461}}
{"target": 81.74973041251515, "params": {"h": 25.0, "p": 297.0, "r": 118.0}, "datetime": {"datetime": "2024-05-20 13:36:15", "elapsed": 463.417613, "delta": 11.531909}}
{"target": 0.0, "params": {"h": 24.0, "p": 289.0, "r": 120.0}, "datetime": {"datetime": "2024-05-20 13:36:15", "elapsed": 463.526994, "delta": 0.109381}}
{"target": 52.4403786134835, "params": {"h": 22.0, "p": 299.0, "r": 115.0}, "datetime": {"datetime": "2024-05-20 13:36:28", "elapsed": 476.496487, "delta": 12.969493}}
{"target": 64.4704872486873, "params": {"h": 22.0, "p": 295.0, "r": 113.0}, "datetime": {"datetime": "2024-05-20 13:36:41", "elapsed": 488.889904, "delta": 12.393417}}
{"target": 15.5733748746414, "params": {"h": 18.0, "p": 295.0, "r": 113.0}, "datetime": {"datetime": "2024-05-20 13:36:55", "elapsed": 502.828204, "delta": 13.9383}}
{"target": 25.550776424684052, "params": {"h": 21.0, "p": 297.0, "r": 117.0}, "datetime": {"datetime": "2024-05-20 13:37:08", "elapsed": 515.797696, "delta": 12.969492}}
{"target": 31.07353117748202, "params": {"h": 23.0, "p": 295.0, "r": 112.0}, "datetime": {"datetime": "2024-05-20 13:37:20", "elapsed": 528.579678, "delta": 12.781982}}
{"target": 72.30396207567465, "params": {"h": 24.0, "p": 292.0, "r": 116.0}, "datetime": {"datetime": "2024-05-20 13:37:32", "elapsed": 540.18972, "delta": 11.610042}}
{"target": 61.91807224724266, "params": {"h": 23.0, "p": 301.0, "r": 116.0}, "datetime": {"datetime": "2024-05-20 13:37:45", "elapsed": 553.190613, "delta": 13.000893}}
{"target": 105.2132991438061, "params": {"h": 26.0, "p": 295.0, "r": 121.0}, "datetime": {"datetime": "2024-05-20 13:37:56", "elapsed": 564.191245, "delta": 11.000632}}
{"target": 105.2132991438061, "params": {"h": 26.0, "p": 295.0, "r": 121.0}, "datetime": {"datetime": "2024-05-20 13:37:56", "elapsed": 564.316251, "delta": 0.125006}}
{"target": 75.11334959614808, "params": {"h": 28.0, "p": 294.0, "r": 121.0}, "datetime": {"datetime": "2024-05-20 13:38:08", "elapsed": 575.727904, "delta": 11.411653}}
{"target": 0.0, "params": {"h": 31.0, "p": 295.0, "r": 123.0}, "datetime": {"datetime": "2024-05-20 13:38:08", "elapsed": 575.837286, "delta": 0.109382}}
{"target": 117.82321291326811, "params": {"h": 28.0, "p": 299.0, "r": 123.0}, "datetime": {"datetime": "2024-05-20 13:38:19", "elapsed": 587.21294, "delta": 11.375654}}
{"target": 25.909293723939367, "params": {"h": 24.0, "p": 304.0, "r": 124.0}, "datetime": {"datetime": "2024-05-20 13:38:32", "elapsed": 599.90117, "delta": 12.68823}}
{"target": 96.95671344386437, "params": {"h": 28.0, "p": 298.0, "r": 122.0}, "datetime": {"datetime": "2024-05-20 13:38:44", "elapsed": 611.693418, "delta": 11.792248}}
{"target": 0.0, "params": {"h": 30.0, "p": 301.0, "r": 129.0}, "datetime": {"datetime": "2024-05-20 13:38:44", "elapsed": 611.794267, "delta": 0.100849}}
{"target": 83.50771815316703, "params": {"h": 28.0, "p": 301.0, "r": 125.0}, "datetime": {"datetime": "2024-05-20 13:38:55", "elapsed": 623.496621, "delta": 11.702354}}
{"target": 0.0, "params": {"h": 28.0, "p": 296.0, "r": 124.0}, "datetime": {"datetime": "2024-05-20 13:38:55", "elapsed": 623.621627, "delta": 0.125006}}
{"target": 89.00608167464668, "params": {"h": 30.0, "p": 304.0, "r": 124.0}, "datetime": {"datetime": "2024-05-20 13:39:06", "elapsed": 634.309745, "delta": 10.688118}}
{"target": 24.507681394617226, "params": {"h": 33.0, "p": 304.0, "r": 122.0}, "datetime": {"datetime": "2024-05-20 13:39:18", "elapsed": 646.608108, "delta": 12.298363}}
{"target": 49.135477090482865, "params": {"h": 30.0, "p": 310.0, "r": 123.0}, "datetime": {"datetime": "2024-05-20 13:39:30", "elapsed": 658.124394, "delta": 11.516286}}
{"target": 61.78153065720457, "params": {"h": 33.0, "p": 308.0, "r": 126.0}, "datetime": {"datetime": "2024-05-20 13:39:42", "elapsed": 669.812568, "delta": 11.688174}}
{"target": 49.52289479403853, "params": {"h": 26.0, "p": 301.0, "r": 118.0}, "datetime": {"datetime": "2024-05-20 13:39:55", "elapsed": 682.967622, "delta": 13.155054}}
{"target": 20.503840589141728, "params": {"h": 32.0, "p": 297.0, "r": 118.0}, "datetime": {"datetime": "2024-05-20 13:40:06", "elapsed": 694.077639, "delta": 11.110017}}
{"target": 27.80154657004875, "params": {"h": 23.0, "p": 299.0, "r": 122.0}, "datetime": {"datetime": "2024-05-20 13:40:19", "elapsed": 706.703364, "delta": 12.625725}}
{"target": 34.65063088907857, "params": {"h": 28.0, "p": 297.0, "r": 119.0}, "datetime": {"datetime": "2024-05-20 13:40:30", "elapsed": 717.92276, "delta": 11.219396}}
{"target": 74.41223008274837, "params": {"h": 29.0, "p": 305.0, "r": 123.0}, "datetime": {"datetime": "2024-05-20 13:40:41", "elapsed": 728.798392, "delta": 10.875632}}
{"target": 85.72070824165107, "params": {"h": 26.0, "p": 296.0, "r": 122.0}, "datetime": {"datetime": "2024-05-20 13:40:53", "elapsed": 740.799078, "delta": 12.000686}}
{"target": 81.8745057663577, "params": {"h": 35.0, "p": 311.0, "r": 129.0}, "datetime": {"datetime": "2024-05-20 13:41:03", "elapsed": 751.534071, "delta": 10.734993}}
{"target": 0.0, "params": {"h": 37.0, "p": 309.0, "r": 130.0}, "datetime": {"datetime": "2024-05-20 13:41:03", "elapsed": 751.612201, "delta": 0.07813}}
{"target": 68.0696148590174, "params": {"h": 31.0, "p": 298.0, "r": 123.0}, "datetime": {"datetime": "2024-05-20 13:41:14", "elapsed": 762.36282, "delta": 10.750619}}
{"target": 39.30520770197269, "params": {"h": 29.0, "p": 303.0, "r": 121.0}, "datetime": {"datetime": "2024-05-20 13:41:25", "elapsed": 773.375291, "delta": 11.012471}}
{"target": 0.0, "params": {"h": 32.0, "p": 300.0, "r": 126.0}, "datetime": {"datetime": "2024-05-20 13:41:25", "elapsed": 773.500293, "delta": 0.125002}}
{"target": 77.72222729175309, "params": {"h": 27.0, "p": 296.0, "r": 120.0}, "datetime": {"datetime": "2024-05-20 13:41:37", "elapsed": 784.98533, "delta": 11.485037}}
{"target": 46.503697470484845, "params": {"h": 24.0, "p": 294.0, "r": 121.0}, "datetime": {"datetime": "2024-05-20 13:41:48", "elapsed": 796.314109, "delta": 11.328779}}
{"target": 33.500107645057724, "params": {"h": 31.0, "p": 310.0, "r": 130.0}, "datetime": {"datetime": "2024-05-20 13:42:00", "elapsed": 808.462313, "delta": 12.148204}}
{"target": 34.71710774650068, "params": {"h": 27.0, "p": 316.0, "r": 119.0}, "datetime": {"datetime": "2024-05-20 13:42:12", "elapsed": 820.543022, "delta": 12.080709}}
{"target": 109.63760777961693, "params": {"h": 29.0, "p": 304.0, "r": 125.0}, "datetime": {"datetime": "2024-05-20 13:42:24", "elapsed": 831.856173, "delta": 11.313151}}
{"target": 98.93462471045886, "params": {"h": 27.0, "p": 299.0, "r": 121.0}, "datetime": {"datetime": "2024-05-20 13:42:34", "elapsed": 842.559911, "delta": 10.703738}}
{"target": 45.12722262474543, "params": {"h": 27.0, "p": 310.0, "r": 125.0}, "datetime": {"datetime": "2024-05-20 13:42:46", "elapsed": 853.982442, "delta": 11.422531}}
{"target": 36.53398573579881, "params": {"h": 27.0, "p": 295.0, "r": 118.0}, "datetime": {"datetime": "2024-05-20 13:42:57", "elapsed": 865.311217, "delta": 11.328775}}
{"target": 21.032640700785233, "params": {"h": 38.0, "p": 314.0, "r": 125.0}, "datetime": {"datetime": "2024-05-20 13:43:09", "elapsed": 876.936884, "delta": 11.625667}}
{"target": 61.06752939449327, "params": {"h": 34.0, "p": 312.0, "r": 128.0}, "datetime": {"datetime": "2024-05-20 13:43:20", "elapsed": 888.640681, "delta": 11.703797}}
{"target": 0.0, "params": {"h": 33.0, "p": 314.0, "r": 133.0}, "datetime": {"datetime": "2024-05-20 13:43:21", "elapsed": 888.812567, "delta": 0.171886}}
{"target": 3.762324308864363, "params": {"h": 25.0, "p": 756.0, "r": 52.0}, "datetime": {"datetime": "2024-05-20 13:43:57", "elapsed": 925.611558, "delta": 36.798991}}
{"target": 98.560264624134, "params": {"h": 30.0, "p": 302.0, "r": 124.0}, "datetime": {"datetime": "2024-05-20 13:44:09", "elapsed": 937.080967, "delta": 11.469409}}
{"target": 42.61051568390015, "params": {"h": 29.0, "p": 300.0, "r": 121.0}, "datetime": {"datetime": "2024-05-20 13:44:20", "elapsed": 948.630003, "delta": 11.549036}}
{"target": 21.153859293741913, "params": {"h": 26.0, "p": 305.0, "r": 115.0}, "datetime": {"datetime": "2024-05-20 13:44:33", "elapsed": 960.677571, "delta": 12.047568}}
{"target": 17.828674706641213, "params": {"h": 24.0, "p": 316.0, "r": 126.0}, "datetime": {"datetime": "2024-05-20 13:44:45", "elapsed": 973.037658, "delta": 12.360087}}
{"target": 1.3413357789134632, "params": {"h": 59.0, "p": 922.0, "r": 148.0}, "datetime": {"datetime": "2024-05-20 13:45:28", "elapsed": 1016.087484, "delta": 43.049826}}
{"target": 0.0, "params": {"h": 25.0, "p": 300.0, "r": 126.0}, "datetime": {"datetime": "2024-05-20 13:45:28", "elapsed": 1016.337497, "delta": 0.250013}}
{"target": 26.097020077004814, "params": {"h": 33.0, "p": 311.0, "r": 123.0}, "datetime": {"datetime": "2024-05-20 13:45:40", "elapsed": 1027.931915, "delta": 11.594418}}
{"target": 63.49590547869876, "params": {"h": 30.0, "p": 299.0, "r": 122.0}, "datetime": {"datetime": "2024-05-20 13:45:51", "elapsed": 1038.995052, "delta": 11.063137}}
{"target": 24.019336771446344, "params": {"h": 22.0, "p": 302.0, "r": 119.0}, "datetime": {"datetime": "2024-05-20 13:46:05", "elapsed": 1053.053907, "delta": 14.058855}}
{"target": 4.477356363264728, "params": {"h": 58.0, "p": 423.0, "r": 88.0}, "datetime": {"datetime": "2024-05-20 13:46:23", "elapsed": 1071.586226, "delta": 18.532319}}
{"target": 51.2497573471779, "params": {"h": 24.0, "p": 297.0, "r": 120.0}, "datetime": {"datetime": "2024-05-20 13:46:35", "elapsed": 1083.305653, "delta": 11.719427}}
{"target": 89.65778513907755, "params": {"h": 27.0, "p": 308.0, "r": 122.0}, "datetime": {"datetime": "2024-05-20 13:46:47", "elapsed": 1095.636394, "delta": 12.330741}}
{"target": 40.87451182849163, "params": {"h": 24.0, "p": 307.0, "r": 120.0}, "datetime": {"datetime": "2024-05-20 13:47:00", "elapsed": 1108.541056, "delta": 12.904662}}
{"target": 1.0318966859620822, "params": {"h": 51.0, "p": 380.0, "r": 27.0}, "datetime": {"datetime": "2024-05-20 13:47:38", "elapsed": 1146.522244, "delta": 37.981188}}
{"target": 94.86086964034389, "params": {"h": 30.0, "p": 300.0, "r": 124.0}, "datetime": {"datetime": "2024-05-20 13:47:50", "elapsed": 1158.16354, "delta": 11.641296}}
{"target": 79.3234510483501, "params": {"h": 24.0, "p": 299.0, "r": 117.0}, "datetime": {"datetime": "2024-05-20 13:48:03", "elapsed": 1171.00803, "delta": 12.84449}}
{"target": 22.890645979424633, "params": {"h": 25.0, "p": 287.0, "r": 112.0}, "datetime": {"datetime": "2024-05-20 13:48:14", "elapsed": 1182.071169, "delta": 11.063139}}
{"target": 19.197616839177996, "params": {"h": 57.0, "p": 331.0, "r": 87.0}, "datetime": {"datetime": "2024-05-20 13:48:31", "elapsed": 1199.057429, "delta": 16.98626}}
{"target": 26.472899284921052, "params": {"h": 35.0, "p": 351.0, "r": 52.0}, "datetime": {"datetime": "2024-05-20 13:48:51", "elapsed": 1219.261721, "delta": 20.204292}}
{"target": 24.83488578921383, "params": {"h": 29.0, "p": 309.0, "r": 119.0}, "datetime": {"datetime": "2024-05-20 13:49:03", "elapsed": 1231.184285, "delta": 11.922564}}
{"target": 0.7567615864646412, "params": {"h": 56.0, "p": 331.0, "r": 24.0}, "datetime": {"datetime": "2024-05-20 13:49:45", "elapsed": 1272.931577, "delta": 41.747292}}
{"target": 113.21054259398254, "params": {"h": 29.0, "p": 303.0, "r": 124.0}, "datetime": {"datetime": "2024-05-20 13:49:57", "elapsed": 1285.441982, "delta": 12.510405}}
{"target": 1.2126779336916793, "params": {"h": 49.0, "p": 844.0, "r": 131.0}, "datetime": {"datetime": "2024-05-20 13:50:35", "elapsed": 1323.414469, "delta": 37.972487}}
{"target": 52.21243647774439, "params": {"h": 26.0, "p": 309.0, "r": 123.0}, "datetime": {"datetime": "2024-05-20 13:50:48", "elapsed": 1336.50593, "delta": 13.091461}}
{"target": 0.06739686713084014, "params": {"h": 32.0, "p": 784.0, "r": 20.0}, "datetime": {"datetime": "2024-05-20 13:51:47", "elapsed": 1395.212963, "delta": 58.707033}}
{"target": 80.86409465518842, "params": {"h": 28.0, "p": 304.0, "r": 125.0}, "datetime": {"datetime": "2024-05-20 13:51:59", "elapsed": 1407.338666, "delta": 12.125703}}
{"target": 58.335302460581495, "params": {"h": 26.0, "p": 294.0, "r": 122.0}, "datetime": {"datetime": "2024-05-20 13:52:11", "elapsed": 1419.138576, "delta": 11.79991}}
{"target": 1.1548287568509326, "params": {"h": 48.0, "p": 995.0, "r": 150.0}, "datetime": {"datetime": "2024-05-20 13:53:03", "elapsed": 1471.576667, "delta": 52.438091}}
{"target": 0.13945404506429268, "params": {"h": 52.0, "p": 590.0, "r": 21.0}, "datetime": {"datetime": "2024-05-20 13:53:57", "elapsed": 1525.361027, "delta": 53.78436}}
{"target": 3.2525903564658885, "params": {"h": 21.0, "p": 407.0, "r": 99.0}, "datetime": {"datetime": "2024-05-20 13:54:13", "elapsed": 1541.440079, "delta": 16.079052}}
{"target": 4.991267595476908, "params": {"h": 50.0, "p": 511.0, "r": 124.0}, "datetime": {"datetime": "2024-05-20 13:54:32", "elapsed": 1559.941148, "delta": 18.501069}}
{"target": 0.8622715327458679, "params": {"h": 21.0, "p": 822.0, "r": 83.0}, "datetime": {"datetime": "2024-05-20 13:55:08", "elapsed": 1596.083863, "delta": 36.142715}}
{"target": 114.58617312090308, "params": {"h": 30.0, "p": 303.0, "r": 126.0}, "datetime": {"datetime": "2024-05-20 13:55:20", "elapsed": 1608.031439, "delta": 11.947576}}
{"target": 121.88051757197, "params": {"h": 33.0, "p": 304.0, "r": 127.0}, "datetime": {"datetime": "2024-05-20 13:55:31", "elapsed": 1618.970609, "delta": 10.93917}}
{"target": 0.0, "params": {"h": 33.0, "p": 303.0, "r": 128.0}, "datetime": {"datetime": "2024-05-20 13:55:31", "elapsed": 1619.259091, "delta": 0.288482}}
{"target": 56.6929980663689, "params": {"h": 26.0, "p": 297.0, "r": 122.0}, "datetime": {"datetime": "2024-05-20 13:55:42", "elapsed": 1629.809321, "delta": 10.55023}}
{"target": 0.0, "params": {"h": 30.0, "p": 306.0, "r": 129.0}, "datetime": {"datetime": "2024-05-20 13:55:42", "elapsed": 1630.012458, "delta": 0.203137}}
{"target": 19.23624166840739, "params": {"h": 20.0, "p": 303.0, "r": 115.0}, "datetime": {"datetime": "2024-05-20 13:55:58", "elapsed": 1645.752586, "delta": 15.740128}}
{"target": 29.39982250171239, "params": {"h": 34.0, "p": 302.0, "r": 124.0}, "datetime": {"datetime": "2024-05-20 13:56:09", "elapsed": 1657.362628, "delta": 11.610042}}
{"target": 54.57077532480957, "params": {"h": 25.0, "p": 296.0, "r": 121.0}, "datetime": {"datetime": "2024-05-20 13:56:22", "elapsed": 1669.783586, "delta": 12.420958}}
{"target": 0.0, "params": {"h": 33.0, "p": 304.0, "r": 128.0}, "datetime": {"datetime": "2024-05-20 13:56:22", "elapsed": 1670.14298, "delta": 0.359394}}
{"target": 71.40510795813015, "params": {"h": 28.0, "p": 306.0, "r": 125.0}, "datetime": {"datetime": "2024-05-20 13:56:34", "elapsed": 1682.284307, "delta": 12.141327}}
{"target": 26.248968020932015, "params": {"h": 33.0, "p": 299.0, "r": 122.0}, "datetime": {"datetime": "2024-05-20 13:56:45", "elapsed": 1693.519331, "delta": 11.235024}}
{"target": 39.80722077105421, "params": {"h": 32.0, "p": 308.0, "r": 124.0}, "datetime": {"datetime": "2024-05-20 13:56:57", "elapsed": 1705.082501, "delta": 11.56317}}
{"target": 115.88680331712163, "params": {"h": 32.0, "p": 306.0, "r": 127.0}, "datetime": {"datetime": "2024-05-20 13:57:08", "elapsed": 1716.567538, "delta": 11.485037}}
{"target": 103.6166379645173, "params": {"h": 29.0, "p": 304.0, "r": 124.0}, "datetime": {"datetime": "2024-05-20 13:57:21", "elapsed": 1728.76121, "delta": 12.193672}}
{"target": 0.0, "params": {"h": 34.0, "p": 303.0, "r": 127.0}, "datetime": {"datetime": "2024-05-20 13:57:21", "elapsed": 1729.11603, "delta": 0.35482}}
{"target": 39.950868828477496, "params": {"h": 30.0, "p": 306.0, "r": 122.0}, "datetime": {"datetime": "2024-05-20 13:57:33", "elapsed": 1740.896871, "delta": 11.780841}}
{"target": 3.9669122659798575, "params": {"h": 26.0, "p": 428.0, "r": 113.0}, "datetime": {"datetime": "2024-05-20 13:57:49", "elapsed": 1756.684657, "delta": 15.787786}}
{"target": 81.16737354468447, "params": {"h": 27.0, "p": 301.0, "r": 123.0}, "datetime": {"datetime": "2024-05-20 13:57:59", "elapsed": 1767.075881, "delta": 10.391224}}
{"target": 87.21273230543433, "params": {"h": 24.0, "p": 295.0, "r": 117.0}, "datetime": {"datetime": "2024-05-20 13:58:10", "elapsed": 1778.623423, "delta": 11.547542}}
{"target": 0.0, "params": {"h": 34.0, "p": 252.0, "r": 103.0}, "datetime": {"datetime": "2024-05-20 13:58:11", "elapsed": 1778.857811, "delta": 0.234388}}
{"target": 98.54312345558115, "params": {"h": 29.0, "p": 308.0, "r": 125.0}, "datetime": {"datetime": "2024-05-20 13:58:22", "elapsed": 1790.014708, "delta": 11.156897}}
{"target": 42.74279584394355, "params": {"h": 32.0, "p": 304.0, "r": 124.0}, "datetime": {"datetime": "2024-05-20 13:58:32", "elapsed": 1800.405932, "delta": 10.391224}}
{"target": 69.91993590220825, "params": {"h": 24.0, "p": 296.0, "r": 116.0}, "datetime": {"datetime": "2024-05-20 13:58:45", "elapsed": 1813.094166, "delta": 12.688234}}
{"target": 111.63058820923207, "params": {"h": 32.0, "p": 308.0, "r": 127.0}, "datetime": {"datetime": "2024-05-20 13:58:55", "elapsed": 1823.641652, "delta": 10.547486}}
{"target": 28.97257446976257, "params": {"h": 24.0, "p": 311.0, "r": 121.0}, "datetime": {"datetime": "2024-05-20 13:59:09", "elapsed": 1836.767409, "delta": 13.125757}}
{"target": 87.71096242866477, "params": {"h": 29.0, "p": 302.0, "r": 123.0}, "datetime": {"datetime": "2024-05-20 13:59:20", "elapsed": 1848.096188, "delta": 11.328779}}
{"target": 76.56055745077207, "params": {"h": 30.0, "p": 309.0, "r": 124.0}, "datetime": {"datetime": "2024-05-20 13:59:32", "elapsed": 1860.562483, "delta": 12.466295}}
