{"target": 112.33218179993331, "params": {"h": 30.0, "p": 306.0, "r": 126.0}, "datetime": {"datetime": "2024-05-12 17:10:55", "elapsed": 1571.536646, "delta": 11.43904}}
{"target": 96.73029831039334, "params": {"h": 33.0, "p": 316.0, "r": 128.0}, "datetime": {"datetime": "2024-05-12 17:11:07", "elapsed": 1583.282025, "delta": 11.745379}}
{"target": 25.04596755482656, "params": {"h": 34.0, "p": 324.0, "r": 133.0}, "datetime": {"datetime": "2024-05-12 17:11:19", "elapsed": 1595.630316, "delta": 12.348291}}
{"target": 56.41361970588485, "params": {"h": 38.0, "p": 312.0, "r": 129.0}, "datetime": {"datetime": "2024-05-12 17:11:30", "elapsed": 1606.179828, "delta": 10.549512}}
{"target": 30.792649835252877, "params": {"h": 33.0, "p": 305.0, "r": 124.0}, "datetime": {"datetime": "2024-05-12 17:11:42", "elapsed": 1618.209845, "delta": 12.030017}}
{"target": 33.534312769728736, "params": {"h": 38.0, "p": 324.0, "r": 135.0}, "datetime": {"datetime": "2024-05-12 17:11:54", "elapsed": 1630.327595, "delta": 12.11775}}
{"target": 109.05886045542461, "params": {"h": 28.0, "p": 300.0, "r": 124.0}, "datetime": {"datetime": "2024-05-12 17:12:07", "elapsed": 1643.145133, "delta": 12.817538}}
{"target": 25.96017147251509, "params": {"h": 28.0, "p": 317.0, "r": 129.0}, "datetime": {"datetime": "2024-05-12 17:12:18", "elapsed": 1654.369402, "delta": 11.224269}}
{"target": 38.23845804350024, "params": {"h": 30.0, "p": 328.0, "r": 127.0}, "datetime": {"datetime": "2024-05-12 17:12:31", "elapsed": 1666.750999, "delta": 12.381597}}
{"target": 77.03797757644244, "params": {"h": 33.0, "p": 313.0, "r": 127.0}, "datetime": {"datetime": "2024-05-12 17:12:42", "elapsed": 1678.140173, "delta": 11.389174}}
{"target": 94.47755941062645, "params": {"h": 32.0, "p": 315.0, "r": 128.0}, "datetime": {"datetime": "2024-05-12 17:12:54", "elapsed": 1689.943993, "delta": 11.80382}}
{"target": 84.30627000118363, "params": {"h": 35.0, "p": 312.0, "r": 129.0}, "datetime": {"datetime": "2024-05-12 17:13:07", "elapsed": 1702.744328, "delta": 12.800335}}
{"target": 0.0, "params": {"h": 37.0, "p": 312.0, "r": 133.0}, "datetime": {"datetime": "2024-05-12 17:13:07", "elapsed": 1703.058421, "delta": 0.314093}}
{"target": 0.0, "params": {"h": 45.0, "p": 321.0, "r": 147.0}, "datetime": {"datetime": "2024-05-12 17:13:07", "elapsed": 1703.373542, "delta": 0.315121}}
{"target": 54.65603265609956, "params": {"h": 35.0, "p": 314.0, "r": 128.0}, "datetime": {"datetime": "2024-05-12 17:13:19", "elapsed": 1715.336465, "delta": 11.962923}}
{"target": 87.42413828076818, "params": {"h": 31.0, "p": 317.0, "r": 126.0}, "datetime": {"datetime": "2024-05-12 17:13:32", "elapsed": 1727.92529, "delta": 12.588825}}
{"target": 112.46512893092753, "params": {"h": 28.0, "p": 300.0, "r": 123.0}, "datetime": {"datetime": "2024-05-12 17:13:32", "elapsed": 1728.316999, "delta": 0.391709}}
{"target": 80.19423607687078, "params": {"h": 28.0, "p": 311.0, "r": 122.0}, "datetime": {"datetime": "2024-05-12 17:13:44", "elapsed": 1740.562621, "delta": 12.245622}}
{"target": 52.548306492769946, "params": {"h": 26.0, "p": 312.0, "r": 119.0}, "datetime": {"datetime": "2024-05-12 17:13:57", "elapsed": 1753.178382, "delta": 12.615761}}
{"target": 22.37137211320991, "params": {"h": 44.0, "p": 311.0, "r": 128.0}, "datetime": {"datetime": "2024-05-12 17:14:09", "elapsed": 1764.873061, "delta": 11.694679}}
{"target": 85.75218265389802, "params": {"h": 32.0, "p": 311.0, "r": 129.0}, "datetime": {"datetime": "2024-05-12 17:14:20", "elapsed": 1776.461276, "delta": 11.588215}}
{"target": 100.60835629373805, "params": {"h": 27.0, "p": 297.0, "r": 121.0}, "datetime": {"datetime": "2024-05-12 17:14:32", "elapsed": 1788.260991, "delta": 11.799715}}
{"target": 78.82337349247142, "params": {"h": 30.0, "p": 305.0, "r": 124.0}, "datetime": {"datetime": "2024-05-12 17:14:44", "elapsed": 1800.097986, "delta": 11.836995}}
{"target": 27.68538694236354, "params": {"h": 42.0, "p": 324.0, "r": 137.0}, "datetime": {"datetime": "2024-05-12 17:14:55", "elapsed": 1811.433528, "delta": 11.335542}}
{"target": 68.19963358338761, "params": {"h": 30.0, "p": 323.0, "r": 126.0}, "datetime": {"datetime": "2024-05-12 17:15:08", "elapsed": 1824.344004, "delta": 12.910476}}
{"target": 47.92037783709987, "params": {"h": 33.0, "p": 317.0, "r": 126.0}, "datetime": {"datetime": "2024-05-12 17:15:20", "elapsed": 1836.604047, "delta": 12.260043}}
{"target": 85.89727988289327, "params": {"h": 30.0, "p": 308.0, "r": 127.0}, "datetime": {"datetime": "2024-05-12 17:15:33", "elapsed": 1849.282375, "delta": 12.678328}}
{"target": 17.546830190526503, "params": {"h": 24.0, "p": 322.0, "r": 123.0}, "datetime": {"datetime": "2024-05-12 17:15:46", "elapsed": 1861.951108, "delta": 12.668733}}
{"target": 8.285067080462138, "params": {"h": 36.0, "p": 361.0, "r": 125.0}, "datetime": {"datetime": "2024-05-12 17:15:59", "elapsed": 1875.241211, "delta": 13.290103}}
{"target": 73.2375767929784, "params": {"h": 32.0, "p": 309.0, "r": 126.0}, "datetime": {"datetime": "2024-05-12 17:16:12", "elapsed": 1887.80819, "delta": 12.566979}}
{"target": 0.0, "params": {"h": 27.0, "p": 293.0, "r": 122.0}, "datetime": {"datetime": "2024-05-12 17:16:12", "elapsed": 1888.34213, "delta": 0.53394}}
{"target": 0.0, "params": {"h": 46.0, "p": 318.0, "r": 136.0}, "datetime": {"datetime": "2024-05-12 17:16:13", "elapsed": 1888.726016, "delta": 0.383886}}
{"target": 19.65932606005198, "params": {"h": 27.0, "p": 323.0, "r": 129.0}, "datetime": {"datetime": "2024-05-12 17:16:25", "elapsed": 1900.968474, "delta": 12.242458}}
{"target": 103.74712383846976, "params": {"h": 31.0, "p": 306.0, "r": 126.0}, "datetime": {"datetime": "2024-05-12 17:16:36", "elapsed": 1912.391355, "delta": 11.422881}}
{"target": 79.4119673001167, "params": {"h": 33.0, "p": 314.0, "r": 130.0}, "datetime": {"datetime": "2024-05-12 17:16:48", "elapsed": 1924.104124, "delta": 11.712769}}
{"target": 1.304945108443127, "params": {"h": 55.0, "p": 812.0, "r": 90.0}, "datetime": {"datetime": "2024-05-12 17:17:26", "elapsed": 1962.415402, "delta": 38.311278}}
{"target": 42.8947805236308, "params": {"h": 30.0, "p": 323.0, "r": 123.0}, "datetime": {"datetime": "2024-05-12 17:17:39", "elapsed": 1974.964568, "delta": 12.549166}}
{"target": 0.0, "params": {"h": 31.0, "p": 156.0, "r": 141.0}, "datetime": {"datetime": "2024-05-12 17:17:39", "elapsed": 1975.370201, "delta": 0.405633}}
{"target": 112.86569430594855, "params": {"h": 31.0, "p": 303.0, "r": 126.0}, "datetime": {"datetime": "2024-05-12 17:17:51", "elapsed": 1987.045915, "delta": 11.675714}}
{"target": 70.07337745525282, "params": {"h": 30.0, "p": 314.0, "r": 127.0}, "datetime": {"datetime": "2024-05-12 17:18:03", "elapsed": 1999.256224, "delta": 12.210309}}
{"target": 1.0201764392980703, "params": {"h": 26.0, "p": 812.0, "r": 108.0}, "datetime": {"datetime": "2024-05-12 17:18:40", "elapsed": 2036.183675, "delta": 36.927451}}
{"target": 113.91183950339858, "params": {"h": 28.0, "p": 297.0, "r": 122.0}, "datetime": {"datetime": "2024-05-12 17:18:52", "elapsed": 2047.716993, "delta": 11.533318}}
{"target": 0.1683871488259281, "params": {"h": 53.0, "p": 769.0, "r": 25.0}, "datetime": {"datetime": "2024-05-12 17:19:49", "elapsed": 2105.629262, "delta": 57.912269}}
{"target": 1.4280043766743156, "params": {"h": 39.0, "p": 780.0, "r": 119.0}, "datetime": {"datetime": "2024-05-12 17:20:22", "elapsed": 2137.685618, "delta": 32.056356}}
{"target": 115.07360640240827, "params": {"h": 29.0, "p": 299.0, "r": 124.0}, "datetime": {"datetime": "2024-05-12 17:20:33", "elapsed": 2149.491562, "delta": 11.805944}}
{"target": 5.582946183076941, "params": {"h": 58.0, "p": 625.0, "r": 53.0}, "datetime": {"datetime": "2024-05-12 17:21:11", "elapsed": 2186.633859, "delta": 37.142297}}
{"target": 30.140279459206024, "params": {"h": 44.0, "p": 320.0, "r": 68.0}, "datetime": {"datetime": "2024-05-12 17:21:29", "elapsed": 2204.935686, "delta": 18.301827}}
{"target": 0.3295889015859638, "params": {"h": 49.0, "p": 967.0, "r": 32.0}, "datetime": {"datetime": "2024-05-12 17:22:37", "elapsed": 2273.039233, "delta": 68.103547}}
{"target": 40.14774581879611, "params": {"h": 32.0, "p": 318.0, "r": 131.0}, "datetime": {"datetime": "2024-05-12 17:22:49", "elapsed": 2284.794905, "delta": 11.755672}}
{"target": 63.564225166416534, "params": {"h": 34.0, "p": 324.0, "r": 128.0}, "datetime": {"datetime": "2024-05-12 17:23:01", "elapsed": 2296.818115, "delta": 12.02321}}
{"target": 0.905427898732862, "params": {"h": 56.0, "p": 563.0, "r": 32.0}, "datetime": {"datetime": "2024-05-12 17:23:41", "elapsed": 2337.044153, "delta": 40.226038}}
{"target": 3.7153956981242855, "params": {"h": 55.0, "p": 585.0, "r": 137.0}, "datetime": {"datetime": "2024-05-12 17:24:02", "elapsed": 2358.098558, "delta": 21.054405}}
{"target": 66.02965110541668, "params": {"h": 28.0, "p": 314.0, "r": 122.0}, "datetime": {"datetime": "2024-05-12 17:24:15", "elapsed": 2370.946785, "delta": 12.848227}}
{"target": 11.418462707116868, "params": {"h": 46.0, "p": 433.0, "r": 51.0}, "datetime": {"datetime": "2024-05-12 17:24:40", "elapsed": 2396.513535, "delta": 25.56675}}
{"target": 89.96081431514291, "params": {"h": 29.0, "p": 300.0, "r": 123.0}, "datetime": {"datetime": "2024-05-12 17:24:53", "elapsed": 2408.851322, "delta": 12.337787}}
{"target": 2.92039061011664, "params": {"h": 34.0, "p": 627.0, "r": 147.0}, "datetime": {"datetime": "2024-05-12 17:25:17", "elapsed": 2432.856134, "delta": 24.004812}}
{"target": 0.0, "params": {"h": 45.0, "p": 141.0, "r": 81.0}, "datetime": {"datetime": "2024-05-12 17:25:17", "elapsed": 2433.341126, "delta": 0.484992}}
{"target": 5.995037891383946, "params": {"h": 29.0, "p": 585.0, "r": 40.0}, "datetime": {"datetime": "2024-05-12 17:25:52", "elapsed": 2468.331952, "delta": 34.990826}}
{"target": 113.51392884165291, "params": {"h": 31.0, "p": 305.0, "r": 127.0}, "datetime": {"datetime": "2024-05-12 17:26:04", "elapsed": 2480.505292, "delta": 12.17334}}
{"target": 43.33780755602507, "params": {"h": 49.0, "p": 323.0, "r": 135.0}, "datetime": {"datetime": "2024-05-12 17:26:15", "elapsed": 2491.199409, "delta": 10.694117}}
{"target": 1.0264409040860565, "params": {"h": 49.0, "p": 404.0, "r": 28.0}, "datetime": {"datetime": "2024-05-12 17:26:50", "elapsed": 2526.30053, "delta": 35.101121}}
{"target": 3.241616160957413, "params": {"h": 34.0, "p": 461.0, "r": 98.0}, "datetime": {"datetime": "2024-05-12 17:27:08", "elapsed": 2544.571375, "delta": 18.270845}}
{"target": 2.31002014230859, "params": {"h": 35.0, "p": 837.0, "r": 40.0}, "datetime": {"datetime": "2024-05-12 17:27:57", "elapsed": 2592.96411, "delta": 48.392735}}
{"target": 101.9334409531755, "params": {"h": 35.0, "p": 316.0, "r": 131.0}, "datetime": {"datetime": "2024-05-12 17:28:09", "elapsed": 2605.428992, "delta": 12.464882}}
{"target": 24.088668348286728, "params": {"h": 39.0, "p": 338.0, "r": 133.0}, "datetime": {"datetime": "2024-05-12 17:28:21", "elapsed": 2617.4387, "delta": 12.009708}}
{"target": 16.751149612510726, "params": {"h": 42.0, "p": 373.0, "r": 52.0}, "datetime": {"datetime": "2024-05-12 17:28:43", "elapsed": 2639.527843, "delta": 22.089143}}
{"target": 66.28779280865197, "params": {"h": 32.0, "p": 316.0, "r": 129.0}, "datetime": {"datetime": "2024-05-12 17:28:55", "elapsed": 2651.271695, "delta": 11.743852}}
{"target": 117.30421953775341, "params": {"h": 29.0, "p": 301.0, "r": 124.0}, "datetime": {"datetime": "2024-05-12 17:29:07", "elapsed": 2663.451982, "delta": 12.180287}}
{"target": 56.789568570313854, "params": {"h": 36.0, "p": 317.0, "r": 133.0}, "datetime": {"datetime": "2024-05-12 17:29:19", "elapsed": 2674.870846, "delta": 11.418864}}
{"target": 63.51455498522488, "params": {"h": 22.0, "p": 180.0, "r": 50.0}, "datetime": {"datetime": "2024-05-12 17:29:32", "elapsed": 2688.293737, "delta": 13.422891}}
{"target": 61.55300709640559, "params": {"h": 22.0, "p": 176.0, "r": 50.0}, "datetime": {"datetime": "2024-05-12 17:29:46", "elapsed": 2702.18121, "delta": 13.887473}}
{"target": 57.264031647868734, "params": {"h": 29.0, "p": 317.0, "r": 123.0}, "datetime": {"datetime": "2024-05-12 17:29:58", "elapsed": 2714.095386, "delta": 11.914176}}
{"target": 55.26746790657381, "params": {"h": 19.0, "p": 174.0, "r": 50.0}, "datetime": {"datetime": "2024-05-12 17:30:11", "elapsed": 2727.400073, "delta": 13.304687}}
{"target": 52.45608312113616, "params": {"h": 25.0, "p": 176.0, "r": 53.0}, "datetime": {"datetime": "2024-05-12 17:30:25", "elapsed": 2740.708398, "delta": 13.308325}}
{"target": 43.01653612685079, "params": {"h": 18.0, "p": 180.0, "r": 53.0}, "datetime": {"datetime": "2024-05-12 17:30:37", "elapsed": 2753.318425, "delta": 12.610027}}
{"target": 59.21196648360938, "params": {"h": 25.0, "p": 185.0, "r": 52.0}, "datetime": {"datetime": "2024-05-12 17:30:51", "elapsed": 2767.501873, "delta": 14.183448}}
{"target": 69.23625365763898, "params": {"h": 23.0, "p": 177.0, "r": 47.0}, "datetime": {"datetime": "2024-05-12 17:31:06", "elapsed": 2781.665069, "delta": 14.163196}}
{"target": 58.79884857868498, "params": {"h": 26.0, "p": 177.0, "r": 48.0}, "datetime": {"datetime": "2024-05-12 17:31:20", "elapsed": 2796.042057, "delta": 14.376988}}
{"target": 81.32457224547798, "params": {"h": 21.0, "p": 180.0, "r": 45.0}, "datetime": {"datetime": "2024-05-12 17:31:35", "elapsed": 2810.87465, "delta": 14.832593}}
{"target": 60.098656855537655, "params": {"h": 25.0, "p": 178.0, "r": 44.0}, "datetime": {"datetime": "2024-05-12 17:31:50", "elapsed": 2825.926688, "delta": 15.052038}}
{"target": 48.809950319300036, "params": {"h": 25.0, "p": 182.0, "r": 41.0}, "datetime": {"datetime": "2024-05-12 17:32:06", "elapsed": 2841.835497, "delta": 15.908809}}
{"target": 72.56314051555839, "params": {"h": 23.0, "p": 182.0, "r": 47.0}, "datetime": {"datetime": "2024-05-12 17:32:19", "elapsed": 2855.40535, "delta": 13.569853}}
{"target": 87.59613338330958, "params": {"h": 20.0, "p": 180.0, "r": 41.0}, "datetime": {"datetime": "2024-05-12 17:32:34", "elapsed": 2870.478576, "delta": 15.073226}}
{"target": 88.80401163876137, "params": {"h": 16.0, "p": 174.0, "r": 41.0}, "datetime": {"datetime": "2024-05-12 17:32:48", "elapsed": 2884.29414, "delta": 13.815564}}
{"target": 97.3728089121292, "params": {"h": 18.0, "p": 180.0, "r": 42.0}, "datetime": {"datetime": "2024-05-12 17:33:04", "elapsed": 2899.882872, "delta": 15.588732}}
{"target": 45.348245944796695, "params": {"h": 15.0, "p": 178.0, "r": 46.0}, "datetime": {"datetime": "2024-05-12 17:33:18", "elapsed": 2913.995927, "delta": 14.113055}}
{"target": 109.41170673475787, "params": {"h": 17.0, "p": 182.0, "r": 37.0}, "datetime": {"datetime": "2024-05-12 17:33:34", "elapsed": 2930.228995, "delta": 16.233068}}
{"target": 120.89136238013266, "params": {"h": 16.0, "p": 180.0, "r": 38.0}, "datetime": {"datetime": "2024-05-12 17:33:49", "elapsed": 2945.616108, "delta": 15.387113}}
{"target": 76.41441691259925, "params": {"h": 18.0, "p": 179.0, "r": 36.0}, "datetime": {"datetime": "2024-05-12 17:34:05", "elapsed": 2961.539222, "delta": 15.923114}}
{"target": 90.72743197819038, "params": {"h": 16.0, "p": 180.0, "r": 41.0}, "datetime": {"datetime": "2024-05-12 17:34:20", "elapsed": 2976.242737, "delta": 14.703515}}
{"target": 72.14406325741489, "params": {"h": 16.0, "p": 177.0, "r": 43.0}, "datetime": {"datetime": "2024-05-12 17:34:35", "elapsed": 2991.515775, "delta": 15.273038}}
{"target": 98.39167722472756, "params": {"h": 17.0, "p": 183.0, "r": 36.0}, "datetime": {"datetime": "2024-05-12 17:34:51", "elapsed": 3007.33541, "delta": 15.819635}}
{"target": 89.68892409775358, "params": {"h": 16.0, "p": 177.0, "r": 41.0}, "datetime": {"datetime": "2024-05-12 17:35:05", "elapsed": 3021.514051, "delta": 14.178641}}
{"target": 86.3075448590956, "params": {"h": 18.0, "p": 175.0, "r": 37.0}, "datetime": {"datetime": "2024-05-12 17:35:21", "elapsed": 3037.569672, "delta": 16.055621}}
{"target": 112.71701887179539, "params": {"h": 16.0, "p": 181.0, "r": 39.0}, "datetime": {"datetime": "2024-05-12 17:35:37", "elapsed": 3053.284402, "delta": 15.71473}}
{"target": 85.07311610686195, "params": {"h": 15.0, "p": 175.0, "r": 40.0}, "datetime": {"datetime": "2024-05-12 17:35:52", "elapsed": 3067.784707, "delta": 14.500305}}
{"target": 48.97418012505783, "params": {"h": 21.0, "p": 183.0, "r": 37.0}, "datetime": {"datetime": "2024-05-12 17:36:08", "elapsed": 3084.583255, "delta": 16.798548}}
{"target": 94.39320692601876, "params": {"h": 19.0, "p": 178.0, "r": 42.0}, "datetime": {"datetime": "2024-05-12 17:36:23", "elapsed": 3099.395212, "delta": 14.811957}}
{"target": 101.63001301046039, "params": {"h": 19.0, "p": 185.0, "r": 41.0}, "datetime": {"datetime": "2024-05-12 17:36:39", "elapsed": 3115.240994, "delta": 15.845782}}
{"target": 74.46114320355557, "params": {"h": 23.0, "p": 184.0, "r": 44.0}, "datetime": {"datetime": "2024-05-12 17:36:54", "elapsed": 3130.411231, "delta": 15.170237}}
{"target": 84.43678424621119, "params": {"h": 21.0, "p": 182.0, "r": 43.0}, "datetime": {"datetime": "2024-05-12 17:37:10", "elapsed": 3145.727619, "delta": 15.316388}}
{"target": 90.36682377966966, "params": {"h": 19.0, "p": 173.0, "r": 42.0}, "datetime": {"datetime": "2024-05-12 17:37:24", "elapsed": 3160.382762, "delta": 14.655143}}
{"target": 96.95671344384736, "params": {"h": 28.0, "p": 298.0, "r": 122.0}, "datetime": {"datetime": "2024-05-12 17:37:36", "elapsed": 3172.597622, "delta": 12.21486}}
{"target": 86.53985688617776, "params": {"h": 20.0, "p": 186.0, "r": 40.0}, "datetime": {"datetime": "2024-05-12 17:37:52", "elapsed": 3188.448464, "delta": 15.850842}}
{"target": 124.34691444817796, "params": {"h": 16.0, "p": 180.0, "r": 37.0}, "datetime": {"datetime": "2024-05-12 17:38:09", "elapsed": 3204.704647, "delta": 16.256183}}
{"target": 103.55809188871406, "params": {"h": 19.0, "p": 188.0, "r": 41.0}, "datetime": {"datetime": "2024-05-12 17:38:25", "elapsed": 3220.670365, "delta": 15.965718}}
{"target": 98.521716090839, "params": {"h": 20.0, "p": 192.0, "r": 43.0}, "datetime": {"datetime": "2024-05-12 17:38:41", "elapsed": 3237.367454, "delta": 16.697089}}
{"target": 106.30156416250503, "params": {"h": 17.0, "p": 177.0, "r": 37.0}, "datetime": {"datetime": "2024-05-12 17:38:57", "elapsed": 3253.084705, "delta": 15.717251}}
{"target": 85.01901325378401, "params": {"h": 17.0, "p": 191.0, "r": 43.0}, "datetime": {"datetime": "2024-05-12 17:39:12", "elapsed": 3267.912063, "delta": 14.827358}}
{"target": 86.61802304704239, "params": {"h": 22.0, "p": 192.0, "r": 45.0}, "datetime": {"datetime": "2024-05-12 17:39:27", "elapsed": 3283.294953, "delta": 15.38289}}
{"target": 111.32436817962564, "params": {"h": 15.0, "p": 181.0, "r": 38.0}, "datetime": {"datetime": "2024-05-12 17:39:43", "elapsed": 3298.664518, "delta": 15.369565}}
{"target": 110.56490343619474, "params": {"h": 17.0, "p": 176.0, "r": 39.0}, "datetime": {"datetime": "2024-05-12 17:39:58", "elapsed": 3314.004322, "delta": 15.339804}}
{"target": 76.3397918668663, "params": {"h": 19.0, "p": 182.0, "r": 46.0}, "datetime": {"datetime": "2024-05-12 17:40:13", "elapsed": 3328.851758, "delta": 14.847436}}
{"target": 71.88399195008493, "params": {"h": 16.0, "p": 184.0, "r": 43.0}, "datetime": {"datetime": "2024-05-12 17:40:28", "elapsed": 3343.682398, "delta": 14.83064}}
{"target": 98.47293072329205, "params": {"h": 18.0, "p": 182.0, "r": 42.0}, "datetime": {"datetime": "2024-05-12 17:40:43", "elapsed": 3359.13843, "delta": 15.456032}}
{"target": 120.64075320896197, "params": {"h": 16.0, "p": 181.0, "r": 36.0}, "datetime": {"datetime": "2024-05-12 17:41:00", "elapsed": 3376.009573, "delta": 16.871143}}
{"target": 77.46115908608108, "params": {"h": 20.0, "p": 170.0, "r": 40.0}, "datetime": {"datetime": "2024-05-12 17:41:15", "elapsed": 3390.83281, "delta": 14.823237}}
{"target": 66.7421818093699, "params": {"h": 20.0, "p": 176.0, "r": 38.0}, "datetime": {"datetime": "2024-05-12 17:41:31", "elapsed": 3407.416158, "delta": 16.583348}}
{"target": 98.98808021120958, "params": {"h": 18.0, "p": 175.0, "r": 41.0}, "datetime": {"datetime": "2024-05-12 17:41:46", "elapsed": 3422.205457, "delta": 14.789299}}
{"target": 73.60127185544985, "params": {"h": 15.0, "p": 185.0, "r": 41.0}, "datetime": {"datetime": "2024-05-12 17:42:01", "elapsed": 3437.313701, "delta": 15.108244}}
