{"target": 73.4573137755098, "params": {"h": 24.0, "p": 296.0, "r": 40.0}, "datetime": {"datetime": "2024-05-20 16:32:45", "elapsed": 2548.016532, "delta": 22.345037}}
{"target": 156.65548355237158, "params": {"h": 24.0, "p": 317.0, "r": 42.0}, "datetime": {"datetime": "2024-05-20 16:33:05", "elapsed": 2568.567471, "delta": 20.550939}}
{"target": 113.20827713965011, "params": {"h": 22.0, "p": 305.0, "r": 44.0}, "datetime": {"datetime": "2024-05-20 16:33:25", "elapsed": 2587.927647, "delta": 19.360176}}
{"target": 128.6620004219717, "params": {"h": 21.0, "p": 294.0, "r": 43.0}, "datetime": {"datetime": "2024-05-20 16:33:43", "elapsed": 2605.912983, "delta": 17.985336}}
{"target": 161.49898246745275, "params": {"h": 21.0, "p": 319.0, "r": 41.0}, "datetime": {"datetime": "2024-05-20 16:34:03", "elapsed": 2625.851572, "delta": 19.938589}}
{"target": 111.94924222794819, "params": {"h": 23.0, "p": 325.0, "r": 44.0}, "datetime": {"datetime": "2024-05-20 16:34:24", "elapsed": 2647.157788, "delta": 21.306216}}
{"target": 67.68059524625089, "params": {"h": 32.0, "p": 309.0, "r": 54.0}, "datetime": {"datetime": "2024-05-20 16:34:43", "elapsed": 2665.846528, "delta": 18.68874}}
{"target": 123.30708508067451, "params": {"h": 33.0, "p": 315.0, "r": 49.0}, "datetime": {"datetime": "2024-05-20 16:35:03", "elapsed": 2685.784873, "delta": 19.938345}}
{"target": 116.7453085773042, "params": {"h": 37.0, "p": 317.0, "r": 50.0}, "datetime": {"datetime": "2024-05-20 16:35:23", "elapsed": 2706.551653, "delta": 20.76678}}
{"target": 173.9944917165146, "params": {"h": 21.0, "p": 318.0, "r": 40.0}, "datetime": {"datetime": "2024-05-20 16:35:45", "elapsed": 2728.623249, "delta": 22.071596}}
{"target": 114.31759381852383, "params": {"h": 37.0, "p": 313.0, "r": 50.0}, "datetime": {"datetime": "2024-05-20 16:36:06", "elapsed": 2749.296266, "delta": 20.673017}}
{"target": 107.24919709865775, "params": {"h": 23.0, "p": 310.0, "r": 45.0}, "datetime": {"datetime": "2024-05-20 16:36:26", "elapsed": 2769.703923, "delta": 20.407657}}
{"target": 128.11211162951633, "params": {"h": 27.0, "p": 302.0, "r": 47.0}, "datetime": {"datetime": "2024-05-20 16:36:46", "elapsed": 2789.485998, "delta": 19.782075}}
{"target": 104.32406525908438, "params": {"h": 35.0, "p": 315.0, "r": 47.0}, "datetime": {"datetime": "2024-05-20 16:37:08", "elapsed": 2811.738834, "delta": 22.252836}}
{"target": 94.50309062506224, "params": {"h": 40.0, "p": 325.0, "r": 53.0}, "datetime": {"datetime": "2024-05-20 16:37:28", "elapsed": 2831.646215, "delta": 19.907381}}
{"target": 81.21303316064233, "params": {"h": 33.0, "p": 321.0, "r": 52.0}, "datetime": {"datetime": "2024-05-20 16:37:47", "elapsed": 2850.162861, "delta": 18.516646}}
{"target": 167.16931063622354, "params": {"h": 21.0, "p": 303.0, "r": 41.0}, "datetime": {"datetime": "2024-05-20 16:38:08", "elapsed": 2871.395464, "delta": 21.232603}}
{"target": 169.21350786076317, "params": {"h": 20.0, "p": 308.0, "r": 39.0}, "datetime": {"datetime": "2024-05-20 16:38:28", "elapsed": 2891.303068, "delta": 19.907604}}
{"target": 51.093934927369624, "params": {"h": 26.0, "p": 331.0, "r": 49.0}, "datetime": {"datetime": "2024-05-20 16:38:47", "elapsed": 2910.225794, "delta": 18.922726}}
{"target": 128.79176526742333, "params": {"h": 31.0, "p": 312.0, "r": 48.0}, "datetime": {"datetime": "2024-05-20 16:39:07", "elapsed": 2929.851903, "delta": 19.626109}}
{"target": 88.92035312733701, "params": {"h": 47.0, "p": 314.0, "r": 51.0}, "datetime": {"datetime": "2024-05-20 16:39:29", "elapsed": 2952.171055, "delta": 22.319152}}
{"target": 158.73879377343926, "params": {"h": 21.0, "p": 301.0, "r": 40.0}, "datetime": {"datetime": "2024-05-20 16:39:52", "elapsed": 2975.250871, "delta": 23.079816}}
{"target": 151.63092649439463, "params": {"h": 20.0, "p": 303.0, "r": 41.0}, "datetime": {"datetime": "2024-05-20 16:40:11", "elapsed": 2994.173821, "delta": 18.92295}}
{"target": 4.4202742366181385, "params": {"h": 29.0, "p": 486.0, "r": 65.0}, "datetime": {"datetime": "2024-05-20 16:40:34", "elapsed": 3017.057917, "delta": 22.884096}}
{"target": 58.63911704565198, "params": {"h": 37.0, "p": 315.0, "r": 57.0}, "datetime": {"datetime": "2024-05-20 16:40:54", "elapsed": 3037.407177, "delta": 20.34926}}
{"target": 168.42536822708635, "params": {"h": 18.0, "p": 314.0, "r": 38.0}, "datetime": {"datetime": "2024-05-20 16:41:15", "elapsed": 3058.611528, "delta": 21.204351}}
{"target": 1.7050103228315363, "params": {"h": 32.0, "p": 218.0, "r": 24.0}, "datetime": {"datetime": "2024-05-20 16:41:43", "elapsed": 3086.195834, "delta": 27.584306}}
{"target": 42.11343919977439, "params": {"h": 44.0, "p": 318.0, "r": 45.0}, "datetime": {"datetime": "2024-05-20 16:42:05", "elapsed": 3108.493982, "delta": 22.298148}}
{"target": 188.6970838675016, "params": {"h": 17.0, "p": 315.0, "r": 36.0}, "datetime": {"datetime": "2024-05-20 16:42:25", "elapsed": 3128.694349, "delta": 20.200367}}
{"target": 153.48841719286452, "params": {"h": 23.0, "p": 317.0, "r": 41.0}, "datetime": {"datetime": "2024-05-20 16:42:45", "elapsed": 3148.601756, "delta": 19.907407}}
{"target": 2.2596477606600356, "params": {"h": 49.0, "p": 580.0, "r": 108.0}, "datetime": {"datetime": "2024-05-20 16:43:09", "elapsed": 3172.60313, "delta": 24.001374}}
{"target": 65.2731133740117, "params": {"h": 23.0, "p": 174.0, "r": 48.0}, "datetime": {"datetime": "2024-05-20 16:43:24", "elapsed": 3187.015968, "delta": 14.412838}}
{"target": 0.9153278237645699, "params": {"h": 36.0, "p": 990.0, "r": 81.0}, "datetime": {"datetime": "2024-05-20 16:44:20", "elapsed": 3242.779398, "delta": 55.76343}}
{"target": 9.343810956298949, "params": {"h": 27.0, "p": 620.0, "r": 46.0}, "datetime": {"datetime": "2024-05-20 16:44:53", "elapsed": 3276.244175, "delta": 33.464777}}
{"target": 120.05971337013999, "params": {"h": 21.0, "p": 322.0, "r": 42.0}, "datetime": {"datetime": "2024-05-20 16:45:15", "elapsed": 3297.886042, "delta": 21.641867}}
{"target": 148.16948559413038, "params": {"h": 18.0, "p": 316.0, "r": 36.0}, "datetime": {"datetime": "2024-05-20 16:45:34", "elapsed": 3317.168383, "delta": 19.282341}}
{"target": 1.0497040244304299, "params": {"h": 35.0, "p": 915.0, "r": 78.0}, "datetime": {"datetime": "2024-05-20 16:46:21", "elapsed": 3363.914017, "delta": 46.745634}}
{"target": 22.685781117641945, "params": {"h": 54.0, "p": 343.0, "r": 67.0}, "datetime": {"datetime": "2024-05-20 16:46:40", "elapsed": 3383.477642, "delta": 19.563625}}
{"target": 0.0, "params": {"h": 30.0, "p": 228.0, "r": 105.0}, "datetime": {"datetime": "2024-05-20 16:46:41", "elapsed": 3384.087033, "delta": 0.609391}}
{"target": 175.70717536583024, "params": {"h": 18.0, "p": 310.0, "r": 38.0}, "datetime": {"datetime": "2024-05-20 16:47:02", "elapsed": 3405.173883, "delta": 21.08685}}
{"target": 1.0275409720775606, "params": {"h": 30.0, "p": 935.0, "r": 137.0}, "datetime": {"datetime": "2024-05-20 16:47:51", "elapsed": 3454.424007, "delta": 49.250124}}
{"target": 0.0, "params": {"h": 48.0, "p": 158.0, "r": 110.0}, "datetime": {"datetime": "2024-05-20 16:47:52", "elapsed": 3454.814636, "delta": 0.390629}}
{"target": 77.04570684717831, "params": {"h": 45.0, "p": 332.0, "r": 55.0}, "datetime": {"datetime": "2024-05-20 16:48:12", "elapsed": 3475.300209, "delta": 20.485573}}
{"target": 0.1575400062448952, "params": {"h": 41.0, "p": 555.0, "r": 21.0}, "datetime": {"datetime": "2024-05-20 16:48:58", "elapsed": 3521.555303, "delta": 46.255094}}
{"target": 0.08319511069559583, "params": {"h": 24.0, "p": 740.0, "r": 20.0}, "datetime": {"datetime": "2024-05-20 16:49:50", "elapsed": 3573.711439, "delta": 52.156136}}
{"target": 7.852245877873677, "params": {"h": 54.0, "p": 410.0, "r": 129.0}, "datetime": {"datetime": "2024-05-20 16:50:06", "elapsed": 3589.718097, "delta": 16.006658}}
{"target": 58.35813096133915, "params": {"h": 26.0, "p": 272.0, "r": 41.0}, "datetime": {"datetime": "2024-05-20 16:50:26", "elapsed": 3609.749337, "delta": 20.03124}}
{"target": 79.07541960443065, "params": {"h": 34.0, "p": 297.0, "r": 46.0}, "datetime": {"datetime": "2024-05-20 16:50:46", "elapsed": 3629.703546, "delta": 19.954209}}
{"target": 0.05019275321301845, "params": {"h": 31.0, "p": 818.0, "r": 19.0}, "datetime": {"datetime": "2024-05-20 16:51:49", "elapsed": 3692.409088, "delta": 62.705542}}
{"target": 2.003683139144757, "params": {"h": 57.0, "p": 718.0, "r": 86.0}, "datetime": {"datetime": "2024-05-20 16:52:24", "elapsed": 3726.949751, "delta": 34.540663}}
{"target": 1.3659699939795436, "params": {"h": 49.0, "p": 820.0, "r": 134.0}, "datetime": {"datetime": "2024-05-20 16:52:59", "elapsed": 3762.212339, "delta": 35.262588}}
{"target": 162.17192360096837, "params": {"h": 20.0, "p": 304.0, "r": 39.0}, "datetime": {"datetime": "2024-05-20 16:53:21", "elapsed": 3784.74853, "delta": 22.536191}}
{"target": 18.68994796018189, "params": {"h": 53.0, "p": 358.0, "r": 148.0}, "datetime": {"datetime": "2024-05-20 16:53:33", "elapsed": 3796.483545, "delta": 11.735015}}
{"target": 2.027942782392837, "params": {"h": 18.0, "p": 714.0, "r": 141.0}, "datetime": {"datetime": "2024-05-20 16:54:14", "elapsed": 3837.737636, "delta": 41.254091}}
{"target": 63.71058488395451, "params": {"h": 58.0, "p": 316.0, "r": 62.0}, "datetime": {"datetime": "2024-05-20 16:54:34", "elapsed": 3857.223553, "delta": 19.485917}}
{"target": 2.8235338936006045, "params": {"h": 57.0, "p": 864.0, "r": 54.0}, "datetime": {"datetime": "2024-05-20 16:55:30", "elapsed": 3913.183045, "delta": 55.959492}}
{"target": 0.0, "params": {"h": 34.0, "p": 264.0, "r": 146.0}, "datetime": {"datetime": "2024-05-20 16:55:31", "elapsed": 3913.808061, "delta": 0.625016}}
{"target": 0.0, "params": {"h": 20.0, "p": 101.0, "r": 143.0}, "datetime": {"datetime": "2024-05-20 16:55:31", "elapsed": 3914.276839, "delta": 0.468778}}
{"target": 76.08933162368865, "params": {"h": 52.0, "p": 306.0, "r": 52.0}, "datetime": {"datetime": "2024-05-20 16:55:52", "elapsed": 3935.371802, "delta": 21.094963}}
{"target": 3.6913394623614204, "params": {"h": 28.0, "p": 541.0, "r": 142.0}, "datetime": {"datetime": "2024-05-20 16:56:12", "elapsed": 3955.732604, "delta": 20.360802}}
{"target": 1.0901647123178797, "params": {"h": 19.0, "p": 987.0, "r": 147.0}, "datetime": {"datetime": "2024-05-20 16:57:14", "elapsed": 4017.144684, "delta": 61.41208}}
{"target": 3.1159328981859593, "params": {"h": 38.0, "p": 630.0, "r": 149.0}, "datetime": {"datetime": "2024-05-20 16:57:37", "elapsed": 4040.677275, "delta": 23.532591}}
{"target": 77.06288636598849, "params": {"h": 40.0, "p": 295.0, "r": 57.0}, "datetime": {"datetime": "2024-05-20 16:57:56", "elapsed": 4059.303321, "delta": 18.626046}}
{"target": 0.0, "params": {"h": 55.0, "p": 101.0, "r": 99.0}, "datetime": {"datetime": "2024-05-20 16:57:57", "elapsed": 4059.881477, "delta": 0.578156}}
{"target": 116.29864602780194, "params": {"h": 23.0, "p": 301.0, "r": 45.0}, "datetime": {"datetime": "2024-05-20 16:58:15", "elapsed": 4078.601298, "delta": 18.719821}}
{"target": 0.29901337299356273, "params": {"h": 59.0, "p": 449.0, "r": 22.0}, "datetime": {"datetime": "2024-05-20 16:59:03", "elapsed": 4126.219346, "delta": 47.618048}}
{"target": 115.58423084199357, "params": {"h": 25.0, "p": 292.0, "r": 47.0}, "datetime": {"datetime": "2024-05-20 16:59:21", "elapsed": 4144.314115, "delta": 18.094769}}
{"target": 122.74570812969282, "params": {"h": 28.0, "p": 285.0, "r": 47.0}, "datetime": {"datetime": "2024-05-20 16:59:39", "elapsed": 4162.533908, "delta": 18.219793}}
{"target": 122.51959898616407, "params": {"h": 28.0, "p": 290.0, "r": 46.0}, "datetime": {"datetime": "2024-05-20 16:59:59", "elapsed": 4182.106857, "delta": 19.572949}}
{"target": 91.59783761263346, "params": {"h": 17.0, "p": 313.0, "r": 34.0}, "datetime": {"datetime": "2024-05-20 17:00:21", "elapsed": 4204.444787, "delta": 22.33793}}
{"target": 105.51674810543453, "params": {"h": 29.0, "p": 289.0, "r": 50.0}, "datetime": {"datetime": "2024-05-20 17:00:39", "elapsed": 4221.820767, "delta": 17.37598}}
{"target": 37.48130727019416, "params": {"h": 32.0, "p": 283.0, "r": 42.0}, "datetime": {"datetime": "2024-05-20 17:00:59", "elapsed": 4242.431325, "delta": 20.610558}}
{"target": 101.25253796492959, "params": {"h": 25.0, "p": 289.0, "r": 48.0}, "datetime": {"datetime": "2024-05-20 17:01:18", "elapsed": 4261.178422, "delta": 18.747097}}
{"target": 157.52275085982143, "params": {"h": 20.0, "p": 292.0, "r": 41.0}, "datetime": {"datetime": "2024-05-20 17:01:35", "elapsed": 4278.585671, "delta": 17.407249}}
{"target": 180.5963888583857, "params": {"h": 16.0, "p": 288.0, "r": 36.0}, "datetime": {"datetime": "2024-05-20 17:01:56", "elapsed": 4298.903487, "delta": 20.317816}}
{"target": 64.83525491944165, "params": {"h": 23.0, "p": 284.0, "r": 39.0}, "datetime": {"datetime": "2024-05-20 17:02:16", "elapsed": 4319.107791, "delta": 20.204304}}
{"target": 41.00290875434248, "params": {"h": 21.0, "p": 288.0, "r": 36.0}, "datetime": {"datetime": "2024-05-20 17:02:36", "elapsed": 4339.296435, "delta": 20.188644}}
{"target": 171.76361029778533, "params": {"h": 19.0, "p": 309.0, "r": 38.0}, "datetime": {"datetime": "2024-05-20 17:02:57", "elapsed": 4360.425035, "delta": 21.1286}}
{"target": 170.31163147101947, "params": {"h": 17.0, "p": 291.0, "r": 36.0}, "datetime": {"datetime": "2024-05-20 17:03:17", "elapsed": 4379.910531, "delta": 19.485496}}
{"target": 95.9371143474604, "params": {"h": 32.0, "p": 288.0, "r": 47.0}, "datetime": {"datetime": "2024-05-20 17:03:36", "elapsed": 4398.833721, "delta": 18.92319}}
{"target": 6.472017585755542, "params": {"h": 16.0, "p": 287.0, "r": 27.0}, "datetime": {"datetime": "2024-05-20 17:03:56", "elapsed": 4419.490933, "delta": 20.657212}}
{"target": 171.92520840471954, "params": {"h": 16.0, "p": 279.0, "r": 35.0}, "datetime": {"datetime": "2024-05-20 17:04:17", "elapsed": 4440.273923, "delta": 20.78299}}
{"target": 95.12468662923295, "params": {"h": 18.0, "p": 289.0, "r": 41.0}, "datetime": {"datetime": "2024-05-20 17:04:34", "elapsed": 4457.665532, "delta": 17.391609}}
{"target": 157.97101741565638, "params": {"h": 16.0, "p": 315.0, "r": 34.0}, "datetime": {"datetime": "2024-05-20 17:04:55", "elapsed": 4478.604256, "delta": 20.938724}}
{"target": 81.0175411290105, "params": {"h": 15.0, "p": 288.0, "r": 37.0}, "datetime": {"datetime": "2024-05-20 17:05:15", "elapsed": 4498.746041, "delta": 20.141785}}
{"target": 24.99543455628908, "params": {"h": 15.0, "p": 276.0, "r": 43.0}, "datetime": {"datetime": "2024-05-20 17:05:33", "elapsed": 4516.309769, "delta": 17.563728}}
{"target": 121.03294380907381, "params": {"h": 16.0, "p": 278.0, "r": 34.0}, "datetime": {"datetime": "2024-05-20 17:05:52", "elapsed": 4535.371678, "delta": 19.061909}}
{"target": 32.2251489519086, "params": {"h": 18.0, "p": 288.0, "r": 33.0}, "datetime": {"datetime": "2024-05-20 17:06:15", "elapsed": 4558.376642, "delta": 23.004964}}
{"target": 189.12390652988935, "params": {"h": 15.0, "p": 287.0, "r": 34.0}, "datetime": {"datetime": "2024-05-20 17:06:35", "elapsed": 4578.034007, "delta": 19.657365}}
{"target": 107.52357888602062, "params": {"h": 18.0, "p": 278.0, "r": 36.0}, "datetime": {"datetime": "2024-05-20 17:06:54", "elapsed": 4597.61326, "delta": 19.579253}}
{"target": 175.95167488019925, "params": {"h": 19.0, "p": 302.0, "r": 39.0}, "datetime": {"datetime": "2024-05-20 17:07:16", "elapsed": 4619.257495, "delta": 21.644235}}
{"target": 32.80421606255267, "params": {"h": 18.0, "p": 283.0, "r": 33.0}, "datetime": {"datetime": "2024-05-20 17:07:38", "elapsed": 4640.776613, "delta": 21.519118}}
{"target": 182.96207239534345, "params": {"h": 16.0, "p": 292.0, "r": 35.0}, "datetime": {"datetime": "2024-05-20 17:07:58", "elapsed": 4660.93397, "delta": 20.157357}}
{"target": 77.15043856333878, "params": {"h": 18.0, "p": 295.0, "r": 35.0}, "datetime": {"datetime": "2024-05-20 17:08:18", "elapsed": 4681.590301, "delta": 20.656331}}
{"target": 76.32435402746165, "params": {"h": 27.0, "p": 281.0, "r": 52.0}, "datetime": {"datetime": "2024-05-20 17:08:36", "elapsed": 4699.685064, "delta": 18.094763}}
{"target": 123.13615273883842, "params": {"h": 25.0, "p": 305.0, "r": 46.0}, "datetime": {"datetime": "2024-05-20 17:08:55", "elapsed": 4718.420508, "delta": 18.735444}}
{"target": 173.8624245734453, "params": {"h": 16.0, "p": 282.0, "r": 35.0}, "datetime": {"datetime": "2024-05-20 17:09:15", "elapsed": 4738.515371, "delta": 20.094863}}
{"target": 150.15621689505454, "params": {"h": 15.0, "p": 289.0, "r": 33.0}, "datetime": {"datetime": "2024-05-20 17:09:35", "elapsed": 4758.485771, "delta": 19.9704}}
{"target": 138.45412173579382, "params": {"h": 27.0, "p": 325.0, "r": 43.0}, "datetime": {"datetime": "2024-05-20 17:09:58", "elapsed": 4781.015264, "delta": 22.529493}}
{"target": 50.70580324696609, "params": {"h": 30.0, "p": 326.0, "r": 41.0}, "datetime": {"datetime": "2024-05-20 17:10:20", "elapsed": 4803.12589, "delta": 22.110626}}
{"target": 51.513430435915325, "params": {"h": 23.0, "p": 295.0, "r": 50.0}, "datetime": {"datetime": "2024-05-20 17:10:38", "elapsed": 4821.376906, "delta": 18.251016}}
{"target": 0.05171309196611492, "params": {"h": 56.0, "p": 982.0, "r": 21.0}, "datetime": {"datetime": "2024-05-20 17:12:08", "elapsed": 4911.152463, "delta": 89.775557}}
{"target": 104.72191367717473, "params": {"h": 18.0, "p": 307.0, "r": 40.0}, "datetime": {"datetime": "2024-05-20 17:12:27", "elapsed": 4930.497297, "delta": 19.344834}}
{"target": 3.086721190498858, "params": {"h": 59.0, "p": 765.0, "r": 142.0}, "datetime": {"datetime": "2024-05-20 17:12:58", "elapsed": 4961.467833, "delta": 30.970536}}
{"target": 162.01347940269406, "params": {"h": 19.0, "p": 299.0, "r": 38.0}, "datetime": {"datetime": "2024-05-20 17:13:18", "elapsed": 4980.828314, "delta": 19.360481}}
{"target": 176.18795638136308, "params": {"h": 19.0, "p": 300.0, "r": 39.0}, "datetime": {"datetime": "2024-05-20 17:13:36", "elapsed": 4999.454362, "delta": 18.626048}}
{"target": 124.41712175329984, "params": {"h": 29.0, "p": 294.0, "r": 47.0}, "datetime": {"datetime": "2024-05-20 17:13:57", "elapsed": 5020.025343, "delta": 20.570981}}
{"target": 164.7216077743048, "params": {"h": 15.0, "p": 287.0, "r": 35.0}, "datetime": {"datetime": "2024-05-20 17:14:15", "elapsed": 5038.213866, "delta": 18.188523}}
{"target": 54.92711031937903, "params": {"h": 20.0, "p": 300.0, "r": 36.0}, "datetime": {"datetime": "2024-05-20 17:14:37", "elapsed": 5059.949504, "delta": 21.735638}}
{"target": 169.65671500272794, "params": {"h": 16.0, "p": 299.0, "r": 36.0}, "datetime": {"datetime": "2024-05-20 17:14:58", "elapsed": 5080.972344, "delta": 21.02284}}
{"target": 124.34318115578684, "params": {"h": 24.0, "p": 282.0, "r": 46.0}, "datetime": {"datetime": "2024-05-20 17:15:16", "elapsed": 5099.082741, "delta": 18.110397}}
{"target": 187.3606700109365, "params": {"h": 15.0, "p": 283.0, "r": 34.0}, "datetime": {"datetime": "2024-05-20 17:15:37", "elapsed": 5120.599618, "delta": 21.516877}}
{"target": 64.48900079336393, "params": {"h": 16.0, "p": 298.0, "r": 39.0}, "datetime": {"datetime": "2024-05-20 17:15:57", "elapsed": 5139.788202, "delta": 19.188584}}
{"target": 129.7500987793406, "params": {"h": 27.0, "p": 324.0, "r": 46.0}, "datetime": {"datetime": "2024-05-20 17:16:16", "elapsed": 5159.008055, "delta": 19.219853}}
{"target": 57.89365447033896, "params": {"h": 23.0, "p": 285.0, "r": 50.0}, "datetime": {"datetime": "2024-05-20 17:16:35", "elapsed": 5178.111201, "delta": 19.103146}}
{"target": 181.0529746749911, "params": {"h": 16.0, "p": 289.0, "r": 35.0}, "datetime": {"datetime": "2024-05-20 17:16:55", "elapsed": 5198.00297, "delta": 19.891769}}
{"target": 189.52426612141866, "params": {"h": 16.0, "p": 320.0, "r": 35.0}, "datetime": {"datetime": "2024-05-20 17:17:15", "elapsed": 5217.988475, "delta": 19.985505}}
{"target": 123.61914177654396, "params": {"h": 17.0, "p": 282.0, "r": 39.0}, "datetime": {"datetime": "2024-05-20 17:17:32", "elapsed": 5235.583238, "delta": 17.594763}}
{"target": 156.80331103701246, "params": {"h": 18.0, "p": 287.0, "r": 37.0}, "datetime": {"datetime": "2024-05-20 17:17:51", "elapsed": 5254.596957, "delta": 19.013719}}
{"target": 5.228725897930046, "params": {"h": 57.0, "p": 425.0, "r": 74.0}, "datetime": {"datetime": "2024-05-20 17:18:15", "elapsed": 5278.553831, "delta": 23.956874}}
{"target": 0.10767132007839696, "params": {"h": 49.0, "p": 378.0, "r": 15.0}, "datetime": {"datetime": "2024-05-20 17:19:13", "elapsed": 5336.707716, "delta": 58.153885}}
