{"target": 0.9782541186717301, "params": {"h": 26.0, "p": 886.0, "r": 122.0}, "datetime": {"datetime": "2024-05-20 15:50:17", "elapsed": 0.0, "delta": 0.0}}
{"target": 10.78234465229992, "params": {"h": 46.0, "p": 117.0, "r": 30.0}, "datetime": {"datetime": "2024-05-20 15:50:37", "elapsed": 20.325916, "delta": 20.325916}}
{"target": 0.05594334002227104, "params": {"h": 35.0, "p": 934.0, "r": 21.0}, "datetime": {"datetime": "2024-05-20 15:51:46", "elapsed": 89.616233, "delta": 69.290317}}
{"target": 0.0, "params": {"h": 51.0, "p": 207.0, "r": 150.0}, "datetime": {"datetime": "2024-05-20 15:51:46", "elapsed": 89.616233, "delta": 0.0}}
{"target": 2.4326198544507216, "params": {"h": 56.0, "p": 637.0, "r": 86.0}, "datetime": {"datetime": "2024-05-20 15:52:14", "elapsed": 116.789684, "delta": 27.173451}}
{"target": 6.34910567660549, "params": {"h": 50.0, "p": 472.0, "r": 129.0}, "datetime": {"datetime": "2024-05-20 15:52:32", "elapsed": 134.865316, "delta": 18.075632}}
{"target": 1.3434948608381918, "params": {"h": 32.0, "p": 782.0, "r": 82.0}, "datetime": {"datetime": "2024-05-20 15:53:05", "elapsed": 168.257878, "delta": 33.392562}}
{"target": 11.560509187030183, "params": {"h": 23.0, "p": 310.0, "r": 101.0}, "datetime": {"datetime": "2024-05-20 15:53:18", "elapsed": 181.696137, "delta": 13.438259}}
{"target": 4.060072671645428, "params": {"h": 39.0, "p": 695.0, "r": 42.0}, "datetime": {"datetime": "2024-05-20 15:54:01", "elapsed": 223.822314, "delta": 42.126177}}
{"target": 2.8314280832032925, "params": {"h": 15.0, "p": 398.0, "r": 60.0}, "datetime": {"datetime": "2024-05-20 15:54:18", "elapsed": 241.448316, "delta": 17.626002}}
{"target": 8.202402113439582, "params": {"h": 43.0, "p": 116.0, "r": 27.0}, "datetime": {"datetime": "2024-05-20 15:54:38", "elapsed": 260.886943, "delta": 19.438627}}
{"target": 12.021589105761377, "params": {"h": 25.0, "p": 310.0, "r": 97.0}, "datetime": {"datetime": "2024-05-20 15:54:52", "elapsed": 274.840893, "delta": 13.95395}}
{"target": 0.0, "params": {"h": 55.0, "p": 115.0, "r": 36.0}, "datetime": {"datetime": "2024-05-20 15:54:52", "elapsed": 275.122159, "delta": 0.281266}}
{"target": 12.182581467822839, "params": {"h": 27.0, "p": 314.0, "r": 97.0}, "datetime": {"datetime": "2024-05-20 15:55:05", "elapsed": 288.357301, "delta": 13.235142}}
{"target": 14.91865898489542, "params": {"h": 31.0, "p": 307.0, "r": 97.0}, "datetime": {"datetime": "2024-05-20 15:55:17", "elapsed": 300.639244, "delta": 12.281943}}
{"target": 14.895727282464449, "params": {"h": 32.0, "p": 309.0, "r": 101.0}, "datetime": {"datetime": "2024-05-20 15:55:31", "elapsed": 314.538632, "delta": 13.899388}}
{"target": 17.026344589089174, "params": {"h": 37.0, "p": 308.0, "r": 95.0}, "datetime": {"datetime": "2024-05-20 15:55:45", "elapsed": 328.390449, "delta": 13.851817}}
{"target": 18.385063020100066, "params": {"h": 40.0, "p": 304.0, "r": 98.0}, "datetime": {"datetime": "2024-05-20 15:55:58", "elapsed": 341.609963, "delta": 13.219514}}
{"target": 19.0120401784053, "params": {"h": 45.0, "p": 307.0, "r": 100.0}, "datetime": {"datetime": "2024-05-20 15:56:12", "elapsed": 355.298255, "delta": 13.688292}}
{"target": 21.953003885369775, "params": {"h": 50.0, "p": 302.0, "r": 96.0}, "datetime": {"datetime": "2024-05-20 15:56:26", "elapsed": 369.383692, "delta": 14.085437}}
{"target": 24.187531689651777, "params": {"h": 51.0, "p": 305.0, "r": 88.0}, "datetime": {"datetime": "2024-05-20 15:56:41", "elapsed": 383.806444, "delta": 14.422752}}
{"target": 28.350189658055655, "params": {"h": 59.0, "p": 303.0, "r": 87.0}, "datetime": {"datetime": "2024-05-20 15:56:56", "elapsed": 398.854171, "delta": 15.047727}}
{"target": 32.68567529574595, "params": {"h": 60.0, "p": 297.0, "r": 82.0}, "datetime": {"datetime": "2024-05-20 15:57:11", "elapsed": 414.33944, "delta": 15.485269}}
{"target": 41.48324437174791, "params": {"h": 60.0, "p": 295.0, "r": 74.0}, "datetime": {"datetime": "2024-05-20 15:57:28", "elapsed": 430.887272, "delta": 16.547832}}
{"target": 53.86869932905462, "params": {"h": 60.0, "p": 294.0, "r": 67.0}, "datetime": {"datetime": "2024-05-20 15:57:48", "elapsed": 451.299372, "delta": 20.4121}}
{"target": 65.91470967819792, "params": {"h": 56.0, "p": 285.0, "r": 56.0}, "datetime": {"datetime": "2024-05-20 15:58:07", "elapsed": 469.862944, "delta": 18.563572}}
{"target": 43.340947735590866, "params": {"h": 60.0, "p": 291.0, "r": 50.0}, "datetime": {"datetime": "2024-05-20 15:58:30", "elapsed": 493.129913, "delta": 23.266969}}
{"target": 62.976106888443965, "params": {"h": 54.0, "p": 282.0, "r": 61.0}, "datetime": {"datetime": "2024-05-20 15:58:48", "elapsed": 510.880921, "delta": 17.751008}}
{"target": 63.82744906648383, "params": {"h": 60.0, "p": 283.0, "r": 59.0}, "datetime": {"datetime": "2024-05-20 15:59:08", "elapsed": 531.663342, "delta": 20.782421}}
{"target": 57.19863921940931, "params": {"h": 53.0, "p": 278.0, "r": 53.0}, "datetime": {"datetime": "2024-05-20 15:59:28", "elapsed": 550.883124, "delta": 19.219782}}
{"target": 68.9243295158119, "params": {"h": 54.0, "p": 286.0, "r": 58.0}, "datetime": {"datetime": "2024-05-20 15:59:48", "elapsed": 571.51316, "delta": 20.630036}}
{"target": 79.38504047907223, "params": {"h": 46.0, "p": 289.0, "r": 55.0}, "datetime": {"datetime": "2024-05-20 16:00:07", "elapsed": 590.233254, "delta": 18.720094}}
{"target": 84.92996221695903, "params": {"h": 33.0, "p": 289.0, "r": 54.0}, "datetime": {"datetime": "2024-05-20 16:00:24", "elapsed": 607.124498, "delta": 16.891244}}
{"target": 95.35446711018784, "params": {"h": 35.0, "p": 295.0, "r": 53.0}, "datetime": {"datetime": "2024-05-20 16:00:43", "elapsed": 626.031776, "delta": 18.907278}}
{"target": 119.63930579720541, "params": {"h": 31.0, "p": 302.0, "r": 49.0}, "datetime": {"datetime": "2024-05-20 16:01:02", "elapsed": 644.829696, "delta": 18.79792}}
{"target": 144.05116996913696, "params": {"h": 26.0, "p": 308.0, "r": 44.0}, "datetime": {"datetime": "2024-05-20 16:01:23", "elapsed": 666.37545, "delta": 21.545754}}
{"target": 190.24093086062973, "params": {"h": 16.0, "p": 312.0, "r": 35.0}, "datetime": {"datetime": "2024-05-20 16:01:46", "elapsed": 688.973764, "delta": 22.598314}}
{"target": 0.1941362409841673, "params": {"h": 23.0, "p": 313.0, "r": 16.0}, "datetime": {"datetime": "2024-05-20 16:02:20", "elapsed": 723.417521, "delta": 34.443757}}
{"target": 103.9938011245848, "params": {"h": 17.0, "p": 323.0, "r": 38.0}, "datetime": {"datetime": "2024-05-20 16:02:40", "elapsed": 742.856097, "delta": 19.438576}}
{"target": 176.1609935955163, "params": {"h": 18.0, "p": 305.0, "r": 37.0}, "datetime": {"datetime": "2024-05-20 16:02:59", "elapsed": 762.669714, "delta": 19.813617}}
{"target": 18.66101629350569, "params": {"h": 17.0, "p": 306.0, "r": 47.0}, "datetime": {"datetime": "2024-05-20 16:03:17", "elapsed": 780.226062, "delta": 17.556348}}
{"target": 26.147624088710256, "params": {"h": 20.0, "p": 309.0, "r": 34.0}, "datetime": {"datetime": "2024-05-20 16:03:38", "elapsed": 801.180785, "delta": 20.954723}}
{"target": 86.95523924460913, "params": {"h": 15.0, "p": 312.0, "r": 36.0}, "datetime": {"datetime": "2024-05-20 16:03:57", "elapsed": 819.869326, "delta": 18.688541}}
{"target": 140.0802681464704, "params": {"h": 28.0, "p": 311.0, "r": 46.0}, "datetime": {"datetime": "2024-05-20 16:04:17", "elapsed": 840.056637, "delta": 20.187311}}
{"target": 102.80016512401751, "params": {"h": 17.0, "p": 322.0, "r": 38.0}, "datetime": {"datetime": "2024-05-20 16:04:37", "elapsed": 860.553982, "delta": 20.497345}}
{"target": 101.05331135906235, "params": {"h": 15.0, "p": 302.0, "r": 36.0}, "datetime": {"datetime": "2024-05-20 16:04:56", "elapsed": 879.399025, "delta": 18.845043}}
{"target": 82.21717857923132, "params": {"h": 16.0, "p": 304.0, "r": 38.0}, "datetime": {"datetime": "2024-05-20 16:05:15", "elapsed": 898.509556, "delta": 19.110531}}
{"target": 82.41727862600113, "params": {"h": 18.0, "p": 304.0, "r": 35.0}, "datetime": {"datetime": "2024-05-20 16:05:36", "elapsed": 918.869879, "delta": 20.360323}}
{"target": 83.83465094777155, "params": {"h": 27.0, "p": 308.0, "r": 42.0}, "datetime": {"datetime": "2024-05-20 16:05:56", "elapsed": 939.570593, "delta": 20.700714}}
{"target": 176.947001747429, "params": {"h": 17.0, "p": 306.0, "r": 37.0}, "datetime": {"datetime": "2024-05-20 16:06:15", "elapsed": 958.603139, "delta": 19.032546}}
{"target": 118.19320825990827, "params": {"h": 16.0, "p": 306.0, "r": 37.0}, "datetime": {"datetime": "2024-05-20 16:06:35", "elapsed": 978.360064, "delta": 19.756925}}
{"target": 24.053011860395394, "params": {"h": 19.0, "p": 313.0, "r": 33.0}, "datetime": {"datetime": "2024-05-20 16:06:57", "elapsed": 1000.44413, "delta": 22.084066}}
{"target": 184.93731166878078, "params": {"h": 17.0, "p": 307.0, "r": 36.0}, "datetime": {"datetime": "2024-05-20 16:07:18", "elapsed": 1020.973164, "delta": 20.529034}}
{"target": 41.79779374265546, "params": {"h": 16.0, "p": 326.0, "r": 39.0}, "datetime": {"datetime": "2024-05-20 16:07:36", "elapsed": 1039.739863, "delta": 18.766699}}
{"target": 120.37882999265737, "params": {"h": 29.0, "p": 308.0, "r": 45.0}, "datetime": {"datetime": "2024-05-20 16:07:56", "elapsed": 1059.631894, "delta": 19.892031}}
{"target": 102.06169617996747, "params": {"h": 28.0, "p": 307.0, "r": 49.0}, "datetime": {"datetime": "2024-05-20 16:08:15", "elapsed": 1078.183187, "delta": 18.551293}}
{"target": 95.43435174976501, "params": {"h": 35.0, "p": 292.0, "r": 53.0}, "datetime": {"datetime": "2024-05-20 16:08:36", "elapsed": 1098.814173, "delta": 20.630986}}
{"target": 113.95440222862949, "params": {"h": 26.0, "p": 309.0, "r": 47.0}, "datetime": {"datetime": "2024-05-20 16:08:56", "elapsed": 1118.987206, "delta": 20.173033}}
{"target": 59.74084816011669, "params": {"h": 20.0, "p": 306.0, "r": 36.0}, "datetime": {"datetime": "2024-05-20 16:09:16", "elapsed": 1138.957084, "delta": 19.969878}}
{"target": 132.25111330566074, "params": {"h": 29.0, "p": 306.0, "r": 46.0}, "datetime": {"datetime": "2024-05-20 16:09:36", "elapsed": 1158.906225, "delta": 19.949141}}
{"target": 145.03971919368047, "params": {"h": 27.0, "p": 311.0, "r": 45.0}, "datetime": {"datetime": "2024-05-20 16:09:56", "elapsed": 1178.840742, "delta": 19.934517}}
{"target": 123.39523013682148, "params": {"h": 29.0, "p": 301.0, "r": 46.0}, "datetime": {"datetime": "2024-05-20 16:10:16", "elapsed": 1198.795014, "delta": 19.954272}}
{"target": 96.8788611770464, "params": {"h": 25.0, "p": 311.0, "r": 47.0}, "datetime": {"datetime": "2024-05-20 16:10:34", "elapsed": 1216.921056, "delta": 18.126042}}
{"target": 138.9795260821941, "params": {"h": 15.0, "p": 311.0, "r": 35.0}, "datetime": {"datetime": "2024-05-20 16:10:52", "elapsed": 1235.61848, "delta": 18.697424}}
{"target": 127.98188842713658, "params": {"h": 28.0, "p": 303.0, "r": 45.0}, "datetime": {"datetime": "2024-05-20 16:11:13", "elapsed": 1255.852264, "delta": 20.233784}}
{"target": 170.88365309047074, "params": {"h": 15.0, "p": 312.0, "r": 33.0}, "datetime": {"datetime": "2024-05-20 16:11:35", "elapsed": 1278.616701, "delta": 22.764437}}
{"target": 153.04616196833405, "params": {"h": 25.0, "p": 313.0, "r": 44.0}, "datetime": {"datetime": "2024-05-20 16:11:55", "elapsed": 1298.461594, "delta": 19.844893}}
{"target": 89.270790159978, "params": {"h": 29.0, "p": 316.0, "r": 43.0}, "datetime": {"datetime": "2024-05-20 16:12:14", "elapsed": 1316.853261, "delta": 18.391667}}
{"target": 174.66651584080714, "params": {"h": 19.0, "p": 309.0, "r": 39.0}, "datetime": {"datetime": "2024-05-20 16:12:35", "elapsed": 1337.783022, "delta": 20.929761}}
{"target": 147.06026583918464, "params": {"h": 27.0, "p": 314.0, "r": 45.0}, "datetime": {"datetime": "2024-05-20 16:12:54", "elapsed": 1357.669549, "delta": 19.886527}}
{"target": 115.15318254008686, "params": {"h": 27.0, "p": 313.0, "r": 43.0}, "datetime": {"datetime": "2024-05-20 16:13:14", "elapsed": 1377.376898, "delta": 19.707349}}
{"target": 76.61299078291299, "params": {"h": 16.0, "p": 310.0, "r": 38.0}, "datetime": {"datetime": "2024-05-20 16:13:33", "elapsed": 1395.798349, "delta": 18.421451}}
{"target": 116.21137886935286, "params": {"h": 32.0, "p": 307.0, "r": 47.0}, "datetime": {"datetime": "2024-05-20 16:13:53", "elapsed": 1415.916219, "delta": 20.11787}}
{"target": 44.41736561592903, "params": {"h": 18.0, "p": 310.0, "r": 43.0}, "datetime": {"datetime": "2024-05-20 16:14:11", "elapsed": 1434.182898, "delta": 18.266679}}
{"target": 79.86415969320977, "params": {"h": 33.0, "p": 299.0, "r": 54.0}, "datetime": {"datetime": "2024-05-20 16:14:30", "elapsed": 1452.949604, "delta": 18.766706}}
{"target": 114.80035598687701, "params": {"h": 33.0, "p": 305.0, "r": 50.0}, "datetime": {"datetime": "2024-05-20 16:14:49", "elapsed": 1472.295318, "delta": 19.345714}}
{"target": 177.28425670433577, "params": {"h": 18.0, "p": 310.0, "r": 37.0}, "datetime": {"datetime": "2024-05-20 16:15:09", "elapsed": 1492.702502, "delta": 20.407184}}
{"target": 189.5249335906252, "params": {"h": 16.0, "p": 317.0, "r": 35.0}, "datetime": {"datetime": "2024-05-20 16:15:30", "elapsed": 1513.502719, "delta": 20.800217}}
{"target": 93.29136394723284, "params": {"h": 31.0, "p": 304.0, "r": 45.0}, "datetime": {"datetime": "2024-05-20 16:15:51", "elapsed": 1534.564714, "delta": 21.061995}}
{"target": 169.97829111584292, "params": {"h": 17.0, "p": 314.0, "r": 37.0}, "datetime": {"datetime": "2024-05-20 16:16:10", "elapsed": 1553.581146, "delta": 19.016432}}
{"target": 149.84267585356463, "params": {"h": 17.0, "p": 321.0, "r": 35.0}, "datetime": {"datetime": "2024-05-20 16:16:33", "elapsed": 1575.919252, "delta": 22.338106}}
{"target": 165.97069974217132, "params": {"h": 23.0, "p": 317.0, "r": 42.0}, "datetime": {"datetime": "2024-05-20 16:16:52", "elapsed": 1594.826528, "delta": 18.907276}}
{"target": 189.4481267654879, "params": {"h": 17.0, "p": 319.0, "r": 36.0}, "datetime": {"datetime": "2024-05-20 16:17:12", "elapsed": 1615.358897, "delta": 20.532369}}
{"target": 188.81142638027933, "params": {"h": 17.0, "p": 317.0, "r": 36.0}, "datetime": {"datetime": "2024-05-20 16:17:31", "elapsed": 1634.734957, "delta": 19.37606}}
{"target": 68.68081466638031, "params": {"h": 21.0, "p": 318.0, "r": 37.0}, "datetime": {"datetime": "2024-05-20 16:17:54", "elapsed": 1656.948715, "delta": 22.213758}}
{"target": 94.46578297765097, "params": {"h": 28.0, "p": 299.0, "r": 50.0}, "datetime": {"datetime": "2024-05-20 16:18:13", "elapsed": 1675.950733, "delta": 19.002018}}
{"target": 34.30978252469068, "params": {"h": 20.0, "p": 322.0, "r": 46.0}, "datetime": {"datetime": "2024-05-20 16:18:34", "elapsed": 1697.121232, "delta": 21.170499}}
{"target": 90.7048915970545, "params": {"h": 17.0, "p": 311.0, "r": 34.0}, "datetime": {"datetime": "2024-05-20 16:18:54", "elapsed": 1717.06006, "delta": 19.938828}}
{"target": 160.4671822222536, "params": {"h": 24.0, "p": 321.0, "r": 42.0}, "datetime": {"datetime": "2024-05-20 16:19:14", "elapsed": 1737.123353, "delta": 20.063293}}
{"target": 152.97181795362016, "params": {"h": 26.0, "p": 317.0, "r": 44.0}, "datetime": {"datetime": "2024-05-20 16:19:34", "elapsed": 1757.196737, "delta": 20.073384}}
{"target": 118.02753359335141, "params": {"h": 24.0, "p": 316.0, "r": 45.0}, "datetime": {"datetime": "2024-05-20 16:19:55", "elapsed": 1777.850757, "delta": 20.65402}}
{"target": 63.17180539799478, "params": {"h": 28.0, "p": 320.0, "r": 41.0}, "datetime": {"datetime": "2024-05-20 16:20:17", "elapsed": 1800.102006, "delta": 22.251249}}
{"target": 176.947001747429, "params": {"h": 17.0, "p": 306.0, "r": 37.0}, "datetime": {"datetime": "2024-05-20 16:20:17", "elapsed": 1800.383487, "delta": 0.281481}}
{"target": 143.7894387741647, "params": {"h": 21.0, "p": 315.0, "r": 39.0}, "datetime": {"datetime": "2024-05-20 16:20:37", "elapsed": 1820.067959, "delta": 19.684472}}
{"target": 190.26384578304558, "params": {"h": 16.0, "p": 313.0, "r": 35.0}, "datetime": {"datetime": "2024-05-20 16:20:58", "elapsed": 1841.086118, "delta": 21.018159}}
{"target": 149.0912510615571, "params": {"h": 23.0, "p": 318.0, "r": 43.0}, "datetime": {"datetime": "2024-05-20 16:21:16", "elapsed": 1859.180891, "delta": 18.094773}}
{"target": 123.68614683184272, "params": {"h": 22.0, "p": 323.0, "r": 39.0}, "datetime": {"datetime": "2024-05-20 16:21:38", "elapsed": 1880.923818, "delta": 21.742927}}
{"target": 152.99406407438676, "params": {"h": 24.0, "p": 315.0, "r": 42.0}, "datetime": {"datetime": "2024-05-20 16:21:57", "elapsed": 1900.721815, "delta": 19.797997}}
{"target": 135.89351920819706, "params": {"h": 18.0, "p": 312.0, "r": 36.0}, "datetime": {"datetime": "2024-05-20 16:22:16", "elapsed": 1919.707598, "delta": 18.985783}}
{"target": 130.41502980465492, "params": {"h": 24.0, "p": 319.0, "r": 41.0}, "datetime": {"datetime": "2024-05-20 16:22:36", "elapsed": 1939.067742, "delta": 19.360144}}
{"target": 98.64147523779204, "params": {"h": 16.0, "p": 317.0, "r": 37.0}, "datetime": {"datetime": "2024-05-20 16:22:55", "elapsed": 1958.529014, "delta": 19.461272}}
{"target": 106.52804995157064, "params": {"h": 25.0, "p": 320.0, "r": 46.0}, "datetime": {"datetime": "2024-05-20 16:23:16", "elapsed": 1978.956625, "delta": 20.427611}}
{"target": 131.82906543838394, "params": {"h": 22.0, "p": 316.0, "r": 43.0}, "datetime": {"datetime": "2024-05-20 16:23:37", "elapsed": 2000.114824, "delta": 21.158199}}
{"target": 157.87296677282083, "params": {"h": 24.0, "p": 311.0, "r": 43.0}, "datetime": {"datetime": "2024-05-20 16:23:56", "elapsed": 2019.022136, "delta": 18.907312}}
{"target": 130.16421883234267, "params": {"h": 21.0, "p": 309.0, "r": 39.0}, "datetime": {"datetime": "2024-05-20 16:24:17", "elapsed": 2039.976692, "delta": 20.954556}}
{"target": 31.167489035460896, "params": {"h": 16.0, "p": 318.0, "r": 31.0}, "datetime": {"datetime": "2024-05-20 16:24:39", "elapsed": 2062.337363, "delta": 22.360671}}
{"target": 70.76154648920846, "params": {"h": 26.0, "p": 316.0, "r": 49.0}, "datetime": {"datetime": "2024-05-20 16:24:58", "elapsed": 2080.85403, "delta": 18.516667}}
{"target": 34.78187244681332, "params": {"h": 18.0, "p": 318.0, "r": 33.0}, "datetime": {"datetime": "2024-05-20 16:25:18", "elapsed": 2100.839794, "delta": 19.985764}}
{"target": 27.603081170723694, "params": {"h": 25.0, "p": 324.0, "r": 37.0}, "datetime": {"datetime": "2024-05-20 16:25:41", "elapsed": 2124.35594, "delta": 23.516146}}
{"target": 150.5778619091534, "params": {"h": 24.0, "p": 302.0, "r": 43.0}, "datetime": {"datetime": "2024-05-20 16:26:01", "elapsed": 2143.794941, "delta": 19.439001}}
{"target": 98.70766887681462, "params": {"h": 23.0, "p": 298.0, "r": 46.0}, "datetime": {"datetime": "2024-05-20 16:26:19", "elapsed": 2162.38937, "delta": 18.594429}}
{"target": 135.5561129144663, "params": {"h": 19.0, "p": 316.0, "r": 40.0}, "datetime": {"datetime": "2024-05-20 16:26:40", "elapsed": 2183.156187, "delta": 20.766817}}
{"target": 173.8715818418315, "params": {"h": 18.0, "p": 311.0, "r": 38.0}, "datetime": {"datetime": "2024-05-20 16:27:00", "elapsed": 2203.344846, "delta": 20.188659}}
{"target": 66.04707594067658, "params": {"h": 37.0, "p": 306.0, "r": 46.0}, "datetime": {"datetime": "2024-05-20 16:27:21", "elapsed": 2224.205419, "delta": 20.860573}}
{"target": 161.5664113243297, "params": {"h": 22.0, "p": 302.0, "r": 42.0}, "datetime": {"datetime": "2024-05-20 16:27:40", "elapsed": 2243.253389, "delta": 19.04797}}
{"target": 178.91942879725826, "params": {"h": 19.0, "p": 314.0, "r": 38.0}, "datetime": {"datetime": "2024-05-20 16:28:00", "elapsed": 2263.132582, "delta": 19.879193}}
{"target": 101.2955441458932, "params": {"h": 21.0, "p": 313.0, "r": 38.0}, "datetime": {"datetime": "2024-05-20 16:28:21", "elapsed": 2284.012728, "delta": 20.880146}}
{"target": 96.92931650170344, "params": {"h": 19.0, "p": 314.0, "r": 41.0}, "datetime": {"datetime": "2024-05-20 16:28:41", "elapsed": 2303.857619, "delta": 19.844891}}
{"target": 45.4718971382501, "params": {"h": 29.0, "p": 302.0, "r": 41.0}, "datetime": {"datetime": "2024-05-20 16:29:01", "elapsed": 2324.327774, "delta": 20.470155}}
{"target": 154.99091115228435, "params": {"h": 20.0, "p": 295.0, "r": 41.0}, "datetime": {"datetime": "2024-05-20 16:29:22", "elapsed": 2345.103311, "delta": 20.775537}}
{"target": 50.5562430143544, "params": {"h": 18.0, "p": 299.0, "r": 43.0}, "datetime": {"datetime": "2024-05-20 16:29:42", "elapsed": 2365.088854, "delta": 19.985543}}
{"target": 85.38187782402363, "params": {"h": 21.0, "p": 295.0, "r": 38.0}, "datetime": {"datetime": "2024-05-20 16:30:03", "elapsed": 2386.340078, "delta": 21.251224}}
{"target": 112.80932139912568, "params": {"h": 21.0, "p": 308.0, "r": 43.0}, "datetime": {"datetime": "2024-05-20 16:30:23", "elapsed": 2406.693583, "delta": 20.353505}}
{"target": 174.9923051750174, "params": {"h": 19.0, "p": 306.0, "r": 39.0}, "datetime": {"datetime": "2024-05-20 16:30:43", "elapsed": 2426.116559, "delta": 19.422976}}
{"target": 39.281099459062524, "params": {"h": 17.0, "p": 294.0, "r": 43.0}, "datetime": {"datetime": "2024-05-20 16:31:00", "elapsed": 2443.398803, "delta": 17.282244}}
{"target": 80.90562567728153, "params": {"h": 24.0, "p": 303.0, "r": 40.0}, "datetime": {"datetime": "2024-05-20 16:31:21", "elapsed": 2463.777356, "delta": 20.378553}}
{"target": 94.18982629089875, "params": {"h": 24.0, "p": 290.0, "r": 41.0}, "datetime": {"datetime": "2024-05-20 16:31:41", "elapsed": 2484.459046, "delta": 20.68169}}
{"target": 149.25153832383157, "params": {"h": 24.0, "p": 303.0, "r": 44.0}, "datetime": {"datetime": "2024-05-20 16:32:01", "elapsed": 2504.085194, "delta": 19.626148}}
{"target": 176.31688181921174, "params": {"h": 18.0, "p": 309.0, "r": 38.0}, "datetime": {"datetime": "2024-05-20 16:32:22", "elapsed": 2525.671495, "delta": 21.586301}}
