{"target": 116.55562558673931, "params": {"h": 25.0, "p": 306.0, "r": 42.0}, "datetime": {"datetime": "2024-05-12 14:32:24", "elapsed": 2363.059761, "delta": 19.219851}}
{"target": 47.19819564758923, "params": {"h": 17.0, "p": 263.0, "r": 44.0}, "datetime": {"datetime": "2024-05-12 14:32:41", "elapsed": 2379.654464, "delta": 16.594703}}
{"target": 121.0953411611556, "params": {"h": 21.0, "p": 295.0, "r": 39.0}, "datetime": {"datetime": "2024-05-12 14:33:00", "elapsed": 2399.358717, "delta": 19.704253}}
{"target": 132.28979543204608, "params": {"h": 23.0, "p": 303.0, "r": 41.0}, "datetime": {"datetime": "2024-05-12 14:33:20", "elapsed": 2418.906713, "delta": 19.547996}}
{"target": 120.12442473137015, "params": {"h": 23.0, "p": 292.0, "r": 41.0}, "datetime": {"datetime": "2024-05-12 14:33:38", "elapsed": 2437.157762, "delta": 18.251049}}
{"target": 122.74570812968912, "params": {"h": 28.0, "p": 285.0, "r": 47.0}, "datetime": {"datetime": "2024-05-12 14:33:56", "elapsed": 2455.51819, "delta": 18.360428}}
{"target": 149.55274063920874, "params": {"h": 23.0, "p": 298.0, "r": 42.0}, "datetime": {"datetime": "2024-05-12 14:34:15", "elapsed": 2473.878619, "delta": 18.360429}}
{"target": 123.37819715389598, "params": {"h": 17.0, "p": 279.0, "r": 39.0}, "datetime": {"datetime": "2024-05-12 14:34:33", "elapsed": 2491.754646, "delta": 17.876027}}
{"target": 89.22343976141627, "params": {"h": 17.0, "p": 285.0, "r": 40.0}, "datetime": {"datetime": "2024-05-12 14:34:51", "elapsed": 2509.927568, "delta": 18.172922}}
{"target": 52.478341168239886, "params": {"h": 21.0, "p": 265.0, "r": 37.0}, "datetime": {"datetime": "2024-05-12 14:35:10", "elapsed": 2529.03804, "delta": 19.110472}}
{"target": 90.48926422279617, "params": {"h": 35.0, "p": 284.0, "r": 49.0}, "datetime": {"datetime": "2024-05-12 14:35:28", "elapsed": 2546.898444, "delta": 17.860404}}
{"target": 66.04338442227059, "params": {"h": 27.0, "p": 307.0, "r": 51.0}, "datetime": {"datetime": "2024-05-12 14:35:46", "elapsed": 2564.946356, "delta": 18.047912}}
{"target": 114.4875625326115, "params": {"h": 32.0, "p": 298.0, "r": 48.0}, "datetime": {"datetime": "2024-05-12 14:36:05", "elapsed": 2584.369351, "delta": 19.422995}}
{"target": 74.48661872126081, "params": {"h": 32.0, "p": 311.0, "r": 44.0}, "datetime": {"datetime": "2024-05-12 14:36:27", "elapsed": 2605.93309, "delta": 21.563739}}
{"target": 88.92294199921585, "params": {"h": 21.0, "p": 268.0, "r": 46.0}, "datetime": {"datetime": "2024-05-12 14:36:44", "elapsed": 2623.387221, "delta": 17.454131}}
{"target": 99.14978088175997, "params": {"h": 25.0, "p": 312.0, "r": 41.0}, "datetime": {"datetime": "2024-05-12 14:37:05", "elapsed": 2643.794646, "delta": 20.407425}}
{"target": 103.91277637957141, "params": {"h": 30.0, "p": 270.0, "r": 49.0}, "datetime": {"datetime": "2024-05-12 14:37:23", "elapsed": 2661.920691, "delta": 18.126045}}
{"target": 15.793425574215963, "params": {"h": 29.0, "p": 316.0, "r": 37.0}, "datetime": {"datetime": "2024-05-12 14:37:46", "elapsed": 2684.875138, "delta": 22.954447}}
{"target": 84.55793371951398, "params": {"h": 33.0, "p": 268.0, "r": 54.0}, "datetime": {"datetime": "2024-05-12 14:38:03", "elapsed": 2702.079254, "delta": 17.204116}}
{"target": 89.21492645253174, "params": {"h": 28.0, "p": 289.0, "r": 51.0}, "datetime": {"datetime": "2024-05-12 14:38:20", "elapsed": 2719.424002, "delta": 17.344748}}
{"target": 3.40410757917261, "params": {"h": 56.0, "p": 193.0, "r": 28.0}, "datetime": {"datetime": "2024-05-12 14:38:51", "elapsed": 2750.113273, "delta": 30.689271}}
{"target": 55.19470708685297, "params": {"h": 33.0, "p": 271.0, "r": 45.0}, "datetime": {"datetime": "2024-05-12 14:39:10", "elapsed": 2769.442509, "delta": 19.329236}}
{"target": 72.47055073430631, "params": {"h": 32.0, "p": 255.0, "r": 56.0}, "datetime": {"datetime": "2024-05-12 14:39:27", "elapsed": 2785.75595, "delta": 16.313441}}
{"target": 111.65825561957405, "params": {"h": 16.0, "p": 276.0, "r": 38.0}, "datetime": {"datetime": "2024-05-12 14:39:45", "elapsed": 2804.053878, "delta": 18.297928}}
{"target": 59.257479301779625, "params": {"h": 21.0, "p": 317.0, "r": 45.0}, "datetime": {"datetime": "2024-05-12 14:40:06", "elapsed": 2825.414486, "delta": 21.360608}}
{"target": 62.82211534285252, "params": {"h": 40.0, "p": 246.0, "r": 54.0}, "datetime": {"datetime": "2024-05-12 14:40:23", "elapsed": 2841.899809, "delta": 16.485323}}
{"target": 56.33810144870505, "params": {"h": 26.0, "p": 269.0, "r": 55.0}, "datetime": {"datetime": "2024-05-12 14:40:39", "elapsed": 2858.181999, "delta": 16.28219}}
{"target": 93.35154394265615, "params": {"h": 34.0, "p": 297.0, "r": 53.0}, "datetime": {"datetime": "2024-05-12 14:40:57", "elapsed": 2876.073652, "delta": 17.891653}}
{"target": 144.898413849914, "params": {"h": 22.0, "p": 274.0, "r": 43.0}, "datetime": {"datetime": "2024-05-12 14:41:15", "elapsed": 2893.605913, "delta": 17.532261}}
{"target": 82.11597873678599, "params": {"h": 59.0, "p": 310.0, "r": 56.0}, "datetime": {"datetime": "2024-05-12 14:41:36", "elapsed": 2914.685253, "delta": 21.07934}}
{"target": 115.6398091678221, "params": {"h": 27.0, "p": 273.0, "r": 46.0}, "datetime": {"datetime": "2024-05-12 14:41:53", "elapsed": 2932.295643, "delta": 17.61039}}
{"target": 34.60886858805585, "params": {"h": 26.0, "p": 250.0, "r": 65.0}, "datetime": {"datetime": "2024-05-12 14:42:07", "elapsed": 2946.468334, "delta": 14.172691}}
{"target": 116.85983346975361, "params": {"h": 25.0, "p": 285.0, "r": 43.0}, "datetime": {"datetime": "2024-05-12 14:42:27", "elapsed": 2965.641307, "delta": 19.172973}}
{"target": 112.70338506003674, "params": {"h": 23.0, "p": 282.0, "r": 46.0}, "datetime": {"datetime": "2024-05-12 14:42:44", "elapsed": 2983.251689, "delta": 17.610382}}
{"target": 62.06137501624321, "params": {"h": 59.0, "p": 326.0, "r": 61.0}, "datetime": {"datetime": "2024-05-12 14:43:06", "elapsed": 3004.643543, "delta": 21.391854}}
{"target": 59.7216134667162, "params": {"h": 42.0, "p": 262.0, "r": 51.0}, "datetime": {"datetime": "2024-05-12 14:43:23", "elapsed": 3022.347681, "delta": 17.704138}}
{"target": 12.680908154128698, "params": {"h": 24.0, "p": 495.0, "r": 38.0}, "datetime": {"datetime": "2024-05-12 14:43:51", "elapsed": 3050.48992, "delta": 28.142239}}
{"target": 74.67236216203702, "params": {"h": 56.0, "p": 317.0, "r": 51.0}, "datetime": {"datetime": "2024-05-12 14:44:14", "elapsed": 3072.966502, "delta": 22.476582}}
{"target": 4.602398292576291, "params": {"h": 47.0, "p": 566.0, "r": 61.0}, "datetime": {"datetime": "2024-05-12 14:44:41", "elapsed": 3100.389952, "delta": 27.42345}}
{"target": 134.04485374290877, "params": {"h": 24.0, "p": 276.0, "r": 44.0}, "datetime": {"datetime": "2024-05-12 14:45:01", "elapsed": 3119.594178, "delta": 19.204226}}
{"target": 158.64530172421917, "params": {"h": 22.0, "p": 295.0, "r": 42.0}, "datetime": {"datetime": "2024-05-12 14:45:19", "elapsed": 3138.235878, "delta": 18.6417}}
{"target": 0.8375641773244221, "params": {"h": 31.0, "p": 968.0, "r": 116.0}, "datetime": {"datetime": "2024-05-12 14:46:07", "elapsed": 3186.301139, "delta": 48.065261}}
{"target": 58.09202999423424, "params": {"h": 21.0, "p": 279.0, "r": 48.0}, "datetime": {"datetime": "2024-05-12 14:46:25", "elapsed": 3203.614637, "delta": 17.313498}}
{"target": 4.029780659076859, "params": {"h": 60.0, "p": 701.0, "r": 139.0}, "datetime": {"datetime": "2024-05-12 14:46:51", "elapsed": 3230.381802, "delta": 26.767165}}
{"target": 0.8745266317091259, "params": {"h": 37.0, "p": 844.0, "r": 35.0}, "datetime": {"datetime": "2024-05-12 14:47:42", "elapsed": 3281.040972, "delta": 50.65917}}
{"target": 0.0, "params": {"h": 46.0, "p": 109.0, "r": 143.0}, "datetime": {"datetime": "2024-05-12 14:47:42", "elapsed": 3281.494123, "delta": 0.453151}}
{"target": 6.345112467517382, "params": {"h": 55.0, "p": 546.0, "r": 140.0}, "datetime": {"datetime": "2024-05-12 14:48:01", "elapsed": 3299.995187, "delta": 18.501064}}
{"target": 131.2076956374943, "params": {"h": 27.0, "p": 292.0, "r": 46.0}, "datetime": {"datetime": "2024-05-12 14:48:19", "elapsed": 3318.16811, "delta": 18.172923}}
{"target": 8.008125487033146, "params": {"h": 17.0, "p": 385.0, "r": 146.0}, "datetime": {"datetime": "2024-05-12 14:48:45", "elapsed": 3344.310241, "delta": 26.142131}}
{"target": 82.80576174133363, "params": {"h": 27.0, "p": 280.0, "r": 43.0}, "datetime": {"datetime": "2024-05-12 14:49:04", "elapsed": 3362.920688, "delta": 18.610447}}
{"target": 164.8755794890243, "params": {"h": 21.0, "p": 297.0, "r": 41.0}, "datetime": {"datetime": "2024-05-12 14:49:24", "elapsed": 3382.859337, "delta": 19.938649}}
{"target": 0.0, "params": {"h": 17.0, "p": 167.0, "r": 93.0}, "datetime": {"datetime": "2024-05-12 14:49:24", "elapsed": 3383.343738, "delta": 0.484401}}
{"target": 1.7332890706473463, "params": {"h": 18.0, "p": 813.0, "r": 149.0}, "datetime": {"datetime": "2024-05-12 14:50:12", "elapsed": 3430.877731, "delta": 47.533993}}
{"target": 0.05224147712502177, "params": {"h": 20.0, "p": 620.0, "r": 16.0}, "datetime": {"datetime": "2024-05-12 14:50:56", "elapsed": 3475.536552, "delta": 44.658821}}
{"target": 2.818966139901905, "params": {"h": 19.0, "p": 626.0, "r": 149.0}, "datetime": {"datetime": "2024-05-12 14:51:32", "elapsed": 3510.819835, "delta": 35.283283}}
{"target": 0.03410310783937706, "params": {"h": 59.0, "p": 763.0, "r": 16.0}, "datetime": {"datetime": "2024-05-12 14:52:52", "elapsed": 3590.730689, "delta": 79.910854}}
{"target": 117.3263470728189, "params": {"h": 25.0, "p": 311.0, "r": 46.0}, "datetime": {"datetime": "2024-05-12 14:53:10", "elapsed": 3608.63797, "delta": 17.907281}}
{"target": 115.15454007895549, "params": {"h": 28.0, "p": 308.0, "r": 44.0}, "datetime": {"datetime": "2024-05-12 14:53:29", "elapsed": 3628.029712, "delta": 19.391742}}
{"target": 2.261233184826373, "params": {"h": 59.0, "p": 997.0, "r": 56.0}, "datetime": {"datetime": "2024-05-12 14:54:34", "elapsed": 3693.361612, "delta": 65.3319}}
{"target": 0.10354110692079661, "params": {"h": 57.0, "p": 435.0, "r": 16.0}, "datetime": {"datetime": "2024-05-12 14:55:33", "elapsed": 3752.380645, "delta": 59.019033}}
{"target": 2.8488240360111496, "params": {"h": 15.0, "p": 745.0, "r": 149.0}, "datetime": {"datetime": "2024-05-12 14:56:25", "elapsed": 3804.024251, "delta": 51.643606}}
{"target": 117.13174035776264, "params": {"h": 29.0, "p": 318.0, "r": 48.0}, "datetime": {"datetime": "2024-05-12 14:56:45", "elapsed": 3824.322298, "delta": 20.298047}}
{"target": 101.28085181403772, "params": {"h": 30.0, "p": 323.0, "r": 49.0}, "datetime": {"datetime": "2024-05-12 14:57:05", "elapsed": 3843.604661, "delta": 19.282363}}
{"target": 29.454317451788032, "params": {"h": 25.0, "p": 323.0, "r": 53.0}, "datetime": {"datetime": "2024-05-12 14:57:23", "elapsed": 3861.808838, "delta": 18.204177}}
{"target": 86.8255000758633, "params": {"h": 36.0, "p": 320.0, "r": 53.0}, "datetime": {"datetime": "2024-05-12 14:57:42", "elapsed": 3881.481849, "delta": 19.673011}}
{"target": 97.94424022636638, "params": {"h": 38.0, "p": 323.0, "r": 47.0}, "datetime": {"datetime": "2024-05-12 14:58:04", "elapsed": 3902.733075, "delta": 21.251226}}
{"target": 119.7371665458752, "params": {"h": 35.0, "p": 317.0, "r": 48.0}, "datetime": {"datetime": "2024-05-12 14:58:26", "elapsed": 3925.546893, "delta": 22.813818}}
{"target": 38.4770374170918, "params": {"h": 41.0, "p": 318.0, "r": 44.0}, "datetime": {"datetime": "2024-05-12 14:58:49", "elapsed": 3948.345086, "delta": 22.798193}}
{"target": 88.35098463638688, "params": {"h": 35.0, "p": 327.0, "r": 45.0}, "datetime": {"datetime": "2024-05-12 14:59:10", "elapsed": 3969.283792, "delta": 20.938706}}
{"target": 62.29964534003771, "params": {"h": 35.0, "p": 322.0, "r": 44.0}, "datetime": {"datetime": "2024-05-12 14:59:31", "elapsed": 3990.55057, "delta": 21.266778}}
{"target": 126.83912310035154, "params": {"h": 30.0, "p": 313.0, "r": 48.0}, "datetime": {"datetime": "2024-05-12 14:59:50", "elapsed": 4009.160952, "delta": 18.610382}}
{"target": 89.10611689321574, "params": {"h": 29.0, "p": 333.0, "r": 42.0}, "datetime": {"datetime": "2024-05-12 15:00:11", "elapsed": 4029.865194, "delta": 20.704242}}
{"target": 119.05090778464702, "params": {"h": 32.0, "p": 335.0, "r": 48.0}, "datetime": {"datetime": "2024-05-12 15:00:31", "elapsed": 4049.678772, "delta": 19.813578}}
{"target": 59.25682465560932, "params": {"h": 30.0, "p": 316.0, "r": 53.0}, "datetime": {"datetime": "2024-05-12 15:00:50", "elapsed": 4068.961077, "delta": 19.282305}}
{"target": 108.39651470835783, "params": {"h": 30.0, "p": 339.0, "r": 47.0}, "datetime": {"datetime": "2024-05-12 15:01:10", "elapsed": 4089.462202, "delta": 20.501125}}
{"target": 84.64273153017328, "params": {"h": 37.0, "p": 340.0, "r": 44.0}, "datetime": {"datetime": "2024-05-12 15:01:33", "elapsed": 4112.369715, "delta": 22.907513}}
{"target": 44.47827957575244, "params": {"h": 28.0, "p": 334.0, "r": 51.0}, "datetime": {"datetime": "2024-05-12 15:01:52", "elapsed": 4131.386392, "delta": 19.016677}}
{"target": 109.28457846041661, "params": {"h": 38.0, "p": 338.0, "r": 50.0}, "datetime": {"datetime": "2024-05-12 15:02:13", "elapsed": 4152.153171, "delta": 20.766779}}
{"target": 10.211785654202933, "params": {"h": 33.0, "p": 337.0, "r": 36.0}, "datetime": {"datetime": "2024-05-12 15:02:37", "elapsed": 4176.045127, "delta": 23.891956}}
{"target": 46.12528243517483, "params": {"h": 32.0, "p": 340.0, "r": 52.0}, "datetime": {"datetime": "2024-05-12 15:02:56", "elapsed": 4195.546217, "delta": 19.50109}}
{"target": 78.60980018234336, "params": {"h": 39.0, "p": 335.0, "r": 45.0}, "datetime": {"datetime": "2024-05-12 15:03:20", "elapsed": 4219.250668, "delta": 23.704451}}
{"target": 144.774037377719, "params": {"h": 33.0, "p": 337.0, "r": 46.0}, "datetime": {"datetime": "2024-05-12 15:03:42", "elapsed": 4240.62687, "delta": 21.376202}}
{"target": 124.6262442057426, "params": {"h": 37.0, "p": 335.0, "r": 49.0}, "datetime": {"datetime": "2024-05-12 15:04:03", "elapsed": 4261.581176, "delta": 20.954306}}
{"target": 116.1289189084056, "params": {"h": 34.0, "p": 309.0, "r": 50.0}, "datetime": {"datetime": "2024-05-12 15:04:24", "elapsed": 4282.87925, "delta": 21.298074}}
{"target": 119.48065160327978, "params": {"h": 34.0, "p": 314.0, "r": 48.0}, "datetime": {"datetime": "2024-05-12 15:04:44", "elapsed": 4302.817878, "delta": 19.938628}}
{"target": 104.69234708881169, "params": {"h": 40.0, "p": 310.0, "r": 51.0}, "datetime": {"datetime": "2024-05-12 15:05:04", "elapsed": 4323.240909, "delta": 20.423031}}
{"target": 120.32834775708805, "params": {"h": 33.0, "p": 332.0, "r": 45.0}, "datetime": {"datetime": "2024-05-12 15:05:26", "elapsed": 4344.679623, "delta": 21.438714}}
{"target": 118.30669338658656, "params": {"h": 41.0, "p": 328.0, "r": 50.0}, "datetime": {"datetime": "2024-05-12 15:05:47", "elapsed": 4366.462111, "delta": 21.782488}}
{"target": 149.89491726528124, "params": {"h": 18.0, "p": 277.0, "r": 37.0}, "datetime": {"datetime": "2024-05-12 15:06:07", "elapsed": 4385.900715, "delta": 19.438604}}
{"target": 74.74495534330572, "params": {"h": 42.0, "p": 320.0, "r": 56.0}, "datetime": {"datetime": "2024-05-12 15:06:27", "elapsed": 4405.65184, "delta": 19.751125}}
{"target": 114.07746677089851, "params": {"h": 45.0, "p": 332.0, "r": 51.0}, "datetime": {"datetime": "2024-05-12 15:06:47", "elapsed": 4426.434274, "delta": 20.782434}}
{"target": 158.222741694584, "params": {"h": 29.0, "p": 345.0, "r": 43.0}, "datetime": {"datetime": "2024-05-12 15:07:09", "elapsed": 4448.482407, "delta": 22.048133}}
{"target": 64.28105340255664, "params": {"h": 29.0, "p": 345.0, "r": 40.0}, "datetime": {"datetime": "2024-05-12 15:07:31", "elapsed": 4470.546166, "delta": 22.063759}}
{"target": 90.09480179136634, "params": {"h": 30.0, "p": 344.0, "r": 47.0}, "datetime": {"datetime": "2024-05-12 15:07:53", "elapsed": 4492.016142, "delta": 21.469976}}
{"target": 34.96657050569338, "params": {"h": 22.0, "p": 349.0, "r": 44.0}, "datetime": {"datetime": "2024-05-12 15:08:13", "elapsed": 4511.907906, "delta": 19.891764}}
{"target": 101.98230471205, "params": {"h": 35.0, "p": 348.0, "r": 43.0}, "datetime": {"datetime": "2024-05-12 15:08:35", "elapsed": 4534.5342, "delta": 22.626294}}
{"target": 118.63089540407921, "params": {"h": 38.0, "p": 330.0, "r": 50.0}, "datetime": {"datetime": "2024-05-12 15:08:55", "elapsed": 4554.410338, "delta": 19.876138}}
{"target": 119.84201338667786, "params": {"h": 31.0, "p": 351.0, "r": 43.0}, "datetime": {"datetime": "2024-05-12 15:09:17", "elapsed": 4575.927197, "delta": 21.516859}}
{"target": 126.70254072654335, "params": {"h": 28.0, "p": 342.0, "r": 45.0}, "datetime": {"datetime": "2024-05-12 15:09:38", "elapsed": 4596.928399, "delta": 21.001202}}
{"target": 28.84214142957938, "params": {"h": 33.0, "p": 353.0, "r": 49.0}, "datetime": {"datetime": "2024-05-12 15:09:58", "elapsed": 4617.538958, "delta": 20.610559}}
{"target": 120.35002188604507, "params": {"h": 41.0, "p": 333.0, "r": 50.0}, "datetime": {"datetime": "2024-05-12 15:10:20", "elapsed": 4638.837055, "delta": 21.298097}}
{"target": 73.14191255687295, "params": {"h": 49.0, "p": 334.0, "r": 56.0}, "datetime": {"datetime": "2024-05-12 15:10:42", "elapsed": 4660.619557, "delta": 21.782502}}
{"target": 41.94627711415487, "params": {"h": 42.0, "p": 328.0, "r": 44.0}, "datetime": {"datetime": "2024-05-12 15:11:04", "elapsed": 4682.933338, "delta": 22.313781}}
{"target": 6.954464244645697, "params": {"h": 37.0, "p": 358.0, "r": 35.0}, "datetime": {"datetime": "2024-05-12 15:11:30", "elapsed": 4709.40361, "delta": 26.470272}}
{"target": 148.39380432761973, "params": {"h": 27.0, "p": 347.0, "r": 43.0}, "datetime": {"datetime": "2024-05-12 15:11:52", "elapsed": 4731.014227, "delta": 21.610617}}
{"target": 94.35878794304503, "params": {"h": 37.0, "p": 314.0, "r": 53.0}, "datetime": {"datetime": "2024-05-12 15:12:13", "elapsed": 4752.062313, "delta": 21.048086}}
{"target": 1.2276892079399637, "params": {"h": 60.0, "p": 832.0, "r": 106.0}, "datetime": {"datetime": "2024-05-12 15:12:51", "elapsed": 4790.127003, "delta": 38.06469}}
{"target": 132.20450145855258, "params": {"h": 30.0, "p": 349.0, "r": 44.0}, "datetime": {"datetime": "2024-05-12 15:13:15", "elapsed": 4813.815866, "delta": 23.688863}}
{"target": 5.02760423212941, "params": {"h": 60.0, "p": 407.0, "r": 100.0}, "datetime": {"datetime": "2024-05-12 15:13:33", "elapsed": 4831.629391, "delta": 17.813525}}
{"target": 106.44373154622905, "params": {"h": 28.0, "p": 346.0, "r": 45.0}, "datetime": {"datetime": "2024-05-12 15:13:55", "elapsed": 4853.849423, "delta": 22.220032}}
{"target": 1.5387929324031002, "params": {"h": 58.0, "p": 900.0, "r": 70.0}, "datetime": {"datetime": "2024-05-12 15:14:43", "elapsed": 4902.274089, "delta": 48.424666}}
{"target": 103.99352870856339, "params": {"h": 28.0, "p": 351.0, "r": 43.0}, "datetime": {"datetime": "2024-05-12 15:15:05", "elapsed": 4924.556621, "delta": 22.282532}}
{"target": 20.077375067889363, "params": {"h": 15.0, "p": 269.0, "r": 29.0}, "datetime": {"datetime": "2024-05-12 15:15:26", "elapsed": 4945.339068, "delta": 20.782447}}
{"target": 2.039792432820331, "params": {"h": 17.0, "p": 515.0, "r": 93.0}, "datetime": {"datetime": "2024-05-12 15:15:49", "elapsed": 4968.074753, "delta": 22.735685}}
{"target": 91.49584125887819, "params": {"h": 44.0, "p": 327.0, "r": 54.0}, "datetime": {"datetime": "2024-05-12 15:16:10", "elapsed": 4989.01346, "delta": 20.938707}}
{"target": 1.1242431010531115, "params": {"h": 15.0, "p": 707.0, "r": 98.0}, "datetime": {"datetime": "2024-05-12 15:16:46", "elapsed": 5025.468634, "delta": 36.455174}}
{"target": 138.50495582295846, "params": {"h": 27.0, "p": 314.0, "r": 46.0}, "datetime": {"datetime": "2024-05-12 15:17:07", "elapsed": 5045.813526, "delta": 20.344892}}
{"target": 139.26506996163388, "params": {"h": 31.0, "p": 339.0, "r": 44.0}, "datetime": {"datetime": "2024-05-12 15:17:28", "elapsed": 5066.939783, "delta": 21.126257}}
{"target": 0.0, "params": {"h": 15.0, "p": 259.0, "r": 149.0}, "datetime": {"datetime": "2024-05-12 15:17:29", "elapsed": 5067.70538, "delta": 0.765597}}
{"target": 0.0, "params": {"h": 18.0, "p": 103.0, "r": 92.0}, "datetime": {"datetime": "2024-05-12 15:17:29", "elapsed": 5068.330415, "delta": 0.625035}}
{"target": 0.0, "params": {"h": 59.0, "p": 211.0, "r": 93.0}, "datetime": {"datetime": "2024-05-12 15:17:30", "elapsed": 5068.814817, "delta": 0.484402}}
