{"target": 0.9782541186716539, "params": {"h": 26.0, "p": 886.0, "r": 122.0}, "datetime": {"datetime": "2024-05-12 13:53:01", "elapsed": 0.0, "delta": 0.0}}
{"target": 10.782344652299985, "params": {"h": 46.0, "p": 117.0, "r": 30.0}, "datetime": {"datetime": "2024-05-12 13:53:18", "elapsed": 16.815831, "delta": 16.815831}}
{"target": 0.055943340022294584, "params": {"h": 35.0, "p": 934.0, "r": 21.0}, "datetime": {"datetime": "2024-05-12 13:54:44", "elapsed": 102.711348, "delta": 85.895517}}
{"target": 0.0, "params": {"h": 51.0, "p": 207.0, "r": 150.0}, "datetime": {"datetime": "2024-05-12 13:54:44", "elapsed": 102.711348, "delta": 0.0}}
{"target": 2.4326198544508677, "params": {"h": 56.0, "p": 637.0, "r": 86.0}, "datetime": {"datetime": "2024-05-12 13:55:16", "elapsed": 134.744429, "delta": 32.033081}}
{"target": 6.349105676605967, "params": {"h": 50.0, "p": 472.0, "r": 129.0}, "datetime": {"datetime": "2024-05-12 13:55:31", "elapsed": 149.995301, "delta": 15.250872}}
{"target": 1.3434948608382715, "params": {"h": 32.0, "p": 782.0, "r": 82.0}, "datetime": {"datetime": "2024-05-12 13:56:08", "elapsed": 186.73178, "delta": 36.736479}}
{"target": 11.560509187030355, "params": {"h": 23.0, "p": 310.0, "r": 101.0}, "datetime": {"datetime": "2024-05-12 13:56:20", "elapsed": 198.669965, "delta": 11.938185}}
{"target": 4.060072671646478, "params": {"h": 39.0, "p": 695.0, "r": 42.0}, "datetime": {"datetime": "2024-05-12 13:57:01", "elapsed": 240.047337, "delta": 41.377372}}
{"target": 2.831428083204266, "params": {"h": 15.0, "p": 398.0, "r": 60.0}, "datetime": {"datetime": "2024-05-12 13:57:21", "elapsed": 260.220369, "delta": 20.173032}}
{"target": 9.293911518854042, "params": {"h": 46.0, "p": 118.0, "r": 29.0}, "datetime": {"datetime": "2024-05-12 13:57:42", "elapsed": 280.924687, "delta": 20.704318}}
{"target": 12.761420358267033, "params": {"h": 25.0, "p": 306.0, "r": 99.0}, "datetime": {"datetime": "2024-05-12 13:57:54", "elapsed": 293.394149, "delta": 12.469462}}
{"target": 12.478746920833142, "params": {"h": 23.0, "p": 305.0, "r": 102.0}, "datetime": {"datetime": "2024-05-12 13:58:07", "elapsed": 306.238638, "delta": 12.844489}}
{"target": 0.0, "params": {"h": 45.0, "p": 113.0, "r": 34.0}, "datetime": {"datetime": "2024-05-12 13:58:07", "elapsed": 306.394896, "delta": 0.156258}}
{"target": 14.0721307814423, "params": {"h": 27.0, "p": 303.0, "r": 100.0}, "datetime": {"datetime": "2024-05-12 13:58:20", "elapsed": 319.255013, "delta": 12.860117}}
{"target": 12.365924852331888, "params": {"h": 23.0, "p": 301.0, "r": 96.0}, "datetime": {"datetime": "2024-05-12 13:58:33", "elapsed": 332.021371, "delta": 12.766358}}
{"target": 15.06381988135075, "params": {"h": 30.0, "p": 305.0, "r": 105.0}, "datetime": {"datetime": "2024-05-12 13:58:45", "elapsed": 343.943931, "delta": 11.92256}}
{"target": 14.87263717499296, "params": {"h": 30.0, "p": 305.0, "r": 100.0}, "datetime": {"datetime": "2024-05-12 13:58:57", "elapsed": 355.850867, "delta": 11.906936}}
{"target": 14.466863928878746, "params": {"h": 29.0, "p": 306.0, "r": 103.0}, "datetime": {"datetime": "2024-05-12 13:59:11", "elapsed": 369.664161, "delta": 13.813294}}
{"target": 14.904810232174551, "params": {"h": 28.0, "p": 309.0, "r": 110.0}, "datetime": {"datetime": "2024-05-12 13:59:23", "elapsed": 382.524276, "delta": 12.860115}}
{"target": 15.820241165848673, "params": {"h": 35.0, "p": 310.0, "r": 110.0}, "datetime": {"datetime": "2024-05-12 13:59:36", "elapsed": 394.821858, "delta": 12.297582}}
{"target": 14.78818020156179, "params": {"h": 33.0, "p": 312.0, "r": 105.0}, "datetime": {"datetime": "2024-05-12 13:59:48", "elapsed": 407.35383, "delta": 12.531972}}
{"target": 16.742292000865817, "params": {"h": 38.0, "p": 308.0, "r": 107.0}, "datetime": {"datetime": "2024-05-12 14:00:01", "elapsed": 419.979556, "delta": 12.625726}}
{"target": 16.253797812557753, "params": {"h": 35.0, "p": 306.0, "r": 107.0}, "datetime": {"datetime": "2024-05-12 14:00:13", "elapsed": 432.136508, "delta": 12.156952}}
{"target": 17.13904474494541, "params": {"h": 38.0, "p": 306.0, "r": 102.0}, "datetime": {"datetime": "2024-05-12 14:00:26", "elapsed": 444.590351, "delta": 12.453843}}
{"target": 18.32581129791945, "params": {"h": 41.0, "p": 302.0, "r": 105.0}, "datetime": {"datetime": "2024-05-12 14:00:38", "elapsed": 456.966067, "delta": 12.375716}}
{"target": 19.69449391656093, "params": {"h": 43.0, "p": 297.0, "r": 101.0}, "datetime": {"datetime": "2024-05-12 14:00:51", "elapsed": 469.631533, "delta": 12.665466}}
{"target": 18.870686603115512, "params": {"h": 39.0, "p": 298.0, "r": 100.0}, "datetime": {"datetime": "2024-05-12 14:01:01", "elapsed": 480.028363, "delta": 10.39683}}
{"target": 19.905680355964424, "params": {"h": 44.0, "p": 301.0, "r": 99.0}, "datetime": {"datetime": "2024-05-12 14:01:13", "elapsed": 491.810067, "delta": 11.781704}}
{"target": 20.637924499692975, "params": {"h": 49.0, "p": 300.0, "r": 102.0}, "datetime": {"datetime": "2024-05-12 14:01:25", "elapsed": 504.562546, "delta": 12.752479}}
{"target": 22.339349452276885, "params": {"h": 56.0, "p": 303.0, "r": 102.0}, "datetime": {"datetime": "2024-05-12 14:01:37", "elapsed": 516.248721, "delta": 11.686175}}
{"target": 23.25723380465343, "params": {"h": 55.0, "p": 303.0, "r": 97.0}, "datetime": {"datetime": "2024-05-12 14:01:49", "elapsed": 528.140032, "delta": 11.891311}}
{"target": 25.488290633890756, "params": {"h": 60.0, "p": 298.0, "r": 97.0}, "datetime": {"datetime": "2024-05-12 14:02:01", "elapsed": 540.398632, "delta": 12.2586}}
{"target": 24.52755753302267, "params": {"h": 56.0, "p": 296.0, "r": 96.0}, "datetime": {"datetime": "2024-05-12 14:02:14", "elapsed": 553.235698, "delta": 12.837066}}
{"target": 25.272704486357856, "params": {"h": 56.0, "p": 298.0, "r": 93.0}, "datetime": {"datetime": "2024-05-12 14:02:28", "elapsed": 567.439643, "delta": 14.203945}}
{"target": 27.34555671563095, "params": {"h": 60.0, "p": 297.0, "r": 92.0}, "datetime": {"datetime": "2024-05-12 14:02:43", "elapsed": 581.924853, "delta": 14.48521}}
{"target": 29.591223477559204, "params": {"h": 60.0, "p": 292.0, "r": 88.0}, "datetime": {"datetime": "2024-05-12 14:02:57", "elapsed": 595.691274, "delta": 13.766421}}
{"target": 32.69732933661153, "params": {"h": 60.0, "p": 294.0, "r": 83.0}, "datetime": {"datetime": "2024-05-12 14:03:11", "elapsed": 610.535883, "delta": 14.844609}}
{"target": 36.08777782328256, "params": {"h": 60.0, "p": 291.0, "r": 79.0}, "datetime": {"datetime": "2024-05-12 14:03:26", "elapsed": 625.208601, "delta": 14.672718}}
{"target": 34.17189083664099, "params": {"h": 53.0, "p": 289.0, "r": 78.0}, "datetime": {"datetime": "2024-05-12 14:03:41", "elapsed": 640.115715, "delta": 14.907114}}
{"target": 40.83352756160657, "params": {"h": 58.0, "p": 291.0, "r": 74.0}, "datetime": {"datetime": "2024-05-12 14:03:57", "elapsed": 656.007255, "delta": 15.89154}}
{"target": 53.81351509907645, "params": {"h": 60.0, "p": 293.0, "r": 67.0}, "datetime": {"datetime": "2024-05-12 14:04:14", "elapsed": 673.023862, "delta": 17.016607}}
{"target": 63.157287934720834, "params": {"h": 60.0, "p": 294.0, "r": 63.0}, "datetime": {"datetime": "2024-05-12 14:04:32", "elapsed": 691.134281, "delta": 18.110419}}
{"target": 71.00342300944679, "params": {"h": 60.0, "p": 295.0, "r": 58.0}, "datetime": {"datetime": "2024-05-12 14:04:51", "elapsed": 710.291637, "delta": 19.157356}}
{"target": 71.45370300609459, "params": {"h": 60.0, "p": 299.0, "r": 55.0}, "datetime": {"datetime": "2024-05-12 14:05:10", "elapsed": 729.417741, "delta": 19.126104}}
{"target": 54.687924649645694, "params": {"h": 60.0, "p": 294.0, "r": 52.0}, "datetime": {"datetime": "2024-05-12 14:05:33", "elapsed": 752.247183, "delta": 22.829442}}
{"target": 75.57854247032782, "params": {"h": 60.0, "p": 300.0, "r": 58.0}, "datetime": {"datetime": "2024-05-12 14:05:54", "elapsed": 772.685865, "delta": 20.438682}}
{"target": 78.8879340214444, "params": {"h": 54.0, "p": 300.0, "r": 56.0}, "datetime": {"datetime": "2024-05-12 14:06:14", "elapsed": 793.124544, "delta": 20.438679}}
{"target": 77.69010351959676, "params": {"h": 54.0, "p": 302.0, "r": 58.0}, "datetime": {"datetime": "2024-05-12 14:06:34", "elapsed": 813.063195, "delta": 19.938651}}
{"target": 75.68720760210545, "params": {"h": 54.0, "p": 299.0, "r": 58.0}, "datetime": {"datetime": "2024-05-12 14:06:55", "elapsed": 833.876896, "delta": 20.813701}}
{"target": 84.26567071050262, "params": {"h": 50.0, "p": 305.0, "r": 53.0}, "datetime": {"datetime": "2024-05-12 14:07:17", "elapsed": 855.800036, "delta": 21.92314}}
{"target": 58.843297082181465, "params": {"h": 48.0, "p": 313.0, "r": 48.0}, "datetime": {"datetime": "2024-05-12 14:07:39", "elapsed": 877.97319, "delta": 22.173154}}
{"target": 86.67450365432954, "params": {"h": 46.0, "p": 302.0, "r": 53.0}, "datetime": {"datetime": "2024-05-12 14:07:59", "elapsed": 898.411826, "delta": 20.438636}}
{"target": 98.99910019801149, "params": {"h": 36.0, "p": 299.0, "r": 49.0}, "datetime": {"datetime": "2024-05-12 14:08:19", "elapsed": 918.412925, "delta": 20.001099}}
{"target": 125.76074182600591, "params": {"h": 29.0, "p": 296.0, "r": 47.0}, "datetime": {"datetime": "2024-05-12 14:08:38", "elapsed": 937.023323, "delta": 18.610398}}
{"target": 123.26579783760056, "params": {"h": 23.0, "p": 293.0, "r": 45.0}, "datetime": {"datetime": "2024-05-12 14:08:58", "elapsed": 956.680661, "delta": 19.657338}}
{"target": 95.99875268310299, "params": {"h": 25.0, "p": 296.0, "r": 48.0}, "datetime": {"datetime": "2024-05-12 14:09:17", "elapsed": 976.103613, "delta": 19.422952}}
{"target": 28.03635441164653, "params": {"h": 30.0, "p": 290.0, "r": 40.0}, "datetime": {"datetime": "2024-05-12 14:09:39", "elapsed": 997.589185, "delta": 21.485572}}
{"target": 46.2543734556448, "params": {"h": 21.0, "p": 286.0, "r": 49.0}, "datetime": {"datetime": "2024-05-12 14:09:55", "elapsed": 1014.543255, "delta": 16.95407}}
{"target": 144.60383835975904, "params": {"h": 25.0, "p": 298.0, "r": 44.0}, "datetime": {"datetime": "2024-05-12 14:10:13", "elapsed": 1032.122365, "delta": 17.57911}}
{"target": 72.46024746527188, "params": {"h": 31.0, "p": 302.0, "r": 44.0}, "datetime": {"datetime": "2024-05-12 14:10:33", "elapsed": 1051.592204, "delta": 19.469839}}
{"target": 35.37748638714173, "params": {"h": 19.0, "p": 305.0, "r": 34.0}, "datetime": {"datetime": "2024-05-12 14:10:53", "elapsed": 1072.358996, "delta": 20.766792}}
{"target": 132.27323401831504, "params": {"h": 25.0, "p": 297.0, "r": 43.0}, "datetime": {"datetime": "2024-05-12 14:11:13", "elapsed": 1091.719462, "delta": 19.360466}}
{"target": 92.81836567292575, "params": {"h": 22.0, "p": 303.0, "r": 45.0}, "datetime": {"datetime": "2024-05-12 14:11:30", "elapsed": 1109.282951, "delta": 17.563489}}
{"target": 55.0398309648656, "params": {"h": 39.0, "p": 305.0, "r": 60.0}, "datetime": {"datetime": "2024-05-12 14:11:48", "elapsed": 1126.908947, "delta": 17.625996}}
{"target": 43.5597662635829, "params": {"h": 46.0, "p": 292.0, "r": 47.0}, "datetime": {"datetime": "2024-05-12 14:12:10", "elapsed": 1148.628928, "delta": 21.719981}}
{"target": 63.60321623226741, "params": {"h": 38.0, "p": 294.0, "r": 59.0}, "datetime": {"datetime": "2024-05-12 14:12:26", "elapsed": 1165.364249, "delta": 16.735321}}
{"target": 56.739524170693386, "params": {"h": 18.0, "p": 292.0, "r": 43.0}, "datetime": {"datetime": "2024-05-12 14:12:44", "elapsed": 1183.099633, "delta": 17.735384}}
{"target": 42.938169685620785, "params": {"h": 54.0, "p": 312.0, "r": 68.0}, "datetime": {"datetime": "2024-05-12 14:13:01", "elapsed": 1200.100598, "delta": 17.000965}}
{"target": 9.392781988625005, "params": {"h": 57.0, "p": 306.0, "r": 39.0}, "datetime": {"datetime": "2024-05-12 14:13:29", "elapsed": 1227.961561, "delta": 27.860963}}
{"target": 71.96197480834032, "params": {"h": 51.0, "p": 325.0, "r": 58.0}, "datetime": {"datetime": "2024-05-12 14:13:49", "elapsed": 1247.853315, "delta": 19.891754}}
{"target": 72.29898962382744, "params": {"h": 49.0, "p": 329.0, "r": 48.0}, "datetime": {"datetime": "2024-05-12 14:14:11", "elapsed": 1269.917075, "delta": 22.06376}}
{"target": 38.50476567253465, "params": {"h": 39.0, "p": 331.0, "r": 59.0}, "datetime": {"datetime": "2024-05-12 14:14:30", "elapsed": 1289.37131, "delta": 19.454235}}
{"target": 121.7402745771701, "params": {"h": 28.0, "p": 300.0, "r": 48.0}, "datetime": {"datetime": "2024-05-12 14:14:48", "elapsed": 1307.512971, "delta": 18.141661}}
{"target": 92.05183291636692, "params": {"h": 56.0, "p": 334.0, "r": 55.0}, "datetime": {"datetime": "2024-05-12 14:15:09", "elapsed": 1328.217281, "delta": 20.70431}}
{"target": 80.70014776018903, "params": {"h": 60.0, "p": 327.0, "r": 51.0}, "datetime": {"datetime": "2024-05-12 14:15:33", "elapsed": 1352.15615, "delta": 23.938869}}
{"target": 33.33215604575305, "params": {"h": 56.0, "p": 337.0, "r": 65.0}, "datetime": {"datetime": "2024-05-12 14:15:51", "elapsed": 1370.23531, "delta": 18.07916}}
{"target": 53.91420128629383, "params": {"h": 55.0, "p": 340.0, "r": 46.0}, "datetime": {"datetime": "2024-05-12 14:16:16", "elapsed": 1394.611708, "delta": 24.376398}}
{"target": 4.142671692031644, "params": {"h": 54.0, "p": 329.0, "r": 34.0}, "datetime": {"datetime": "2024-05-12 14:16:45", "elapsed": 1423.738378, "delta": 29.12667}}
{"target": 81.29495055609148, "params": {"h": 58.0, "p": 319.0, "r": 58.0}, "datetime": {"datetime": "2024-05-12 14:17:04", "elapsed": 1443.411381, "delta": 19.673003}}
{"target": 52.62782057229819, "params": {"h": 43.0, "p": 349.0, "r": 52.0}, "datetime": {"datetime": "2024-05-12 14:17:26", "elapsed": 1464.771983, "delta": 21.360602}}
{"target": 101.84106359086374, "params": {"h": 28.0, "p": 297.0, "r": 44.0}, "datetime": {"datetime": "2024-05-12 14:17:45", "elapsed": 1483.632442, "delta": 18.860459}}
{"target": 93.17066155953397, "params": {"h": 38.0, "p": 290.0, "r": 51.0}, "datetime": {"datetime": "2024-05-12 14:18:03", "elapsed": 1502.414769, "delta": 18.782327}}
{"target": 91.38149768987186, "params": {"h": 29.0, "p": 295.0, "r": 51.0}, "datetime": {"datetime": "2024-05-12 14:18:21", "elapsed": 1519.97828, "delta": 17.563511}}
{"target": 108.82105884347938, "params": {"h": 32.0, "p": 288.0, "r": 49.0}, "datetime": {"datetime": "2024-05-12 14:18:40", "elapsed": 1538.916871, "delta": 18.938591}}
{"target": 149.0032135562954, "params": {"h": 24.0, "p": 299.0, "r": 43.0}, "datetime": {"datetime": "2024-05-12 14:18:59", "elapsed": 1558.136726, "delta": 19.219855}}
{"target": 73.0885074977091, "params": {"h": 36.0, "p": 284.0, "r": 57.0}, "datetime": {"datetime": "2024-05-12 14:19:16", "elapsed": 1574.747056, "delta": 16.61033}}
{"target": 62.39985977797181, "params": {"h": 40.0, "p": 276.0, "r": 49.0}, "datetime": {"datetime": "2024-05-12 14:19:35", "elapsed": 1593.904414, "delta": 19.157358}}
{"target": 50.42741774213706, "params": {"h": 37.0, "p": 266.0, "r": 64.0}, "datetime": {"datetime": "2024-05-12 14:19:50", "elapsed": 1609.170911, "delta": 15.266497}}
{"target": 165.06372632010292, "params": {"h": 21.0, "p": 298.0, "r": 41.0}, "datetime": {"datetime": "2024-05-12 14:20:07", "elapsed": 1626.546913, "delta": 17.376002}}
{"target": 166.60488216457617, "params": {"h": 21.0, "p": 301.0, "r": 41.0}, "datetime": {"datetime": "2024-05-12 14:20:27", "elapsed": 1645.657388, "delta": 19.110475}}
{"target": 38.83084362203513, "params": {"h": 16.0, "p": 299.0, "r": 41.0}, "datetime": {"datetime": "2024-05-12 14:20:44", "elapsed": 1663.314657, "delta": 17.657269}}
{"target": 29.397285614411484, "params": {"h": 24.0, "p": 302.0, "r": 37.0}, "datetime": {"datetime": "2024-05-12 14:21:04", "elapsed": 1683.565823, "delta": 20.251166}}
{"target": 91.94919046034114, "params": {"h": 35.0, "p": 294.0, "r": 48.0}, "datetime": {"datetime": "2024-05-12 14:21:24", "elapsed": 1703.520098, "delta": 19.954275}}
{"target": 106.6044133846461, "params": {"h": 29.0, "p": 282.0, "r": 50.0}, "datetime": {"datetime": "2024-05-12 14:21:41", "elapsed": 1720.50545, "delta": 16.985352}}
{"target": 89.30666804925525, "params": {"h": 27.0, "p": 274.0, "r": 51.0}, "datetime": {"datetime": "2024-05-12 14:21:58", "elapsed": 1737.178286, "delta": 16.672836}}
{"target": 72.2059920655844, "params": {"h": 31.0, "p": 279.0, "r": 45.0}, "datetime": {"datetime": "2024-05-12 14:22:16", "elapsed": 1754.991814, "delta": 17.813528}}
{"target": 43.26471743830792, "params": {"h": 27.0, "p": 279.0, "r": 58.0}, "datetime": {"datetime": "2024-05-12 14:22:32", "elapsed": 1770.836481, "delta": 15.844667}}
{"target": 79.48100242189639, "params": {"h": 24.0, "p": 265.0, "r": 50.0}, "datetime": {"datetime": "2024-05-12 14:22:48", "elapsed": 1787.228047, "delta": 16.391566}}
{"target": 150.08874501829106, "params": {"h": 21.0, "p": 272.0, "r": 42.0}, "datetime": {"datetime": "2024-05-12 14:23:06", "elapsed": 1804.697802, "delta": 17.469755}}
{"target": 65.04580919112381, "params": {"h": 19.0, "p": 272.0, "r": 45.0}, "datetime": {"datetime": "2024-05-12 14:23:23", "elapsed": 1821.730034, "delta": 17.032232}}
{"target": 80.27583394467884, "params": {"h": 23.0, "p": 272.0, "r": 40.0}, "datetime": {"datetime": "2024-05-12 14:23:42", "elapsed": 1840.809258, "delta": 19.079224}}
{"target": 93.41818187845092, "params": {"h": 32.0, "p": 302.0, "r": 52.0}, "datetime": {"datetime": "2024-05-12 14:24:00", "elapsed": 1858.685288, "delta": 17.87603}}
{"target": 111.17861147496956, "params": {"h": 17.0, "p": 274.0, "r": 35.0}, "datetime": {"datetime": "2024-05-12 14:24:19", "elapsed": 1878.186412, "delta": 19.501124}}
{"target": 114.25864958963747, "params": {"h": 17.0, "p": 279.0, "r": 35.0}, "datetime": {"datetime": "2024-05-12 14:24:37", "elapsed": 1896.124944, "delta": 17.938532}}
{"target": 11.391698832456603, "params": {"h": 21.0, "p": 279.0, "r": 32.0}, "datetime": {"datetime": "2024-05-12 14:24:57", "elapsed": 1916.172975, "delta": 20.048031}}
{"target": 173.664370076583, "params": {"h": 18.0, "p": 280.0, "r": 38.0}, "datetime": {"datetime": "2024-05-12 14:25:17", "elapsed": 1936.033466, "delta": 19.860491}}
{"target": 81.54992314958626, "params": {"h": 18.0, "p": 279.0, "r": 42.0}, "datetime": {"datetime": "2024-05-12 14:25:35", "elapsed": 1953.893829, "delta": 17.860363}}
{"target": 126.04743177308315, "params": {"h": 21.0, "p": 297.0, "r": 43.0}, "datetime": {"datetime": "2024-05-12 14:25:53", "elapsed": 1971.863578, "delta": 17.969749}}
{"target": 161.43425438241766, "params": {"h": 17.0, "p": 281.0, "r": 38.0}, "datetime": {"datetime": "2024-05-12 14:26:12", "elapsed": 1991.145903, "delta": 19.282325}}
{"target": 111.36948440569194, "params": {"h": 21.0, "p": 283.0, "r": 39.0}, "datetime": {"datetime": "2024-05-12 14:26:30", "elapsed": 2009.037527, "delta": 17.891624}}
{"target": 92.30743778053944, "params": {"h": 22.0, "p": 299.0, "r": 39.0}, "datetime": {"datetime": "2024-05-12 14:26:50", "elapsed": 2028.663626, "delta": 19.626099}}
{"target": 52.575950766824064, "params": {"h": 40.0, "p": 303.0, "r": 46.0}, "datetime": {"datetime": "2024-05-12 14:27:11", "elapsed": 2049.727309, "delta": 21.063683}}
{"target": 125.33561757539661, "params": {"h": 25.0, "p": 270.0, "r": 46.0}, "datetime": {"datetime": "2024-05-12 14:27:28", "elapsed": 2067.322048, "delta": 17.594739}}
{"target": 122.6943898225765, "params": {"h": 27.0, "p": 289.0, "r": 45.0}, "datetime": {"datetime": "2024-05-12 14:27:47", "elapsed": 2085.729335, "delta": 18.407287}}
{"target": 147.22069204728896, "params": {"h": 19.0, "p": 304.0, "r": 40.0}, "datetime": {"datetime": "2024-05-12 14:28:05", "elapsed": 2104.527271, "delta": 18.797936}}
{"target": 76.98999387868515, "params": {"h": 21.0, "p": 279.0, "r": 38.0}, "datetime": {"datetime": "2024-05-12 14:28:23", "elapsed": 2121.903255, "delta": 17.375984}}
{"target": 113.6932487587298, "params": {"h": 18.0, "p": 284.0, "r": 36.0}, "datetime": {"datetime": "2024-05-12 14:28:42", "elapsed": 2141.451236, "delta": 19.547981}}
{"target": 121.06037459418123, "params": {"h": 20.0, "p": 300.0, "r": 42.0}, "datetime": {"datetime": "2024-05-12 14:29:01", "elapsed": 2160.311679, "delta": 18.860443}}
{"target": 151.80345657293194, "params": {"h": 20.0, "p": 302.0, "r": 41.0}, "datetime": {"datetime": "2024-05-12 14:29:20", "elapsed": 2179.219003, "delta": 18.907324}}
{"target": 121.14373645464889, "params": {"h": 29.0, "p": 290.0, "r": 48.0}, "datetime": {"datetime": "2024-05-12 14:29:40", "elapsed": 2199.173264, "delta": 19.954261}}
{"target": 158.63642040292984, "params": {"h": 17.0, "p": 278.0, "r": 38.0}, "datetime": {"datetime": "2024-05-12 14:29:58", "elapsed": 2217.332685, "delta": 18.159421}}
{"target": 155.26004558244244, "params": {"h": 23.0, "p": 302.0, "r": 43.0}, "datetime": {"datetime": "2024-05-12 14:30:17", "elapsed": 2236.099379, "delta": 18.766694}}
{"target": 143.2357542935464, "params": {"h": 26.0, "p": 302.0, "r": 45.0}, "datetime": {"datetime": "2024-05-12 14:30:35", "elapsed": 2253.959772, "delta": 17.860393}}
{"target": 130.14383213162915, "params": {"h": 23.0, "p": 266.0, "r": 43.0}, "datetime": {"datetime": "2024-05-12 14:30:52", "elapsed": 2270.976368, "delta": 17.016596}}
{"target": 133.32167357740073, "params": {"h": 23.0, "p": 271.0, "r": 43.0}, "datetime": {"datetime": "2024-05-12 14:31:10", "elapsed": 2289.102404, "delta": 18.126036}}
{"target": 50.50368311266545, "params": {"h": 17.0, "p": 307.0, "r": 41.0}, "datetime": {"datetime": "2024-05-12 14:31:29", "elapsed": 2308.150368, "delta": 19.047964}}
{"target": 66.41159520523092, "params": {"h": 16.0, "p": 272.0, "r": 40.0}, "datetime": {"datetime": "2024-05-12 14:31:47", "elapsed": 2326.198276, "delta": 18.047908}}
{"target": 72.82128834589862, "params": {"h": 27.0, "p": 265.0, "r": 43.0}, "datetime": {"datetime": "2024-05-12 14:32:05", "elapsed": 2343.83991, "delta": 17.641634}}
