{"target": 1.1444652359049972, "params": {"h": 34.0, "p": 484.0, "r": 30.0}, "datetime": {"datetime": "2024-06-11 12:05:34", "elapsed": 0.0, "delta": 0.0}}
{"target": 0.0, "params": {"h": 60.0, "p": 195.0, "r": 125.0}, "datetime": {"datetime": "2024-06-11 12:05:34", "elapsed": 0.0, "delta": 0.0}}
{"target": 1.2524155343318686, "params": {"h": 40.0, "p": 885.0, "r": 147.0}, "datetime": {"datetime": "2024-06-11 12:06:18", "elapsed": 43.438476, "delta": 43.438476}}
{"target": 2.2674781085120777, "params": {"h": 41.0, "p": 601.0, "r": 121.0}, "datetime": {"datetime": "2024-06-11 12:06:41", "elapsed": 67.257251, "delta": 23.818775}}
{"target": 1.554480893526599, "params": {"h": 18.0, "p": 734.0, "r": 126.0}, "datetime": {"datetime": "2024-06-11 12:07:22", "elapsed": 108.030981, "delta": 40.77373}}
{"target": 0.0, "params": {"h": 43.0, "p": 164.0, "r": 140.0}, "datetime": {"datetime": "2024-06-11 12:07:22", "elapsed": 108.030981, "delta": 0.0}}
{"target": 1.294853866251787, "params": {"h": 45.0, "p": 824.0, "r": 132.0}, "datetime": {"datetime": "2024-06-11 12:08:01", "elapsed": 147.21728, "delta": 39.186299}}
{"target": 2.465051508663754, "params": {"h": 54.0, "p": 552.0, "r": 97.0}, "datetime": {"datetime": "2024-06-11 12:08:25", "elapsed": 170.471699, "delta": 23.254419}}
{"target": 0.9238041881570122, "params": {"h": 23.0, "p": 815.0, "r": 85.0}, "datetime": {"datetime": "2024-06-11 12:09:03", "elapsed": 209.109567, "delta": 38.637868}}
{"target": 95.37382190567993, "params": {"h": 29.0, "p": 254.0, "r": 50.0}, "datetime": {"datetime": "2024-06-11 12:09:20", "elapsed": 226.119243, "delta": 17.009676}}
{"target": 2.464032273343681, "params": {"h": 57.0, "p": 999.0, "r": 52.0}, "datetime": {"datetime": "2024-06-11 12:10:29", "elapsed": 295.136167, "delta": 69.016924}}
{"target": 3.3978663803389098, "params": {"h": 24.0, "p": 394.0, "r": 89.0}, "datetime": {"datetime": "2024-06-11 12:10:46", "elapsed": 311.428567, "delta": 16.2924}}
{"target": 0.0, "params": {"h": 39.0, "p": 139.0, "r": 111.0}, "datetime": {"datetime": "2024-06-11 12:10:46", "elapsed": 311.428567, "delta": 0.0}}
{"target": 0.9708394985859101, "params": {"h": 21.0, "p": 875.0, "r": 66.0}, "datetime": {"datetime": "2024-06-11 12:11:35", "elapsed": 361.126451, "delta": 49.697884}}
{"target": 12.944007016610772, "params": {"h": 55.0, "p": 344.0, "r": 99.0}, "datetime": {"datetime": "2024-06-11 12:11:51", "elapsed": 376.520836, "delta": 15.394385}}
{"target": 1.834792118609007, "params": {"h": 52.0, "p": 926.0, "r": 63.0}, "datetime": {"datetime": "2024-06-11 12:12:44", "elapsed": 429.540932, "delta": 53.020096}}
{"target": 1.3108919432830135, "params": {"h": 49.0, "p": 892.0, "r": 74.0}, "datetime": {"datetime": "2024-06-11 12:13:30", "elapsed": 475.475255, "delta": 45.934323}}
{"target": 2.9942193407935753, "params": {"h": 30.0, "p": 651.0, "r": 128.0}, "datetime": {"datetime": "2024-06-11 12:13:55", "elapsed": 501.209544, "delta": 25.734289}}
{"target": 1.0450747873844684, "params": {"h": 54.0, "p": 878.0, "r": 110.0}, "datetime": {"datetime": "2024-06-11 12:14:34", "elapsed": 540.297243, "delta": 39.087699}}
{"target": 0.0, "params": {"h": 31.0, "p": 202.0, "r": 103.0}, "datetime": {"datetime": "2024-06-11 12:14:34", "elapsed": 540.297243, "delta": 0.0}}
{"target": 3.6004534766983882, "params": {"h": 34.0, "p": 414.0, "r": 96.0}, "datetime": {"datetime": "2024-06-11 12:14:47", "elapsed": 553.098898, "delta": 12.801655}}
{"target": 27.20779145799869, "params": {"h": 52.0, "p": 216.0, "r": 75.0}, "datetime": {"datetime": "2024-06-11 12:14:57", "elapsed": 563.250067, "delta": 10.151169}}
{"target": 8.035389768911898, "params": {"h": 58.0, "p": 390.0, "r": 65.0}, "datetime": {"datetime": "2024-06-11 12:15:18", "elapsed": 584.022552, "delta": 20.772485}}
{"target": 0.841816541089228, "params": {"h": 33.0, "p": 953.0, "r": 95.0}, "datetime": {"datetime": "2024-06-11 12:16:12", "elapsed": 637.407012, "delta": 53.38446}}
{"target": 0.0, "params": {"h": 19.0, "p": 149.0, "r": 71.0}, "datetime": {"datetime": "2024-06-11 12:16:12", "elapsed": 637.407012, "delta": 0.0}}
{"target": 6.357964744735907, "params": {"h": 46.0, "p": 581.0, "r": 49.0}, "datetime": {"datetime": "2024-06-11 12:16:43", "elapsed": 669.089388, "delta": 31.682376}}
{"target": 2.127482272421287, "params": {"h": 30.0, "p": 743.0, "r": 143.0}, "datetime": {"datetime": "2024-06-11 12:17:14", "elapsed": 700.026343, "delta": 30.936955}}
{"target": 20.881926081954088, "params": {"h": 25.0, "p": 350.0, "r": 35.0}, "datetime": {"datetime": "2024-06-11 12:17:38", "elapsed": 724.296907, "delta": 24.270564}}
{"target": 24.782451367947896, "params": {"h": 50.0, "p": 261.0, "r": 91.0}, "datetime": {"datetime": "2024-06-11 12:17:51", "elapsed": 737.208954, "delta": 12.912047}}
{"target": 0.8720360421186134, "params": {"h": 38.0, "p": 984.0, "r": 88.0}, "datetime": {"datetime": "2024-06-11 12:18:44", "elapsed": 790.146889, "delta": 52.937935}}
{"target": 1.1994944037868307, "params": {"h": 22.0, "p": 756.0, "r": 91.0}, "datetime": {"datetime": "2024-06-11 12:19:17", "elapsed": 822.854112, "delta": 32.707223}}
{"target": 0.2387315839614438, "params": {"h": 44.0, "p": 830.0, "r": 28.0}, "datetime": {"datetime": "2024-06-11 12:20:13", "elapsed": 878.812841, "delta": 55.958729}}
{"target": 2.2898670013633255, "params": {"h": 20.0, "p": 616.0, "r": 132.0}, "datetime": {"datetime": "2024-06-11 12:20:42", "elapsed": 907.521854, "delta": 28.709013}}
{"target": 0.0, "params": {"h": 42.0, "p": 135.0, "r": 84.0}, "datetime": {"datetime": "2024-06-11 12:20:42", "elapsed": 907.521854, "delta": 0.0}}
{"target": 3.1708068415488393, "params": {"h": 36.0, "p": 988.0, "r": 50.0}, "datetime": {"datetime": "2024-06-11 12:21:40", "elapsed": 966.173834, "delta": 58.65198}}
{"target": 0.8942203540818107, "params": {"h": 34.0, "p": 718.0, "r": 33.0}, "datetime": {"datetime": "2024-06-11 12:22:27", "elapsed": 1012.563711, "delta": 46.389877}}
{"target": 8.799048482702874, "params": {"h": 47.0, "p": 122.0, "r": 29.0}, "datetime": {"datetime": "2024-06-11 12:22:47", "elapsed": 1032.947937, "delta": 20.384226}}
{"target": 18.838249657485274, "params": {"h": 24.0, "p": 256.0, "r": 95.0}, "datetime": {"datetime": "2024-06-11 12:22:59", "elapsed": 1044.830129, "delta": 11.882192}}
{"target": 1.2092353077454068, "params": {"h": 18.0, "p": 902.0, "r": 144.0}, "datetime": {"datetime": "2024-06-11 12:23:54", "elapsed": 1099.576546, "delta": 54.746417}}
{"target": 2.444003183242652, "params": {"h": 17.0, "p": 495.0, "r": 61.0}, "datetime": {"datetime": "2024-06-11 12:24:16", "elapsed": 1122.250714, "delta": 22.674168}}
{"target": 10.160553274710447, "params": {"h": 42.0, "p": 471.0, "r": 45.0}, "datetime": {"datetime": "2024-06-11 12:24:46", "elapsed": 1151.617447, "delta": 29.366733}}
{"target": 23.495758552048986, "params": {"h": 55.0, "p": 264.0, "r": 96.0}, "datetime": {"datetime": "2024-06-11 12:24:58", "elapsed": 1163.876215, "delta": 12.258768}}
{"target": 0.0, "params": {"h": 15.0, "p": 151.0, "r": 56.0}, "datetime": {"datetime": "2024-06-11 12:24:58", "elapsed": 1163.876215, "delta": 0.0}}
{"target": 21.497543651368453, "params": {"h": 50.0, "p": 375.0, "r": 46.0}, "datetime": {"datetime": "2024-06-11 12:25:24", "elapsed": 1189.541144, "delta": 25.664929}}
{"target": 0.0, "params": {"h": 50.0, "p": 277.0, "r": 141.0}, "datetime": {"datetime": "2024-06-11 12:25:24", "elapsed": 1189.541144, "delta": 0.0}}
{"target": 1.7068606655285052, "params": {"h": 50.0, "p": 728.0, "r": 105.0}, "datetime": {"datetime": "2024-06-11 12:25:56", "elapsed": 1221.500025, "delta": 31.958881}}
{"target": 0.0, "params": {"h": 34.0, "p": 197.0, "r": 77.0}, "datetime": {"datetime": "2024-06-11 12:25:56", "elapsed": 1221.500025, "delta": 0.0}}
{"target": 1.3546667533989518, "params": {"h": 59.0, "p": 842.0, "r": 134.0}, "datetime": {"datetime": "2024-06-11 12:26:36", "elapsed": 1261.664194, "delta": 40.164169}}
{"target": 0.4447919704092299, "params": {"h": 26.0, "p": 892.0, "r": 30.0}, "datetime": {"datetime": "2024-06-11 12:27:32", "elapsed": 1318.138175, "delta": 56.473981}}
{"target": 1.4961951138833092, "params": {"h": 21.0, "p": 697.0, "r": 78.0}, "datetime": {"datetime": "2024-06-11 12:28:04", "elapsed": 1349.99034, "delta": 31.852165}}
{"target": 4.288282734564585, "params": {"h": 53.0, "p": 431.0, "r": 109.0}, "datetime": {"datetime": "2024-06-11 12:28:20", "elapsed": 1365.810398, "delta": 15.820058}}
{"target": 2.6172708422895634, "params": {"h": 51.0, "p": 650.0, "r": 79.0}, "datetime": {"datetime": "2024-06-11 12:28:50", "elapsed": 1395.746567, "delta": 29.936169}}
{"target": 3.6198818970123394, "params": {"h": 44.0, "p": 629.0, "r": 146.0}, "datetime": {"datetime": "2024-06-11 12:29:11", "elapsed": 1417.220763, "delta": 21.474196}}
{"target": 8.236934661061422, "params": {"h": 37.0, "p": 497.0, "r": 54.0}, "datetime": {"datetime": "2024-06-11 12:29:38", "elapsed": 1443.498203, "delta": 26.27744}}
{"target": 3.6402253934088757, "params": {"h": 48.0, "p": 449.0, "r": 93.0}, "datetime": {"datetime": "2024-06-11 12:29:56", "elapsed": 1462.114225, "delta": 18.616022}}
{"target": 7.394653495836289, "params": {"h": 51.0, "p": 408.0, "r": 63.0}, "datetime": {"datetime": "2024-06-11 12:30:19", "elapsed": 1484.619835, "delta": 22.50561}}
{"target": 2.68235952102821, "params": {"h": 31.0, "p": 524.0, "r": 107.0}, "datetime": {"datetime": "2024-06-11 12:30:38", "elapsed": 1504.124514, "delta": 19.504679}}
{"target": 0.0, "params": {"h": 55.0, "p": 192.0, "r": 119.0}, "datetime": {"datetime": "2024-06-11 12:30:38", "elapsed": 1504.124514, "delta": 0.0}}
{"target": 0.0, "params": {"h": 42.0, "p": 182.0, "r": 121.0}, "datetime": {"datetime": "2024-06-11 12:30:38", "elapsed": 1504.124514, "delta": 0.0}}
{"target": 18.296432385488387, "params": {"h": 17.0, "p": 228.0, "r": 69.0}, "datetime": {"datetime": "2024-06-11 12:30:50", "elapsed": 1515.951853, "delta": 11.827339}}
{"target": 2.5569005841724435, "params": {"h": 31.0, "p": 599.0, "r": 75.0}, "datetime": {"datetime": "2024-06-11 12:31:15", "elapsed": 1540.6939, "delta": 24.742047}}
{"target": 4.0945523408381765, "params": {"h": 55.0, "p": 610.0, "r": 64.0}, "datetime": {"datetime": "2024-06-11 12:31:46", "elapsed": 1572.049387, "delta": 31.355487}}
{"target": 61.10835435028028, "params": {"h": 57.0, "p": 292.0, "r": 53.0}, "datetime": {"datetime": "2024-06-11 12:32:07", "elapsed": 1592.782163, "delta": 20.732776}}
{"target": 3.1811033014931507, "params": {"h": 53.0, "p": 550.0, "r": 74.0}, "datetime": {"datetime": "2024-06-11 12:32:32", "elapsed": 1617.82286, "delta": 25.040697}}
{"target": 0.0, "params": {"h": 40.0, "p": 320.0, "r": 136.0}, "datetime": {"datetime": "2024-06-11 12:32:32", "elapsed": 1617.838487, "delta": 0.015627}}
{"target": 10.315848154030137, "params": {"h": 53.0, "p": 458.0, "r": 51.0}, "datetime": {"datetime": "2024-06-11 12:32:59", "elapsed": 1644.613005, "delta": 26.774518}}
{"target": 3.130576370365504, "params": {"h": 42.0, "p": 491.0, "r": 99.0}, "datetime": {"datetime": "2024-06-11 12:33:19", "elapsed": 1664.405768, "delta": 19.792763}}
{"target": 1.434017213378165, "params": {"h": 17.0, "p": 699.0, "r": 103.0}, "datetime": {"datetime": "2024-06-11 12:33:53", "elapsed": 1698.506178, "delta": 34.10041}}
{"target": 3.886428479367595, "params": {"h": 56.0, "p": 545.0, "r": 67.0}, "datetime": {"datetime": "2024-06-11 12:34:21", "elapsed": 1727.106436, "delta": 28.600258}}
{"target": 7.376256680067733, "params": {"h": 27.0, "p": 365.0, "r": 58.0}, "datetime": {"datetime": "2024-06-11 12:34:40", "elapsed": 1746.04716, "delta": 18.940724}}
{"target": 22.049111640965016, "params": {"h": 23.0, "p": 285.0, "r": 62.0}, "datetime": {"datetime": "2024-06-11 12:34:55", "elapsed": 1760.965077, "delta": 14.917917}}
{"target": 1.2904161457270709, "params": {"h": 48.0, "p": 898.0, "r": 150.0}, "datetime": {"datetime": "2024-06-11 12:35:39", "elapsed": 1804.481017, "delta": 43.51594}}
{"target": 12.002566223574236, "params": {"h": 44.0, "p": 367.0, "r": 133.0}, "datetime": {"datetime": "2024-06-11 12:35:51", "elapsed": 1817.002286, "delta": 12.521269}}
{"target": 2.0053454677926816, "params": {"h": 39.0, "p": 647.0, "r": 116.0}, "datetime": {"datetime": "2024-06-11 12:36:17", "elapsed": 1842.729192, "delta": 25.726906}}
{"target": 2.6929132002368865, "params": {"h": 54.0, "p": 534.0, "r": 90.0}, "datetime": {"datetime": "2024-06-11 12:36:39", "elapsed": 1865.157554, "delta": 22.428362}}
{"target": 2.7096581374863815, "params": {"h": 56.0, "p": 571.0, "r": 83.0}, "datetime": {"datetime": "2024-06-11 12:37:06", "elapsed": 1891.473574, "delta": 26.31602}}
{"target": 0.0, "params": {"h": 30.0, "p": 115.0, "r": 69.0}, "datetime": {"datetime": "2024-06-11 12:37:06", "elapsed": 1891.473574, "delta": 0.0}}
{"target": 4.177849733506596, "params": {"h": 57.0, "p": 438.0, "r": 89.0}, "datetime": {"datetime": "2024-06-11 12:37:26", "elapsed": 1911.575118, "delta": 20.101544}}
{"target": 0.0, "params": {"h": 46.0, "p": 210.0, "r": 115.0}, "datetime": {"datetime": "2024-06-11 12:37:26", "elapsed": 1911.575118, "delta": 0.0}}
{"target": 9.492964530056247, "params": {"h": 32.0, "p": 337.0, "r": 91.0}, "datetime": {"datetime": "2024-06-11 12:37:40", "elapsed": 1925.688412, "delta": 14.113294}}
{"target": 0.0, "params": {"h": 39.0, "p": 132.0, "r": 45.0}, "datetime": {"datetime": "2024-06-11 12:37:40", "elapsed": 1925.688412, "delta": 0.0}}
{"target": 1.7462099504159443, "params": {"h": 20.0, "p": 657.0, "r": 105.0}, "datetime": {"datetime": "2024-06-11 12:38:06", "elapsed": 1952.131154, "delta": 26.442742}}
{"target": 1.2947904526036336, "params": {"h": 49.0, "p": 502.0, "r": 32.0}, "datetime": {"datetime": "2024-06-11 12:38:45", "elapsed": 1991.143616, "delta": 39.012462}}
{"target": 0.25006514654962614, "params": {"h": 41.0, "p": 822.0, "r": 28.0}, "datetime": {"datetime": "2024-06-11 12:39:39", "elapsed": 2045.239033, "delta": 54.095417}}
{"target": 0.20773019305924043, "params": {"h": 45.0, "p": 812.0, "r": 27.0}, "datetime": {"datetime": "2024-06-11 12:40:37", "elapsed": 2102.444264, "delta": 57.205231}}
{"target": 3.882525843666247, "params": {"h": 22.0, "p": 360.0, "r": 93.0}, "datetime": {"datetime": "2024-06-11 12:40:52", "elapsed": 2117.776435, "delta": 15.332171}}
{"target": 1.3477030743032463, "params": {"h": 31.0, "p": 770.0, "r": 106.0}, "datetime": {"datetime": "2024-06-11 12:41:26", "elapsed": 2151.528224, "delta": 33.751789}}
{"target": 1.0630906246223828, "params": {"h": 16.0, "p": 969.0, "r": 141.0}, "datetime": {"datetime": "2024-06-11 12:42:39", "elapsed": 2224.957324, "delta": 73.4291}}
{"target": 6.362775937302095, "params": {"h": 54.0, "p": 530.0, "r": 47.0}, "datetime": {"datetime": "2024-06-11 12:43:12", "elapsed": 2257.487638, "delta": 32.530314}}
{"target": 1.098108856828648, "params": {"h": 28.0, "p": 839.0, "r": 34.0}, "datetime": {"datetime": "2024-06-11 12:44:01", "elapsed": 2306.887957, "delta": 49.400319}}
{"target": 0.0, "params": {"h": 49.0, "p": 173.0, "r": 144.0}, "datetime": {"datetime": "2024-06-11 12:44:01", "elapsed": 2306.887957, "delta": 0.0}}
{"target": 0.6737187968597906, "params": {"h": 59.0, "p": 186.0, "r": 17.0}, "datetime": {"datetime": "2024-06-11 12:44:49", "elapsed": 2355.22062, "delta": 48.332663}}
{"target": 0.9051739894891834, "params": {"h": 39.0, "p": 973.0, "r": 87.0}, "datetime": {"datetime": "2024-06-11 12:45:42", "elapsed": 2407.870557, "delta": 52.649937}}
{"target": 1.93002557722364, "params": {"h": 58.0, "p": 760.0, "r": 129.0}, "datetime": {"datetime": "2024-06-11 12:46:12", "elapsed": 2438.088045, "delta": 30.217488}}
{"target": 2.5693158960300133, "params": {"h": 20.0, "p": 955.0, "r": 46.0}, "datetime": {"datetime": "2024-06-11 12:47:06", "elapsed": 2492.29826, "delta": 54.210215}}
{"target": 0.04978045418728289, "params": {"h": 30.0, "p": 537.0, "r": 15.0}, "datetime": {"datetime": "2024-06-11 12:47:54", "elapsed": 2539.755641, "delta": 47.457381}}
{"target": 5.4439850070165585, "params": {"h": 52.0, "p": 479.0, "r": 67.0}, "datetime": {"datetime": "2024-06-11 12:48:17", "elapsed": 2563.243115, "delta": 23.487474}}
{"target": 16.44324050928761, "params": {"h": 43.0, "p": 356.0, "r": 39.0}, "datetime": {"datetime": "2024-06-11 12:48:41", "elapsed": 2587.360495, "delta": 24.11738}}
{"target": 2.3582190388197914, "params": {"h": 26.0, "p": 663.0, "r": 135.0}, "datetime": {"datetime": "2024-06-11 12:49:11", "elapsed": 2617.179242, "delta": 29.818747}}
{"target": 2.0287625442392185, "params": {"h": 17.0, "p": 633.0, "r": 127.0}, "datetime": {"datetime": "2024-06-11 12:49:46", "elapsed": 2651.433369, "delta": 34.254127}}
{"target": 4.417275534802367, "params": {"h": 27.0, "p": 576.0, "r": 57.0}, "datetime": {"datetime": "2024-06-11 12:50:14", "elapsed": 2679.715416, "delta": 28.282047}}
{"target": 4.333097376946852, "params": {"h": 35.0, "p": 561.0, "r": 134.0}, "datetime": {"datetime": "2024-06-11 12:50:33", "elapsed": 2698.808283, "delta": 19.092867}}
{"target": 18.63336091391114, "params": {"h": 51.0, "p": 325.0, "r": 42.0}, "datetime": {"datetime": "2024-06-11 12:50:57", "elapsed": 2723.011925, "delta": 24.203642}}
{"target": 2.2091383288749915, "params": {"h": 19.0, "p": 677.0, "r": 57.0}, "datetime": {"datetime": "2024-06-11 12:51:31", "elapsed": 2756.595598, "delta": 33.583673}}
{"target": 32.2141514325304, "params": {"h": 58.0, "p": 274.0, "r": 83.0}, "datetime": {"datetime": "2024-06-11 12:51:44", "elapsed": 2770.345355, "delta": 13.749757}}
{"target": 0.0, "params": {"h": 46.0, "p": 120.0, "r": 60.0}, "datetime": {"datetime": "2024-06-11 12:51:44", "elapsed": 2770.345355, "delta": 0.0}}
{"target": 3.6982180417999597, "params": {"h": 40.0, "p": 517.0, "r": 68.0}, "datetime": {"datetime": "2024-06-11 12:52:09", "elapsed": 2794.434281, "delta": 24.088926}}
{"target": 0.0, "params": {"h": 43.0, "p": 239.0, "r": 109.0}, "datetime": {"datetime": "2024-06-11 12:52:09", "elapsed": 2794.434281, "delta": 0.0}}
{"target": 1.1651893401225752, "params": {"h": 25.0, "p": 779.0, "r": 101.0}, "datetime": {"datetime": "2024-06-11 12:52:44", "elapsed": 2830.254758, "delta": 35.820477}}
{"target": 1.796595946640528, "params": {"h": 36.0, "p": 723.0, "r": 82.0}, "datetime": {"datetime": "2024-06-11 12:53:19", "elapsed": 2865.191927, "delta": 34.937169}}
{"target": 4.495322963822208, "params": {"h": 49.0, "p": 108.0, "r": 22.0}, "datetime": {"datetime": "2024-06-11 12:53:46", "elapsed": 2891.813968, "delta": 26.622041}}
{"target": 3.799326869634004, "params": {"h": 54.0, "p": 732.0, "r": 61.0}, "datetime": {"datetime": "2024-06-11 12:54:26", "elapsed": 2932.32063, "delta": 40.506662}}
{"target": 0.0, "params": {"h": 37.0, "p": 113.0, "r": 131.0}, "datetime": {"datetime": "2024-06-11 12:54:26", "elapsed": 2932.32063, "delta": 0.0}}
{"target": 31.435202473680054, "params": {"h": 57.0, "p": 208.0, "r": 54.0}, "datetime": {"datetime": "2024-06-11 12:54:44", "elapsed": 2950.352622, "delta": 18.031992}}
{"target": 1.9680806545685636, "params": {"h": 19.0, "p": 270.0, "r": 24.0}, "datetime": {"datetime": "2024-06-11 12:55:09", "elapsed": 2974.620176, "delta": 24.267554}}
{"target": 1.9734083580681172, "params": {"h": 33.0, "p": 665.0, "r": 117.0}, "datetime": {"datetime": "2024-06-11 12:55:37", "elapsed": 3002.425311, "delta": 27.805135}}
{"target": 6.234854116682606, "params": {"h": 18.0, "p": 381.0, "r": 138.0}, "datetime": {"datetime": "2024-06-11 12:55:56", "elapsed": 3021.871023, "delta": 19.445712}}
{"target": 2.987230669190905, "params": {"h": 35.0, "p": 936.0, "r": 44.0}, "datetime": {"datetime": "2024-06-11 12:56:51", "elapsed": 3076.906245, "delta": 55.035222}}
{"target": 1.050418782210115, "params": {"h": 46.0, "p": 540.0, "r": 32.0}, "datetime": {"datetime": "2024-06-11 12:57:27", "elapsed": 3112.569348, "delta": 35.663103}}
{"target": 25.391095390376595, "params": {"h": 54.0, "p": 307.0, "r": 87.0}, "datetime": {"datetime": "2024-06-11 12:57:42", "elapsed": 3127.575362, "delta": 15.006014}}
{"target": 6.40020548028513, "params": {"h": 58.0, "p": 266.0, "r": 36.0}, "datetime": {"datetime": "2024-06-11 12:58:10", "elapsed": 3155.945087, "delta": 28.369725}}
{"target": 1.1758739993392011, "params": {"h": 41.0, "p": 832.0, "r": 127.0}, "datetime": {"datetime": "2024-06-11 12:58:46", "elapsed": 3191.670133, "delta": 35.725046}}
{"target": 3.7655704849127507, "params": {"h": 40.0, "p": 460.0, "r": 37.0}, "datetime": {"datetime": "2024-06-11 12:59:16", "elapsed": 3221.959982, "delta": 30.289849}}
{"target": 0.03761553145866446, "params": {"h": 27.0, "p": 692.0, "r": 16.0}, "datetime": {"datetime": "2024-06-11 13:00:13", "elapsed": 3278.983059, "delta": 57.023077}}
{"target": 1.758054229435527, "params": {"h": 17.0, "p": 688.0, "r": 125.0}, "datetime": {"datetime": "2024-06-11 13:00:53", "elapsed": 3318.968935, "delta": 39.985876}}
{"target": 0.14990899177983819, "params": {"h": 29.0, "p": 798.0, "r": 24.0}, "datetime": {"datetime": "2024-06-11 13:01:50", "elapsed": 3376.383975, "delta": 57.41504}}
{"target": 0.1717672127209053, "params": {"h": 48.0, "p": 818.0, "r": 26.0}, "datetime": {"datetime": "2024-06-11 13:02:52", "elapsed": 3438.342892, "delta": 61.958917}}
{"target": 3.820448500107934, "params": {"h": 22.0, "p": 512.0, "r": 137.0}, "datetime": {"datetime": "2024-06-11 13:03:16", "elapsed": 3461.973306, "delta": 23.630414}}
{"target": 10.430722460882823, "params": {"h": 52.0, "p": 405.0, "r": 43.0}, "datetime": {"datetime": "2024-06-11 13:03:44", "elapsed": 3490.271307, "delta": 28.298001}}
{"target": 1.1339699352985233, "params": {"h": 41.0, "p": 859.0, "r": 81.0}, "datetime": {"datetime": "2024-06-11 13:04:30", "elapsed": 3535.892393, "delta": 45.621086}}
{"target": 27.539806899024097, "params": {"h": 52.0, "p": 187.0, "r": 50.0}, "datetime": {"datetime": "2024-06-11 13:04:48", "elapsed": 3554.046418, "delta": 18.154025}}
