{"target": 0.04426247447259811, "params": {"h": 35.0, "p": 958.0, "r": 20.0}, "datetime": {"datetime": "2024-06-11 13:06:02", "elapsed": 3628.277367, "delta": 74.230949}}
{"target": 2.9163143116253485, "params": {"h": 29.0, "p": 596.0, "r": 137.0}, "datetime": {"datetime": "2024-06-11 13:06:25", "elapsed": 3651.301229, "delta": 23.023862}}
{"target": 33.10291285557328, "params": {"h": 24.0, "p": 220.0, "r": 67.0}, "datetime": {"datetime": "2024-06-11 13:06:37", "elapsed": 3663.277801, "delta": 11.976572}}
{"target": 0.9202058798579468, "params": {"h": 51.0, "p": 944.0, "r": 113.0}, "datetime": {"datetime": "2024-06-11 13:07:27", "elapsed": 3713.129779, "delta": 49.851978}}
{"target": 5.232644712974848, "params": {"h": 27.0, "p": 642.0, "r": 39.0}, "datetime": {"datetime": "2024-06-11 13:08:00", "elapsed": 3746.154179, "delta": 33.0244}}
{"target": 3.452122763344669, "params": {"h": 25.0, "p": 558.0, "r": 120.0}, "datetime": {"datetime": "2024-06-11 13:08:21", "elapsed": 3766.75693, "delta": 20.602751}}
{"target": 0.052823012169162825, "params": {"h": 35.0, "p": 962.0, "r": 21.0}, "datetime": {"datetime": "2024-06-11 13:09:37", "elapsed": 3843.368209, "delta": 76.611279}}
{"target": 4.171773451882657, "params": {"h": 49.0, "p": 420.0, "r": 108.0}, "datetime": {"datetime": "2024-06-11 13:09:54", "elapsed": 3859.820331, "delta": 16.452122}}
{"target": 2.9162838923520598, "params": {"h": 16.0, "p": 572.0, "r": 140.0}, "datetime": {"datetime": "2024-06-11 13:10:30", "elapsed": 3895.62767, "delta": 35.807339}}
{"target": 0.8341443207442629, "params": {"h": 46.0, "p": 992.0, "r": 102.0}, "datetime": {"datetime": "2024-06-11 13:11:24", "elapsed": 3950.059695, "delta": 54.432025}}
{"target": 2.9692593899119757, "params": {"h": 33.0, "p": 176.0, "r": 25.0}, "datetime": {"datetime": "2024-06-11 13:11:48", "elapsed": 3973.93517, "delta": 23.875475}}
{"target": 1.3927597254675448, "params": {"h": 49.0, "p": 787.0, "r": 92.0}, "datetime": {"datetime": "2024-06-11 13:12:27", "elapsed": 4012.647116, "delta": 38.711946}}
{"target": 3.1843234383274415, "params": {"h": 57.0, "p": 748.0, "r": 65.0}, "datetime": {"datetime": "2024-06-11 13:13:08", "elapsed": 4053.436707, "delta": 40.789591}}
{"target": 2.777049187592702, "params": {"h": 45.0, "p": 788.0, "r": 61.0}, "datetime": {"datetime": "2024-06-11 13:13:49", "elapsed": 4094.833236, "delta": 41.396529}}
{"target": 1.3416344270855451, "params": {"h": 35.0, "p": 854.0, "r": 148.0}, "datetime": {"datetime": "2024-06-11 13:14:30", "elapsed": 4136.298607, "delta": 41.465371}}
{"target": 4.719100398371085, "params": {"h": 32.0, "p": 765.0, "r": 53.0}, "datetime": {"datetime": "2024-06-11 13:15:13", "elapsed": 4178.957927, "delta": 42.65932}}
{"target": 2.6336707760342386, "params": {"h": 18.0, "p": 525.0, "r": 118.0}, "datetime": {"datetime": "2024-06-11 13:15:38", "elapsed": 4204.078915, "delta": 25.120988}}
{"target": 7.47677567548151, "params": {"h": 29.0, "p": 423.0, "r": 149.0}, "datetime": {"datetime": "2024-06-11 13:15:54", "elapsed": 4219.705581, "delta": 15.626666}}
{"target": 6.385990665325666, "params": {"h": 27.0, "p": 355.0, "r": 127.0}, "datetime": {"datetime": "2024-06-11 13:16:07", "elapsed": 4232.730172, "delta": 13.024591}}
{"target": 0.4548552180532071, "params": {"h": 32.0, "p": 242.0, "r": 18.0}, "datetime": {"datetime": "2024-06-11 13:16:37", "elapsed": 4263.185904, "delta": 30.455732}}
{"target": 2.0512560363273478, "params": {"h": 36.0, "p": 767.0, "r": 38.0}, "datetime": {"datetime": "2024-06-11 13:17:21", "elapsed": 4306.398381, "delta": 43.212477}}
{"target": 0.03556083986963442, "params": {"h": 44.0, "p": 802.0, "r": 17.0}, "datetime": {"datetime": "2024-06-11 13:18:33", "elapsed": 4379.048052, "delta": 72.649671}}
{"target": 1.5050620155129417, "params": {"h": 51.0, "p": 781.0, "r": 94.0}, "datetime": {"datetime": "2024-06-11 13:19:08", "elapsed": 4413.39373, "delta": 34.345678}}
{"target": 0.0, "params": {"h": 39.0, "p": 232.0, "r": 104.0}, "datetime": {"datetime": "2024-06-11 13:19:08", "elapsed": 4413.39373, "delta": 0.0}}
{"target": 6.251714982593921, "params": {"h": 26.0, "p": 469.0, "r": 36.0}, "datetime": {"datetime": "2024-06-11 13:19:34", "elapsed": 4439.893791, "delta": 26.500061}}
{"target": 0.7444031179524591, "params": {"h": 44.0, "p": 170.0, "r": 17.0}, "datetime": {"datetime": "2024-06-11 13:20:14", "elapsed": 4479.493005, "delta": 39.599214}}
{"target": 1.276931972655364, "params": {"h": 60.0, "p": 871.0, "r": 133.0}, "datetime": {"datetime": "2024-06-11 13:20:55", "elapsed": 4521.12883, "delta": 41.635825}}
{"target": 1.1340415569518256, "params": {"h": 56.0, "p": 846.0, "r": 104.0}, "datetime": {"datetime": "2024-06-11 13:21:36", "elapsed": 4561.983398, "delta": 40.854568}}
{"target": 55.993542074294616, "params": {"h": 21.0, "p": 282.0, "r": 37.0}, "datetime": {"datetime": "2024-06-11 13:21:56", "elapsed": 4582.14672, "delta": 20.163322}}
{"target": 5.414814838069237, "params": {"h": 21.0, "p": 474.0, "r": 114.0}, "datetime": {"datetime": "2024-06-11 13:22:16", "elapsed": 4601.605813, "delta": 19.459093}}
{"target": 29.27989241614965, "params": {"h": 40.0, "p": 155.0, "r": 51.0}, "datetime": {"datetime": "2024-06-11 13:22:31", "elapsed": 4616.602525, "delta": 14.996712}}
{"target": 7.743263478933769, "params": {"h": 33.0, "p": 433.0, "r": 130.0}, "datetime": {"datetime": "2024-06-11 13:22:47", "elapsed": 4632.408213, "delta": 15.805688}}
{"target": 6.540488295608442, "params": {"h": 32.0, "p": 621.0, "r": 43.0}, "datetime": {"datetime": "2024-06-11 13:23:21", "elapsed": 4666.788381, "delta": 34.380168}}
{"target": 13.909831656390628, "params": {"h": 50.0, "p": 372.0, "r": 41.0}, "datetime": {"datetime": "2024-06-11 13:23:49", "elapsed": 4695.253934, "delta": 28.465553}}
{"target": 1.4816997044221334, "params": {"h": 19.0, "p": 710.0, "r": 112.0}, "datetime": {"datetime": "2024-06-11 13:24:21", "elapsed": 4727.149661, "delta": 31.895727}}
{"target": 0.0, "params": {"h": 22.0, "p": 290.0, "r": 129.0}, "datetime": {"datetime": "2024-06-11 13:24:21", "elapsed": 4727.149661, "delta": 0.0}}
{"target": 1.5309834434930034, "params": {"h": 37.0, "p": 913.0, "r": 65.0}, "datetime": {"datetime": "2024-06-11 13:25:10", "elapsed": 4775.583336, "delta": 48.433675}}
{"target": 5.212610094630045, "params": {"h": 28.0, "p": 126.0, "r": 24.0}, "datetime": {"datetime": "2024-06-11 13:25:30", "elapsed": 4796.076698, "delta": 20.493362}}
{"target": 22.792512986736643, "params": {"h": 29.0, "p": 246.0, "r": 88.0}, "datetime": {"datetime": "2024-06-11 13:25:41", "elapsed": 4807.334994, "delta": 11.258296}}
{"target": 2.1906257380164678, "params": {"h": 43.0, "p": 949.0, "r": 44.0}, "datetime": {"datetime": "2024-06-11 13:26:45", "elapsed": 4870.874297, "delta": 63.539303}}
{"target": 34.997496266128394, "params": {"h": 39.0, "p": 226.0, "r": 71.0}, "datetime": {"datetime": "2024-06-11 13:26:58", "elapsed": 4883.702675, "delta": 12.828378}}
{"target": 2.1759342053957713, "params": {"h": 20.0, "p": 510.0, "r": 76.0}, "datetime": {"datetime": "2024-06-11 13:27:20", "elapsed": 4906.069025, "delta": 22.36635}}
{"target": 3.5168423711601045, "params": {"h": 43.0, "p": 445.0, "r": 100.0}, "datetime": {"datetime": "2024-06-11 13:27:37", "elapsed": 4923.177968, "delta": 17.108943}}
{"target": 4.245179398341368, "params": {"h": 16.0, "p": 453.0, "r": 136.0}, "datetime": {"datetime": "2024-06-11 13:28:09", "elapsed": 4954.850333, "delta": 31.672365}}
{"target": 0.44798540163068234, "params": {"h": 42.0, "p": 400.0, "r": 23.0}, "datetime": {"datetime": "2024-06-11 13:28:49", "elapsed": 4994.41659, "delta": 39.566257}}
{"target": 1.0871574561710196, "params": {"h": 27.0, "p": 907.0, "r": 139.0}, "datetime": {"datetime": "2024-06-11 13:29:35", "elapsed": 5040.787416, "delta": 46.370826}}
{"target": 2.1438780078098048, "params": {"h": 53.0, "p": 934.0, "r": 59.0}, "datetime": {"datetime": "2024-06-11 13:30:32", "elapsed": 5097.617706, "delta": 56.83029}}
{"target": 4.65534269322786, "params": {"h": 33.0, "p": 807.0, "r": 48.0}, "datetime": {"datetime": "2024-06-11 13:31:14", "elapsed": 5139.808955, "delta": 42.191249}}
{"target": 0.05604689368601609, "params": {"h": 47.0, "p": 851.0, "r": 20.0}, "datetime": {"datetime": "2024-06-11 13:32:26", "elapsed": 5212.167404, "delta": 72.358449}}
{"target": 4.272490781606501, "params": {"h": 41.0, "p": 410.0, "r": 80.0}, "datetime": {"datetime": "2024-06-11 13:32:46", "elapsed": 5232.119888, "delta": 19.952484}}
{"target": 0.0, "params": {"h": 24.0, "p": 103.0, "r": 124.0}, "datetime": {"datetime": "2024-06-11 13:32:46", "elapsed": 5232.119888, "delta": 0.0}}
{"target": 0.0, "params": {"h": 48.0, "p": 167.0, "r": 149.0}, "datetime": {"datetime": "2024-06-11 13:32:46", "elapsed": 5232.119888, "delta": 0.0}}
{"target": 2.709364055049231, "params": {"h": 28.0, "p": 311.0, "r": 29.0}, "datetime": {"datetime": "2024-06-11 13:33:11", "elapsed": 5256.868498, "delta": 24.74861}}
{"target": 0.0, "params": {"h": 17.0, "p": 234.0, "r": 138.0}, "datetime": {"datetime": "2024-06-11 13:33:11", "elapsed": 5256.868498, "delta": 0.0}}
{"target": 1.262379939051487, "params": {"h": 18.0, "p": 706.0, "r": 97.0}, "datetime": {"datetime": "2024-06-11 13:33:42", "elapsed": 5287.541587, "delta": 30.673089}}
{"target": 11.510544476229335, "params": {"h": 38.0, "p": 338.0, "r": 82.0}, "datetime": {"datetime": "2024-06-11 13:33:57", "elapsed": 5302.563718, "delta": 15.022131}}
{"target": 16.11177403889539, "params": {"h": 48.0, "p": 214.0, "r": 41.0}, "datetime": {"datetime": "2024-06-11 13:34:16", "elapsed": 5322.237991, "delta": 19.674273}}
{"target": 2.0351075468428426, "params": {"h": 45.0, "p": 635.0, "r": 112.0}, "datetime": {"datetime": "2024-06-11 13:34:41", "elapsed": 5346.446165, "delta": 24.208174}}
{"target": 2.692332283659847, "params": {"h": 25.0, "p": 724.0, "r": 58.0}, "datetime": {"datetime": "2024-06-11 13:35:18", "elapsed": 5383.449943, "delta": 37.003778}}
{"target": 1.1510120919591822, "params": {"h": 48.0, "p": 863.0, "r": 131.0}, "datetime": {"datetime": "2024-06-11 13:35:56", "elapsed": 5422.325914, "delta": 38.875971}}
{"target": 28.578510714007184, "params": {"h": 47.0, "p": 299.0, "r": 79.0}, "datetime": {"datetime": "2024-06-11 13:36:12", "elapsed": 5437.4889, "delta": 15.162986}}
{"target": 2.639143999794866, "params": {"h": 25.0, "p": 607.0, "r": 118.0}, "datetime": {"datetime": "2024-06-11 13:36:34", "elapsed": 5460.243796, "delta": 22.754896}}
{"target": 26.49637650608395, "params": {"h": 45.0, "p": 332.0, "r": 133.0}, "datetime": {"datetime": "2024-06-11 13:36:46", "elapsed": 5471.830745, "delta": 11.586949}}
{"target": 2.541524413142636, "params": {"h": 58.0, "p": 920.0, "r": 54.0}, "datetime": {"datetime": "2024-06-11 13:37:46", "elapsed": 5531.765075, "delta": 59.93433}}
{"target": 2.227643768678496, "params": {"h": 59.0, "p": 624.0, "r": 40.0}, "datetime": {"datetime": "2024-06-11 13:38:30", "elapsed": 5576.245187, "delta": 44.480112}}
{"target": 17.015454489244405, "params": {"h": 31.0, "p": 297.0, "r": 111.0}, "datetime": {"datetime": "2024-06-11 13:38:43", "elapsed": 5588.413112, "delta": 12.167925}}
{"target": 1.0400845378679426, "params": {"h": 15.0, "p": 740.0, "r": 59.0}, "datetime": {"datetime": "2024-06-11 13:39:16", "elapsed": 5622.148104, "delta": 33.734992}}
{"target": 0.18455475583349454, "params": {"h": 23.0, "p": 981.0, "r": 26.0}, "datetime": {"datetime": "2024-06-11 13:40:19", "elapsed": 5684.8832, "delta": 62.735096}}
{"target": 0.033849241930919406, "params": {"h": 28.0, "p": 905.0, "r": 18.0}, "datetime": {"datetime": "2024-06-11 13:41:24", "elapsed": 5749.684565, "delta": 64.801365}}
{"target": 1.3550088680010004, "params": {"h": 36.0, "p": 776.0, "r": 98.0}, "datetime": {"datetime": "2024-06-11 13:42:01", "elapsed": 5786.721376, "delta": 37.036811}}
{"target": 1.0547594667685043, "params": {"h": 47.0, "p": 680.0, "r": 35.0}, "datetime": {"datetime": "2024-06-11 13:42:47", "elapsed": 5832.424735, "delta": 45.703359}}
{"target": 0.0, "params": {"h": 26.0, "p": 251.0, "r": 125.0}, "datetime": {"datetime": "2024-06-11 13:42:47", "elapsed": 5832.424735, "delta": 0.0}}
{"target": 6.248309914780165, "params": {"h": 59.0, "p": 519.0, "r": 55.0}, "datetime": {"datetime": "2024-06-11 13:43:20", "elapsed": 5866.312562, "delta": 33.887827}}
{"target": 3.6332591481604903, "params": {"h": 57.0, "p": 505.0, "r": 72.0}, "datetime": {"datetime": "2024-06-11 13:43:45", "elapsed": 5891.102758, "delta": 24.790196}}
{"target": 2.5660516486205287, "params": {"h": 15.0, "p": 385.0, "r": 76.0}, "datetime": {"datetime": "2024-06-11 13:44:04", "elapsed": 5909.932467, "delta": 18.829709}}
{"target": 1.9440302146568567, "params": {"h": 34.0, "p": 658.0, "r": 113.0}, "datetime": {"datetime": "2024-06-11 13:44:28", "elapsed": 5933.756992, "delta": 23.824525}}
{"target": 0.0, "params": {"h": 52.0, "p": 105.0, "r": 101.0}, "datetime": {"datetime": "2024-06-11 13:44:28", "elapsed": 5933.756992, "delta": 0.0}}
{"target": 0.11656671821307946, "params": {"h": 26.0, "p": 675.0, "r": 21.0}, "datetime": {"datetime": "2024-06-11 13:45:13", "elapsed": 5979.233683, "delta": 45.476691}}
{"target": 4.390893053119071, "params": {"h": 42.0, "p": 567.0, "r": 146.0}, "datetime": {"datetime": "2024-06-11 13:45:32", "elapsed": 5998.302988, "delta": 19.069305}}
{"target": 1.5289073873525962, "params": {"h": 47.0, "p": 426.0, "r": 31.0}, "datetime": {"datetime": "2024-06-11 13:46:05", "elapsed": 6030.549934, "delta": 32.246946}}
{"target": 17.25553769551509, "params": {"h": 53.0, "p": 441.0, "r": 145.0}, "datetime": {"datetime": "2024-06-11 13:46:19", "elapsed": 6044.433642, "delta": 13.883708}}
{"target": 1.241639175423886, "params": {"h": 38.0, "p": 791.0, "r": 117.0}, "datetime": {"datetime": "2024-06-11 13:46:52", "elapsed": 6078.209385, "delta": 33.775743}}
{"target": 0.9321454514453199, "params": {"h": 60.0, "p": 994.0, "r": 99.0}, "datetime": {"datetime": "2024-06-11 13:47:50", "elapsed": 6135.558986, "delta": 57.349601}}
{"target": 2.821848500498588, "params": {"h": 51.0, "p": 584.0, "r": 78.0}, "datetime": {"datetime": "2024-06-11 13:48:20", "elapsed": 6165.551497, "delta": 29.992511}}
{"target": 0.4109419092222797, "params": {"h": 20.0, "p": 317.0, "r": 19.0}, "datetime": {"datetime": "2024-06-11 13:48:48", "elapsed": 6194.30837, "delta": 28.756873}}
{"target": 12.492536051430706, "params": {"h": 38.0, "p": 453.0, "r": 142.0}, "datetime": {"datetime": "2024-06-11 13:49:06", "elapsed": 6211.817501, "delta": 17.509131}}
{"target": 0.8944537414284126, "params": {"h": 31.0, "p": 929.0, "r": 86.0}, "datetime": {"datetime": "2024-06-11 13:49:53", "elapsed": 6258.842223, "delta": 47.024722}}
{"target": 14.340196787481036, "params": {"h": 16.0, "p": 379.0, "r": 39.0}, "datetime": {"datetime": "2024-06-11 13:50:14", "elapsed": 6279.88288, "delta": 21.040657}}
{"target": 4.02094185891622, "params": {"h": 58.0, "p": 752.0, "r": 142.0}, "datetime": {"datetime": "2024-06-11 13:50:45", "elapsed": 6311.115472, "delta": 31.232592}}
{"target": 0.7884405316961903, "params": {"h": 20.0, "p": 939.0, "r": 70.0}, "datetime": {"datetime": "2024-06-11 13:51:33", "elapsed": 6359.368585, "delta": 48.253113}}
{"target": 0.9746400731220687, "params": {"h": 23.0, "p": 837.0, "r": 73.0}, "datetime": {"datetime": "2024-06-11 13:52:14", "elapsed": 6399.68596, "delta": 40.317375}}
{"target": 6.466594088646939, "params": {"h": 19.0, "p": 330.0, "r": 77.0}, "datetime": {"datetime": "2024-06-11 13:52:29", "elapsed": 6414.569939, "delta": 14.883979}}
{"target": 6.919479796773191, "params": {"h": 56.0, "p": 396.0, "r": 122.0}, "datetime": {"datetime": "2024-06-11 13:52:43", "elapsed": 6429.318301, "delta": 14.748362}}
{"target": 2.133443111184989, "params": {"h": 59.0, "p": 686.0, "r": 123.0}, "datetime": {"datetime": "2024-06-11 13:53:12", "elapsed": 6457.42431, "delta": 28.106009}}
{"target": 2.1105810415034147, "params": {"h": 36.0, "p": 638.0, "r": 121.0}, "datetime": {"datetime": "2024-06-11 13:53:38", "elapsed": 6483.441429, "delta": 26.017119}}
{"target": 2.532409885985664, "params": {"h": 33.0, "p": 554.0, "r": 116.0}, "datetime": {"datetime": "2024-06-11 13:53:59", "elapsed": 6504.412024, "delta": 20.970595}}
{"target": 13.602445713518966, "params": {"h": 28.0, "p": 314.0, "r": 108.0}, "datetime": {"datetime": "2024-06-11 13:54:12", "elapsed": 6517.468419, "delta": 13.056395}}
{"target": 2.1523850496312678, "params": {"h": 16.0, "p": 485.0, "r": 73.0}, "datetime": {"datetime": "2024-06-11 13:54:32", "elapsed": 6538.037222, "delta": 20.568803}}
{"target": 2.2416720888895756, "params": {"h": 22.0, "p": 589.0, "r": 70.0}, "datetime": {"datetime": "2024-06-11 13:54:58", "elapsed": 6563.457737, "delta": 25.420515}}
{"target": 0.9930150429279211, "params": {"h": 29.0, "p": 868.0, "r": 120.0}, "datetime": {"datetime": "2024-06-11 13:55:37", "elapsed": 6602.792765, "delta": 39.335028}}
{"target": 0.7560561298499696, "params": {"h": 26.0, "p": 978.0, "r": 94.0}, "datetime": {"datetime": "2024-06-11 13:56:29", "elapsed": 6654.428193, "delta": 51.635428}}
{"target": 0.0, "params": {"h": 37.0, "p": 143.0, "r": 111.0}, "datetime": {"datetime": "2024-06-11 13:56:29", "elapsed": 6654.428193, "delta": 0.0}}
{"target": 0.6665583755370559, "params": {"h": 38.0, "p": 805.0, "r": 33.0}, "datetime": {"datetime": "2024-06-11 13:57:20", "elapsed": 6705.384263, "delta": 50.95607}}
{"target": 4.069201017857057, "params": {"h": 46.0, "p": 590.0, "r": 148.0}, "datetime": {"datetime": "2024-06-11 13:57:41", "elapsed": 6726.560919, "delta": 21.176656}}
{"target": 11.776040643671973, "params": {"h": 32.0, "p": 346.0, "r": 141.0}, "datetime": {"datetime": "2024-06-11 13:57:52", "elapsed": 6738.191773, "delta": 11.630854}}
{"target": 1.9688204922515213, "params": {"h": 24.0, "p": 611.0, "r": 107.0}, "datetime": {"datetime": "2024-06-11 13:58:16", "elapsed": 6761.852509, "delta": 23.660736}}
{"target": 0.4226176109399346, "params": {"h": 56.0, "p": 968.0, "r": 34.0}, "datetime": {"datetime": "2024-06-11 13:59:35", "elapsed": 6841.188584, "delta": 79.336075}}
{"target": 18.89627599444494, "params": {"h": 44.0, "p": 302.0, "r": 123.0}, "datetime": {"datetime": "2024-06-11 13:59:47", "elapsed": 6852.582934, "delta": 11.39435}}
{"target": 0.14898203694225617, "params": {"h": 23.0, "p": 701.0, "r": 22.0}, "datetime": {"datetime": "2024-06-11 14:00:33", "elapsed": 6898.569014, "delta": 45.98608}}
{"target": 1.2815028855174608, "params": {"h": 40.0, "p": 865.0, "r": 145.0}, "datetime": {"datetime": "2024-06-11 14:01:10", "elapsed": 6935.757124, "delta": 37.18811}}
{"target": 0.8908804876473322, "params": {"h": 30.0, "p": 921.0, "r": 86.0}, "datetime": {"datetime": "2024-06-11 14:01:55", "elapsed": 6980.855253, "delta": 45.098129}}
{"target": 1.6121828642788203, "params": {"h": 19.0, "p": 671.0, "r": 102.0}, "datetime": {"datetime": "2024-06-11 14:02:24", "elapsed": 7009.391827, "delta": 28.536574}}
{"target": 0.0, "params": {"h": 36.0, "p": 158.0, "r": 84.0}, "datetime": {"datetime": "2024-06-11 14:02:24", "elapsed": 7009.391827, "delta": 0.0}}
{"target": 0.8399897672955507, "params": {"h": 21.0, "p": 916.0, "r": 114.0}, "datetime": {"datetime": "2024-06-11 14:03:08", "elapsed": 7053.71636, "delta": 44.324533}}
{"target": 0.2831202049290234, "params": {"h": 37.0, "p": 714.0, "r": 27.0}, "datetime": {"datetime": "2024-06-11 14:04:01", "elapsed": 7106.850878, "delta": 53.134518}}
{"target": 4.6550190387436565, "params": {"h": 55.0, "p": 751.0, "r": 56.0}, "datetime": {"datetime": "2024-06-11 14:04:44", "elapsed": 7149.444297, "delta": 42.593419}}
{"target": 0.8746646030858382, "params": {"h": 24.0, "p": 883.0, "r": 80.0}, "datetime": {"datetime": "2024-06-11 14:05:27", "elapsed": 7192.726458, "delta": 43.282161}}
{"target": 18.10936827757987, "params": {"h": 22.0, "p": 467.0, "r": 42.0}, "datetime": {"datetime": "2024-06-11 14:05:52", "elapsed": 7217.776438, "delta": 25.04998}}
{"target": 0.0, "params": {"h": 35.0, "p": 144.0, "r": 48.0}, "datetime": {"datetime": "2024-06-11 14:05:52", "elapsed": 7217.776438, "delta": 0.0}}
