{"target": 3.4837671810378037, "params": {"h": 23.0, "p": 934.0, "r": 46.0}, "datetime": {"datetime": "2024-06-01 12:02:36", "elapsed": 0.0, "delta": 0.0}}
{"target": 0.0, "params": {"h": 18.0, "p": 112.0, "r": 110.0}, "datetime": {"datetime": "2024-06-01 12:02:36", "elapsed": 0.0, "delta": 0.0}}
{"target": 0.7843263067859676, "params": {"h": 46.0, "p": 672.0, "r": 33.0}, "datetime": {"datetime": "2024-06-01 12:03:25", "elapsed": 49.064141, "delta": 49.064141}}
{"target": 2.0824817863039966, "params": {"h": 47.0, "p": 649.0, "r": 122.0}, "datetime": {"datetime": "2024-06-01 12:03:53", "elapsed": 76.973411, "delta": 27.90927}}
{"target": 2.44893143858996, "params": {"h": 37.0, "p": 695.0, "r": 74.0}, "datetime": {"datetime": "2024-06-01 12:04:27", "elapsed": 110.842573, "delta": 33.869162}}
{"target": 4.256907585412222, "params": {"h": 58.0, "p": 471.0, "r": 112.0}, "datetime": {"datetime": "2024-06-01 12:04:46", "elapsed": 130.148958, "delta": 19.306385}}
{"target": 1.6718251870069094, "params": {"h": 58.0, "p": 884.0, "r": 68.0}, "datetime": {"datetime": "2024-06-01 12:05:36", "elapsed": 179.811931, "delta": 49.662973}}
{"target": 1.6638467878764074, "params": {"h": 52.0, "p": 781.0, "r": 129.0}, "datetime": {"datetime": "2024-06-01 12:06:11", "elapsed": 215.167716, "delta": 35.355785}}
{"target": 1.4426739237711181, "params": {"h": 22.0, "p": 572.0, "r": 30.0}, "datetime": {"datetime": "2024-06-01 12:06:46", "elapsed": 250.232081, "delta": 35.064365}}
{"target": 3.1224425137235445, "params": {"h": 27.0, "p": 456.0, "r": 100.0}, "datetime": {"datetime": "2024-06-01 12:07:03", "elapsed": 267.636874, "delta": 17.404793}}
{"target": 1.1823268528176518, "params": {"h": 60.0, "p": 914.0, "r": 83.0}, "datetime": {"datetime": "2024-06-01 12:07:58", "elapsed": 322.634965, "delta": 54.998091}}
{"target": 0.6146230477045337, "params": {"h": 41.0, "p": 605.0, "r": 30.0}, "datetime": {"datetime": "2024-06-01 12:08:42", "elapsed": 365.963005, "delta": 43.32804}}
{"target": 65.93753161094217, "params": {"h": 35.0, "p": 238.0, "r": 51.0}, "datetime": {"datetime": "2024-06-01 12:08:58", "elapsed": 381.950541, "delta": 15.987536}}
{"target": 2.2622519874149507, "params": {"h": 51.0, "p": 583.0, "r": 102.0}, "datetime": {"datetime": "2024-06-01 12:09:23", "elapsed": 407.135774, "delta": 25.185233}}
{"target": 0.1265851898517681, "params": {"h": 16.0, "p": 977.0, "r": 22.0}, "datetime": {"datetime": "2024-06-01 12:10:34", "elapsed": 477.863577, "delta": 70.727803}}
{"target": 0.8037531619213435, "params": {"h": 25.0, "p": 923.0, "r": 99.0}, "datetime": {"datetime": "2024-06-01 12:11:18", "elapsed": 522.510176, "delta": 44.646599}}
{"target": 2.488081479187231, "params": {"h": 38.0, "p": 683.0, "r": 39.0}, "datetime": {"datetime": "2024-06-01 12:12:01", "elapsed": 565.673356, "delta": 43.16318}}
{"target": 0.9800611101208849, "params": {"h": 32.0, "p": 993.0, "r": 140.0}, "datetime": {"datetime": "2024-06-01 12:13:00", "elapsed": 624.429667, "delta": 58.756311}}
{"target": 3.208447484633631, "params": {"h": 55.0, "p": 543.0, "r": 123.0}, "datetime": {"datetime": "2024-06-01 12:13:22", "elapsed": 646.110143, "delta": 21.680476}}
{"target": 2.5035698777370743, "params": {"h": 43.0, "p": 675.0, "r": 78.0}, "datetime": {"datetime": "2024-06-01 12:13:52", "elapsed": 676.615496, "delta": 30.505353}}
{"target": 3.1372522007330783, "params": {"h": 21.0, "p": 855.0, "r": 46.0}, "datetime": {"datetime": "2024-06-01 12:14:38", "elapsed": 722.322216, "delta": 45.70672}}
{"target": 7.118807677555735, "params": {"h": 28.0, "p": 446.0, "r": 134.0}, "datetime": {"datetime": "2024-06-01 12:14:55", "elapsed": 739.641911, "delta": 17.319695}}
{"target": 3.277978566492095, "params": {"h": 38.0, "p": 480.0, "r": 108.0}, "datetime": {"datetime": "2024-06-01 12:15:15", "elapsed": 759.285284, "delta": 19.643373}}
{"target": 1.0089471033171162, "params": {"h": 41.0, "p": 869.0, "r": 91.0}, "datetime": {"datetime": "2024-06-01 12:16:02", "elapsed": 806.203112, "delta": 46.917828}}
{"target": 1.2291488927062084, "params": {"h": 31.0, "p": 843.0, "r": 137.0}, "datetime": {"datetime": "2024-06-01 12:16:45", "elapsed": 849.006219, "delta": 42.803107}}
{"target": 0.7725674457999684, "params": {"h": 55.0, "p": 971.0, "r": 38.0}, "datetime": {"datetime": "2024-06-01 12:17:58", "elapsed": 922.561981, "delta": 73.555762}}
{"target": 1.6241982599049947, "params": {"h": 44.0, "p": 800.0, "r": 149.0}, "datetime": {"datetime": "2024-06-01 12:18:33", "elapsed": 957.179601, "delta": 34.61762}}
{"target": 7.504373667405182, "params": {"h": 33.0, "p": 349.0, "r": 112.0}, "datetime": {"datetime": "2024-06-01 12:18:46", "elapsed": 970.313874, "delta": 13.134273}}
{"target": 0.8352495118866436, "params": {"h": 25.0, "p": 945.0, "r": 114.0}, "datetime": {"datetime": "2024-06-01 12:19:41", "elapsed": 1025.570605, "delta": 55.256731}}
{"target": 0.13988466752953055, "params": {"h": 44.0, "p": 899.0, "r": 26.0}, "datetime": {"datetime": "2024-06-01 12:20:54", "elapsed": 1098.61298, "delta": 73.042375}}
{"target": 0.0, "params": {"h": 29.0, "p": 142.0, "r": 97.0}, "datetime": {"datetime": "2024-06-01 12:20:54", "elapsed": 1098.613981, "delta": 0.001001}}
{"target": 0.0, "params": {"h": 17.0, "p": 196.0, "r": 109.0}, "datetime": {"datetime": "2024-06-01 12:20:54", "elapsed": 1098.614982, "delta": 0.001001}}
{"target": 3.733271581770694, "params": {"h": 24.0, "p": 399.0, "r": 106.0}, "datetime": {"datetime": "2024-06-01 12:21:10", "elapsed": 1114.455127, "delta": 15.840145}}
{"target": 4.511087998948759, "params": {"h": 19.0, "p": 430.0, "r": 133.0}, "datetime": {"datetime": "2024-06-01 12:21:32", "elapsed": 1136.529717, "delta": 22.07459}}
{"target": 2.461884192590719, "params": {"h": 53.0, "p": 578.0, "r": 119.0}, "datetime": {"datetime": "2024-06-01 12:21:56", "elapsed": 1160.274186, "delta": 23.744469}}
{"target": 7.848619908237118, "params": {"h": 32.0, "p": 694.0, "r": 44.0}, "datetime": {"datetime": "2024-06-01 12:22:37", "elapsed": 1201.14242, "delta": 40.868234}}
{"target": 4.530550059373761, "params": {"h": 43.0, "p": 500.0, "r": 64.0}, "datetime": {"datetime": "2024-06-01 12:23:02", "elapsed": 1226.488009, "delta": 25.345589}}
{"target": 2.018782012772389, "params": {"h": 40.0, "p": 685.0, "r": 124.0}, "datetime": {"datetime": "2024-06-01 12:23:30", "elapsed": 1253.976923, "delta": 27.488914}}
{"target": 1.9739543561605934, "params": {"h": 16.0, "p": 655.0, "r": 129.0}, "datetime": {"datetime": "2024-06-01 12:24:09", "elapsed": 1293.003472, "delta": 39.026549}}
{"target": 6.64962885833745, "params": {"h": 16.0, "p": 431.0, "r": 44.0}, "datetime": {"datetime": "2024-06-01 12:24:31", "elapsed": 1315.799637, "delta": 22.796165}}
{"target": 5.538145781131265, "params": {"h": 46.0, "p": 610.0, "r": 56.0}, "datetime": {"datetime": "2024-06-01 12:25:06", "elapsed": 1349.969863, "delta": 34.170226}}
{"target": 1.932303723908276, "params": {"h": 30.0, "p": 127.0, "r": 19.0}, "datetime": {"datetime": "2024-06-01 12:25:32", "elapsed": 1375.810661, "delta": 25.840798}}
{"target": 5.037556641502454, "params": {"h": 23.0, "p": 447.0, "r": 125.0}, "datetime": {"datetime": "2024-06-01 12:25:50", "elapsed": 1394.372918, "delta": 18.562257}}
{"target": 0.9696407188496672, "params": {"h": 40.0, "p": 870.0, "r": 105.0}, "datetime": {"datetime": "2024-06-01 12:26:35", "elapsed": 1439.316457, "delta": 44.943539}}
{"target": 0.8195439723505182, "params": {"h": 48.0, "p": 985.0, "r": 38.0}, "datetime": {"datetime": "2024-06-01 12:27:44", "elapsed": 1508.644798, "delta": 69.328341}}
{"target": 15.541829328190284, "params": {"h": 53.0, "p": 411.0, "r": 148.0}, "datetime": {"datetime": "2024-06-01 12:27:58", "elapsed": 1522.061549, "delta": 13.416751}}
{"target": 0.993084789644766, "params": {"h": 36.0, "p": 851.0, "r": 93.0}, "datetime": {"datetime": "2024-06-01 12:28:39", "elapsed": 1563.405864, "delta": 41.344315}}
{"target": 9.99383768530906, "params": {"h": 31.0, "p": 342.0, "r": 116.0}, "datetime": {"datetime": "2024-06-01 12:28:53", "elapsed": 1576.92791, "delta": 13.522046}}
{"target": 30.308489814163465, "params": {"h": 29.0, "p": 203.0, "r": 72.0}, "datetime": {"datetime": "2024-06-01 12:29:05", "elapsed": 1589.067657, "delta": 12.139747}}
{"target": 13.320578255941944, "params": {"h": 46.0, "p": 438.0, "r": 144.0}, "datetime": {"datetime": "2024-06-01 12:29:20", "elapsed": 1604.084434, "delta": 15.016777}}
{"target": 1.5185209838591902, "params": {"h": 27.0, "p": 715.0, "r": 86.0}, "datetime": {"datetime": "2024-06-01 12:29:53", "elapsed": 1636.959672, "delta": 32.875238}}
{"target": 7.166906489786554, "params": {"h": 50.0, "p": 493.0, "r": 59.0}, "datetime": {"datetime": "2024-06-01 12:30:20", "elapsed": 1664.763212, "delta": 27.80354}}
{"target": 0.22973999414793317, "params": {"h": 31.0, "p": 389.0, "r": 19.0}, "datetime": {"datetime": "2024-06-01 12:31:01", "elapsed": 1705.286043, "delta": 40.522831}}
{"target": 6.86485552452122, "params": {"h": 39.0, "p": 633.0, "r": 51.0}, "datetime": {"datetime": "2024-06-01 12:31:37", "elapsed": 1741.67387, "delta": 36.387827}}
{"target": 2.0666269576175944, "params": {"h": 16.0, "p": 613.0, "r": 126.0}, "datetime": {"datetime": "2024-06-01 12:32:16", "elapsed": 1779.884418, "delta": 38.210548}}
{"target": 4.883255521395437, "params": {"h": 52.0, "p": 763.0, "r": 48.0}, "datetime": {"datetime": "2024-06-01 12:33:07", "elapsed": 1831.069374, "delta": 51.184956}}
{"target": 1.5403763897720961, "params": {"h": 45.0, "p": 761.0, "r": 100.0}, "datetime": {"datetime": "2024-06-01 12:33:38", "elapsed": 1862.516441, "delta": 31.447067}}
{"target": 2.4468139720182664, "params": {"h": 24.0, "p": 581.0, "r": 70.0}, "datetime": {"datetime": "2024-06-01 12:34:06", "elapsed": 1890.367353, "delta": 27.850912}}
{"target": 0.0, "params": {"h": 17.0, "p": 135.0, "r": 71.0}, "datetime": {"datetime": "2024-06-01 12:34:06", "elapsed": 1890.367353, "delta": 0.0}}
{"target": 2.9729447818254378, "params": {"h": 25.0, "p": 735.0, "r": 36.0}, "datetime": {"datetime": "2024-06-01 12:34:49", "elapsed": 1933.794151, "delta": 43.426798}}
{"target": 2.1425723860739017, "params": {"h": 35.0, "p": 651.0, "r": 123.0}, "datetime": {"datetime": "2024-06-01 12:35:17", "elapsed": 1961.334996, "delta": 27.540845}}
{"target": 4.8019462796409025, "params": {"h": 54.0, "p": 744.0, "r": 55.0}, "datetime": {"datetime": "2024-06-01 12:35:59", "elapsed": 2003.254472, "delta": 41.919476}}
{"target": 21.398601082451417, "params": {"h": 54.0, "p": 273.0, "r": 103.0}, "datetime": {"datetime": "2024-06-01 12:36:12", "elapsed": 2015.947689, "delta": 12.693217}}
{"target": 1.2011451743685717, "params": {"h": 55.0, "p": 892.0, "r": 136.0}, "datetime": {"datetime": "2024-06-01 12:36:57", "elapsed": 2061.470889, "delta": 45.5232}}
{"target": 29.99575345835502, "params": {"h": 56.0, "p": 214.0, "r": 69.0}, "datetime": {"datetime": "2024-06-01 12:37:11", "elapsed": 2075.488157, "delta": 14.017268}}
{"target": 40.297750317525065, "params": {"h": 30.0, "p": 172.0, "r": 44.0}, "datetime": {"datetime": "2024-06-01 12:37:27", "elapsed": 2090.938199, "delta": 15.450042}}
{"target": 19.4211913015682, "params": {"h": 52.0, "p": 318.0, "r": 98.0}, "datetime": {"datetime": "2024-06-01 12:37:41", "elapsed": 2104.94683, "delta": 14.008631}}
{"target": 125.6467650628822, "params": {"h": 43.0, "p": 340.0, "r": 49.0}, "datetime": {"datetime": "2024-06-01 12:38:05", "elapsed": 2128.838251, "delta": 23.891421}}
{"target": 1.5010265771610798, "params": {"h": 27.0, "p": 721.0, "r": 88.0}, "datetime": {"datetime": "2024-06-01 12:38:37", "elapsed": 2161.754463, "delta": 32.916212}}
{"target": 2.8588769013629354, "params": {"h": 25.0, "p": 598.0, "r": 147.0}, "datetime": {"datetime": "2024-06-01 12:39:05", "elapsed": 2188.995043, "delta": 27.24058}}
{"target": 23.76336760163397, "params": {"h": 51.0, "p": 290.0, "r": 95.0}, "datetime": {"datetime": "2024-06-01 12:39:18", "elapsed": 2202.147757, "delta": 13.152714}}
{"target": 1.2943995742507868, "params": {"h": 32.0, "p": 779.0, "r": 107.0}, "datetime": {"datetime": "2024-06-01 12:39:53", "elapsed": 2236.835776, "delta": 34.688019}}
{"target": 10.31655817976973, "params": {"h": 43.0, "p": 399.0, "r": 139.0}, "datetime": {"datetime": "2024-06-01 12:40:06", "elapsed": 2249.881166, "delta": 13.04539}}
{"target": 0.7321197991342334, "params": {"h": 41.0, "p": 602.0, "r": 31.0}, "datetime": {"datetime": "2024-06-01 12:40:48", "elapsed": 2291.806705, "delta": 41.925539}}
{"target": 0.08063506574175275, "params": {"h": 59.0, "p": 496.0, "r": 16.0}, "datetime": {"datetime": "2024-06-01 12:41:57", "elapsed": 2361.015652, "delta": 69.208947}}
{"target": 1.1194619509790638, "params": {"h": 46.0, "p": 947.0, "r": 143.0}, "datetime": {"datetime": "2024-06-01 12:42:47", "elapsed": 2411.332921, "delta": 50.317269}}
{"target": 1.7936238321902684, "params": {"h": 27.0, "p": 661.0, "r": 34.0}, "datetime": {"datetime": "2024-06-01 12:43:28", "elapsed": 2452.611435, "delta": 41.278514}}
{"target": 44.43980422752028, "params": {"h": 21.0, "p": 157.0, "r": 53.0}, "datetime": {"datetime": "2024-06-01 12:43:40", "elapsed": 2464.424428, "delta": 11.812993}}
{"target": 0.09868242457079195, "params": {"h": 22.0, "p": 706.0, "r": 20.0}, "datetime": {"datetime": "2024-06-01 12:44:30", "elapsed": 2514.702051, "delta": 50.277623}}
{"target": 1.1370349991686766, "params": {"h": 48.0, "p": 937.0, "r": 78.0}, "datetime": {"datetime": "2024-06-01 12:45:25", "elapsed": 2569.332068, "delta": 54.630017}}
{"target": 6.263442508689221, "params": {"h": 34.0, "p": 219.0, "r": 32.0}, "datetime": {"datetime": "2024-06-01 12:45:51", "elapsed": 2595.07241, "delta": 25.740342}}
{"target": 31.515829987118238, "params": {"h": 45.0, "p": 258.0, "r": 79.0}, "datetime": {"datetime": "2024-06-01 12:46:05", "elapsed": 2609.688614, "delta": 14.616204}}
{"target": 1.1120951160212345, "params": {"h": 26.0, "p": 906.0, "r": 141.0}, "datetime": {"datetime": "2024-06-01 12:46:55", "elapsed": 2659.022414, "delta": 49.3338}}
{"target": 1.3911342311962427, "params": {"h": 57.0, "p": 384.0, "r": 29.0}, "datetime": {"datetime": "2024-06-01 12:47:35", "elapsed": 2699.646696, "delta": 40.624282}}
{"target": 1.3282392356715593, "params": {"h": 18.0, "p": 955.0, "r": 50.0}, "datetime": {"datetime": "2024-06-01 12:48:36", "elapsed": 2760.363521, "delta": 60.716825}}
{"target": 0.2814348781589703, "params": {"h": 36.0, "p": 311.0, "r": 18.0}, "datetime": {"datetime": "2024-06-01 12:49:13", "elapsed": 2796.961161, "delta": 36.59764}}
{"target": 16.09533016604272, "params": {"h": 33.0, "p": 491.0, "r": 130.0}, "datetime": {"datetime": "2024-06-01 12:49:30", "elapsed": 2814.781109, "delta": 17.819948}}
{"target": 0.9720132940438826, "params": {"h": 34.0, "p": 886.0, "r": 86.0}, "datetime": {"datetime": "2024-06-01 12:50:20", "elapsed": 2863.949335, "delta": 49.168226}}
{"target": 0.0, "params": {"h": 47.0, "p": 186.0, "r": 115.0}, "datetime": {"datetime": "2024-06-01 12:50:20", "elapsed": 2863.950336, "delta": 0.001001}}
{"target": 0.0, "params": {"h": 44.0, "p": 180.0, "r": 147.0}, "datetime": {"datetime": "2024-06-01 12:50:20", "elapsed": 2863.951337, "delta": 0.001001}}
{"target": 0.0, "params": {"h": 27.0, "p": 146.0, "r": 52.0}, "datetime": {"datetime": "2024-06-01 12:50:20", "elapsed": 2863.952337, "delta": 0.001}}
{"target": 0.0, "params": {"h": 45.0, "p": 117.0, "r": 73.0}, "datetime": {"datetime": "2024-06-01 12:50:20", "elapsed": 2863.953338, "delta": 0.001001}}
{"target": 3.2829611515336485, "params": {"h": 22.0, "p": 419.0, "r": 102.0}, "datetime": {"datetime": "2024-06-01 12:50:37", "elapsed": 2881.488135, "delta": 17.534797}}
{"target": 0.34543942434260533, "params": {"h": 55.0, "p": 567.0, "r": 26.0}, "datetime": {"datetime": "2024-06-01 12:51:24", "elapsed": 2927.969107, "delta": 46.480972}}
{"target": 2.035051943926007, "params": {"h": 31.0, "p": 619.0, "r": 111.0}, "datetime": {"datetime": "2024-06-01 12:51:48", "elapsed": 2952.668363, "delta": 24.699256}}
{"target": 1.749078561222527, "params": {"h": 19.0, "p": 595.0, "r": 81.0}, "datetime": {"datetime": "2024-06-01 12:52:13", "elapsed": 2977.019972, "delta": 24.351609}}
{"target": 19.29958425290974, "params": {"h": 37.0, "p": 285.0, "r": 104.0}, "datetime": {"datetime": "2024-06-01 12:52:24", "elapsed": 2988.621881, "delta": 11.601909}}
{"target": 37.43594620303562, "params": {"h": 36.0, "p": 249.0, "r": 71.0}, "datetime": {"datetime": "2024-06-01 12:52:38", "elapsed": 3002.792375, "delta": 14.170494}}
{"target": 0.17524237627266281, "params": {"h": 40.0, "p": 524.0, "r": 21.0}, "datetime": {"datetime": "2024-06-01 12:53:30", "elapsed": 3054.178898, "delta": 51.386523}}
{"target": 4.444466245830303, "params": {"h": 38.0, "p": 302.0, "r": 33.0}, "datetime": {"datetime": "2024-06-01 12:53:56", "elapsed": 3080.670974, "delta": 26.492076}}
{"target": 2.3252678465320735, "params": {"h": 18.0, "p": 538.0, "r": 61.0}, "datetime": {"datetime": "2024-06-01 12:54:21", "elapsed": 3105.422033, "delta": 24.751059}}
{"target": 26.94550917261202, "params": {"h": 57.0, "p": 486.0, "r": 138.0}, "datetime": {"datetime": "2024-06-01 12:54:38", "elapsed": 3122.566236, "delta": 17.144203}}
{"target": 10.246443829044612, "params": {"h": 56.0, "p": 422.0, "r": 55.0}, "datetime": {"datetime": "2024-06-01 12:55:05", "elapsed": 3149.329119, "delta": 26.762883}}
{"target": 41.5269967210089, "params": {"h": 43.0, "p": 224.0, "r": 64.0}, "datetime": {"datetime": "2024-06-01 12:55:21", "elapsed": 3165.201561, "delta": 15.872442}}
{"target": 62.48847678511744, "params": {"h": 38.0, "p": 263.0, "r": 60.0}, "datetime": {"datetime": "2024-06-01 12:55:36", "elapsed": 3180.61154, "delta": 15.409979}}
{"target": 1.218775461497347, "params": {"h": 51.0, "p": 806.0, "r": 108.0}, "datetime": {"datetime": "2024-06-01 12:56:16", "elapsed": 3219.947787, "delta": 39.336247}}
{"target": 16.263861479972977, "params": {"h": 53.0, "p": 363.0, "r": 130.0}, "datetime": {"datetime": "2024-06-01 12:56:29", "elapsed": 3233.46651, "delta": 13.518723}}
{"target": 0.0, "params": {"h": 40.0, "p": 138.0, "r": 145.0}, "datetime": {"datetime": "2024-06-01 12:56:29", "elapsed": 3233.46751, "delta": 0.001}}
{"target": 2.81615809237535, "params": {"h": 50.0, "p": 512.0, "r": 92.0}, "datetime": {"datetime": "2024-06-01 12:56:51", "elapsed": 3255.535516, "delta": 22.068006}}
{"target": 2.1129622172868316, "params": {"h": 56.0, "p": 162.0, "r": 22.0}, "datetime": {"datetime": "2024-06-01 12:57:27", "elapsed": 3291.539084, "delta": 36.003568}}
{"target": 4.934427392615602, "params": {"h": 26.0, "p": 466.0, "r": 35.0}, "datetime": {"datetime": "2024-06-01 12:57:56", "elapsed": 3320.616067, "delta": 29.076983}}
{"target": 1.9749984314379971, "params": {"h": 34.0, "p": 702.0, "r": 80.0}, "datetime": {"datetime": "2024-06-01 12:58:27", "elapsed": 3351.250284, "delta": 30.634217}}
{"target": 1.0963390033598026, "params": {"h": 28.0, "p": 828.0, "r": 120.0}, "datetime": {"datetime": "2024-06-01 12:59:05", "elapsed": 3388.860515, "delta": 37.610231}}
{"target": 1.2176808901189742, "params": {"h": 55.0, "p": 981.0, "r": 145.0}, "datetime": {"datetime": "2024-06-01 12:59:58", "elapsed": 3441.949269, "delta": 53.088754}}
{"target": 2.3983669950185424, "params": {"h": 39.0, "p": 541.0, "r": 104.0}, "datetime": {"datetime": "2024-06-01 13:00:17", "elapsed": 3461.320595, "delta": 19.371326}}
{"target": 1.4168194111836356, "params": {"h": 52.0, "p": 796.0, "r": 128.0}, "datetime": {"datetime": "2024-06-01 13:00:50", "elapsed": 3494.022974, "delta": 32.702379}}
{"target": 0.7500904757573986, "params": {"h": 21.0, "p": 912.0, "r": 89.0}, "datetime": {"datetime": "2024-06-01 13:01:37", "elapsed": 3541.614187, "delta": 47.591213}}
{"target": 0.6548871971735888, "params": {"h": 17.0, "p": 989.0, "r": 28.0}, "datetime": {"datetime": "2024-06-01 13:02:45", "elapsed": 3608.899298, "delta": 67.285111}}
{"target": 0.0, "params": {"h": 58.0, "p": 307.0, "r": 134.0}, "datetime": {"datetime": "2024-06-01 13:02:45", "elapsed": 3608.900298, "delta": 0.001}}
{"target": 0.8825272857686511, "params": {"h": 33.0, "p": 962.0, "r": 86.0}, "datetime": {"datetime": "2024-06-01 13:03:37", "elapsed": 3660.874042, "delta": 51.973744}}
{"target": 1.0788056036904519, "params": {"h": 37.0, "p": 358.0, "r": 26.0}, "datetime": {"datetime": "2024-06-01 13:04:10", "elapsed": 3693.818672, "delta": 32.94463}}
{"target": 4.412725782255652, "params": {"h": 34.0, "p": 825.0, "r": 45.0}, "datetime": {"datetime": "2024-06-01 13:04:55", "elapsed": 3739.19288, "delta": 45.374208}}
{"target": 1.4712033256833879, "params": {"h": 21.0, "p": 709.0, "r": 106.0}, "datetime": {"datetime": "2024-06-01 13:05:25", "elapsed": 3769.242544, "delta": 30.049664}}
{"target": 0.0, "params": {"h": 32.0, "p": 211.0, "r": 135.0}, "datetime": {"datetime": "2024-06-01 13:05:25", "elapsed": 3769.243545, "delta": 0.001001}}
{"target": 12.057612676529699, "params": {"h": 22.0, "p": 373.0, "r": 47.0}, "datetime": {"datetime": "2024-06-01 13:05:48", "elapsed": 3792.225197, "delta": 22.981652}}
{"target": 7.857314052215212, "params": {"h": 57.0, "p": 414.0, "r": 62.0}, "datetime": {"datetime": "2024-06-01 13:06:12", "elapsed": 3816.276038, "delta": 24.050841}}
{"target": 0.0, "params": {"h": 44.0, "p": 118.0, "r": 42.0}, "datetime": {"datetime": "2024-06-01 13:06:12", "elapsed": 3816.278039, "delta": 0.002001}}
{"target": 59.04959724586873, "params": {"h": 48.0, "p": 280.0, "r": 63.0}, "datetime": {"datetime": "2024-06-01 13:06:29", "elapsed": 3833.174847, "delta": 16.896808}}
{"target": 6.380596015460426, "params": {"h": 54.0, "p": 547.0, "r": 149.0}, "datetime": {"datetime": "2024-06-01 13:06:47", "elapsed": 3851.406456, "delta": 18.231609}}
{"target": 7.383338784434061, "params": {"h": 59.0, "p": 451.0, "r": 61.0}, "datetime": {"datetime": "2024-06-01 13:07:15", "elapsed": 3879.506345, "delta": 28.099889}}
