{"target": 4.8907774472230425, "params": {"h": 44.0, "p": 474.0, "r": 69.0}, "datetime": {"datetime": "2024-06-06 15:22:44", "elapsed": 3728.193075, "delta": 22.039136}}
{"target": 5.310885304127409, "params": {"h": 40.0, "p": 371.0, "r": 113.0}, "datetime": {"datetime": "2024-06-06 15:23:00", "elapsed": 3743.269081, "delta": 15.076006}}
{"target": 0.9889092894096904, "params": {"h": 39.0, "p": 856.0, "r": 99.0}, "datetime": {"datetime": "2024-06-06 15:23:40", "elapsed": 3783.891458, "delta": 40.622377}}
{"target": 22.770703929106375, "params": {"h": 49.0, "p": 501.0, "r": 136.0}, "datetime": {"datetime": "2024-06-06 15:23:56", "elapsed": 3800.210377, "delta": 16.318919}}
{"target": 0.9436426997582061, "params": {"h": 31.0, "p": 868.0, "r": 111.0}, "datetime": {"datetime": "2024-06-06 15:24:39", "elapsed": 3842.546389, "delta": 42.336012}}
{"target": 1.173120024261231, "params": {"h": 30.0, "p": 785.0, "r": 100.0}, "datetime": {"datetime": "2024-06-06 15:25:14", "elapsed": 3877.792035, "delta": 35.245646}}
{"target": 1.3175837143621625, "params": {"h": 33.0, "p": 116.0, "r": 16.0}, "datetime": {"datetime": "2024-06-06 15:25:47", "elapsed": 3910.923174, "delta": 33.131139}}
{"target": 2.2276566218128013, "params": {"h": 44.0, "p": 877.0, "r": 43.0}, "datetime": {"datetime": "2024-06-06 15:26:40", "elapsed": 3964.21699, "delta": 53.293816}}
{"target": 1.1044128276727896, "params": {"h": 43.0, "p": 973.0, "r": 76.0}, "datetime": {"datetime": "2024-06-06 15:27:38", "elapsed": 4022.131283, "delta": 57.914293}}
{"target": 0.8342010028132847, "params": {"h": 32.0, "p": 475.0, "r": 28.0}, "datetime": {"datetime": "2024-06-06 15:28:12", "elapsed": 4055.707048, "delta": 33.575765}}
{"target": 0.0, "params": {"h": 36.0, "p": 133.0, "r": 112.0}, "datetime": {"datetime": "2024-06-06 15:28:12", "elapsed": 4055.707048, "delta": 0.0}}
{"target": 0.9090080602482341, "params": {"h": 16.0, "p": 889.0, "r": 125.0}, "datetime": {"datetime": "2024-06-06 15:29:08", "elapsed": 4112.151467, "delta": 56.444419}}
{"target": 0.9688496574556685, "params": {"h": 59.0, "p": 954.0, "r": 104.0}, "datetime": {"datetime": "2024-06-06 15:29:56", "elapsed": 4159.424509, "delta": 47.273042}}
{"target": 2.627114142161203, "params": {"h": 59.0, "p": 680.0, "r": 80.0}, "datetime": {"datetime": "2024-06-06 15:30:29", "elapsed": 4192.756714, "delta": 33.332205}}
{"target": 3.070958111924904, "params": {"h": 59.0, "p": 558.0, "r": 77.0}, "datetime": {"datetime": "2024-06-06 15:30:57", "elapsed": 4221.100613, "delta": 28.343899}}
{"target": 1.5828402793976561, "params": {"h": 30.0, "p": 794.0, "r": 65.0}, "datetime": {"datetime": "2024-06-06 15:31:37", "elapsed": 4260.541247, "delta": 39.440634}}
{"target": 11.908953883415371, "params": {"h": 20.0, "p": 612.0, "r": 41.0}, "datetime": {"datetime": "2024-06-06 15:32:08", "elapsed": 4291.373348, "delta": 30.832101}}
{"target": 1.3020865732163638, "params": {"h": 22.0, "p": 736.0, "r": 96.0}, "datetime": {"datetime": "2024-06-06 15:32:40", "elapsed": 4324.098894, "delta": 32.725546}}
{"target": 0.0, "params": {"h": 42.0, "p": 143.0, "r": 131.0}, "datetime": {"datetime": "2024-06-06 15:32:40", "elapsed": 4324.100896, "delta": 0.002002}}
{"target": 19.31800091687003, "params": {"h": 30.0, "p": 268.0, "r": 102.0}, "datetime": {"datetime": "2024-06-06 15:32:51", "elapsed": 4334.552134, "delta": 10.451238}}
{"target": 4.630991126338379, "params": {"h": 32.0, "p": 433.0, "r": 121.0}, "datetime": {"datetime": "2024-06-06 15:33:06", "elapsed": 4349.880109, "delta": 15.327975}}
{"target": 0.0, "params": {"h": 26.0, "p": 125.0, "r": 85.0}, "datetime": {"datetime": "2024-06-06 15:33:06", "elapsed": 4349.880109, "delta": 0.0}}
{"target": 2.6769045464745402, "params": {"h": 26.0, "p": 504.0, "r": 72.0}, "datetime": {"datetime": "2024-06-06 15:33:29", "elapsed": 4372.516854, "delta": 22.636745}}
{"target": 1.26194192613284, "params": {"h": 32.0, "p": 783.0, "r": 88.0}, "datetime": {"datetime": "2024-06-06 15:34:04", "elapsed": 4407.431267, "delta": 34.914413}}
{"target": 3.27735412605915, "params": {"h": 57.0, "p": 563.0, "r": 129.0}, "datetime": {"datetime": "2024-06-06 15:34:26", "elapsed": 4430.01968, "delta": 22.588413}}
{"target": 6.007109712909386, "params": {"h": 50.0, "p": 659.0, "r": 51.0}, "datetime": {"datetime": "2024-06-06 15:35:00", "elapsed": 4463.755213, "delta": 33.735533}}
{"target": 3.847893041176876, "params": {"h": 24.0, "p": 468.0, "r": 66.0}, "datetime": {"datetime": "2024-06-06 15:35:20", "elapsed": 4483.956424, "delta": 20.201211}}
{"target": 0.8367055500582408, "params": {"h": 42.0, "p": 979.0, "r": 109.0}, "datetime": {"datetime": "2024-06-06 15:36:10", "elapsed": 4533.883048, "delta": 49.926624}}
{"target": 2.501213567445367, "params": {"h": 57.0, "p": 676.0, "r": 82.0}, "datetime": {"datetime": "2024-06-06 15:36:44", "elapsed": 4568.221383, "delta": 34.338335}}
{"target": 3.809894636042437, "params": {"h": 41.0, "p": 425.0, "r": 87.0}, "datetime": {"datetime": "2024-06-06 15:37:01", "elapsed": 4584.902924, "delta": 16.681541}}
{"target": 7.67328116666696, "params": {"h": 47.0, "p": 423.0, "r": 133.0}, "datetime": {"datetime": "2024-06-06 15:37:15", "elapsed": 4598.597434, "delta": 13.69451}}
{"target": 4.240260766133915, "params": {"h": 24.0, "p": 444.0, "r": 64.0}, "datetime": {"datetime": "2024-06-06 15:37:35", "elapsed": 4618.445588, "delta": 19.848154}}
{"target": 0.582671404039143, "params": {"h": 27.0, "p": 412.0, "r": 24.0}, "datetime": {"datetime": "2024-06-06 15:38:05", "elapsed": 4649.135313, "delta": 30.689725}}
{"target": 0.049803856718247046, "params": {"h": 54.0, "p": 998.0, "r": 21.0}, "datetime": {"datetime": "2024-06-06 15:39:34", "elapsed": 4737.417171, "delta": 88.281858}}
{"target": 1.0751540852829429, "params": {"h": 37.0, "p": 983.0, "r": 148.0}, "datetime": {"datetime": "2024-06-06 15:40:27", "elapsed": 4790.372566, "delta": 52.955395}}
{"target": 3.991182448669556, "params": {"h": 32.0, "p": 385.0, "r": 87.0}, "datetime": {"datetime": "2024-06-06 15:40:43", "elapsed": 4806.757504, "delta": 16.384938}}
{"target": 1.4439206182549802, "params": {"h": 41.0, "p": 822.0, "r": 144.0}, "datetime": {"datetime": "2024-06-06 15:41:18", "elapsed": 4841.663436, "delta": 34.905932}}
{"target": 0.9121657984980612, "params": {"h": 27.0, "p": 931.0, "r": 122.0}, "datetime": {"datetime": "2024-06-06 15:42:06", "elapsed": 4889.768119, "delta": 48.104683}}
{"target": 0.0, "params": {"h": 51.0, "p": 183.0, "r": 123.0}, "datetime": {"datetime": "2024-06-06 15:42:06", "elapsed": 4889.76912, "delta": 0.001001}}
{"target": 5.721296412321192, "params": {"h": 45.0, "p": 732.0, "r": 49.0}, "datetime": {"datetime": "2024-06-06 15:42:51", "elapsed": 4934.860931, "delta": 45.091811}}
{"target": 1.1317815641257012, "params": {"h": 23.0, "p": 162.0, "r": 18.0}, "datetime": {"datetime": "2024-06-06 15:43:17", "elapsed": 4960.922517, "delta": 26.061586}}
{"target": 0.0, "params": {"h": 31.0, "p": 256.0, "r": 117.0}, "datetime": {"datetime": "2024-06-06 15:43:17", "elapsed": 4960.923518, "delta": 0.001001}}
{"target": 0.0, "params": {"h": 60.0, "p": 214.0, "r": 107.0}, "datetime": {"datetime": "2024-06-06 15:43:17", "elapsed": 4960.92552, "delta": 0.002002}}
{"target": 27.017250817288527, "params": {"h": 52.0, "p": 313.0, "r": 79.0}, "datetime": {"datetime": "2024-06-06 15:43:34", "elapsed": 4977.562011, "delta": 16.636491}}
{"target": 2.9137714411575946, "params": {"h": 43.0, "p": 988.0, "r": 50.0}, "datetime": {"datetime": "2024-06-06 15:44:34", "elapsed": 5038.147346, "delta": 60.585335}}
{"target": 17.511280378674567, "params": {"h": 16.0, "p": 279.0, "r": 49.0}, "datetime": {"datetime": "2024-06-06 15:44:51", "elapsed": 5055.19208, "delta": 17.044734}}
{"target": 0.9450032425226635, "params": {"h": 55.0, "p": 948.0, "r": 106.0}, "datetime": {"datetime": "2024-06-06 15:45:45", "elapsed": 5108.63462, "delta": 53.44254}}
{"target": 0.0, "params": {"h": 32.0, "p": 187.0, "r": 73.0}, "datetime": {"datetime": "2024-06-06 15:45:45", "elapsed": 5108.636182, "delta": 0.001562}}
{"target": 0.10298151709805954, "params": {"h": 49.0, "p": 825.0, "r": 23.0}, "datetime": {"datetime": "2024-06-06 15:46:50", "elapsed": 5173.927355, "delta": 65.291173}}
{"target": 1.0902420045657404, "params": {"h": 34.0, "p": 803.0, "r": 105.0}, "datetime": {"datetime": "2024-06-06 15:47:25", "elapsed": 5209.116115, "delta": 35.18876}}
{"target": 32.42536356106058, "params": {"h": 59.0, "p": 359.0, "r": 48.0}, "datetime": {"datetime": "2024-06-06 15:47:52", "elapsed": 5235.534522, "delta": 26.418407}}
{"target": 4.721127838968759, "params": {"h": 33.0, "p": 362.0, "r": 93.0}, "datetime": {"datetime": "2024-06-06 15:48:05", "elapsed": 5248.898526, "delta": 13.364004}}
{"target": 17.983026402441368, "params": {"h": 34.0, "p": 291.0, "r": 110.0}, "datetime": {"datetime": "2024-06-06 15:48:16", "elapsed": 5260.117072, "delta": 11.218546}}
{"target": 2.0210462163239065, "params": {"h": 40.0, "p": 769.0, "r": 72.0}, "datetime": {"datetime": "2024-06-06 15:48:53", "elapsed": 5296.401332, "delta": 36.28426}}
{"target": 11.240637934003228, "params": {"h": 43.0, "p": 345.0, "r": 77.0}, "datetime": {"datetime": "2024-06-06 15:49:09", "elapsed": 5313.0992, "delta": 16.697868}}
{"target": 8.454152096937294, "params": {"h": 20.0, "p": 367.0, "r": 146.0}, "datetime": {"datetime": "2024-06-06 15:49:29", "elapsed": 5332.651454, "delta": 19.552254}}
{"target": 1.9500669779148774, "params": {"h": 53.0, "p": 728.0, "r": 85.0}, "datetime": {"datetime": "2024-06-06 15:50:03", "elapsed": 5366.789973, "delta": 34.138519}}
{"target": 0.0, "params": {"h": 38.0, "p": 303.0, "r": 131.0}, "datetime": {"datetime": "2024-06-06 15:50:03", "elapsed": 5366.789973, "delta": 0.0}}
{"target": 25.762447297541602, "params": {"h": 55.0, "p": 283.0, "r": 93.0}, "datetime": {"datetime": "2024-06-06 15:50:16", "elapsed": 5380.120439, "delta": 13.330466}}
{"target": 0.0, "params": {"h": 58.0, "p": 276.0, "r": 135.0}, "datetime": {"datetime": "2024-06-06 15:50:16", "elapsed": 5380.136065, "delta": 0.015626}}
{"target": 1.6736871964699056, "params": {"h": 33.0, "p": 924.0, "r": 39.0}, "datetime": {"datetime": "2024-06-06 15:51:11", "elapsed": 5434.434977, "delta": 54.298912}}
{"target": 0.0, "params": {"h": 48.0, "p": 114.0, "r": 75.0}, "datetime": {"datetime": "2024-06-06 15:51:11", "elapsed": 5434.436979, "delta": 0.002002}}
{"target": 0.823291713069963, "params": {"h": 56.0, "p": 700.0, "r": 34.0}, "datetime": {"datetime": "2024-06-06 15:51:59", "elapsed": 5482.650656, "delta": 48.213677}}
{"target": 2.3835041477192354, "params": {"h": 34.0, "p": 739.0, "r": 67.0}, "datetime": {"datetime": "2024-06-06 15:52:34", "elapsed": 5517.388231, "delta": 34.737575}}
{"target": 3.078736730507857, "params": {"h": 51.0, "p": 580.0, "r": 74.0}, "datetime": {"datetime": "2024-06-06 15:53:01", "elapsed": 5544.508503, "delta": 27.120272}}
{"target": 0.061536879546768536, "params": {"h": 56.0, "p": 622.0, "r": 17.0}, "datetime": {"datetime": "2024-06-06 15:54:06", "elapsed": 5609.86365, "delta": 65.355147}}
{"target": 0.33075768580585296, "params": {"h": 45.0, "p": 758.0, "r": 29.0}, "datetime": {"datetime": "2024-06-06 15:54:58", "elapsed": 5661.560186, "delta": 51.696536}}
{"target": 0.029012811555825274, "params": {"h": 35.0, "p": 960.0, "r": 18.0}, "datetime": {"datetime": "2024-06-06 15:56:10", "elapsed": 5734.172825, "delta": 72.612639}}
{"target": 0.675762334914178, "params": {"h": 20.0, "p": 405.0, "r": 23.0}, "datetime": {"datetime": "2024-06-06 15:56:39", "elapsed": 5762.382413, "delta": 28.209588}}
{"target": 4.020461843381235, "params": {"h": 21.0, "p": 514.0, "r": 143.0}, "datetime": {"datetime": "2024-06-06 15:57:05", "elapsed": 5788.389401, "delta": 26.006988}}
{"target": 1.3247701712697313, "params": {"h": 25.0, "p": 762.0, "r": 80.0}, "datetime": {"datetime": "2024-06-06 15:57:38", "elapsed": 5822.148962, "delta": 33.759561}}
{"target": 9.221257669911413, "params": {"h": 51.0, "p": 389.0, "r": 130.0}, "datetime": {"datetime": "2024-06-06 15:57:52", "elapsed": 5836.133159, "delta": 13.984197}}
{"target": 5.562551894138568, "params": {"h": 46.0, "p": 632.0, "r": 56.0}, "datetime": {"datetime": "2024-06-06 15:58:27", "elapsed": 5870.491451, "delta": 34.358292}}
{"target": 0.5110928374590111, "params": {"h": 57.0, "p": 772.0, "r": 32.0}, "datetime": {"datetime": "2024-06-06 15:59:29", "elapsed": 5933.042944, "delta": 62.551493}}
{"target": 5.645383686770767, "params": {"h": 57.0, "p": 521.0, "r": 125.0}, "datetime": {"datetime": "2024-06-06 15:59:49", "elapsed": 5952.397784, "delta": 19.35484}}
{"target": 2.254808842967269, "params": {"h": 28.0, "p": 840.0, "r": 55.0}, "datetime": {"datetime": "2024-06-06 16:00:32", "elapsed": 5995.65854, "delta": 43.260756}}
{"target": 0.6475180652167479, "params": {"h": 17.0, "p": 917.0, "r": 78.0}, "datetime": {"datetime": "2024-06-06 16:01:22", "elapsed": 6046.233317, "delta": 50.574777}}
{"target": 1.6211178270574171, "params": {"h": 15.0, "p": 600.0, "r": 94.0}, "datetime": {"datetime": "2024-06-06 16:01:56", "elapsed": 6079.280823, "delta": 33.047506}}
{"target": 4.793336193299353, "params": {"h": 39.0, "p": 454.0, "r": 38.0}, "datetime": {"datetime": "2024-06-06 16:02:25", "elapsed": 6109.134881, "delta": 29.854058}}
{"target": 1.0817781304610163, "params": {"h": 45.0, "p": 842.0, "r": 116.0}, "datetime": {"datetime": "2024-06-06 16:03:04", "elapsed": 6148.247454, "delta": 39.112573}}
{"target": 0.9972739839577205, "params": {"h": 25.0, "p": 595.0, "r": 30.0}, "datetime": {"datetime": "2024-06-06 16:03:41", "elapsed": 6184.636973, "delta": 36.389519}}
{"target": 0.0, "params": {"h": 48.0, "p": 156.0, "r": 67.0}, "datetime": {"datetime": "2024-06-06 16:03:41", "elapsed": 6184.638975, "delta": 0.002002}}
{"target": 4.056002211102219, "params": {"h": 29.0, "p": 395.0, "r": 76.0}, "datetime": {"datetime": "2024-06-06 16:03:59", "elapsed": 6203.112945, "delta": 18.47397}}
{"target": 2.057657212347212, "params": {"h": 18.0, "p": 534.0, "r": 68.0}, "datetime": {"datetime": "2024-06-06 16:04:23", "elapsed": 6226.643925, "delta": 23.53098}}
{"target": 6.294552455177988, "params": {"h": 29.0, "p": 496.0, "r": 145.0}, "datetime": {"datetime": "2024-06-06 16:04:42", "elapsed": 6245.695031, "delta": 19.051106}}
{"target": 3.177640609175977, "params": {"h": 30.0, "p": 509.0, "r": 35.0}, "datetime": {"datetime": "2024-06-06 16:05:15", "elapsed": 6278.521389, "delta": 32.826358}}
{"target": 0.0, "params": {"h": 48.0, "p": 296.0, "r": 128.0}, "datetime": {"datetime": "2024-06-06 16:05:15", "elapsed": 6278.52239, "delta": 0.001001}}
{"target": 8.964230938576291, "params": {"h": 22.0, "p": 577.0, "r": 45.0}, "datetime": {"datetime": "2024-06-06 16:05:44", "elapsed": 6307.916523, "delta": 29.394133}}
{"target": 7.54892822080068, "params": {"h": 33.0, "p": 312.0, "r": 35.0}, "datetime": {"datetime": "2024-06-06 16:06:09", "elapsed": 6332.79638, "delta": 24.879857}}
{"target": 0.0, "params": {"h": 21.0, "p": 108.0, "r": 63.0}, "datetime": {"datetime": "2024-06-06 16:06:09", "elapsed": 6332.797942, "delta": 0.001562}}
{"target": 1.1456129830472477, "params": {"h": 37.0, "p": 871.0, "r": 134.0}, "datetime": {"datetime": "2024-06-06 16:06:51", "elapsed": 6374.847561, "delta": 42.049619}}
{"target": 45.87916795606429, "params": {"h": 40.0, "p": 229.0, "r": 63.0}, "datetime": {"datetime": "2024-06-06 16:07:05", "elapsed": 6389.077289, "delta": 14.229728}}
{"target": 4.885600353363626, "params": {"h": 48.0, "p": 679.0, "r": 46.0}, "datetime": {"datetime": "2024-06-06 16:07:46", "elapsed": 6430.116288, "delta": 41.038999}}
{"target": 2.1694582352598797, "params": {"h": 25.0, "p": 748.0, "r": 61.0}, "datetime": {"datetime": "2024-06-06 16:08:26", "elapsed": 6469.475753, "delta": 39.359465}}
{"target": 0.14684223125530022, "params": {"h": 36.0, "p": 689.0, "r": 23.0}, "datetime": {"datetime": "2024-06-06 16:09:17", "elapsed": 6520.3178, "delta": 50.842047}}
{"target": 0.0, "params": {"h": 52.0, "p": 158.0, "r": 138.0}, "datetime": {"datetime": "2024-06-06 16:09:17", "elapsed": 6520.3178, "delta": 0.0}}
{"target": 40.845778237138305, "params": {"h": 56.0, "p": 234.0, "r": 58.0}, "datetime": {"datetime": "2024-06-06 16:09:34", "elapsed": 6537.691445, "delta": 17.373645}}
{"target": 8.482228274775132, "params": {"h": 39.0, "p": 495.0, "r": 42.0}, "datetime": {"datetime": "2024-06-06 16:10:02", "elapsed": 6566.034322, "delta": 28.342877}}
{"target": 8.95076648429785, "params": {"h": 37.0, "p": 525.0, "r": 141.0}, "datetime": {"datetime": "2024-06-06 16:10:21", "elapsed": 6584.268561, "delta": 18.234239}}
{"target": 1.6328834910568073, "params": {"h": 34.0, "p": 181.0, "r": 22.0}, "datetime": {"datetime": "2024-06-06 16:10:49", "elapsed": 6612.779814, "delta": 28.511253}}
{"target": 3.315206017840459, "params": {"h": 37.0, "p": 642.0, "r": 40.0}, "datetime": {"datetime": "2024-06-06 16:11:27", "elapsed": 6650.467251, "delta": 37.687437}}
{"target": 2.5977354581959986, "params": {"h": 54.0, "p": 914.0, "r": 54.0}, "datetime": {"datetime": "2024-06-06 16:12:23", "elapsed": 6706.614366, "delta": 56.147115}}
{"target": 0.0, "params": {"h": 44.0, "p": 132.0, "r": 59.0}, "datetime": {"datetime": "2024-06-06 16:12:23", "elapsed": 6706.614366, "delta": 0.0}}
{"target": 1.0560374951422027, "params": {"h": 51.0, "p": 336.0, "r": 26.0}, "datetime": {"datetime": "2024-06-06 16:13:00", "elapsed": 6743.779028, "delta": 37.164662}}
{"target": 1.8924385691872065, "params": {"h": 24.0, "p": 639.0, "r": 83.0}, "datetime": {"datetime": "2024-06-06 16:13:26", "elapsed": 6770.176334, "delta": 26.397306}}
{"target": 4.258198017881721, "params": {"h": 42.0, "p": 703.0, "r": 60.0}, "datetime": {"datetime": "2024-06-06 16:14:02", "elapsed": 6805.582153, "delta": 35.405819}}
{"target": 3.742064890273097, "params": {"h": 60.0, "p": 656.0, "r": 142.0}, "datetime": {"datetime": "2024-06-06 16:14:27", "elapsed": 6830.34366, "delta": 24.761507}}
{"target": 1.9086503540728126, "params": {"h": 16.0, "p": 519.0, "r": 90.0}, "datetime": {"datetime": "2024-06-06 16:14:49", "elapsed": 6853.01561, "delta": 22.67195}}
{"target": 13.235166506063058, "params": {"h": 46.0, "p": 438.0, "r": 143.0}, "datetime": {"datetime": "2024-06-06 16:15:04", "elapsed": 6867.985485, "delta": 14.969875}}
{"target": 0.441657025122873, "params": {"h": 52.0, "p": 550.0, "r": 27.0}, "datetime": {"datetime": "2024-06-06 16:15:47", "elapsed": 6911.161599, "delta": 43.176114}}
{"target": 2.495714904093718, "params": {"h": 58.0, "p": 650.0, "r": 132.0}, "datetime": {"datetime": "2024-06-06 16:16:12", "elapsed": 6936.043878, "delta": 24.882279}}
{"target": 0.0, "params": {"h": 21.0, "p": 138.0, "r": 92.0}, "datetime": {"datetime": "2024-06-06 16:16:12", "elapsed": 6936.043878, "delta": 0.0}}
{"target": 19.983913703258494, "params": {"h": 56.0, "p": 365.0, "r": 148.0}, "datetime": {"datetime": "2024-06-06 16:16:25", "elapsed": 6948.675493, "delta": 12.631615}}
{"target": 0.0, "params": {"h": 41.0, "p": 126.0, "r": 117.0}, "datetime": {"datetime": "2024-06-06 16:16:25", "elapsed": 6948.677495, "delta": 0.002002}}
{"target": 5.94907963400656, "params": {"h": 21.0, "p": 592.0, "r": 48.0}, "datetime": {"datetime": "2024-06-06 16:16:52", "elapsed": 6976.195982, "delta": 27.518487}}
{"target": 3.8720980487866097, "params": {"h": 35.0, "p": 725.0, "r": 58.0}, "datetime": {"datetime": "2024-06-06 16:17:30", "elapsed": 7014.068346, "delta": 37.872364}}
{"target": 1.483706706355012, "params": {"h": 27.0, "p": 715.0, "r": 95.0}, "datetime": {"datetime": "2024-06-06 16:18:01", "elapsed": 7044.939421, "delta": 30.871075}}
{"target": 0.8406802595899922, "params": {"h": 49.0, "p": 994.0, "r": 101.0}, "datetime": {"datetime": "2024-06-06 16:18:56", "elapsed": 7099.625448, "delta": 54.686027}}
{"target": 2.507900518419855, "params": {"h": 29.0, "p": 537.0, "r": 79.0}, "datetime": {"datetime": "2024-06-06 16:19:18", "elapsed": 7121.779298, "delta": 22.15385}}
