{"target": 107.82708778372559, "params": {"h": 19.0, "p": 254.0, "r": 43.0}, "datetime": {"datetime": "2024-06-06 14:20:36", "elapsed": 0.0, "delta": 0.0}}
{"target": 0.6142028557435005, "params": {"h": 38.0, "p": 478.0, "r": 27.0}, "datetime": {"datetime": "2024-06-06 14:21:12", "elapsed": 36.156747, "delta": 36.156747}}
{"target": 0.9359160636377762, "params": {"h": 50.0, "p": 992.0, "r": 129.0}, "datetime": {"datetime": "2024-06-06 14:22:02", "elapsed": 85.517175, "delta": 49.360428}}
{"target": 0.8952973662714888, "params": {"h": 43.0, "p": 967.0, "r": 122.0}, "datetime": {"datetime": "2024-06-06 14:22:48", "elapsed": 131.815457, "delta": 46.298282}}
{"target": 0.0, "params": {"h": 25.0, "p": 219.0, "r": 105.0}, "datetime": {"datetime": "2024-06-06 14:22:48", "elapsed": 131.815457, "delta": 0.0}}
{"target": 9.735750777217804, "params": {"h": 39.0, "p": 467.0, "r": 133.0}, "datetime": {"datetime": "2024-06-06 14:23:05", "elapsed": 148.491523, "delta": 16.676066}}
{"target": 3.6060903735496685, "params": {"h": 57.0, "p": 743.0, "r": 62.0}, "datetime": {"datetime": "2024-06-06 14:23:46", "elapsed": 189.267307, "delta": 40.775784}}
{"target": 0.0, "params": {"h": 31.0, "p": 247.0, "r": 118.0}, "datetime": {"datetime": "2024-06-06 14:23:46", "elapsed": 189.267307, "delta": 0.0}}
{"target": 13.054790713239568, "params": {"h": 49.0, "p": 429.0, "r": 142.0}, "datetime": {"datetime": "2024-06-06 14:23:59", "elapsed": 202.913484, "delta": 13.646177}}
{"target": 7.514742432218213, "params": {"h": 35.0, "p": 449.0, "r": 130.0}, "datetime": {"datetime": "2024-06-06 14:24:15", "elapsed": 218.984389, "delta": 16.070905}}
{"target": 2.4841439344557403, "params": {"h": 18.0, "p": 653.0, "r": 144.0}, "datetime": {"datetime": "2024-06-06 14:24:56", "elapsed": 259.639449, "delta": 40.65506}}
{"target": 0.0, "params": {"h": 28.0, "p": 167.0, "r": 67.0}, "datetime": {"datetime": "2024-06-06 14:24:56", "elapsed": 259.639449, "delta": 0.0}}
{"target": 2.443698534416764, "params": {"h": 16.0, "p": 542.0, "r": 125.0}, "datetime": {"datetime": "2024-06-06 14:25:29", "elapsed": 293.083322, "delta": 33.443873}}
{"target": 1.7712948716060608, "params": {"h": 22.0, "p": 664.0, "r": 107.0}, "datetime": {"datetime": "2024-06-06 14:25:56", "elapsed": 319.665925, "delta": 26.582603}}
{"target": 0.0, "params": {"h": 31.0, "p": 104.0, "r": 100.0}, "datetime": {"datetime": "2024-06-06 14:25:56", "elapsed": 319.665925, "delta": 0.0}}
{"target": 2.5414033550030286, "params": {"h": 47.0, "p": 557.0, "r": 86.0}, "datetime": {"datetime": "2024-06-06 14:26:21", "elapsed": 345.093301, "delta": 25.427376}}
{"target": 0.9718208069588762, "params": {"h": 35.0, "p": 880.0, "r": 88.0}, "datetime": {"datetime": "2024-06-06 14:27:06", "elapsed": 389.325754, "delta": 44.232453}}
{"target": 0.040328130872428626, "params": {"h": 23.0, "p": 961.0, "r": 19.0}, "datetime": {"datetime": "2024-06-06 14:28:11", "elapsed": 454.648737, "delta": 65.322983}}
{"target": 2.0776159869241098, "params": {"h": 35.0, "p": 589.0, "r": 36.0}, "datetime": {"datetime": "2024-06-06 14:28:46", "elapsed": 490.074349, "delta": 35.425612}}
{"target": 0.018185533936603892, "params": {"h": 18.0, "p": 952.0, "r": 15.0}, "datetime": {"datetime": "2024-06-06 14:29:53", "elapsed": 556.731028, "delta": 66.656679}}
{"target": 8.1088670482907, "params": {"h": 31.0, "p": 350.0, "r": 66.0}, "datetime": {"datetime": "2024-06-06 14:30:10", "elapsed": 574.107082, "delta": 17.376054}}
{"target": 8.93012219605469, "params": {"h": 56.0, "p": 490.0, "r": 55.0}, "datetime": {"datetime": "2024-06-06 14:30:38", "elapsed": 602.073986, "delta": 27.966904}}
{"target": 3.464794054451416, "params": {"h": 17.0, "p": 721.0, "r": 31.0}, "datetime": {"datetime": "2024-06-06 14:31:19", "elapsed": 642.547595, "delta": 40.473609}}
{"target": 0.13163311431360974, "params": {"h": 40.0, "p": 374.0, "r": 16.0}, "datetime": {"datetime": "2024-06-06 14:32:06", "elapsed": 689.623767, "delta": 47.076172}}
{"target": 0.0, "params": {"h": 50.0, "p": 206.0, "r": 136.0}, "datetime": {"datetime": "2024-06-06 14:32:06", "elapsed": 689.624768, "delta": 0.001001}}
{"target": 11.669965857155711, "params": {"h": 23.0, "p": 420.0, "r": 47.0}, "datetime": {"datetime": "2024-06-06 14:32:28", "elapsed": 711.518285, "delta": 21.893517}}
{"target": 2.288929420679241, "params": {"h": 53.0, "p": 778.0, "r": 71.0}, "datetime": {"datetime": "2024-06-06 14:33:07", "elapsed": 750.290029, "delta": 38.771744}}
{"target": 1.6981603080821057, "params": {"h": 28.0, "p": 695.0, "r": 98.0}, "datetime": {"datetime": "2024-06-06 14:33:36", "elapsed": 780.006669, "delta": 29.71664}}
{"target": 2.856786642920876, "params": {"h": 31.0, "p": 619.0, "r": 126.0}, "datetime": {"datetime": "2024-06-06 14:33:59", "elapsed": 802.511032, "delta": 22.504363}}
{"target": 0.0, "params": {"h": 34.0, "p": 249.0, "r": 121.0}, "datetime": {"datetime": "2024-06-06 14:33:59", "elapsed": 802.511032, "delta": 0.0}}
{"target": 1.0223498033761012, "params": {"h": 17.0, "p": 817.0, "r": 122.0}, "datetime": {"datetime": "2024-06-06 14:34:42", "elapsed": 845.938427, "delta": 43.427395}}
{"target": 0.05934548779542403, "params": {"h": 45.0, "p": 896.0, "r": 21.0}, "datetime": {"datetime": "2024-06-06 14:35:56", "elapsed": 919.909955, "delta": 73.971528}}
{"target": 5.171965461043155, "params": {"h": 23.0, "p": 483.0, "r": 146.0}, "datetime": {"datetime": "2024-06-06 14:36:15", "elapsed": 939.244899, "delta": 19.334944}}
{"target": 0.0, "params": {"h": 17.0, "p": 100.0, "r": 90.0}, "datetime": {"datetime": "2024-06-06 14:36:15", "elapsed": 939.244899, "delta": 0.0}}
{"target": 2.1444444835166703, "params": {"h": 49.0, "p": 628.0, "r": 119.0}, "datetime": {"datetime": "2024-06-06 14:36:40", "elapsed": 963.327598, "delta": 24.082699}}
{"target": 1.8218946740297466, "params": {"h": 51.0, "p": 751.0, "r": 124.0}, "datetime": {"datetime": "2024-06-06 14:37:11", "elapsed": 994.650997, "delta": 31.323399}}
{"target": 11.075847011810229, "params": {"h": 39.0, "p": 344.0, "r": 75.0}, "datetime": {"datetime": "2024-06-06 14:37:28", "elapsed": 1011.350515, "delta": 16.699518}}
{"target": 1.0037434658653532, "params": {"h": 36.0, "p": 319.0, "r": 25.0}, "datetime": {"datetime": "2024-06-06 14:37:58", "elapsed": 1041.855085, "delta": 30.50457}}
{"target": 7.104818116261932, "params": {"h": 54.0, "p": 462.0, "r": 61.0}, "datetime": {"datetime": "2024-06-06 14:38:24", "elapsed": 1067.719841, "delta": 25.864756}}
{"target": 76.60878691540181, "params": {"h": 19.0, "p": 231.0, "r": 46.0}, "datetime": {"datetime": "2024-06-06 14:38:39", "elapsed": 1082.876459, "delta": 15.156618}}
{"target": 0.0, "params": {"h": 29.0, "p": 149.0, "r": 62.0}, "datetime": {"datetime": "2024-06-06 14:38:39", "elapsed": 1082.876459, "delta": 0.0}}
{"target": 16.779519910426398, "params": {"h": 18.0, "p": 288.0, "r": 114.0}, "datetime": {"datetime": "2024-06-06 14:38:55", "elapsed": 1098.99657, "delta": 16.120111}}
{"target": 1.302256828786306, "params": {"h": 20.0, "p": 831.0, "r": 140.0}, "datetime": {"datetime": "2024-06-06 14:39:43", "elapsed": 1146.320553, "delta": 47.323983}}
{"target": 4.695833887826087, "params": {"h": 44.0, "p": 647.0, "r": 60.0}, "datetime": {"datetime": "2024-06-06 14:40:17", "elapsed": 1180.586187, "delta": 34.265634}}
{"target": 9.325358633439956, "params": {"h": 23.0, "p": 693.0, "r": 45.0}, "datetime": {"datetime": "2024-06-06 14:40:54", "elapsed": 1217.529804, "delta": 36.943617}}
{"target": 1.8942311448616653, "params": {"h": 33.0, "p": 666.0, "r": 103.0}, "datetime": {"datetime": "2024-06-06 14:41:22", "elapsed": 1245.923282, "delta": 28.393478}}
{"target": 0.0, "params": {"h": 28.0, "p": 199.0, "r": 116.0}, "datetime": {"datetime": "2024-06-06 14:41:22", "elapsed": 1245.923282, "delta": 0.0}}
{"target": 1.8539853071961747, "params": {"h": 30.0, "p": 684.0, "r": 113.0}, "datetime": {"datetime": "2024-06-06 14:41:50", "elapsed": 1273.462675, "delta": 27.539393}}
{"target": 0.0, "params": {"h": 50.0, "p": 241.0, "r": 96.0}, "datetime": {"datetime": "2024-06-06 14:41:50", "elapsed": 1273.462675, "delta": 0.0}}
{"target": 8.57936620086167, "params": {"h": 26.0, "p": 142.0, "r": 28.0}, "datetime": {"datetime": "2024-06-06 14:42:08", "elapsed": 1291.744562, "delta": 18.281887}}
{"target": 12.986254246171994, "params": {"h": 58.0, "p": 383.0, "r": 56.0}, "datetime": {"datetime": "2024-06-06 14:42:32", "elapsed": 1315.587294, "delta": 23.842732}}
{"target": 5.102987276257453, "params": {"h": 46.0, "p": 754.0, "r": 54.0}, "datetime": {"datetime": "2024-06-06 14:43:12", "elapsed": 1355.582639, "delta": 39.995345}}
{"target": 4.313512696039844, "params": {"h": 20.0, "p": 546.0, "r": 51.0}, "datetime": {"datetime": "2024-06-06 14:43:37", "elapsed": 1380.713317, "delta": 25.130678}}
{"target": 2.3276680944702277, "params": {"h": 42.0, "p": 574.0, "r": 91.0}, "datetime": {"datetime": "2024-06-06 14:43:59", "elapsed": 1403.200623, "delta": 22.487306}}
{"target": 6.572210165090297, "params": {"h": 38.0, "p": 530.0, "r": 150.0}, "datetime": {"datetime": "2024-06-06 14:44:17", "elapsed": 1421.167645, "delta": 17.967022}}
{"target": 2.3107962776332003, "params": {"h": 17.0, "p": 487.0, "r": 70.0}, "datetime": {"datetime": "2024-06-06 14:44:40", "elapsed": 1443.52405, "delta": 22.356405}}
{"target": 1.3323062252522608, "params": {"h": 53.0, "p": 796.0, "r": 89.0}, "datetime": {"datetime": "2024-06-06 14:45:19", "elapsed": 1482.596816, "delta": 39.072766}}
{"target": 2.0406227201370024, "params": {"h": 54.0, "p": 672.0, "r": 103.0}, "datetime": {"datetime": "2024-06-06 14:45:48", "elapsed": 1511.387869, "delta": 28.791053}}
{"target": 2.4609289322638266, "params": {"h": 48.0, "p": 610.0, "r": 84.0}, "datetime": {"datetime": "2024-06-06 14:46:15", "elapsed": 1538.942345, "delta": 27.554476}}
{"target": 1.0337330251964232, "params": {"h": 48.0, "p": 860.0, "r": 108.0}, "datetime": {"datetime": "2024-06-06 14:46:55", "elapsed": 1578.889622, "delta": 39.947277}}
{"target": 1.3908893624057757, "params": {"h": 25.0, "p": 808.0, "r": 140.0}, "datetime": {"datetime": "2024-06-06 14:47:32", "elapsed": 1615.929883, "delta": 37.040261}}
{"target": 1.597009154260423, "params": {"h": 27.0, "p": 968.0, "r": 58.0}, "datetime": {"datetime": "2024-06-06 14:48:28", "elapsed": 1671.279827, "delta": 55.349944}}
{"target": 1.0650424089571728, "params": {"h": 19.0, "p": 937.0, "r": 141.0}, "datetime": {"datetime": "2024-06-06 14:49:26", "elapsed": 1729.597711, "delta": 58.317884}}
{"target": 1.835534221700113, "params": {"h": 46.0, "p": 452.0, "r": 33.0}, "datetime": {"datetime": "2024-06-06 14:50:01", "elapsed": 1764.575481, "delta": 34.97777}}
{"target": 0.9709913537849186, "params": {"h": 28.0, "p": 913.0, "r": 126.0}, "datetime": {"datetime": "2024-06-06 14:50:46", "elapsed": 1809.405971, "delta": 44.83049}}
{"target": 1.2163089769268298, "params": {"h": 16.0, "p": 712.0, "r": 104.0}, "datetime": {"datetime": "2024-06-06 14:51:20", "elapsed": 1844.022276, "delta": 34.616305}}
{"target": 0.9266004108196526, "params": {"h": 21.0, "p": 853.0, "r": 114.0}, "datetime": {"datetime": "2024-06-06 14:52:00", "elapsed": 1883.766041, "delta": 39.743765}}
{"target": 19.752444307198438, "params": {"h": 41.0, "p": 300.0, "r": 95.0}, "datetime": {"datetime": "2024-06-06 14:52:13", "elapsed": 1896.838346, "delta": 13.072305}}
{"target": 76.36127649369821, "params": {"h": 18.0, "p": 152.0, "r": 37.0}, "datetime": {"datetime": "2024-06-06 14:52:27", "elapsed": 1911.059287, "delta": 14.220941}}
{"target": 0.9162300380850776, "params": {"h": 23.0, "p": 940.0, "r": 128.0}, "datetime": {"datetime": "2024-06-06 14:53:18", "elapsed": 1961.367745, "delta": 50.308458}}
{"target": 0.0, "params": {"h": 50.0, "p": 192.0, "r": 98.0}, "datetime": {"datetime": "2024-06-06 14:53:18", "elapsed": 1961.367745, "delta": 0.0}}
{"target": 0.9665962589400856, "params": {"h": 19.0, "p": 800.0, "r": 110.0}, "datetime": {"datetime": "2024-06-06 14:53:55", "elapsed": 1999.002531, "delta": 37.634786}}
{"target": 13.436144965177071, "params": {"h": 37.0, "p": 325.0, "r": 97.0}, "datetime": {"datetime": "2024-06-06 14:54:09", "elapsed": 2012.780921, "delta": 13.77839}}
{"target": 1.0599182394822042, "params": {"h": 36.0, "p": 904.0, "r": 133.0}, "datetime": {"datetime": "2024-06-06 14:54:53", "elapsed": 2056.291875, "delta": 43.510954}}
{"target": 0.9416560629199195, "params": {"h": 38.0, "p": 895.0, "r": 115.0}, "datetime": {"datetime": "2024-06-06 14:55:35", "elapsed": 2098.722809, "delta": 42.430934}}
{"target": 20.260604951486037, "params": {"h": 46.0, "p": 330.0, "r": 74.0}, "datetime": {"datetime": "2024-06-06 14:55:50", "elapsed": 2114.040931, "delta": 15.318122}}
{"target": 7.9144060387545, "params": {"h": 52.0, "p": 225.0, "r": 36.0}, "datetime": {"datetime": "2024-06-06 14:56:14", "elapsed": 2137.914351, "delta": 23.87342}}
{"target": 0.0, "params": {"h": 59.0, "p": 174.0, "r": 149.0}, "datetime": {"datetime": "2024-06-06 14:56:14", "elapsed": 2137.914351, "delta": 0.0}}
{"target": 3.7551373235989955, "params": {"h": 60.0, "p": 260.0, "r": 32.0}, "datetime": {"datetime": "2024-06-06 14:56:45", "elapsed": 2168.422669, "delta": 30.508318}}
{"target": 0.8252655911557345, "params": {"h": 58.0, "p": 218.0, "r": 20.0}, "datetime": {"datetime": "2024-06-06 14:57:28", "elapsed": 2212.18071, "delta": 43.758041}}
{"target": 0.5881236978065013, "params": {"h": 42.0, "p": 210.0, "r": 18.0}, "datetime": {"datetime": "2024-06-06 14:58:08", "elapsed": 2251.927829, "delta": 39.747119}}
{"target": 2.7278024710027613, "params": {"h": 24.0, "p": 886.0, "r": 37.0}, "datetime": {"datetime": "2024-06-06 14:58:59", "elapsed": 2302.822064, "delta": 50.894235}}
{"target": 3.9765878910642547, "params": {"h": 35.0, "p": 789.0, "r": 53.0}, "datetime": {"datetime": "2024-06-06 14:59:42", "elapsed": 2345.465414, "delta": 42.64335}}
{"target": 4.8395423420618835, "params": {"h": 17.0, "p": 849.0, "r": 39.0}, "datetime": {"datetime": "2024-06-06 15:00:25", "elapsed": 2388.991122, "delta": 43.525708}}
{"target": 2.5869829548141174, "params": {"h": 29.0, "p": 633.0, "r": 71.0}, "datetime": {"datetime": "2024-06-06 15:00:53", "elapsed": 2416.282063, "delta": 27.290941}}
{"target": 2.5317596102587943, "params": {"h": 44.0, "p": 605.0, "r": 81.0}, "datetime": {"datetime": "2024-06-06 15:01:20", "elapsed": 2443.869148, "delta": 27.587085}}
{"target": 2.7438475959623565, "params": {"h": 48.0, "p": 976.0, "r": 51.0}, "datetime": {"datetime": "2024-06-06 15:02:19", "elapsed": 2502.93104, "delta": 59.061892}}
{"target": 16.14947587907397, "params": {"h": 18.0, "p": 204.0, "r": 30.0}, "datetime": {"datetime": "2024-06-06 15:02:38", "elapsed": 2521.276208, "delta": 18.345168}}
{"target": 1.197903734671882, "params": {"h": 55.0, "p": 846.0, "r": 88.0}, "datetime": {"datetime": "2024-06-06 15:03:19", "elapsed": 2562.995701, "delta": 41.719493}}
{"target": 0.0, "params": {"h": 20.0, "p": 270.0, "r": 134.0}, "datetime": {"datetime": "2024-06-06 15:03:19", "elapsed": 2562.995701, "delta": 0.0}}
{"target": 1.635317074419778, "params": {"h": 53.0, "p": 812.0, "r": 147.0}, "datetime": {"datetime": "2024-06-06 15:03:54", "elapsed": 2597.980517, "delta": 34.984816}}
{"target": 15.353835762715859, "params": {"h": 22.0, "p": 306.0, "r": 107.0}, "datetime": {"datetime": "2024-06-06 15:04:06", "elapsed": 2610.02068, "delta": 12.040163}}
{"target": 4.052756987090427, "params": {"h": 56.0, "p": 439.0, "r": 93.0}, "datetime": {"datetime": "2024-06-06 15:04:24", "elapsed": 2627.616842, "delta": 17.596162}}
{"target": 9.34263355576017, "params": {"h": 47.0, "p": 169.0, "r": 34.0}, "datetime": {"datetime": "2024-06-06 15:04:46", "elapsed": 2649.444711, "delta": 21.827869}}
{"target": 2.151620575880659, "params": {"h": 15.0, "p": 567.0, "r": 52.0}, "datetime": {"datetime": "2024-06-06 15:05:12", "elapsed": 2675.780486, "delta": 26.335775}}
{"target": 0.5434058253915083, "params": {"h": 43.0, "p": 584.0, "r": 29.0}, "datetime": {"datetime": "2024-06-06 15:05:53", "elapsed": 2716.311123, "delta": 40.530637}}
{"target": 22.054307016962493, "params": {"h": 52.0, "p": 321.0, "r": 83.0}, "datetime": {"datetime": "2024-06-06 15:06:08", "elapsed": 2731.879567, "delta": 15.568444}}
{"target": 0.06948956184934076, "params": {"h": 39.0, "p": 763.0, "r": 20.0}, "datetime": {"datetime": "2024-06-06 15:07:06", "elapsed": 2790.159702, "delta": 58.280135}}
{"target": 2.2835344775442303, "params": {"h": 37.0, "p": 178.0, "r": 24.0}, "datetime": {"datetime": "2024-06-06 15:07:34", "elapsed": 2817.521069, "delta": 27.361367}}
{"target": 13.986288128806436, "params": {"h": 22.0, "p": 402.0, "r": 45.0}, "datetime": {"datetime": "2024-06-06 15:07:56", "elapsed": 2839.918717, "delta": 22.397648}}
{"target": 1.122464779157671, "params": {"h": 46.0, "p": 834.0, "r": 118.0}, "datetime": {"datetime": "2024-06-06 15:08:33", "elapsed": 2877.001391, "delta": 37.082674}}
{"target": 1.476611733155655, "params": {"h": 53.0, "p": 926.0, "r": 42.0}, "datetime": {"datetime": "2024-06-06 15:09:33", "elapsed": 2936.450628, "delta": 59.449237}}
{"target": 0.14195257227417463, "params": {"h": 47.0, "p": 900.0, "r": 26.0}, "datetime": {"datetime": "2024-06-06 15:10:38", "elapsed": 3002.012417, "delta": 65.561789}}
{"target": 2.4974867179775577, "params": {"h": 40.0, "p": 602.0, "r": 127.0}, "datetime": {"datetime": "2024-06-06 15:11:00", "elapsed": 3023.800146, "delta": 21.787729}}
{"target": 0.0, "params": {"h": 45.0, "p": 334.0, "r": 149.0}, "datetime": {"datetime": "2024-06-06 15:11:00", "elapsed": 3023.800146, "delta": 0.0}}
{"target": 4.207150489989843, "params": {"h": 15.0, "p": 340.0, "r": 82.0}, "datetime": {"datetime": "2024-06-06 15:11:17", "elapsed": 3040.825563, "delta": 17.025417}}
{"target": 32.32563585623249, "params": {"h": 54.0, "p": 284.0, "r": 81.0}, "datetime": {"datetime": "2024-06-06 15:11:32", "elapsed": 3055.453752, "delta": 14.628189}}
{"target": 0.0, "params": {"h": 51.0, "p": 239.0, "r": 102.0}, "datetime": {"datetime": "2024-06-06 15:11:32", "elapsed": 3055.454752, "delta": 0.001}}
{"target": 4.850619244640365, "params": {"h": 55.0, "p": 457.0, "r": 73.0}, "datetime": {"datetime": "2024-06-06 15:11:54", "elapsed": 3077.292203, "delta": 21.837451}}
{"target": 2.7597558372551934, "params": {"h": 26.0, "p": 815.0, "r": 52.0}, "datetime": {"datetime": "2024-06-06 15:12:35", "elapsed": 3118.442332, "delta": 41.150129}}
{"target": 6.784567424341611, "params": {"h": 27.0, "p": 378.0, "r": 138.0}, "datetime": {"datetime": "2024-06-06 15:12:49", "elapsed": 3132.841368, "delta": 14.399036}}
{"target": 2.3916182729337367, "params": {"h": 33.0, "p": 718.0, "r": 146.0}, "datetime": {"datetime": "2024-06-06 15:13:18", "elapsed": 3162.248335, "delta": 29.406967}}
{"target": 0.7738040602151024, "params": {"h": 28.0, "p": 883.0, "r": 33.0}, "datetime": {"datetime": "2024-06-06 15:14:21", "elapsed": 3224.467132, "delta": 62.218797}}
{"target": 2.0930732482510614, "params": {"h": 45.0, "p": 617.0, "r": 112.0}, "datetime": {"datetime": "2024-06-06 15:14:45", "elapsed": 3248.98465, "delta": 24.517518}}
{"target": 14.524418043542084, "params": {"h": 42.0, "p": 514.0, "r": 139.0}, "datetime": {"datetime": "2024-06-06 15:15:03", "elapsed": 3266.574268, "delta": 17.589618}}
{"target": 6.287933931193703, "params": {"h": 26.0, "p": 398.0, "r": 137.0}, "datetime": {"datetime": "2024-06-06 15:15:18", "elapsed": 3281.310252, "delta": 14.735984}}
{"target": 1.500531051554661, "params": {"h": 36.0, "p": 773.0, "r": 84.0}, "datetime": {"datetime": "2024-06-06 15:15:52", "elapsed": 3315.959333, "delta": 34.649081}}
{"target": 24.0791934885534, "params": {"h": 58.0, "p": 353.0, "r": 41.0}, "datetime": {"datetime": "2024-06-06 15:16:19", "elapsed": 3342.607353, "delta": 26.64802}}
{"target": 3.079478712626783, "params": {"h": 29.0, "p": 551.0, "r": 119.0}, "datetime": {"datetime": "2024-06-06 15:16:40", "elapsed": 3363.826068, "delta": 21.218715}}
{"target": 0.9889565985358156, "params": {"h": 54.0, "p": 908.0, "r": 109.0}, "datetime": {"datetime": "2024-06-06 15:17:22", "elapsed": 3405.321879, "delta": 41.495811}}
{"target": 1.463678914821242, "params": {"h": 19.0, "p": 708.0, "r": 64.0}, "datetime": {"datetime": "2024-06-06 15:17:52", "elapsed": 3436.216153, "delta": 30.894274}}
{"target": 0.0, "params": {"h": 55.0, "p": 120.0, "r": 92.0}, "datetime": {"datetime": "2024-06-06 15:17:52", "elapsed": 3436.217153, "delta": 0.001}}
{"target": 1.0944121175800696, "params": {"h": 47.0, "p": 835.0, "r": 111.0}, "datetime": {"datetime": "2024-06-06 15:18:31", "elapsed": 3474.388431, "delta": 38.171278}}
{"target": 27.54954657559951, "params": {"h": 26.0, "p": 262.0, "r": 69.0}, "datetime": {"datetime": "2024-06-06 15:18:45", "elapsed": 3488.482331, "delta": 14.0939}}
{"target": 16.286478054252495, "params": {"h": 23.0, "p": 416.0, "r": 44.0}, "datetime": {"datetime": "2024-06-06 15:19:06", "elapsed": 3509.979912, "delta": 21.497581}}
{"target": 2.239560597573118, "params": {"h": 38.0, "p": 932.0, "r": 57.0}, "datetime": {"datetime": "2024-06-06 15:19:59", "elapsed": 3563.234932, "delta": 53.25502}}
{"target": 0.0, "params": {"h": 59.0, "p": 195.0, "r": 98.0}, "datetime": {"datetime": "2024-06-06 15:19:59", "elapsed": 3563.236934, "delta": 0.002002}}
{"target": 1.1875969404873574, "params": {"h": 38.0, "p": 867.0, "r": 138.0}, "datetime": {"datetime": "2024-06-06 15:20:43", "elapsed": 3606.920403, "delta": 43.683469}}
{"target": 3.1254365062009946, "params": {"h": 24.0, "p": 570.0, "r": 120.0}, "datetime": {"datetime": "2024-06-06 15:21:03", "elapsed": 3626.79865, "delta": 19.878247}}
{"target": 3.890311934778001, "params": {"h": 41.0, "p": 409.0, "r": 100.0}, "datetime": {"datetime": "2024-06-06 15:21:19", "elapsed": 3642.569927, "delta": 15.771277}}
{"target": 0.9444124062078199, "params": {"h": 53.0, "p": 944.0, "r": 39.0}, "datetime": {"datetime": "2024-06-06 15:22:22", "elapsed": 3706.153939, "delta": 63.584012}}
