{"target": 0.0, "params": {"h": 45.0, "p": 155.0, "r": 63.0}, "datetime": {"datetime": "2024-06-06 18:39:54", "elapsed": 3845.140973, "delta": 0.0}}
{"target": 6.647181347679225, "params": {"h": 40.0, "p": 578.0, "r": 52.0}, "datetime": {"datetime": "2024-06-06 18:40:25", "elapsed": 3875.929824, "delta": 30.788851}}
{"target": 0.0, "params": {"h": 45.0, "p": 251.0, "r": 139.0}, "datetime": {"datetime": "2024-06-06 18:40:25", "elapsed": 3875.929824, "delta": 0.0}}
{"target": 2.058535180540145, "params": {"h": 28.0, "p": 610.0, "r": 111.0}, "datetime": {"datetime": "2024-06-06 18:40:50", "elapsed": 3901.108089, "delta": 25.178265}}
{"target": 0.0, "params": {"h": 42.0, "p": 134.0, "r": 143.0}, "datetime": {"datetime": "2024-06-06 18:40:50", "elapsed": 3901.108089, "delta": 0.0}}
{"target": 1.6857982955250215, "params": {"h": 53.0, "p": 782.0, "r": 39.0}, "datetime": {"datetime": "2024-06-06 18:41:40", "elapsed": 3950.972241, "delta": 49.864152}}
{"target": 1.0630942411996696, "params": {"h": 48.0, "p": 979.0, "r": 79.0}, "datetime": {"datetime": "2024-06-06 18:42:33", "elapsed": 4003.960497, "delta": 52.988256}}
{"target": 2.17904099504744, "params": {"h": 25.0, "p": 550.0, "r": 101.0}, "datetime": {"datetime": "2024-06-06 18:42:54", "elapsed": 4024.623345, "delta": 20.662848}}
{"target": 1.827411570510707, "params": {"h": 47.0, "p": 728.0, "r": 123.0}, "datetime": {"datetime": "2024-06-06 18:43:24", "elapsed": 4055.069613, "delta": 30.446268}}
{"target": 0.15347345657504843, "params": {"h": 22.0, "p": 882.0, "r": 24.0}, "datetime": {"datetime": "2024-06-06 18:44:18", "elapsed": 4108.476177, "delta": 53.406564}}
{"target": 0.10615220621596752, "params": {"h": 19.0, "p": 724.0, "r": 20.0}, "datetime": {"datetime": "2024-06-06 18:45:05", "elapsed": 4156.127163, "delta": 47.650986}}
{"target": 1.529343266327335, "params": {"h": 16.0, "p": 669.0, "r": 59.0}, "datetime": {"datetime": "2024-06-06 18:45:37", "elapsed": 4188.004734, "delta": 31.877571}}
{"target": 3.192613638669427, "params": {"h": 60.0, "p": 588.0, "r": 74.0}, "datetime": {"datetime": "2024-06-06 18:46:06", "elapsed": 4216.778822, "delta": 28.774088}}
{"target": 2.639302851903198, "params": {"h": 46.0, "p": 594.0, "r": 80.0}, "datetime": {"datetime": "2024-06-06 18:46:32", "elapsed": 4242.972704, "delta": 26.193882}}
{"target": 7.292332513627729, "params": {"h": 39.0, "p": 350.0, "r": 103.0}, "datetime": {"datetime": "2024-06-06 18:46:46", "elapsed": 4256.249226, "delta": 13.276522}}
{"target": 29.29512711656096, "params": {"h": 28.0, "p": 210.0, "r": 74.0}, "datetime": {"datetime": "2024-06-06 18:46:57", "elapsed": 4268.045859, "delta": 11.796633}}
{"target": 2.193463073195503, "params": {"h": 58.0, "p": 697.0, "r": 127.0}, "datetime": {"datetime": "2024-06-06 18:47:27", "elapsed": 4297.646534, "delta": 29.600675}}
{"target": 1.310919963938966, "params": {"h": 34.0, "p": 916.0, "r": 68.0}, "datetime": {"datetime": "2024-06-06 18:48:13", "elapsed": 4343.911213, "delta": 46.264679}}
{"target": 2.5841877660756967, "params": {"h": 32.0, "p": 527.0, "r": 104.0}, "datetime": {"datetime": "2024-06-06 18:48:35", "elapsed": 4365.50982, "delta": 21.598607}}
{"target": 64.30941178750597, "params": {"h": 50.0, "p": 307.0, "r": 50.0}, "datetime": {"datetime": "2024-06-06 18:48:58", "elapsed": 4388.413945, "delta": 22.904125}}
{"target": 0.0, "params": {"h": 17.0, "p": 299.0, "r": 150.0}, "datetime": {"datetime": "2024-06-06 18:48:58", "elapsed": 4388.414945, "delta": 0.001}}
{"target": 2.77922484564952, "params": {"h": 53.0, "p": 364.0, "r": 32.0}, "datetime": {"datetime": "2024-06-06 18:49:32", "elapsed": 4422.433874, "delta": 34.018929}}
{"target": 1.5274548762850702, "params": {"h": 31.0, "p": 736.0, "r": 105.0}, "datetime": {"datetime": "2024-06-06 18:50:04", "elapsed": 4454.228595, "delta": 31.794721}}
{"target": 0.9062444112347254, "params": {"h": 29.0, "p": 880.0, "r": 89.0}, "datetime": {"datetime": "2024-06-06 18:50:47", "elapsed": 4497.364502, "delta": 43.135907}}
{"target": 0.0, "params": {"h": 50.0, "p": 102.0, "r": 129.0}, "datetime": {"datetime": "2024-06-06 18:50:47", "elapsed": 4497.365503, "delta": 0.001001}}
{"target": 0.0, "params": {"h": 48.0, "p": 144.0, "r": 99.0}, "datetime": {"datetime": "2024-06-06 18:50:47", "elapsed": 4497.366503, "delta": 0.001}}
{"target": 1.250906917033977, "params": {"h": 48.0, "p": 799.0, "r": 92.0}, "datetime": {"datetime": "2024-06-06 18:51:25", "elapsed": 4535.475424, "delta": 38.108921}}
{"target": 0.05644997888316273, "params": {"h": 42.0, "p": 702.0, "r": 18.0}, "datetime": {"datetime": "2024-06-06 18:52:28", "elapsed": 4599.044243, "delta": 63.568819}}
{"target": 1.2750839859052225, "params": {"h": 42.0, "p": 854.0, "r": 140.0}, "datetime": {"datetime": "2024-06-06 18:53:08", "elapsed": 4638.673016, "delta": 39.628773}}
{"target": 2.8332628924692873, "params": {"h": 20.0, "p": 660.0, "r": 55.0}, "datetime": {"datetime": "2024-06-06 18:53:38", "elapsed": 4668.706516, "delta": 30.0335}}
{"target": 3.0665190224711156, "params": {"h": 21.0, "p": 560.0, "r": 144.0}, "datetime": {"datetime": "2024-06-06 18:54:05", "elapsed": 4695.569922, "delta": 26.863406}}
{"target": 1.679219774188698, "params": {"h": 15.0, "p": 614.0, "r": 110.0}, "datetime": {"datetime": "2024-06-06 18:54:40", "elapsed": 4730.445885, "delta": 34.875963}}
{"target": 3.7469350904517515, "params": {"h": 55.0, "p": 469.0, "r": 92.0}, "datetime": {"datetime": "2024-06-06 18:54:59", "elapsed": 4749.754504, "delta": 19.308619}}
{"target": 0.43441775972984764, "params": {"h": 19.0, "p": 768.0, "r": 26.0}, "datetime": {"datetime": "2024-06-06 18:55:43", "elapsed": 4793.206513, "delta": 43.452009}}
{"target": 3.950795353925358, "params": {"h": 40.0, "p": 825.0, "r": 49.0}, "datetime": {"datetime": "2024-06-06 18:56:30", "elapsed": 4840.730256, "delta": 47.523743}}
{"target": 0.9380431535702908, "params": {"h": 46.0, "p": 975.0, "r": 130.0}, "datetime": {"datetime": "2024-06-06 18:57:19", "elapsed": 4889.968347, "delta": 49.238091}}
{"target": 6.2477547321006615, "params": {"h": 46.0, "p": 409.0, "r": 66.0}, "datetime": {"datetime": "2024-06-06 18:57:40", "elapsed": 4910.809625, "delta": 20.841278}}
{"target": 0.0, "params": {"h": 59.0, "p": 237.0, "r": 147.0}, "datetime": {"datetime": "2024-06-06 18:57:40", "elapsed": 4910.811627, "delta": 0.002002}}
{"target": 0.0, "params": {"h": 38.0, "p": 214.0, "r": 147.0}, "datetime": {"datetime": "2024-06-06 18:57:40", "elapsed": 4910.812628, "delta": 0.001001}}
{"target": 20.24033777877479, "params": {"h": 39.0, "p": 168.0, "r": 40.0}, "datetime": {"datetime": "2024-06-06 18:57:57", "elapsed": 4927.851352, "delta": 17.038724}}
{"target": 2.2535536919947305, "params": {"h": 42.0, "p": 421.0, "r": 33.0}, "datetime": {"datetime": "2024-06-06 18:58:28", "elapsed": 4959.124907, "delta": 31.273555}}
{"target": 9.233797089183579, "params": {"h": 51.0, "p": 435.0, "r": 56.0}, "datetime": {"datetime": "2024-06-06 18:58:53", "elapsed": 4983.916949, "delta": 24.792042}}
{"target": 0.022084247484971554, "params": {"h": 34.0, "p": 897.0, "r": 16.0}, "datetime": {"datetime": "2024-06-06 19:00:12", "elapsed": 5062.785236, "delta": 78.868287}}
{"target": 0.0, "params": {"h": 58.0, "p": 228.0, "r": 145.0}, "datetime": {"datetime": "2024-06-06 19:00:12", "elapsed": 5062.785236, "delta": 0.0}}
{"target": 1.798594875336006, "params": {"h": 23.0, "p": 635.0, "r": 94.0}, "datetime": {"datetime": "2024-06-06 19:00:39", "elapsed": 5089.746385, "delta": 26.961149}}
{"target": 18.04875767518765, "params": {"h": 17.0, "p": 247.0, "r": 60.0}, "datetime": {"datetime": "2024-06-06 19:00:54", "elapsed": 5104.861242, "delta": 15.114857}}
{"target": 2.0782140270387925, "params": {"h": 18.0, "p": 567.0, "r": 64.0}, "datetime": {"datetime": "2024-06-06 19:01:20", "elapsed": 5130.666182, "delta": 25.80494}}
{"target": 24.770985651636774, "params": {"h": 43.0, "p": 289.0, "r": 86.0}, "datetime": {"datetime": "2024-06-06 19:01:34", "elapsed": 5144.443164, "delta": 13.776982}}
{"target": 0.9844996456510942, "params": {"h": 32.0, "p": 294.0, "r": 24.0}, "datetime": {"datetime": "2024-06-06 19:02:02", "elapsed": 5173.086893, "delta": 28.643729}}
{"target": 25.345081531474936, "params": {"h": 17.0, "p": 432.0, "r": 36.0}, "datetime": {"datetime": "2024-06-06 19:02:27", "elapsed": 5198.082824, "delta": 24.995931}}
{"target": 0.9435777669165207, "params": {"h": 16.0, "p": 749.0, "r": 76.0}, "datetime": {"datetime": "2024-06-06 19:03:02", "elapsed": 5232.668021, "delta": 34.585197}}
{"target": 8.96711323335097, "params": {"h": 24.0, "p": 562.0, "r": 39.0}, "datetime": {"datetime": "2024-06-06 19:03:35", "elapsed": 5266.028711, "delta": 33.36069}}
{"target": 4.453358829001334, "params": {"h": 34.0, "p": 419.0, "r": 72.0}, "datetime": {"datetime": "2024-06-06 19:03:55", "elapsed": 5285.399544, "delta": 19.370833}}
{"target": 1.3565994272738493, "params": {"h": 41.0, "p": 822.0, "r": 135.0}, "datetime": {"datetime": "2024-06-06 19:04:31", "elapsed": 5321.551192, "delta": 36.151648}}
{"target": 5.4468253707811, "params": {"h": 39.0, "p": 546.0, "r": 136.0}, "datetime": {"datetime": "2024-06-06 19:04:49", "elapsed": 5339.287445, "delta": 17.736253}}
{"target": 3.813900184298368, "params": {"h": 54.0, "p": 493.0, "r": 112.0}, "datetime": {"datetime": "2024-06-06 19:05:08", "elapsed": 5358.245774, "delta": 18.958329}}
{"target": 21.526822143291092, "params": {"h": 44.0, "p": 204.0, "r": 43.0}, "datetime": {"datetime": "2024-06-06 19:05:26", "elapsed": 5376.871518, "delta": 18.625744}}
{"target": 2.007918151850487, "params": {"h": 35.0, "p": 628.0, "r": 103.0}, "datetime": {"datetime": "2024-06-06 19:05:52", "elapsed": 5402.249592, "delta": 25.378074}}
{"target": 1.8038762947737206, "params": {"h": 26.0, "p": 720.0, "r": 116.0}, "datetime": {"datetime": "2024-06-06 19:06:23", "elapsed": 5433.665349, "delta": 31.415757}}
{"target": 0.0, "params": {"h": 46.0, "p": 243.0, "r": 131.0}, "datetime": {"datetime": "2024-06-06 19:06:23", "elapsed": 5433.665349, "delta": 0.0}}
{"target": 0.0, "params": {"h": 25.0, "p": 114.0, "r": 102.0}, "datetime": {"datetime": "2024-06-06 19:06:23", "elapsed": 5433.665349, "delta": 0.0}}
{"target": 3.396778706267922, "params": {"h": 45.0, "p": 472.0, "r": 93.0}, "datetime": {"datetime": "2024-06-06 19:06:43", "elapsed": 5453.203325, "delta": 19.537976}}
{"target": 3.066715787472444, "params": {"h": 29.0, "p": 483.0, "r": 87.0}, "datetime": {"datetime": "2024-06-06 19:07:02", "elapsed": 5472.523629, "delta": 19.320304}}
{"target": 4.130721775724341, "params": {"h": 29.0, "p": 536.0, "r": 140.0}, "datetime": {"datetime": "2024-06-06 19:07:20", "elapsed": 5490.787617, "delta": 18.263988}}
{"target": 1.954063171955253, "params": {"h": 22.0, "p": 574.0, "r": 88.0}, "datetime": {"datetime": "2024-06-06 19:07:42", "elapsed": 5512.727414, "delta": 21.939797}}
{"target": 17.19356632627325, "params": {"h": 49.0, "p": 388.0, "r": 48.0}, "datetime": {"datetime": "2024-06-06 19:08:08", "elapsed": 5538.999299, "delta": 26.271885}}
{"target": 2.005823664394697, "params": {"h": 30.0, "p": 753.0, "r": 142.0}, "datetime": {"datetime": "2024-06-06 19:08:41", "elapsed": 5571.503843, "delta": 32.504544}}
{"target": 0.0, "params": {"h": 56.0, "p": 161.0, "r": 85.0}, "datetime": {"datetime": "2024-06-06 19:08:41", "elapsed": 5571.503843, "delta": 0.0}}
{"target": 22.125592836599953, "params": {"h": 16.0, "p": 347.0, "r": 30.0}, "datetime": {"datetime": "2024-06-06 19:09:02", "elapsed": 5592.42758, "delta": 20.923737}}
{"target": 0.0, "params": {"h": 37.0, "p": 141.0, "r": 67.0}, "datetime": {"datetime": "2024-06-06 19:09:02", "elapsed": 5592.42758, "delta": 0.0}}
{"target": 0.6089419931369525, "params": {"h": 32.0, "p": 230.0, "r": 19.0}, "datetime": {"datetime": "2024-06-06 19:09:34", "elapsed": 5624.337481, "delta": 31.909901}}
{"target": 13.188821403831524, "params": {"h": 29.0, "p": 319.0, "r": 78.0}, "datetime": {"datetime": "2024-06-06 19:09:49", "elapsed": 5639.583148, "delta": 15.245667}}
{"target": 0.1386737331105785, "params": {"h": 57.0, "p": 649.0, "r": 22.0}, "datetime": {"datetime": "2024-06-06 19:10:49", "elapsed": 5699.467038, "delta": 59.88389}}
{"target": 6.313908579441154, "params": {"h": 37.0, "p": 604.0, "r": 45.0}, "datetime": {"datetime": "2024-06-06 19:11:22", "elapsed": 5732.343378, "delta": 32.87634}}
{"target": 0.3848845882454496, "params": {"h": 18.0, "p": 988.0, "r": 27.0}, "datetime": {"datetime": "2024-06-06 19:12:24", "elapsed": 5794.799212, "delta": 62.455834}}
{"target": 3.5794643843304432, "params": {"h": 54.0, "p": 744.0, "r": 62.0}, "datetime": {"datetime": "2024-06-06 19:13:02", "elapsed": 5832.333284, "delta": 37.534072}}
{"target": 0.9192164851481656, "params": {"h": 26.0, "p": 922.0, "r": 122.0}, "datetime": {"datetime": "2024-06-06 19:13:48", "elapsed": 5878.827454, "delta": 46.49417}}
{"target": 0.0, "params": {"h": 48.0, "p": 115.0, "r": 129.0}, "datetime": {"datetime": "2024-06-06 19:13:48", "elapsed": 5878.827454, "delta": 0.0}}
{"target": 3.383163201601771, "params": {"h": 50.0, "p": 492.0, "r": 105.0}, "datetime": {"datetime": "2024-06-06 19:14:07", "elapsed": 5898.166342, "delta": 19.338888}}
{"target": 14.542216414185992, "params": {"h": 29.0, "p": 336.0, "r": 63.0}, "datetime": {"datetime": "2024-06-06 19:14:25", "elapsed": 5915.902608, "delta": 17.736266}}
{"target": 1.2007086557755262, "params": {"h": 23.0, "p": 680.0, "r": 31.0}, "datetime": {"datetime": "2024-06-06 19:15:05", "elapsed": 5955.916058, "delta": 40.01345}}
{"target": 7.901074741475863, "params": {"h": 53.0, "p": 428.0, "r": 132.0}, "datetime": {"datetime": "2024-06-06 19:15:20", "elapsed": 5970.483486, "delta": 14.567428}}
{"target": 0.0, "params": {"h": 20.0, "p": 184.0, "r": 108.0}, "datetime": {"datetime": "2024-06-06 19:15:20", "elapsed": 5970.485488, "delta": 0.002002}}
{"target": 3.1963486112120694, "params": {"h": 44.0, "p": 513.0, "r": 113.0}, "datetime": {"datetime": "2024-06-06 19:15:38", "elapsed": 5988.781308, "delta": 18.29582}}
{"target": 1.4204140526367912, "params": {"h": 23.0, "p": 774.0, "r": 125.0}, "datetime": {"datetime": "2024-06-06 19:16:13", "elapsed": 6023.347765, "delta": 34.566457}}
{"target": 0.0, "params": {"h": 22.0, "p": 216.0, "r": 126.0}, "datetime": {"datetime": "2024-06-06 19:16:13", "elapsed": 6023.349782, "delta": 0.002017}}
{"target": 14.573635057630208, "params": {"h": 49.0, "p": 370.0, "r": 135.0}, "datetime": {"datetime": "2024-06-06 19:16:25", "elapsed": 6035.569401, "delta": 12.219619}}
{"target": 0.417915731786836, "params": {"h": 43.0, "p": 382.0, "r": 22.0}, "datetime": {"datetime": "2024-06-06 19:17:03", "elapsed": 6073.859539, "delta": 38.290138}}
{"target": 1.7389975664856814, "params": {"h": 27.0, "p": 763.0, "r": 137.0}, "datetime": {"datetime": "2024-06-06 19:17:36", "elapsed": 6106.821559, "delta": 32.96202}}
{"target": 0.0, "params": {"h": 54.0, "p": 193.0, "r": 77.0}, "datetime": {"datetime": "2024-06-06 19:17:36", "elapsed": 6106.821559, "delta": 0.0}}
{"target": 0.03213425369790084, "params": {"h": 36.0, "p": 837.0, "r": 17.0}, "datetime": {"datetime": "2024-06-06 19:18:48", "elapsed": 6179.024064, "delta": 72.202505}}
{"target": 0.5357839591596298, "params": {"h": 30.0, "p": 224.0, "r": 18.0}, "datetime": {"datetime": "2024-06-06 19:19:19", "elapsed": 6209.498152, "delta": 30.474088}}
{"target": 1.593006450688131, "params": {"h": 59.0, "p": 813.0, "r": 138.0}, "datetime": {"datetime": "2024-06-06 19:19:55", "elapsed": 6245.403886, "delta": 35.905734}}
{"target": 8.86719677032859, "params": {"h": 36.0, "p": 181.0, "r": 33.0}, "datetime": {"datetime": "2024-06-06 19:20:16", "elapsed": 6266.520963, "delta": 21.117077}}
{"target": 1.603197549742467, "params": {"h": 52.0, "p": 619.0, "r": 37.0}, "datetime": {"datetime": "2024-06-06 19:20:56", "elapsed": 6306.203503, "delta": 39.68254}}
{"target": 3.3044430357572963, "params": {"h": 33.0, "p": 453.0, "r": 91.0}, "datetime": {"datetime": "2024-06-06 19:21:14", "elapsed": 6325.039956, "delta": 18.836453}}
{"target": 1.120050752870822, "params": {"h": 47.0, "p": 597.0, "r": 34.0}, "datetime": {"datetime": "2024-06-06 19:21:54", "elapsed": 6364.331297, "delta": 39.291341}}
{"target": 15.769168205975017, "params": {"h": 53.0, "p": 379.0, "r": 138.0}, "datetime": {"datetime": "2024-06-06 19:22:07", "elapsed": 6377.336624, "delta": 13.005327}}
{"target": 1.0358024958976537, "params": {"h": 33.0, "p": 934.0, "r": 137.0}, "datetime": {"datetime": "2024-06-06 19:22:52", "elapsed": 6422.428031, "delta": 45.091407}}
{"target": 0.9683782989658025, "params": {"h": 33.0, "p": 887.0, "r": 120.0}, "datetime": {"datetime": "2024-06-06 19:23:34", "elapsed": 6465.029838, "delta": 42.601807}}
{"target": 3.0251361668195913, "params": {"h": 47.0, "p": 798.0, "r": 57.0}, "datetime": {"datetime": "2024-06-06 19:24:16", "elapsed": 6507.137362, "delta": 42.107524}}
{"target": 25.369752223828794, "params": {"h": 57.0, "p": 503.0, "r": 148.0}, "datetime": {"datetime": "2024-06-06 19:24:33", "elapsed": 6523.636316, "delta": 16.498954}}
{"target": 1.5342711706777932, "params": {"h": 54.0, "p": 868.0, "r": 71.0}, "datetime": {"datetime": "2024-06-06 19:25:20", "elapsed": 6570.460895, "delta": 46.824579}}
{"target": 0.0, "params": {"h": 57.0, "p": 159.0, "r": 58.0}, "datetime": {"datetime": "2024-06-06 19:25:20", "elapsed": 6570.460895, "delta": 0.0}}
{"target": 5.8107638496520915, "params": {"h": 19.0, "p": 342.0, "r": 65.0}, "datetime": {"datetime": "2024-06-06 19:25:35", "elapsed": 6586.071263, "delta": 15.610368}}
{"target": 4.057632200231426, "params": {"h": 30.0, "p": 375.0, "r": 96.0}, "datetime": {"datetime": "2024-06-06 19:25:51", "elapsed": 6601.216546, "delta": 15.145283}}
{"target": 4.518104978166789, "params": {"h": 54.0, "p": 508.0, "r": 41.0}, "datetime": {"datetime": "2024-06-06 19:26:28", "elapsed": 6638.672816, "delta": 37.45627}}
{"target": 2.1580866831707852, "params": {"h": 53.0, "p": 717.0, "r": 130.0}, "datetime": {"datetime": "2024-06-06 19:26:57", "elapsed": 6668.139041, "delta": 29.466225}}
{"target": 23.604714808418983, "params": {"h": 36.0, "p": 355.0, "r": 50.0}, "datetime": {"datetime": "2024-06-06 19:27:20", "elapsed": 6690.468016, "delta": 22.328975}}
{"target": 4.070191210499083, "params": {"h": 48.0, "p": 414.0, "r": 98.0}, "datetime": {"datetime": "2024-06-06 19:27:36", "elapsed": 6707.014051, "delta": 16.546035}}
{"target": 3.3876488727798835, "params": {"h": 31.0, "p": 443.0, "r": 86.0}, "datetime": {"datetime": "2024-06-06 19:27:54", "elapsed": 6724.271066, "delta": 17.257015}}
{"target": 0.6707236501502419, "params": {"h": 18.0, "p": 974.0, "r": 69.0}, "datetime": {"datetime": "2024-06-06 19:28:46", "elapsed": 6776.394484, "delta": 52.123418}}
{"target": 0.2037085276813045, "params": {"h": 18.0, "p": 324.0, "r": 16.0}, "datetime": {"datetime": "2024-06-06 19:29:16", "elapsed": 6807.14568, "delta": 30.751196}}
{"target": 4.5957261770011275, "params": {"h": 24.0, "p": 535.0, "r": 35.0}, "datetime": {"datetime": "2024-06-06 19:29:47", "elapsed": 6838.055923, "delta": 30.910243}}
{"target": 6.221002635312351, "params": {"h": 36.0, "p": 647.0, "r": 54.0}, "datetime": {"datetime": "2024-06-06 19:30:20", "elapsed": 6871.153341, "delta": 33.097418}}
{"target": 0.19683372458674323, "params": {"h": 43.0, "p": 905.0, "r": 28.0}, "datetime": {"datetime": "2024-06-06 19:31:26", "elapsed": 6936.27816, "delta": 65.124819}}
{"target": 18.408284747976214, "params": {"h": 43.0, "p": 312.0, "r": 94.0}, "datetime": {"datetime": "2024-06-06 19:31:39", "elapsed": 6949.691605, "delta": 13.413445}}
{"target": 0.4289489617753044, "params": {"h": 25.0, "p": 547.0, "r": 25.0}, "datetime": {"datetime": "2024-06-06 19:32:14", "elapsed": 6984.966099, "delta": 35.274494}}
{"target": 0.873895471442656, "params": {"h": 23.0, "p": 848.0, "r": 102.0}, "datetime": {"datetime": "2024-06-06 19:32:56", "elapsed": 7026.266046, "delta": 41.299947}}
{"target": 2.314642448761666, "params": {"h": 55.0, "p": 856.0, "r": 60.0}, "datetime": {"datetime": "2024-06-06 19:33:49", "elapsed": 7079.41064, "delta": 53.144594}}
