{"target": 2.6434305957348907, "params": {"h": 35.0, "p": 511.0, "r": 85.0}, "datetime": {"datetime": "2024-05-31 17:53:41", "elapsed": 3720.726142, "delta": 23.258311}}
{"target": 0.0, "params": {"h": 25.0, "p": 209.0, "r": 134.0}, "datetime": {"datetime": "2024-05-31 17:53:41", "elapsed": 3720.727142, "delta": 0.001}}
{"target": 67.43776458842235, "params": {"h": 50.0, "p": 287.0, "r": 53.0}, "datetime": {"datetime": "2024-05-31 17:54:03", "elapsed": 3742.641739, "delta": 21.914597}}
{"target": 1.2827282272164857, "params": {"h": 48.0, "p": 895.0, "r": 149.0}, "datetime": {"datetime": "2024-05-31 17:54:45", "elapsed": 3785.093448, "delta": 42.451709}}
{"target": 1.1026350558891105, "params": {"h": 47.0, "p": 831.0, "r": 110.0}, "datetime": {"datetime": "2024-05-31 17:55:26", "elapsed": 3825.243352, "delta": 40.149904}}
{"target": 7.971152757194757, "params": {"h": 38.0, "p": 401.0, "r": 132.0}, "datetime": {"datetime": "2024-05-31 17:55:39", "elapsed": 3838.683522, "delta": 13.44017}}
{"target": 3.375508721933576, "params": {"h": 36.0, "p": 447.0, "r": 103.0}, "datetime": {"datetime": "2024-05-31 17:55:57", "elapsed": 3856.267619, "delta": 17.584097}}
{"target": 29.46519458367933, "params": {"h": 22.0, "p": 222.0, "r": 67.0}, "datetime": {"datetime": "2024-05-31 17:56:09", "elapsed": 3868.959696, "delta": 12.692077}}
{"target": 0.07326154892794137, "params": {"h": 56.0, "p": 968.0, "r": 23.0}, "datetime": {"datetime": "2024-05-31 17:57:37", "elapsed": 3956.578488, "delta": 87.618792}}
{"target": 36.69572138380599, "params": {"h": 59.0, "p": 231.0, "r": 66.0}, "datetime": {"datetime": "2024-05-31 17:57:53", "elapsed": 3973.103724, "delta": 16.525236}}
{"target": 2.5606053536969964, "params": {"h": 33.0, "p": 560.0, "r": 118.0}, "datetime": {"datetime": "2024-05-31 17:58:14", "elapsed": 3993.320888, "delta": 20.217164}}
{"target": 0.5778136461362446, "params": {"h": 40.0, "p": 994.0, "r": 35.0}, "datetime": {"datetime": "2024-05-31 17:59:23", "elapsed": 4063.195434, "delta": 69.874546}}
{"target": 37.4055512228334, "params": {"h": 40.0, "p": 227.0, "r": 69.0}, "datetime": {"datetime": "2024-05-31 17:59:38", "elapsed": 4077.246594, "delta": 14.05116}}
{"target": 1.4359201148200824, "params": {"h": 27.0, "p": 754.0, "r": 81.0}, "datetime": {"datetime": "2024-05-31 18:00:16", "elapsed": 4115.872986, "delta": 38.626392}}
{"target": 2.1281190012476703, "params": {"h": 30.0, "p": 177.0, "r": 23.0}, "datetime": {"datetime": "2024-05-31 18:00:43", "elapsed": 4143.184898, "delta": 27.311912}}
{"target": 0.17337604560212355, "params": {"h": 32.0, "p": 865.0, "r": 26.0}, "datetime": {"datetime": "2024-05-31 18:01:50", "elapsed": 4209.937774, "delta": 66.752876}}
{"target": 1.605143993918476, "params": {"h": 39.0, "p": 735.0, "r": 100.0}, "datetime": {"datetime": "2024-05-31 18:02:26", "elapsed": 4245.641599, "delta": 35.703825}}
{"target": 0.0, "params": {"h": 29.0, "p": 305.0, "r": 147.0}, "datetime": {"datetime": "2024-05-31 18:02:26", "elapsed": 4245.643601, "delta": 0.002002}}
{"target": 0.13676034109499216, "params": {"h": 26.0, "p": 950.0, "r": 25.0}, "datetime": {"datetime": "2024-05-31 18:03:35", "elapsed": 4314.656837, "delta": 69.013236}}
{"target": 0.0, "params": {"h": 34.0, "p": 117.0, "r": 148.0}, "datetime": {"datetime": "2024-05-31 18:03:35", "elapsed": 4314.657838, "delta": 0.001001}}
{"target": 18.802144337084908, "params": {"h": 47.0, "p": 313.0, "r": 99.0}, "datetime": {"datetime": "2024-05-31 18:03:49", "elapsed": 4328.669968, "delta": 14.01213}}
{"target": 34.26924507175694, "params": {"h": 54.0, "p": 282.0, "r": 79.0}, "datetime": {"datetime": "2024-05-31 18:04:06", "elapsed": 4345.31979, "delta": 16.649822}}
{"target": 1.9970603191741292, "params": {"h": 44.0, "p": 675.0, "r": 122.0}, "datetime": {"datetime": "2024-05-31 18:04:35", "elapsed": 4374.380677, "delta": 29.060887}}
{"target": 0.39883849640691094, "params": {"h": 46.0, "p": 824.0, "r": 31.0}, "datetime": {"datetime": "2024-05-31 18:05:41", "elapsed": 4440.798214, "delta": 66.417537}}
{"target": 2.199145325174356, "params": {"h": 33.0, "p": 587.0, "r": 90.0}, "datetime": {"datetime": "2024-05-31 18:06:07", "elapsed": 4466.513283, "delta": 25.715069}}
{"target": 1.0628624235184172, "params": {"h": 20.0, "p": 881.0, "r": 134.0}, "datetime": {"datetime": "2024-05-31 18:06:56", "elapsed": 4515.79624, "delta": 49.282957}}
{"target": 4.398605474908352, "params": {"h": 39.0, "p": 601.0, "r": 61.0}, "datetime": {"datetime": "2024-05-31 18:07:26", "elapsed": 4545.282088, "delta": 29.485848}}
{"target": 25.476927910297384, "params": {"h": 45.0, "p": 292.0, "r": 85.0}, "datetime": {"datetime": "2024-05-31 18:07:39", "elapsed": 4558.812351, "delta": 13.530263}}
{"target": 32.33703598725969, "params": {"h": 30.0, "p": 166.0, "r": 41.0}, "datetime": {"datetime": "2024-05-31 18:07:53", "elapsed": 4572.473763, "delta": 13.661412}}
{"target": 0.4391176482959693, "params": {"h": 58.0, "p": 279.0, "r": 19.0}, "datetime": {"datetime": "2024-05-31 18:08:44", "elapsed": 4623.341496, "delta": 50.867733}}
{"target": 1.0115597268118814, "params": {"h": 24.0, "p": 789.0, "r": 97.0}, "datetime": {"datetime": "2024-05-31 18:09:20", "elapsed": 4659.292391, "delta": 35.950895}}
{"target": 1.7630914152623416, "params": {"h": 27.0, "p": 685.0, "r": 90.0}, "datetime": {"datetime": "2024-05-31 18:09:49", "elapsed": 4689.190804, "delta": 29.898413}}
{"target": 4.24256106068311, "params": {"h": 43.0, "p": 797.0, "r": 46.0}, "datetime": {"datetime": "2024-05-31 18:10:35", "elapsed": 4734.451437, "delta": 45.260633}}
{"target": 0.8101893128236853, "params": {"h": 22.0, "p": 873.0, "r": 88.0}, "datetime": {"datetime": "2024-05-31 18:11:19", "elapsed": 4779.01133, "delta": 44.559893}}
{"target": 1.7513494394389046, "params": {"h": 46.0, "p": 710.0, "r": 38.0}, "datetime": {"datetime": "2024-05-31 18:12:02", "elapsed": 4822.081168, "delta": 43.069838}}
{"target": 2.9657330031380593, "params": {"h": 46.0, "p": 631.0, "r": 136.0}, "datetime": {"datetime": "2024-05-31 18:12:26", "elapsed": 4845.476407, "delta": 23.395239}}
{"target": 2.761081004001836, "params": {"h": 39.0, "p": 633.0, "r": 74.0}, "datetime": {"datetime": "2024-05-31 18:12:54", "elapsed": 4873.575049, "delta": 28.098642}}
{"target": 2.481811084487136, "params": {"h": 53.0, "p": 575.0, "r": 119.0}, "datetime": {"datetime": "2024-05-31 18:13:15", "elapsed": 4895.183262, "delta": 21.608213}}
{"target": 0.9842598218960262, "params": {"h": 45.0, "p": 883.0, "r": 115.0}, "datetime": {"datetime": "2024-05-31 18:13:58", "elapsed": 4937.733423, "delta": 42.550161}}
{"target": 1.479558263916072, "params": {"h": 54.0, "p": 784.0, "r": 116.0}, "datetime": {"datetime": "2024-05-31 18:14:33", "elapsed": 4972.987087, "delta": 35.253664}}
{"target": 0.9124890341802075, "params": {"h": 24.0, "p": 836.0, "r": 83.0}, "datetime": {"datetime": "2024-05-31 18:15:12", "elapsed": 5011.386855, "delta": 38.399768}}
{"target": 1.7844120995954598, "params": {"h": 34.0, "p": 715.0, "r": 81.0}, "datetime": {"datetime": "2024-05-31 18:15:45", "elapsed": 5044.523319, "delta": 33.136464}}
{"target": 1.313334092359696, "params": {"h": 27.0, "p": 792.0, "r": 128.0}, "datetime": {"datetime": "2024-05-31 18:16:19", "elapsed": 5078.867653, "delta": 34.344334}}
{"target": 1.8101508882347348, "params": {"h": 18.0, "p": 905.0, "r": 47.0}, "datetime": {"datetime": "2024-05-31 18:17:08", "elapsed": 5127.556031, "delta": 48.688378}}
{"target": 0.2232681519459186, "params": {"h": 18.0, "p": 356.0, "r": 17.0}, "datetime": {"datetime": "2024-05-31 18:17:38", "elapsed": 5157.799234, "delta": 30.243203}}
{"target": 0.0, "params": {"h": 40.0, "p": 299.0, "r": 138.0}, "datetime": {"datetime": "2024-05-31 18:17:38", "elapsed": 5157.799234, "delta": 0.0}}
{"target": 30.437538780796988, "params": {"h": 41.0, "p": 249.0, "r": 79.0}, "datetime": {"datetime": "2024-05-31 18:17:51", "elapsed": 5170.478531, "delta": 12.679297}}
{"target": 1.6047294912685643, "params": {"h": 33.0, "p": 846.0, "r": 64.0}, "datetime": {"datetime": "2024-05-31 18:18:34", "elapsed": 5213.453421, "delta": 42.97489}}
{"target": 0.9135979516921872, "params": {"h": 32.0, "p": 967.0, "r": 81.0}, "datetime": {"datetime": "2024-05-31 18:19:29", "elapsed": 5268.807757, "delta": 55.354336}}
{"target": 6.309545410216262, "params": {"h": 37.0, "p": 628.0, "r": 45.0}, "datetime": {"datetime": "2024-05-31 18:20:05", "elapsed": 5304.288449, "delta": 35.480692}}
{"target": 0.8179220806135842, "params": {"h": 37.0, "p": 322.0, "r": 24.0}, "datetime": {"datetime": "2024-05-31 18:20:38", "elapsed": 5337.356077, "delta": 33.067628}}
{"target": 2.9175304267568563, "params": {"h": 16.0, "p": 540.0, "r": 135.0}, "datetime": {"datetime": "2024-05-31 18:21:14", "elapsed": 5373.962611, "delta": 36.606534}}
{"target": 0.861833701259773, "params": {"h": 47.0, "p": 972.0, "r": 108.0}, "datetime": {"datetime": "2024-05-31 18:22:05", "elapsed": 5425.136133, "delta": 51.173522}}
{"target": 2.007135417610111, "params": {"h": 17.0, "p": 523.0, "r": 67.0}, "datetime": {"datetime": "2024-05-31 18:22:29", "elapsed": 5448.838716, "delta": 23.702583}}
{"target": 2.59136975147357, "params": {"h": 29.0, "p": 654.0, "r": 137.0}, "datetime": {"datetime": "2024-05-31 18:22:54", "elapsed": 5473.619519, "delta": 24.780803}}
{"target": 0.7181944946180198, "params": {"h": 23.0, "p": 406.0, "r": 24.0}, "datetime": {"datetime": "2024-05-31 18:23:24", "elapsed": 5503.912868, "delta": 30.293349}}
{"target": 12.242258995210388, "params": {"h": 44.0, "p": 361.0, "r": 147.0}, "datetime": {"datetime": "2024-05-31 18:23:36", "elapsed": 5515.292208, "delta": 11.37934}}
{"target": 1.1598684822998155, "params": {"h": 16.0, "p": 693.0, "r": 79.0}, "datetime": {"datetime": "2024-05-31 18:24:06", "elapsed": 5545.508976, "delta": 30.216768}}
{"target": 5.886379835961372, "params": {"h": 35.0, "p": 532.0, "r": 145.0}, "datetime": {"datetime": "2024-05-31 18:24:25", "elapsed": 5564.402203, "delta": 18.893227}}
{"target": 0.0, "params": {"h": 43.0, "p": 194.0, "r": 105.0}, "datetime": {"datetime": "2024-05-31 18:24:25", "elapsed": 5564.417828, "delta": 0.015625}}
{"target": 2.250907568873015, "params": {"h": 34.0, "p": 581.0, "r": 114.0}, "datetime": {"datetime": "2024-05-31 18:24:46", "elapsed": 5585.983378, "delta": 21.56555}}
{"target": 4.23135388371698, "params": {"h": 46.0, "p": 574.0, "r": 63.0}, "datetime": {"datetime": "2024-05-31 18:25:15", "elapsed": 5614.924232, "delta": 28.940854}}
{"target": 1.0028080078073325, "params": {"h": 58.0, "p": 937.0, "r": 95.0}, "datetime": {"datetime": "2024-05-31 18:26:05", "elapsed": 5664.620008, "delta": 49.695776}}
{"target": 5.398952978059863, "params": {"h": 33.0, "p": 364.0, "r": 113.0}, "datetime": {"datetime": "2024-05-31 18:26:18", "elapsed": 5677.788039, "delta": 13.168031}}
{"target": 1.8994379373427064, "params": {"h": 25.0, "p": 649.0, "r": 110.0}, "datetime": {"datetime": "2024-05-31 18:26:44", "elapsed": 5703.587331, "delta": 25.799292}}
{"target": 1.890088857364253, "params": {"h": 58.0, "p": 724.0, "r": 40.0}, "datetime": {"datetime": "2024-05-31 18:27:29", "elapsed": 5749.017761, "delta": 45.43043}}
{"target": 0.2676715091876756, "params": {"h": 44.0, "p": 394.0, "r": 20.0}, "datetime": {"datetime": "2024-05-31 18:28:14", "elapsed": 5793.614209, "delta": 44.596448}}
{"target": 1.0963628140912698, "params": {"h": 56.0, "p": 118.0, "r": 15.0}, "datetime": {"datetime": "2024-05-31 18:28:59", "elapsed": 5838.458598, "delta": 44.844389}}
{"target": 0.2523652586723975, "params": {"h": 34.0, "p": 854.0, "r": 28.0}, "datetime": {"datetime": "2024-05-31 18:29:52", "elapsed": 5891.290889, "delta": 52.832291}}
{"target": 0.0, "params": {"h": 32.0, "p": 288.0, "r": 143.0}, "datetime": {"datetime": "2024-05-31 18:29:52", "elapsed": 5891.292891, "delta": 0.002002}}
{"target": 0.0, "params": {"h": 26.0, "p": 151.0, "r": 71.0}, "datetime": {"datetime": "2024-05-31 18:29:52", "elapsed": 5891.294349, "delta": 0.001458}}
{"target": 0.0, "params": {"h": 23.0, "p": 112.0, "r": 60.0}, "datetime": {"datetime": "2024-05-31 18:29:52", "elapsed": 5891.294349, "delta": 0.0}}
{"target": 0.0, "params": {"h": 29.0, "p": 256.0, "r": 142.0}, "datetime": {"datetime": "2024-05-31 18:29:52", "elapsed": 5891.294349, "delta": 0.0}}
{"target": 9.189342363552607, "params": {"h": 45.0, "p": 458.0, "r": 55.0}, "datetime": {"datetime": "2024-05-31 18:30:17", "elapsed": 5916.687563, "delta": 25.393214}}
{"target": 42.88603220598511, "params": {"h": 16.0, "p": 181.0, "r": 49.0}, "datetime": {"datetime": "2024-05-31 18:30:30", "elapsed": 5930.066876, "delta": 13.379313}}
{"target": 0.8495189771799136, "params": {"h": 35.0, "p": 943.0, "r": 103.0}, "datetime": {"datetime": "2024-05-31 18:31:20", "elapsed": 5980.095448, "delta": 50.028572}}
{"target": 1.9315588865818867, "params": {"h": 22.0, "p": 763.0, "r": 58.0}, "datetime": {"datetime": "2024-05-31 18:31:58", "elapsed": 6017.286048, "delta": 37.1906}}
{"target": 38.361285680964656, "params": {"h": 54.0, "p": 272.0, "r": 75.0}, "datetime": {"datetime": "2024-05-31 18:32:14", "elapsed": 6033.339448, "delta": 16.0534}}
{"target": 0.0, "params": {"h": 43.0, "p": 103.0, "r": 35.0}, "datetime": {"datetime": "2024-05-31 18:32:14", "elapsed": 6033.339448, "delta": 0.0}}
{"target": 7.654238736079681, "params": {"h": 50.0, "p": 403.0, "r": 129.0}, "datetime": {"datetime": "2024-05-31 18:32:28", "elapsed": 6047.319745, "delta": 13.980297}}
{"target": 8.166313313167365, "params": {"h": 58.0, "p": 460.0, "r": 132.0}, "datetime": {"datetime": "2024-05-31 18:32:44", "elapsed": 6063.516951, "delta": 16.197206}}
{"target": 1.7463694159919099, "params": {"h": 23.0, "p": 808.0, "r": 56.0}, "datetime": {"datetime": "2024-05-31 18:33:23", "elapsed": 6102.47694, "delta": 38.959989}}
{"target": 2.4772000193781816, "params": {"h": 55.0, "p": 998.0, "r": 53.0}, "datetime": {"datetime": "2024-05-31 18:34:28", "elapsed": 6167.956466, "delta": 65.479526}}
{"target": 1.0213831325424603, "params": {"h": 35.0, "p": 960.0, "r": 137.0}, "datetime": {"datetime": "2024-05-31 18:35:16", "elapsed": 6216.034015, "delta": 48.077549}}
{"target": 1.8954410294338548, "params": {"h": 45.0, "p": 696.0, "r": 100.0}, "datetime": {"datetime": "2024-05-31 18:35:45", "elapsed": 6245.145448, "delta": 29.111433}}
{"target": 2.5474548869431524, "params": {"h": 52.0, "p": 770.0, "r": 146.0}, "datetime": {"datetime": "2024-05-31 18:36:17", "elapsed": 6276.215198, "delta": 31.06975}}
{"target": 0.0, "params": {"h": 36.0, "p": 156.0, "r": 96.0}, "datetime": {"datetime": "2024-05-31 18:36:17", "elapsed": 6276.215198, "delta": 0.0}}
{"target": 7.630201760635954, "params": {"h": 21.0, "p": 767.0, "r": 37.0}, "datetime": {"datetime": "2024-05-31 18:36:58", "elapsed": 6317.546042, "delta": 41.330844}}
{"target": 1.7436640883052015, "params": {"h": 49.0, "p": 748.0, "r": 120.0}, "datetime": {"datetime": "2024-05-31 18:37:30", "elapsed": 6350.011532, "delta": 32.46549}}
{"target": 8.097822529737485, "params": {"h": 52.0, "p": 391.0, "r": 127.0}, "datetime": {"datetime": "2024-05-31 18:37:45", "elapsed": 6364.695565, "delta": 14.684033}}
{"target": 0.02293312120398277, "params": {"h": 41.0, "p": 892.0, "r": 16.0}, "datetime": {"datetime": "2024-05-31 18:39:08", "elapsed": 6448.077501, "delta": 83.381936}}
{"target": 3.2399799861915604, "params": {"h": 49.0, "p": 733.0, "r": 64.0}, "datetime": {"datetime": "2024-05-31 18:39:47", "elapsed": 6486.372982, "delta": 38.295481}}
{"target": 5.885055232006893, "params": {"h": 50.0, "p": 384.0, "r": 117.0}, "datetime": {"datetime": "2024-05-31 18:40:01", "elapsed": 6500.958511, "delta": 14.585529}}
{"target": 5.469345776892412, "params": {"h": 33.0, "p": 644.0, "r": 42.0}, "datetime": {"datetime": "2024-05-31 18:40:35", "elapsed": 6534.979149, "delta": 34.020638}}
{"target": 1.1174018370071244, "params": {"h": 41.0, "p": 820.0, "r": 92.0}, "datetime": {"datetime": "2024-05-31 18:41:14", "elapsed": 6573.968943, "delta": 38.989794}}
{"target": 1.9059175526821441, "params": {"h": 57.0, "p": 252.0, "r": 27.0}, "datetime": {"datetime": "2024-05-31 18:41:47", "elapsed": 6607.094151, "delta": 33.125208}}
{"target": 1.9628838120526757, "params": {"h": 42.0, "p": 659.0, "r": 111.0}, "datetime": {"datetime": "2024-05-31 18:42:12", "elapsed": 6631.915593, "delta": 24.821442}}
{"target": 23.070889824677284, "params": {"h": 48.0, "p": 479.0, "r": 140.0}, "datetime": {"datetime": "2024-05-31 18:42:29", "elapsed": 6648.419519, "delta": 16.503926}}
{"target": 4.945832083845242, "params": {"h": 50.0, "p": 470.0, "r": 70.0}, "datetime": {"datetime": "2024-05-31 18:42:51", "elapsed": 6671.172978, "delta": 22.753459}}
{"target": 0.18279575503370932, "params": {"h": 52.0, "p": 435.0, "r": 19.0}, "datetime": {"datetime": "2024-05-31 18:43:43", "elapsed": 6722.550352, "delta": 51.377374}}
{"target": 2.231967441062247, "params": {"h": 51.0, "p": 614.0, "r": 95.0}, "datetime": {"datetime": "2024-05-31 18:44:09", "elapsed": 6748.271968, "delta": 25.721616}}
{"target": 0.043825978284149116, "params": {"h": 59.0, "p": 670.0, "r": 16.0}, "datetime": {"datetime": "2024-05-31 18:45:21", "elapsed": 6820.987458, "delta": 72.71549}}
{"target": 0.555171708013255, "params": {"h": 16.0, "p": 311.0, "r": 19.0}, "datetime": {"datetime": "2024-05-31 18:45:48", "elapsed": 6848.178851, "delta": 27.191393}}
{"target": 9.326441958873632, "params": {"h": 54.0, "p": 536.0, "r": 141.0}, "datetime": {"datetime": "2024-05-31 18:46:06", "elapsed": 6865.650693, "delta": 17.471842}}
{"target": 2.679817063620737, "params": {"h": 29.0, "p": 509.0, "r": 77.0}, "datetime": {"datetime": "2024-05-31 18:46:28", "elapsed": 6887.925232, "delta": 22.274539}}
{"target": 0.8752552333136658, "params": {"h": 30.0, "p": 910.0, "r": 91.0}, "datetime": {"datetime": "2024-05-31 18:47:11", "elapsed": 6931.156334, "delta": 43.231102}}
{"target": 0.0, "params": {"h": 48.0, "p": 170.0, "r": 142.0}, "datetime": {"datetime": "2024-05-31 18:47:11", "elapsed": 6931.158336, "delta": 0.002002}}
{"target": 0.3658572360118318, "params": {"h": 44.0, "p": 727.0, "r": 29.0}, "datetime": {"datetime": "2024-05-31 18:48:04", "elapsed": 6983.491651, "delta": 52.333315}}
{"target": 0.0, "params": {"h": 20.0, "p": 130.0, "r": 130.0}, "datetime": {"datetime": "2024-05-31 18:48:04", "elapsed": 6983.491651, "delta": 0.0}}
{"target": 0.0, "params": {"h": 49.0, "p": 202.0, "r": 139.0}, "datetime": {"datetime": "2024-05-31 18:48:04", "elapsed": 6983.507279, "delta": 0.015628}}
{"target": 1.1408594559258836, "params": {"h": 37.0, "p": 548.0, "r": 32.0}, "datetime": {"datetime": "2024-05-31 18:48:40", "elapsed": 7019.973144, "delta": 36.465865}}
{"target": 3.486713076060253, "params": {"h": 27.0, "p": 571.0, "r": 62.0}, "datetime": {"datetime": "2024-05-31 18:49:05", "elapsed": 7044.309881, "delta": 24.336737}}
{"target": 0.9977309963364668, "params": {"h": 60.0, "p": 942.0, "r": 105.0}, "datetime": {"datetime": "2024-05-31 18:49:54", "elapsed": 7093.361955, "delta": 49.052074}}
{"target": 0.0, "params": {"h": 40.0, "p": 212.0, "r": 130.0}, "datetime": {"datetime": "2024-05-31 18:49:54", "elapsed": 7093.361955, "delta": 0.0}}
{"target": 0.30033409988237647, "params": {"h": 18.0, "p": 566.0, "r": 22.0}, "datetime": {"datetime": "2024-05-31 18:50:28", "elapsed": 7128.168211, "delta": 34.806256}}
{"target": 0.05737070212947525, "params": {"h": 20.0, "p": 759.0, "r": 18.0}, "datetime": {"datetime": "2024-05-31 18:51:21", "elapsed": 7180.606932, "delta": 52.438721}}
{"target": 31.640232181832076, "params": {"h": 33.0, "p": 234.0, "r": 75.0}, "datetime": {"datetime": "2024-05-31 18:51:34", "elapsed": 7193.25185, "delta": 12.644918}}
{"target": 0.5280633837776285, "params": {"h": 51.0, "p": 332.0, "r": 22.0}, "datetime": {"datetime": "2024-05-31 18:52:15", "elapsed": 7235.194949, "delta": 41.943099}}
{"target": 0.9135555148066766, "params": {"h": 38.0, "p": 928.0, "r": 120.0}, "datetime": {"datetime": "2024-05-31 18:53:03", "elapsed": 7282.217648, "delta": 47.022699}}
{"target": 0.8289996708437644, "params": {"h": 19.0, "p": 921.0, "r": 65.0}, "datetime": {"datetime": "2024-05-31 18:53:50", "elapsed": 7329.408284, "delta": 47.190636}}
