{"target": 3.210461170679045, "params": {"h": 55.0, "p": 579.0, "r": 73.0}, "datetime": {"datetime": "2024-06-06 17:35:49", "elapsed": 0.0, "delta": 0.0}}
{"target": 1.43041071471787, "params": {"h": 19.0, "p": 686.0, "r": 78.0}, "datetime": {"datetime": "2024-06-06 17:36:24", "elapsed": 34.537688, "delta": 34.537688}}
{"target": 1.0540780625108521, "params": {"h": 26.0, "p": 792.0, "r": 106.0}, "datetime": {"datetime": "2024-06-06 17:37:02", "elapsed": 72.222016, "delta": 37.684328}}
{"target": 3.317538029656431, "params": {"h": 19.0, "p": 394.0, "r": 68.0}, "datetime": {"datetime": "2024-06-06 17:37:22", "elapsed": 92.60022, "delta": 20.378204}}
{"target": 2.08350554227793, "params": {"h": 36.0, "p": 678.0, "r": 124.0}, "datetime": {"datetime": "2024-06-06 17:37:50", "elapsed": 120.781695, "delta": 28.181475}}
{"target": 0.0, "params": {"h": 22.0, "p": 129.0, "r": 56.0}, "datetime": {"datetime": "2024-06-06 17:37:50", "elapsed": 120.781695, "delta": 0.0}}
{"target": 1.861432381409244, "params": {"h": 26.0, "p": 705.0, "r": 71.0}, "datetime": {"datetime": "2024-06-06 17:38:21", "elapsed": 151.983605, "delta": 31.20191}}
{"target": 2.1911312085936294, "params": {"h": 25.0, "p": 710.0, "r": 120.0}, "datetime": {"datetime": "2024-06-06 17:38:52", "elapsed": 182.549293, "delta": 30.565688}}
{"target": 0.8804253796682014, "params": {"h": 34.0, "p": 995.0, "r": 127.0}, "datetime": {"datetime": "2024-06-06 17:39:45", "elapsed": 236.091435, "delta": 53.542142}}
{"target": 1.9171414908896272, "params": {"h": 31.0, "p": 656.0, "r": 108.0}, "datetime": {"datetime": "2024-06-06 17:40:13", "elapsed": 263.519889, "delta": 27.428454}}
{"target": 26.60591488859943, "params": {"h": 58.0, "p": 178.0, "r": 54.0}, "datetime": {"datetime": "2024-06-06 17:40:28", "elapsed": 278.767248, "delta": 15.247359}}
{"target": 0.9433858867414306, "params": {"h": 51.0, "p": 940.0, "r": 119.0}, "datetime": {"datetime": "2024-06-06 17:41:15", "elapsed": 325.362421, "delta": 46.595173}}
{"target": 3.56896006461549, "params": {"h": 31.0, "p": 176.0, "r": 26.0}, "datetime": {"datetime": "2024-06-06 17:41:39", "elapsed": 349.27403, "delta": 23.911609}}
{"target": 0.6593588521405778, "params": {"h": 18.0, "p": 938.0, "r": 79.0}, "datetime": {"datetime": "2024-06-06 17:42:26", "elapsed": 396.986496, "delta": 47.712466}}
{"target": 11.915385482471203, "params": {"h": 22.0, "p": 302.0, "r": 98.0}, "datetime": {"datetime": "2024-06-06 17:42:40", "elapsed": 410.421138, "delta": 13.434642}}
{"target": 2.9502893826580374, "params": {"h": 40.0, "p": 593.0, "r": 131.0}, "datetime": {"datetime": "2024-06-06 17:43:02", "elapsed": 432.196973, "delta": 21.775835}}
{"target": 7.000758054639473, "params": {"h": 37.0, "p": 147.0, "r": 29.0}, "datetime": {"datetime": "2024-06-06 17:43:24", "elapsed": 454.884692, "delta": 22.687719}}
{"target": 0.829806193503106, "params": {"h": 40.0, "p": 985.0, "r": 100.0}, "datetime": {"datetime": "2024-06-06 17:44:15", "elapsed": 506.099925, "delta": 51.215233}}
{"target": 0.0, "params": {"h": 27.0, "p": 272.0, "r": 149.0}, "datetime": {"datetime": "2024-06-06 17:44:15", "elapsed": 506.099925, "delta": 0.0}}
{"target": 1.2599478403297257, "params": {"h": 17.0, "p": 744.0, "r": 112.0}, "datetime": {"datetime": "2024-06-06 17:44:56", "elapsed": 546.334402, "delta": 40.234477}}
{"target": 0.0, "params": {"h": 55.0, "p": 119.0, "r": 39.0}, "datetime": {"datetime": "2024-06-06 17:44:56", "elapsed": 546.335403, "delta": 0.001001}}
{"target": 0.25232057746849806, "params": {"h": 15.0, "p": 556.0, "r": 20.0}, "datetime": {"datetime": "2024-06-06 17:45:30", "elapsed": 580.901388, "delta": 34.565985}}
{"target": 10.435433329393918, "params": {"h": 44.0, "p": 488.0, "r": 46.0}, "datetime": {"datetime": "2024-06-06 17:45:59", "elapsed": 609.321981, "delta": 28.420593}}
{"target": 1.1210580257089346, "params": {"h": 34.0, "p": 828.0, "r": 122.0}, "datetime": {"datetime": "2024-06-06 17:46:37", "elapsed": 647.683346, "delta": 38.361365}}
{"target": 0.5712274503641795, "params": {"h": 15.0, "p": 926.0, "r": 82.0}, "datetime": {"datetime": "2024-06-06 17:47:28", "elapsed": 698.376275, "delta": 50.692929}}
{"target": 0.0, "params": {"h": 20.0, "p": 125.0, "r": 51.0}, "datetime": {"datetime": "2024-06-06 17:47:28", "elapsed": 698.377276, "delta": 0.001001}}
{"target": 2.0416300219431944, "params": {"h": 21.0, "p": 654.0, "r": 124.0}, "datetime": {"datetime": "2024-06-06 17:47:58", "elapsed": 729.137519, "delta": 30.760243}}
{"target": 2.148810043384811, "params": {"h": 51.0, "p": 760.0, "r": 75.0}, "datetime": {"datetime": "2024-06-06 17:48:34", "elapsed": 764.450101, "delta": 35.312582}}
{"target": 0.9852752593956036, "params": {"h": 39.0, "p": 893.0, "r": 123.0}, "datetime": {"datetime": "2024-06-06 17:49:18", "elapsed": 808.867473, "delta": 44.417372}}
{"target": 0.1289574734100683, "params": {"h": 41.0, "p": 876.0, "r": 25.0}, "datetime": {"datetime": "2024-06-06 17:50:26", "elapsed": 876.270294, "delta": 67.402821}}
{"target": 1.0298472744168905, "params": {"h": 46.0, "p": 928.0, "r": 84.0}, "datetime": {"datetime": "2024-06-06 17:51:23", "elapsed": 934.030088, "delta": 57.759794}}
{"target": 21.73259522654525, "params": {"h": 49.0, "p": 322.0, "r": 133.0}, "datetime": {"datetime": "2024-06-06 17:51:34", "elapsed": 944.527834, "delta": 10.497746}}
{"target": 0.0, "params": {"h": 56.0, "p": 138.0, "r": 45.0}, "datetime": {"datetime": "2024-06-06 17:51:34", "elapsed": 944.527834, "delta": 0.0}}
{"target": 101.71988024443434, "params": {"h": 35.0, "p": 295.0, "r": 52.0}, "datetime": {"datetime": "2024-06-06 17:51:54", "elapsed": 964.245804, "delta": 19.71797}}
{"target": 1.3857249607027733, "params": {"h": 51.0, "p": 786.0, "r": 106.0}, "datetime": {"datetime": "2024-06-06 17:52:32", "elapsed": 1002.603127, "delta": 38.357323}}
{"target": 1.1708629204401257, "params": {"h": 48.0, "p": 911.0, "r": 78.0}, "datetime": {"datetime": "2024-06-06 17:53:25", "elapsed": 1055.288944, "delta": 52.685817}}
{"target": 1.0617678451436576, "params": {"h": 57.0, "p": 966.0, "r": 84.0}, "datetime": {"datetime": "2024-06-06 17:54:28", "elapsed": 1118.733992, "delta": 63.445048}}
{"target": 12.980459886460734, "params": {"h": 37.0, "p": 330.0, "r": 85.0}, "datetime": {"datetime": "2024-06-06 17:54:44", "elapsed": 1134.523093, "delta": 15.789101}}
{"target": 0.9626817740552803, "params": {"h": 23.0, "p": 806.0, "r": 80.0}, "datetime": {"datetime": "2024-06-06 17:55:26", "elapsed": 1176.597419, "delta": 42.074326}}
{"target": 1.4221800399468805, "params": {"h": 28.0, "p": 480.0, "r": 30.0}, "datetime": {"datetime": "2024-06-06 17:55:57", "elapsed": 1207.946572, "delta": 31.349153}}
{"target": 1.0319048605626366, "params": {"h": 25.0, "p": 861.0, "r": 125.0}, "datetime": {"datetime": "2024-06-06 17:56:37", "elapsed": 1248.088949, "delta": 40.142377}}
{"target": 21.637445001958056, "params": {"h": 57.0, "p": 256.0, "r": 99.0}, "datetime": {"datetime": "2024-06-06 17:56:49", "elapsed": 1260.118746, "delta": 12.029797}}
{"target": 2.8638089045746575, "params": {"h": 52.0, "p": 520.0, "r": 96.0}, "datetime": {"datetime": "2024-06-06 17:57:11", "elapsed": 1281.849194, "delta": 21.730448}}
{"target": 2.3388109449547856, "params": {"h": 41.0, "p": 568.0, "r": 91.0}, "datetime": {"datetime": "2024-06-06 17:57:34", "elapsed": 1305.162471, "delta": 23.313277}}
{"target": 1.48283489939575, "params": {"h": 32.0, "p": 902.0, "r": 64.0}, "datetime": {"datetime": "2024-06-06 17:58:21", "elapsed": 1351.806694, "delta": 46.644223}}
{"target": 6.063113295680351, "params": {"h": 41.0, "p": 687.0, "r": 55.0}, "datetime": {"datetime": "2024-06-06 17:58:56", "elapsed": 1386.868591, "delta": 35.061897}}
{"target": 1.4967294762775565, "params": {"h": 35.0, "p": 817.0, "r": 69.0}, "datetime": {"datetime": "2024-06-06 17:59:40", "elapsed": 1430.344577, "delta": 43.475986}}
{"target": 39.91529495378482, "params": {"h": 27.0, "p": 286.0, "r": 40.0}, "datetime": {"datetime": "2024-06-06 18:00:02", "elapsed": 1452.835084, "delta": 22.490507}}
{"target": 29.31597419655642, "params": {"h": 52.0, "p": 251.0, "r": 82.0}, "datetime": {"datetime": "2024-06-06 18:00:15", "elapsed": 1465.572247, "delta": 12.737163}}
{"target": 0.0, "params": {"h": 25.0, "p": 109.0, "r": 146.0}, "datetime": {"datetime": "2024-06-06 18:00:15", "elapsed": 1465.572247, "delta": 0.0}}
{"target": 1.8323706564575903, "params": {"h": 58.0, "p": 864.0, "r": 66.0}, "datetime": {"datetime": "2024-06-06 18:01:03", "elapsed": 1513.223776, "delta": 47.651529}}
{"target": 2.4329839229321326, "params": {"h": 21.0, "p": 602.0, "r": 114.0}, "datetime": {"datetime": "2024-06-06 18:01:28", "elapsed": 1538.204001, "delta": 24.980225}}
{"target": 5.346249490017031, "params": {"h": 31.0, "p": 455.0, "r": 63.0}, "datetime": {"datetime": "2024-06-06 18:01:49", "elapsed": 1559.423172, "delta": 21.219171}}
{"target": 1.9487696848991443, "params": {"h": 21.0, "p": 740.0, "r": 142.0}, "datetime": {"datetime": "2024-06-06 18:02:29", "elapsed": 1599.863068, "delta": 40.439896}}
{"target": 23.461113792557235, "params": {"h": 49.0, "p": 283.0, "r": 95.0}, "datetime": {"datetime": "2024-06-06 18:02:42", "elapsed": 1612.864167, "delta": 13.001099}}
{"target": 1.700636886605018, "params": {"h": 40.0, "p": 757.0, "r": 83.0}, "datetime": {"datetime": "2024-06-06 18:03:16", "elapsed": 1646.80512, "delta": 33.940953}}
{"target": 0.9865192237283308, "params": {"h": 17.0, "p": 871.0, "r": 128.0}, "datetime": {"datetime": "2024-06-06 18:04:07", "elapsed": 1697.774896, "delta": 50.969776}}
{"target": 37.77537637239429, "params": {"h": 56.0, "p": 274.0, "r": 76.0}, "datetime": {"datetime": "2024-06-06 18:04:23", "elapsed": 1713.39786, "delta": 15.622964}}
{"target": 7.873136768213332, "params": {"h": 49.0, "p": 412.0, "r": 132.0}, "datetime": {"datetime": "2024-06-06 18:04:37", "elapsed": 1727.209428, "delta": 13.811568}}
{"target": 3.7524270632170764, "params": {"h": 47.0, "p": 447.0, "r": 109.0}, "datetime": {"datetime": "2024-06-06 18:04:53", "elapsed": 1744.127283, "delta": 16.917855}}
{"target": 162.13189961713502, "params": {"h": 18.0, "p": 263.0, "r": 38.0}, "datetime": {"datetime": "2024-06-06 18:05:11", "elapsed": 1761.610346, "delta": 17.483063}}
{"target": 2.034701030677299, "params": {"h": 42.0, "p": 637.0, "r": 116.0}, "datetime": {"datetime": "2024-06-06 18:05:35", "elapsed": 1785.734309, "delta": 24.123963}}
{"target": 2.084781679573848, "params": {"h": 52.0, "p": 773.0, "r": 75.0}, "datetime": {"datetime": "2024-06-06 18:06:13", "elapsed": 1823.784491, "delta": 38.050182}}
{"target": 7.408908902761094, "params": {"h": 47.0, "p": 362.0, "r": 71.0}, "datetime": {"datetime": "2024-06-06 18:06:31", "elapsed": 1842.111342, "delta": 18.326851}}
{"target": 23.545100684222493, "params": {"h": 59.0, "p": 278.0, "r": 101.0}, "datetime": {"datetime": "2024-06-06 18:06:44", "elapsed": 1854.617785, "delta": 12.506443}}
{"target": 1.2822888358572304, "params": {"h": 32.0, "p": 370.0, "r": 27.0}, "datetime": {"datetime": "2024-06-06 18:07:13", "elapsed": 1883.461301, "delta": 28.843516}}
{"target": 4.475278628597681, "params": {"h": 35.0, "p": 541.0, "r": 148.0}, "datetime": {"datetime": "2024-06-06 18:07:33", "elapsed": 1903.734049, "delta": 20.272748}}
{"target": 0.882209372611968, "params": {"h": 38.0, "p": 944.0, "r": 117.0}, "datetime": {"datetime": "2024-06-06 18:08:20", "elapsed": 1950.317735, "delta": 46.583686}}
{"target": 1.2454890925215576, "params": {"h": 60.0, "p": 957.0, "r": 143.0}, "datetime": {"datetime": "2024-06-06 18:09:09", "elapsed": 1999.908527, "delta": 49.590792}}
{"target": 30.584055108745027, "params": {"h": 49.0, "p": 234.0, "r": 48.0}, "datetime": {"datetime": "2024-06-06 18:09:28", "elapsed": 2019.080938, "delta": 19.172411}}
{"target": 1.1975559481862743, "params": {"h": 27.0, "p": 840.0, "r": 34.0}, "datetime": {"datetime": "2024-06-06 18:10:18", "elapsed": 2068.190037, "delta": 49.109099}}
{"target": 1.0793197665311312, "params": {"h": 46.0, "p": 396.0, "r": 28.0}, "datetime": {"datetime": "2024-06-06 18:10:53", "elapsed": 2103.796256, "delta": 35.606219}}
{"target": 1.1518898494777834, "params": {"h": 28.0, "p": 803.0, "r": 118.0}, "datetime": {"datetime": "2024-06-06 18:11:29", "elapsed": 2139.685571, "delta": 35.889315}}
{"target": 1.438881929702336, "params": {"h": 22.0, "p": 198.0, "r": 21.0}, "datetime": {"datetime": "2024-06-06 18:11:55", "elapsed": 2165.77127, "delta": 26.085699}}
{"target": 0.0, "params": {"h": 44.0, "p": 267.0, "r": 141.0}, "datetime": {"datetime": "2024-06-06 18:11:55", "elapsed": 2165.77127, "delta": 0.0}}
{"target": 0.0, "params": {"h": 41.0, "p": 188.0, "r": 110.0}, "datetime": {"datetime": "2024-06-06 18:11:55", "elapsed": 2165.77127, "delta": 0.0}}
{"target": 6.119639427873643, "params": {"h": 40.0, "p": 778.0, "r": 49.0}, "datetime": {"datetime": "2024-06-06 18:12:35", "elapsed": 2205.764098, "delta": 39.992828}}
{"target": 28.981577886150202, "params": {"h": 24.0, "p": 356.0, "r": 36.0}, "datetime": {"datetime": "2024-06-06 18:12:59", "elapsed": 2229.376015, "delta": 23.611917}}
{"target": 2.2647130543254295, "params": {"h": 58.0, "p": 791.0, "r": 67.0}, "datetime": {"datetime": "2024-06-06 18:13:42", "elapsed": 2273.113809, "delta": 43.737794}}
{"target": 2.600842976433789, "params": {"h": 38.0, "p": 523.0, "r": 97.0}, "datetime": {"datetime": "2024-06-06 18:14:04", "elapsed": 2294.928759, "delta": 21.81495}}
{"target": 1.515946828530257, "params": {"h": 43.0, "p": 812.0, "r": 144.0}, "datetime": {"datetime": "2024-06-06 18:14:40", "elapsed": 2330.205438, "delta": 35.276679}}
{"target": 0.7253306964968553, "params": {"h": 16.0, "p": 953.0, "r": 115.0}, "datetime": {"datetime": "2024-06-06 18:15:38", "elapsed": 2388.776344, "delta": 58.570906}}
{"target": 33.382573114591, "params": {"h": 59.0, "p": 206.0, "r": 58.0}, "datetime": {"datetime": "2024-06-06 18:15:53", "elapsed": 2404.1406, "delta": 15.364256}}
{"target": 0.8141653529397155, "params": {"h": 38.0, "p": 991.0, "r": 114.0}, "datetime": {"datetime": "2024-06-06 18:16:47", "elapsed": 2457.881656, "delta": 53.741056}}
{"target": 2.1645985180644907, "params": {"h": 54.0, "p": 632.0, "r": 119.0}, "datetime": {"datetime": "2024-06-06 18:17:13", "elapsed": 2483.707138, "delta": 25.825482}}
{"target": 0.0, "params": {"h": 56.0, "p": 197.0, "r": 88.0}, "datetime": {"datetime": "2024-06-06 18:17:13", "elapsed": 2483.708138, "delta": 0.001}}
{"target": 19.919933579833504, "params": {"h": 26.0, "p": 261.0, "r": 89.0}, "datetime": {"datetime": "2024-06-06 18:17:25", "elapsed": 2495.399765, "delta": 11.691627}}
{"target": 3.9261436213555365, "params": {"h": 33.0, "p": 672.0, "r": 61.0}, "datetime": {"datetime": "2024-06-06 18:17:56", "elapsed": 2526.452493, "delta": 31.052728}}
{"target": 0.6611604478736288, "params": {"h": 56.0, "p": 1000.0, "r": 37.0}, "datetime": {"datetime": "2024-06-06 18:19:06", "elapsed": 2597.154695, "delta": 70.702202}}
{"target": 2.152019447010035, "params": {"h": 21.0, "p": 506.0, "r": 90.0}, "datetime": {"datetime": "2024-06-06 18:19:28", "elapsed": 2618.747641, "delta": 21.592946}}
{"target": 3.474037303031104, "params": {"h": 38.0, "p": 441.0, "r": 104.0}, "datetime": {"datetime": "2024-06-06 18:19:45", "elapsed": 2635.253284, "delta": 16.505643}}
{"target": 1.3683635190474317, "params": {"h": 23.0, "p": 833.0, "r": 60.0}, "datetime": {"datetime": "2024-06-06 18:20:27", "elapsed": 2677.242333, "delta": 41.989049}}
{"target": 10.797982252138505, "params": {"h": 20.0, "p": 583.0, "r": 42.0}, "datetime": {"datetime": "2024-06-06 18:20:56", "elapsed": 2706.693239, "delta": 29.450906}}
{"target": 7.189558833173557, "params": {"h": 29.0, "p": 674.0, "r": 42.0}, "datetime": {"datetime": "2024-06-06 18:21:31", "elapsed": 2741.467811, "delta": 34.774572}}
{"target": 0.9167015506591082, "params": {"h": 24.0, "p": 843.0, "r": 107.0}, "datetime": {"datetime": "2024-06-06 18:22:09", "elapsed": 2779.18866, "delta": 37.720849}}
{"target": 9.69020286662248, "params": {"h": 27.0, "p": 463.0, "r": 51.0}, "datetime": {"datetime": "2024-06-06 18:22:32", "elapsed": 2802.394961, "delta": 23.206301}}
{"target": 1.0839349018171482, "params": {"h": 56.0, "p": 889.0, "r": 121.0}, "datetime": {"datetime": "2024-06-06 18:23:13", "elapsed": 2843.815113, "delta": 41.420152}}
{"target": 2.649779052381168, "params": {"h": 43.0, "p": 151.0, "r": 23.0}, "datetime": {"datetime": "2024-06-06 18:23:42", "elapsed": 2872.749811, "delta": 28.934698}}
{"target": 0.7803770807251388, "params": {"h": 53.0, "p": 168.0, "r": 17.0}, "datetime": {"datetime": "2024-06-06 18:24:24", "elapsed": 2914.782428, "delta": 42.032617}}
{"target": 2.7083215063711186, "params": {"h": 44.0, "p": 958.0, "r": 47.0}, "datetime": {"datetime": "2024-06-06 18:25:26", "elapsed": 2976.729262, "delta": 61.946834}}
{"target": 1.870048093072845, "params": {"h": 44.0, "p": 733.0, "r": 83.0}, "datetime": {"datetime": "2024-06-06 18:25:59", "elapsed": 3010.019807, "delta": 33.290545}}
{"target": 2.3984517075496896, "params": {"h": 16.0, "p": 497.0, "r": 109.0}, "datetime": {"datetime": "2024-06-06 18:26:29", "elapsed": 3039.462495, "delta": 29.442688}}
{"target": 2.3862819032279146, "params": {"h": 52.0, "p": 948.0, "r": 47.0}, "datetime": {"datetime": "2024-06-06 18:27:27", "elapsed": 3097.768563, "delta": 58.306068}}
{"target": 3.3232593239923087, "params": {"h": 33.0, "p": 663.0, "r": 134.0}, "datetime": {"datetime": "2024-06-06 18:27:52", "elapsed": 3122.916199, "delta": 25.147636}}
{"target": 145.11788298498087, "params": {"h": 33.0, "p": 339.0, "r": 46.0}, "datetime": {"datetime": "2024-06-06 18:28:13", "elapsed": 3143.360588, "delta": 20.444389}}
{"target": 0.0, "params": {"h": 36.0, "p": 122.0, "r": 113.0}, "datetime": {"datetime": "2024-06-06 18:28:13", "elapsed": 3143.376215, "delta": 0.015627}}
{"target": 3.314957119021447, "params": {"h": 39.0, "p": 464.0, "r": 97.0}, "datetime": {"datetime": "2024-06-06 18:28:30", "elapsed": 3160.80111, "delta": 17.424895}}
{"target": 0.2909052173124073, "params": {"h": 52.0, "p": 385.0, "r": 20.0}, "datetime": {"datetime": "2024-06-06 18:29:14", "elapsed": 3204.616791, "delta": 43.815681}}
{"target": 4.339488959854728, "params": {"h": 16.0, "p": 406.0, "r": 128.0}, "datetime": {"datetime": "2024-06-06 18:29:40", "elapsed": 3231.098259, "delta": 26.481468}}
{"target": 0.2922369037473799, "params": {"h": 37.0, "p": 910.0, "r": 30.0}, "datetime": {"datetime": "2024-06-06 18:30:39", "elapsed": 3289.530169, "delta": 58.43191}}
{"target": 10.631186715356055, "params": {"h": 45.0, "p": 426.0, "r": 139.0}, "datetime": {"datetime": "2024-06-06 18:30:53", "elapsed": 3303.4698, "delta": 13.939631}}
{"target": 5.377460682385979, "params": {"h": 39.0, "p": 615.0, "r": 44.0}, "datetime": {"datetime": "2024-06-06 18:31:27", "elapsed": 3337.972932, "delta": 34.503132}}
{"target": 1.9759107983501245, "params": {"h": 20.0, "p": 694.0, "r": 133.0}, "datetime": {"datetime": "2024-06-06 18:32:01", "elapsed": 3371.386264, "delta": 33.413332}}
{"target": 1.0179682372988086, "params": {"h": 30.0, "p": 642.0, "r": 32.0}, "datetime": {"datetime": "2024-06-06 18:32:39", "elapsed": 3409.351405, "delta": 37.965141}}
{"target": 0.0, "params": {"h": 59.0, "p": 314.0, "r": 136.0}, "datetime": {"datetime": "2024-06-06 18:32:39", "elapsed": 3409.351405, "delta": 0.0}}
{"target": 13.796152753863886, "params": {"h": 30.0, "p": 457.0, "r": 43.0}, "datetime": {"datetime": "2024-06-06 18:33:05", "elapsed": 3435.404647, "delta": 26.053242}}
{"target": 0.0, "params": {"h": 45.0, "p": 106.0, "r": 149.0}, "datetime": {"datetime": "2024-06-06 18:33:05", "elapsed": 3435.404647, "delta": 0.0}}
{"target": 0.0, "params": {"h": 32.0, "p": 222.0, "r": 119.0}, "datetime": {"datetime": "2024-06-06 18:33:05", "elapsed": 3435.404647, "delta": 0.0}}
{"target": 103.22448822890993, "params": {"h": 50.0, "p": 333.0, "r": 53.0}, "datetime": {"datetime": "2024-06-06 18:33:28", "elapsed": 3458.421268, "delta": 23.016621}}
{"target": 1.904121724611495, "params": {"h": 26.0, "p": 701.0, "r": 72.0}, "datetime": {"datetime": "2024-06-06 18:34:00", "elapsed": 3490.381677, "delta": 31.960409}}
{"target": 3.5715767175894952, "params": {"h": 59.0, "p": 530.0, "r": 115.0}, "datetime": {"datetime": "2024-06-06 18:34:19", "elapsed": 3509.995872, "delta": 19.614195}}
{"target": 1.199248237698987, "params": {"h": 35.0, "p": 962.0, "r": 70.0}, "datetime": {"datetime": "2024-06-06 18:35:11", "elapsed": 3561.843509, "delta": 51.847637}}
{"target": 1.899554598533519, "params": {"h": 59.0, "p": 713.0, "r": 94.0}, "datetime": {"datetime": "2024-06-06 18:35:42", "elapsed": 3592.581366, "delta": 30.737857}}
{"target": 16.415865029834695, "params": {"h": 55.0, "p": 402.0, "r": 146.0}, "datetime": {"datetime": "2024-06-06 18:35:55", "elapsed": 3605.922063, "delta": 13.340697}}
{"target": 0.08767900536657505, "params": {"h": 21.0, "p": 475.0, "r": 16.0}, "datetime": {"datetime": "2024-06-06 18:36:33", "elapsed": 3643.87972, "delta": 37.957657}}
{"target": 0.9373594235278065, "params": {"h": 50.0, "p": 970.0, "r": 90.0}, "datetime": {"datetime": "2024-06-06 18:37:23", "elapsed": 3693.474713, "delta": 49.594993}}
{"target": 5.618564927156891, "params": {"h": 51.0, "p": 514.0, "r": 58.0}, "datetime": {"datetime": "2024-06-06 18:37:51", "elapsed": 3721.922982, "delta": 28.448269}}
{"target": 0.7361607583344585, "params": {"h": 35.0, "p": 919.0, "r": 35.0}, "datetime": {"datetime": "2024-06-06 18:38:52", "elapsed": 3782.411321, "delta": 60.488339}}
{"target": 1.0094336203292582, "params": {"h": 28.0, "p": 851.0, "r": 118.0}, "datetime": {"datetime": "2024-06-06 18:39:29", "elapsed": 3819.205849, "delta": 36.794528}}
{"target": 2.1545091708671915, "params": {"h": 28.0, "p": 623.0, "r": 81.0}, "datetime": {"datetime": "2024-06-06 18:39:54", "elapsed": 3845.140973, "delta": 25.935124}}
