{"target": 2.9765485181423585, "params": {"h": 52.0, "p": 538.0, "r": 78.0}, "datetime": {"datetime": "2024-06-06 21:34:48", "elapsed": 0.0, "delta": 0.0}}
{"target": 0.8101331935196237, "params": {"h": 27.0, "p": 936.0, "r": 96.0}, "datetime": {"datetime": "2024-06-06 21:35:43", "elapsed": 54.627117, "delta": 54.627117}}
{"target": 49.62567077832074, "params": {"h": 18.0, "p": 287.0, "r": 34.0}, "datetime": {"datetime": "2024-06-06 21:36:04", "elapsed": 76.060827, "delta": 21.43371}}
{"target": 23.624953260373363, "params": {"h": 39.0, "p": 303.0, "r": 125.0}, "datetime": {"datetime": "2024-06-06 21:36:15", "elapsed": 87.316917, "delta": 11.25609}}
{"target": 1.5746810807902774, "params": {"h": 41.0, "p": 817.0, "r": 70.0}, "datetime": {"datetime": "2024-06-06 21:36:58", "elapsed": 130.40829, "delta": 43.091373}}
{"target": 1.6393598539092427, "params": {"h": 26.0, "p": 704.0, "r": 110.0}, "datetime": {"datetime": "2024-06-06 21:37:28", "elapsed": 160.388829, "delta": 29.980539}}
{"target": 8.286032183287974, "params": {"h": 20.0, "p": 735.0, "r": 42.0}, "datetime": {"datetime": "2024-06-06 21:38:07", "elapsed": 199.415741, "delta": 39.026912}}
{"target": 3.17072230408226, "params": {"h": 31.0, "p": 471.0, "r": 104.0}, "datetime": {"datetime": "2024-06-06 21:38:25", "elapsed": 216.744769, "delta": 17.329028}}
{"target": 11.83857666520789, "params": {"h": 57.0, "p": 356.0, "r": 63.0}, "datetime": {"datetime": "2024-06-06 21:38:45", "elapsed": 237.015921, "delta": 20.271152}}
{"target": 0.0, "params": {"h": 52.0, "p": 244.0, "r": 136.0}, "datetime": {"datetime": "2024-06-06 21:38:45", "elapsed": 237.015921, "delta": 0.0}}
{"target": 0.0, "params": {"h": 49.0, "p": 159.0, "r": 95.0}, "datetime": {"datetime": "2024-06-06 21:38:45", "elapsed": 237.015921, "delta": 0.0}}
{"target": 3.2238919110259014, "params": {"h": 47.0, "p": 758.0, "r": 140.0}, "datetime": {"datetime": "2024-06-06 21:39:16", "elapsed": 268.035331, "delta": 31.01941}}
{"target": 7.8854452618785, "params": {"h": 40.0, "p": 349.0, "r": 103.0}, "datetime": {"datetime": "2024-06-06 21:39:29", "elapsed": 281.514178, "delta": 13.478847}}
{"target": 0.5467139237941524, "params": {"h": 37.0, "p": 815.0, "r": 32.0}, "datetime": {"datetime": "2024-06-06 21:40:22", "elapsed": 334.52829, "delta": 53.014112}}
{"target": 5.618013748526216, "params": {"h": 28.0, "p": 143.0, "r": 26.0}, "datetime": {"datetime": "2024-06-06 21:40:43", "elapsed": 354.955569, "delta": 20.427279}}
{"target": 1.4244007193485955, "params": {"h": 16.0, "p": 624.0, "r": 82.0}, "datetime": {"datetime": "2024-06-06 21:41:10", "elapsed": 382.339138, "delta": 27.383569}}
{"target": 0.9807427339404584, "params": {"h": 25.0, "p": 832.0, "r": 78.0}, "datetime": {"datetime": "2024-06-06 21:41:51", "elapsed": 422.571261, "delta": 40.232123}}
{"target": 2.533413438077564, "params": {"h": 24.0, "p": 688.0, "r": 62.0}, "datetime": {"datetime": "2024-06-06 21:42:22", "elapsed": 454.547694, "delta": 31.976433}}
{"target": 1.254056705086915, "params": {"h": 52.0, "p": 852.0, "r": 81.0}, "datetime": {"datetime": "2024-06-06 21:43:07", "elapsed": 498.733779, "delta": 44.186085}}
{"target": 0.6752389509112364, "params": {"h": 34.0, "p": 330.0, "r": 23.0}, "datetime": {"datetime": "2024-06-06 21:43:38", "elapsed": 530.39558, "delta": 31.661801}}
{"target": 14.572346304993554, "params": {"h": 51.0, "p": 336.0, "r": 96.0}, "datetime": {"datetime": "2024-06-06 21:43:53", "elapsed": 545.062827, "delta": 14.667247}}
{"target": 1.874384171345498, "params": {"h": 59.0, "p": 739.0, "r": 91.0}, "datetime": {"datetime": "2024-06-06 21:44:27", "elapsed": 579.547595, "delta": 34.484768}}
{"target": 27.914028271158987, "params": {"h": 46.0, "p": 345.0, "r": 133.0}, "datetime": {"datetime": "2024-06-06 21:44:39", "elapsed": 591.466, "delta": 11.918405}}
{"target": 1.2364226120935076, "params": {"h": 36.0, "p": 827.0, "r": 130.0}, "datetime": {"datetime": "2024-06-06 21:45:17", "elapsed": 629.475437, "delta": 38.009437}}
{"target": 4.480816300217015, "params": {"h": 17.0, "p": 371.0, "r": 119.0}, "datetime": {"datetime": "2024-06-06 21:45:38", "elapsed": 649.638705, "delta": 20.163268}}
{"target": 0.0, "params": {"h": 43.0, "p": 169.0, "r": 136.0}, "datetime": {"datetime": "2024-06-06 21:45:38", "elapsed": 649.639706, "delta": 0.001001}}
{"target": 0.0, "params": {"h": 37.0, "p": 109.0, "r": 132.0}, "datetime": {"datetime": "2024-06-06 21:45:38", "elapsed": 649.640707, "delta": 0.001001}}
{"target": 0.0, "params": {"h": 46.0, "p": 155.0, "r": 57.0}, "datetime": {"datetime": "2024-06-06 21:45:38", "elapsed": 649.640707, "delta": 0.0}}
{"target": 1.1138398111659191, "params": {"h": 44.0, "p": 768.0, "r": 36.0}, "datetime": {"datetime": "2024-06-06 21:46:28", "elapsed": 699.682528, "delta": 50.041821}}
{"target": 146.31618026055057, "params": {"h": 20.0, "p": 319.0, "r": 38.0}, "datetime": {"datetime": "2024-06-06 21:46:49", "elapsed": 721.113082, "delta": 21.430554}}
{"target": 4.093170719219198, "params": {"h": 26.0, "p": 369.0, "r": 31.0}, "datetime": {"datetime": "2024-06-06 21:47:18", "elapsed": 749.892364, "delta": 28.779282}}
{"target": 5.174911205618276, "params": {"h": 41.0, "p": 469.0, "r": 127.0}, "datetime": {"datetime": "2024-06-06 21:47:35", "elapsed": 766.687202, "delta": 16.794838}}
{"target": 56.361141930753654, "params": {"h": 31.0, "p": 212.0, "r": 47.0}, "datetime": {"datetime": "2024-06-06 21:47:51", "elapsed": 783.549468, "delta": 16.862266}}
{"target": 0.6940364324268306, "params": {"h": 18.0, "p": 911.0, "r": 76.0}, "datetime": {"datetime": "2024-06-06 21:48:36", "elapsed": 828.050127, "delta": 44.500659}}
{"target": 0.6614877905177757, "params": {"h": 49.0, "p": 294.0, "r": 22.0}, "datetime": {"datetime": "2024-06-06 21:49:15", "elapsed": 866.941248, "delta": 38.891121}}
{"target": 6.270288526917826, "params": {"h": 25.0, "p": 436.0, "r": 146.0}, "datetime": {"datetime": "2024-06-06 21:49:32", "elapsed": 884.529611, "delta": 17.588363}}
{"target": 7.2794310836469815, "params": {"h": 38.0, "p": 451.0, "r": 131.0}, "datetime": {"datetime": "2024-06-06 21:49:49", "elapsed": 900.698948, "delta": 16.169337}}
{"target": 3.5275634249396957, "params": {"h": 39.0, "p": 440.0, "r": 91.0}, "datetime": {"datetime": "2024-06-06 21:50:06", "elapsed": 918.468798, "delta": 17.76985}}
{"target": 1.4115777458375003, "params": {"h": 27.0, "p": 760.0, "r": 80.0}, "datetime": {"datetime": "2024-06-06 21:50:40", "elapsed": 951.914284, "delta": 33.445486}}
{"target": 1.5273414095929299, "params": {"h": 22.0, "p": 780.0, "r": 61.0}, "datetime": {"datetime": "2024-06-06 21:51:19", "elapsed": 991.2805, "delta": 39.366216}}
{"target": 1.230015715835944, "params": {"h": 58.0, "p": 401.0, "r": 29.0}, "datetime": {"datetime": "2024-06-06 21:51:58", "elapsed": 1029.808617, "delta": 38.528117}}
{"target": 0.9723935348896335, "params": {"h": 46.0, "p": 414.0, "r": 28.0}, "datetime": {"datetime": "2024-06-06 21:52:33", "elapsed": 1065.52421, "delta": 35.715593}}
{"target": 0.0, "params": {"h": 42.0, "p": 180.0, "r": 142.0}, "datetime": {"datetime": "2024-06-06 21:52:33", "elapsed": 1065.525211, "delta": 0.001001}}
{"target": 1.6060232587249241, "params": {"h": 39.0, "p": 747.0, "r": 113.0}, "datetime": {"datetime": "2024-06-06 21:53:05", "elapsed": 1096.893596, "delta": 31.368385}}
{"target": 2.230644350524407, "params": {"h": 42.0, "p": 774.0, "r": 139.0}, "datetime": {"datetime": "2024-06-06 21:53:37", "elapsed": 1128.942291, "delta": 32.048695}}
{"target": 1.0585505631866006, "params": {"h": 15.0, "p": 751.0, "r": 105.0}, "datetime": {"datetime": "2024-06-06 21:54:18", "elapsed": 1169.758614, "delta": 40.816323}}
{"target": 0.0, "params": {"h": 38.0, "p": 167.0, "r": 73.0}, "datetime": {"datetime": "2024-06-06 21:54:18", "elapsed": 1169.758614, "delta": 0.0}}
{"target": 8.77053734832857, "params": {"h": 51.0, "p": 495.0, "r": 45.0}, "datetime": {"datetime": "2024-06-06 21:54:48", "elapsed": 1200.463899, "delta": 30.705285}}
{"target": 28.63333705488009, "params": {"h": 19.0, "p": 306.0, "r": 107.0}, "datetime": {"datetime": "2024-06-06 21:55:03", "elapsed": 1214.983659, "delta": 14.51976}}
{"target": 6.409047081232136, "params": {"h": 42.0, "p": 566.0, "r": 53.0}, "datetime": {"datetime": "2024-06-06 21:55:32", "elapsed": 1244.107985, "delta": 29.124326}}
{"target": 0.20055615758097647, "params": {"h": 47.0, "p": 967.0, "r": 29.0}, "datetime": {"datetime": "2024-06-06 21:56:41", "elapsed": 1312.791719, "delta": 68.683734}}
{"target": 2.5833954277829227, "params": {"h": 56.0, "p": 592.0, "r": 126.0}, "datetime": {"datetime": "2024-06-06 21:57:04", "elapsed": 1336.445179, "delta": 23.65346}}
{"target": 4.022399333190187, "params": {"h": 48.0, "p": 554.0, "r": 133.0}, "datetime": {"datetime": "2024-06-06 21:57:23", "elapsed": 1355.231045, "delta": 18.785866}}
{"target": 20.483199069326155, "params": {"h": 60.0, "p": 274.0, "r": 111.0}, "datetime": {"datetime": "2024-06-06 21:57:34", "elapsed": 1365.961613, "delta": 10.730568}}
{"target": 4.582514695477332, "params": {"h": 37.0, "p": 558.0, "r": 137.0}, "datetime": {"datetime": "2024-06-06 21:57:54", "elapsed": 1385.757313, "delta": 19.7957}}
{"target": 2.366630678143907, "params": {"h": 38.0, "p": 375.0, "r": 31.0}, "datetime": {"datetime": "2024-06-06 21:58:25", "elapsed": 1417.485484, "delta": 31.728171}}
{"target": 5.809364855142311, "params": {"h": 23.0, "p": 432.0, "r": 116.0}, "datetime": {"datetime": "2024-06-06 21:58:43", "elapsed": 1435.031331, "delta": 17.545847}}
{"target": 2.0301600681606975, "params": {"h": 35.0, "p": 549.0, "r": 35.0}, "datetime": {"datetime": "2024-06-06 21:59:16", "elapsed": 1467.941055, "delta": 32.909724}}
{"target": 1.6270581961941801, "params": {"h": 41.0, "p": 733.0, "r": 100.0}, "datetime": {"datetime": "2024-06-06 21:59:49", "elapsed": 1500.758722, "delta": 32.817667}}
{"target": 1.8899710591726497, "params": {"h": 20.0, "p": 678.0, "r": 124.0}, "datetime": {"datetime": "2024-06-06 22:00:21", "elapsed": 1533.165113, "delta": 32.406391}}
{"target": 2.343744040321313, "params": {"h": 39.0, "p": 593.0, "r": 86.0}, "datetime": {"datetime": "2024-06-06 22:00:46", "elapsed": 1558.557363, "delta": 25.39225}}
{"target": 1.3024786901148486, "params": {"h": 22.0, "p": 741.0, "r": 99.0}, "datetime": {"datetime": "2024-06-06 22:01:21", "elapsed": 1592.999542, "delta": 34.442179}}
{"target": 0.12339335839810707, "params": {"h": 24.0, "p": 541.0, "r": 19.0}, "datetime": {"datetime": "2024-06-06 22:02:02", "elapsed": 1634.389933, "delta": 41.390391}}
{"target": 22.397769850852793, "params": {"h": 53.0, "p": 311.0, "r": 92.0}, "datetime": {"datetime": "2024-06-06 22:02:17", "elapsed": 1649.288324, "delta": 14.898391}}
{"target": 8.621793310061124, "params": {"h": 30.0, "p": 605.0, "r": 46.0}, "datetime": {"datetime": "2024-06-06 22:02:51", "elapsed": 1682.584641, "delta": 33.296317}}
{"target": 1.4735715655116814, "params": {"h": 18.0, "p": 869.0, "r": 50.0}, "datetime": {"datetime": "2024-06-06 22:03:36", "elapsed": 1728.257675, "delta": 45.673034}}
{"target": 3.875367126719527, "params": {"h": 19.0, "p": 785.0, "r": 44.0}, "datetime": {"datetime": "2024-06-06 22:04:18", "elapsed": 1770.53519, "delta": 42.277515}}
{"target": 0.9052675829895996, "params": {"h": 30.0, "p": 231.0, "r": 21.0}, "datetime": {"datetime": "2024-06-06 22:04:46", "elapsed": 1798.480436, "delta": 27.945246}}
{"target": 2.060710882421717, "params": {"h": 47.0, "p": 650.0, "r": 98.0}, "datetime": {"datetime": "2024-06-06 22:05:14", "elapsed": 1826.413803, "delta": 27.933367}}
{"target": 1.2330875870928744, "params": {"h": 39.0, "p": 838.0, "r": 77.0}, "datetime": {"datetime": "2024-06-06 22:05:55", "elapsed": 1866.804945, "delta": 40.391142}}
{"target": 2.321307204853141, "params": {"h": 26.0, "p": 610.0, "r": 74.0}, "datetime": {"datetime": "2024-06-06 22:06:21", "elapsed": 1892.847344, "delta": 26.042399}}
{"target": 1.7524098033678754, "params": {"h": 33.0, "p": 946.0, "r": 60.0}, "datetime": {"datetime": "2024-06-06 22:07:16", "elapsed": 1948.031192, "delta": 55.183848}}
{"target": 5.723422039336483, "params": {"h": 47.0, "p": 672.0, "r": 56.0}, "datetime": {"datetime": "2024-06-06 22:07:50", "elapsed": 1981.99003, "delta": 33.958838}}
{"target": 10.284483019307906, "params": {"h": 39.0, "p": 513.0, "r": 145.0}, "datetime": {"datetime": "2024-06-06 22:08:07", "elapsed": 1999.512779, "delta": 17.522749}}
{"target": 22.375267485783354, "params": {"h": 29.0, "p": 263.0, "r": 85.0}, "datetime": {"datetime": "2024-06-06 22:08:20", "elapsed": 2011.680611, "delta": 12.167832}}
{"target": 0.25907397294477463, "params": {"h": 44.0, "p": 930.0, "r": 30.0}, "datetime": {"datetime": "2024-06-06 22:09:25", "elapsed": 2077.525385, "delta": 65.844774}}
{"target": 1.391741763580128, "params": {"h": 16.0, "p": 720.0, "r": 118.0}, "datetime": {"datetime": "2024-06-06 22:10:08", "elapsed": 2120.189794, "delta": 42.664409}}
{"target": 0.8911324143449009, "params": {"h": 55.0, "p": 987.0, "r": 108.0}, "datetime": {"datetime": "2024-06-06 22:11:02", "elapsed": 2173.610901, "delta": 53.421107}}
{"target": 1.1860925133726663, "params": {"h": 45.0, "p": 864.0, "r": 134.0}, "datetime": {"datetime": "2024-06-06 22:11:42", "elapsed": 2213.744633, "delta": 40.133732}}
{"target": 0.12031460481605355, "params": {"h": 53.0, "p": 895.0, "r": 25.0}, "datetime": {"datetime": "2024-06-06 22:12:51", "elapsed": 2283.358672, "delta": 69.614039}}
{"target": 1.0321248696905954, "params": {"h": 54.0, "p": 974.0, "r": 84.0}, "datetime": {"datetime": "2024-06-06 22:13:51", "elapsed": 2343.30012, "delta": 59.941448}}
{"target": 2.4134982325721968, "params": {"h": 35.0, "p": 997.0, "r": 54.0}, "datetime": {"datetime": "2024-06-06 22:15:01", "elapsed": 2412.665384, "delta": 69.365264}}
{"target": 0.13980775112805335, "params": {"h": 50.0, "p": 639.0, "r": 22.0}, "datetime": {"datetime": "2024-06-06 22:15:54", "elapsed": 2465.793822, "delta": 53.128438}}
{"target": 20.224314249265703, "params": {"h": 59.0, "p": 322.0, "r": 123.0}, "datetime": {"datetime": "2024-06-06 22:16:06", "elapsed": 2478.145977, "delta": 12.352155}}
{"target": 1.6560576595234247, "params": {"h": 41.0, "p": 810.0, "r": 69.0}, "datetime": {"datetime": "2024-06-06 22:16:48", "elapsed": 2520.258946, "delta": 42.112969}}
{"target": 4.997459339873229, "params": {"h": 45.0, "p": 388.0, "r": 113.0}, "datetime": {"datetime": "2024-06-06 22:17:03", "elapsed": 2534.829055, "delta": 14.570109}}
{"target": 0.8113903284237167, "params": {"h": 34.0, "p": 980.0, "r": 109.0}, "datetime": {"datetime": "2024-06-06 22:17:53", "elapsed": 2584.724301, "delta": 49.895246}}
{"target": 0.19171355257283157, "params": {"h": 58.0, "p": 393.0, "r": 18.0}, "datetime": {"datetime": "2024-06-06 22:18:46", "elapsed": 2637.913034, "delta": 53.188733}}
{"target": 5.282540374883389, "params": {"h": 42.0, "p": 403.0, "r": 71.0}, "datetime": {"datetime": "2024-06-06 22:19:07", "elapsed": 2658.592705, "delta": 20.679671}}
{"target": 7.591130720440009, "params": {"h": 30.0, "p": 509.0, "r": 51.0}, "datetime": {"datetime": "2024-06-06 22:19:34", "elapsed": 2686.062854, "delta": 27.470149}}
{"target": 1.6215590474548882, "params": {"h": 29.0, "p": 729.0, "r": 81.0}, "datetime": {"datetime": "2024-06-06 22:20:08", "elapsed": 2720.102964, "delta": 34.04011}}
{"target": 0.0, "params": {"h": 59.0, "p": 117.0, "r": 52.0}, "datetime": {"datetime": "2024-06-06 22:20:08", "elapsed": 2720.102964, "delta": 0.0}}
{"target": 2.293978754513314, "params": {"h": 54.0, "p": 616.0, "r": 93.0}, "datetime": {"datetime": "2024-06-06 22:20:36", "elapsed": 2747.576052, "delta": 27.473088}}
{"target": 0.5857728813277638, "params": {"h": 37.0, "p": 210.0, "r": 18.0}, "datetime": {"datetime": "2024-06-06 22:21:12", "elapsed": 2784.040351, "delta": 36.464299}}
{"target": 1.0916574606074045, "params": {"h": 33.0, "p": 794.0, "r": 95.0}, "datetime": {"datetime": "2024-06-06 22:21:51", "elapsed": 2822.833547, "delta": 38.793196}}
{"target": 0.8121717418639232, "params": {"h": 34.0, "p": 145.0, "r": 16.0}, "datetime": {"datetime": "2024-06-06 22:22:24", "elapsed": 2855.796535, "delta": 32.962988}}
{"target": 0.0, "params": {"h": 23.0, "p": 185.0, "r": 74.0}, "datetime": {"datetime": "2024-06-06 22:22:24", "elapsed": 2855.796535, "delta": 0.0}}
{"target": 0.0, "params": {"h": 56.0, "p": 270.0, "r": 139.0}, "datetime": {"datetime": "2024-06-06 22:22:24", "elapsed": 2855.796535, "delta": 0.0}}
{"target": 0.0, "params": {"h": 43.0, "p": 150.0, "r": 108.0}, "datetime": {"datetime": "2024-06-06 22:22:24", "elapsed": 2855.796535, "delta": 0.0}}
{"target": 1.080747045212883, "params": {"h": 17.0, "p": 994.0, "r": 145.0}, "datetime": {"datetime": "2024-06-06 22:23:32", "elapsed": 2923.840976, "delta": 68.044441}}
{"target": 0.0, "params": {"h": 56.0, "p": 300.0, "r": 147.0}, "datetime": {"datetime": "2024-06-06 22:23:32", "elapsed": 2923.840976, "delta": 0.0}}
{"target": 2.423324225982968, "params": {"h": 58.0, "p": 618.0, "r": 89.0}, "datetime": {"datetime": "2024-06-06 22:24:00", "elapsed": 2952.001463, "delta": 28.160487}}
{"target": 0.037819737224944625, "params": {"h": 60.0, "p": 960.0, "r": 19.0}, "datetime": {"datetime": "2024-06-06 22:25:35", "elapsed": 3046.811598, "delta": 94.810135}}
{"target": 4.156967588312197, "params": {"h": 18.0, "p": 484.0, "r": 105.0}, "datetime": {"datetime": "2024-06-06 22:25:56", "elapsed": 3067.702733, "delta": 20.891135}}
{"target": 1.4933453965833132, "params": {"h": 20.0, "p": 726.0, "r": 65.0}, "datetime": {"datetime": "2024-06-06 22:26:30", "elapsed": 3102.56621, "delta": 34.863477}}
{"target": 44.99555291982736, "params": {"h": 48.0, "p": 269.0, "r": 69.0}, "datetime": {"datetime": "2024-06-06 22:26:46", "elapsed": 3117.992738, "delta": 15.426528}}
{"target": 17.083809734878212, "params": {"h": 30.0, "p": 325.0, "r": 137.0}, "datetime": {"datetime": "2024-06-06 22:26:57", "elapsed": 3129.376222, "delta": 11.383484}}
{"target": 0.1923335101540681, "params": {"h": 43.0, "p": 909.0, "r": 28.0}, "datetime": {"datetime": "2024-06-06 22:28:02", "elapsed": 3194.31246, "delta": 64.936238}}
{"target": 7.2023719628775655, "params": {"h": 36.0, "p": 626.0, "r": 47.0}, "datetime": {"datetime": "2024-06-06 22:28:37", "elapsed": 3229.525487, "delta": 35.213027}}
{"target": 0.0, "params": {"h": 49.0, "p": 202.0, "r": 87.0}, "datetime": {"datetime": "2024-06-06 22:28:37", "elapsed": 3229.527489, "delta": 0.002002}}
{"target": 1.5012423351951831, "params": {"h": 16.0, "p": 698.0, "r": 117.0}, "datetime": {"datetime": "2024-06-06 22:29:18", "elapsed": 3270.517881, "delta": 40.990392}}
{"target": 1.7649377936884099, "params": {"h": 50.0, "p": 803.0, "r": 70.0}, "datetime": {"datetime": "2024-06-06 22:30:00", "elapsed": 3311.995927, "delta": 41.478046}}
{"target": 5.244939766604406, "params": {"h": 57.0, "p": 574.0, "r": 147.0}, "datetime": {"datetime": "2024-06-06 22:30:20", "elapsed": 3331.691858, "delta": 19.695931}}
{"target": 24.301467965370303, "params": {"h": 53.0, "p": 355.0, "r": 128.0}, "datetime": {"datetime": "2024-06-06 22:30:33", "elapsed": 3344.586909, "delta": 12.895051}}
{"target": 9.639730481438605, "params": {"h": 23.0, "p": 578.0, "r": 39.0}, "datetime": {"datetime": "2024-06-06 22:31:04", "elapsed": 3376.542879, "delta": 31.95597}}
{"target": 2.0402400434925476, "params": {"h": 55.0, "p": 714.0, "r": 127.0}, "datetime": {"datetime": "2024-06-06 22:31:33", "elapsed": 3405.48373, "delta": 28.940851}}
{"target": 0.0, "params": {"h": 44.0, "p": 104.0, "r": 143.0}, "datetime": {"datetime": "2024-06-06 22:31:33", "elapsed": 3405.499356, "delta": 0.015626}}
{"target": 0.0, "params": {"h": 36.0, "p": 194.0, "r": 80.0}, "datetime": {"datetime": "2024-06-06 22:31:33", "elapsed": 3405.500602, "delta": 0.001246}}
{"target": 0.0, "params": {"h": 36.0, "p": 244.0, "r": 135.0}, "datetime": {"datetime": "2024-06-06 22:31:33", "elapsed": 3405.501619, "delta": 0.001017}}
{"target": 1.250539240973622, "params": {"h": 48.0, "p": 666.0, "r": 36.0}, "datetime": {"datetime": "2024-06-06 22:32:18", "elapsed": 3449.924312, "delta": 44.422693}}
{"target": 1.8785693093197398, "params": {"h": 50.0, "p": 719.0, "r": 87.0}, "datetime": {"datetime": "2024-06-06 22:32:53", "elapsed": 3485.211608, "delta": 35.287296}}
{"target": 14.432829247117605, "params": {"h": 52.0, "p": 397.0, "r": 144.0}, "datetime": {"datetime": "2024-06-06 22:33:06", "elapsed": 3498.29257, "delta": 13.080962}}
{"target": 1.2959286492305833, "params": {"h": 50.0, "p": 791.0, "r": 98.0}, "datetime": {"datetime": "2024-06-06 22:33:45", "elapsed": 3537.120045, "delta": 38.827475}}
{"target": 0.9490847754811985, "params": {"h": 29.0, "p": 853.0, "r": 109.0}, "datetime": {"datetime": "2024-06-06 22:34:26", "elapsed": 3578.204319, "delta": 41.084274}}
{"target": 0.0, "params": {"h": 30.0, "p": 127.0, "r": 114.0}, "datetime": {"datetime": "2024-06-06 22:34:26", "elapsed": 3578.204319, "delta": 0.0}}
{"target": 0.0, "params": {"h": 57.0, "p": 103.0, "r": 143.0}, "datetime": {"datetime": "2024-06-06 22:34:26", "elapsed": 3578.204319, "delta": 0.0}}
{"target": 1.987225452176464, "params": {"h": 45.0, "p": 661.0, "r": 116.0}, "datetime": {"datetime": "2024-06-06 22:34:54", "elapsed": 3606.532898, "delta": 28.328579}}
{"target": 7.470722667541488, "params": {"h": 21.0, "p": 801.0, "r": 39.0}, "datetime": {"datetime": "2024-06-06 22:35:40", "elapsed": 3651.658717, "delta": 45.125819}}
{"target": 0.9337303531525657, "params": {"h": 36.0, "p": 890.0, "r": 94.0}, "datetime": {"datetime": "2024-06-06 22:36:24", "elapsed": 3695.675962, "delta": 44.017245}}
{"target": 13.844551432580747, "params": {"h": 38.0, "p": 189.0, "r": 37.0}, "datetime": {"datetime": "2024-06-06 22:36:43", "elapsed": 3715.448854, "delta": 19.772892}}
{"target": 24.730873875329443, "params": {"h": 43.0, "p": 278.0, "r": 89.0}, "datetime": {"datetime": "2024-06-06 22:36:57", "elapsed": 3729.036781, "delta": 13.587927}}
