{"target": 0.05974467977873029, "params": {"h": 31.0, "p": 916.0, "r": 21.0}, "datetime": {"datetime": "2024-05-31 16:51:40", "elapsed": 0.0, "delta": 0.0}}
{"target": 24.071176830545223, "params": {"h": 57.0, "p": 273.0, "r": 97.0}, "datetime": {"datetime": "2024-05-31 16:51:55", "elapsed": 15.088168, "delta": 15.088168}}
{"target": 6.692659145458617, "params": {"h": 47.0, "p": 475.0, "r": 42.0}, "datetime": {"datetime": "2024-05-31 16:52:31", "elapsed": 50.692459, "delta": 35.604291}}
{"target": 3.58469223266161, "params": {"h": 36.0, "p": 453.0, "r": 83.0}, "datetime": {"datetime": "2024-05-31 16:52:53", "elapsed": 72.198598, "delta": 21.506139}}
{"target": 0.0, "params": {"h": 46.0, "p": 161.0, "r": 101.0}, "datetime": {"datetime": "2024-05-31 16:52:53", "elapsed": 72.198598, "delta": 0.0}}
{"target": 1.9732834433666884, "params": {"h": 21.0, "p": 666.0, "r": 119.0}, "datetime": {"datetime": "2024-05-31 16:53:27", "elapsed": 106.271267, "delta": 34.072669}}
{"target": 2.828730002765496, "params": {"h": 28.0, "p": 606.0, "r": 133.0}, "datetime": {"datetime": "2024-05-31 16:53:50", "elapsed": 129.649823, "delta": 23.378556}}
{"target": 2.051564226607334, "params": {"h": 21.0, "p": 814.0, "r": 51.0}, "datetime": {"datetime": "2024-05-31 16:54:36", "elapsed": 175.724798, "delta": 46.074975}}
{"target": 6.676323380026777, "params": {"h": 53.0, "p": 527.0, "r": 48.0}, "datetime": {"datetime": "2024-05-31 16:55:09", "elapsed": 208.634914, "delta": 32.910116}}
{"target": 5.588950859646633, "params": {"h": 42.0, "p": 418.0, "r": 38.0}, "datetime": {"datetime": "2024-05-31 16:55:41", "elapsed": 240.495238, "delta": 31.860324}}
{"target": 4.134925800092871, "params": {"h": 36.0, "p": 473.0, "r": 121.0}, "datetime": {"datetime": "2024-05-31 16:55:59", "elapsed": 258.431494, "delta": 17.936256}}
{"target": 1.8667092477465304, "params": {"h": 52.0, "p": 743.0, "r": 86.0}, "datetime": {"datetime": "2024-05-31 16:56:36", "elapsed": 295.588848, "delta": 37.157354}}
{"target": 1.9751059343928625, "params": {"h": 38.0, "p": 655.0, "r": 115.0}, "datetime": {"datetime": "2024-05-31 16:57:01", "elapsed": 320.816185, "delta": 25.227337}}
{"target": 1.1894402564782023, "params": {"h": 25.0, "p": 800.0, "r": 122.0}, "datetime": {"datetime": "2024-05-31 16:57:42", "elapsed": 361.684499, "delta": 40.868314}}
{"target": 28.476578039007887, "params": {"h": 40.0, "p": 297.0, "r": 43.0}, "datetime": {"datetime": "2024-05-31 16:58:07", "elapsed": 386.23788, "delta": 24.553381}}
{"target": 5.1330697172244415, "params": {"h": 20.0, "p": 452.0, "r": 144.0}, "datetime": {"datetime": "2024-05-31 16:58:30", "elapsed": 409.492649, "delta": 23.254769}}
{"target": 0.0, "params": {"h": 58.0, "p": 327.0, "r": 143.0}, "datetime": {"datetime": "2024-05-31 16:58:30", "elapsed": 409.49365, "delta": 0.001001}}
{"target": 5.668054620716437, "params": {"h": 15.0, "p": 982.0, "r": 32.0}, "datetime": {"datetime": "2024-05-31 16:59:34", "elapsed": 473.849907, "delta": 64.356257}}
{"target": 8.242458466017972, "params": {"h": 19.0, "p": 243.0, "r": 29.0}, "datetime": {"datetime": "2024-05-31 16:59:54", "elapsed": 494.095496, "delta": 20.245589}}
{"target": 0.0, "params": {"h": 27.0, "p": 218.0, "r": 112.0}, "datetime": {"datetime": "2024-05-31 16:59:54", "elapsed": 494.095496, "delta": 0.0}}
{"target": 3.7724640349442713, "params": {"h": 45.0, "p": 621.0, "r": 144.0}, "datetime": {"datetime": "2024-05-31 17:00:19", "elapsed": 518.446576, "delta": 24.35108}}
{"target": 0.0, "params": {"h": 17.0, "p": 261.0, "r": 109.0}, "datetime": {"datetime": "2024-05-31 17:00:19", "elapsed": 518.447577, "delta": 0.001001}}
{"target": 13.01308294820391, "params": {"h": 18.0, "p": 334.0, "r": 104.0}, "datetime": {"datetime": "2024-05-31 17:00:37", "elapsed": 536.339384, "delta": 17.891807}}
{"target": 0.9391287805220012, "params": {"h": 52.0, "p": 976.0, "r": 91.0}, "datetime": {"datetime": "2024-05-31 17:01:31", "elapsed": 590.299062, "delta": 53.959678}}
{"target": 1.290673557963396, "params": {"h": 16.0, "p": 838.0, "r": 138.0}, "datetime": {"datetime": "2024-05-31 17:02:22", "elapsed": 641.834033, "delta": 51.534971}}
{"target": 13.67028239739443, "params": {"h": 22.0, "p": 375.0, "r": 34.0}, "datetime": {"datetime": "2024-05-31 17:02:48", "elapsed": 667.309338, "delta": 25.475305}}
{"target": 1.9881468724696525, "params": {"h": 57.0, "p": 876.0, "r": 63.0}, "datetime": {"datetime": "2024-05-31 17:03:39", "elapsed": 718.338765, "delta": 51.029427}}
{"target": 3.3475919933046305, "params": {"h": 26.0, "p": 490.0, "r": 71.0}, "datetime": {"datetime": "2024-05-31 17:04:00", "elapsed": 739.512026, "delta": 21.173261}}
{"target": 1.8870884979208045, "params": {"h": 57.0, "p": 717.0, "r": 92.0}, "datetime": {"datetime": "2024-05-31 17:04:37", "elapsed": 776.521887, "delta": 37.009861}}
{"target": 3.765890715413522, "params": {"h": 15.0, "p": 344.0, "r": 73.0}, "datetime": {"datetime": "2024-05-31 17:04:54", "elapsed": 794.028324, "delta": 17.506437}}
{"target": 6.285652413467773, "params": {"h": 43.0, "p": 705.0, "r": 47.0}, "datetime": {"datetime": "2024-05-31 17:05:36", "elapsed": 835.903149, "delta": 41.874825}}
{"target": 24.947104747337512, "params": {"h": 57.0, "p": 172.0, "r": 59.0}, "datetime": {"datetime": "2024-05-31 17:05:51", "elapsed": 850.821998, "delta": 14.918849}}
{"target": 0.0, "params": {"h": 55.0, "p": 262.0, "r": 126.0}, "datetime": {"datetime": "2024-05-31 17:05:51", "elapsed": 850.822999, "delta": 0.001001}}
{"target": 5.1398866459005434, "params": {"h": 44.0, "p": 584.0, "r": 58.0}, "datetime": {"datetime": "2024-05-31 17:06:24", "elapsed": 883.29085, "delta": 32.467851}}
{"target": 10.318556946609664, "params": {"h": 22.0, "p": 323.0, "r": 66.0}, "datetime": {"datetime": "2024-05-31 17:06:40", "elapsed": 899.409683, "delta": 16.118833}}
{"target": 0.0, "params": {"h": 17.0, "p": 138.0, "r": 112.0}, "datetime": {"datetime": "2024-05-31 17:06:40", "elapsed": 899.409683, "delta": 0.0}}
{"target": 0.0, "params": {"h": 39.0, "p": 123.0, "r": 108.0}, "datetime": {"datetime": "2024-05-31 17:06:40", "elapsed": 899.409683, "delta": 0.0}}
{"target": 0.04520176956493253, "params": {"h": 37.0, "p": 702.0, "r": 17.0}, "datetime": {"datetime": "2024-05-31 17:07:42", "elapsed": 961.215408, "delta": 61.805725}}
{"target": 1.8001561026929955, "params": {"h": 56.0, "p": 678.0, "r": 39.0}, "datetime": {"datetime": "2024-05-31 17:08:26", "elapsed": 1006.159235, "delta": 44.943827}}
{"target": 0.32130810433593765, "params": {"h": 51.0, "p": 641.0, "r": 27.0}, "datetime": {"datetime": "2024-05-31 17:09:22", "elapsed": 1061.637159, "delta": 55.477924}}
{"target": 1.3489547722162374, "params": {"h": 42.0, "p": 700.0, "r": 36.0}, "datetime": {"datetime": "2024-05-31 17:10:09", "elapsed": 1108.740204, "delta": 47.103045}}
{"target": 0.7584702970318632, "params": {"h": 19.0, "p": 927.0, "r": 70.0}, "datetime": {"datetime": "2024-05-31 17:11:00", "elapsed": 1159.564373, "delta": 50.824169}}
{"target": 3.918154299022232, "params": {"h": 23.0, "p": 373.0, "r": 102.0}, "datetime": {"datetime": "2024-05-31 17:11:16", "elapsed": 1175.406125, "delta": 15.841752}}
{"target": 20.27487219314121, "params": {"h": 53.0, "p": 317.0, "r": 96.0}, "datetime": {"datetime": "2024-05-31 17:11:30", "elapsed": 1189.806692, "delta": 14.400567}}
{"target": 2.214366094520439, "params": {"h": 21.0, "p": 987.0, "r": 48.0}, "datetime": {"datetime": "2024-05-31 17:12:32", "elapsed": 1251.31615, "delta": 61.509458}}
{"target": 1.1880916085261126, "params": {"h": 31.0, "p": 918.0, "r": 149.0}, "datetime": {"datetime": "2024-05-31 17:13:18", "elapsed": 1297.895759, "delta": 46.579609}}
{"target": 3.5032354664234013, "params": {"h": 49.0, "p": 664.0, "r": 43.0}, "datetime": {"datetime": "2024-05-31 17:13:59", "elapsed": 1339.06038, "delta": 41.164621}}
{"target": 2.2071215677595837, "params": {"h": 21.0, "p": 615.0, "r": 124.0}, "datetime": {"datetime": "2024-05-31 17:14:28", "elapsed": 1367.348576, "delta": 28.288196}}
{"target": 5.191742656006574, "params": {"h": 59.0, "p": 687.0, "r": 58.0}, "datetime": {"datetime": "2024-05-31 17:15:10", "elapsed": 1409.230076, "delta": 41.8815}}
{"target": 8.923910488241251, "params": {"h": 38.0, "p": 347.0, "r": 112.0}, "datetime": {"datetime": "2024-05-31 17:15:23", "elapsed": 1422.813915, "delta": 13.583839}}
{"target": 9.094266826367287, "params": {"h": 30.0, "p": 502.0, "r": 128.0}, "datetime": {"datetime": "2024-05-31 17:15:42", "elapsed": 1441.61444, "delta": 18.800525}}
{"target": 63.993562543742605, "params": {"h": 40.0, "p": 268.0, "r": 50.0}, "datetime": {"datetime": "2024-05-31 17:15:59", "elapsed": 1459.163534, "delta": 17.549094}}
{"target": 3.4977340871449214, "params": {"h": 43.0, "p": 485.0, "r": 84.0}, "datetime": {"datetime": "2024-05-31 17:16:22", "elapsed": 1481.222558, "delta": 22.059024}}
{"target": 20.954366469934737, "params": {"h": 59.0, "p": 304.0, "r": 116.0}, "datetime": {"datetime": "2024-05-31 17:16:33", "elapsed": 1493.028966, "delta": 11.806408}}
{"target": 4.726363020866929, "params": {"h": 55.0, "p": 410.0, "r": 106.0}, "datetime": {"datetime": "2024-05-31 17:16:50", "elapsed": 1509.205972, "delta": 16.177006}}
{"target": 6.4511425928826025, "params": {"h": 21.0, "p": 441.0, "r": 33.0}, "datetime": {"datetime": "2024-05-31 17:17:17", "elapsed": 1536.728309, "delta": 27.522337}}
{"target": 4.145976769115884, "params": {"h": 32.0, "p": 105.0, "r": 21.0}, "datetime": {"datetime": "2024-05-31 17:17:40", "elapsed": 1559.629474, "delta": 22.901165}}
{"target": 0.0, "params": {"h": 51.0, "p": 146.0, "r": 127.0}, "datetime": {"datetime": "2024-05-31 17:17:40", "elapsed": 1559.629474, "delta": 0.0}}
{"target": 4.156043709904908, "params": {"h": 54.0, "p": 425.0, "r": 93.0}, "datetime": {"datetime": "2024-05-31 17:17:59", "elapsed": 1578.334824, "delta": 18.70535}}
{"target": 29.29243628631715, "params": {"h": 60.0, "p": 338.0, "r": 68.0}, "datetime": {"datetime": "2024-05-31 17:18:19", "elapsed": 1598.669215, "delta": 20.334391}}
{"target": 2.882746481787731, "params": {"h": 16.0, "p": 535.0, "r": 133.0}, "datetime": {"datetime": "2024-05-31 17:18:54", "elapsed": 1633.532979, "delta": 34.863764}}
{"target": 3.4148321982119962, "params": {"h": 59.0, "p": 778.0, "r": 62.0}, "datetime": {"datetime": "2024-05-31 17:19:36", "elapsed": 1676.113907, "delta": 42.580928}}
{"target": 3.137399481364941, "params": {"h": 17.0, "p": 946.0, "r": 41.0}, "datetime": {"datetime": "2024-05-31 17:20:35", "elapsed": 1734.366842, "delta": 58.252935}}
{"target": 2.4595323188740537, "params": {"h": 35.0, "p": 564.0, "r": 117.0}, "datetime": {"datetime": "2024-05-31 17:20:58", "elapsed": 1757.295878, "delta": 22.929036}}
{"target": 2.3099477632128482, "params": {"h": 56.0, "p": 784.0, "r": 141.0}, "datetime": {"datetime": "2024-05-31 17:21:33", "elapsed": 1792.622676, "delta": 35.326798}}
{"target": 0.0, "params": {"h": 36.0, "p": 190.0, "r": 78.0}, "datetime": {"datetime": "2024-05-31 17:21:33", "elapsed": 1792.622676, "delta": 0.0}}
{"target": 1.1686662240180798, "params": {"h": 44.0, "p": 386.0, "r": 28.0}, "datetime": {"datetime": "2024-05-31 17:22:08", "elapsed": 1827.586239, "delta": 34.963563}}
{"target": 2.2230731960519154, "params": {"h": 41.0, "p": 638.0, "r": 126.0}, "datetime": {"datetime": "2024-05-31 17:22:32", "elapsed": 1851.699171, "delta": 24.112932}}
{"target": 0.8125628482708933, "params": {"h": 23.0, "p": 886.0, "r": 93.0}, "datetime": {"datetime": "2024-05-31 17:23:20", "elapsed": 1900.151321, "delta": 48.45215}}
{"target": 0.0, "params": {"h": 29.0, "p": 221.0, "r": 125.0}, "datetime": {"datetime": "2024-05-31 17:23:20", "elapsed": 1900.151321, "delta": 0.0}}
{"target": 0.0, "params": {"h": 37.0, "p": 192.0, "r": 109.0}, "datetime": {"datetime": "2024-05-31 17:23:20", "elapsed": 1900.151321, "delta": 0.0}}
{"target": 0.8113688992479897, "params": {"h": 18.0, "p": 805.0, "r": 76.0}, "datetime": {"datetime": "2024-05-31 17:24:03", "elapsed": 1942.720917, "delta": 42.569596}}
{"target": 9.508318778468945, "params": {"h": 19.0, "p": 368.0, "r": 149.0}, "datetime": {"datetime": "2024-05-31 17:24:23", "elapsed": 1963.044412, "delta": 20.323495}}
{"target": 6.7818154753934845, "params": {"h": 55.0, "p": 356.0, "r": 87.0}, "datetime": {"datetime": "2024-05-31 17:24:41", "elapsed": 1980.586516, "delta": 17.542104}}
{"target": 1.7756125658435502, "params": {"h": 48.0, "p": 424.0, "r": 32.0}, "datetime": {"datetime": "2024-05-31 17:25:15", "elapsed": 2014.848609, "delta": 34.262093}}
{"target": 1.1346852356072485, "params": {"h": 56.0, "p": 980.0, "r": 140.0}, "datetime": {"datetime": "2024-05-31 17:26:07", "elapsed": 2066.74768, "delta": 51.899071}}
{"target": 3.0091242123602773, "params": {"h": 27.0, "p": 747.0, "r": 57.0}, "datetime": {"datetime": "2024-05-31 17:26:46", "elapsed": 2105.327439, "delta": 38.579759}}
{"target": 19.914246751325752, "params": {"h": 59.0, "p": 163.0, "r": 44.0}, "datetime": {"datetime": "2024-05-31 17:27:06", "elapsed": 2125.368077, "delta": 20.040638}}
{"target": 4.202924214082122, "params": {"h": 46.0, "p": 433.0, "r": 80.0}, "datetime": {"datetime": "2024-05-31 17:27:24", "elapsed": 2143.937902, "delta": 18.569825}}
{"target": 13.290687171670582, "params": {"h": 18.0, "p": 429.0, "r": 33.0}, "datetime": {"datetime": "2024-05-31 17:27:51", "elapsed": 2170.365219, "delta": 26.427317}}
{"target": 0.9201563574431135, "params": {"h": 35.0, "p": 932.0, "r": 123.0}, "datetime": {"datetime": "2024-05-31 17:28:40", "elapsed": 2219.221433, "delta": 48.856214}}
{"target": 2.1468595004392803, "params": {"h": 47.0, "p": 849.0, "r": 61.0}, "datetime": {"datetime": "2024-05-31 17:29:25", "elapsed": 2264.958508, "delta": 45.737075}}
{"target": 0.7744269800454532, "params": {"h": 31.0, "p": 990.0, "r": 100.0}, "datetime": {"datetime": "2024-05-31 17:30:20", "elapsed": 2319.507093, "delta": 54.548585}}
{"target": 2.6303522722080417, "params": {"h": 25.0, "p": 592.0, "r": 131.0}, "datetime": {"datetime": "2024-05-31 17:30:43", "elapsed": 2342.391041, "delta": 22.883948}}
{"target": 0.9586093899951152, "params": {"h": 58.0, "p": 954.0, "r": 105.0}, "datetime": {"datetime": "2024-05-31 17:31:37", "elapsed": 2396.279245, "delta": 53.888204}}
{"target": 5.734059542591198, "params": {"h": 39.0, "p": 622.0, "r": 45.0}, "datetime": {"datetime": "2024-05-31 17:32:13", "elapsed": 2432.49456, "delta": 36.215315}}
{"target": 1.231374649867496, "params": {"h": 56.0, "p": 821.0, "r": 98.0}, "datetime": {"datetime": "2024-05-31 17:32:57", "elapsed": 2477.061213, "delta": 44.566653}}
{"target": 0.0, "params": {"h": 24.0, "p": 148.0, "r": 89.0}, "datetime": {"datetime": "2024-05-31 17:32:57", "elapsed": 2477.061213, "delta": 0.0}}
{"target": 4.018487976754345, "params": {"h": 48.0, "p": 494.0, "r": 119.0}, "datetime": {"datetime": "2024-05-31 17:33:16", "elapsed": 2495.228555, "delta": 18.167342}}
{"target": 4.8971368391228625, "params": {"h": 55.0, "p": 397.0, "r": 89.0}, "datetime": {"datetime": "2024-05-31 17:33:35", "elapsed": 2514.762702, "delta": 19.534147}}
{"target": 3.2277638176188224, "params": {"h": 38.0, "p": 597.0, "r": 69.0}, "datetime": {"datetime": "2024-05-31 17:34:04", "elapsed": 2544.100293, "delta": 29.337591}}
{"target": 25.379123128949846, "params": {"h": 32.0, "p": 237.0, "r": 84.0}, "datetime": {"datetime": "2024-05-31 17:34:16", "elapsed": 2555.633033, "delta": 11.53274}}
{"target": 2.8655139916077808, "params": {"h": 39.0, "p": 901.0, "r": 53.0}, "datetime": {"datetime": "2024-05-31 17:35:12", "elapsed": 2611.515165, "delta": 55.882132}}
{"target": 3.72842845509134, "params": {"h": 47.0, "p": 465.0, "r": 113.0}, "datetime": {"datetime": "2024-05-31 17:35:30", "elapsed": 2630.14568, "delta": 18.630515}}
{"target": 3.874224276156142, "params": {"h": 48.0, "p": 811.0, "r": 50.0}, "datetime": {"datetime": "2024-05-31 17:36:21", "elapsed": 2681.014853, "delta": 50.869173}}
{"target": 1.927072406291926, "params": {"h": 28.0, "p": 758.0, "r": 145.0}, "datetime": {"datetime": "2024-05-31 17:36:57", "elapsed": 2716.32454, "delta": 35.309687}}
{"target": 2.849256497838103, "params": {"h": 26.0, "p": 488.0, "r": 98.0}, "datetime": {"datetime": "2024-05-31 17:37:18", "elapsed": 2737.362679, "delta": 21.038139}}
{"target": 1.2839812487621227, "params": {"h": 42.0, "p": 833.0, "r": 77.0}, "datetime": {"datetime": "2024-05-31 17:38:03", "elapsed": 2783.098403, "delta": 45.735724}}
{"target": 7.409056725194514, "params": {"h": 34.0, "p": 505.0, "r": 52.0}, "datetime": {"datetime": "2024-05-31 17:38:33", "elapsed": 2812.700196, "delta": 29.601793}}
{"target": 3.0456252331639253, "params": {"h": 41.0, "p": 861.0, "r": 45.0}, "datetime": {"datetime": "2024-05-31 17:39:29", "elapsed": 2868.924468, "delta": 56.224272}}
{"target": 1.8726582298557224, "params": {"h": 19.0, "p": 555.0, "r": 82.0}, "datetime": {"datetime": "2024-05-31 17:39:53", "elapsed": 2892.27717, "delta": 23.352702}}
{"target": 3.082334862079578, "params": {"h": 22.0, "p": 858.0, "r": 47.0}, "datetime": {"datetime": "2024-05-31 17:40:42", "elapsed": 2942.170403, "delta": 49.893233}}
{"target": 25.355785654286027, "params": {"h": 55.0, "p": 245.0, "r": 87.0}, "datetime": {"datetime": "2024-05-31 17:40:55", "elapsed": 2954.959183, "delta": 12.78878}}
{"target": 2.34057939983869, "params": {"h": 28.0, "p": 740.0, "r": 123.0}, "datetime": {"datetime": "2024-05-31 17:41:29", "elapsed": 2988.998257, "delta": 34.039074}}
{"target": 5.809965963207645, "params": {"h": 28.0, "p": 520.0, "r": 54.0}, "datetime": {"datetime": "2024-05-31 17:41:56", "elapsed": 3015.264613, "delta": 26.266356}}
{"target": 0.8410827951988648, "params": {"h": 37.0, "p": 961.0, "r": 102.0}, "datetime": {"datetime": "2024-05-31 17:42:52", "elapsed": 3071.9195, "delta": 56.654887}}
{"target": 1.0399869433584186, "params": {"h": 16.0, "p": 720.0, "r": 72.0}, "datetime": {"datetime": "2024-05-31 17:43:29", "elapsed": 3109.085441, "delta": 37.165941}}
{"target": 12.849738196501614, "params": {"h": 42.0, "p": 442.0, "r": 147.0}, "datetime": {"datetime": "2024-05-31 17:43:45", "elapsed": 3124.674097, "delta": 15.588656}}
{"target": 4.3086459055475705, "params": {"h": 53.0, "p": 416.0, "r": 94.0}, "datetime": {"datetime": "2024-05-31 17:44:04", "elapsed": 3143.254435, "delta": 18.580338}}
{"target": 8.514030121613162, "params": {"h": 25.0, "p": 207.0, "r": 31.0}, "datetime": {"datetime": "2024-05-31 17:44:26", "elapsed": 3165.953168, "delta": 22.698733}}
{"target": 3.596392238957286, "params": {"h": 53.0, "p": 596.0, "r": 68.0}, "datetime": {"datetime": "2024-05-31 17:44:59", "elapsed": 3198.90633, "delta": 32.953162}}
{"target": 1.0930176755100347, "params": {"h": 51.0, "p": 870.0, "r": 124.0}, "datetime": {"datetime": "2024-05-31 17:45:46", "elapsed": 3245.619583, "delta": 46.713253}}
{"target": 2.2592552539362796, "params": {"h": 24.0, "p": 552.0, "r": 106.0}, "datetime": {"datetime": "2024-05-31 17:46:08", "elapsed": 3267.693247, "delta": 22.073664}}
{"target": 1.1074038426155193, "params": {"h": 49.0, "p": 899.0, "r": 134.0}, "datetime": {"datetime": "2024-05-31 17:46:56", "elapsed": 3315.335719, "delta": 47.642472}}
{"target": 1.4140240749210282, "params": {"h": 26.0, "p": 774.0, "r": 73.0}, "datetime": {"datetime": "2024-05-31 17:47:33", "elapsed": 3352.461326, "delta": 37.125607}}
{"target": 15.121997570430102, "params": {"h": 20.0, "p": 517.0, "r": 39.0}, "datetime": {"datetime": "2024-05-31 17:48:01", "elapsed": 3380.588922, "delta": 28.127596}}
{"target": 2.8969150228453744, "params": {"h": 53.0, "p": 608.0, "r": 76.0}, "datetime": {"datetime": "2024-05-31 17:48:31", "elapsed": 3410.283643, "delta": 29.694721}}
{"target": 2.8520826829837382, "params": {"h": 32.0, "p": 350.0, "r": 30.0}, "datetime": {"datetime": "2024-05-31 17:49:01", "elapsed": 3440.210093, "delta": 29.92645}}
{"target": 1.076584814800448, "params": {"h": 41.0, "p": 844.0, "r": 88.0}, "datetime": {"datetime": "2024-05-31 17:49:41", "elapsed": 3480.60238, "delta": 40.392287}}
{"target": 26.607547347631485, "params": {"h": 31.0, "p": 128.0, "r": 38.0}, "datetime": {"datetime": "2024-05-31 17:49:56", "elapsed": 3495.311849, "delta": 14.709469}}
{"target": 0.0, "params": {"h": 28.0, "p": 134.0, "r": 55.0}, "datetime": {"datetime": "2024-05-31 17:49:56", "elapsed": 3495.31285, "delta": 0.001001}}
{"target": 29.304756946713646, "params": {"h": 52.0, "p": 186.0, "r": 57.0}, "datetime": {"datetime": "2024-05-31 17:50:13", "elapsed": 3512.506997, "delta": 17.194147}}
{"target": 0.0, "params": {"h": 17.0, "p": 110.0, "r": 135.0}, "datetime": {"datetime": "2024-05-31 17:50:13", "elapsed": 3512.507996, "delta": 0.000999}}
{"target": 0.35523669481471776, "params": {"h": 24.0, "p": 682.0, "r": 26.0}, "datetime": {"datetime": "2024-05-31 17:51:01", "elapsed": 3560.463256, "delta": 47.95526}}
{"target": 6.840344148967696, "params": {"h": 24.0, "p": 497.0, "r": 51.0}, "datetime": {"datetime": "2024-05-31 17:51:27", "elapsed": 3586.775246, "delta": 26.31199}}
{"target": 28.97178913328669, "params": {"h": 25.0, "p": 201.0, "r": 72.0}, "datetime": {"datetime": "2024-05-31 17:51:39", "elapsed": 3598.410875, "delta": 11.635629}}
{"target": 23.91459186125171, "params": {"h": 30.0, "p": 142.0, "r": 37.0}, "datetime": {"datetime": "2024-05-31 17:51:54", "elapsed": 3613.621653, "delta": 15.210778}}
{"target": 2.499267411416572, "params": {"h": 50.0, "p": 543.0, "r": 107.0}, "datetime": {"datetime": "2024-05-31 17:52:15", "elapsed": 3634.63834, "delta": 21.016687}}
{"target": 1.631692654104934, "params": {"h": 29.0, "p": 907.0, "r": 60.0}, "datetime": {"datetime": "2024-05-31 17:53:03", "elapsed": 3682.748439, "delta": 48.110099}}
{"target": 7.197889039568298, "params": {"h": 31.0, "p": 378.0, "r": 129.0}, "datetime": {"datetime": "2024-05-31 17:53:18", "elapsed": 3697.467831, "delta": 14.719392}}
