{"target": 14.198060494187592, "params": {"h": 15.0, "p": 367.0, "r": 148.0}, "datetime": {"datetime": "2024-06-01 13:07:45", "elapsed": 3909.43309, "delta": 29.926745}}
{"target": 1.7619806371894944, "params": {"h": 21.0, "p": 622.0, "r": 95.0}, "datetime": {"datetime": "2024-06-01 13:08:11", "elapsed": 3935.603529, "delta": 26.170439}}
{"target": 6.169783290668113, "params": {"h": 40.0, "p": 639.0, "r": 54.0}, "datetime": {"datetime": "2024-06-01 13:08:47", "elapsed": 3970.808841, "delta": 35.205312}}
{"target": 4.468059366732122, "params": {"h": 23.0, "p": 360.0, "r": 68.0}, "datetime": {"datetime": "2024-06-01 13:09:04", "elapsed": 3988.039875, "delta": 17.231034}}
{"target": 3.362965723125375, "params": {"h": 37.0, "p": 910.0, "r": 48.0}, "datetime": {"datetime": "2024-06-01 13:10:01", "elapsed": 4045.325886, "delta": 57.286011}}
{"target": 5.268517911695984, "params": {"h": 48.0, "p": 688.0, "r": 58.0}, "datetime": {"datetime": "2024-06-01 13:10:39", "elapsed": 4083.693554, "delta": 38.367668}}
{"target": 1.463912916297737, "params": {"h": 17.0, "p": 642.0, "r": 89.0}, "datetime": {"datetime": "2024-06-01 13:11:09", "elapsed": 4113.375219, "delta": 29.681665}}
{"target": 0.3196926800075388, "params": {"h": 53.0, "p": 777.0, "r": 29.0}, "datetime": {"datetime": "2024-06-01 13:12:12", "elapsed": 4176.111064, "delta": 62.735845}}
{"target": 5.209457293279365, "params": {"h": 36.0, "p": 476.0, "r": 65.0}, "datetime": {"datetime": "2024-06-01 13:12:34", "elapsed": 4198.645466, "delta": 22.534402}}
{"target": 1.0284304649523413, "params": {"h": 33.0, "p": 837.0, "r": 87.0}, "datetime": {"datetime": "2024-06-01 13:13:15", "elapsed": 4239.629078, "delta": 40.983612}}
{"target": 77.3627966612505, "params": {"h": 60.0, "p": 336.0, "r": 57.0}, "datetime": {"datetime": "2024-06-01 13:13:40", "elapsed": 4263.932313, "delta": 24.303235}}
{"target": 0.0, "params": {"h": 58.0, "p": 234.0, "r": 113.0}, "datetime": {"datetime": "2024-06-01 13:13:40", "elapsed": 4263.932313, "delta": 0.0}}
{"target": 8.876010807447381, "params": {"h": 59.0, "p": 439.0, "r": 132.0}, "datetime": {"datetime": "2024-06-01 13:13:55", "elapsed": 4279.566411, "delta": 15.634098}}
{"target": 2.1085453531430822, "params": {"h": 15.0, "p": 536.0, "r": 113.0}, "datetime": {"datetime": "2024-06-01 13:14:25", "elapsed": 4309.453796, "delta": 29.887385}}
{"target": 3.3142176907404712, "params": {"h": 25.0, "p": 425.0, "r": 81.0}, "datetime": {"datetime": "2024-06-01 13:14:42", "elapsed": 4325.820822, "delta": 16.367026}}
{"target": 27.655735599951743, "params": {"h": 57.0, "p": 241.0, "r": 82.0}, "datetime": {"datetime": "2024-06-01 13:14:55", "elapsed": 4339.049028, "delta": 13.228206}}
{"target": 3.3801908898340085, "params": {"h": 46.0, "p": 484.0, "r": 90.0}, "datetime": {"datetime": "2024-06-01 13:15:15", "elapsed": 4359.21514, "delta": 20.166112}}
{"target": 0.03614665809290682, "params": {"h": 35.0, "p": 867.0, "r": 18.0}, "datetime": {"datetime": "2024-06-01 13:16:34", "elapsed": 4438.087029, "delta": 78.871889}}
{"target": 2.046317943422664, "params": {"h": 49.0, "p": 758.0, "r": 131.0}, "datetime": {"datetime": "2024-06-01 13:17:06", "elapsed": 4470.533385, "delta": 32.446356}}
{"target": 2.9391517815050507, "params": {"h": 25.0, "p": 564.0, "r": 65.0}, "datetime": {"datetime": "2024-06-01 13:17:33", "elapsed": 4497.138449, "delta": 26.605064}}
{"target": 22.422698419911285, "params": {"h": 28.0, "p": 294.0, "r": 115.0}, "datetime": {"datetime": "2024-06-01 13:17:44", "elapsed": 4508.490177, "delta": 11.351728}}
{"target": 2.209518571273957, "params": {"h": 57.0, "p": 699.0, "r": 128.0}, "datetime": {"datetime": "2024-06-01 13:18:15", "elapsed": 4538.903297, "delta": 30.41312}}
{"target": 0.0, "params": {"h": 43.0, "p": 131.0, "r": 139.0}, "datetime": {"datetime": "2024-06-01 13:18:15", "elapsed": 4538.905298, "delta": 0.002001}}
{"target": 10.70602664972599, "params": {"h": 17.0, "p": 296.0, "r": 59.0}, "datetime": {"datetime": "2024-06-01 13:18:31", "elapsed": 4555.562954, "delta": 16.657656}}
{"target": 0.0, "params": {"h": 40.0, "p": 233.0, "r": 103.0}, "datetime": {"datetime": "2024-06-01 13:18:31", "elapsed": 4555.57858, "delta": 0.015626}}
{"target": 28.409511614706762, "params": {"h": 60.0, "p": 313.0, "r": 83.0}, "datetime": {"datetime": "2024-06-01 13:18:48", "elapsed": 4572.755625, "delta": 17.177045}}
{"target": 1.142854791761406, "params": {"h": 39.0, "p": 889.0, "r": 138.0}, "datetime": {"datetime": "2024-06-01 13:19:33", "elapsed": 4617.193244, "delta": 44.437619}}
{"target": 15.682276647808367, "params": {"h": 56.0, "p": 457.0, "r": 140.0}, "datetime": {"datetime": "2024-06-01 13:19:49", "elapsed": 4633.177497, "delta": 15.984253}}
{"target": 0.0, "params": {"h": 30.0, "p": 147.0, "r": 75.0}, "datetime": {"datetime": "2024-06-01 13:19:49", "elapsed": 4633.177497, "delta": 0.0}}
{"target": 1.687070012110495, "params": {"h": 27.0, "p": 732.0, "r": 74.0}, "datetime": {"datetime": "2024-06-01 13:20:25", "elapsed": 4669.775978, "delta": 36.598481}}
{"target": 4.825949657869594, "params": {"h": 47.0, "p": 407.0, "r": 117.0}, "datetime": {"datetime": "2024-06-01 13:20:41", "elapsed": 4685.681326, "delta": 15.905348}}
{"target": 3.8689001281763997, "params": {"h": 42.0, "p": 525.0, "r": 121.0}, "datetime": {"datetime": "2024-06-01 13:21:00", "elapsed": 4704.621099, "delta": 18.939773}}
{"target": 1.263261372585566, "params": {"h": 23.0, "p": 804.0, "r": 132.0}, "datetime": {"datetime": "2024-06-01 13:21:41", "elapsed": 4744.996748, "delta": 40.375649}}
{"target": 15.819355112508024, "params": {"h": 41.0, "p": 193.0, "r": 39.0}, "datetime": {"datetime": "2024-06-01 13:22:03", "elapsed": 4767.087061, "delta": 22.090313}}
{"target": 31.13153573649534, "params": {"h": 36.0, "p": 166.0, "r": 45.0}, "datetime": {"datetime": "2024-06-01 13:22:20", "elapsed": 4784.409806, "delta": 17.322745}}
{"target": 0.0, "params": {"h": 20.0, "p": 161.0, "r": 134.0}, "datetime": {"datetime": "2024-06-01 13:22:20", "elapsed": 4784.411808, "delta": 0.002002}}
{"target": 1.1200248745952024, "params": {"h": 49.0, "p": 992.0, "r": 142.0}, "datetime": {"datetime": "2024-06-01 13:23:19", "elapsed": 4842.939148, "delta": 58.52734}}
{"target": 13.724341505143405, "params": {"h": 49.0, "p": 377.0, "r": 143.0}, "datetime": {"datetime": "2024-06-01 13:23:31", "elapsed": 4855.727523, "delta": 12.788375}}
{"target": 31.522400745623536, "params": {"h": 29.0, "p": 178.0, "r": 40.0}, "datetime": {"datetime": "2024-06-01 13:23:50", "elapsed": 4874.219402, "delta": 18.491879}}
{"target": 0.0, "params": {"h": 38.0, "p": 175.0, "r": 94.0}, "datetime": {"datetime": "2024-06-01 13:23:50", "elapsed": 4874.221401, "delta": 0.001999}}
{"target": 3.559116355413017, "params": {"h": 43.0, "p": 509.0, "r": 118.0}, "datetime": {"datetime": "2024-06-01 13:24:08", "elapsed": 4892.665914, "delta": 18.444513}}
{"target": 3.981815761196902, "params": {"h": 42.0, "p": 470.0, "r": 77.0}, "datetime": {"datetime": "2024-06-01 13:24:30", "elapsed": 4913.888259, "delta": 21.222345}}
{"target": 5.137955900819255, "params": {"h": 25.0, "p": 354.0, "r": 110.0}, "datetime": {"datetime": "2024-06-01 13:24:44", "elapsed": 4928.638581, "delta": 14.750322}}
{"target": 0.7792557701975433, "params": {"h": 23.0, "p": 918.0, "r": 93.0}, "datetime": {"datetime": "2024-06-01 13:25:37", "elapsed": 4981.750412, "delta": 53.111831}}
{"target": 4.745991737518314, "params": {"h": 47.0, "p": 719.0, "r": 56.0}, "datetime": {"datetime": "2024-06-01 13:26:21", "elapsed": 5025.784326, "delta": 44.033914}}
{"target": 1.995024532838784, "params": {"h": 24.0, "p": 587.0, "r": 101.0}, "datetime": {"datetime": "2024-06-01 13:26:46", "elapsed": 5050.750487, "delta": 24.966161}}
{"target": 7.456923950045266, "params": {"h": 49.0, "p": 323.0, "r": 37.0}, "datetime": {"datetime": "2024-06-01 13:27:17", "elapsed": 5081.042446, "delta": 30.291959}}
{"target": 1.3038359492217606, "params": {"h": 19.0, "p": 839.0, "r": 141.0}, "datetime": {"datetime": "2024-06-01 13:28:09", "elapsed": 5133.252824, "delta": 52.210378}}
{"target": 0.9612848271080267, "params": {"h": 52.0, "p": 927.0, "r": 117.0}, "datetime": {"datetime": "2024-06-01 13:29:02", "elapsed": 5186.411788, "delta": 53.158964}}
{"target": 0.0, "params": {"h": 33.0, "p": 281.0, "r": 125.0}, "datetime": {"datetime": "2024-06-01 13:29:02", "elapsed": 5186.412789, "delta": 0.001001}}
{"target": 0.8796710569294938, "params": {"h": 42.0, "p": 951.0, "r": 98.0}, "datetime": {"datetime": "2024-06-01 13:29:51", "elapsed": 5235.49989, "delta": 49.087101}}
{"target": 2.9230017653699933, "params": {"h": 47.0, "p": 632.0, "r": 41.0}, "datetime": {"datetime": "2024-06-01 13:30:32", "elapsed": 5276.023111, "delta": 40.523221}}
{"target": 2.139882669688369, "params": {"h": 51.0, "p": 823.0, "r": 42.0}, "datetime": {"datetime": "2024-06-01 13:31:22", "elapsed": 5326.26547, "delta": 50.242359}}
{"target": 32.273519905189254, "params": {"h": 54.0, "p": 229.0, "r": 72.0}, "datetime": {"datetime": "2024-06-01 13:31:36", "elapsed": 5340.686753, "delta": 14.421283}}
{"target": 2.0205288507865475, "params": {"h": 21.0, "p": 662.0, "r": 116.0}, "datetime": {"datetime": "2024-06-01 13:32:06", "elapsed": 5370.630756, "delta": 29.944003}}
{"target": 1.2916901069751727, "params": {"h": 24.0, "p": 858.0, "r": 62.0}, "datetime": {"datetime": "2024-06-01 13:32:53", "elapsed": 5417.49235, "delta": 46.861594}}
{"target": 0.6631565280542, "params": {"h": 18.0, "p": 931.0, "r": 87.0}, "datetime": {"datetime": "2024-06-01 13:33:43", "elapsed": 5466.858639, "delta": 49.366289}}
{"target": 5.708216609020002, "params": {"h": 36.0, "p": 593.0, "r": 43.0}, "datetime": {"datetime": "2024-06-01 13:34:16", "elapsed": 5500.795592, "delta": 33.936953}}
{"target": 2.308913828331802, "params": {"h": 35.0, "p": 557.0, "r": 36.0}, "datetime": {"datetime": "2024-06-01 13:34:50", "elapsed": 5534.243137, "delta": 33.447545}}
{"target": 1.5987594889526942, "params": {"h": 33.0, "p": 725.0, "r": 109.0}, "datetime": {"datetime": "2024-06-01 13:35:19", "elapsed": 5563.784029, "delta": 29.540892}}
{"target": 1.1293004820360775, "params": {"h": 44.0, "p": 942.0, "r": 144.0}, "datetime": {"datetime": "2024-06-01 13:36:14", "elapsed": 5618.475453, "delta": 54.691424}}
{"target": 1.3775662513358882, "params": {"h": 35.0, "p": 958.0, "r": 66.0}, "datetime": {"datetime": "2024-06-01 13:37:11", "elapsed": 5675.397017, "delta": 56.921564}}
{"target": 1.3053091761516455, "params": {"h": 42.0, "p": 786.0, "r": 96.0}, "datetime": {"datetime": "2024-06-01 13:37:52", "elapsed": 5716.02334, "delta": 40.626323}}
{"target": 0.12414864513196301, "params": {"h": 19.0, "p": 965.0, "r": 23.0}, "datetime": {"datetime": "2024-06-01 13:38:55", "elapsed": 5779.54511, "delta": 63.52177}}
{"target": 0.0, "params": {"h": 26.0, "p": 208.0, "r": 127.0}, "datetime": {"datetime": "2024-06-01 13:38:55", "elapsed": 5779.54511, "delta": 0.0}}
{"target": 1.5195632761251199, "params": {"h": 30.0, "p": 730.0, "r": 94.0}, "datetime": {"datetime": "2024-06-01 13:39:27", "elapsed": 5811.783756, "delta": 32.238646}}
{"target": 2.7224003933152825, "params": {"h": 41.0, "p": 999.0, "r": 52.0}, "datetime": {"datetime": "2024-06-01 13:40:37", "elapsed": 5880.906922, "delta": 69.123166}}
{"target": 4.323972954424322, "params": {"h": 39.0, "p": 259.0, "r": 32.0}, "datetime": {"datetime": "2024-06-01 13:41:05", "elapsed": 5909.050602, "delta": 28.14368}}
{"target": 1.976728065768197, "params": {"h": 29.0, "p": 810.0, "r": 59.0}, "datetime": {"datetime": "2024-06-01 13:41:48", "elapsed": 5952.594031, "delta": 43.543429}}
{"target": 1.70354763400963, "params": {"h": 23.0, "p": 106.0, "r": 16.0}, "datetime": {"datetime": "2024-06-01 13:42:15", "elapsed": 5978.924711, "delta": 26.33068}}
{"target": 4.638973805337718, "params": {"h": 54.0, "p": 678.0, "r": 150.0}, "datetime": {"datetime": "2024-06-01 13:42:43", "elapsed": 6007.007843, "delta": 28.083132}}
{"target": 2.1621708452530313, "params": {"h": 20.0, "p": 519.0, "r": 76.0}, "datetime": {"datetime": "2024-06-01 13:43:07", "elapsed": 6031.097476, "delta": 24.089633}}
{"target": 0.9576142587240039, "params": {"h": 31.0, "p": 879.0, "r": 85.0}, "datetime": {"datetime": "2024-06-01 13:43:53", "elapsed": 6077.488833, "delta": 46.391357}}
{"target": 1.7747863054040178, "params": {"h": 50.0, "p": 817.0, "r": 69.0}, "datetime": {"datetime": "2024-06-01 13:44:41", "elapsed": 6125.288664, "delta": 47.799831}}
{"target": 0.3915437221842536, "params": {"h": 42.0, "p": 463.0, "r": 24.0}, "datetime": {"datetime": "2024-06-01 13:45:24", "elapsed": 6168.175565, "delta": 42.886901}}
{"target": 0.05798875179296916, "params": {"h": 20.0, "p": 666.0, "r": 17.0}, "datetime": {"datetime": "2024-06-01 13:46:11", "elapsed": 6215.069546, "delta": 46.893981}}
{"target": 13.086717584850891, "params": {"h": 18.0, "p": 102.0, "r": 24.0}, "datetime": {"datetime": "2024-06-01 13:46:27", "elapsed": 6231.734123, "delta": 16.664577}}
{"target": 0.0, "params": {"h": 29.0, "p": 245.0, "r": 118.0}, "datetime": {"datetime": "2024-06-01 13:46:27", "elapsed": 6231.734123, "delta": 0.0}}
{"target": 1.0332118552523157, "params": {"h": 53.0, "p": 900.0, "r": 121.0}, "datetime": {"datetime": "2024-06-01 13:47:14", "elapsed": 6278.229359, "delta": 46.495236}}
{"target": 0.28595523134112477, "params": {"h": 48.0, "p": 745.0, "r": 28.0}, "datetime": {"datetime": "2024-06-01 13:48:13", "elapsed": 6337.135784, "delta": 58.906425}}
{"target": 0.0, "params": {"h": 37.0, "p": 122.0, "r": 82.0}, "datetime": {"datetime": "2024-06-01 13:48:13", "elapsed": 6337.137786, "delta": 0.002002}}
{"target": 66.68731830571879, "params": {"h": 31.0, "p": 254.0, "r": 57.0}, "datetime": {"datetime": "2024-06-01 13:48:29", "elapsed": 6353.388578, "delta": 16.250792}}
{"target": 5.615319859420276, "params": {"h": 51.0, "p": 627.0, "r": 49.0}, "datetime": {"datetime": "2024-06-01 13:49:09", "elapsed": 6393.186288, "delta": 39.79771}}
{"target": 0.44906767344205717, "params": {"h": 49.0, "p": 330.0, "r": 21.0}, "datetime": {"datetime": "2024-06-01 13:49:53", "elapsed": 6436.958732, "delta": 43.772444}}
{"target": 0.0, "params": {"h": 45.0, "p": 189.0, "r": 97.0}, "datetime": {"datetime": "2024-06-01 13:49:53", "elapsed": 6436.958732, "delta": 0.0}}
{"target": 13.774262582352748, "params": {"h": 56.0, "p": 348.0, "r": 74.0}, "datetime": {"datetime": "2024-06-01 13:50:12", "elapsed": 6456.492403, "delta": 19.533671}}
{"target": 0.0, "params": {"h": 39.0, "p": 152.0, "r": 80.0}, "datetime": {"datetime": "2024-06-01 13:50:12", "elapsed": 6456.492403, "delta": 0.0}}
{"target": 1.7709399965022388, "params": {"h": 22.0, "p": 748.0, "r": 136.0}, "datetime": {"datetime": "2024-06-01 13:50:47", "elapsed": 6491.3287, "delta": 34.836297}}
{"target": 3.6232574753006817, "params": {"h": 15.0, "p": 379.0, "r": 96.0}, "datetime": {"datetime": "2024-06-01 13:51:10", "elapsed": 6513.919537, "delta": 22.590837}}
{"target": 7.328923424670541, "params": {"h": 59.0, "p": 505.0, "r": 51.0}, "datetime": {"datetime": "2024-06-01 13:51:43", "elapsed": 6547.362805, "delta": 33.443268}}
{"target": 3.8273554348051024, "params": {"h": 46.0, "p": 617.0, "r": 146.0}, "datetime": {"datetime": "2024-06-01 13:52:05", "elapsed": 6569.044398, "delta": 21.681593}}
{"target": 0.4137218332366926, "params": {"h": 20.0, "p": 848.0, "r": 27.0}, "datetime": {"datetime": "2024-06-01 13:52:58", "elapsed": 6622.201512, "delta": 53.157114}}
{"target": 0.0, "params": {"h": 50.0, "p": 217.0, "r": 91.0}, "datetime": {"datetime": "2024-06-01 13:52:58", "elapsed": 6622.203513, "delta": 0.002001}}
{"target": 1.4766455207800915, "params": {"h": 34.0, "p": 110.0, "r": 16.0}, "datetime": {"datetime": "2024-06-01 13:53:30", "elapsed": 6654.21165, "delta": 32.008137}}
{"target": 1.03741239033985, "params": {"h": 53.0, "p": 301.0, "r": 25.0}, "datetime": {"datetime": "2024-06-01 13:54:07", "elapsed": 6691.498848, "delta": 37.287198}}
{"target": 1.5142298492211035, "params": {"h": 49.0, "p": 791.0, "r": 79.0}, "datetime": {"datetime": "2024-06-01 13:54:45", "elapsed": 6729.675254, "delta": 38.176406}}
{"target": 2.3681115853722385, "params": {"h": 38.0, "p": 558.0, "r": 112.0}, "datetime": {"datetime": "2024-06-01 13:55:08", "elapsed": 6752.430579, "delta": 22.755325}}
{"target": 6.442915831305662, "params": {"h": 29.0, "p": 404.0, "r": 124.0}, "datetime": {"datetime": "2024-06-01 13:55:24", "elapsed": 6768.104202, "delta": 15.673623}}
{"target": 1.1224968874563268, "params": {"h": 20.0, "p": 768.0, "r": 101.0}, "datetime": {"datetime": "2024-06-01 13:55:59", "elapsed": 6802.869939, "delta": 34.765737}}
{"target": 13.757315186170997, "params": {"h": 54.0, "p": 199.0, "r": 40.0}, "datetime": {"datetime": "2024-06-01 13:56:22", "elapsed": 6826.304108, "delta": 23.434169}}
{"target": 3.6251426517030203, "params": {"h": 30.0, "p": 571.0, "r": 63.0}, "datetime": {"datetime": "2024-06-01 13:56:48", "elapsed": 6851.824597, "delta": 25.520489}}
{"target": 1.3921945379329785, "params": {"h": 48.0, "p": 834.0, "r": 140.0}, "datetime": {"datetime": "2024-06-01 13:57:27", "elapsed": 6891.155827, "delta": 39.33123}}
{"target": 0.8315666740800878, "params": {"h": 17.0, "p": 968.0, "r": 127.0}, "datetime": {"datetime": "2024-06-01 13:58:35", "elapsed": 6958.939439, "delta": 67.783612}}
{"target": 0.0506307269697487, "params": {"h": 26.0, "p": 753.0, "r": 18.0}, "datetime": {"datetime": "2024-06-01 13:59:31", "elapsed": 7015.661345, "delta": 56.721906}}
{"target": 19.30832137463357, "params": {"h": 45.0, "p": 334.0, "r": 72.0}, "datetime": {"datetime": "2024-06-01 13:59:49", "elapsed": 7033.536506, "delta": 17.875161}}
{"target": 3.8965103399819, "params": {"h": 50.0, "p": 530.0, "r": 121.0}, "datetime": {"datetime": "2024-06-01 14:00:09", "elapsed": 7053.374387, "delta": 19.837881}}
{"target": 1.3316389465943388, "params": {"h": 59.0, "p": 771.0, "r": 38.0}, "datetime": {"datetime": "2024-06-01 14:01:03", "elapsed": 7107.269587, "delta": 53.8952}}
{"target": 0.0, "params": {"h": 19.0, "p": 276.0, "r": 120.0}, "datetime": {"datetime": "2024-06-01 14:01:03", "elapsed": 7107.271589, "delta": 0.002002}}
{"target": 1.0351652444095523, "params": {"h": 16.0, "p": 740.0, "r": 66.0}, "datetime": {"datetime": "2024-06-01 14:01:39", "elapsed": 7143.63865, "delta": 36.367061}}
{"target": 2.603458733138411, "params": {"h": 28.0, "p": 517.0, "r": 105.0}, "datetime": {"datetime": "2024-06-01 14:02:00", "elapsed": 7164.753534, "delta": 21.114884}}
{"target": 0.711497226677662, "params": {"h": 57.0, "p": 788.0, "r": 34.0}, "datetime": {"datetime": "2024-06-01 14:02:58", "elapsed": 7222.439471, "delta": 57.685937}}
{"target": 1.3680623931058433, "params": {"h": 28.0, "p": 815.0, "r": 67.0}, "datetime": {"datetime": "2024-06-01 14:03:39", "elapsed": 7263.587393, "delta": 41.147922}}
{"target": 2.9740725883967563, "params": {"h": 51.0, "p": 860.0, "r": 53.0}, "datetime": {"datetime": "2024-06-01 14:04:30", "elapsed": 7314.773691, "delta": 51.186298}}
{"target": 8.132089843742348, "params": {"h": 32.0, "p": 325.0, "r": 35.0}, "datetime": {"datetime": "2024-06-01 14:04:56", "elapsed": 7340.248462, "delta": 25.474771}}
{"target": 3.613566853917717, "params": {"h": 26.0, "p": 386.0, "r": 90.0}, "datetime": {"datetime": "2024-06-01 14:05:13", "elapsed": 7357.212155, "delta": 16.963693}}
{"target": 0.46811336053013153, "params": {"h": 56.0, "p": 395.0, "r": 23.0}, "datetime": {"datetime": "2024-06-01 14:06:00", "elapsed": 7404.233017, "delta": 47.020862}}
{"target": 2.915337008167368, "params": {"h": 59.0, "p": 647.0, "r": 76.0}, "datetime": {"datetime": "2024-06-01 14:06:34", "elapsed": 7438.043321, "delta": 33.810304}}
{"target": 0.8153206566519502, "params": {"h": 22.0, "p": 876.0, "r": 84.0}, "datetime": {"datetime": "2024-06-01 14:07:20", "elapsed": 7484.506641, "delta": 46.46332}}
{"target": 0.0, "params": {"h": 35.0, "p": 267.0, "r": 132.0}, "datetime": {"datetime": "2024-06-01 14:07:20", "elapsed": 7484.506641, "delta": 0.0}}
{"target": 1.871834892297599, "params": {"h": 19.0, "p": 553.0, "r": 84.0}, "datetime": {"datetime": "2024-06-01 14:07:44", "elapsed": 7508.661991, "delta": 24.15535}}
