{"target": 4.50984224997513, "params": {"h": 54.0, "p": 487.0, "r": 73.0}, "datetime": {"datetime": "2024-06-06 22:37:21", "elapsed": 3753.428731, "delta": 24.39195}}
{"target": 1.2462492466694226, "params": {"h": 33.0, "p": 860.0, "r": 142.0}, "datetime": {"datetime": "2024-06-06 22:38:05", "elapsed": 3796.855868, "delta": 43.427137}}
{"target": 26.774774902615384, "params": {"h": 47.0, "p": 341.0, "r": 63.0}, "datetime": {"datetime": "2024-06-06 22:38:24", "elapsed": 3816.024739, "delta": 19.168871}}
{"target": 2.4111215821239442, "params": {"h": 22.0, "p": 632.0, "r": 115.0}, "datetime": {"datetime": "2024-06-06 22:38:50", "elapsed": 3841.821962, "delta": 25.797223}}
{"target": 14.09613738337296, "params": {"h": 53.0, "p": 528.0, "r": 140.0}, "datetime": {"datetime": "2024-06-06 22:39:08", "elapsed": 3859.703968, "delta": 17.882006}}
{"target": 0.3203131590956147, "params": {"h": 34.0, "p": 899.0, "r": 30.0}, "datetime": {"datetime": "2024-06-06 22:40:11", "elapsed": 3922.979986, "delta": 63.276018}}
{"target": 6.1505012002560635, "params": {"h": 31.0, "p": 364.0, "r": 66.0}, "datetime": {"datetime": "2024-06-06 22:40:29", "elapsed": 3940.735324, "delta": 17.755338}}
{"target": 2.6359094321145538, "params": {"h": 33.0, "p": 519.0, "r": 83.0}, "datetime": {"datetime": "2024-06-06 22:40:49", "elapsed": 3961.128667, "delta": 20.393343}}
{"target": 0.6332970546763105, "params": {"h": 15.0, "p": 877.0, "r": 90.0}, "datetime": {"datetime": "2024-06-06 22:41:38", "elapsed": 4010.0832, "delta": 48.954533}}
{"target": 6.789808270733847, "params": {"h": 53.0, "p": 516.0, "r": 53.0}, "datetime": {"datetime": "2024-06-06 22:42:08", "elapsed": 4040.162773, "delta": 30.079573}}
{"target": 0.0, "params": {"h": 34.0, "p": 177.0, "r": 64.0}, "datetime": {"datetime": "2024-06-06 22:42:08", "elapsed": 4040.162773, "delta": 0.0}}
{"target": 0.0, "params": {"h": 44.0, "p": 136.0, "r": 77.0}, "datetime": {"datetime": "2024-06-06 22:42:08", "elapsed": 4040.162773, "delta": 0.0}}
{"target": 2.3921578252995497, "params": {"h": 58.0, "p": 682.0, "r": 85.0}, "datetime": {"datetime": "2024-06-06 22:42:41", "elapsed": 4072.633678, "delta": 32.470905}}
{"target": 1.1114831135514784, "params": {"h": 23.0, "p": 914.0, "r": 33.0}, "datetime": {"datetime": "2024-06-06 22:43:36", "elapsed": 4127.867219, "delta": 55.233541}}
{"target": 2.6376564407960092, "params": {"h": 40.0, "p": 857.0, "r": 43.0}, "datetime": {"datetime": "2024-06-06 22:44:25", "elapsed": 4177.422808, "delta": 49.555589}}
{"target": 0.0, "params": {"h": 35.0, "p": 113.0, "r": 67.0}, "datetime": {"datetime": "2024-06-06 22:44:25", "elapsed": 4177.422808, "delta": 0.0}}
{"target": 3.841855566158493, "params": {"h": 17.0, "p": 419.0, "r": 103.0}, "datetime": {"datetime": "2024-06-06 22:44:45", "elapsed": 4197.222467, "delta": 19.799659}}
{"target": 41.66031684909636, "params": {"h": 33.0, "p": 240.0, "r": 67.0}, "datetime": {"datetime": "2024-06-06 22:44:58", "elapsed": 4210.074192, "delta": 12.851725}}
{"target": 0.0, "params": {"h": 32.0, "p": 173.0, "r": 135.0}, "datetime": {"datetime": "2024-06-06 22:44:58", "elapsed": 4210.074192, "delta": 0.0}}
{"target": 8.323953731860238, "params": {"h": 17.0, "p": 543.0, "r": 41.0}, "datetime": {"datetime": "2024-06-06 22:45:25", "elapsed": 4237.234994, "delta": 27.160802}}
{"target": 0.0, "params": {"h": 29.0, "p": 227.0, "r": 102.0}, "datetime": {"datetime": "2024-06-06 22:45:25", "elapsed": 4237.234994, "delta": 0.0}}
{"target": 0.0, "params": {"h": 41.0, "p": 250.0, "r": 141.0}, "datetime": {"datetime": "2024-06-06 22:45:25", "elapsed": 4237.234994, "delta": 0.0}}
{"target": 2.7965053158056965, "params": {"h": 24.0, "p": 569.0, "r": 115.0}, "datetime": {"datetime": "2024-06-06 22:45:49", "elapsed": 4261.343853, "delta": 24.108859}}
{"target": 0.0, "params": {"h": 51.0, "p": 139.0, "r": 54.0}, "datetime": {"datetime": "2024-06-06 22:45:49", "elapsed": 4261.345855, "delta": 0.002002}}
{"target": 0.5251789626878685, "params": {"h": 54.0, "p": 880.0, "r": 34.0}, "datetime": {"datetime": "2024-06-06 22:46:55", "elapsed": 4326.794866, "delta": 65.449011}}
{"target": 0.4846315930685111, "params": {"h": 46.0, "p": 490.0, "r": 26.0}, "datetime": {"datetime": "2024-06-06 22:47:38", "elapsed": 4369.986757, "delta": 43.191891}}
{"target": 2.440457578680411, "params": {"h": 25.0, "p": 693.0, "r": 149.0}, "datetime": {"datetime": "2024-06-06 22:48:11", "elapsed": 4402.609892, "delta": 32.623135}}
{"target": 0.0, "params": {"h": 21.0, "p": 206.0, "r": 114.0}, "datetime": {"datetime": "2024-06-06 22:48:11", "elapsed": 4402.609892, "delta": 0.0}}
{"target": 1.1050484544853418, "params": {"h": 44.0, "p": 872.0, "r": 83.0}, "datetime": {"datetime": "2024-06-06 22:48:55", "elapsed": 4446.977, "delta": 44.367108}}
{"target": 25.11302628132786, "params": {"h": 32.0, "p": 218.0, "r": 82.0}, "datetime": {"datetime": "2024-06-06 22:49:06", "elapsed": 4457.632998, "delta": 10.655998}}
{"target": 3.7844874584004287, "params": {"h": 55.0, "p": 674.0, "r": 66.0}, "datetime": {"datetime": "2024-06-06 22:49:41", "elapsed": 4492.616816, "delta": 34.983818}}
{"target": 64.65697232765822, "params": {"h": 55.0, "p": 284.0, "r": 60.0}, "datetime": {"datetime": "2024-06-06 22:49:59", "elapsed": 4511.507644, "delta": 18.890828}}
{"target": 14.891450598572876, "params": {"h": 45.0, "p": 223.0, "r": 40.0}, "datetime": {"datetime": "2024-06-06 22:50:21", "elapsed": 4533.25765, "delta": 21.750006}}
{"target": 0.9242179540459418, "params": {"h": 32.0, "p": 918.0, "r": 85.0}, "datetime": {"datetime": "2024-06-06 22:51:08", "elapsed": 4579.965815, "delta": 46.708165}}
{"target": 1.9911520263873057, "params": {"h": 40.0, "p": 642.0, "r": 111.0}, "datetime": {"datetime": "2024-06-06 22:51:33", "elapsed": 4605.40843, "delta": 25.442615}}
{"target": 0.13939191343080984, "params": {"h": 28.0, "p": 829.0, "r": 24.0}, "datetime": {"datetime": "2024-06-06 22:52:30", "elapsed": 4662.168582, "delta": 56.760152}}
{"target": 0.9968420732859036, "params": {"h": 58.0, "p": 955.0, "r": 122.0}, "datetime": {"datetime": "2024-06-06 22:53:17", "elapsed": 4709.42323, "delta": 47.254648}}
{"target": 0.0, "params": {"h": 48.0, "p": 121.0, "r": 138.0}, "datetime": {"datetime": "2024-06-06 22:53:17", "elapsed": 4709.42323, "delta": 0.0}}
{"target": 0.0, "params": {"h": 40.0, "p": 163.0, "r": 97.0}, "datetime": {"datetime": "2024-06-06 22:53:17", "elapsed": 4709.42323, "delta": 0.0}}
{"target": 0.9155982139668833, "params": {"h": 57.0, "p": 985.0, "r": 101.0}, "datetime": {"datetime": "2024-06-06 22:54:11", "elapsed": 4762.866919, "delta": 53.443689}}
{"target": 0.0, "params": {"h": 32.0, "p": 123.0, "r": 55.0}, "datetime": {"datetime": "2024-06-06 22:54:11", "elapsed": 4762.868921, "delta": 0.002002}}
{"target": 0.5300023772919189, "params": {"h": 26.0, "p": 584.0, "r": 27.0}, "datetime": {"datetime": "2024-06-06 22:54:51", "elapsed": 4803.391804, "delta": 40.522883}}
{"target": 0.7677658336035508, "params": {"h": 19.0, "p": 928.0, "r": 110.0}, "datetime": {"datetime": "2024-06-06 22:55:43", "elapsed": 4855.295888, "delta": 51.904084}}
{"target": 2.7735698711798173, "params": {"h": 23.0, "p": 480.0, "r": 91.0}, "datetime": {"datetime": "2024-06-06 22:56:04", "elapsed": 4875.78749, "delta": 20.491602}}
{"target": 8.65165131825087, "params": {"h": 48.0, "p": 422.0, "r": 58.0}, "datetime": {"datetime": "2024-06-06 22:56:27", "elapsed": 4899.151541, "delta": 23.364051}}
{"target": 15.963179632211183, "params": {"h": 16.0, "p": 599.0, "r": 35.0}, "datetime": {"datetime": "2024-06-06 22:57:00", "elapsed": 4931.964032, "delta": 32.812491}}
{"target": 3.1370721612122154, "params": {"h": 21.0, "p": 425.0, "r": 75.0}, "datetime": {"datetime": "2024-06-06 22:57:18", "elapsed": 4950.448028, "delta": 18.483996}}
{"target": 0.07121921625030439, "params": {"h": 25.0, "p": 634.0, "r": 18.0}, "datetime": {"datetime": "2024-06-06 22:58:05", "elapsed": 4996.609867, "delta": 46.161839}}
{"target": 7.659476186454552, "params": {"h": 26.0, "p": 764.0, "r": 41.0}, "datetime": {"datetime": "2024-06-06 22:58:45", "elapsed": 5036.842507, "delta": 40.23264}}
{"target": 9.505766273439628, "params": {"h": 28.0, "p": 333.0, "r": 101.0}, "datetime": {"datetime": "2024-06-06 22:58:57", "elapsed": 5049.447201, "delta": 12.604694}}
{"target": 1.2690895017691832, "params": {"h": 29.0, "p": 886.0, "r": 149.0}, "datetime": {"datetime": "2024-06-06 22:59:43", "elapsed": 5094.986058, "delta": 45.538857}}
{"target": 0.0, "params": {"h": 49.0, "p": 233.0, "r": 125.0}, "datetime": {"datetime": "2024-06-06 22:59:43", "elapsed": 5094.986058, "delta": 0.0}}
{"target": 19.33429957316865, "params": {"h": 26.0, "p": 412.0, "r": 42.0}, "datetime": {"datetime": "2024-06-06 23:00:08", "elapsed": 5120.478568, "delta": 25.49251}}
{"target": 23.50459683136025, "params": {"h": 59.0, "p": 444.0, "r": 147.0}, "datetime": {"datetime": "2024-06-06 23:00:24", "elapsed": 5136.128998, "delta": 15.65043}}
{"target": 0.0, "params": {"h": 54.0, "p": 282.0, "r": 117.0}, "datetime": {"datetime": "2024-06-06 23:00:24", "elapsed": 5136.131, "delta": 0.002002}}
{"target": 0.0, "params": {"h": 18.0, "p": 262.0, "r": 122.0}, "datetime": {"datetime": "2024-06-06 23:00:24", "elapsed": 5136.132001, "delta": 0.001001}}
{"target": 0.0, "params": {"h": 19.0, "p": 131.0, "r": 58.0}, "datetime": {"datetime": "2024-06-06 23:00:24", "elapsed": 5136.134003, "delta": 0.002002}}
{"target": 6.109864847963403, "params": {"h": 43.0, "p": 428.0, "r": 129.0}, "datetime": {"datetime": "2024-06-06 23:00:38", "elapsed": 5150.293049, "delta": 14.159046}}
{"target": 1.5654745043690081, "params": {"h": 42.0, "p": 946.0, "r": 65.0}, "datetime": {"datetime": "2024-06-06 23:01:33", "elapsed": 5204.972463, "delta": 54.679414}}
{"target": 0.9103682472300577, "params": {"h": 24.0, "p": 933.0, "r": 125.0}, "datetime": {"datetime": "2024-06-06 23:02:23", "elapsed": 5254.620811, "delta": 49.648348}}
{"target": 1.1657249027629324, "params": {"h": 54.0, "p": 845.0, "r": 121.0}, "datetime": {"datetime": "2024-06-06 23:03:02", "elapsed": 5293.905722, "delta": 39.284911}}
{"target": 52.92886328915112, "params": {"h": 50.0, "p": 253.0, "r": 60.0}, "datetime": {"datetime": "2024-06-06 23:03:19", "elapsed": 5311.362298, "delta": 17.456576}}
{"target": 31.107661879968052, "params": {"h": 25.0, "p": 256.0, "r": 65.0}, "datetime": {"datetime": "2024-06-06 23:03:32", "elapsed": 5324.166656, "delta": 12.804358}}
{"target": 30.66545113213216, "params": {"h": 57.0, "p": 198.0, "r": 57.0}, "datetime": {"datetime": "2024-06-06 23:03:47", "elapsed": 5338.73655, "delta": 14.569894}}
{"target": 9.329594673855413, "params": {"h": 41.0, "p": 502.0, "r": 46.0}, "datetime": {"datetime": "2024-06-06 23:04:16", "elapsed": 5367.687273, "delta": 28.950723}}
{"target": 8.090755368622682, "params": {"h": 51.0, "p": 523.0, "r": 131.0}, "datetime": {"datetime": "2024-06-06 23:04:34", "elapsed": 5386.063977, "delta": 18.376704}}
{"target": 1.0548396429409332, "params": {"h": 31.0, "p": 848.0, "r": 121.0}, "datetime": {"datetime": "2024-06-06 23:05:17", "elapsed": 5429.467123, "delta": 43.403146}}
{"target": 5.030987458899429, "params": {"h": 55.0, "p": 475.0, "r": 123.0}, "datetime": {"datetime": "2024-06-06 23:05:35", "elapsed": 5447.13979, "delta": 17.672667}}
{"target": 13.806978769573576, "params": {"h": 51.0, "p": 345.0, "r": 76.0}, "datetime": {"datetime": "2024-06-06 23:05:53", "elapsed": 5464.908567, "delta": 17.768777}}
{"target": 3.0034579758484714, "params": {"h": 29.0, "p": 657.0, "r": 129.0}, "datetime": {"datetime": "2024-06-06 23:06:18", "elapsed": 5489.772158, "delta": 24.863591}}
{"target": 0.0, "params": {"h": 45.0, "p": 154.0, "r": 99.0}, "datetime": {"datetime": "2024-06-06 23:06:18", "elapsed": 5489.77416, "delta": 0.002002}}
{"target": 0.7351401231105772, "params": {"h": 17.0, "p": 884.0, "r": 102.0}, "datetime": {"datetime": "2024-06-06 23:07:05", "elapsed": 5536.684339, "delta": 46.910179}}
{"target": 0.21842422075371673, "params": {"h": 32.0, "p": 694.0, "r": 25.0}, "datetime": {"datetime": "2024-06-06 23:07:52", "elapsed": 5583.657694, "delta": 46.973355}}
{"target": 3.3164314318483137, "params": {"h": 31.0, "p": 711.0, "r": 59.0}, "datetime": {"datetime": "2024-06-06 23:08:28", "elapsed": 5619.691687, "delta": 36.033993}}
{"target": 11.83766562104531, "params": {"h": 22.0, "p": 499.0, "r": 44.0}, "datetime": {"datetime": "2024-06-06 23:08:54", "elapsed": 5645.977926, "delta": 26.286239}}
{"target": 9.451331930599768, "params": {"h": 17.0, "p": 386.0, "r": 43.0}, "datetime": {"datetime": "2024-06-06 23:09:16", "elapsed": 5667.658597, "delta": 21.680671}}
{"target": 3.7413771204044997, "params": {"h": 49.0, "p": 534.0, "r": 68.0}, "datetime": {"datetime": "2024-06-06 23:09:42", "elapsed": 5694.420941, "delta": 26.762344}}
{"target": 5.415163229564287, "params": {"h": 21.0, "p": 379.0, "r": 112.0}, "datetime": {"datetime": "2024-06-06 23:09:59", "elapsed": 5710.97874, "delta": 16.557799}}
{"target": 0.9391589081833435, "params": {"h": 35.0, "p": 906.0, "r": 120.0}, "datetime": {"datetime": "2024-06-06 23:10:42", "elapsed": 5754.236297, "delta": 43.257557}}
{"target": 0.8611812134382395, "params": {"h": 23.0, "p": 952.0, "r": 72.0}, "datetime": {"datetime": "2024-06-06 23:11:35", "elapsed": 5807.439901, "delta": 53.203604}}
{"target": 0.8647574406617022, "params": {"h": 40.0, "p": 970.0, "r": 119.0}, "datetime": {"datetime": "2024-06-06 23:12:28", "elapsed": 5860.339771, "delta": 52.89987}}
{"target": 2.5072631304212467, "params": {"h": 20.0, "p": 564.0, "r": 128.0}, "datetime": {"datetime": "2024-06-06 23:12:52", "elapsed": 5884.458638, "delta": 24.118867}}
{"target": 1.322597294785506, "params": {"h": 51.0, "p": 797.0, "r": 88.0}, "datetime": {"datetime": "2024-06-06 23:13:32", "elapsed": 5924.417733, "delta": 39.959095}}
{"target": 2.9445636278066685, "params": {"h": 56.0, "p": 582.0, "r": 130.0}, "datetime": {"datetime": "2024-06-06 23:13:56", "elapsed": 5947.887339, "delta": 23.469606}}
{"target": 0.1608831204422244, "params": {"h": 59.0, "p": 315.0, "r": 15.0}, "datetime": {"datetime": "2024-06-06 23:14:58", "elapsed": 6009.830423, "delta": 61.943084}}
{"target": 0.02367789068128799, "params": {"h": 33.0, "p": 963.0, "r": 17.0}, "datetime": {"datetime": "2024-06-06 23:16:13", "elapsed": 6085.119615, "delta": 75.289192}}
{"target": 5.725014017192553, "params": {"h": 49.0, "p": 684.0, "r": 48.0}, "datetime": {"datetime": "2024-06-06 23:16:52", "elapsed": 6124.005904, "delta": 38.886289}}
{"target": 1.4766433194000919, "params": {"h": 27.0, "p": 823.0, "r": 148.0}, "datetime": {"datetime": "2024-06-06 23:17:29", "elapsed": 6161.410825, "delta": 37.404921}}
{"target": 0.0, "params": {"h": 20.0, "p": 191.0, "r": 92.0}, "datetime": {"datetime": "2024-06-06 23:17:29", "elapsed": 6161.410825, "delta": 0.0}}
{"target": 3.607236451628592, "params": {"h": 15.0, "p": 384.0, "r": 52.0}, "datetime": {"datetime": "2024-06-06 23:17:48", "elapsed": 6180.335105, "delta": 18.92428}}
{"target": 5.575409706935291, "params": {"h": 56.0, "p": 553.0, "r": 56.0}, "datetime": {"datetime": "2024-06-06 23:18:20", "elapsed": 6212.405728, "delta": 32.070623}}
{"target": 4.488415559950352, "params": {"h": 21.0, "p": 457.0, "r": 118.0}, "datetime": {"datetime": "2024-06-06 23:18:39", "elapsed": 6231.238289, "delta": 18.832561}}
{"target": 2.2478410069977217, "params": {"h": 24.0, "p": 531.0, "r": 86.0}, "datetime": {"datetime": "2024-06-06 23:19:02", "elapsed": 6254.552719, "delta": 23.31443}}
{"target": 2.5528542135612806, "params": {"h": 60.0, "p": 897.0, "r": 55.0}, "datetime": {"datetime": "2024-06-06 23:20:00", "elapsed": 6312.432449, "delta": 57.87973}}
{"target": 1.9087181498250847, "params": {"h": 23.0, "p": 603.0, "r": 100.0}, "datetime": {"datetime": "2024-06-06 23:20:23", "elapsed": 6334.774106, "delta": 22.341657}}
{"target": 7.482046306714042, "params": {"h": 56.0, "p": 361.0, "r": 37.0}, "datetime": {"datetime": "2024-06-06 23:20:54", "elapsed": 6366.273946, "delta": 31.49984}}
{"target": 2.7438321904020064, "params": {"h": 48.0, "p": 755.0, "r": 150.0}, "datetime": {"datetime": "2024-06-06 23:21:24", "elapsed": 6396.349381, "delta": 30.075435}}
{"target": 0.9656689520386041, "params": {"h": 44.0, "p": 991.0, "r": 134.0}, "datetime": {"datetime": "2024-06-06 23:22:15", "elapsed": 6447.002742, "delta": 50.653361}}
{"target": 38.221742225350006, "params": {"h": 52.0, "p": 222.0, "r": 62.0}, "datetime": {"datetime": "2024-06-06 23:22:30", "elapsed": 6462.05091, "delta": 15.048168}}
{"target": 2.619312175099558, "params": {"h": 27.0, "p": 448.0, "r": 32.0}, "datetime": {"datetime": "2024-06-06 23:22:59", "elapsed": 6490.993869, "delta": 28.942959}}
{"target": 0.25232876918669694, "params": {"h": 28.0, "p": 836.0, "r": 27.0}, "datetime": {"datetime": "2024-06-06 23:23:51", "elapsed": 6542.587509, "delta": 51.59364}}
{"target": 7.705485266690437, "params": {"h": 27.0, "p": 613.0, "r": 49.0}, "datetime": {"datetime": "2024-06-06 23:24:22", "elapsed": 6574.415893, "delta": 31.828384}}
{"target": 2.6575835553520673, "params": {"h": 38.0, "p": 664.0, "r": 74.0}, "datetime": {"datetime": "2024-06-06 23:24:53", "elapsed": 6605.361846, "delta": 30.945953}}
{"target": 5.284109441468327, "params": {"h": 58.0, "p": 645.0, "r": 50.0}, "datetime": {"datetime": "2024-06-06 23:25:32", "elapsed": 6643.928586, "delta": 38.56674}}
{"target": 0.8195451744055225, "params": {"h": 36.0, "p": 975.0, "r": 106.0}, "datetime": {"datetime": "2024-06-06 23:26:25", "elapsed": 6697.006559, "delta": 53.077973}}
{"target": 22.66128663766798, "params": {"h": 22.0, "p": 408.0, "r": 40.0}, "datetime": {"datetime": "2024-06-06 23:26:48", "elapsed": 6719.760051, "delta": 22.753492}}
{"target": 1.000179414219128, "params": {"h": 27.0, "p": 807.0, "r": 93.0}, "datetime": {"datetime": "2024-06-06 23:27:26", "elapsed": 6757.78666, "delta": 38.026609}}
{"target": 6.836078791767035, "params": {"h": 34.0, "p": 772.0, "r": 48.0}, "datetime": {"datetime": "2024-06-06 23:28:08", "elapsed": 6800.132054, "delta": 42.345394}}
{"target": 0.2536142059299415, "params": {"h": 16.0, "p": 922.0, "r": 24.0}, "datetime": {"datetime": "2024-06-06 23:29:05", "elapsed": 6857.187593, "delta": 57.055539}}
{"target": 1.7105267845614083, "params": {"h": 35.0, "p": 783.0, "r": 139.0}, "datetime": {"datetime": "2024-06-06 23:29:39", "elapsed": 6890.857181, "delta": 33.669588}}
{"target": 2.073336020304038, "params": {"h": 42.0, "p": 707.0, "r": 79.0}, "datetime": {"datetime": "2024-06-06 23:30:11", "elapsed": 6923.234804, "delta": 32.377623}}
{"target": 2.9316021903228426, "params": {"h": 28.0, "p": 588.0, "r": 144.0}, "datetime": {"datetime": "2024-06-06 23:30:34", "elapsed": 6945.889803, "delta": 22.654999}}
{"target": 4.106676467276916, "params": {"h": 31.0, "p": 460.0, "r": 71.0}, "datetime": {"datetime": "2024-06-06 23:30:55", "elapsed": 6967.047762, "delta": 21.157959}}
{"target": 0.24179110438036358, "params": {"h": 53.0, "p": 454.0, "r": 21.0}, "datetime": {"datetime": "2024-06-06 23:31:43", "elapsed": 7015.253234, "delta": 48.205472}}
{"target": 3.8859889386025306, "params": {"h": 18.0, "p": 464.0, "r": 106.0}, "datetime": {"datetime": "2024-06-06 23:32:03", "elapsed": 7035.252644, "delta": 19.99941}}
{"target": 0.0811351922681139, "params": {"h": 19.0, "p": 506.0, "r": 16.0}, "datetime": {"datetime": "2024-06-06 23:32:42", "elapsed": 7074.372587, "delta": 39.119943}}
{"target": 0.4513916346831609, "params": {"h": 37.0, "p": 298.0, "r": 20.0}, "datetime": {"datetime": "2024-06-06 23:33:17", "elapsed": 7108.669741, "delta": 34.297154}}
{"target": 2.7916731922150517, "params": {"h": 46.0, "p": 942.0, "r": 49.0}, "datetime": {"datetime": "2024-06-06 23:34:15", "elapsed": 7167.001933, "delta": 58.332192}}
{"target": 2.0057686124470115, "params": {"h": 45.0, "p": 652.0, "r": 104.0}, "datetime": {"datetime": "2024-06-06 23:34:43", "elapsed": 7195.348205, "delta": 28.346272}}
