{"target": 43.012624072862124, "params": {"h": 27.0, "p": 180.0, "r": 58.0}, "datetime": {"datetime": "2024-05-11 18:37:16", "elapsed": 1921.711336, "delta": 12.736556}}
{"target": 105.0742421023005, "params": {"h": 15.0, "p": 224.0, "r": 38.0}, "datetime": {"datetime": "2024-05-11 18:37:32", "elapsed": 1938.235058, "delta": 16.523722}}
{"target": 90.23826804069942, "params": {"h": 17.0, "p": 228.0, "r": 35.0}, "datetime": {"datetime": "2024-05-11 18:37:50", "elapsed": 1955.415052, "delta": 17.179994}}
{"target": 27.973864521764295, "params": {"h": 15.0, "p": 237.0, "r": 46.0}, "datetime": {"datetime": "2024-05-11 18:38:05", "elapsed": 1970.762221, "delta": 15.347169}}
{"target": 42.51448621328835, "params": {"h": 46.0, "p": 223.0, "r": 61.0}, "datetime": {"datetime": "2024-05-11 18:38:20", "elapsed": 1985.89038, "delta": 15.128159}}
{"target": 0.4019813125147721, "params": {"h": 56.0, "p": 533.0, "r": 26.0}, "datetime": {"datetime": "2024-05-11 18:39:08", "elapsed": 2034.365527, "delta": 48.475147}}
{"target": 0.9921979406180659, "params": {"h": 55.0, "p": 998.0, "r": 132.0}, "datetime": {"datetime": "2024-05-11 18:40:00", "elapsed": 2085.453333, "delta": 51.087806}}
{"target": 0.0, "params": {"h": 57.0, "p": 105.0, "r": 147.0}, "datetime": {"datetime": "2024-05-11 18:40:00", "elapsed": 2086.000239, "delta": 0.546906}}
{"target": 0.0, "params": {"h": 43.0, "p": 205.0, "r": 78.0}, "datetime": {"datetime": "2024-05-11 18:40:01", "elapsed": 2086.441196, "delta": 0.440957}}
{"target": 3.2673896495479595, "params": {"h": 19.0, "p": 566.0, "r": 148.0}, "datetime": {"datetime": "2024-05-11 18:40:28", "elapsed": 2113.979811, "delta": 27.538615}}
{"target": 126.42803629129374, "params": {"h": 18.0, "p": 222.0, "r": 41.0}, "datetime": {"datetime": "2024-05-11 18:40:44", "elapsed": 2130.077096, "delta": 16.097285}}
{"target": 2.461417181263729, "params": {"h": 18.0, "p": 707.0, "r": 149.0}, "datetime": {"datetime": "2024-05-11 18:41:27", "elapsed": 2172.42747, "delta": 42.350374}}
{"target": 0.21883783771644885, "params": {"h": 59.0, "p": 332.0, "r": 17.0}, "datetime": {"datetime": "2024-05-11 18:42:21", "elapsed": 2227.011496, "delta": 54.584026}}
{"target": 15.858529323488787, "params": {"h": 53.0, "p": 382.0, "r": 149.0}, "datetime": {"datetime": "2024-05-11 18:42:34", "elapsed": 2239.625134, "delta": 12.613638}}
{"target": 136.60281661979678, "params": {"h": 18.0, "p": 221.0, "r": 39.0}, "datetime": {"datetime": "2024-05-11 18:42:51", "elapsed": 2257.019071, "delta": 17.393937}}
{"target": 0.059030522390185705, "params": {"h": 60.0, "p": 847.0, "r": 20.0}, "datetime": {"datetime": "2024-05-11 18:44:11", "elapsed": 2336.701075, "delta": 79.682004}}
{"target": 0.04201775431095154, "params": {"h": 21.0, "p": 604.0, "r": 15.0}, "datetime": {"datetime": "2024-05-11 18:44:59", "elapsed": 2384.632808, "delta": 47.931733}}
{"target": 0.08954528519681736, "params": {"h": 22.0, "p": 461.0, "r": 16.0}, "datetime": {"datetime": "2024-05-11 18:45:37", "elapsed": 2422.543574, "delta": 37.910766}}
{"target": 82.21950692423108, "params": {"h": 24.0, "p": 222.0, "r": 43.0}, "datetime": {"datetime": "2024-05-11 18:45:53", "elapsed": 2439.094732, "delta": 16.551158}}
{"target": 1.1740868690133406, "params": {"h": 23.0, "p": 999.0, "r": 58.0}, "datetime": {"datetime": "2024-05-11 18:46:53", "elapsed": 2499.335899, "delta": 60.241167}}
{"target": 40.575520183831884, "params": {"h": 43.0, "p": 250.0, "r": 70.0}, "datetime": {"datetime": "2024-05-11 18:47:07", "elapsed": 2513.293716, "delta": 13.957817}}
{"target": 1.5653457417045893, "params": {"h": 45.0, "p": 816.0, "r": 150.0}, "datetime": {"datetime": "2024-05-11 18:47:41", "elapsed": 2547.345588, "delta": 34.051872}}
{"target": 0.03359964382886307, "params": {"h": 56.0, "p": 760.0, "r": 16.0}, "datetime": {"datetime": "2024-05-11 18:48:59", "elapsed": 2625.169201, "delta": 77.823613}}
{"target": 1.697272109807452, "params": {"h": 17.0, "p": 570.0, "r": 76.0}, "datetime": {"datetime": "2024-05-11 18:49:23", "elapsed": 2648.986815, "delta": 23.817614}}
{"target": 1.0767149854003961, "params": {"h": 58.0, "p": 940.0, "r": 86.0}, "datetime": {"datetime": "2024-05-11 18:50:15", "elapsed": 2700.414883, "delta": 51.428068}}
{"target": 112.60769320767699, "params": {"h": 21.0, "p": 219.0, "r": 43.0}, "datetime": {"datetime": "2024-05-11 18:50:31", "elapsed": 2716.823969, "delta": 16.409086}}
{"target": 0.0, "params": {"h": 18.0, "p": 156.0, "r": 120.0}, "datetime": {"datetime": "2024-05-11 18:50:31", "elapsed": 2717.308371, "delta": 0.484402}}
{"target": 2.827135826200131, "params": {"h": 18.0, "p": 635.0, "r": 149.0}, "datetime": {"datetime": "2024-05-11 18:51:08", "elapsed": 2754.239661, "delta": 36.93129}}
{"target": 100.49274369536964, "params": {"h": 19.0, "p": 224.0, "r": 38.0}, "datetime": {"datetime": "2024-05-11 18:51:26", "elapsed": 2771.542248, "delta": 17.302587}}
{"target": 74.6592687144095, "params": {"h": 21.0, "p": 189.0, "r": 48.0}, "datetime": {"datetime": "2024-05-11 18:51:39", "elapsed": 2785.373423, "delta": 13.831175}}
{"target": 77.53941477645121, "params": {"h": 16.0, "p": 233.0, "r": 41.0}, "datetime": {"datetime": "2024-05-11 18:51:56", "elapsed": 2802.003516, "delta": 16.630093}}
{"target": 0.0, "params": {"h": 55.0, "p": 272.0, "r": 145.0}, "datetime": {"datetime": "2024-05-11 18:51:57", "elapsed": 2802.722306, "delta": 0.71879}}
{"target": 72.13152621424429, "params": {"h": 21.0, "p": 178.0, "r": 40.0}, "datetime": {"datetime": "2024-05-11 18:52:12", "elapsed": 2817.449574, "delta": 14.727268}}
{"target": 2.289332068080455, "params": {"h": 19.0, "p": 495.0, "r": 75.0}, "datetime": {"datetime": "2024-05-11 18:52:32", "elapsed": 2837.925075, "delta": 20.475501}}
{"target": 1.109366278967801, "params": {"h": 19.0, "p": 877.0, "r": 57.0}, "datetime": {"datetime": "2024-05-11 18:53:19", "elapsed": 2884.539804, "delta": 46.614729}}
{"target": 109.44884487090205, "params": {"h": 20.0, "p": 220.0, "r": 40.0}, "datetime": {"datetime": "2024-05-11 18:53:35", "elapsed": 2900.776611, "delta": 16.236807}}
{"target": 1.1908536133931482, "params": {"h": 19.0, "p": 942.0, "r": 148.0}, "datetime": {"datetime": "2024-05-11 18:54:34", "elapsed": 2960.267376, "delta": 59.490765}}
{"target": 1.8052254252509226, "params": {"h": 57.0, "p": 719.0, "r": 103.0}, "datetime": {"datetime": "2024-05-11 18:55:07", "elapsed": 2992.491287, "delta": 32.223911}}
{"target": 5.656440650517375, "params": {"h": 59.0, "p": 446.0, "r": 69.0}, "datetime": {"datetime": "2024-05-11 18:55:30", "elapsed": 3016.073616, "delta": 23.582329}}
{"target": 3.6193217624535183, "params": {"h": 60.0, "p": 531.0, "r": 116.0}, "datetime": {"datetime": "2024-05-11 18:55:51", "elapsed": 3036.529639, "delta": 20.456023}}
{"target": 21.658544814254906, "params": {"h": 25.0, "p": 240.0, "r": 87.0}, "datetime": {"datetime": "2024-05-11 18:56:03", "elapsed": 3048.412791, "delta": 11.883152}}
{"target": 6.7495340179177905, "params": {"h": 57.0, "p": 363.0, "r": 91.0}, "datetime": {"datetime": "2024-05-11 18:56:19", "elapsed": 3065.086739, "delta": 16.673948}}
{"target": 54.40044734820025, "params": {"h": 60.0, "p": 277.0, "r": 65.0}, "datetime": {"datetime": "2024-05-11 18:56:37", "elapsed": 3083.216178, "delta": 18.129439}}
{"target": 67.14123687684793, "params": {"h": 20.0, "p": 216.0, "r": 49.0}, "datetime": {"datetime": "2024-05-11 18:56:52", "elapsed": 3098.347488, "delta": 15.13131}}
{"target": 51.29479143099031, "params": {"h": 59.0, "p": 289.0, "r": 68.0}, "datetime": {"datetime": "2024-05-11 18:57:11", "elapsed": 3116.512005, "delta": 18.164517}}
{"target": 46.668554923030186, "params": {"h": 47.0, "p": 283.0, "r": 68.0}, "datetime": {"datetime": "2024-05-11 18:57:27", "elapsed": 3133.236197, "delta": 16.724192}}
{"target": 47.9876344389355, "params": {"h": 59.0, "p": 278.0, "r": 52.0}, "datetime": {"datetime": "2024-05-11 18:57:48", "elapsed": 3153.663619, "delta": 20.427422}}
{"target": 35.95872133860942, "params": {"h": 56.0, "p": 276.0, "r": 78.0}, "datetime": {"datetime": "2024-05-11 18:58:03", "elapsed": 3168.651291, "delta": 14.987672}}
{"target": 61.7120854888593, "params": {"h": 57.0, "p": 291.0, "r": 53.0}, "datetime": {"datetime": "2024-05-11 18:58:23", "elapsed": 3189.233061, "delta": 20.58177}}
{"target": 69.82244321269016, "params": {"h": 50.0, "p": 296.0, "r": 60.0}, "datetime": {"datetime": "2024-05-11 18:58:42", "elapsed": 3207.520457, "delta": 18.287396}}
{"target": 75.68855032898139, "params": {"h": 60.0, "p": 301.0, "r": 58.0}, "datetime": {"datetime": "2024-05-11 18:59:02", "elapsed": 3227.821998, "delta": 20.301541}}
{"target": 53.684668610363545, "params": {"h": 56.0, "p": 300.0, "r": 66.0}, "datetime": {"datetime": "2024-05-11 18:59:22", "elapsed": 3247.548282, "delta": 19.726284}}
{"target": 80.4283982558447, "params": {"h": 47.0, "p": 300.0, "r": 52.0}, "datetime": {"datetime": "2024-05-11 18:59:43", "elapsed": 3268.442902, "delta": 20.89462}}
{"target": 87.73277667111611, "params": {"h": 52.0, "p": 309.0, "r": 55.0}, "datetime": {"datetime": "2024-05-11 19:00:03", "elapsed": 3288.979422, "delta": 20.53652}}
{"target": 78.93877902045188, "params": {"h": 44.0, "p": 308.0, "r": 57.0}, "datetime": {"datetime": "2024-05-11 19:00:24", "elapsed": 3309.62541, "delta": 20.645988}}
{"target": 54.169333932715524, "params": {"h": 54.0, "p": 302.0, "r": 50.0}, "datetime": {"datetime": "2024-05-11 19:00:46", "elapsed": 3331.519675, "delta": 21.894265}}
{"target": 71.00836344158279, "params": {"h": 53.0, "p": 307.0, "r": 60.0}, "datetime": {"datetime": "2024-05-11 19:01:05", "elapsed": 3350.413613, "delta": 18.893938}}
{"target": 92.09650335853176, "params": {"h": 49.0, "p": 316.0, "r": 55.0}, "datetime": {"datetime": "2024-05-11 19:01:25", "elapsed": 3371.323337, "delta": 20.909724}}
{"target": 80.79955814553689, "params": {"h": 57.0, "p": 315.0, "r": 58.0}, "datetime": {"datetime": "2024-05-11 19:01:45", "elapsed": 3391.033184, "delta": 19.709847}}
{"target": 42.33239917462878, "params": {"h": 54.0, "p": 315.0, "r": 47.0}, "datetime": {"datetime": "2024-05-11 19:02:08", "elapsed": 3413.75632, "delta": 22.723136}}
{"target": 48.467462105622026, "params": {"h": 51.0, "p": 317.0, "r": 64.0}, "datetime": {"datetime": "2024-05-11 19:02:28", "elapsed": 3433.541116, "delta": 19.784796}}
{"target": 95.95803336538725, "params": {"h": 40.0, "p": 307.0, "r": 50.0}, "datetime": {"datetime": "2024-05-11 19:02:48", "elapsed": 3453.704008, "delta": 20.162892}}
{"target": 106.37533067711115, "params": {"h": 37.0, "p": 301.0, "r": 51.0}, "datetime": {"datetime": "2024-05-11 19:03:08", "elapsed": 3473.724163, "delta": 20.020155}}
{"target": 87.98688437614067, "params": {"h": 40.0, "p": 301.0, "r": 55.0}, "datetime": {"datetime": "2024-05-11 19:03:26", "elapsed": 3492.170878, "delta": 18.446715}}
{"target": 42.97076777051376, "params": {"h": 37.0, "p": 298.0, "r": 44.0}, "datetime": {"datetime": "2024-05-11 19:03:47", "elapsed": 3513.363105, "delta": 21.192227}}
{"target": 82.0950375776051, "params": {"h": 43.0, "p": 313.0, "r": 49.0}, "datetime": {"datetime": "2024-05-11 19:04:10", "elapsed": 3535.68061, "delta": 22.317505}}
{"target": 66.84866705536565, "params": {"h": 33.0, "p": 306.0, "r": 55.0}, "datetime": {"datetime": "2024-05-11 19:04:29", "elapsed": 3554.497417, "delta": 18.816807}}
{"target": 102.43664618803251, "params": {"h": 31.0, "p": 296.0, "r": 51.0}, "datetime": {"datetime": "2024-05-11 19:04:48", "elapsed": 3573.909052, "delta": 19.411635}}
{"target": 64.03391085414219, "params": {"h": 34.0, "p": 295.0, "r": 57.0}, "datetime": {"datetime": "2024-05-11 19:05:06", "elapsed": 3591.774592, "delta": 17.86554}}
{"target": 88.31236546686108, "params": {"h": 26.0, "p": 301.0, "r": 49.0}, "datetime": {"datetime": "2024-05-11 19:05:24", "elapsed": 3609.984002, "delta": 18.20941}}
{"target": 113.59115349814714, "params": {"h": 32.0, "p": 301.0, "r": 50.0}, "datetime": {"datetime": "2024-05-11 19:05:43", "elapsed": 3628.67688, "delta": 18.692878}}
{"target": 52.79849329234876, "params": {"h": 33.0, "p": 312.0, "r": 43.0}, "datetime": {"datetime": "2024-05-11 19:06:05", "elapsed": 3651.167173, "delta": 22.490293}}
{"target": 59.70948609194514, "params": {"h": 29.0, "p": 300.0, "r": 54.0}, "datetime": {"datetime": "2024-05-11 19:06:24", "elapsed": 3670.125024, "delta": 18.957851}}
{"target": 101.4601009750844, "params": {"h": 24.0, "p": 294.0, "r": 47.0}, "datetime": {"datetime": "2024-05-11 19:06:42", "elapsed": 3687.833128, "delta": 17.708104}}
{"target": 116.70500893291359, "params": {"h": 27.0, "p": 297.0, "r": 44.0}, "datetime": {"datetime": "2024-05-11 19:07:01", "elapsed": 3707.152181, "delta": 19.319053}}
{"target": 122.68154293584043, "params": {"h": 23.0, "p": 295.0, "r": 41.0}, "datetime": {"datetime": "2024-05-11 19:07:21", "elapsed": 3727.112005, "delta": 19.959824}}
{"target": 86.028027262427, "params": {"h": 26.0, "p": 292.0, "r": 42.0}, "datetime": {"datetime": "2024-05-11 19:07:42", "elapsed": 3747.677654, "delta": 20.565649}}
{"target": 159.25160748911625, "params": {"h": 19.0, "p": 291.0, "r": 40.0}, "datetime": {"datetime": "2024-05-11 19:08:00", "elapsed": 3765.571836, "delta": 17.894182}}
{"target": 131.77364991324376, "params": {"h": 16.0, "p": 295.0, "r": 37.0}, "datetime": {"datetime": "2024-05-11 19:08:19", "elapsed": 3784.828266, "delta": 19.25643}}
{"target": 119.01194503281582, "params": {"h": 18.0, "p": 292.0, "r": 40.0}, "datetime": {"datetime": "2024-05-11 19:08:38", "elapsed": 3804.362328, "delta": 19.534062}}
{"target": 110.57193599403088, "params": {"h": 21.0, "p": 286.0, "r": 44.0}, "datetime": {"datetime": "2024-05-11 19:08:56", "elapsed": 3822.226449, "delta": 17.864121}}
{"target": 153.20902278399979, "params": {"h": 17.0, "p": 289.0, "r": 38.0}, "datetime": {"datetime": "2024-05-11 19:09:16", "elapsed": 3841.464554, "delta": 19.238105}}
{"target": 144.47170144596126, "params": {"h": 20.0, "p": 289.0, "r": 39.0}, "datetime": {"datetime": "2024-05-11 19:09:35", "elapsed": 3860.454281, "delta": 18.989727}}
{"target": 80.43214440800259, "params": {"h": 17.0, "p": 296.0, "r": 34.0}, "datetime": {"datetime": "2024-05-11 19:09:54", "elapsed": 3879.646217, "delta": 19.191936}}
{"target": 156.46402878848133, "params": {"h": 20.0, "p": 290.0, "r": 41.0}, "datetime": {"datetime": "2024-05-11 19:10:13", "elapsed": 3898.887953, "delta": 19.241736}}
{"target": 68.17342891498024, "params": {"h": 24.0, "p": 285.0, "r": 50.0}, "datetime": {"datetime": "2024-05-11 19:10:31", "elapsed": 3916.625233, "delta": 17.73728}}
{"target": 45.39114254678096, "params": {"h": 22.0, "p": 293.0, "r": 37.0}, "datetime": {"datetime": "2024-05-11 19:10:53", "elapsed": 3938.473557, "delta": 21.848324}}
{"target": 83.50746522240871, "params": {"h": 15.0, "p": 285.0, "r": 37.0}, "datetime": {"datetime": "2024-05-11 19:11:12", "elapsed": 3958.069828, "delta": 19.596271}}
{"target": 137.63721939011452, "params": {"h": 25.0, "p": 301.0, "r": 43.0}, "datetime": {"datetime": "2024-05-11 19:11:31", "elapsed": 3977.358352, "delta": 19.288524}}
{"target": 113.29603033293982, "params": {"h": 22.0, "p": 306.0, "r": 44.0}, "datetime": {"datetime": "2024-05-11 19:11:52", "elapsed": 3997.506736, "delta": 20.148384}}
{"target": 99.10098956314557, "params": {"h": 21.0, "p": 311.0, "r": 38.0}, "datetime": {"datetime": "2024-05-11 19:12:13", "elapsed": 4018.791138, "delta": 21.284402}}
{"target": 53.72863941584313, "params": {"h": 19.0, "p": 303.0, "r": 44.0}, "datetime": {"datetime": "2024-05-11 19:12:31", "elapsed": 4036.639284, "delta": 17.848146}}
{"target": 38.48387296753909, "params": {"h": 30.0, "p": 301.0, "r": 41.0}, "datetime": {"datetime": "2024-05-11 19:12:52", "elapsed": 4058.083688, "delta": 21.444404}}
{"target": 176.78287291210432, "params": {"h": 16.0, "p": 293.0, "r": 36.0}, "datetime": {"datetime": "2024-05-11 19:13:12", "elapsed": 4077.773479, "delta": 19.689791}}
{"target": 161.04980911109047, "params": {"h": 21.0, "p": 317.0, "r": 41.0}, "datetime": {"datetime": "2024-05-11 19:13:32", "elapsed": 4097.669007, "delta": 19.895528}}
{"target": 95.09168516612259, "params": {"h": 24.0, "p": 319.0, "r": 40.0}, "datetime": {"datetime": "2024-05-11 19:13:52", "elapsed": 4118.12456, "delta": 20.455553}}
{"target": 76.77086102023335, "params": {"h": 20.0, "p": 315.0, "r": 43.0}, "datetime": {"datetime": "2024-05-11 19:14:12", "elapsed": 4138.174902, "delta": 20.050342}}
{"target": 188.8114263802766, "params": {"h": 17.0, "p": 317.0, "r": 36.0}, "datetime": {"datetime": "2024-05-11 19:14:32", "elapsed": 4158.323943, "delta": 20.149041}}
{"target": 156.6672193933513, "params": {"h": 17.0, "p": 323.0, "r": 37.0}, "datetime": {"datetime": "2024-05-11 19:14:54", "elapsed": 4179.845059, "delta": 21.521116}}
{"target": 128.02856472014076, "params": {"h": 19.0, "p": 319.0, "r": 40.0}, "datetime": {"datetime": "2024-05-11 19:15:15", "elapsed": 4200.397293, "delta": 20.552234}}
{"target": 47.161306845687434, "params": {"h": 21.0, "p": 315.0, "r": 36.0}, "datetime": {"datetime": "2024-05-11 19:15:37", "elapsed": 4223.200217, "delta": 22.802924}}
{"target": 10.553702304288505, "params": {"h": 21.0, "p": 321.0, "r": 32.0}, "datetime": {"datetime": "2024-05-11 19:16:00", "elapsed": 4246.158496, "delta": 22.958279}}
{"target": 57.66810496202194, "params": {"h": 19.0, "p": 327.0, "r": 42.0}, "datetime": {"datetime": "2024-05-11 19:16:20", "elapsed": 4265.957768, "delta": 19.799272}}
{"target": 98.64147523778361, "params": {"h": 16.0, "p": 317.0, "r": 37.0}, "datetime": {"datetime": "2024-05-11 19:16:40", "elapsed": 4285.977117, "delta": 20.019349}}
{"target": 94.5732349039078, "params": {"h": 19.0, "p": 318.0, "r": 36.0}, "datetime": {"datetime": "2024-05-11 19:17:01", "elapsed": 4306.778273, "delta": 20.801156}}
{"target": 127.36609413478884, "params": {"h": 22.0, "p": 292.0, "r": 44.0}, "datetime": {"datetime": "2024-05-11 19:17:20", "elapsed": 4326.019541, "delta": 19.241268}}
{"target": 30.923837833201606, "params": {"h": 17.0, "p": 291.0, "r": 32.0}, "datetime": {"datetime": "2024-05-11 19:17:41", "elapsed": 4346.728316, "delta": 20.708775}}
{"target": 7.184063769848403, "params": {"h": 18.0, "p": 314.0, "r": 29.0}, "datetime": {"datetime": "2024-05-11 19:18:03", "elapsed": 4368.794895, "delta": 22.066579}}
{"target": 156.50729295839264, "params": {"h": 23.0, "p": 304.0, "r": 42.0}, "datetime": {"datetime": "2024-05-11 19:18:23", "elapsed": 4388.596246, "delta": 19.801351}}
{"target": 56.79295082583208, "params": {"h": 15.0, "p": 291.0, "r": 38.0}, "datetime": {"datetime": "2024-05-11 19:18:41", "elapsed": 4406.913376, "delta": 18.31713}}
{"target": 105.86311537491797, "params": {"h": 24.0, "p": 301.0, "r": 41.0}, "datetime": {"datetime": "2024-05-11 19:19:02", "elapsed": 4428.137571, "delta": 21.224195}}
{"target": 52.65421822844732, "params": {"h": 23.0, "p": 306.0, "r": 38.0}, "datetime": {"datetime": "2024-05-11 19:19:24", "elapsed": 4449.659933, "delta": 21.522362}}
{"target": 142.10562942457105, "params": {"h": 25.0, "p": 306.0, "r": 45.0}, "datetime": {"datetime": "2024-05-11 19:19:43", "elapsed": 4468.415699, "delta": 18.755766}}
{"target": 53.84469529055353, "params": {"h": 17.0, "p": 318.0, "r": 33.0}, "datetime": {"datetime": "2024-05-11 19:20:04", "elapsed": 4490.122792, "delta": 21.707093}}
{"target": 177.24485273297432, "params": {"h": 21.0, "p": 323.0, "r": 40.0}, "datetime": {"datetime": "2024-05-11 19:20:24", "elapsed": 4509.801461, "delta": 19.678669}}
{"target": 116.29864602780512, "params": {"h": 23.0, "p": 301.0, "r": 45.0}, "datetime": {"datetime": "2024-05-11 19:20:42", "elapsed": 4528.323584, "delta": 18.522123}}
{"target": 185.28697258910884, "params": {"h": 19.0, "p": 324.0, "r": 38.0}, "datetime": {"datetime": "2024-05-11 19:21:03", "elapsed": 4548.921581, "delta": 20.597997}}
{"target": 32.95334638833691, "params": {"h": 16.0, "p": 324.0, "r": 40.0}, "datetime": {"datetime": "2024-05-11 19:21:24", "elapsed": 4570.239578, "delta": 21.317997}}
{"target": 182.31453418065175, "params": {"h": 16.0, "p": 293.0, "r": 35.0}, "datetime": {"datetime": "2024-05-11 19:21:44", "elapsed": 4590.008992, "delta": 19.769414}}
