{"target": 0.9782541186716124, "params": {"h": 26.0, "p": 886.0, "r": 122.0}, "datetime": {"datetime": "2024-05-19 19:04:42", "elapsed": 0.0, "delta": 0.0}}
{"target": 10.78234465229941, "params": {"h": 46.0, "p": 117.0, "r": 30.0}, "datetime": {"datetime": "2024-05-19 19:05:03", "elapsed": 21.587423, "delta": 21.587423}}
{"target": 0.05594334002231441, "params": {"h": 35.0, "p": 934.0, "r": 21.0}, "datetime": {"datetime": "2024-05-19 19:06:20", "elapsed": 98.096764, "delta": 76.509341}}
{"target": 0.0, "params": {"h": 51.0, "p": 207.0, "r": 150.0}, "datetime": {"datetime": "2024-05-19 19:06:20", "elapsed": 98.098766, "delta": 0.002002}}
{"target": 2.432619854450834, "params": {"h": 56.0, "p": 637.0, "r": 86.0}, "datetime": {"datetime": "2024-05-19 19:06:51", "elapsed": 129.864003, "delta": 31.765237}}
{"target": 6.349105676605213, "params": {"h": 50.0, "p": 472.0, "r": 129.0}, "datetime": {"datetime": "2024-05-19 19:07:08", "elapsed": 146.117917, "delta": 16.253914}}
{"target": 1.3434948608378983, "params": {"h": 32.0, "p": 782.0, "r": 82.0}, "datetime": {"datetime": "2024-05-19 19:07:45", "elapsed": 183.695837, "delta": 37.57792}}
{"target": 11.560509187030856, "params": {"h": 23.0, "p": 310.0, "r": 101.0}, "datetime": {"datetime": "2024-05-19 19:08:00", "elapsed": 198.535054, "delta": 14.839217}}
{"target": 4.060072671644787, "params": {"h": 39.0, "p": 695.0, "r": 42.0}, "datetime": {"datetime": "2024-05-19 19:08:41", "elapsed": 239.718859, "delta": 41.183805}}
{"target": 2.8314280832042504, "params": {"h": 15.0, "p": 398.0, "r": 60.0}, "datetime": {"datetime": "2024-05-19 19:09:03", "elapsed": 261.093074, "delta": 21.374215}}
{"target": 10.544730961040457, "params": {"h": 21.0, "p": 312.0, "r": 100.0}, "datetime": {"datetime": "2024-05-19 19:09:18", "elapsed": 276.631611, "delta": 15.538537}}
{"target": 14.34758600220667, "params": {"h": 28.0, "p": 305.0, "r": 104.0}, "datetime": {"datetime": "2024-05-19 19:09:33", "elapsed": 290.977046, "delta": 14.345435}}
{"target": 17.343131975937506, "params": {"h": 35.0, "p": 298.0, "r": 109.0}, "datetime": {"datetime": "2024-05-19 19:09:45", "elapsed": 303.714533, "delta": 12.737487}}
{"target": 19.88727933930679, "params": {"h": 50.0, "p": 294.0, "r": 110.0}, "datetime": {"datetime": "2024-05-19 19:09:59", "elapsed": 317.182477, "delta": 13.467944}}
{"target": 20.74124752513613, "params": {"h": 60.0, "p": 305.0, "r": 120.0}, "datetime": {"datetime": "2024-05-19 19:10:13", "elapsed": 331.20439, "delta": 14.021913}}
{"target": 23.12648840816787, "params": {"h": 60.0, "p": 307.0, "r": 105.0}, "datetime": {"datetime": "2024-05-19 19:10:28", "elapsed": 346.571266, "delta": 15.366876}}
{"target": 28.57971845508783, "params": {"h": 60.0, "p": 307.0, "r": 86.0}, "datetime": {"datetime": "2024-05-19 19:10:45", "elapsed": 363.872276, "delta": 17.30101}}
{"target": 52.99157289378134, "params": {"h": 60.0, "p": 304.0, "r": 67.0}, "datetime": {"datetime": "2024-05-19 19:11:07", "elapsed": 384.931495, "delta": 21.059219}}
{"target": 75.90373492298632, "params": {"h": 60.0, "p": 302.0, "r": 58.0}, "datetime": {"datetime": "2024-05-19 19:11:30", "elapsed": 407.937878, "delta": 23.006383}}
{"target": 36.39039501722264, "params": {"h": 60.0, "p": 300.0, "r": 48.0}, "datetime": {"datetime": "2024-05-19 19:11:59", "elapsed": 437.217561, "delta": 29.279683}}
{"target": 73.66019302224734, "params": {"h": 58.0, "p": 299.0, "r": 59.0}, "datetime": {"datetime": "2024-05-19 19:12:21", "elapsed": 459.330308, "delta": 22.112747}}
{"target": 72.08342866701241, "params": {"h": 60.0, "p": 300.0, "r": 60.0}, "datetime": {"datetime": "2024-05-19 19:12:45", "elapsed": 483.189434, "delta": 23.859126}}
{"target": 78.15389573444432, "params": {"h": 56.0, "p": 304.0, "r": 58.0}, "datetime": {"datetime": "2024-05-19 19:13:08", "elapsed": 506.186286, "delta": 22.996852}}
{"target": 81.62662855580652, "params": {"h": 59.0, "p": 315.0, "r": 58.0}, "datetime": {"datetime": "2024-05-19 19:13:31", "elapsed": 529.562859, "delta": 23.376573}}
{"target": 83.01259490343931, "params": {"h": 52.0, "p": 319.0, "r": 57.0}, "datetime": {"datetime": "2024-05-19 19:13:57", "elapsed": 554.938855, "delta": 25.375996}}
{"target": 89.58486998373043, "params": {"h": 57.0, "p": 326.0, "r": 56.0}, "datetime": {"datetime": "2024-05-19 19:14:23", "elapsed": 580.939283, "delta": 26.000428}}
{"target": 47.178208564188715, "params": {"h": 55.0, "p": 332.0, "r": 62.0}, "datetime": {"datetime": "2024-05-19 19:14:48", "elapsed": 605.967792, "delta": 25.028509}}
{"target": 82.20394250300015, "params": {"h": 58.0, "p": 324.0, "r": 51.0}, "datetime": {"datetime": "2024-05-19 19:15:14", "elapsed": 632.684448, "delta": 26.716656}}
{"target": 54.464453199854944, "params": {"h": 37.0, "p": 299.0, "r": 60.0}, "datetime": {"datetime": "2024-05-19 19:15:35", "elapsed": 653.535092, "delta": 20.850644}}
{"target": 85.49969246780242, "params": {"h": 58.0, "p": 323.0, "r": 57.0}, "datetime": {"datetime": "2024-05-19 19:16:00", "elapsed": 678.87326, "delta": 25.338168}}
{"target": 98.29308794038913, "params": {"h": 54.0, "p": 326.0, "r": 54.0}, "datetime": {"datetime": "2024-05-19 19:16:25", "elapsed": 703.212203, "delta": 24.338943}}
{"target": 27.396032553616745, "params": {"h": 48.0, "p": 331.0, "r": 43.0}, "datetime": {"datetime": "2024-05-19 19:16:54", "elapsed": 732.587571, "delta": 29.375368}}
{"target": 44.845055855596655, "params": {"h": 39.0, "p": 270.0, "r": 67.0}, "datetime": {"datetime": "2024-05-19 19:17:11", "elapsed": 749.552265, "delta": 16.964694}}
{"target": 79.69126675840499, "params": {"h": 20.0, "p": 276.0, "r": 45.0}, "datetime": {"datetime": "2024-05-19 19:17:31", "elapsed": 769.487445, "delta": 19.93518}}
{"target": 36.25969504636631, "params": {"h": 16.0, "p": 288.0, "r": 42.0}, "datetime": {"datetime": "2024-05-19 19:17:51", "elapsed": 789.687129, "delta": 20.199684}}
{"target": 121.32943274322976, "params": {"h": 22.0, "p": 264.0, "r": 45.0}, "datetime": {"datetime": "2024-05-19 19:18:13", "elapsed": 811.281493, "delta": 21.594364}}
{"target": 65.46418630786414, "params": {"h": 18.0, "p": 260.0, "r": 44.0}, "datetime": {"datetime": "2024-05-19 19:18:33", "elapsed": 831.813076, "delta": 20.531583}}
{"target": 89.57822045703843, "params": {"h": 27.0, "p": 265.0, "r": 44.0}, "datetime": {"datetime": "2024-05-19 19:18:55", "elapsed": 853.01039, "delta": 21.197314}}
{"target": 35.15722632587831, "params": {"h": 20.0, "p": 266.0, "r": 52.0}, "datetime": {"datetime": "2024-05-19 19:19:13", "elapsed": 871.049952, "delta": 18.039562}}
{"target": 140.44476695850895, "params": {"h": 18.0, "p": 268.0, "r": 40.0}, "datetime": {"datetime": "2024-05-19 19:19:31", "elapsed": 889.81131, "delta": 18.761358}}
{"target": 31.648352648573418, "params": {"h": 25.0, "p": 267.0, "r": 38.0}, "datetime": {"datetime": "2024-05-19 19:19:55", "elapsed": 913.222074, "delta": 23.410764}}
{"target": 38.384444214925466, "params": {"h": 16.0, "p": 268.0, "r": 43.0}, "datetime": {"datetime": "2024-05-19 19:20:13", "elapsed": 931.379749, "delta": 18.157675}}
{"target": 169.53042386342167, "params": {"h": 18.0, "p": 272.0, "r": 38.0}, "datetime": {"datetime": "2024-05-19 19:20:34", "elapsed": 952.868783, "delta": 21.489034}}
{"target": 161.78483057390713, "params": {"h": 17.0, "p": 270.0, "r": 38.0}, "datetime": {"datetime": "2024-05-19 19:20:56", "elapsed": 974.305628, "delta": 21.436845}}
{"target": 160.20539246838288, "params": {"h": 17.0, "p": 276.0, "r": 38.0}, "datetime": {"datetime": "2024-05-19 19:21:17", "elapsed": 995.354309, "delta": 21.048681}}
{"target": 164.13457162191008, "params": {"h": 17.0, "p": 272.0, "r": 38.0}, "datetime": {"datetime": "2024-05-19 19:21:39", "elapsed": 1017.75691, "delta": 22.402601}}
{"target": 106.64395969939015, "params": {"h": 18.0, "p": 274.0, "r": 36.0}, "datetime": {"datetime": "2024-05-19 19:22:01", "elapsed": 1039.739486, "delta": 21.982576}}
{"target": 60.993381914442, "params": {"h": 17.0, "p": 274.0, "r": 42.0}, "datetime": {"datetime": "2024-05-19 19:22:20", "elapsed": 1058.049414, "delta": 18.309928}}
{"target": 43.679342823318336, "params": {"h": 22.0, "p": 277.0, "r": 37.0}, "datetime": {"datetime": "2024-05-19 19:22:40", "elapsed": 1078.712642, "delta": 20.663228}}
{"target": 95.71278079807135, "params": {"h": 15.0, "p": 271.0, "r": 37.0}, "datetime": {"datetime": "2024-05-19 19:23:01", "elapsed": 1099.462644, "delta": 20.750002}}
{"target": 72.19484016236652, "params": {"h": 21.0, "p": 269.0, "r": 38.0}, "datetime": {"datetime": "2024-05-19 19:23:23", "elapsed": 1121.509801, "delta": 22.047157}}
{"target": 162.15604712450065, "params": {"h": 17.0, "p": 273.0, "r": 38.0}, "datetime": {"datetime": "2024-05-19 19:23:44", "elapsed": 1142.258659, "delta": 20.748858}}
{"target": 180.13033615586625, "params": {"h": 16.0, "p": 279.0, "r": 36.0}, "datetime": {"datetime": "2024-05-19 19:24:04", "elapsed": 1162.72737, "delta": 20.468711}}
{"target": 89.51333515377853, "params": {"h": 15.0, "p": 279.0, "r": 37.0}, "datetime": {"datetime": "2024-05-19 19:24:26", "elapsed": 1183.951888, "delta": 21.224518}}
{"target": 67.46513040194192, "params": {"h": 16.0, "p": 270.0, "r": 40.0}, "datetime": {"datetime": "2024-05-19 19:24:44", "elapsed": 1202.910113, "delta": 18.958225}}
{"target": 125.495243492582, "params": {"h": 16.0, "p": 279.0, "r": 34.0}, "datetime": {"datetime": "2024-05-19 19:25:07", "elapsed": 1225.183022, "delta": 22.272909}}
{"target": 113.37503322679645, "params": {"h": 24.0, "p": 262.0, "r": 47.0}, "datetime": {"datetime": "2024-05-19 19:25:28", "elapsed": 1246.299855, "delta": 21.116833}}
{"target": 119.29509933084258, "params": {"h": 25.0, "p": 263.0, "r": 45.0}, "datetime": {"datetime": "2024-05-19 19:25:49", "elapsed": 1267.252768, "delta": 20.952913}}
{"target": 104.85897256143558, "params": {"h": 18.0, "p": 279.0, "r": 41.0}, "datetime": {"datetime": "2024-05-19 19:26:09", "elapsed": 1287.725856, "delta": 20.473088}}
{"target": 70.60838845199567, "params": {"h": 19.0, "p": 270.0, "r": 36.0}, "datetime": {"datetime": "2024-05-19 19:26:31", "elapsed": 1309.761968, "delta": 22.036112}}
{"target": 48.383412287383614, "params": {"h": 19.0, "p": 283.0, "r": 35.0}, "datetime": {"datetime": "2024-05-19 19:26:54", "elapsed": 1332.896148, "delta": 23.13418}}
{"target": 116.77477338117893, "params": {"h": 26.0, "p": 265.0, "r": 47.0}, "datetime": {"datetime": "2024-05-19 19:27:15", "elapsed": 1353.019459, "delta": 20.123311}}
{"target": 111.7583919065502, "params": {"h": 27.0, "p": 263.0, "r": 47.0}, "datetime": {"datetime": "2024-05-19 19:27:34", "elapsed": 1372.198803, "delta": 19.179344}}
{"target": 144.2277893494064, "params": {"h": 19.0, "p": 271.0, "r": 41.0}, "datetime": {"datetime": "2024-05-19 19:27:54", "elapsed": 1392.63764, "delta": 20.438837}}
{"target": 132.03647152092134, "params": {"h": 17.0, "p": 271.0, "r": 39.0}, "datetime": {"datetime": "2024-05-19 19:28:14", "elapsed": 1412.6615, "delta": 20.02386}}
{"target": 93.33423014530302, "params": {"h": 53.0, "p": 322.0, "r": 55.0}, "datetime": {"datetime": "2024-05-19 19:28:40", "elapsed": 1438.249433, "delta": 25.587933}}
{"target": 131.83052115937048, "params": {"h": 23.0, "p": 262.0, "r": 44.0}, "datetime": {"datetime": "2024-05-19 19:28:59", "elapsed": 1457.413135, "delta": 19.163702}}
{"target": 159.37554843465108, "params": {"h": 19.0, "p": 273.0, "r": 39.0}, "datetime": {"datetime": "2024-05-19 19:29:21", "elapsed": 1478.963629, "delta": 21.550494}}
{"target": 148.00180026474908, "params": {"h": 21.0, "p": 268.0, "r": 42.0}, "datetime": {"datetime": "2024-05-19 19:29:40", "elapsed": 1498.783111, "delta": 19.819482}}
{"target": 148.74666589063094, "params": {"h": 20.0, "p": 269.0, "r": 40.0}, "datetime": {"datetime": "2024-05-19 19:30:00", "elapsed": 1518.714455, "delta": 19.931344}}
{"target": 159.50780450415735, "params": {"h": 16.0, "p": 264.0, "r": 35.0}, "datetime": {"datetime": "2024-05-19 19:30:20", "elapsed": 1538.34793, "delta": 19.633475}}
{"target": 47.452508395356155, "params": {"h": 18.0, "p": 265.0, "r": 34.0}, "datetime": {"datetime": "2024-05-19 19:30:41", "elapsed": 1559.916178, "delta": 21.568248}}
{"target": 105.1742512945242, "params": {"h": 19.0, "p": 278.0, "r": 37.0}, "datetime": {"datetime": "2024-05-19 19:31:02", "elapsed": 1580.191747, "delta": 20.275569}}
{"target": 102.61312759244336, "params": {"h": 48.0, "p": 323.0, "r": 52.0}, "datetime": {"datetime": "2024-05-19 19:31:25", "elapsed": 1603.87847, "delta": 23.686723}}
{"target": 153.53407473357336, "params": {"h": 19.0, "p": 267.0, "r": 39.0}, "datetime": {"datetime": "2024-05-19 19:31:45", "elapsed": 1623.5987, "delta": 19.72023}}
{"target": 94.45048068058472, "params": {"h": 21.0, "p": 264.0, "r": 39.0}, "datetime": {"datetime": "2024-05-19 19:32:07", "elapsed": 1645.050547, "delta": 21.451847}}
{"target": 102.46399960184185, "params": {"h": 23.0, "p": 272.0, "r": 41.0}, "datetime": {"datetime": "2024-05-19 19:32:28", "elapsed": 1665.987649, "delta": 20.937102}}
{"target": 68.23345397583967, "params": {"h": 19.0, "p": 259.0, "r": 36.0}, "datetime": {"datetime": "2024-05-19 19:32:49", "elapsed": 1687.515357, "delta": 21.527708}}
{"target": 115.84360524267402, "params": {"h": 18.0, "p": 264.0, "r": 41.0}, "datetime": {"datetime": "2024-05-19 19:33:08", "elapsed": 1706.590452, "delta": 19.075095}}
{"target": 139.53895006231343, "params": {"h": 21.0, "p": 269.0, "r": 43.0}, "datetime": {"datetime": "2024-05-19 19:33:28", "elapsed": 1726.772968, "delta": 20.182516}}
{"target": 74.4445793504855, "params": {"h": 48.0, "p": 318.0, "r": 49.0}, "datetime": {"datetime": "2024-05-19 19:33:54", "elapsed": 1752.854373, "delta": 26.081405}}
{"target": 128.16093364505664, "params": {"h": 20.0, "p": 272.0, "r": 39.0}, "datetime": {"datetime": "2024-05-19 19:34:15", "elapsed": 1773.486458, "delta": 20.632085}}
{"target": 76.9205322596996, "params": {"h": 24.0, "p": 262.0, "r": 41.0}, "datetime": {"datetime": "2024-05-19 19:34:36", "elapsed": 1794.414145, "delta": 20.927687}}
{"target": 76.35693462186843, "params": {"h": 16.0, "p": 260.0, "r": 33.0}, "datetime": {"datetime": "2024-05-19 19:34:59", "elapsed": 1816.999326, "delta": 22.585181}}
{"target": 80.01913403795487, "params": {"h": 15.0, "p": 264.0, "r": 38.0}, "datetime": {"datetime": "2024-05-19 19:35:19", "elapsed": 1837.32189, "delta": 20.322564}}
{"target": 95.04527108934624, "params": {"h": 26.0, "p": 259.0, "r": 50.0}, "datetime": {"datetime": "2024-05-19 19:35:38", "elapsed": 1856.392188, "delta": 19.070298}}
{"target": 102.91415063085115, "params": {"h": 30.0, "p": 270.0, "r": 50.0}, "datetime": {"datetime": "2024-05-19 19:35:56", "elapsed": 1874.675281, "delta": 18.283093}}
{"target": 120.2297263540659, "params": {"h": 24.0, "p": 258.0, "r": 46.0}, "datetime": {"datetime": "2024-05-19 19:36:15", "elapsed": 1893.69278, "delta": 19.017499}}
{"target": 67.63145837025289, "params": {"h": 23.0, "p": 254.0, "r": 51.0}, "datetime": {"datetime": "2024-05-19 19:36:34", "elapsed": 1912.235773, "delta": 18.542993}}
{"target": 130.56285003917333, "params": {"h": 24.0, "p": 269.0, "r": 45.0}, "datetime": {"datetime": "2024-05-19 19:36:55", "elapsed": 1933.620104, "delta": 21.384331}}
{"target": 75.32771960906159, "params": {"h": 48.0, "p": 324.0, "r": 57.0}, "datetime": {"datetime": "2024-05-19 19:37:19", "elapsed": 1957.253558, "delta": 23.633454}}
{"target": 49.20911202080234, "params": {"h": 29.0, "p": 273.0, "r": 42.0}, "datetime": {"datetime": "2024-05-19 19:37:41", "elapsed": 1978.997812, "delta": 21.744254}}
{"target": 129.4668741206405, "params": {"h": 22.0, "p": 253.0, "r": 44.0}, "datetime": {"datetime": "2024-05-19 19:37:59", "elapsed": 1997.898724, "delta": 18.900912}}
{"target": 116.54847190077612, "params": {"h": 22.0, "p": 265.0, "r": 41.0}, "datetime": {"datetime": "2024-05-19 19:38:21", "elapsed": 2018.946594, "delta": 21.04787}}
{"target": 121.0542440440268, "params": {"h": 21.0, "p": 272.0, "r": 44.0}, "datetime": {"datetime": "2024-05-19 19:38:41", "elapsed": 2039.032347, "delta": 20.085753}}
{"target": 134.0500236514726, "params": {"h": 22.0, "p": 268.0, "r": 44.0}, "datetime": {"datetime": "2024-05-19 19:39:01", "elapsed": 2059.119632, "delta": 20.087285}}
{"target": 157.2660313279308, "params": {"h": 17.0, "p": 277.0, "r": 36.0}, "datetime": {"datetime": "2024-05-19 19:39:22", "elapsed": 2080.472569, "delta": 21.352937}}
{"target": 97.71305965532692, "params": {"h": 21.0, "p": 248.0, "r": 46.0}, "datetime": {"datetime": "2024-05-19 19:39:42", "elapsed": 2100.042491, "delta": 19.569922}}
{"target": 116.7380245855261, "params": {"h": 23.0, "p": 255.0, "r": 46.0}, "datetime": {"datetime": "2024-05-19 19:40:01", "elapsed": 2119.447858, "delta": 19.405367}}
{"target": 99.07407581107913, "params": {"h": 24.0, "p": 273.0, "r": 48.0}, "datetime": {"datetime": "2024-05-19 19:40:22", "elapsed": 2140.203502, "delta": 20.755644}}
{"target": 156.25402926960442, "params": {"h": 16.0, "p": 266.0, "r": 37.0}, "datetime": {"datetime": "2024-05-19 19:40:43", "elapsed": 2161.060481, "delta": 20.856979}}
{"target": 34.966180196803755, "params": {"h": 16.0, "p": 252.0, "r": 45.0}, "datetime": {"datetime": "2024-05-19 19:41:01", "elapsed": 2178.976741, "delta": 17.91626}}
{"target": 30.276543371747696, "params": {"h": 27.0, "p": 250.0, "r": 39.0}, "datetime": {"datetime": "2024-05-19 19:41:23", "elapsed": 2201.480912, "delta": 22.504171}}
{"target": 87.31357419959221, "params": {"h": 28.0, "p": 267.0, "r": 52.0}, "datetime": {"datetime": "2024-05-19 19:41:41", "elapsed": 2219.773564, "delta": 18.292652}}
{"target": 105.09293059319911, "params": {"h": 20.0, "p": 265.0, "r": 44.0}, "datetime": {"datetime": "2024-05-19 19:41:59", "elapsed": 2237.904049, "delta": 18.130485}}
{"target": 86.33618070538911, "params": {"h": 28.0, "p": 273.0, "r": 52.0}, "datetime": {"datetime": "2024-05-19 19:42:17", "elapsed": 2255.671414, "delta": 17.767365}}
{"target": 79.72264960102213, "params": {"h": 33.0, "p": 266.0, "r": 48.0}, "datetime": {"datetime": "2024-05-19 19:42:39", "elapsed": 2277.075837, "delta": 21.404423}}
{"target": 70.9213771470047, "params": {"h": 33.0, "p": 253.0, "r": 48.0}, "datetime": {"datetime": "2024-05-19 19:42:59", "elapsed": 2297.016985, "delta": 19.941148}}
{"target": 88.26703830960038, "params": {"h": 22.0, "p": 243.0, "r": 48.0}, "datetime": {"datetime": "2024-05-19 19:43:15", "elapsed": 2313.244343, "delta": 16.227358}}
{"target": 112.49921589409819, "params": {"h": 42.0, "p": 325.0, "r": 51.0}, "datetime": {"datetime": "2024-05-19 19:43:38", "elapsed": 2336.838621, "delta": 23.594278}}
{"target": 98.70091305303279, "params": {"h": 43.0, "p": 328.0, "r": 53.0}, "datetime": {"datetime": "2024-05-19 19:44:00", "elapsed": 2358.134321, "delta": 21.2957}}
{"target": 155.43778762825886, "params": {"h": 16.0, "p": 269.0, "r": 37.0}, "datetime": {"datetime": "2024-05-19 19:44:21", "elapsed": 2379.646999, "delta": 21.512678}}
{"target": 123.99405347951877, "params": {"h": 23.0, "p": 258.0, "r": 43.0}, "datetime": {"datetime": "2024-05-19 19:44:42", "elapsed": 2400.537699, "delta": 20.8907}}
{"target": 95.28985374902015, "params": {"h": 27.0, "p": 259.0, "r": 45.0}, "datetime": {"datetime": "2024-05-19 19:45:04", "elapsed": 2422.681369, "delta": 22.14367}}
{"target": 73.0428287766282, "params": {"h": 38.0, "p": 320.0, "r": 55.0}, "datetime": {"datetime": "2024-05-19 19:45:28", "elapsed": 2446.276218, "delta": 23.594849}}
{"target": 80.73814366846504, "params": {"h": 26.0, "p": 256.0, "r": 43.0}, "datetime": {"datetime": "2024-05-19 19:45:49", "elapsed": 2467.388136, "delta": 21.111918}}
{"target": 123.71332587119966, "params": {"h": 22.0, "p": 255.0, "r": 42.0}, "datetime": {"datetime": "2024-05-19 19:46:08", "elapsed": 2486.70303, "delta": 19.314894}}
{"target": 58.598901377504795, "params": {"h": 43.0, "p": 323.0, "r": 46.0}, "datetime": {"datetime": "2024-05-19 19:46:33", "elapsed": 2511.792883, "delta": 25.089853}}
{"target": 79.37952111097474, "params": {"h": 35.0, "p": 330.0, "r": 52.0}, "datetime": {"datetime": "2024-05-19 19:46:56", "elapsed": 2534.836747, "delta": 23.043864}}
{"target": 108.77907030827676, "params": {"h": 25.0, "p": 268.0, "r": 48.0}, "datetime": {"datetime": "2024-05-19 19:47:15", "elapsed": 2553.68643, "delta": 18.849683}}
{"target": 173.71835798510682, "params": {"h": 17.0, "p": 269.0, "r": 37.0}, "datetime": {"datetime": "2024-05-19 19:47:37", "elapsed": 2575.097152, "delta": 21.410722}}
{"target": 53.68752344408151, "params": {"h": 18.0, "p": 234.0, "r": 47.0}, "datetime": {"datetime": "2024-05-19 19:47:54", "elapsed": 2592.610976, "delta": 17.513824}}
{"target": 78.61920063751545, "params": {"h": 43.0, "p": 335.0, "r": 54.0}, "datetime": {"datetime": "2024-05-19 19:48:15", "elapsed": 2613.888376, "delta": 21.2774}}
{"target": 103.67166219091496, "params": {"h": 50.0, "p": 329.0, "r": 51.0}, "datetime": {"datetime": "2024-05-19 19:48:39", "elapsed": 2637.367129, "delta": 23.478753}}
{"target": 70.72637613770372, "params": {"h": 18.0, "p": 279.0, "r": 35.0}, "datetime": {"datetime": "2024-05-19 19:49:01", "elapsed": 2659.188535, "delta": 21.821406}}
{"target": 130.0607454557497, "params": {"h": 21.0, "p": 253.0, "r": 41.0}, "datetime": {"datetime": "2024-05-19 19:49:21", "elapsed": 2679.457088, "delta": 20.268553}}
{"target": 38.199654281033986, "params": {"h": 21.0, "p": 251.0, "r": 36.0}, "datetime": {"datetime": "2024-05-19 19:49:44", "elapsed": 2702.621685, "delta": 23.164597}}
{"target": 87.55450856835022, "params": {"h": 35.0, "p": 271.0, "r": 53.0}, "datetime": {"datetime": "2024-05-19 19:50:04", "elapsed": 2722.220659, "delta": 19.598974}}
{"target": 107.43809077305588, "params": {"h": 43.0, "p": 321.0, "r": 52.0}, "datetime": {"datetime": "2024-05-19 19:50:28", "elapsed": 2746.2161, "delta": 23.995441}}
