{"target": 80.46247084303074, "params": {"h": 50.0, "p": 330.0, "r": 56.0}, "datetime": {"datetime": "2024-05-19 19:50:53", "elapsed": 2771.274116, "delta": 25.058016}}
{"target": 0.0, "params": {"h": 40.0, "p": 162.0, "r": 92.0}, "datetime": {"datetime": "2024-05-19 19:50:53", "elapsed": 2771.75032, "delta": 0.476204}}
{"target": 138.06675435924103, "params": {"h": 18.0, "p": 275.0, "r": 40.0}, "datetime": {"datetime": "2024-05-19 19:51:15", "elapsed": 2793.243769, "delta": 21.493449}}
{"target": 98.69304645365665, "params": {"h": 55.0, "p": 333.0, "r": 51.0}, "datetime": {"datetime": "2024-05-19 19:51:43", "elapsed": 2821.030337, "delta": 27.786568}}
{"target": 64.21790391200008, "params": {"h": 45.0, "p": 281.0, "r": 51.0}, "datetime": {"datetime": "2024-05-19 19:52:07", "elapsed": 2845.551315, "delta": 24.520978}}
{"target": 163.35457708140754, "params": {"h": 18.0, "p": 266.0, "r": 39.0}, "datetime": {"datetime": "2024-05-19 19:52:28", "elapsed": 2866.671624, "delta": 21.120309}}
{"target": 95.64493029175732, "params": {"h": 54.0, "p": 338.0, "r": 49.0}, "datetime": {"datetime": "2024-05-19 19:52:58", "elapsed": 2895.969158, "delta": 29.297534}}
{"target": 90.03764296175265, "params": {"h": 42.0, "p": 324.0, "r": 54.0}, "datetime": {"datetime": "2024-05-19 19:53:22", "elapsed": 2920.133214, "delta": 24.164056}}
{"target": 34.849627901894095, "params": {"h": 58.0, "p": 334.0, "r": 45.0}, "datetime": {"datetime": "2024-05-19 19:53:51", "elapsed": 2948.998446, "delta": 28.865232}}
{"target": 104.8708170682738, "params": {"h": 57.0, "p": 349.0, "r": 50.0}, "datetime": {"datetime": "2024-05-19 19:54:18", "elapsed": 2976.19655, "delta": 27.198104}}
{"target": 41.314635663804395, "params": {"h": 54.0, "p": 354.0, "r": 50.0}, "datetime": {"datetime": "2024-05-19 19:54:44", "elapsed": 3002.405754, "delta": 26.209204}}
{"target": 122.45174777749996, "params": {"h": 50.0, "p": 346.0, "r": 49.0}, "datetime": {"datetime": "2024-05-19 19:55:11", "elapsed": 3029.435071, "delta": 27.029317}}
{"target": 40.518091304920326, "params": {"h": 50.0, "p": 341.0, "r": 44.0}, "datetime": {"datetime": "2024-05-19 19:55:41", "elapsed": 3059.701584, "delta": 30.266513}}
{"target": 100.77279666128521, "params": {"h": 48.0, "p": 348.0, "r": 50.0}, "datetime": {"datetime": "2024-05-19 19:56:10", "elapsed": 3088.345904, "delta": 28.64432}}
{"target": 47.465811571205414, "params": {"h": 58.0, "p": 349.0, "r": 44.0}, "datetime": {"datetime": "2024-05-19 19:56:40", "elapsed": 3118.176828, "delta": 29.830924}}
{"target": 28.50215248394048, "params": {"h": 50.0, "p": 349.0, "r": 58.0}, "datetime": {"datetime": "2024-05-19 19:57:04", "elapsed": 3142.510815, "delta": 24.333987}}
{"target": 118.19327266346197, "params": {"h": 47.0, "p": 344.0, "r": 50.0}, "datetime": {"datetime": "2024-05-19 19:57:30", "elapsed": 3168.380038, "delta": 25.869223}}
{"target": 93.08943271063394, "params": {"h": 41.0, "p": 346.0, "r": 50.0}, "datetime": {"datetime": "2024-05-19 19:57:55", "elapsed": 3193.476751, "delta": 25.096713}}
{"target": 103.61274488911604, "params": {"h": 43.0, "p": 341.0, "r": 51.0}, "datetime": {"datetime": "2024-05-19 19:58:20", "elapsed": 3218.390368, "delta": 24.913617}}
{"target": 110.76602787903504, "params": {"h": 50.0, "p": 344.0, "r": 51.0}, "datetime": {"datetime": "2024-05-19 19:58:44", "elapsed": 3242.813428, "delta": 24.42306}}
{"target": 121.45936148025963, "params": {"h": 53.0, "p": 347.0, "r": 49.0}, "datetime": {"datetime": "2024-05-19 19:59:15", "elapsed": 3272.99019, "delta": 30.176762}}
{"target": 180.75074931549645, "params": {"h": 16.0, "p": 280.0, "r": 36.0}, "datetime": {"datetime": "2024-05-19 19:59:36", "elapsed": 3294.640247, "delta": 21.650057}}
{"target": 82.55738140343945, "params": {"h": 54.0, "p": 339.0, "r": 55.0}, "datetime": {"datetime": "2024-05-19 20:00:02", "elapsed": 3319.98066, "delta": 25.340413}}
{"target": 85.99267984616397, "params": {"h": 48.0, "p": 351.0, "r": 45.0}, "datetime": {"datetime": "2024-05-19 20:00:32", "elapsed": 3349.92583, "delta": 29.94517}}
{"target": 133.75328380074836, "params": {"h": 21.0, "p": 250.0, "r": 43.0}, "datetime": {"datetime": "2024-05-19 20:00:51", "elapsed": 3369.374725, "delta": 19.448895}}
{"target": 117.41606930211086, "params": {"h": 55.0, "p": 344.0, "r": 50.0}, "datetime": {"datetime": "2024-05-19 20:01:19", "elapsed": 3397.824969, "delta": 28.450244}}
{"target": 66.09622895011226, "params": {"h": 47.0, "p": 344.0, "r": 54.0}, "datetime": {"datetime": "2024-05-19 20:01:43", "elapsed": 3421.516183, "delta": 23.691214}}
{"target": 163.4405593667237, "params": {"h": 16.0, "p": 266.0, "r": 35.0}, "datetime": {"datetime": "2024-05-19 20:02:03", "elapsed": 3441.11857, "delta": 19.602387}}
{"target": 115.0615172236089, "params": {"h": 49.0, "p": 339.0, "r": 51.0}, "datetime": {"datetime": "2024-05-19 20:02:28", "elapsed": 3465.974176, "delta": 24.855606}}
{"target": 100.34287046401123, "params": {"h": 23.0, "p": 245.0, "r": 42.0}, "datetime": {"datetime": "2024-05-19 20:02:47", "elapsed": 3485.759843, "delta": 19.785667}}
{"target": 179.46439968869794, "params": {"h": 17.0, "p": 280.0, "r": 37.0}, "datetime": {"datetime": "2024-05-19 20:03:10", "elapsed": 3508.213267, "delta": 22.453424}}
{"target": 109.54844036246243, "params": {"h": 58.0, "p": 343.0, "r": 52.0}, "datetime": {"datetime": "2024-05-19 20:03:35", "elapsed": 3533.881112, "delta": 25.667845}}
{"target": 81.17930904367682, "params": {"h": 17.0, "p": 244.0, "r": 42.0}, "datetime": {"datetime": "2024-05-19 20:03:54", "elapsed": 3552.847286, "delta": 18.966174}}
{"target": 85.01436732326576, "params": {"h": 55.0, "p": 346.0, "r": 53.0}, "datetime": {"datetime": "2024-05-19 20:04:21", "elapsed": 3579.106649, "delta": 26.259363}}
{"target": 95.67480875736081, "params": {"h": 32.0, "p": 342.0, "r": 48.0}, "datetime": {"datetime": "2024-05-19 20:04:45", "elapsed": 3603.103137, "delta": 23.996488}}
{"target": 100.64326542236942, "params": {"h": 49.0, "p": 335.0, "r": 53.0}, "datetime": {"datetime": "2024-05-19 20:05:11", "elapsed": 3629.20894, "delta": 26.105803}}
{"target": 151.87430052550027, "params": {"h": 32.0, "p": 347.0, "r": 44.0}, "datetime": {"datetime": "2024-05-19 20:05:35", "elapsed": 3653.910463, "delta": 24.701523}}
{"target": 123.5706890603373, "params": {"h": 33.0, "p": 348.0, "r": 43.0}, "datetime": {"datetime": "2024-05-19 20:06:02", "elapsed": 3680.325973, "delta": 26.41551}}
{"target": 85.8193974831838, "params": {"h": 29.0, "p": 347.0, "r": 46.0}, "datetime": {"datetime": "2024-05-19 20:06:26", "elapsed": 3704.054014, "delta": 23.728041}}
{"target": 181.43077066468587, "params": {"h": 15.0, "p": 267.0, "r": 34.0}, "datetime": {"datetime": "2024-05-19 20:06:47", "elapsed": 3725.54314, "delta": 21.489126}}
{"target": 22.17709600612289, "params": {"h": 35.0, "p": 344.0, "r": 39.0}, "datetime": {"datetime": "2024-05-19 20:07:14", "elapsed": 3752.82614, "delta": 27.283}}
{"target": 112.72292832682061, "params": {"h": 24.0, "p": 250.0, "r": 44.0}, "datetime": {"datetime": "2024-05-19 20:07:36", "elapsed": 3773.984087, "delta": 21.157947}}
{"target": 129.1067309884343, "params": {"h": 33.0, "p": 347.0, "r": 46.0}, "datetime": {"datetime": "2024-05-19 20:08:00", "elapsed": 3798.786194, "delta": 24.802107}}
{"target": 19.939176966340835, "params": {"h": 33.0, "p": 349.0, "r": 55.0}, "datetime": {"datetime": "2024-05-19 20:08:23", "elapsed": 3821.747951, "delta": 22.961757}}
{"target": 2.5360194311924453, "params": {"h": 15.0, "p": 268.0, "r": 23.0}, "datetime": {"datetime": "2024-05-19 20:08:50", "elapsed": 3848.271392, "delta": 26.523441}}
{"target": 54.49908244992344, "params": {"h": 30.0, "p": 355.0, "r": 41.0}, "datetime": {"datetime": "2024-05-19 20:09:17", "elapsed": 3875.041402, "delta": 26.77001}}
{"target": 104.05150258421023, "params": {"h": 38.0, "p": 340.0, "r": 50.0}, "datetime": {"datetime": "2024-05-19 20:09:42", "elapsed": 3900.425017, "delta": 25.383615}}
{"target": 55.19084311599009, "params": {"h": 26.0, "p": 336.0, "r": 48.0}, "datetime": {"datetime": "2024-05-19 20:10:05", "elapsed": 3923.800468, "delta": 23.375451}}
{"target": 113.46053903452838, "params": {"h": 31.0, "p": 349.0, "r": 45.0}, "datetime": {"datetime": "2024-05-19 20:10:31", "elapsed": 3949.344501, "delta": 25.544033}}
{"target": 179.46439968869794, "params": {"h": 17.0, "p": 280.0, "r": 37.0}, "datetime": {"datetime": "2024-05-19 20:10:31", "elapsed": 3949.864168, "delta": 0.519667}}
{"target": 99.98617200642384, "params": {"h": 42.0, "p": 342.0, "r": 46.0}, "datetime": {"datetime": "2024-05-19 20:10:59", "elapsed": 3977.071791, "delta": 27.207623}}
{"target": 2.5970553302331782, "params": {"h": 34.0, "p": 514.0, "r": 87.0}, "datetime": {"datetime": "2024-05-19 20:11:22", "elapsed": 4000.548274, "delta": 23.476483}}
{"target": 4.3779728150440915, "params": {"h": 34.0, "p": 556.0, "r": 135.0}, "datetime": {"datetime": "2024-05-19 20:11:45", "elapsed": 4023.818841, "delta": 23.270567}}
{"target": 7.750357442622635, "params": {"h": 52.0, "p": 420.0, "r": 131.0}, "datetime": {"datetime": "2024-05-19 20:12:02", "elapsed": 4040.828932, "delta": 17.010091}}
{"target": 3.15146064709228, "params": {"h": 52.0, "p": 608.0, "r": 42.0}, "datetime": {"datetime": "2024-05-19 20:12:44", "elapsed": 4082.087563, "delta": 41.258631}}
{"target": 1.8037658669262577, "params": {"h": 59.0, "p": 729.0, "r": 104.0}, "datetime": {"datetime": "2024-05-19 20:13:23", "elapsed": 4121.110184, "delta": 39.022621}}
{"target": 115.67299837390185, "params": {"h": 40.0, "p": 337.0, "r": 47.0}, "datetime": {"datetime": "2024-05-19 20:13:49", "elapsed": 4147.811058, "delta": 26.700874}}
{"target": 94.92101114554687, "params": {"h": 30.0, "p": 348.0, "r": 41.0}, "datetime": {"datetime": "2024-05-19 20:14:13", "elapsed": 4171.893605, "delta": 24.082547}}
{"target": 143.17565001785982, "params": {"h": 34.0, "p": 343.0, "r": 45.0}, "datetime": {"datetime": "2024-05-19 20:14:38", "elapsed": 4196.375701, "delta": 24.482096}}
{"target": 10.386814686741193, "params": {"h": 22.0, "p": 478.0, "r": 47.0}, "datetime": {"datetime": "2024-05-19 20:15:06", "elapsed": 4224.261825, "delta": 27.886124}}
{"target": 150.04718112652, "params": {"h": 31.0, "p": 342.0, "r": 44.0}, "datetime": {"datetime": "2024-05-19 20:15:30", "elapsed": 4248.699415, "delta": 24.43759}}
{"target": 0.9182883438272866, "params": {"h": 20.0, "p": 875.0, "r": 66.0}, "datetime": {"datetime": "2024-05-19 20:16:19", "elapsed": 4297.386734, "delta": 48.687319}}
{"target": 172.60811748083336, "params": {"h": 23.0, "p": 341.0, "r": 40.0}, "datetime": {"datetime": "2024-05-19 20:16:45", "elapsed": 4323.112014, "delta": 25.72528}}
{"target": 133.37550701569322, "params": {"h": 15.0, "p": 268.0, "r": 33.0}, "datetime": {"datetime": "2024-05-19 20:17:08", "elapsed": 4346.295717, "delta": 23.183703}}
{"target": 184.36004611560082, "params": {"h": 20.0, "p": 345.0, "r": 38.0}, "datetime": {"datetime": "2024-05-19 20:17:33", "elapsed": 4371.805656, "delta": 25.509939}}
{"target": 134.55815079590477, "params": {"h": 20.0, "p": 346.0, "r": 39.0}, "datetime": {"datetime": "2024-05-19 20:17:56", "elapsed": 4394.560367, "delta": 22.754711}}
{"target": 34.82891915147226, "params": {"h": 18.0, "p": 343.0, "r": 41.0}, "datetime": {"datetime": "2024-05-19 20:18:20", "elapsed": 4418.651641, "delta": 24.091274}}
{"target": 50.42898187524925, "params": {"h": 27.0, "p": 340.0, "r": 39.0}, "datetime": {"datetime": "2024-05-19 20:18:48", "elapsed": 4446.492912, "delta": 27.841271}}
{"target": 148.81161261956302, "params": {"h": 32.0, "p": 341.0, "r": 45.0}, "datetime": {"datetime": "2024-05-19 20:19:13", "elapsed": 4471.479381, "delta": 24.986469}}
{"target": 10.285970698348274, "params": {"h": 27.0, "p": 347.0, "r": 34.0}, "datetime": {"datetime": "2024-05-19 20:19:40", "elapsed": 4498.549237, "delta": 27.069856}}
{"target": 134.93190055951936, "params": {"h": 23.0, "p": 340.0, "r": 42.0}, "datetime": {"datetime": "2024-05-19 20:20:04", "elapsed": 4522.205748, "delta": 23.656511}}
{"target": 102.82946855981196, "params": {"h": 21.0, "p": 340.0, "r": 37.0}, "datetime": {"datetime": "2024-05-19 20:20:27", "elapsed": 4545.58595, "delta": 23.380202}}
{"target": 156.8494350288139, "params": {"h": 17.0, "p": 343.0, "r": 36.0}, "datetime": {"datetime": "2024-05-19 20:20:53", "elapsed": 4571.359553, "delta": 25.773603}}
{"target": 126.27079602506969, "params": {"h": 16.0, "p": 346.0, "r": 35.0}, "datetime": {"datetime": "2024-05-19 20:21:16", "elapsed": 4594.223137, "delta": 22.863584}}
{"target": 22.134935218912965, "params": {"h": 20.0, "p": 344.0, "r": 33.0}, "datetime": {"datetime": "2024-05-19 20:21:41", "elapsed": 4619.488798, "delta": 25.265661}}
{"target": 84.85920596557273, "params": {"h": 27.0, "p": 342.0, "r": 46.0}, "datetime": {"datetime": "2024-05-19 20:22:03", "elapsed": 4641.341379, "delta": 21.852581}}
{"target": 164.79101216345452, "params": {"h": 24.0, "p": 345.0, "r": 40.0}, "datetime": {"datetime": "2024-05-19 20:22:28", "elapsed": 4666.304786, "delta": 24.963407}}
{"target": 129.19924510532167, "params": {"h": 29.0, "p": 344.0, "r": 42.0}, "datetime": {"datetime": "2024-05-19 20:22:54", "elapsed": 4692.891304, "delta": 26.586518}}
{"target": 64.63640778774689, "params": {"h": 24.0, "p": 341.0, "r": 38.0}, "datetime": {"datetime": "2024-05-19 20:23:19", "elapsed": 4717.836211, "delta": 24.944907}}
{"target": 69.28047967399596, "params": {"h": 37.0, "p": 336.0, "r": 44.0}, "datetime": {"datetime": "2024-05-19 20:23:45", "elapsed": 4743.403082, "delta": 25.566871}}
{"target": 122.90216796096547, "params": {"h": 39.0, "p": 349.0, "r": 45.0}, "datetime": {"datetime": "2024-05-19 20:24:10", "elapsed": 4768.225851, "delta": 24.822769}}
{"target": 181.43077066468587, "params": {"h": 15.0, "p": 267.0, "r": 34.0}, "datetime": {"datetime": "2024-05-19 20:24:10", "elapsed": 4768.779807, "delta": 0.553956}}
{"target": 175.1246836597797, "params": {"h": 24.0, "p": 344.0, "r": 41.0}, "datetime": {"datetime": "2024-05-19 20:24:35", "elapsed": 4793.366519, "delta": 24.586712}}
{"target": 145.98616150908177, "params": {"h": 25.0, "p": 347.0, "r": 42.0}, "datetime": {"datetime": "2024-05-19 20:25:00", "elapsed": 4818.597526, "delta": 25.231007}}
{"target": 92.27587301937258, "params": {"h": 22.0, "p": 347.0, "r": 37.0}, "datetime": {"datetime": "2024-05-19 20:25:26", "elapsed": 4844.875858, "delta": 26.278332}}
{"target": 51.06980221391055, "params": {"h": 23.0, "p": 350.0, "r": 43.0}, "datetime": {"datetime": "2024-05-19 20:25:50", "elapsed": 4868.397485, "delta": 23.521627}}
{"target": 188.03596280702448, "params": {"h": 16.0, "p": 337.0, "r": 34.0}, "datetime": {"datetime": "2024-05-19 20:26:15", "elapsed": 4893.891397, "delta": 25.493912}}
{"target": 90.37517579838676, "params": {"h": 21.0, "p": 336.0, "r": 37.0}, "datetime": {"datetime": "2024-05-19 20:26:41", "elapsed": 4919.605199, "delta": 25.713802}}
{"target": 63.62572326169807, "params": {"h": 16.0, "p": 336.0, "r": 32.0}, "datetime": {"datetime": "2024-05-19 20:27:05", "elapsed": 4943.741321, "delta": 24.136122}}
{"target": 177.1653204593693, "params": {"h": 18.0, "p": 334.0, "r": 36.0}, "datetime": {"datetime": "2024-05-19 20:27:30", "elapsed": 4967.958173, "delta": 24.216852}}
{"target": 102.53887274540406, "params": {"h": 17.0, "p": 341.0, "r": 37.0}, "datetime": {"datetime": "2024-05-19 20:27:55", "elapsed": 4992.990342, "delta": 25.032169}}
{"target": 177.65064971573725, "params": {"h": 20.0, "p": 333.0, "r": 39.0}, "datetime": {"datetime": "2024-05-19 20:28:17", "elapsed": 5015.285833, "delta": 22.295491}}
{"target": 148.9699453712388, "params": {"h": 19.0, "p": 330.0, "r": 39.0}, "datetime": {"datetime": "2024-05-19 20:28:41", "elapsed": 5039.029472, "delta": 23.743639}}
{"target": 182.4915049583064, "params": {"h": 19.0, "p": 333.0, "r": 38.0}, "datetime": {"datetime": "2024-05-19 20:29:04", "elapsed": 5062.640883, "delta": 23.611411}}
{"target": 46.187908332755036, "params": {"h": 16.0, "p": 337.0, "r": 38.0}, "datetime": {"datetime": "2024-05-19 20:29:27", "elapsed": 5085.77288, "delta": 23.131997}}
{"target": 166.03797245170978, "params": {"h": 16.0, "p": 268.0, "r": 35.0}, "datetime": {"datetime": "2024-05-19 20:29:48", "elapsed": 5106.745686, "delta": 20.972806}}
{"target": 59.569484302008604, "params": {"h": 17.0, "p": 332.0, "r": 39.0}, "datetime": {"datetime": "2024-05-19 20:30:11", "elapsed": 5129.522661, "delta": 22.776975}}
{"target": 173.113383156652, "params": {"h": 17.0, "p": 337.0, "r": 36.0}, "datetime": {"datetime": "2024-05-19 20:30:36", "elapsed": 5154.343877, "delta": 24.821216}}
{"target": 165.68949158535582, "params": {"h": 18.0, "p": 268.0, "r": 38.0}, "datetime": {"datetime": "2024-05-19 20:30:58", "elapsed": 5176.286678, "delta": 21.942801}}
{"target": 101.475758186631, "params": {"h": 23.0, "p": 330.0, "r": 39.0}, "datetime": {"datetime": "2024-05-19 20:31:23", "elapsed": 5201.105221, "delta": 24.818543}}
{"target": 76.02298516521552, "params": {"h": 18.0, "p": 341.0, "r": 34.0}, "datetime": {"datetime": "2024-05-19 20:31:48", "elapsed": 5226.098834, "delta": 24.993613}}
{"target": 45.20335069865346, "params": {"h": 19.0, "p": 326.0, "r": 43.0}, "datetime": {"datetime": "2024-05-19 20:32:10", "elapsed": 5248.788021, "delta": 22.689187}}
{"target": 121.81586903520889, "params": {"h": 20.0, "p": 332.0, "r": 37.0}, "datetime": {"datetime": "2024-05-19 20:32:35", "elapsed": 5273.318526, "delta": 24.530505}}
{"target": 50.12545625439784, "params": {"h": 42.0, "p": 352.0, "r": 42.0}, "datetime": {"datetime": "2024-05-19 20:33:04", "elapsed": 5302.874902, "delta": 29.556376}}
{"target": 28.34399960527345, "params": {"h": 15.0, "p": 346.0, "r": 37.0}, "datetime": {"datetime": "2024-05-19 20:33:28", "elapsed": 5326.570184, "delta": 23.695282}}
{"target": 88.25372903156604, "params": {"h": 20.0, "p": 337.0, "r": 41.0}, "datetime": {"datetime": "2024-05-19 20:33:52", "elapsed": 5350.642256, "delta": 24.072072}}
{"target": 184.40288703245997, "params": {"h": 21.0, "p": 342.0, "r": 39.0}, "datetime": {"datetime": "2024-05-19 20:34:16", "elapsed": 5374.874369, "delta": 24.232113}}
{"target": 174.3075716332248, "params": {"h": 22.0, "p": 343.0, "r": 40.0}, "datetime": {"datetime": "2024-05-19 20:34:42", "elapsed": 5400.795949, "delta": 25.92158}}
{"target": 79.61176496780362, "params": {"h": 21.0, "p": 328.0, "r": 37.0}, "datetime": {"datetime": "2024-05-19 20:35:06", "elapsed": 5424.311816, "delta": 23.515867}}
{"target": 81.02923372651064, "params": {"h": 38.0, "p": 352.0, "r": 46.0}, "datetime": {"datetime": "2024-05-19 20:35:34", "elapsed": 5452.352216, "delta": 28.0404}}
{"target": 0.04938212720828874, "params": {"h": 43.0, "p": 748.0, "r": 18.0}, "datetime": {"datetime": "2024-05-19 20:36:52", "elapsed": 5530.66734, "delta": 78.315124}}
{"target": 141.5402228035067, "params": {"h": 22.0, "p": 342.0, "r": 41.0}, "datetime": {"datetime": "2024-05-19 20:37:17", "elapsed": 5555.317537, "delta": 24.650197}}
{"target": 117.91694845087784, "params": {"h": 46.0, "p": 339.0, "r": 49.0}, "datetime": {"datetime": "2024-05-19 20:37:42", "elapsed": 5580.386041, "delta": 25.068504}}
{"target": 187.51295571919655, "params": {"h": 20.0, "p": 343.0, "r": 38.0}, "datetime": {"datetime": "2024-05-19 20:38:05", "elapsed": 5603.382932, "delta": 22.996891}}
{"target": 1.8103271858503382, "params": {"h": 28.0, "p": 673.0, "r": 103.0}, "datetime": {"datetime": "2024-05-19 20:38:35", "elapsed": 5633.774139, "delta": 30.391207}}
{"target": 1.2508666404353537, "params": {"h": 56.0, "p": 999.0, "r": 147.0}, "datetime": {"datetime": "2024-05-19 20:39:32", "elapsed": 5690.524845, "delta": 56.750706}}
{"target": 185.87762355128976, "params": {"h": 16.0, "p": 335.0, "r": 34.0}, "datetime": {"datetime": "2024-05-19 20:39:57", "elapsed": 5715.635658, "delta": 25.110813}}
{"target": 111.43733142968294, "params": {"h": 33.0, "p": 339.0, "r": 44.0}, "datetime": {"datetime": "2024-05-19 20:40:22", "elapsed": 5740.496933, "delta": 24.861275}}
{"target": 4.183818384279078, "params": {"h": 19.0, "p": 510.0, "r": 146.0}, "datetime": {"datetime": "2024-05-19 20:40:53", "elapsed": 5771.591012, "delta": 31.094079}}
{"target": 1.6189306036507254, "params": {"h": 56.0, "p": 782.0, "r": 126.0}, "datetime": {"datetime": "2024-05-19 20:41:31", "elapsed": 5809.538996, "delta": 37.947984}}
{"target": 2.0943771453363, "params": {"h": 33.0, "p": 595.0, "r": 101.0}, "datetime": {"datetime": "2024-05-19 20:42:00", "elapsed": 5838.766608, "delta": 29.227612}}
