{"target": 0.9782541186718453, "params": {"h": 26.0, "p": 886.0, "r": 122.0}, "datetime": {"datetime": "2024-05-11 18:05:14", "elapsed": 0.0, "delta": 0.0}}
{"target": 10.782344652298992, "params": {"h": 46.0, "p": 117.0, "r": 30.0}, "datetime": {"datetime": "2024-05-11 18:05:33", "elapsed": 18.392059, "delta": 18.392059}}
{"target": 0.05594334002226114, "params": {"h": 35.0, "p": 934.0, "r": 21.0}, "datetime": {"datetime": "2024-05-11 18:06:39", "elapsed": 84.429314, "delta": 66.037255}}
{"target": 0.0, "params": {"h": 51.0, "p": 207.0, "r": 150.0}, "datetime": {"datetime": "2024-05-11 18:06:39", "elapsed": 84.429314, "delta": 0.0}}
{"target": 2.4326198544508317, "params": {"h": 56.0, "p": 637.0, "r": 86.0}, "datetime": {"datetime": "2024-05-11 18:07:06", "elapsed": 111.623771, "delta": 27.194457}}
{"target": 6.349105676605541, "params": {"h": 50.0, "p": 472.0, "r": 129.0}, "datetime": {"datetime": "2024-05-11 18:07:22", "elapsed": 127.76741, "delta": 16.143639}}
{"target": 1.3434948608383548, "params": {"h": 32.0, "p": 782.0, "r": 82.0}, "datetime": {"datetime": "2024-05-11 18:07:59", "elapsed": 165.085873, "delta": 37.318463}}
{"target": 11.560509187030586, "params": {"h": 23.0, "p": 310.0, "r": 101.0}, "datetime": {"datetime": "2024-05-11 18:08:13", "elapsed": 178.499074, "delta": 13.413201}}
{"target": 4.060072671646889, "params": {"h": 39.0, "p": 695.0, "r": 42.0}, "datetime": {"datetime": "2024-05-11 18:08:50", "elapsed": 215.911851, "delta": 37.412777}}
{"target": 2.831428083203046, "params": {"h": 15.0, "p": 398.0, "r": 60.0}, "datetime": {"datetime": "2024-05-11 18:09:09", "elapsed": 234.714266, "delta": 18.802415}}
{"target": 11.373328024720829, "params": {"h": 44.0, "p": 116.0, "r": 30.0}, "datetime": {"datetime": "2024-05-11 18:09:27", "elapsed": 252.46799, "delta": 17.753724}}
{"target": 14.000336659480903, "params": {"h": 34.0, "p": 111.0, "r": 30.0}, "datetime": {"datetime": "2024-05-11 18:09:43", "elapsed": 269.377829, "delta": 16.909839}}
{"target": 0.0, "params": {"h": 19.0, "p": 103.0, "r": 30.0}, "datetime": {"datetime": "2024-05-11 18:09:44", "elapsed": 270.049742, "delta": 0.671913}}
{"target": 19.370283775242683, "params": {"h": 33.0, "p": 118.0, "r": 34.0}, "datetime": {"datetime": "2024-05-11 18:09:59", "elapsed": 284.915696, "delta": 14.865954}}
{"target": 0.0, "params": {"h": 37.0, "p": 122.0, "r": 39.0}, "datetime": {"datetime": "2024-05-11 18:09:59", "elapsed": 285.056328, "delta": 0.140632}}
{"target": 0.0, "params": {"h": 32.0, "p": 112.0, "r": 34.0}, "datetime": {"datetime": "2024-05-11 18:09:59", "elapsed": 285.145514, "delta": 0.089186}}
{"target": 11.343160210844827, "params": {"h": 45.0, "p": 120.0, "r": 31.0}, "datetime": {"datetime": "2024-05-11 18:10:17", "elapsed": 302.512278, "delta": 17.366764}}
{"target": 10.999085025661012, "params": {"h": 41.0, "p": 118.0, "r": 30.0}, "datetime": {"datetime": "2024-05-11 18:10:36", "elapsed": 322.07833, "delta": 19.566052}}
{"target": 0.0, "params": {"h": 34.0, "p": 108.0, "r": 31.0}, "datetime": {"datetime": "2024-05-11 18:10:36", "elapsed": 322.18771, "delta": 0.10938}}
{"target": 12.77310392073177, "params": {"h": 32.0, "p": 118.0, "r": 30.0}, "datetime": {"datetime": "2024-05-11 18:10:53", "elapsed": 338.745559, "delta": 16.557849}}
{"target": 14.957704566672342, "params": {"h": 31.0, "p": 119.0, "r": 31.0}, "datetime": {"datetime": "2024-05-11 18:11:08", "elapsed": 353.984689, "delta": 15.23913}}
{"target": 11.635194699054436, "params": {"h": 37.0, "p": 118.0, "r": 30.0}, "datetime": {"datetime": "2024-05-11 18:11:26", "elapsed": 371.488935, "delta": 17.504246}}
{"target": 17.463683508074734, "params": {"h": 33.0, "p": 119.0, "r": 33.0}, "datetime": {"datetime": "2024-05-11 18:11:41", "elapsed": 386.415197, "delta": 14.926262}}
{"target": 0.0, "params": {"h": 35.0, "p": 119.0, "r": 35.0}, "datetime": {"datetime": "2024-05-11 18:11:41", "elapsed": 386.540204, "delta": 0.125007}}
{"target": 14.045380586743944, "params": {"h": 33.0, "p": 112.0, "r": 30.0}, "datetime": {"datetime": "2024-05-11 18:11:58", "elapsed": 403.451327, "delta": 16.911123}}
{"target": 11.511850145663773, "params": {"h": 31.0, "p": 111.0, "r": 28.0}, "datetime": {"datetime": "2024-05-11 18:12:14", "elapsed": 419.939094, "delta": 16.487767}}
{"target": 16.616704968571305, "params": {"h": 39.0, "p": 114.0, "r": 32.0}, "datetime": {"datetime": "2024-05-11 18:12:29", "elapsed": 435.274857, "delta": 15.335763}}
{"target": 9.930234057581766, "params": {"h": 34.0, "p": 115.0, "r": 28.0}, "datetime": {"datetime": "2024-05-11 18:12:46", "elapsed": 451.684373, "delta": 16.409516}}
{"target": 18.48865568849066, "params": {"h": 32.0, "p": 118.0, "r": 33.0}, "datetime": {"datetime": "2024-05-11 18:13:01", "elapsed": 467.078138, "delta": 15.393765}}
{"target": 0.0, "params": {"h": 47.0, "p": 117.0, "r": 34.0}, "datetime": {"datetime": "2024-05-11 18:13:01", "elapsed": 467.234393, "delta": 0.156255}}
{"target": 0.0, "params": {"h": 42.0, "p": 114.0, "r": 35.0}, "datetime": {"datetime": "2024-05-11 18:13:01", "elapsed": 467.362946, "delta": 0.128553}}
{"target": 16.75726495613525, "params": {"h": 33.0, "p": 122.0, "r": 33.0}, "datetime": {"datetime": "2024-05-11 18:13:16", "elapsed": 482.16966, "delta": 14.806714}}
{"target": 12.120295121230608, "params": {"h": 31.0, "p": 124.0, "r": 30.0}, "datetime": {"datetime": "2024-05-11 18:13:32", "elapsed": 498.174796, "delta": 16.005136}}
{"target": 0.0, "params": {"h": 38.0, "p": 114.0, "r": 34.0}, "datetime": {"datetime": "2024-05-11 18:13:32", "elapsed": 498.237298, "delta": 0.062502}}
{"target": 0.0, "params": {"h": 39.0, "p": 110.0, "r": 31.0}, "datetime": {"datetime": "2024-05-11 18:13:32", "elapsed": 498.343715, "delta": 0.106417}}
{"target": 0.0, "params": {"h": 32.0, "p": 117.0, "r": 36.0}, "datetime": {"datetime": "2024-05-11 18:13:33", "elapsed": 498.436066, "delta": 0.092351}}
{"target": 10.510633088251643, "params": {"h": 42.0, "p": 121.0, "r": 30.0}, "datetime": {"datetime": "2024-05-11 18:13:50", "elapsed": 515.792265, "delta": 17.356199}}
{"target": 14.012694294105398, "params": {"h": 30.0, "p": 126.0, "r": 31.0}, "datetime": {"datetime": "2024-05-11 18:14:07", "elapsed": 532.812004, "delta": 17.019739}}
{"target": 17.779867269886253, "params": {"h": 30.0, "p": 127.0, "r": 33.0}, "datetime": {"datetime": "2024-05-11 18:14:23", "elapsed": 548.424246, "delta": 15.612242}}
{"target": 7.4858513073665085, "params": {"h": 47.0, "p": 117.0, "r": 27.0}, "datetime": {"datetime": "2024-05-11 18:14:44", "elapsed": 569.569736, "delta": 21.14549}}
{"target": 19.20185904864534, "params": {"h": 33.0, "p": 119.0, "r": 34.0}, "datetime": {"datetime": "2024-05-11 18:14:59", "elapsed": 584.421123, "delta": 14.851387}}
{"target": 9.61458327337936, "params": {"h": 33.0, "p": 128.0, "r": 29.0}, "datetime": {"datetime": "2024-05-11 18:15:17", "elapsed": 602.91199, "delta": 18.490867}}
{"target": 12.093447389607775, "params": {"h": 32.0, "p": 122.0, "r": 30.0}, "datetime": {"datetime": "2024-05-11 18:15:34", "elapsed": 619.449397, "delta": 16.537407}}
{"target": 14.804429229244874, "params": {"h": 28.0, "p": 127.0, "r": 31.0}, "datetime": {"datetime": "2024-05-11 18:15:51", "elapsed": 636.436698, "delta": 16.987301}}
{"target": 17.894994887828524, "params": {"h": 31.0, "p": 123.0, "r": 33.0}, "datetime": {"datetime": "2024-05-11 18:16:06", "elapsed": 651.408545, "delta": 14.971847}}
{"target": 19.25984242647102, "params": {"h": 33.0, "p": 116.0, "r": 33.0}, "datetime": {"datetime": "2024-05-11 18:16:21", "elapsed": 666.708555, "delta": 15.30001}}
{"target": 16.856327578456703, "params": {"h": 32.0, "p": 124.0, "r": 33.0}, "datetime": {"datetime": "2024-05-11 18:16:38", "elapsed": 683.555868, "delta": 16.847313}}
{"target": 16.28798200116249, "params": {"h": 35.0, "p": 115.0, "r": 32.0}, "datetime": {"datetime": "2024-05-11 18:16:53", "elapsed": 699.012106, "delta": 15.456238}}
{"target": 16.00158845837616, "params": {"h": 36.0, "p": 128.0, "r": 34.0}, "datetime": {"datetime": "2024-05-11 18:17:10", "elapsed": 716.141496, "delta": 17.12939}}
{"target": 18.381852897222196, "params": {"h": 38.0, "p": 128.0, "r": 36.0}, "datetime": {"datetime": "2024-05-11 18:17:26", "elapsed": 731.707315, "delta": 15.565819}}
{"target": 16.76925115273362, "params": {"h": 38.0, "p": 128.0, "r": 35.0}, "datetime": {"datetime": "2024-05-11 18:17:44", "elapsed": 749.462297, "delta": 17.754982}}
{"target": 21.081543949654396, "params": {"h": 39.0, "p": 128.0, "r": 38.0}, "datetime": {"datetime": "2024-05-11 18:17:58", "elapsed": 764.076589, "delta": 14.614292}}
{"target": 17.56668389863367, "params": {"h": 32.0, "p": 115.0, "r": 32.0}, "datetime": {"datetime": "2024-05-11 18:18:12", "elapsed": 778.235742, "delta": 14.159153}}
{"target": 21.76987195232645, "params": {"h": 28.0, "p": 126.0, "r": 34.0}, "datetime": {"datetime": "2024-05-11 18:18:28", "elapsed": 793.69348, "delta": 15.457738}}
{"target": 34.29152489161263, "params": {"h": 25.0, "p": 129.0, "r": 37.0}, "datetime": {"datetime": "2024-05-11 18:18:42", "elapsed": 807.703357, "delta": 14.009877}}
{"target": 0.0, "params": {"h": 24.0, "p": 123.0, "r": 38.0}, "datetime": {"datetime": "2024-05-11 18:18:42", "elapsed": 807.859616, "delta": 0.156259}}
{"target": 45.42828472609059, "params": {"h": 23.0, "p": 132.0, "r": 39.0}, "datetime": {"datetime": "2024-05-11 18:18:56", "elapsed": 821.603113, "delta": 13.743497}}
{"target": 30.90924244008434, "params": {"h": 25.0, "p": 132.0, "r": 36.0}, "datetime": {"datetime": "2024-05-11 18:19:11", "elapsed": 836.543835, "delta": 14.940722}}
{"target": 47.6739724326551, "params": {"h": 22.0, "p": 135.0, "r": 38.0}, "datetime": {"datetime": "2024-05-11 18:19:25", "elapsed": 850.566472, "delta": 14.022637}}
{"target": 47.803467110880945, "params": {"h": 22.0, "p": 128.0, "r": 39.0}, "datetime": {"datetime": "2024-05-11 18:19:36", "elapsed": 862.025088, "delta": 11.458616}}
{"target": 52.250566664084516, "params": {"h": 21.0, "p": 129.0, "r": 39.0}, "datetime": {"datetime": "2024-05-11 18:19:48", "elapsed": 873.656305, "delta": 11.631217}}
{"target": 49.611588288256776, "params": {"h": 20.0, "p": 130.0, "r": 36.0}, "datetime": {"datetime": "2024-05-11 18:20:01", "elapsed": 886.722584, "delta": 13.066279}}
{"target": 0.0, "params": {"h": 23.0, "p": 135.0, "r": 45.0}, "datetime": {"datetime": "2024-05-11 18:20:01", "elapsed": 886.816339, "delta": 0.093755}}
{"target": 72.15664282044179, "params": {"h": 15.0, "p": 131.0, "r": 39.0}, "datetime": {"datetime": "2024-05-11 18:20:13", "elapsed": 898.582916, "delta": 11.766577}}
{"target": 0.0, "params": {"h": 17.0, "p": 128.0, "r": 47.0}, "datetime": {"datetime": "2024-05-11 18:20:13", "elapsed": 898.754801, "delta": 0.171885}}
{"target": 49.44117959254717, "params": {"h": 20.0, "p": 133.0, "r": 36.0}, "datetime": {"datetime": "2024-05-11 18:20:26", "elapsed": 912.249488, "delta": 13.494687}}
{"target": 90.07515223868775, "params": {"h": 15.0, "p": 130.0, "r": 35.0}, "datetime": {"datetime": "2024-05-11 18:20:39", "elapsed": 925.220996, "delta": 12.971508}}
{"target": 23.004049943677458, "params": {"h": 16.0, "p": 125.0, "r": 27.0}, "datetime": {"datetime": "2024-05-11 18:20:54", "elapsed": 939.959314, "delta": 14.738318}}
{"target": 74.53295628250658, "params": {"h": 15.0, "p": 134.0, "r": 39.0}, "datetime": {"datetime": "2024-05-11 18:21:06", "elapsed": 952.370933, "delta": 12.411619}}
{"target": 74.14319411945769, "params": {"h": 18.0, "p": 141.0, "r": 40.0}, "datetime": {"datetime": "2024-05-11 18:21:19", "elapsed": 965.000024, "delta": 12.629091}}
{"target": 55.14835640646758, "params": {"h": 15.0, "p": 133.0, "r": 30.0}, "datetime": {"datetime": "2024-05-11 18:21:33", "elapsed": 979.035853, "delta": 14.035829}}
{"target": 98.31927802155387, "params": {"h": 15.0, "p": 146.0, "r": 37.0}, "datetime": {"datetime": "2024-05-11 18:21:47", "elapsed": 992.976251, "delta": 13.940398}}
{"target": 78.56514679617406, "params": {"h": 17.0, "p": 140.0, "r": 36.0}, "datetime": {"datetime": "2024-05-11 18:22:01", "elapsed": 1006.948981, "delta": 13.97273}}
{"target": 50.438477910227306, "params": {"h": 20.0, "p": 150.0, "r": 36.0}, "datetime": {"datetime": "2024-05-11 18:22:16", "elapsed": 1021.782444, "delta": 14.833463}}
{"target": 49.34951835374809, "params": {"h": 15.0, "p": 147.0, "r": 30.0}, "datetime": {"datetime": "2024-05-11 18:22:32", "elapsed": 1037.570642, "delta": 15.788198}}
{"target": 72.98323807214625, "params": {"h": 15.0, "p": 159.0, "r": 41.0}, "datetime": {"datetime": "2024-05-11 18:22:45", "elapsed": 1050.936677, "delta": 13.366035}}
{"target": 46.8305790596574, "params": {"h": 15.0, "p": 155.0, "r": 46.0}, "datetime": {"datetime": "2024-05-11 18:22:57", "elapsed": 1063.005123, "delta": 12.068446}}
{"target": 107.94017898686272, "params": {"h": 16.0, "p": 164.0, "r": 36.0}, "datetime": {"datetime": "2024-05-11 18:23:13", "elapsed": 1078.899239, "delta": 15.894116}}
{"target": 54.420207187464754, "params": {"h": 18.0, "p": 158.0, "r": 34.0}, "datetime": {"datetime": "2024-05-11 18:23:28", "elapsed": 1094.279028, "delta": 15.379789}}
{"target": 99.84027751267189, "params": {"h": 17.0, "p": 163.0, "r": 38.0}, "datetime": {"datetime": "2024-05-11 18:23:43", "elapsed": 1108.750664, "delta": 14.471636}}
{"target": 80.88024151712779, "params": {"h": 18.0, "p": 164.0, "r": 37.0}, "datetime": {"datetime": "2024-05-11 18:23:58", "elapsed": 1123.488099, "delta": 14.737435}}
{"target": 25.49012290551634, "params": {"h": 18.0, "p": 174.0, "r": 31.0}, "datetime": {"datetime": "2024-05-11 18:24:16", "elapsed": 1141.480389, "delta": 17.99229}}
{"target": 74.79249117190241, "params": {"h": 16.0, "p": 146.0, "r": 41.0}, "datetime": {"datetime": "2024-05-11 18:24:28", "elapsed": 1153.594541, "delta": 12.114152}}
{"target": 111.29527014835996, "params": {"h": 16.0, "p": 168.0, "r": 38.0}, "datetime": {"datetime": "2024-05-11 18:24:42", "elapsed": 1167.520524, "delta": 13.925983}}
{"target": 112.8573599199193, "params": {"h": 16.0, "p": 166.0, "r": 37.0}, "datetime": {"datetime": "2024-05-11 18:24:57", "elapsed": 1182.542489, "delta": 15.021965}}
{"target": 102.47212973234379, "params": {"h": 17.0, "p": 166.0, "r": 39.0}, "datetime": {"datetime": "2024-05-11 18:25:11", "elapsed": 1197.265774, "delta": 14.723285}}
{"target": 50.75212155770452, "params": {"h": 18.0, "p": 170.0, "r": 50.0}, "datetime": {"datetime": "2024-05-11 18:25:24", "elapsed": 1209.925435, "delta": 12.659661}}
{"target": 93.93795538871386, "params": {"h": 18.0, "p": 175.0, "r": 42.0}, "datetime": {"datetime": "2024-05-11 18:25:38", "elapsed": 1223.882845, "delta": 13.95741}}
{"target": 72.01199428785698, "params": {"h": 23.0, "p": 181.0, "r": 47.0}, "datetime": {"datetime": "2024-05-11 18:25:52", "elapsed": 1238.339912, "delta": 14.457067}}
{"target": 104.31909787691063, "params": {"h": 15.0, "p": 165.0, "r": 38.0}, "datetime": {"datetime": "2024-05-11 18:26:08", "elapsed": 1253.813586, "delta": 15.473674}}
{"target": 70.71606798848717, "params": {"h": 16.0, "p": 164.0, "r": 33.0}, "datetime": {"datetime": "2024-05-11 18:26:23", "elapsed": 1269.256718, "delta": 15.443132}}
{"target": 87.47653355060861, "params": {"h": 19.0, "p": 169.0, "r": 42.0}, "datetime": {"datetime": "2024-05-11 18:26:37", "elapsed": 1283.229767, "delta": 13.973049}}
{"target": 99.64488004599013, "params": {"h": 19.0, "p": 191.0, "r": 43.0}, "datetime": {"datetime": "2024-05-11 18:26:53", "elapsed": 1299.32854, "delta": 16.098773}}
{"target": 43.410106508814096, "params": {"h": 15.0, "p": 185.0, "r": 46.0}, "datetime": {"datetime": "2024-05-11 18:27:08", "elapsed": 1314.065653, "delta": 14.737113}}
{"target": 120.92761837584885, "params": {"h": 17.0, "p": 189.0, "r": 39.0}, "datetime": {"datetime": "2024-05-11 18:27:24", "elapsed": 1329.789596, "delta": 15.723943}}
{"target": 86.39332034023872, "params": {"h": 19.0, "p": 190.0, "r": 38.0}, "datetime": {"datetime": "2024-05-11 18:27:40", "elapsed": 1345.979947, "delta": 16.190351}}
{"target": 88.02074286370404, "params": {"h": 19.0, "p": 198.0, "r": 45.0}, "datetime": {"datetime": "2024-05-11 18:27:56", "elapsed": 1361.577661, "delta": 15.597714}}
{"target": 127.09377431250864, "params": {"h": 16.0, "p": 189.0, "r": 38.0}, "datetime": {"datetime": "2024-05-11 18:28:11", "elapsed": 1377.162002, "delta": 15.584341}}
{"target": 54.870267483066606, "params": {"h": 21.0, "p": 195.0, "r": 53.0}, "datetime": {"datetime": "2024-05-11 18:28:26", "elapsed": 1391.665706, "delta": 14.503704}}
{"target": 97.30079383275901, "params": {"h": 15.0, "p": 189.0, "r": 39.0}, "datetime": {"datetime": "2024-05-11 18:28:41", "elapsed": 1407.295785, "delta": 15.630079}}
{"target": 22.862286247470767, "params": {"h": 18.0, "p": 191.0, "r": 31.0}, "datetime": {"datetime": "2024-05-11 18:29:01", "elapsed": 1426.660379, "delta": 19.364594}}
{"target": 35.319959487868545, "params": {"h": 30.0, "p": 176.0, "r": 42.0}, "datetime": {"datetime": "2024-05-11 18:29:17", "elapsed": 1442.631936, "delta": 15.971557}}
{"target": 45.28669000947201, "params": {"h": 29.0, "p": 188.0, "r": 44.0}, "datetime": {"datetime": "2024-05-11 18:29:34", "elapsed": 1459.93171, "delta": 17.299774}}
{"target": 108.95723993122623, "params": {"h": 18.0, "p": 186.0, "r": 39.0}, "datetime": {"datetime": "2024-05-11 18:29:50", "elapsed": 1475.843191, "delta": 15.911481}}
{"target": 77.62016010278826, "params": {"h": 18.0, "p": 212.0, "r": 45.0}, "datetime": {"datetime": "2024-05-11 18:30:05", "elapsed": 1490.97304, "delta": 15.129849}}
{"target": 88.34257978675033, "params": {"h": 22.0, "p": 205.0, "r": 47.0}, "datetime": {"datetime": "2024-05-11 18:30:21", "elapsed": 1506.634172, "delta": 15.661132}}
{"target": 68.32267879777329, "params": {"h": 24.0, "p": 207.0, "r": 42.0}, "datetime": {"datetime": "2024-05-11 18:30:37", "elapsed": 1523.074042, "delta": 16.43987}}
{"target": 71.843178668187, "params": {"h": 28.0, "p": 212.0, "r": 49.0}, "datetime": {"datetime": "2024-05-11 18:30:53", "elapsed": 1539.047911, "delta": 15.973869}}
{"target": 91.669632029972, "params": {"h": 16.0, "p": 184.0, "r": 34.0}, "datetime": {"datetime": "2024-05-11 18:31:10", "elapsed": 1555.507331, "delta": 16.45942}}
{"target": 34.98293094521236, "params": {"h": 18.0, "p": 209.0, "r": 55.0}, "datetime": {"datetime": "2024-05-11 18:31:23", "elapsed": 1569.339947, "delta": 13.832616}}
{"target": 59.211258311546594, "params": {"h": 16.0, "p": 205.0, "r": 44.0}, "datetime": {"datetime": "2024-05-11 18:31:38", "elapsed": 1584.314783, "delta": 14.974836}}
{"target": 68.951675072348, "params": {"h": 27.0, "p": 219.0, "r": 45.0}, "datetime": {"datetime": "2024-05-11 18:31:56", "elapsed": 1602.134292, "delta": 17.819509}}
{"target": 131.38639714365527, "params": {"h": 16.0, "p": 188.0, "r": 37.0}, "datetime": {"datetime": "2024-05-11 18:32:12", "elapsed": 1617.76434, "delta": 15.630048}}
{"target": 60.836562413844256, "params": {"h": 29.0, "p": 200.0, "r": 48.0}, "datetime": {"datetime": "2024-05-11 18:32:27", "elapsed": 1633.096838, "delta": 15.332498}}
{"target": 106.40797428912073, "params": {"h": 18.0, "p": 219.0, "r": 37.0}, "datetime": {"datetime": "2024-05-11 18:32:44", "elapsed": 1650.335929, "delta": 17.239091}}
{"target": 32.55012541379399, "params": {"h": 22.0, "p": 216.0, "r": 36.0}, "datetime": {"datetime": "2024-05-11 18:33:02", "elapsed": 1668.074937, "delta": 17.739008}}
{"target": 35.644584608606316, "params": {"h": 17.0, "p": 220.0, "r": 32.0}, "datetime": {"datetime": "2024-05-11 18:33:20", "elapsed": 1685.642469, "delta": 17.567532}}
{"target": 57.07265937757067, "params": {"h": 17.0, "p": 228.0, "r": 45.0}, "datetime": {"datetime": "2024-05-11 18:33:34", "elapsed": 1700.254648, "delta": 14.612179}}
{"target": 63.98813640166965, "params": {"h": 31.0, "p": 222.0, "r": 55.0}, "datetime": {"datetime": "2024-05-11 18:33:49", "elapsed": 1714.55389, "delta": 14.299242}}
{"target": 72.58880250223773, "params": {"h": 20.0, "p": 222.0, "r": 48.0}, "datetime": {"datetime": "2024-05-11 18:34:04", "elapsed": 1729.96486, "delta": 15.41097}}
{"target": 77.54658391554224, "params": {"h": 22.0, "p": 228.0, "r": 40.0}, "datetime": {"datetime": "2024-05-11 18:34:21", "elapsed": 1746.750219, "delta": 16.785359}}
{"target": 32.30283927220062, "params": {"h": 34.0, "p": 230.0, "r": 43.0}, "datetime": {"datetime": "2024-05-11 18:34:39", "elapsed": 1764.615189, "delta": 17.86497}}
{"target": 51.95955195801508, "params": {"h": 35.0, "p": 214.0, "r": 57.0}, "datetime": {"datetime": "2024-05-11 18:34:53", "elapsed": 1778.870664, "delta": 14.255475}}
{"target": 39.790163668472005, "params": {"h": 35.0, "p": 207.0, "r": 46.0}, "datetime": {"datetime": "2024-05-11 18:35:10", "elapsed": 1795.73546, "delta": 16.864796}}
{"target": 128.81872727395887, "params": {"h": 18.0, "p": 223.0, "r": 38.0}, "datetime": {"datetime": "2024-05-11 18:35:27", "elapsed": 1812.474338, "delta": 16.738878}}
{"target": 14.858380949371321, "params": {"h": 19.0, "p": 234.0, "r": 31.0}, "datetime": {"datetime": "2024-05-11 18:35:47", "elapsed": 1833.026585, "delta": 20.552247}}
{"target": 118.6860493253014, "params": {"h": 16.0, "p": 228.0, "r": 39.0}, "datetime": {"datetime": "2024-05-11 18:36:04", "elapsed": 1849.859503, "delta": 16.832918}}
{"target": 44.36675823615619, "params": {"h": 28.0, "p": 230.0, "r": 63.0}, "datetime": {"datetime": "2024-05-11 18:36:18", "elapsed": 1863.768249, "delta": 13.908746}}
{"target": 94.43865376178498, "params": {"h": 17.0, "p": 216.0, "r": 42.0}, "datetime": {"datetime": "2024-05-11 18:36:34", "elapsed": 1879.599169, "delta": 15.83092}}
{"target": 51.980090694264774, "params": {"h": 16.0, "p": 223.0, "r": 44.0}, "datetime": {"datetime": "2024-05-11 18:36:49", "elapsed": 1895.3254, "delta": 15.726231}}
{"target": 38.63370197846542, "params": {"h": 22.0, "p": 221.0, "r": 60.0}, "datetime": {"datetime": "2024-05-11 18:37:03", "elapsed": 1908.97478, "delta": 13.64938}}
