{"target": 0.9782541186715151, "params": {"h": 26.0, "p": 886.0, "r": 122.0}, "datetime": {"datetime": "2024-06-02 20:53:02", "elapsed": 0.0, "delta": 0.0}}
{"target": 10.782352274929922, "params": {"h": 46.0, "p": 117.0, "r": 30.0}, "datetime": {"datetime": "2024-06-02 20:53:21", "elapsed": 18.596044, "delta": 18.596044}}
{"target": 0.05594334002225827, "params": {"h": 35.0, "p": 934.0, "r": 21.0}, "datetime": {"datetime": "2024-06-02 20:54:28", "elapsed": 86.065679, "delta": 67.469635}}
{"target": 0.0, "params": {"h": 51.0, "p": 207.0, "r": 150.0}, "datetime": {"datetime": "2024-06-02 20:54:28", "elapsed": 86.066679, "delta": 0.001}}
{"target": 2.4326198544506012, "params": {"h": 56.0, "p": 637.0, "r": 86.0}, "datetime": {"datetime": "2024-06-02 20:54:58", "elapsed": 115.240207, "delta": 29.173528}}
{"target": 6.349105676605696, "params": {"h": 50.0, "p": 472.0, "r": 129.0}, "datetime": {"datetime": "2024-06-02 20:55:15", "elapsed": 132.99748, "delta": 17.757273}}
{"target": 1.3434948608382522, "params": {"h": 32.0, "p": 782.0, "r": 82.0}, "datetime": {"datetime": "2024-06-02 20:55:51", "elapsed": 169.106633, "delta": 36.109153}}
{"target": 11.560509187030652, "params": {"h": 23.0, "p": 310.0, "r": 101.0}, "datetime": {"datetime": "2024-06-02 20:56:05", "elapsed": 182.454008, "delta": 13.347375}}
{"target": 4.0600726716447335, "params": {"h": 39.0, "p": 695.0, "r": 42.0}, "datetime": {"datetime": "2024-06-02 20:56:44", "elapsed": 221.65803, "delta": 39.204022}}
{"target": 2.8314280832043317, "params": {"h": 15.0, "p": 398.0, "r": 60.0}, "datetime": {"datetime": "2024-06-02 20:57:03", "elapsed": 241.175552, "delta": 19.517522}}
{"target": 12.627061660347737, "params": {"h": 47.0, "p": 119.0, "r": 32.0}, "datetime": {"datetime": "2024-06-02 20:57:23", "elapsed": 260.218487, "delta": 19.042935}}
{"target": 0.0, "params": {"h": 51.0, "p": 119.0, "r": 41.0}, "datetime": {"datetime": "2024-06-02 20:57:23", "elapsed": 260.416498, "delta": 0.198011}}
{"target": 14.320401962278435, "params": {"h": 41.0, "p": 121.0, "r": 33.0}, "datetime": {"datetime": "2024-06-02 20:57:40", "elapsed": 277.73202, "delta": 17.315522}}
{"target": 9.197912649689515, "params": {"h": 41.0, "p": 121.0, "r": 29.0}, "datetime": {"datetime": "2024-06-02 20:57:59", "elapsed": 296.352333, "delta": 18.620313}}
{"target": 19.159005078652402, "params": {"h": 38.0, "p": 127.0, "r": 36.0}, "datetime": {"datetime": "2024-06-02 20:58:15", "elapsed": 312.313408, "delta": 15.961075}}
{"target": 0.0, "params": {"h": 35.0, "p": 124.0, "r": 39.0}, "datetime": {"datetime": "2024-06-02 20:58:15", "elapsed": 312.517885, "delta": 0.204477}}
{"target": 18.936683676126503, "params": {"h": 38.0, "p": 125.0, "r": 36.0}, "datetime": {"datetime": "2024-06-02 20:58:32", "elapsed": 329.631636, "delta": 17.113751}}
{"target": 16.552146594241098, "params": {"h": 41.0, "p": 125.0, "r": 35.0}, "datetime": {"datetime": "2024-06-02 20:58:50", "elapsed": 347.27034, "delta": 17.638704}}
{"target": 10.909070200385091, "params": {"h": 38.0, "p": 131.0, "r": 31.0}, "datetime": {"datetime": "2024-06-02 20:59:08", "elapsed": 365.32156, "delta": 18.05122}}
{"target": 13.99430393407583, "params": {"h": 36.0, "p": 123.0, "r": 32.0}, "datetime": {"datetime": "2024-06-02 20:59:24", "elapsed": 381.638287, "delta": 16.316727}}
{"target": 0.0, "params": {"h": 43.0, "p": 121.0, "r": 38.0}, "datetime": {"datetime": "2024-06-02 20:59:24", "elapsed": 381.689023, "delta": 0.050736}}
{"target": 15.577510904668273, "params": {"h": 33.0, "p": 130.0, "r": 33.0}, "datetime": {"datetime": "2024-06-02 20:59:41", "elapsed": 398.897602, "delta": 17.208579}}
{"target": 8.521197385988584, "params": {"h": 31.0, "p": 130.0, "r": 28.0}, "datetime": {"datetime": "2024-06-02 21:00:01", "elapsed": 419.176629, "delta": 20.279027}}
{"target": 22.215371926864062, "params": {"h": 29.0, "p": 131.0, "r": 35.0}, "datetime": {"datetime": "2024-06-02 21:00:17", "elapsed": 434.944326, "delta": 15.767697}}
{"target": 19.076908854533578, "params": {"h": 27.0, "p": 131.0, "r": 33.0}, "datetime": {"datetime": "2024-06-02 21:00:33", "elapsed": 450.982649, "delta": 16.038323}}
{"target": 21.5227283418501, "params": {"h": 29.0, "p": 135.0, "r": 35.0}, "datetime": {"datetime": "2024-06-02 21:00:49", "elapsed": 466.618773, "delta": 15.636124}}
{"target": 40.24153083925236, "params": {"h": 21.0, "p": 134.0, "r": 35.0}, "datetime": {"datetime": "2024-06-02 21:01:03", "elapsed": 480.738749, "delta": 14.119976}}
{"target": 52.17307613316897, "params": {"h": 21.0, "p": 134.0, "r": 38.0}, "datetime": {"datetime": "2024-06-02 21:01:16", "elapsed": 494.001515, "delta": 13.262766}}
{"target": 56.76605174114521, "params": {"h": 19.0, "p": 140.0, "r": 45.0}, "datetime": {"datetime": "2024-06-02 21:01:29", "elapsed": 507.017805, "delta": 13.01629}}
{"target": 0.0, "params": {"h": 26.0, "p": 135.0, "r": 43.0}, "datetime": {"datetime": "2024-06-02 21:01:30", "elapsed": 507.249367, "delta": 0.231562}}
{"target": 69.37200930146439, "params": {"h": 18.0, "p": 135.0, "r": 37.0}, "datetime": {"datetime": "2024-06-02 21:01:44", "elapsed": 521.604263, "delta": 14.354896}}
{"target": 59.45431786995256, "params": {"h": 16.0, "p": 138.0, "r": 43.0}, "datetime": {"datetime": "2024-06-02 21:01:56", "elapsed": 533.468614, "delta": 11.864351}}
{"target": 66.65084099242455, "params": {"h": 15.0, "p": 141.0, "r": 41.0}, "datetime": {"datetime": "2024-06-02 21:02:09", "elapsed": 547.045069, "delta": 13.576455}}
{"target": 40.33121241566583, "params": {"h": 15.0, "p": 146.0, "r": 48.0}, "datetime": {"datetime": "2024-06-02 21:02:21", "elapsed": 559.076681, "delta": 12.031612}}
{"target": 54.956074004900834, "params": {"h": 20.0, "p": 140.0, "r": 37.0}, "datetime": {"datetime": "2024-06-02 21:02:37", "elapsed": 574.30472, "delta": 15.228039}}
{"target": 70.31313196876933, "params": {"h": 16.0, "p": 135.0, "r": 33.0}, "datetime": {"datetime": "2024-06-02 21:02:52", "elapsed": 589.210248, "delta": 14.905528}}
{"target": 91.67563366723033, "params": {"h": 15.0, "p": 134.0, "r": 36.0}, "datetime": {"datetime": "2024-06-02 21:03:06", "elapsed": 603.469238, "delta": 14.25899}}
{"target": 100.91183136313731, "params": {"h": 15.0, "p": 147.0, "r": 34.0}, "datetime": {"datetime": "2024-06-02 21:03:19", "elapsed": 616.890667, "delta": 13.421429}}
{"target": 78.64004910336679, "params": {"h": 15.0, "p": 153.0, "r": 32.0}, "datetime": {"datetime": "2024-06-02 21:03:35", "elapsed": 632.844035, "delta": 15.953368}}
{"target": 29.893422049970482, "params": {"h": 15.0, "p": 146.0, "r": 28.0}, "datetime": {"datetime": "2024-06-02 21:03:51", "elapsed": 649.14932, "delta": 16.305285}}
{"target": 70.09863483020668, "params": {"h": 17.0, "p": 124.0, "r": 36.0}, "datetime": {"datetime": "2024-06-02 21:04:05", "elapsed": 662.363956, "delta": 13.214636}}
{"target": 22.695961328442824, "params": {"h": 24.0, "p": 155.0, "r": 34.0}, "datetime": {"datetime": "2024-06-02 21:04:23", "elapsed": 680.415398, "delta": 18.051442}}
{"target": 0.0, "params": {"h": 18.0, "p": 127.0, "r": 41.0}, "datetime": {"datetime": "2024-06-02 21:04:23", "elapsed": 680.563061, "delta": 0.147663}}
{"target": 79.47209388830251, "params": {"h": 17.0, "p": 149.0, "r": 41.0}, "datetime": {"datetime": "2024-06-02 21:04:36", "elapsed": 693.326436, "delta": 12.763375}}
{"target": 43.76542445746292, "params": {"h": 16.0, "p": 127.0, "r": 30.0}, "datetime": {"datetime": "2024-06-02 21:04:51", "elapsed": 708.580806, "delta": 15.25437}}
{"target": 95.56497783494419, "params": {"h": 16.0, "p": 148.0, "r": 36.0}, "datetime": {"datetime": "2024-06-02 21:05:07", "elapsed": 724.292045, "delta": 15.711239}}
{"target": 12.357623955436598, "params": {"h": 17.0, "p": 112.0, "r": 24.0}, "datetime": {"datetime": "2024-06-02 21:05:25", "elapsed": 742.502568, "delta": 18.210523}}
{"target": 0.0, "params": {"h": 17.0, "p": 117.0, "r": 39.0}, "datetime": {"datetime": "2024-06-02 21:05:25", "elapsed": 742.718703, "delta": 0.216135}}
{"target": 66.30546425736874, "params": {"h": 20.0, "p": 155.0, "r": 45.0}, "datetime": {"datetime": "2024-06-02 21:05:37", "elapsed": 755.108128, "delta": 12.389425}}
{"target": 45.953351317651794, "params": {"h": 26.0, "p": 151.0, "r": 48.0}, "datetime": {"datetime": "2024-06-02 21:05:50", "elapsed": 767.641042, "delta": 12.532914}}
{"target": 117.75822922695419, "params": {"h": 15.0, "p": 161.0, "r": 36.0}, "datetime": {"datetime": "2024-06-02 21:06:05", "elapsed": 782.459022, "delta": 14.81798}}
{"target": 74.74992586856885, "params": {"h": 15.0, "p": 163.0, "r": 41.0}, "datetime": {"datetime": "2024-06-02 21:06:19", "elapsed": 796.590299, "delta": 14.131277}}
{"target": 50.16079424979844, "params": {"h": 19.0, "p": 171.0, "r": 35.0}, "datetime": {"datetime": "2024-06-02 21:06:36", "elapsed": 813.699804, "delta": 17.109505}}
{"target": 98.90401594024038, "params": {"h": 15.0, "p": 157.0, "r": 38.0}, "datetime": {"datetime": "2024-06-02 21:06:50", "elapsed": 827.625561, "delta": 13.925757}}
{"target": 14.911484213389555, "params": {"h": 15.0, "p": 160.0, "r": 26.0}, "datetime": {"datetime": "2024-06-02 21:07:08", "elapsed": 845.460609, "delta": 17.835048}}
{"target": 42.713837277708095, "params": {"h": 24.0, "p": 163.0, "r": 55.0}, "datetime": {"datetime": "2024-06-02 21:07:21", "elapsed": 858.496927, "delta": 13.036318}}
{"target": 74.97495151011296, "params": {"h": 19.0, "p": 158.0, "r": 38.0}, "datetime": {"datetime": "2024-06-02 21:07:35", "elapsed": 872.708491, "delta": 14.211564}}
{"target": 43.07334242422286, "params": {"h": 18.0, "p": 163.0, "r": 33.0}, "datetime": {"datetime": "2024-06-02 21:07:52", "elapsed": 889.384137, "delta": 16.675646}}
{"target": 74.75198529943302, "params": {"h": 15.0, "p": 179.0, "r": 41.0}, "datetime": {"datetime": "2024-06-02 21:08:07", "elapsed": 904.809478, "delta": 15.425341}}
{"target": 40.1249680533048, "params": {"h": 16.0, "p": 181.0, "r": 50.0}, "datetime": {"datetime": "2024-06-02 21:08:21", "elapsed": 919.011215, "delta": 14.201737}}
{"target": 25.78426737350622, "params": {"h": 23.0, "p": 182.0, "r": 35.0}, "datetime": {"datetime": "2024-06-02 21:08:39", "elapsed": 936.494155, "delta": 17.48294}}
{"target": 87.8953331902793, "params": {"h": 16.0, "p": 171.0, "r": 41.0}, "datetime": {"datetime": "2024-06-02 21:08:54", "elapsed": 951.22528, "delta": 14.731125}}
{"target": 74.2826218962143, "params": {"h": 21.0, "p": 170.0, "r": 45.0}, "datetime": {"datetime": "2024-06-02 21:09:08", "elapsed": 965.934934, "delta": 14.709654}}
{"target": 75.07527246476958, "params": {"h": 22.0, "p": 176.0, "r": 44.0}, "datetime": {"datetime": "2024-06-02 21:09:23", "elapsed": 980.252192, "delta": 14.317258}}
{"target": 44.791478673707196, "params": {"h": 31.0, "p": 173.0, "r": 48.0}, "datetime": {"datetime": "2024-06-02 21:09:38", "elapsed": 996.185803, "delta": 15.933611}}
{"target": 0.0, "params": {"h": 35.0, "p": 165.0, "r": 78.0}, "datetime": {"datetime": "2024-06-02 21:09:39", "elapsed": 996.533804, "delta": 0.348001}}
{"target": 0.11782823236198824, "params": {"h": 15.0, "p": 526.0, "r": 17.0}, "datetime": {"datetime": "2024-06-02 21:10:15", "elapsed": 1032.452932, "delta": 35.919128}}
{"target": 1.0230533272705233, "params": {"h": 38.0, "p": 1000.0, "r": 144.0}, "datetime": {"datetime": "2024-06-02 21:11:17", "elapsed": 1094.628338, "delta": 62.175406}}
{"target": 3.1808907816113914, "params": {"h": 21.0, "p": 567.0, "r": 148.0}, "datetime": {"datetime": "2024-06-02 21:11:45", "elapsed": 1122.474987, "delta": 27.846649}}
{"target": 2.387258395283186, "params": {"h": 19.0, "p": 708.0, "r": 149.0}, "datetime": {"datetime": "2024-06-02 21:12:28", "elapsed": 1165.321897, "delta": 42.84691}}
{"target": 59.459804939881614, "params": {"h": 16.0, "p": 173.0, "r": 45.0}, "datetime": {"datetime": "2024-06-02 21:12:43", "elapsed": 1180.228162, "delta": 14.906265}}
{"target": 75.94168006257114, "params": {"h": 17.0, "p": 195.0, "r": 44.0}, "datetime": {"datetime": "2024-06-02 21:12:58", "elapsed": 1195.876723, "delta": 15.648561}}
{"target": 29.910940443772898, "params": {"h": 16.0, "p": 197.0, "r": 54.0}, "datetime": {"datetime": "2024-06-02 21:13:13", "elapsed": 1210.996931, "delta": 15.120208}}
{"target": 111.1792761457844, "params": {"h": 15.0, "p": 200.0, "r": 38.0}, "datetime": {"datetime": "2024-06-02 21:13:30", "elapsed": 1227.628639, "delta": 16.631708}}
{"target": 70.62493449687398, "params": {"h": 16.0, "p": 204.0, "r": 33.0}, "datetime": {"datetime": "2024-06-02 21:13:49", "elapsed": 1246.387027, "delta": 18.758388}}
{"target": 58.59683905691649, "params": {"h": 15.0, "p": 204.0, "r": 42.0}, "datetime": {"datetime": "2024-06-02 21:14:05", "elapsed": 1262.903098, "delta": 16.516071}}
{"target": 18.817024048503413, "params": {"h": 20.0, "p": 200.0, "r": 32.0}, "datetime": {"datetime": "2024-06-02 21:14:25", "elapsed": 1282.506273, "delta": 19.603175}}
{"target": 114.0066810184122, "params": {"h": 15.0, "p": 160.0, "r": 34.0}, "datetime": {"datetime": "2024-06-02 21:14:40", "elapsed": 1298.070435, "delta": 15.564162}}
{"target": 19.559623830024965, "params": {"h": 18.0, "p": 217.0, "r": 31.0}, "datetime": {"datetime": "2024-06-02 21:15:01", "elapsed": 1318.574336, "delta": 20.503901}}
{"target": 56.704684749500224, "params": {"h": 28.0, "p": 185.0, "r": 48.0}, "datetime": {"datetime": "2024-06-02 21:15:17", "elapsed": 1334.790367, "delta": 16.216031}}
{"target": 112.77394980642956, "params": {"h": 18.0, "p": 199.0, "r": 38.0}, "datetime": {"datetime": "2024-06-02 21:15:35", "elapsed": 1352.589835, "delta": 17.799468}}
{"target": 51.14065649212651, "params": {"h": 26.0, "p": 197.0, "r": 42.0}, "datetime": {"datetime": "2024-06-02 21:15:52", "elapsed": 1370.002958, "delta": 17.413123}}
{"target": 79.56141634278754, "params": {"h": 16.0, "p": 198.0, "r": 42.0}, "datetime": {"datetime": "2024-06-02 21:16:08", "elapsed": 1385.233208, "delta": 15.23025}}
{"target": 86.39332034022674, "params": {"h": 19.0, "p": 190.0, "r": 38.0}, "datetime": {"datetime": "2024-06-02 21:16:24", "elapsed": 1401.358431, "delta": 16.125223}}
{"target": 91.54165323271894, "params": {"h": 19.0, "p": 188.0, "r": 44.0}, "datetime": {"datetime": "2024-06-02 21:16:38", "elapsed": 1415.760847, "delta": 14.402416}}
{"target": 0.0, "params": {"h": 30.0, "p": 101.0, "r": 150.0}, "datetime": {"datetime": "2024-06-02 21:16:38", "elapsed": 1416.120905, "delta": 0.360058}}
{"target": 0.23831389387984211, "params": {"h": 59.0, "p": 317.0, "r": 17.0}, "datetime": {"datetime": "2024-06-02 21:17:34", "elapsed": 1472.040624, "delta": 55.919719}}
{"target": 0.033938131700092834, "params": {"h": 57.0, "p": 844.0, "r": 17.0}, "datetime": {"datetime": "2024-06-02 21:18:57", "elapsed": 1555.077326, "delta": 83.036702}}
{"target": 18.408726887397137, "params": {"h": 57.0, "p": 386.0, "r": 149.0}, "datetime": {"datetime": "2024-06-02 21:19:11", "elapsed": 1568.741293, "delta": 13.663967}}
{"target": 34.29568537681335, "params": {"h": 44.0, "p": 189.0, "r": 55.0}, "datetime": {"datetime": "2024-06-02 21:19:26", "elapsed": 1583.724722, "delta": 14.983429}}
{"target": 0.05399619097374976, "params": {"h": 19.0, "p": 620.0, "r": 16.0}, "datetime": {"datetime": "2024-06-02 21:20:11", "elapsed": 1629.080358, "delta": 45.355636}}
{"target": 66.50893249099677, "params": {"h": 22.0, "p": 194.0, "r": 40.0}, "datetime": {"datetime": "2024-06-02 21:20:29", "elapsed": 1646.654259, "delta": 17.573901}}
{"target": 0.20562282407494462, "params": {"h": 57.0, "p": 454.0, "r": 20.0}, "datetime": {"datetime": "2024-06-02 21:21:24", "elapsed": 1702.172702, "delta": 55.518443}}
{"target": 116.04886830644352, "params": {"h": 17.0, "p": 192.0, "r": 37.0}, "datetime": {"datetime": "2024-06-02 21:21:42", "elapsed": 1720.205328, "delta": 18.032626}}
{"target": 120.77766752915518, "params": {"h": 17.0, "p": 197.0, "r": 37.0}, "datetime": {"datetime": "2024-06-02 21:21:59", "elapsed": 1736.531955, "delta": 16.326627}}
{"target": 0.603512071294923, "params": {"h": 17.0, "p": 998.0, "r": 66.0}, "datetime": {"datetime": "2024-06-02 21:22:56", "elapsed": 1793.766169, "delta": 57.234214}}
{"target": 77.72611674027284, "params": {"h": 15.0, "p": 187.0, "r": 32.0}, "datetime": {"datetime": "2024-06-02 21:23:16", "elapsed": 1813.355962, "delta": 19.589793}}
{"target": 2.791338161027048, "params": {"h": 59.0, "p": 548.0, "r": 84.0}, "datetime": {"datetime": "2024-06-02 21:23:41", "elapsed": 1838.889951, "delta": 25.533989}}
{"target": 131.26820420498532, "params": {"h": 16.0, "p": 195.0, "r": 38.0}, "datetime": {"datetime": "2024-06-02 21:23:59", "elapsed": 1856.257586, "delta": 17.367635}}
{"target": 116.63648121199058, "params": {"h": 17.0, "p": 193.0, "r": 40.0}, "datetime": {"datetime": "2024-06-02 21:24:15", "elapsed": 1872.491219, "delta": 16.233633}}
{"target": 1.6483512549145636, "params": {"h": 54.0, "p": 813.0, "r": 148.0}, "datetime": {"datetime": "2024-06-02 21:24:50", "elapsed": 1907.438921, "delta": 34.947702}}
{"target": 0.02845590597483861, "params": {"h": 18.0, "p": 760.0, "r": 15.0}, "datetime": {"datetime": "2024-06-02 21:25:50", "elapsed": 1967.706016, "delta": 60.267095}}
{"target": 26.207095345267234, "params": {"h": 58.0, "p": 246.0, "r": 86.0}, "datetime": {"datetime": "2024-06-02 21:26:03", "elapsed": 1981.134421, "delta": 13.428405}}
{"target": 0.9748281503528121, "params": {"h": 56.0, "p": 947.0, "r": 95.0}, "datetime": {"datetime": "2024-06-02 21:26:57", "elapsed": 2034.902786, "delta": 53.768365}}
{"target": 2.6526666357055313, "params": {"h": 20.0, "p": 641.0, "r": 148.0}, "datetime": {"datetime": "2024-06-02 21:27:32", "elapsed": 2069.888567, "delta": 34.985781}}
{"target": 0.0, "params": {"h": 56.0, "p": 280.0, "r": 147.0}, "datetime": {"datetime": "2024-06-02 21:27:33", "elapsed": 2070.367701, "delta": 0.479134}}
{"target": 2.2352969527644575, "params": {"h": 16.0, "p": 477.0, "r": 72.0}, "datetime": {"datetime": "2024-06-02 21:27:55", "elapsed": 2092.541118, "delta": 22.173417}}
{"target": 1.8296877881466975, "params": {"h": 59.0, "p": 724.0, "r": 101.0}, "datetime": {"datetime": "2024-06-02 21:28:29", "elapsed": 2126.794928, "delta": 34.25381}}
{"target": 0.01631861637252468, "params": {"h": 60.0, "p": 1000.0, "r": 15.0}, "datetime": {"datetime": "2024-06-02 21:30:27", "elapsed": 2244.769843, "delta": 117.974915}}
{"target": 0.10807182939532828, "params": {"h": 60.0, "p": 387.0, "r": 15.0}, "datetime": {"datetime": "2024-06-02 21:31:39", "elapsed": 2316.468373, "delta": 71.69853}}
{"target": 0.6568612305360119, "params": {"h": 15.0, "p": 843.0, "r": 68.0}, "datetime": {"datetime": "2024-06-02 21:32:21", "elapsed": 2359.111666, "delta": 42.643293}}
{"target": 0.060602661047397664, "params": {"h": 60.0, "p": 572.0, "r": 16.0}, "datetime": {"datetime": "2024-06-02 21:33:33", "elapsed": 2430.48901, "delta": 71.377344}}
{"target": 7.756833201179986, "params": {"h": 60.0, "p": 358.0, "r": 81.0}, "datetime": {"datetime": "2024-06-02 21:33:52", "elapsed": 2449.641797, "delta": 19.152787}}
{"target": 180.52843734825828, "params": {"h": 16.0, "p": 276.0, "r": 36.0}, "datetime": {"datetime": "2024-06-02 21:34:12", "elapsed": 2469.941, "delta": 20.299203}}
{"target": 34.866556032086656, "params": {"h": 19.0, "p": 276.0, "r": 34.0}, "datetime": {"datetime": "2024-06-02 21:34:32", "elapsed": 2490.119037, "delta": 20.178037}}
{"target": 52.121264928037036, "params": {"h": 15.0, "p": 276.0, "r": 39.0}, "datetime": {"datetime": "2024-06-02 21:34:51", "elapsed": 2508.930745, "delta": 18.811708}}
{"target": 38.32888953186666, "params": {"h": 18.0, "p": 192.0, "r": 33.0}, "datetime": {"datetime": "2024-06-02 21:35:11", "elapsed": 2528.358255, "delta": 19.42751}}
{"target": 93.21816524920938, "params": {"h": 19.0, "p": 174.0, "r": 41.0}, "datetime": {"datetime": "2024-06-02 21:35:26", "elapsed": 2544.042216, "delta": 15.683961}}
{"target": 152.28038101905838, "params": {"h": 17.0, "p": 271.0, "r": 36.0}, "datetime": {"datetime": "2024-06-02 21:35:47", "elapsed": 2564.466493, "delta": 20.424277}}
{"target": 104.15603127384955, "params": {"h": 17.0, "p": 269.0, "r": 40.0}, "datetime": {"datetime": "2024-06-02 21:36:05", "elapsed": 2582.650951, "delta": 18.184458}}
{"target": 164.24348897335398, "params": {"h": 18.0, "p": 267.0, "r": 39.0}, "datetime": {"datetime": "2024-06-02 21:36:25", "elapsed": 2602.432506, "delta": 19.781555}}
{"target": 58.47155574597526, "params": {"h": 23.0, "p": 261.0, "r": 39.0}, "datetime": {"datetime": "2024-06-02 21:36:45", "elapsed": 2622.248894, "delta": 19.816388}}
{"target": 28.235231880440864, "params": {"h": 21.0, "p": 264.0, "r": 35.0}, "datetime": {"datetime": "2024-06-02 21:37:05", "elapsed": 2642.425505, "delta": 20.176611}}
{"target": 142.55757069730186, "params": {"h": 20.0, "p": 265.0, "r": 42.0}, "datetime": {"datetime": "2024-06-02 21:37:25", "elapsed": 2662.552813, "delta": 20.127308}}
{"target": 46.368734647712046, "params": {"h": 17.0, "p": 271.0, "r": 33.0}, "datetime": {"datetime": "2024-06-02 21:37:46", "elapsed": 2683.528573, "delta": 20.97576}}
{"target": 57.65614034338726, "params": {"h": 17.0, "p": 262.0, "r": 43.0}, "datetime": {"datetime": "2024-06-02 21:38:04", "elapsed": 2701.612124, "delta": 18.083551}}
{"target": 144.7558381893236, "params": {"h": 21.0, "p": 263.0, "r": 42.0}, "datetime": {"datetime": "2024-06-02 21:38:23", "elapsed": 2720.757742, "delta": 19.145618}}
{"target": 120.70632410509428, "params": {"h": 16.0, "p": 267.0, "r": 38.0}, "datetime": {"datetime": "2024-06-02 21:38:42", "elapsed": 2739.528593, "delta": 18.770851}}
{"target": 98.05862139165265, "params": {"h": 19.0, "p": 270.0, "r": 37.0}, "datetime": {"datetime": "2024-06-02 21:39:01", "elapsed": 2758.73467, "delta": 19.206077}}
{"target": 162.5362847775987, "params": {"h": 18.0, "p": 265.0, "r": 38.0}, "datetime": {"datetime": "2024-06-02 21:39:21", "elapsed": 2778.914283, "delta": 20.179613}}
