{"target": 4.892868730787243, "params": {"h": 19.0, "p": 243.0, "r": 27.0}, "datetime": {"datetime": "2024-05-13 23:18:20", "elapsed": 3202.074967, "delta": 20.458983}}
{"target": 138.336347301169, "params": {"h": 16.0, "p": 240.0, "r": 38.0}, "datetime": {"datetime": "2024-05-13 23:18:37", "elapsed": 3218.640984, "delta": 16.566017}}
{"target": 128.34085744841894, "params": {"h": 23.0, "p": 277.0, "r": 42.0}, "datetime": {"datetime": "2024-05-13 23:18:56", "elapsed": 3238.082022, "delta": 19.441038}}
{"target": 130.12061186790763, "params": {"h": 20.0, "p": 271.0, "r": 39.0}, "datetime": {"datetime": "2024-05-13 23:19:14", "elapsed": 3256.477195, "delta": 18.395173}}
{"target": 143.65277851540418, "params": {"h": 17.0, "p": 248.0, "r": 39.0}, "datetime": {"datetime": "2024-05-13 23:19:32", "elapsed": 3274.123618, "delta": 17.646423}}
{"target": 47.69192177395013, "params": {"h": 16.0, "p": 272.0, "r": 32.0}, "datetime": {"datetime": "2024-05-13 23:19:52", "elapsed": 3293.737018, "delta": 19.6134}}
{"target": 97.99050239287982, "params": {"h": 17.0, "p": 276.0, "r": 40.0}, "datetime": {"datetime": "2024-05-13 23:20:10", "elapsed": 3312.146807, "delta": 18.409789}}
{"target": 120.20140346110837, "params": {"h": 22.0, "p": 274.0, "r": 45.0}, "datetime": {"datetime": "2024-05-13 23:20:29", "elapsed": 3331.340311, "delta": 19.193504}}
{"target": 38.80746395502192, "params": {"h": 27.0, "p": 273.0, "r": 40.0}, "datetime": {"datetime": "2024-05-13 23:20:49", "elapsed": 3351.487009, "delta": 20.146698}}
{"target": 53.93684137362392, "params": {"h": 16.0, "p": 269.0, "r": 41.0}, "datetime": {"datetime": "2024-05-13 23:21:07", "elapsed": 3369.147254, "delta": 17.660245}}
{"target": 123.86539181387445, "params": {"h": 26.0, "p": 282.0, "r": 47.0}, "datetime": {"datetime": "2024-05-13 23:21:27", "elapsed": 3388.966876, "delta": 19.819622}}
{"target": 141.98266565183454, "params": {"h": 18.0, "p": 233.0, "r": 40.0}, "datetime": {"datetime": "2024-05-13 23:21:44", "elapsed": 3406.56597, "delta": 17.599094}}
{"target": 73.14953292122821, "params": {"h": 18.0, "p": 226.0, "r": 45.0}, "datetime": {"datetime": "2024-05-13 23:22:01", "elapsed": 3422.679149, "delta": 16.113179}}
{"target": 110.45400496785489, "params": {"h": 23.0, "p": 235.0, "r": 44.0}, "datetime": {"datetime": "2024-05-13 23:22:18", "elapsed": 3440.310921, "delta": 17.631772}}
{"target": 37.89570226107551, "params": {"h": 21.0, "p": 232.0, "r": 36.0}, "datetime": {"datetime": "2024-05-13 23:22:37", "elapsed": 3459.173518, "delta": 18.862597}}
{"target": 31.909708631197013, "params": {"h": 15.0, "p": 233.0, "r": 45.0}, "datetime": {"datetime": "2024-05-13 23:22:53", "elapsed": 3475.288669, "delta": 16.115151}}
{"target": 108.91771353481235, "params": {"h": 30.0, "p": 277.0, "r": 49.0}, "datetime": {"datetime": "2024-05-13 23:23:11", "elapsed": 3493.558282, "delta": 18.269613}}
{"target": 101.72535413403962, "params": {"h": 21.0, "p": 240.0, "r": 40.0}, "datetime": {"datetime": "2024-05-13 23:23:29", "elapsed": 3510.955038, "delta": 17.396756}}
{"target": 65.33248302393251, "params": {"h": 24.0, "p": 275.0, "r": 51.0}, "datetime": {"datetime": "2024-05-13 23:23:47", "elapsed": 3528.6636, "delta": 17.708562}}
{"target": 117.63093470876092, "params": {"h": 25.0, "p": 288.0, "r": 47.0}, "datetime": {"datetime": "2024-05-13 23:24:05", "elapsed": 3547.57573, "delta": 18.91213}}
{"target": 47.90563667378261, "params": {"h": 32.0, "p": 232.0, "r": 45.0}, "datetime": {"datetime": "2024-05-13 23:24:24", "elapsed": 3566.470956, "delta": 18.895226}}
{"target": 169.61224577757625, "params": {"h": 17.0, "p": 260.0, "r": 37.0}, "datetime": {"datetime": "2024-05-13 23:24:44", "elapsed": 3586.507989, "delta": 20.037033}}
{"target": 23.500415585305802, "params": {"h": 22.0, "p": 256.0, "r": 35.0}, "datetime": {"datetime": "2024-05-13 23:25:04", "elapsed": 3606.420353, "delta": 19.912364}}
{"target": 51.66972448930274, "params": {"h": 15.0, "p": 261.0, "r": 31.0}, "datetime": {"datetime": "2024-05-13 23:25:24", "elapsed": 3625.92375, "delta": 19.503397}}
{"target": 158.10163958804065, "params": {"h": 16.0, "p": 262.0, "r": 37.0}, "datetime": {"datetime": "2024-05-13 23:25:43", "elapsed": 3645.239609, "delta": 19.315859}}
{"target": 74.99224657924317, "params": {"h": 28.0, "p": 252.0, "r": 54.0}, "datetime": {"datetime": "2024-05-13 23:25:59", "elapsed": 3661.555611, "delta": 16.316002}}
{"target": 143.7764365070311, "params": {"h": 18.0, "p": 236.0, "r": 40.0}, "datetime": {"datetime": "2024-05-13 23:26:18", "elapsed": 3679.623584, "delta": 18.067973}}
{"target": 70.72833948533176, "params": {"h": 17.0, "p": 260.0, "r": 42.0}, "datetime": {"datetime": "2024-05-13 23:26:36", "elapsed": 3698.113768, "delta": 18.490184}}
{"target": 68.33001534330944, "params": {"h": 31.0, "p": 291.0, "r": 55.0}, "datetime": {"datetime": "2024-05-13 23:26:53", "elapsed": 3715.572594, "delta": 17.458826}}
{"target": 43.16074261318727, "params": {"h": 18.0, "p": 282.0, "r": 45.0}, "datetime": {"datetime": "2024-05-13 23:27:11", "elapsed": 3732.672302, "delta": 17.099708}}
{"target": 75.22943225636959, "params": {"h": 30.0, "p": 290.0, "r": 44.0}, "datetime": {"datetime": "2024-05-13 23:27:31", "elapsed": 3753.09809, "delta": 20.425788}}
{"target": 67.77336838482952, "params": {"h": 44.0, "p": 321.0, "r": 47.0}, "datetime": {"datetime": "2024-05-13 23:27:54", "elapsed": 3776.007611, "delta": 22.909521}}
{"target": 95.02917003843358, "params": {"h": 20.0, "p": 265.0, "r": 38.0}, "datetime": {"datetime": "2024-05-13 23:28:13", "elapsed": 3795.060406, "delta": 19.052795}}
{"target": 41.963244236146785, "params": {"h": 22.0, "p": 278.0, "r": 37.0}, "datetime": {"datetime": "2024-05-13 23:28:33", "elapsed": 3815.220134, "delta": 20.159728}}
{"target": 42.26499928449704, "params": {"h": 23.0, "p": 291.0, "r": 52.0}, "datetime": {"datetime": "2024-05-13 23:28:52", "elapsed": 3833.803929, "delta": 18.583795}}
{"target": 84.81799783299259, "params": {"h": 43.0, "p": 305.0, "r": 50.0}, "datetime": {"datetime": "2024-05-13 23:29:13", "elapsed": 3855.276745, "delta": 21.472816}}
{"target": 58.935454180156434, "params": {"h": 19.0, "p": 215.0, "r": 49.0}, "datetime": {"datetime": "2024-05-13 23:29:27", "elapsed": 3869.500775, "delta": 14.22403}}
{"target": 45.2697476384183, "params": {"h": 31.0, "p": 250.0, "r": 64.0}, "datetime": {"datetime": "2024-05-13 23:29:42", "elapsed": 3883.851084, "delta": 14.350309}}
{"target": 1.7755648828882475, "params": {"h": 24.0, "p": 766.0, "r": 143.0}, "datetime": {"datetime": "2024-05-13 23:30:17", "elapsed": 3919.282581, "delta": 35.431497}}
{"target": 118.10725368076459, "params": {"h": 26.0, "p": 284.0, "r": 44.0}, "datetime": {"datetime": "2024-05-13 23:30:37", "elapsed": 3939.383711, "delta": 20.10113}}
{"target": 99.33935978026115, "params": {"h": 28.0, "p": 278.0, "r": 45.0}, "datetime": {"datetime": "2024-05-13 23:30:57", "elapsed": 3958.611207, "delta": 19.227496}}
{"target": 1.316227104638581, "params": {"h": 15.0, "p": 678.0, "r": 96.0}, "datetime": {"datetime": "2024-05-13 23:31:30", "elapsed": 3992.338793, "delta": 33.727586}}
{"target": 160.40724367419753, "params": {"h": 15.0, "p": 237.0, "r": 34.0}, "datetime": {"datetime": "2024-05-13 23:31:49", "elapsed": 4010.925008, "delta": 18.586215}}
{"target": 127.11411494845879, "params": {"h": 17.0, "p": 237.0, "r": 36.0}, "datetime": {"datetime": "2024-05-13 23:32:06", "elapsed": 4028.41883, "delta": 17.493822}}
{"target": 65.32347530055006, "params": {"h": 19.0, "p": 243.0, "r": 36.0}, "datetime": {"datetime": "2024-05-13 23:32:24", "elapsed": 4045.739662, "delta": 17.320832}}
{"target": 70.7997073502498, "params": {"h": 16.0, "p": 244.0, "r": 41.0}, "datetime": {"datetime": "2024-05-13 23:32:40", "elapsed": 4061.655725, "delta": 15.916063}}
{"target": 83.97951053413615, "params": {"h": 27.0, "p": 261.0, "r": 44.0}, "datetime": {"datetime": "2024-05-13 23:32:59", "elapsed": 4080.699071, "delta": 19.043346}}
{"target": 159.6818183988845, "params": {"h": 17.0, "p": 247.0, "r": 37.0}, "datetime": {"datetime": "2024-05-13 23:33:17", "elapsed": 4099.162896, "delta": 18.463825}}
{"target": 123.59225510534336, "params": {"h": 23.0, "p": 271.0, "r": 42.0}, "datetime": {"datetime": "2024-05-13 23:33:36", "elapsed": 4117.955939, "delta": 18.793043}}
{"target": 4.317915185822777, "params": {"h": 15.0, "p": 232.0, "r": 24.0}, "datetime": {"datetime": "2024-05-13 23:33:57", "elapsed": 4139.013308, "delta": 21.057369}}
{"target": 108.54231708242013, "params": {"h": 15.0, "p": 256.0, "r": 37.0}, "datetime": {"datetime": "2024-05-13 23:34:16", "elapsed": 4157.931316, "delta": 18.918008}}
{"target": 90.06694864685123, "params": {"h": 25.0, "p": 244.0, "r": 50.0}, "datetime": {"datetime": "2024-05-13 23:34:32", "elapsed": 4173.989895, "delta": 16.058579}}
{"target": 110.58362916980367, "params": {"h": 24.0, "p": 250.0, "r": 47.0}, "datetime": {"datetime": "2024-05-13 23:34:49", "elapsed": 4191.156658, "delta": 17.166763}}
{"target": 49.13464452673807, "params": {"h": 26.0, "p": 239.0, "r": 59.0}, "datetime": {"datetime": "2024-05-13 23:35:03", "elapsed": 4205.337597, "delta": 14.180939}}
{"target": 83.04139785819362, "params": {"h": 44.0, "p": 295.0, "r": 56.0}, "datetime": {"datetime": "2024-05-13 23:35:22", "elapsed": 4224.396238, "delta": 19.058641}}
{"target": 96.62524101520829, "params": {"h": 50.0, "p": 319.0, "r": 54.0}, "datetime": {"datetime": "2024-05-13 23:35:44", "elapsed": 4246.093717, "delta": 21.697479}}
{"target": 78.07738707716757, "params": {"h": 15.0, "p": 233.0, "r": 39.0}, "datetime": {"datetime": "2024-05-13 23:36:01", "elapsed": 4263.252434, "delta": 17.158717}}
{"target": 118.05590297206689, "params": {"h": 20.0, "p": 233.0, "r": 40.0}, "datetime": {"datetime": "2024-05-13 23:36:18", "elapsed": 4280.493466, "delta": 17.241032}}
{"target": 130.8856710445583, "params": {"h": 18.0, "p": 260.0, "r": 37.0}, "datetime": {"datetime": "2024-05-13 23:36:38", "elapsed": 4299.578453, "delta": 19.084987}}
{"target": 138.1678213566746, "params": {"h": 24.0, "p": 280.0, "r": 44.0}, "datetime": {"datetime": "2024-05-13 23:36:56", "elapsed": 4318.147851, "delta": 18.569398}}
{"target": 111.02087855753072, "params": {"h": 21.0, "p": 239.0, "r": 45.0}, "datetime": {"datetime": "2024-05-13 23:37:12", "elapsed": 4334.325605, "delta": 16.177754}}
{"target": 111.78446857979901, "params": {"h": 24.0, "p": 243.0, "r": 45.0}, "datetime": {"datetime": "2024-05-13 23:37:29", "elapsed": 4350.861195, "delta": 16.53559}}
{"target": 56.890302452972556, "params": {"h": 31.0, "p": 244.0, "r": 45.0}, "datetime": {"datetime": "2024-05-13 23:37:46", "elapsed": 4367.927368, "delta": 17.066173}}
{"target": 86.911951023612, "params": {"h": 35.0, "p": 276.0, "r": 54.0}, "datetime": {"datetime": "2024-05-13 23:38:04", "elapsed": 4386.369472, "delta": 18.442104}}
{"target": 88.47998924063873, "params": {"h": 53.0, "p": 323.0, "r": 51.0}, "datetime": {"datetime": "2024-05-13 23:38:29", "elapsed": 4410.701841, "delta": 24.332369}}
{"target": 55.444179517092635, "params": {"h": 25.0, "p": 311.0, "r": 50.0}, "datetime": {"datetime": "2024-05-13 23:38:48", "elapsed": 4429.769371, "delta": 19.06753}}
{"target": 107.09579577223346, "params": {"h": 27.0, "p": 286.0, "r": 49.0}, "datetime": {"datetime": "2024-05-13 23:39:06", "elapsed": 4448.366691, "delta": 18.59732}}
{"target": 124.47144419130481, "params": {"h": 21.0, "p": 237.0, "r": 42.0}, "datetime": {"datetime": "2024-05-13 23:39:25", "elapsed": 4466.698848, "delta": 18.332157}}
{"target": 78.57345479914056, "params": {"h": 50.0, "p": 323.0, "r": 57.0}, "datetime": {"datetime": "2024-05-13 23:39:47", "elapsed": 4488.714767, "delta": 22.015919}}
{"target": 162.06435915262693, "params": {"h": 15.0, "p": 238.0, "r": 34.0}, "datetime": {"datetime": "2024-05-13 23:40:05", "elapsed": 4506.907581, "delta": 18.192814}}
{"target": 137.10491488084486, "params": {"h": 26.0, "p": 294.0, "r": 45.0}, "datetime": {"datetime": "2024-05-13 23:40:25", "elapsed": 4526.867068, "delta": 19.959487}}
{"target": 126.91494043691172, "params": {"h": 34.0, "p": 320.0, "r": 48.0}, "datetime": {"datetime": "2024-05-13 23:40:46", "elapsed": 4548.200861, "delta": 21.333793}}
{"target": 136.12280887446406, "params": {"h": 21.0, "p": 252.0, "r": 42.0}, "datetime": {"datetime": "2024-05-13 23:41:04", "elapsed": 4566.269076, "delta": 18.068215}}
{"target": 128.7528567169977, "params": {"h": 31.0, "p": 318.0, "r": 48.0}, "datetime": {"datetime": "2024-05-13 23:41:24", "elapsed": 4586.509633, "delta": 20.240557}}
{"target": 144.50981234784868, "params": {"h": 29.0, "p": 325.0, "r": 45.0}, "datetime": {"datetime": "2024-05-13 23:41:45", "elapsed": 4607.403999, "delta": 20.894366}}
{"target": 125.63446648079395, "params": {"h": 27.0, "p": 318.0, "r": 43.0}, "datetime": {"datetime": "2024-05-13 23:42:05", "elapsed": 4627.420564, "delta": 20.016565}}
{"target": 41.23372050788427, "params": {"h": 31.0, "p": 320.0, "r": 41.0}, "datetime": {"datetime": "2024-05-13 23:42:28", "elapsed": 4649.738714, "delta": 22.31815}}
{"target": 81.65222960389274, "params": {"h": 27.0, "p": 325.0, "r": 41.0}, "datetime": {"datetime": "2024-05-13 23:42:50", "elapsed": 4672.508687, "delta": 22.769973}}
{"target": 157.8940954773219, "params": {"h": 22.0, "p": 316.0, "r": 42.0}, "datetime": {"datetime": "2024-05-13 23:43:11", "elapsed": 4692.640976, "delta": 20.132289}}
{"target": 74.23961973763132, "params": {"h": 23.0, "p": 318.0, "r": 46.0}, "datetime": {"datetime": "2024-05-13 23:43:30", "elapsed": 4712.521131, "delta": 19.880155}}
{"target": 165.37963371969215, "params": {"h": 22.0, "p": 310.0, "r": 41.0}, "datetime": {"datetime": "2024-05-13 23:43:51", "elapsed": 4732.745852, "delta": 20.224721}}
{"target": 180.79722810275103, "params": {"h": 18.0, "p": 312.0, "r": 37.0}, "datetime": {"datetime": "2024-05-13 23:44:12", "elapsed": 4753.608898, "delta": 20.863046}}
{"target": 39.09756153033006, "params": {"h": 20.0, "p": 311.0, "r": 35.0}, "datetime": {"datetime": "2024-05-13 23:44:34", "elapsed": 4776.349115, "delta": 22.740217}}
{"target": 104.88784969215048, "params": {"h": 22.0, "p": 312.0, "r": 39.0}, "datetime": {"datetime": "2024-05-13 23:44:56", "elapsed": 4798.478273, "delta": 22.129158}}
{"target": 152.51883138023112, "params": {"h": 21.0, "p": 321.0, "r": 39.0}, "datetime": {"datetime": "2024-05-13 23:45:19", "elapsed": 4820.685605, "delta": 22.207332}}
{"target": 60.144993705724666, "params": {"h": 17.0, "p": 314.0, "r": 40.0}, "datetime": {"datetime": "2024-05-13 23:45:39", "elapsed": 4841.566564, "delta": 20.880959}}
{"target": 123.92360791182956, "params": {"h": 34.0, "p": 324.0, "r": 49.0}, "datetime": {"datetime": "2024-05-13 23:46:00", "elapsed": 4862.102297, "delta": 20.535733}}
{"target": 130.41502980470662, "params": {"h": 24.0, "p": 319.0, "r": 41.0}, "datetime": {"datetime": "2024-05-13 23:46:22", "elapsed": 4883.903964, "delta": 21.801667}}
{"target": 109.73116916695822, "params": {"h": 31.0, "p": 323.0, "r": 49.0}, "datetime": {"datetime": "2024-05-13 23:46:42", "elapsed": 4904.175745, "delta": 20.271781}}
{"target": 149.75949613616177, "params": {"h": 26.0, "p": 314.0, "r": 44.0}, "datetime": {"datetime": "2024-05-13 23:47:03", "elapsed": 4924.916477, "delta": 20.740732}}
{"target": 171.05207580174073, "params": {"h": 20.0, "p": 309.0, "r": 40.0}, "datetime": {"datetime": "2024-05-13 23:47:23", "elapsed": 4945.218602, "delta": 20.302125}}
{"target": 125.80549898812147, "params": {"h": 32.0, "p": 330.0, "r": 48.0}, "datetime": {"datetime": "2024-05-13 23:47:44", "elapsed": 4965.956895, "delta": 20.738293}}
{"target": 65.70269697710646, "params": {"h": 22.0, "p": 312.0, "r": 46.0}, "datetime": {"datetime": "2024-05-13 23:48:03", "elapsed": 4984.789862, "delta": 18.832967}}
{"target": 58.25711092094165, "params": {"h": 18.0, "p": 307.0, "r": 42.0}, "datetime": {"datetime": "2024-05-13 23:48:22", "elapsed": 5004.140108, "delta": 19.350246}}
{"target": 133.17772240749926, "params": {"h": 30.0, "p": 315.0, "r": 46.0}, "datetime": {"datetime": "2024-05-13 23:48:43", "elapsed": 5025.363005, "delta": 21.222897}}
{"target": 117.37379679204288, "params": {"h": 25.0, "p": 328.0, "r": 45.0}, "datetime": {"datetime": "2024-05-13 23:49:03", "elapsed": 5045.556387, "delta": 20.193382}}
{"target": 43.54767262312429, "params": {"h": 15.0, "p": 311.0, "r": 38.0}, "datetime": {"datetime": "2024-05-13 23:49:23", "elapsed": 5064.872992, "delta": 19.316605}}
{"target": 93.10680221409379, "params": {"h": 21.0, "p": 322.0, "r": 43.0}, "datetime": {"datetime": "2024-05-13 23:49:43", "elapsed": 5084.69018, "delta": 19.817188}}
{"target": 177.10359018724046, "params": {"h": 20.0, "p": 316.0, "r": 39.0}, "datetime": {"datetime": "2024-05-13 23:50:03", "elapsed": 5105.415045, "delta": 20.724865}}
{"target": 144.1793527094734, "params": {"h": 25.0, "p": 308.0, "r": 43.0}, "datetime": {"datetime": "2024-05-13 23:50:23", "elapsed": 5125.281849, "delta": 19.866804}}
{"target": 84.57763880171842, "params": {"h": 18.0, "p": 319.0, "r": 40.0}, "datetime": {"datetime": "2024-05-13 23:50:43", "elapsed": 5145.223144, "delta": 19.941295}}
{"target": 109.9801488278873, "params": {"h": 22.0, "p": 316.0, "r": 39.0}, "datetime": {"datetime": "2024-05-13 23:51:04", "elapsed": 5166.227908, "delta": 21.004764}}
{"target": 53.43761374393385, "params": {"h": 17.0, "p": 315.0, "r": 33.0}, "datetime": {"datetime": "2024-05-13 23:51:25", "elapsed": 5186.779651, "delta": 20.551743}}
{"target": 102.58832865594333, "params": {"h": 29.0, "p": 329.0, "r": 48.0}, "datetime": {"datetime": "2024-05-13 23:51:45", "elapsed": 5207.488554, "delta": 20.708903}}
{"target": 136.55441986251193, "params": {"h": 19.0, "p": 314.0, "r": 37.0}, "datetime": {"datetime": "2024-05-13 23:52:06", "elapsed": 5228.087959, "delta": 20.599405}}
{"target": 132.52817252949117, "params": {"h": 32.0, "p": 327.0, "r": 46.0}, "datetime": {"datetime": "2024-05-13 23:52:28", "elapsed": 5249.68616, "delta": 21.598201}}
{"target": 104.24122672312876, "params": {"h": 31.0, "p": 314.0, "r": 50.0}, "datetime": {"datetime": "2024-05-13 23:52:47", "elapsed": 5269.424051, "delta": 19.737891}}
{"target": 75.06422481090542, "params": {"h": 27.0, "p": 297.0, "r": 51.0}, "datetime": {"datetime": "2024-05-13 23:53:06", "elapsed": 5288.053743, "delta": 18.629692}}
{"target": 139.10504825321965, "params": {"h": 27.0, "p": 309.0, "r": 46.0}, "datetime": {"datetime": "2024-05-13 23:53:26", "elapsed": 5308.450458, "delta": 20.396715}}
{"target": 28.345379211988227, "params": {"h": 23.0, "p": 324.0, "r": 36.0}, "datetime": {"datetime": "2024-05-13 23:53:49", "elapsed": 5331.004314, "delta": 22.553856}}
{"target": 159.17555947987154, "params": {"h": 23.0, "p": 307.0, "r": 42.0}, "datetime": {"datetime": "2024-05-13 23:54:09", "elapsed": 5351.414414, "delta": 20.4101}}
{"target": 129.15557895230626, "params": {"h": 21.0, "p": 306.0, "r": 39.0}, "datetime": {"datetime": "2024-05-13 23:54:30", "elapsed": 5371.871159, "delta": 20.456745}}
{"target": 124.53910689106591, "params": {"h": 35.0, "p": 328.0, "r": 49.0}, "datetime": {"datetime": "2024-05-13 23:54:51", "elapsed": 5392.736185, "delta": 20.865026}}
{"target": 81.88159614229784, "params": {"h": 29.0, "p": 329.0, "r": 42.0}, "datetime": {"datetime": "2024-05-13 23:55:13", "elapsed": 5414.601494, "delta": 21.865309}}
{"target": 90.71323478271806, "params": {"h": 25.0, "p": 255.0, "r": 43.0}, "datetime": {"datetime": "2024-05-13 23:55:32", "elapsed": 5434.090602, "delta": 19.489108}}
{"target": 128.87099340907758, "params": {"h": 28.0, "p": 296.0, "r": 46.0}, "datetime": {"datetime": "2024-05-13 23:55:51", "elapsed": 5452.954143, "delta": 18.863541}}
{"target": 90.55134303674387, "params": {"h": 27.0, "p": 314.0, "r": 42.0}, "datetime": {"datetime": "2024-05-13 23:56:13", "elapsed": 5475.067553, "delta": 22.11341}}
{"target": 136.5226938311059, "params": {"h": 34.0, "p": 335.0, "r": 46.0}, "datetime": {"datetime": "2024-05-13 23:56:35", "elapsed": 5496.634831, "delta": 21.567278}}
{"target": 141.71498690675043, "params": {"h": 30.0, "p": 335.0, "r": 46.0}, "datetime": {"datetime": "2024-05-13 23:56:56", "elapsed": 5517.592025, "delta": 20.957194}}
{"target": 79.44463237737328, "params": {"h": 15.0, "p": 260.0, "r": 38.0}, "datetime": {"datetime": "2024-05-13 23:57:14", "elapsed": 5535.582252, "delta": 17.990227}}
