{"target": 91.65376176879208, "params": {"h": 20.0, "p": 309.0, "r": 37.0}, "datetime": {"datetime": "2024-06-03 04:13:03", "elapsed": 2759.82014, "delta": 23.016478}}
{"target": 72.72163162101663, "params": {"h": 24.0, "p": 278.0, "r": 50.0}, "datetime": {"datetime": "2024-06-03 04:13:22", "elapsed": 2778.586033, "delta": 18.765893}}
{"target": 126.49126364638158, "params": {"h": 24.0, "p": 294.0, "r": 42.0}, "datetime": {"datetime": "2024-06-03 04:13:42", "elapsed": 2798.726476, "delta": 20.140443}}
{"target": 10.034535539698872, "params": {"h": 18.0, "p": 312.0, "r": 30.0}, "datetime": {"datetime": "2024-06-03 04:14:04", "elapsed": 2820.871289, "delta": 22.144813}}
{"target": 22.091036277771305, "params": {"h": 18.0, "p": 306.0, "r": 32.0}, "datetime": {"datetime": "2024-06-03 04:14:28", "elapsed": 2844.909869, "delta": 24.03858}}
{"target": 59.5008903026655, "params": {"h": 16.0, "p": 304.0, "r": 39.0}, "datetime": {"datetime": "2024-06-03 04:14:50", "elapsed": 2866.690275, "delta": 21.780406}}
{"target": 78.5578714909291, "params": {"h": 16.0, "p": 275.0, "r": 33.0}, "datetime": {"datetime": "2024-06-03 04:15:09", "elapsed": 2886.057969, "delta": 19.367694}}
{"target": 67.7654464167786, "params": {"h": 21.0, "p": 280.0, "r": 47.0}, "datetime": {"datetime": "2024-06-03 04:15:28", "elapsed": 2904.401792, "delta": 18.343823}}
{"target": 154.5953609682439, "params": {"h": 23.0, "p": 299.0, "r": 43.0}, "datetime": {"datetime": "2024-06-03 04:15:48", "elapsed": 2925.081038, "delta": 20.679246}}
{"target": 169.13652031546076, "params": {"h": 17.0, "p": 313.0, "r": 37.0}, "datetime": {"datetime": "2024-06-03 04:16:11", "elapsed": 2947.388134, "delta": 22.307096}}
{"target": 94.80350679775077, "params": {"h": 26.0, "p": 299.0, "r": 42.0}, "datetime": {"datetime": "2024-06-03 04:16:31", "elapsed": 2967.583497, "delta": 20.195363}}
{"target": 79.12271017677996, "params": {"h": 17.0, "p": 317.0, "r": 39.0}, "datetime": {"datetime": "2024-06-03 04:16:51", "elapsed": 2987.449698, "delta": 19.866201}}
{"target": 90.86363564553997, "params": {"h": 24.0, "p": 315.0, "r": 40.0}, "datetime": {"datetime": "2024-06-03 04:17:12", "elapsed": 3008.734207, "delta": 21.284509}}
{"target": 136.67313682104088, "params": {"h": 19.0, "p": 312.0, "r": 40.0}, "datetime": {"datetime": "2024-06-03 04:17:34", "elapsed": 3031.206754, "delta": 22.472547}}
{"target": 120.35650432842597, "params": {"h": 21.0, "p": 300.0, "r": 43.0}, "datetime": {"datetime": "2024-06-03 04:17:54", "elapsed": 3050.759269, "delta": 19.552515}}
{"target": 73.08990785460264, "params": {"h": 15.0, "p": 295.0, "r": 37.0}, "datetime": {"datetime": "2024-06-03 04:18:13", "elapsed": 3070.07217, "delta": 19.312901}}
{"target": 88.70499410186726, "params": {"h": 25.0, "p": 304.0, "r": 41.0}, "datetime": {"datetime": "2024-06-03 04:18:35", "elapsed": 3091.662705, "delta": 21.590535}}
{"target": 84.32833395755293, "params": {"h": 26.0, "p": 291.0, "r": 42.0}, "datetime": {"datetime": "2024-06-03 04:18:58", "elapsed": 3114.745372, "delta": 23.082667}}
{"target": 139.21328260949085, "params": {"h": 23.0, "p": 275.0, "r": 44.0}, "datetime": {"datetime": "2024-06-03 04:19:19", "elapsed": 3136.146673, "delta": 21.401301}}
{"target": 142.51411828401461, "params": {"h": 23.0, "p": 293.0, "r": 44.0}, "datetime": {"datetime": "2024-06-03 04:19:39", "elapsed": 3155.629652, "delta": 19.482979}}
{"target": 23.29642999493952, "params": {"h": 17.0, "p": 309.0, "r": 45.0}, "datetime": {"datetime": "2024-06-03 04:19:59", "elapsed": 3175.842149, "delta": 20.212497}}
{"target": 114.56604661689997, "params": {"h": 22.0, "p": 283.0, "r": 45.0}, "datetime": {"datetime": "2024-06-03 04:20:19", "elapsed": 3195.625995, "delta": 19.783846}}
{"target": 188.6970838675115, "params": {"h": 17.0, "p": 315.0, "r": 36.0}, "datetime": {"datetime": "2024-06-03 04:20:42", "elapsed": 3218.576944, "delta": 22.950949}}
{"target": 19.092797032407116, "params": {"h": 23.0, "p": 317.0, "r": 35.0}, "datetime": {"datetime": "2024-06-03 04:21:06", "elapsed": 3243.112277, "delta": 24.535333}}
{"target": 93.41136230578975, "params": {"h": 19.0, "p": 260.0, "r": 37.0}, "datetime": {"datetime": "2024-06-03 04:21:27", "elapsed": 3263.43873, "delta": 20.326453}}
{"target": 176.6805318939026, "params": {"h": 17.0, "p": 297.0, "r": 36.0}, "datetime": {"datetime": "2024-06-03 04:21:48", "elapsed": 3284.695733, "delta": 21.257003}}
{"target": 54.57373896583694, "params": {"h": 18.0, "p": 262.0, "r": 45.0}, "datetime": {"datetime": "2024-06-03 04:22:07", "elapsed": 3303.270401, "delta": 18.574668}}
{"target": 100.84104980206274, "params": {"h": 21.0, "p": 314.0, "r": 38.0}, "datetime": {"datetime": "2024-06-03 04:22:29", "elapsed": 3325.727521, "delta": 22.45712}}
{"target": 62.3476229247053, "params": {"h": 20.0, "p": 297.0, "r": 45.0}, "datetime": {"datetime": "2024-06-03 04:22:49", "elapsed": 3345.938887, "delta": 20.211366}}
{"target": 127.0839744949866, "params": {"h": 21.0, "p": 274.0, "r": 40.0}, "datetime": {"datetime": "2024-06-03 04:23:08", "elapsed": 3364.896152, "delta": 18.957265}}
{"target": 178.07560134513753, "params": {"h": 16.0, "p": 291.0, "r": 36.0}, "datetime": {"datetime": "2024-06-03 04:23:28", "elapsed": 3384.977057, "delta": 20.080905}}
{"target": 88.9714746401854, "params": {"h": 41.0, "p": 303.0, "r": 55.0}, "datetime": {"datetime": "2024-06-03 04:23:47", "elapsed": 3403.943856, "delta": 18.966799}}
{"target": 61.281913170345305, "params": {"h": 42.0, "p": 312.0, "r": 59.0}, "datetime": {"datetime": "2024-06-03 04:24:07", "elapsed": 3423.586262, "delta": 19.642406}}
{"target": 127.06684929833817, "params": {"h": 28.0, "p": 317.0, "r": 47.0}, "datetime": {"datetime": "2024-06-03 04:24:30", "elapsed": 3446.751787, "delta": 23.165525}}
{"target": 86.31955542973924, "params": {"h": 18.0, "p": 312.0, "r": 35.0}, "datetime": {"datetime": "2024-06-03 04:24:51", "elapsed": 3467.739221, "delta": 20.987434}}
{"target": 78.71986699840735, "params": {"h": 16.0, "p": 308.0, "r": 38.0}, "datetime": {"datetime": "2024-06-03 04:25:13", "elapsed": 3489.480637, "delta": 21.741416}}
{"target": 103.18623086154848, "params": {"h": 16.0, "p": 314.0, "r": 37.0}, "datetime": {"datetime": "2024-06-03 04:25:35", "elapsed": 3511.513125, "delta": 22.032488}}
{"target": 89.37352868596678, "params": {"h": 18.0, "p": 316.0, "r": 35.0}, "datetime": {"datetime": "2024-06-03 04:25:58", "elapsed": 3534.34071, "delta": 22.827585}}
{"target": 137.7544780889644, "params": {"h": 21.0, "p": 285.0, "r": 40.0}, "datetime": {"datetime": "2024-06-03 04:26:18", "elapsed": 3555.088506, "delta": 20.747796}}
{"target": 145.67316900136032, "params": {"h": 23.0, "p": 284.0, "r": 43.0}, "datetime": {"datetime": "2024-06-03 04:26:40", "elapsed": 3577.191848, "delta": 22.103342}}
{"target": 187.44915958677186, "params": {"h": 16.0, "p": 303.0, "r": 35.0}, "datetime": {"datetime": "2024-06-03 04:27:02", "elapsed": 3598.327479, "delta": 21.135631}}
{"target": 84.93803447736956, "params": {"h": 24.0, "p": 274.0, "r": 41.0}, "datetime": {"datetime": "2024-06-03 04:27:21", "elapsed": 3618.051211, "delta": 19.723732}}
{"target": 179.68291608481942, "params": {"h": 17.0, "p": 281.0, "r": 37.0}, "datetime": {"datetime": "2024-06-03 04:27:42", "elapsed": 3638.279618, "delta": 20.228407}}
{"target": 142.42309052349825, "params": {"h": 16.0, "p": 303.0, "r": 34.0}, "datetime": {"datetime": "2024-06-03 04:28:03", "elapsed": 3659.760974, "delta": 21.481356}}
{"target": 165.9824617081589, "params": {"h": 15.0, "p": 284.0, "r": 35.0}, "datetime": {"datetime": "2024-06-03 04:28:23", "elapsed": 3679.640844, "delta": 19.87987}}
{"target": 124.78954849279127, "params": {"h": 26.0, "p": 316.0, "r": 46.0}, "datetime": {"datetime": "2024-06-03 04:28:43", "elapsed": 3700.018193, "delta": 20.377349}}
{"target": 179.76036870043325, "params": {"h": 17.0, "p": 300.0, "r": 36.0}, "datetime": {"datetime": "2024-06-03 04:29:05", "elapsed": 3721.328048, "delta": 21.309855}}
{"target": 162.11905166946846, "params": {"h": 18.0, "p": 281.0, "r": 39.0}, "datetime": {"datetime": "2024-06-03 04:29:27", "elapsed": 3743.65403, "delta": 22.325982}}
{"target": 170.3886886581253, "params": {"h": 18.0, "p": 302.0, "r": 37.0}, "datetime": {"datetime": "2024-06-03 04:29:49", "elapsed": 3765.811311, "delta": 22.157281}}
{"target": 123.347637227655, "params": {"h": 28.0, "p": 313.0, "r": 44.0}, "datetime": {"datetime": "2024-06-03 04:30:13", "elapsed": 3789.382111, "delta": 23.5708}}
{"target": 121.04222599710924, "params": {"h": 20.0, "p": 274.0, "r": 43.0}, "datetime": {"datetime": "2024-06-03 04:30:32", "elapsed": 3808.869677, "delta": 19.487566}}
{"target": 147.82742541684445, "params": {"h": 18.0, "p": 278.0, "r": 37.0}, "datetime": {"datetime": "2024-06-03 04:30:53", "elapsed": 3829.692368, "delta": 20.822691}}
{"target": 123.64409769321611, "params": {"h": 27.0, "p": 311.0, "r": 47.0}, "datetime": {"datetime": "2024-06-03 04:31:13", "elapsed": 3849.608066, "delta": 19.915698}}
{"target": 121.63582413423224, "params": {"h": 27.0, "p": 316.0, "r": 43.0}, "datetime": {"datetime": "2024-06-03 04:31:33", "elapsed": 3870.133152, "delta": 20.525086}}
{"target": 34.94383400612576, "params": {"h": 19.0, "p": 281.0, "r": 34.0}, "datetime": {"datetime": "2024-06-03 04:31:54", "elapsed": 3890.906055, "delta": 20.772903}}
{"target": 138.544180138551, "params": {"h": 19.0, "p": 277.0, "r": 38.0}, "datetime": {"datetime": "2024-06-03 04:32:16", "elapsed": 3912.481857, "delta": 21.575802}}
{"target": 150.5019254337266, "params": {"h": 21.0, "p": 278.0, "r": 41.0}, "datetime": {"datetime": "2024-06-03 04:32:36", "elapsed": 3932.732957, "delta": 20.2511}}
{"target": 51.75418657318085, "params": {"h": 15.0, "p": 278.0, "r": 39.0}, "datetime": {"datetime": "2024-06-03 04:32:56", "elapsed": 3952.374079, "delta": 19.641122}}
{"target": 135.18525099356543, "params": {"h": 26.0, "p": 302.0, "r": 46.0}, "datetime": {"datetime": "2024-06-03 04:33:15", "elapsed": 3972.167434, "delta": 19.793355}}
{"target": 147.0527925552736, "params": {"h": 22.0, "p": 279.0, "r": 42.0}, "datetime": {"datetime": "2024-06-03 04:33:35", "elapsed": 3991.421737, "delta": 19.254303}}
{"target": 134.14352440137506, "params": {"h": 24.0, "p": 300.0, "r": 45.0}, "datetime": {"datetime": "2024-06-03 04:33:55", "elapsed": 4011.734003, "delta": 20.312266}}
{"target": 115.3257116250287, "params": {"h": 32.0, "p": 316.0, "r": 46.0}, "datetime": {"datetime": "2024-06-03 04:34:16", "elapsed": 4033.049225, "delta": 21.315222}}
{"target": 125.35897469809694, "params": {"h": 17.0, "p": 295.0, "r": 35.0}, "datetime": {"datetime": "2024-06-03 04:34:40", "elapsed": 4056.646042, "delta": 23.596817}}
{"target": 84.37305650407465, "params": {"h": 31.0, "p": 313.0, "r": 44.0}, "datetime": {"datetime": "2024-06-03 04:35:02", "elapsed": 4078.405218, "delta": 21.759176}}
{"target": 62.99761937047208, "params": {"h": 21.0, "p": 303.0, "r": 37.0}, "datetime": {"datetime": "2024-06-03 04:35:24", "elapsed": 4101.12943, "delta": 22.724212}}
{"target": 109.65688617040914, "params": {"h": 26.0, "p": 313.0, "r": 47.0}, "datetime": {"datetime": "2024-06-03 04:35:44", "elapsed": 4120.974786, "delta": 19.845356}}
{"target": 49.167752213431875, "params": {"h": 26.0, "p": 318.0, "r": 51.0}, "datetime": {"datetime": "2024-06-03 04:36:06", "elapsed": 4142.64228, "delta": 21.667494}}
{"target": 136.31170284624997, "params": {"h": 21.0, "p": 283.0, "r": 43.0}, "datetime": {"datetime": "2024-06-03 04:36:26", "elapsed": 4162.475103, "delta": 19.832823}}
{"target": 118.58155478770988, "params": {"h": 18.0, "p": 262.0, "r": 41.0}, "datetime": {"datetime": "2024-06-03 04:36:47", "elapsed": 4183.394558, "delta": 20.919455}}
{"target": 114.00275660858021, "params": {"h": 19.0, "p": 277.0, "r": 42.0}, "datetime": {"datetime": "2024-06-03 04:37:07", "elapsed": 4203.310487, "delta": 19.915929}}
{"target": 145.05165991056717, "params": {"h": 24.0, "p": 314.0, "r": 44.0}, "datetime": {"datetime": "2024-06-03 04:37:28", "elapsed": 4224.678272, "delta": 21.367785}}
{"target": 65.70269697711906, "params": {"h": 22.0, "p": 312.0, "r": 46.0}, "datetime": {"datetime": "2024-06-03 04:37:49", "elapsed": 4246.149898, "delta": 21.471626}}
{"target": 118.6106915355741, "params": {"h": 31.0, "p": 296.0, "r": 48.0}, "datetime": {"datetime": "2024-06-03 04:38:12", "elapsed": 4268.319009, "delta": 22.169111}}
{"target": 73.24397031566852, "params": {"h": 20.0, "p": 279.0, "r": 37.0}, "datetime": {"datetime": "2024-06-03 04:38:33", "elapsed": 4290.116843, "delta": 21.797834}}
{"target": 124.92399080877756, "params": {"h": 29.0, "p": 299.0, "r": 46.0}, "datetime": {"datetime": "2024-06-03 04:38:56", "elapsed": 4312.384029, "delta": 22.267186}}
{"target": 70.84432553521367, "params": {"h": 19.0, "p": 274.0, "r": 36.0}, "datetime": {"datetime": "2024-06-03 04:39:16", "elapsed": 4332.817896, "delta": 20.433867}}
{"target": 136.00825915057297, "params": {"h": 27.0, "p": 319.0, "r": 46.0}, "datetime": {"datetime": "2024-06-03 04:39:40", "elapsed": 4357.202406, "delta": 24.38451}}
{"target": 132.26278576500835, "params": {"h": 29.0, "p": 321.0, "r": 47.0}, "datetime": {"datetime": "2024-06-03 04:40:04", "elapsed": 4381.042457, "delta": 23.840051}}
{"target": 143.88385328648232, "params": {"h": 29.0, "p": 325.0, "r": 46.0}, "datetime": {"datetime": "2024-06-03 04:40:29", "elapsed": 4405.581306, "delta": 24.538849}}
{"target": 84.59952648499015, "params": {"h": 30.0, "p": 324.0, "r": 50.0}, "datetime": {"datetime": "2024-06-03 04:40:49", "elapsed": 4425.941131, "delta": 20.359825}}
{"target": 148.48264854133456, "params": {"h": 27.0, "p": 325.0, "r": 45.0}, "datetime": {"datetime": "2024-06-03 04:41:11", "elapsed": 4447.789542, "delta": 21.848411}}
{"target": 68.68683424433577, "params": {"h": 15.0, "p": 302.0, "r": 37.0}, "datetime": {"datetime": "2024-06-03 04:41:32", "elapsed": 4468.953476, "delta": 21.163934}}
{"target": 125.41386168477021, "params": {"h": 18.0, "p": 303.0, "r": 36.0}, "datetime": {"datetime": "2024-06-03 04:41:52", "elapsed": 4488.641043, "delta": 19.687567}}
{"target": 148.16905878248974, "params": {"h": 25.0, "p": 325.0, "r": 42.0}, "datetime": {"datetime": "2024-06-03 04:42:13", "elapsed": 4509.265588, "delta": 20.624545}}
{"target": 130.31045240337323, "params": {"h": 27.0, "p": 321.0, "r": 43.0}, "datetime": {"datetime": "2024-06-03 04:42:36", "elapsed": 4532.710387, "delta": 23.444799}}
{"target": 117.31291237020325, "params": {"h": 32.0, "p": 327.0, "r": 45.0}, "datetime": {"datetime": "2024-06-03 04:42:59", "elapsed": 4555.546311, "delta": 22.835924}}
{"target": 89.42227048576659, "params": {"h": 32.0, "p": 322.0, "r": 44.0}, "datetime": {"datetime": "2024-06-03 04:43:22", "elapsed": 4578.918547, "delta": 23.372236}}
{"target": 144.3039449600698, "params": {"h": 16.0, "p": 282.0, "r": 37.0}, "datetime": {"datetime": "2024-06-03 04:43:43", "elapsed": 4599.501494, "delta": 20.582947}}
{"target": 123.41409461944461, "params": {"h": 23.0, "p": 317.0, "r": 44.0}, "datetime": {"datetime": "2024-06-03 04:44:05", "elapsed": 4621.298202, "delta": 21.796708}}
{"target": 79.83461965089883, "params": {"h": 25.0, "p": 323.0, "r": 47.0}, "datetime": {"datetime": "2024-06-03 04:44:25", "elapsed": 4641.751082, "delta": 20.45288}}
{"target": 129.1177768213662, "params": {"h": 29.0, "p": 303.0, "r": 46.0}, "datetime": {"datetime": "2024-06-03 04:44:46", "elapsed": 4663.173175, "delta": 21.422093}}
{"target": 77.87584605762586, "params": {"h": 26.0, "p": 311.0, "r": 41.0}, "datetime": {"datetime": "2024-06-03 04:45:09", "elapsed": 4685.378462, "delta": 22.205287}}
{"target": 176.1879563813605, "params": {"h": 19.0, "p": 300.0, "r": 39.0}, "datetime": {"datetime": "2024-06-03 04:45:31", "elapsed": 4707.879895, "delta": 22.501433}}
{"target": 135.72567263789477, "params": {"h": 29.0, "p": 328.0, "r": 44.0}, "datetime": {"datetime": "2024-06-03 04:45:53", "elapsed": 4729.263403, "delta": 21.383508}}
{"target": 114.06153631315836, "params": {"h": 31.0, "p": 319.0, "r": 49.0}, "datetime": {"datetime": "2024-06-03 04:46:14", "elapsed": 4750.473527, "delta": 21.210124}}
{"target": 152.30490949230685, "params": {"h": 22.0, "p": 299.0, "r": 41.0}, "datetime": {"datetime": "2024-06-03 04:46:34", "elapsed": 4770.917563, "delta": 20.444036}}
{"target": 172.8164098451722, "params": {"h": 22.0, "p": 325.0, "r": 41.0}, "datetime": {"datetime": "2024-06-03 04:46:56", "elapsed": 4792.426107, "delta": 21.508544}}
{"target": 140.65213170087404, "params": {"h": 22.0, "p": 330.0, "r": 42.0}, "datetime": {"datetime": "2024-06-03 04:47:18", "elapsed": 4814.607071, "delta": 22.180964}}
{"target": 48.05282945129432, "params": {"h": 21.0, "p": 328.0, "r": 45.0}, "datetime": {"datetime": "2024-06-03 04:47:40", "elapsed": 4837.045967, "delta": 22.438896}}
{"target": 128.2964677763934, "params": {"h": 23.0, "p": 323.0, "r": 40.0}, "datetime": {"datetime": "2024-06-03 04:48:03", "elapsed": 4859.388335, "delta": 22.342368}}
{"target": 141.28637324369953, "params": {"h": 23.0, "p": 279.0, "r": 44.0}, "datetime": {"datetime": "2024-06-03 04:48:24", "elapsed": 4880.48019, "delta": 21.091855}}
{"target": 149.2700824995029, "params": {"h": 18.0, "p": 330.0, "r": 38.0}, "datetime": {"datetime": "2024-06-03 04:48:46", "elapsed": 4902.699594, "delta": 22.219404}}
{"target": 177.21964003257358, "params": {"h": 19.0, "p": 334.0, "r": 37.0}, "datetime": {"datetime": "2024-06-03 04:49:08", "elapsed": 4924.430638, "delta": 21.731044}}
{"target": 168.9648735605109, "params": {"h": 19.0, "p": 331.0, "r": 37.0}, "datetime": {"datetime": "2024-06-03 04:49:30", "elapsed": 4946.852475, "delta": 22.421837}}
{"target": 46.9894659524363, "params": {"h": 26.0, "p": 326.0, "r": 39.0}, "datetime": {"datetime": "2024-06-03 04:49:54", "elapsed": 4970.647402, "delta": 23.794927}}
{"target": 26.871661449476917, "params": {"h": 22.0, "p": 336.0, "r": 35.0}, "datetime": {"datetime": "2024-06-03 04:50:17", "elapsed": 4993.957998, "delta": 23.310596}}
{"target": 80.25733692706025, "params": {"h": 19.0, "p": 299.0, "r": 36.0}, "datetime": {"datetime": "2024-06-03 04:50:38", "elapsed": 5014.578432, "delta": 20.620434}}
{"target": 56.883009367551075, "params": {"h": 15.0, "p": 336.0, "r": 36.0}, "datetime": {"datetime": "2024-06-03 04:51:00", "elapsed": 5036.691877, "delta": 22.113445}}
{"target": 44.64849411972636, "params": {"h": 31.0, "p": 328.0, "r": 41.0}, "datetime": {"datetime": "2024-06-03 04:51:25", "elapsed": 5062.084654, "delta": 25.392777}}
{"target": 160.13123404493854, "params": {"h": 18.0, "p": 328.0, "r": 36.0}, "datetime": {"datetime": "2024-06-03 04:51:46", "elapsed": 5082.809409, "delta": 20.724755}}
{"target": 124.63633550828962, "params": {"h": 24.0, "p": 273.0, "r": 46.0}, "datetime": {"datetime": "2024-06-03 04:52:04", "elapsed": 5101.139312, "delta": 18.329903}}
{"target": 123.57292756201505, "params": {"h": 21.0, "p": 330.0, "r": 38.0}, "datetime": {"datetime": "2024-06-03 04:52:30", "elapsed": 5126.91232, "delta": 25.773008}}
{"target": 131.454623141722, "params": {"h": 16.0, "p": 287.0, "r": 34.0}, "datetime": {"datetime": "2024-06-03 04:52:51", "elapsed": 5147.541599, "delta": 20.629279}}
{"target": 133.34996350001197, "params": {"h": 26.0, "p": 305.0, "r": 46.0}, "datetime": {"datetime": "2024-06-03 04:53:13", "elapsed": 5169.465547, "delta": 21.923948}}
{"target": 173.69772069000842, "params": {"h": 16.0, "p": 325.0, "r": 34.0}, "datetime": {"datetime": "2024-06-03 04:53:36", "elapsed": 5192.35178, "delta": 22.886233}}
{"target": 114.4174702323159, "params": {"h": 19.0, "p": 332.0, "r": 36.0}, "datetime": {"datetime": "2024-06-03 04:53:58", "elapsed": 5214.246204, "delta": 21.894424}}
{"target": 36.000352173282295, "params": {"h": 18.0, "p": 327.0, "r": 33.0}, "datetime": {"datetime": "2024-06-03 04:54:22", "elapsed": 5238.416531, "delta": 24.170327}}
{"target": 172.37789436733925, "params": {"h": 22.0, "p": 328.0, "r": 41.0}, "datetime": {"datetime": "2024-06-03 04:54:43", "elapsed": 5259.718803, "delta": 21.302272}}
{"target": 181.79284269915541, "params": {"h": 18.0, "p": 314.0, "r": 37.0}, "datetime": {"datetime": "2024-06-03 04:55:05", "elapsed": 5281.480724, "delta": 21.761921}}
{"target": 146.5890920716944, "params": {"h": 17.0, "p": 326.0, "r": 37.0}, "datetime": {"datetime": "2024-06-03 04:55:28", "elapsed": 5304.349386, "delta": 22.868662}}
{"target": 85.82796421841635, "params": {"h": 20.0, "p": 324.0, "r": 42.0}, "datetime": {"datetime": "2024-06-03 04:55:51", "elapsed": 5327.430105, "delta": 23.080719}}
