{"target": 0.9782541186711862, "params": {"h": 26.0, "p": 886.0, "r": 122.0}, "datetime": {"datetime": "2024-05-05 10:51:28", "elapsed": 0.0, "delta": 0.0}}
{"target": 10.782344652297729, "params": {"h": 46.0, "p": 117.0, "r": 30.0}, "datetime": {"datetime": "2024-05-05 10:51:49", "elapsed": 20.656771, "delta": 20.656771}}
{"target": 0.05594334002228114, "params": {"h": 35.0, "p": 934.0, "r": 21.0}, "datetime": {"datetime": "2024-05-05 10:52:59", "elapsed": 90.892234, "delta": 70.235463}}
{"target": 0.0, "params": {"h": 51.0, "p": 207.0, "r": 150.0}, "datetime": {"datetime": "2024-05-05 10:52:59", "elapsed": 90.894236, "delta": 0.002002}}
{"target": 2.432619854450802, "params": {"h": 56.0, "p": 637.0, "r": 86.0}, "datetime": {"datetime": "2024-05-05 10:53:29", "elapsed": 120.461313, "delta": 29.567077}}
{"target": 6.349105676605556, "params": {"h": 50.0, "p": 472.0, "r": 129.0}, "datetime": {"datetime": "2024-05-05 10:53:47", "elapsed": 138.476534, "delta": 18.015221}}
{"target": 1.3434948608380939, "params": {"h": 32.0, "p": 782.0, "r": 82.0}, "datetime": {"datetime": "2024-05-05 10:54:25", "elapsed": 176.293557, "delta": 37.817023}}
{"target": 11.560509187030522, "params": {"h": 23.0, "p": 310.0, "r": 101.0}, "datetime": {"datetime": "2024-05-05 10:54:39", "elapsed": 190.641541, "delta": 14.347984}}
{"target": 4.060072671644407, "params": {"h": 39.0, "p": 695.0, "r": 42.0}, "datetime": {"datetime": "2024-05-05 10:55:22", "elapsed": 233.161454, "delta": 42.519913}}
{"target": 2.8314280832030563, "params": {"h": 15.0, "p": 398.0, "r": 60.0}, "datetime": {"datetime": "2024-05-05 10:55:42", "elapsed": 253.47006, "delta": 20.308606}}
{"target": 6.802963957605449, "params": {"h": 45.0, "p": 117.0, "r": 26.0}, "datetime": {"datetime": "2024-05-05 10:56:05", "elapsed": 276.945633, "delta": 23.475573}}
{"target": 10.710486520451013, "params": {"h": 45.0, "p": 117.0, "r": 30.0}, "datetime": {"datetime": "2024-05-05 10:56:26", "elapsed": 297.352411, "delta": 20.406778}}
{"target": 11.189880905414173, "params": {"h": 21.0, "p": 307.0, "r": 100.0}, "datetime": {"datetime": "2024-05-05 10:56:39", "elapsed": 310.933243, "delta": 13.580832}}
{"target": 0.0, "params": {"h": 46.0, "p": 117.0, "r": 36.0}, "datetime": {"datetime": "2024-05-05 10:56:40", "elapsed": 311.167818, "delta": 0.234575}}
{"target": 12.623980098256192, "params": {"h": 45.0, "p": 115.0, "r": 31.0}, "datetime": {"datetime": "2024-05-05 10:56:58", "elapsed": 329.899155, "delta": 18.731337}}
{"target": 9.956322990217627, "params": {"h": 20.0, "p": 309.0, "r": 96.0}, "datetime": {"datetime": "2024-05-05 10:57:13", "elapsed": 344.96115, "delta": 15.061995}}
{"target": 13.020525433333985, "params": {"h": 27.0, "p": 310.0, "r": 101.0}, "datetime": {"datetime": "2024-05-05 10:57:27", "elapsed": 358.992396, "delta": 14.031246}}
{"target": 13.11573490771543, "params": {"h": 26.0, "p": 307.0, "r": 101.0}, "datetime": {"datetime": "2024-05-05 10:57:41", "elapsed": 372.71303, "delta": 13.720634}}
{"target": 12.769660615857408, "params": {"h": 26.0, "p": 308.0, "r": 98.0}, "datetime": {"datetime": "2024-05-05 10:57:55", "elapsed": 386.260843, "delta": 13.547813}}
{"target": 12.721090437807764, "params": {"h": 40.0, "p": 112.0, "r": 30.0}, "datetime": {"datetime": "2024-05-05 10:58:11", "elapsed": 402.472735, "delta": 16.211892}}
{"target": 12.08858156859261, "params": {"h": 45.0, "p": 111.0, "r": 30.0}, "datetime": {"datetime": "2024-05-05 10:58:30", "elapsed": 422.047744, "delta": 19.575009}}
{"target": 14.528837861789253, "params": {"h": 30.0, "p": 308.0, "r": 104.0}, "datetime": {"datetime": "2024-05-05 10:58:43", "elapsed": 434.561853, "delta": 12.514109}}
{"target": 16.04711821501426, "params": {"h": 32.0, "p": 302.0, "r": 102.0}, "datetime": {"datetime": "2024-05-05 10:58:57", "elapsed": 448.387671, "delta": 13.825818}}
{"target": 15.742166303350567, "params": {"h": 29.0, "p": 297.0, "r": 99.0}, "datetime": {"datetime": "2024-05-05 10:59:10", "elapsed": 461.149107, "delta": 12.761436}}
{"target": 15.953598000874514, "params": {"h": 31.0, "p": 301.0, "r": 98.0}, "datetime": {"datetime": "2024-05-05 10:59:22", "elapsed": 473.834762, "delta": 12.685655}}
{"target": 17.364845701419355, "params": {"h": 34.0, "p": 298.0, "r": 100.0}, "datetime": {"datetime": "2024-05-05 10:59:35", "elapsed": 486.379329, "delta": 12.544567}}
{"target": 17.218783537212435, "params": {"h": 33.0, "p": 296.0, "r": 103.0}, "datetime": {"datetime": "2024-05-05 10:59:47", "elapsed": 498.799659, "delta": 12.42033}}
{"target": 17.534738986915308, "params": {"h": 37.0, "p": 300.0, "r": 106.0}, "datetime": {"datetime": "2024-05-05 10:59:59", "elapsed": 510.20593, "delta": 11.406271}}
{"target": 18.81011920023404, "params": {"h": 39.0, "p": 296.0, "r": 103.0}, "datetime": {"datetime": "2024-05-05 11:00:12", "elapsed": 523.133249, "delta": 12.927319}}
{"target": 18.528453533193368, "params": {"h": 39.0, "p": 294.0, "r": 107.0}, "datetime": {"datetime": "2024-05-05 11:00:23", "elapsed": 534.1568, "delta": 11.023551}}
{"target": 19.286836803424585, "params": {"h": 44.0, "p": 297.0, "r": 106.0}, "datetime": {"datetime": "2024-05-05 11:00:36", "elapsed": 547.171395, "delta": 13.014595}}
{"target": 20.05644260360034, "params": {"h": 45.0, "p": 292.0, "r": 104.0}, "datetime": {"datetime": "2024-05-05 11:00:48", "elapsed": 559.574402, "delta": 12.403007}}
{"target": 20.971653818690474, "params": {"h": 47.0, "p": 295.0, "r": 100.0}, "datetime": {"datetime": "2024-05-05 11:01:01", "elapsed": 572.886615, "delta": 13.312213}}
{"target": 21.38896434673716, "params": {"h": 45.0, "p": 292.0, "r": 97.0}, "datetime": {"datetime": "2024-05-05 11:01:15", "elapsed": 586.535213, "delta": 13.648598}}
{"target": 23.026152838037493, "params": {"h": 48.0, "p": 295.0, "r": 93.0}, "datetime": {"datetime": "2024-05-05 11:01:29", "elapsed": 600.074044, "delta": 13.538831}}
{"target": 22.324871959037033, "params": {"h": 45.0, "p": 298.0, "r": 91.0}, "datetime": {"datetime": "2024-05-05 11:01:43", "elapsed": 614.714606, "delta": 14.640562}}
{"target": 23.522325624102216, "params": {"h": 51.0, "p": 299.0, "r": 93.0}, "datetime": {"datetime": "2024-05-05 11:01:58", "elapsed": 629.506607, "delta": 14.792001}}
{"target": 26.021887001103966, "params": {"h": 52.0, "p": 297.0, "r": 88.0}, "datetime": {"datetime": "2024-05-05 11:02:14", "elapsed": 645.292421, "delta": 15.785814}}
{"target": 29.075828102217194, "params": {"h": 57.0, "p": 296.0, "r": 86.0}, "datetime": {"datetime": "2024-05-05 11:02:29", "elapsed": 660.114062, "delta": 14.821641}}
{"target": 30.465969762858208, "params": {"h": 59.0, "p": 292.0, "r": 86.0}, "datetime": {"datetime": "2024-05-05 11:02:44", "elapsed": 675.795629, "delta": 15.681567}}
{"target": 34.05266520308157, "params": {"h": 59.0, "p": 292.0, "r": 81.0}, "datetime": {"datetime": "2024-05-05 11:02:59", "elapsed": 690.352162, "delta": 14.556533}}
{"target": 38.25059749123038, "params": {"h": 60.0, "p": 290.0, "r": 77.0}, "datetime": {"datetime": "2024-05-05 11:03:15", "elapsed": 706.424968, "delta": 16.072806}}
{"target": 44.8502402653715, "params": {"h": 60.0, "p": 287.0, "r": 72.0}, "datetime": {"datetime": "2024-05-05 11:03:32", "elapsed": 723.366135, "delta": 16.941167}}
{"target": 52.4179700507401, "params": {"h": 59.0, "p": 284.0, "r": 67.0}, "datetime": {"datetime": "2024-05-05 11:03:50", "elapsed": 741.49757, "delta": 18.131435}}
{"target": 60.78182661268011, "params": {"h": 58.0, "p": 281.0, "r": 62.0}, "datetime": {"datetime": "2024-05-05 11:04:08", "elapsed": 759.789898, "delta": 18.292328}}
{"target": 59.06311326150129, "params": {"h": 58.0, "p": 278.0, "r": 56.0}, "datetime": {"datetime": "2024-05-05 11:04:30", "elapsed": 781.15616, "delta": 21.366262}}
{"target": 61.84120708190036, "params": {"h": 54.0, "p": 277.0, "r": 61.0}, "datetime": {"datetime": "2024-05-05 11:04:48", "elapsed": 799.587336, "delta": 18.431176}}
{"target": 58.80403734238383, "params": {"h": 59.0, "p": 275.0, "r": 62.0}, "datetime": {"datetime": "2024-05-05 11:05:05", "elapsed": 817.023989, "delta": 17.436653}}
{"target": 66.79461231414736, "params": {"h": 53.0, "p": 282.0, "r": 59.0}, "datetime": {"datetime": "2024-05-05 11:05:25", "elapsed": 836.793804, "delta": 19.769815}}
{"target": 77.85422945683077, "params": {"h": 47.0, "p": 287.0, "r": 55.0}, "datetime": {"datetime": "2024-05-05 11:05:46", "elapsed": 857.245197, "delta": 20.451393}}
{"target": 81.25008341582712, "params": {"h": 42.0, "p": 292.0, "r": 51.0}, "datetime": {"datetime": "2024-05-05 11:06:06", "elapsed": 877.66283, "delta": 20.417633}}
{"target": 64.54383183358881, "params": {"h": 46.0, "p": 294.0, "r": 50.0}, "datetime": {"datetime": "2024-05-05 11:06:27", "elapsed": 898.762997, "delta": 21.100167}}
{"target": 92.14405013526559, "params": {"h": 33.0, "p": 286.0, "r": 53.0}, "datetime": {"datetime": "2024-05-05 11:06:45", "elapsed": 916.688748, "delta": 17.925751}}
{"target": 75.88361659169898, "params": {"h": 35.0, "p": 289.0, "r": 56.0}, "datetime": {"datetime": "2024-05-05 11:07:03", "elapsed": 934.230876, "delta": 17.542128}}
{"target": 34.77339857032804, "params": {"h": 33.0, "p": 284.0, "r": 42.0}, "datetime": {"datetime": "2024-05-05 11:07:24", "elapsed": 955.316977, "delta": 21.086101}}
{"target": 92.22323095290895, "params": {"h": 36.0, "p": 282.0, "r": 53.0}, "datetime": {"datetime": "2024-05-05 11:07:42", "elapsed": 973.441704, "delta": 18.124727}}
{"target": 93.81447589942547, "params": {"h": 37.0, "p": 285.0, "r": 52.0}, "datetime": {"datetime": "2024-05-05 11:08:00", "elapsed": 992.010565, "delta": 18.568861}}
{"target": 93.4996207805423, "params": {"h": 34.0, "p": 284.0, "r": 53.0}, "datetime": {"datetime": "2024-05-05 11:08:18", "elapsed": 1009.785734, "delta": 17.775169}}
{"target": 81.00600755669925, "params": {"h": 42.0, "p": 281.0, "r": 54.0}, "datetime": {"datetime": "2024-05-05 11:08:38", "elapsed": 1029.214995, "delta": 19.429261}}
{"target": 97.34843859900032, "params": {"h": 35.0, "p": 285.0, "r": 52.0}, "datetime": {"datetime": "2024-05-05 11:08:57", "elapsed": 1048.644962, "delta": 19.429967}}
{"target": 101.04953563850421, "params": {"h": 34.0, "p": 286.0, "r": 50.0}, "datetime": {"datetime": "2024-05-05 11:09:17", "elapsed": 1068.945841, "delta": 20.300879}}
{"target": 103.11827788156138, "params": {"h": 34.0, "p": 288.0, "r": 50.0}, "datetime": {"datetime": "2024-05-05 11:09:36", "elapsed": 1087.77406, "delta": 18.828219}}
{"target": 100.86004356154129, "params": {"h": 34.0, "p": 291.0, "r": 49.0}, "datetime": {"datetime": "2024-05-05 11:09:57", "elapsed": 1108.649431, "delta": 20.875371}}
{"target": 99.55220417402553, "params": {"h": 35.0, "p": 289.0, "r": 50.0}, "datetime": {"datetime": "2024-05-05 11:10:19", "elapsed": 1130.166866, "delta": 21.517435}}
{"target": 81.90599445439895, "params": {"h": 24.0, "p": 297.0, "r": 48.0}, "datetime": {"datetime": "2024-05-05 11:10:38", "elapsed": 1149.490664, "delta": 19.323798}}
{"target": 114.96545472327712, "params": {"h": 31.0, "p": 290.0, "r": 49.0}, "datetime": {"datetime": "2024-05-05 11:11:00", "elapsed": 1171.069, "delta": 21.578336}}
{"target": 137.425935606864, "params": {"h": 24.0, "p": 291.0, "r": 45.0}, "datetime": {"datetime": "2024-05-05 11:11:21", "elapsed": 1192.101808, "delta": 21.032808}}
{"target": 89.05527586972212, "params": {"h": 21.0, "p": 288.0, "r": 45.0}, "datetime": {"datetime": "2024-05-05 11:11:40", "elapsed": 1211.233109, "delta": 19.131301}}
{"target": 108.05747221655987, "params": {"h": 26.0, "p": 292.0, "r": 43.0}, "datetime": {"datetime": "2024-05-05 11:11:59", "elapsed": 1230.93432, "delta": 19.701211}}
{"target": 115.77569134955957, "params": {"h": 25.0, "p": 291.0, "r": 47.0}, "datetime": {"datetime": "2024-05-05 11:12:19", "elapsed": 1250.342107, "delta": 19.407787}}
{"target": 127.50656558747467, "params": {"h": 22.0, "p": 293.0, "r": 44.0}, "datetime": {"datetime": "2024-05-05 11:12:38", "elapsed": 1269.539269, "delta": 19.197162}}
{"target": 105.13445368717312, "params": {"h": 32.0, "p": 291.0, "r": 51.0}, "datetime": {"datetime": "2024-05-05 11:12:56", "elapsed": 1287.65477, "delta": 18.115501}}
{"target": 127.25286524552314, "params": {"h": 27.0, "p": 289.0, "r": 47.0}, "datetime": {"datetime": "2024-05-05 11:13:14", "elapsed": 1305.369225, "delta": 17.714455}}
{"target": 97.55717238663907, "params": {"h": 26.0, "p": 288.0, "r": 49.0}, "datetime": {"datetime": "2024-05-05 11:13:32", "elapsed": 1323.126204, "delta": 17.756979}}
{"target": 156.37183595596585, "params": {"h": 22.0, "p": 292.0, "r": 42.0}, "datetime": {"datetime": "2024-05-05 11:13:50", "elapsed": 1341.296343, "delta": 18.170139}}
{"target": 114.4693724303464, "params": {"h": 21.0, "p": 291.0, "r": 39.0}, "datetime": {"datetime": "2024-05-05 11:14:08", "elapsed": 1359.552262, "delta": 18.255919}}
{"target": 133.07213203761052, "params": {"h": 26.0, "p": 289.0, "r": 46.0}, "datetime": {"datetime": "2024-05-05 11:14:26", "elapsed": 1377.768571, "delta": 18.216309}}
{"target": 79.71070356995847, "params": {"h": 35.0, "p": 298.0, "r": 55.0}, "datetime": {"datetime": "2024-05-05 11:14:43", "elapsed": 1394.987806, "delta": 17.219235}}
{"target": 147.87870615692384, "params": {"h": 22.0, "p": 294.0, "r": 41.0}, "datetime": {"datetime": "2024-05-05 11:15:03", "elapsed": 1415.025338, "delta": 20.037532}}
{"target": 124.50559206792641, "params": {"h": 26.0, "p": 287.0, "r": 47.0}, "datetime": {"datetime": "2024-05-05 11:15:23", "elapsed": 1434.115213, "delta": 19.089875}}
{"target": 142.30731078461, "params": {"h": 23.0, "p": 291.0, "r": 42.0}, "datetime": {"datetime": "2024-05-05 11:15:43", "elapsed": 1454.352741, "delta": 20.237528}}
{"target": 119.01194503280543, "params": {"h": 18.0, "p": 292.0, "r": 40.0}, "datetime": {"datetime": "2024-05-05 11:16:02", "elapsed": 1473.701669, "delta": 19.348928}}
{"target": 156.14208247004063, "params": {"h": 20.0, "p": 293.0, "r": 41.0}, "datetime": {"datetime": "2024-05-05 11:16:21", "elapsed": 1492.863925, "delta": 19.162256}}
{"target": 123.07546008994659, "params": {"h": 23.0, "p": 294.0, "r": 41.0}, "datetime": {"datetime": "2024-05-05 11:16:40", "elapsed": 1511.98004, "delta": 19.116115}}
{"target": 77.70393182136337, "params": {"h": 20.0, "p": 296.0, "r": 44.0}, "datetime": {"datetime": "2024-05-05 11:16:59", "elapsed": 1530.911312, "delta": 18.931272}}
{"target": 121.48125948877419, "params": {"h": 26.0, "p": 287.0, "r": 44.0}, "datetime": {"datetime": "2024-05-05 11:17:19", "elapsed": 1550.289419, "delta": 19.378107}}
{"target": 83.3017393580701, "params": {"h": 21.0, "p": 292.0, "r": 38.0}, "datetime": {"datetime": "2024-05-05 11:17:38", "elapsed": 1569.222337, "delta": 18.932918}}
{"target": 120.26650562669955, "params": {"h": 28.0, "p": 286.0, "r": 48.0}, "datetime": {"datetime": "2024-05-05 11:17:56", "elapsed": 1587.335804, "delta": 18.113467}}
{"target": 94.3300214533373, "params": {"h": 31.0, "p": 290.0, "r": 46.0}, "datetime": {"datetime": "2024-05-05 11:18:16", "elapsed": 1607.312204, "delta": 19.9764}}
{"target": 164.90557117092294, "params": {"h": 21.0, "p": 296.0, "r": 41.0}, "datetime": {"datetime": "2024-05-05 11:18:37", "elapsed": 1628.541651, "delta": 21.229447}}
{"target": 116.04019609835126, "params": {"h": 21.0, "p": 293.0, "r": 39.0}, "datetime": {"datetime": "2024-05-05 11:18:56", "elapsed": 1647.920245, "delta": 19.378594}}
{"target": 146.6670951279616, "params": {"h": 22.0, "p": 293.0, "r": 41.0}, "datetime": {"datetime": "2024-05-05 11:19:15", "elapsed": 1666.67959, "delta": 18.759345}}
{"target": 34.009682572065145, "params": {"h": 25.0, "p": 302.0, "r": 38.0}, "datetime": {"datetime": "2024-05-05 11:19:38", "elapsed": 1689.394544, "delta": 22.714954}}
{"target": 91.54134186355631, "params": {"h": 19.0, "p": 298.0, "r": 42.0}, "datetime": {"datetime": "2024-05-05 11:19:58", "elapsed": 1709.170912, "delta": 19.776368}}
{"target": 148.26865385533887, "params": {"h": 22.0, "p": 290.0, "r": 43.0}, "datetime": {"datetime": "2024-05-05 11:20:16", "elapsed": 1727.838676, "delta": 18.667764}}
{"target": 152.59467850256394, "params": {"h": 21.0, "p": 292.0, "r": 42.0}, "datetime": {"datetime": "2024-05-05 11:20:36", "elapsed": 1747.154908, "delta": 19.316232}}
{"target": 121.44966746006351, "params": {"h": 25.0, "p": 289.0, "r": 43.0}, "datetime": {"datetime": "2024-05-05 11:20:55", "elapsed": 1766.808215, "delta": 19.653307}}
{"target": 144.20021485115683, "params": {"h": 23.0, "p": 293.0, "r": 42.0}, "datetime": {"datetime": "2024-05-05 11:21:14", "elapsed": 1785.324378, "delta": 18.516163}}
{"target": 84.33537816941066, "params": {"h": 28.0, "p": 277.0, "r": 52.0}, "datetime": {"datetime": "2024-05-05 11:21:32", "elapsed": 1803.264416, "delta": 17.940038}}
{"target": 101.48494767303956, "params": {"h": 27.0, "p": 297.0, "r": 49.0}, "datetime": {"datetime": "2024-05-05 11:21:50", "elapsed": 1822.006584, "delta": 18.742168}}
{"target": 167.30878400949325, "params": {"h": 20.0, "p": 291.0, "r": 40.0}, "datetime": {"datetime": "2024-05-05 11:22:10", "elapsed": 1841.848558, "delta": 19.841974}}
{"target": 137.67475989222652, "params": {"h": 24.0, "p": 288.0, "r": 43.0}, "datetime": {"datetime": "2024-05-05 11:22:29", "elapsed": 1860.490775, "delta": 18.642217}}
{"target": 124.64052788006114, "params": {"h": 28.0, "p": 288.0, "r": 47.0}, "datetime": {"datetime": "2024-05-05 11:22:48", "elapsed": 1879.229773, "delta": 18.738998}}
{"target": 59.581352648295244, "params": {"h": 22.0, "p": 282.0, "r": 38.0}, "datetime": {"datetime": "2024-05-05 11:23:08", "elapsed": 1899.649506, "delta": 20.419733}}
{"target": 130.9662945896784, "params": {"h": 25.0, "p": 287.0, "r": 46.0}, "datetime": {"datetime": "2024-05-05 11:23:26", "elapsed": 1917.054812, "delta": 17.405306}}
{"target": 145.0732210002113, "params": {"h": 23.0, "p": 292.0, "r": 42.0}, "datetime": {"datetime": "2024-05-05 11:23:44", "elapsed": 1935.684568, "delta": 18.629756}}
{"target": 139.89560409042778, "params": {"h": 21.0, "p": 286.0, "r": 40.0}, "datetime": {"datetime": "2024-05-05 11:24:02", "elapsed": 1954.047655, "delta": 18.363087}}
{"target": 136.71471311496063, "params": {"h": 24.0, "p": 288.0, "r": 45.0}, "datetime": {"datetime": "2024-05-05 11:24:22", "elapsed": 1973.89648, "delta": 19.848825}}
{"target": 170.96508645168467, "params": {"h": 19.0, "p": 287.0, "r": 39.0}, "datetime": {"datetime": "2024-05-05 11:24:42", "elapsed": 1993.75559, "delta": 19.85911}}
{"target": 146.98415041120123, "params": {"h": 23.0, "p": 285.0, "r": 43.0}, "datetime": {"datetime": "2024-05-05 11:25:01", "elapsed": 2012.087238, "delta": 18.331648}}
{"target": 139.92148249527122, "params": {"h": 16.0, "p": 287.0, "r": 37.0}, "datetime": {"datetime": "2024-05-05 11:25:18", "elapsed": 2029.17198, "delta": 17.084742}}
{"target": 104.17284273242315, "params": {"h": 29.0, "p": 280.0, "r": 46.0}, "datetime": {"datetime": "2024-05-05 11:25:35", "elapsed": 2046.783592, "delta": 17.611612}}
{"target": 159.44191335783194, "params": {"h": 19.0, "p": 289.0, "r": 40.0}, "datetime": {"datetime": "2024-05-05 11:25:54", "elapsed": 2065.900218, "delta": 19.116626}}
{"target": 145.1770053802464, "params": {"h": 23.0, "p": 294.0, "r": 42.0}, "datetime": {"datetime": "2024-05-05 11:26:14", "elapsed": 2085.21668, "delta": 19.316462}}
{"target": 37.679795684348264, "params": {"h": 16.0, "p": 285.0, "r": 42.0}, "datetime": {"datetime": "2024-05-05 11:26:33", "elapsed": 2104.140861, "delta": 18.924181}}
{"target": 118.78898827428048, "params": {"h": 26.0, "p": 285.0, "r": 44.0}, "datetime": {"datetime": "2024-05-05 11:26:51", "elapsed": 2122.576837, "delta": 18.435976}}
{"target": 176.73303523255484, "params": {"h": 18.0, "p": 287.0, "r": 38.0}, "datetime": {"datetime": "2024-05-05 11:27:12", "elapsed": 2143.102056, "delta": 20.525219}}
{"target": 139.13768653430796, "params": {"h": 22.0, "p": 289.0, "r": 41.0}, "datetime": {"datetime": "2024-05-05 11:27:29", "elapsed": 2161.030554, "delta": 17.928498}}
{"target": 53.49297099390449, "params": {"h": 20.0, "p": 288.0, "r": 36.0}, "datetime": {"datetime": "2024-05-05 11:27:50", "elapsed": 2181.892951, "delta": 20.862397}}
{"target": 147.75685408376407, "params": {"h": 23.0, "p": 295.0, "r": 42.0}, "datetime": {"datetime": "2024-05-05 11:28:12", "elapsed": 2203.328679, "delta": 21.435728}}
{"target": 107.91923736961535, "params": {"h": 30.0, "p": 282.0, "r": 50.0}, "datetime": {"datetime": "2024-05-05 11:28:30", "elapsed": 2221.140611, "delta": 17.811932}}
{"target": 174.93630667165834, "params": {"h": 19.0, "p": 295.0, "r": 39.0}, "datetime": {"datetime": "2024-05-05 11:28:48", "elapsed": 2239.913322, "delta": 18.772711}}
{"target": 124.33967986660744, "params": {"h": 26.0, "p": 279.0, "r": 45.0}, "datetime": {"datetime": "2024-05-05 11:29:07", "elapsed": 2259.016692, "delta": 19.10337}}
{"target": 142.6146419213831, "params": {"h": 17.0, "p": 298.0, "r": 38.0}, "datetime": {"datetime": "2024-05-05 11:29:27", "elapsed": 2278.3164, "delta": 19.299708}}
{"target": 113.20253470580671, "params": {"h": 26.0, "p": 281.0, "r": 48.0}, "datetime": {"datetime": "2024-05-05 11:29:46", "elapsed": 2297.823329, "delta": 19.506929}}
{"target": 133.46203644119632, "params": {"h": 21.0, "p": 287.0, "r": 43.0}, "datetime": {"datetime": "2024-05-05 11:30:05", "elapsed": 2316.327639, "delta": 18.50431}}
{"target": 130.0861752753126, "params": {"h": 23.0, "p": 272.0, "r": 45.0}, "datetime": {"datetime": "2024-05-05 11:30:22", "elapsed": 2333.912509, "delta": 17.58487}}
{"target": 81.08545830204189, "params": {"h": 20.0, "p": 294.0, "r": 37.0}, "datetime": {"datetime": "2024-05-05 11:30:43", "elapsed": 2354.156983, "delta": 20.244474}}
{"target": 120.58865141975771, "params": {"h": 26.0, "p": 275.0, "r": 45.0}, "datetime": {"datetime": "2024-05-05 11:31:01", "elapsed": 2372.160331, "delta": 18.003348}}
