{"target": 107.47110742235542, "params": {"h": 18.0, "p": 195.0, "r": 38.0}, "datetime": {"datetime": "2024-06-02 21:39:40", "elapsed": 2797.277184, "delta": 18.362901}}
{"target": 73.3345873724902, "params": {"h": 24.0, "p": 189.0, "r": 45.0}, "datetime": {"datetime": "2024-06-02 21:39:56", "elapsed": 2813.744211, "delta": 16.467027}}
{"target": 111.42680750907397, "params": {"h": 27.0, "p": 262.0, "r": 47.0}, "datetime": {"datetime": "2024-06-02 21:40:15", "elapsed": 2832.55871, "delta": 18.814499}}
{"target": 144.48009254621002, "params": {"h": 19.0, "p": 265.0, "r": 41.0}, "datetime": {"datetime": "2024-06-02 21:40:35", "elapsed": 2852.355606, "delta": 19.796896}}
{"target": 122.96037884900522, "params": {"h": 24.0, "p": 264.0, "r": 44.0}, "datetime": {"datetime": "2024-06-02 21:40:53", "elapsed": 2870.736023, "delta": 18.380417}}
{"target": 71.06783131486503, "params": {"h": 21.0, "p": 265.0, "r": 38.0}, "datetime": {"datetime": "2024-06-02 21:41:13", "elapsed": 2890.583036, "delta": 19.847013}}
{"target": 121.58406174605742, "params": {"h": 22.0, "p": 262.0, "r": 45.0}, "datetime": {"datetime": "2024-06-02 21:41:32", "elapsed": 2909.311787, "delta": 18.728751}}
{"target": 104.68199903270231, "params": {"h": 22.0, "p": 268.0, "r": 46.0}, "datetime": {"datetime": "2024-06-02 21:41:50", "elapsed": 2927.224018, "delta": 17.912231}}
{"target": 48.587754006954, "params": {"h": 22.0, "p": 264.0, "r": 52.0}, "datetime": {"datetime": "2024-06-02 21:42:07", "elapsed": 2944.975181, "delta": 17.751163}}
{"target": 115.4326064174903, "params": {"h": 16.0, "p": 186.0, "r": 39.0}, "datetime": {"datetime": "2024-06-02 21:42:25", "elapsed": 2962.634442, "delta": 17.659261}}
{"target": 108.31493921318385, "params": {"h": 25.0, "p": 260.0, "r": 44.0}, "datetime": {"datetime": "2024-06-02 21:42:46", "elapsed": 2983.79189, "delta": 21.157448}}
{"target": 59.09670966652011, "params": {"h": 33.0, "p": 261.0, "r": 46.0}, "datetime": {"datetime": "2024-06-02 21:43:05", "elapsed": 3002.853309, "delta": 19.061419}}
{"target": 91.61803546348429, "params": {"h": 16.0, "p": 188.0, "r": 41.0}, "datetime": {"datetime": "2024-06-02 21:43:22", "elapsed": 3019.727658, "delta": 16.874349}}
{"target": 108.16915658039221, "params": {"h": 26.0, "p": 256.0, "r": 46.0}, "datetime": {"datetime": "2024-06-02 21:43:41", "elapsed": 3038.366957, "delta": 18.639299}}
{"target": 88.60613363813263, "params": {"h": 27.0, "p": 252.0, "r": 45.0}, "datetime": {"datetime": "2024-06-02 21:43:59", "elapsed": 3056.916392, "delta": 18.549435}}
{"target": 150.61198851385512, "params": {"h": 16.0, "p": 274.0, "r": 37.0}, "datetime": {"datetime": "2024-06-02 21:44:20", "elapsed": 3077.767385, "delta": 20.850993}}
{"target": 121.7899428628921, "params": {"h": 16.0, "p": 274.0, "r": 34.0}, "datetime": {"datetime": "2024-06-02 21:44:41", "elapsed": 3098.563072, "delta": 20.795687}}
{"target": 85.83057357947506, "params": {"h": 28.0, "p": 249.0, "r": 52.0}, "datetime": {"datetime": "2024-06-02 21:44:57", "elapsed": 3115.128043, "delta": 16.564971}}
{"target": 102.07922215425397, "params": {"h": 28.0, "p": 257.0, "r": 49.0}, "datetime": {"datetime": "2024-06-02 21:45:14", "elapsed": 3132.204513, "delta": 17.07647}}
{"target": 80.37971240616797, "params": {"h": 32.0, "p": 253.0, "r": 49.0}, "datetime": {"datetime": "2024-06-02 21:45:34", "elapsed": 3151.421176, "delta": 19.216663}}
{"target": 129.9111475177801, "params": {"h": 22.0, "p": 254.0, "r": 44.0}, "datetime": {"datetime": "2024-06-02 21:45:52", "elapsed": 3169.882041, "delta": 18.460865}}
{"target": 91.34108064733417, "params": {"h": 15.0, "p": 281.0, "r": 37.0}, "datetime": {"datetime": "2024-06-02 21:46:11", "elapsed": 3188.963377, "delta": 19.081336}}
{"target": 63.27333375146201, "params": {"h": 20.0, "p": 249.0, "r": 48.0}, "datetime": {"datetime": "2024-06-02 21:46:28", "elapsed": 3206.072451, "delta": 17.109074}}
{"target": 103.5682490704262, "params": {"h": 23.0, "p": 252.0, "r": 42.0}, "datetime": {"datetime": "2024-06-02 21:46:48", "elapsed": 3225.839287, "delta": 19.766836}}
{"target": 97.53101479391972, "params": {"h": 19.0, "p": 182.0, "r": 42.0}, "datetime": {"datetime": "2024-06-02 21:47:04", "elapsed": 3241.502531, "delta": 15.663244}}
{"target": 107.88060254230746, "params": {"h": 27.0, "p": 270.0, "r": 49.0}, "datetime": {"datetime": "2024-06-02 21:47:22", "elapsed": 3259.685269, "delta": 18.182738}}
{"target": 91.38779834614955, "params": {"h": 32.0, "p": 267.0, "r": 49.0}, "datetime": {"datetime": "2024-06-02 21:47:40", "elapsed": 3278.024747, "delta": 18.339478}}
{"target": 105.3345904309364, "params": {"h": 26.0, "p": 273.0, "r": 44.0}, "datetime": {"datetime": "2024-06-02 21:47:59", "elapsed": 3297.186675, "delta": 19.161928}}
{"target": 86.8756904332873, "params": {"h": 30.0, "p": 271.0, "r": 46.0}, "datetime": {"datetime": "2024-06-02 21:48:19", "elapsed": 3316.434905, "delta": 19.24823}}
{"target": 98.61963409640724, "params": {"h": 24.0, "p": 275.0, "r": 48.0}, "datetime": {"datetime": "2024-06-02 21:48:37", "elapsed": 3334.297569, "delta": 17.862664}}
{"target": 113.02711443024779, "params": {"h": 29.0, "p": 277.0, "r": 48.0}, "datetime": {"datetime": "2024-06-02 21:48:56", "elapsed": 3353.778806, "delta": 19.481237}}
{"target": 84.3403235417142, "params": {"h": 22.0, "p": 256.0, "r": 48.0}, "datetime": {"datetime": "2024-06-02 21:49:13", "elapsed": 3371.094696, "delta": 17.31589}}
{"target": 69.81476294803385, "params": {"h": 30.0, "p": 283.0, "r": 44.0}, "datetime": {"datetime": "2024-06-02 21:49:35", "elapsed": 3392.685718, "delta": 21.591022}}
{"target": 90.2268523721963, "params": {"h": 29.0, "p": 274.0, "r": 52.0}, "datetime": {"datetime": "2024-06-02 21:49:54", "elapsed": 3411.456371, "delta": 18.770653}}
{"target": 112.14871284805413, "params": {"h": 27.0, "p": 278.0, "r": 45.0}, "datetime": {"datetime": "2024-06-02 21:50:13", "elapsed": 3431.187251, "delta": 19.73088}}
{"target": 102.5144625624673, "params": {"h": 28.0, "p": 283.0, "r": 50.0}, "datetime": {"datetime": "2024-06-02 21:50:33", "elapsed": 3450.548544, "delta": 19.361293}}
{"target": 63.209717115916135, "params": {"h": 30.0, "p": 281.0, "r": 56.0}, "datetime": {"datetime": "2024-06-02 21:50:52", "elapsed": 3469.442158, "delta": 18.893614}}
{"target": 80.56688295914901, "params": {"h": 24.0, "p": 280.0, "r": 49.0}, "datetime": {"datetime": "2024-06-02 21:51:11", "elapsed": 3488.995825, "delta": 19.553667}}
{"target": 144.84603297146245, "params": {"h": 19.0, "p": 254.0, "r": 41.0}, "datetime": {"datetime": "2024-06-02 21:51:31", "elapsed": 3508.966395, "delta": 19.97057}}
{"target": 68.86807789175639, "params": {"h": 18.0, "p": 255.0, "r": 44.0}, "datetime": {"datetime": "2024-06-02 21:51:49", "elapsed": 3526.381184, "delta": 17.414789}}
{"target": 109.7356483547573, "params": {"h": 31.0, "p": 287.0, "r": 50.0}, "datetime": {"datetime": "2024-06-02 21:52:08", "elapsed": 3545.932614, "delta": 19.55143}}
{"target": 128.8491500390548, "params": {"h": 21.0, "p": 255.0, "r": 41.0}, "datetime": {"datetime": "2024-06-02 21:52:27", "elapsed": 3564.435096, "delta": 18.502482}}
{"target": 26.047212028225808, "params": {"h": 20.0, "p": 254.0, "r": 34.0}, "datetime": {"datetime": "2024-06-02 21:52:47", "elapsed": 3584.602467, "delta": 20.167371}}
{"target": 111.14350704277894, "params": {"h": 31.0, "p": 293.0, "r": 50.0}, "datetime": {"datetime": "2024-06-02 21:53:06", "elapsed": 3604.169227, "delta": 19.56676}}
{"target": 84.38435232527503, "params": {"h": 29.0, "p": 290.0, "r": 52.0}, "datetime": {"datetime": "2024-06-02 21:53:25", "elapsed": 3622.757175, "delta": 18.587948}}
{"target": 96.47969432379678, "params": {"h": 35.0, "p": 291.0, "r": 49.0}, "datetime": {"datetime": "2024-06-02 21:53:45", "elapsed": 3643.06729, "delta": 20.310115}}
{"target": 83.61401159986936, "params": {"h": 16.0, "p": 250.0, "r": 40.0}, "datetime": {"datetime": "2024-06-02 21:54:04", "elapsed": 3661.662561, "delta": 18.595271}}
{"target": 107.54789791141648, "params": {"h": 33.0, "p": 297.0, "r": 48.0}, "datetime": {"datetime": "2024-06-02 21:54:25", "elapsed": 3683.097164, "delta": 21.434603}}
{"target": 80.78541487929981, "params": {"h": 31.0, "p": 293.0, "r": 45.0}, "datetime": {"datetime": "2024-06-02 21:54:48", "elapsed": 3705.600993, "delta": 22.503829}}
{"target": 86.54821767559177, "params": {"h": 32.0, "p": 298.0, "r": 53.0}, "datetime": {"datetime": "2024-06-02 21:55:08", "elapsed": 3725.779441, "delta": 20.178448}}
{"target": 135.60080848946137, "params": {"h": 26.0, "p": 298.0, "r": 46.0}, "datetime": {"datetime": "2024-06-02 21:55:27", "elapsed": 3745.203963, "delta": 19.424522}}
{"target": 45.54145745373075, "params": {"h": 27.0, "p": 299.0, "r": 40.0}, "datetime": {"datetime": "2024-06-02 21:55:51", "elapsed": 3768.761297, "delta": 23.557334}}
{"target": 68.22445088136446, "params": {"h": 26.0, "p": 295.0, "r": 51.0}, "datetime": {"datetime": "2024-06-02 21:56:09", "elapsed": 3787.159952, "delta": 18.398655}}
{"target": 159.88287668691854, "params": {"h": 17.0, "p": 279.0, "r": 36.0}, "datetime": {"datetime": "2024-06-02 21:56:28", "elapsed": 3806.167285, "delta": 19.007333}}
{"target": 76.19109346949072, "params": {"h": 33.0, "p": 304.0, "r": 45.0}, "datetime": {"datetime": "2024-06-02 21:56:49", "elapsed": 3826.510518, "delta": 20.343233}}
{"target": 32.605846968088066, "params": {"h": 21.0, "p": 302.0, "r": 50.0}, "datetime": {"datetime": "2024-06-02 21:57:08", "elapsed": 3845.831246, "delta": 19.320728}}
{"target": 136.39642656757235, "params": {"h": 26.0, "p": 293.0, "r": 45.0}, "datetime": {"datetime": "2024-06-02 21:57:27", "elapsed": 3864.700366, "delta": 18.86912}}
{"target": 85.19249167734012, "params": {"h": 26.0, "p": 290.0, "r": 42.0}, "datetime": {"datetime": "2024-06-02 21:57:47", "elapsed": 3884.439748, "delta": 19.739382}}
{"target": 75.67858839152082, "params": {"h": 17.0, "p": 280.0, "r": 34.0}, "datetime": {"datetime": "2024-06-02 21:58:08", "elapsed": 3905.89748, "delta": 21.457732}}
{"target": 154.99091115228924, "params": {"h": 20.0, "p": 295.0, "r": 41.0}, "datetime": {"datetime": "2024-06-02 21:58:27", "elapsed": 3924.916076, "delta": 19.018596}}
{"target": 58.10157480316431, "params": {"h": 21.0, "p": 290.0, "r": 37.0}, "datetime": {"datetime": "2024-06-02 21:58:49", "elapsed": 3946.760507, "delta": 21.844431}}
{"target": 51.5192210834287, "params": {"h": 20.0, "p": 296.0, "r": 46.0}, "datetime": {"datetime": "2024-06-02 21:59:09", "elapsed": 3967.021955, "delta": 20.261448}}
{"target": 77.91920707346974, "params": {"h": 17.0, "p": 296.0, "r": 40.0}, "datetime": {"datetime": "2024-06-02 21:59:29", "elapsed": 3986.755407, "delta": 19.733452}}
{"target": 126.2829318157604, "params": {"h": 27.0, "p": 286.0, "r": 47.0}, "datetime": {"datetime": "2024-06-02 21:59:49", "elapsed": 4006.537923, "delta": 19.782516}}
{"target": 142.20059192040713, "params": {"h": 25.0, "p": 296.0, "r": 44.0}, "datetime": {"datetime": "2024-06-02 22:00:10", "elapsed": 4028.139598, "delta": 21.601675}}
{"target": 90.34049764026139, "params": {"h": 37.0, "p": 287.0, "r": 54.0}, "datetime": {"datetime": "2024-06-02 22:00:29", "elapsed": 4046.780928, "delta": 18.64133}}
{"target": 132.94488900192252, "params": {"h": 21.0, "p": 290.0, "r": 43.0}, "datetime": {"datetime": "2024-06-02 22:00:49", "elapsed": 4066.961412, "delta": 20.180484}}
{"target": 22.89485613609274, "params": {"h": 16.0, "p": 289.0, "r": 45.0}, "datetime": {"datetime": "2024-06-02 22:01:09", "elapsed": 4086.481107, "delta": 19.519695}}
{"target": 91.7872576052734, "params": {"h": 22.0, "p": 298.0, "r": 39.0}, "datetime": {"datetime": "2024-06-02 22:01:29", "elapsed": 4106.345113, "delta": 19.864006}}
{"target": 134.00897622852528, "params": {"h": 21.0, "p": 278.0, "r": 40.0}, "datetime": {"datetime": "2024-06-02 22:01:48", "elapsed": 4125.831992, "delta": 19.486879}}
{"target": 78.2286207419539, "params": {"h": 21.0, "p": 281.0, "r": 38.0}, "datetime": {"datetime": "2024-06-02 22:02:10", "elapsed": 4147.561199, "delta": 21.729207}}
{"target": 124.9239906161118, "params": {"h": 29.0, "p": 301.0, "r": 48.0}, "datetime": {"datetime": "2024-06-02 22:02:30", "elapsed": 4167.311947, "delta": 19.750748}}
{"target": 125.76074182598838, "params": {"h": 29.0, "p": 296.0, "r": 47.0}, "datetime": {"datetime": "2024-06-02 22:02:50", "elapsed": 4187.358928, "delta": 20.046981}}
{"target": 49.17059023405043, "params": {"h": 38.0, "p": 282.0, "r": 46.0}, "datetime": {"datetime": "2024-06-02 22:03:10", "elapsed": 4208.198917, "delta": 20.839989}}
{"target": 90.77865310227837, "params": {"h": 32.0, "p": 306.0, "r": 52.0}, "datetime": {"datetime": "2024-06-02 22:03:30", "elapsed": 4228.161545, "delta": 19.962628}}
{"target": 139.15719578867035, "params": {"h": 24.0, "p": 281.0, "r": 44.0}, "datetime": {"datetime": "2024-06-02 22:03:51", "elapsed": 4248.783964, "delta": 20.622419}}
{"target": 114.40445754632285, "params": {"h": 20.0, "p": 279.0, "r": 43.0}, "datetime": {"datetime": "2024-06-02 22:04:10", "elapsed": 4267.989969, "delta": 19.206005}}
{"target": 132.54437243346237, "params": {"h": 22.0, "p": 284.0, "r": 44.0}, "datetime": {"datetime": "2024-06-02 22:04:29", "elapsed": 4287.06725, "delta": 19.077281}}
{"target": 89.49573312740789, "params": {"h": 23.0, "p": 289.0, "r": 47.0}, "datetime": {"datetime": "2024-06-02 22:04:50", "elapsed": 4307.4144, "delta": 20.34715}}
{"target": 87.77129993553493, "params": {"h": 40.0, "p": 294.0, "r": 55.0}, "datetime": {"datetime": "2024-06-02 22:05:09", "elapsed": 4326.28563, "delta": 18.87123}}
{"target": 95.77839909213287, "params": {"h": 23.0, "p": 295.0, "r": 40.0}, "datetime": {"datetime": "2024-06-02 22:05:31", "elapsed": 4348.445483, "delta": 22.159853}}
{"target": 103.72955038048299, "params": {"h": 38.0, "p": 301.0, "r": 51.0}, "datetime": {"datetime": "2024-06-02 22:05:52", "elapsed": 4369.829043, "delta": 21.38356}}
{"target": 67.15302393697208, "params": {"h": 40.0, "p": 296.0, "r": 48.0}, "datetime": {"datetime": "2024-06-02 22:06:15", "elapsed": 4392.495402, "delta": 22.666359}}
{"target": 70.48444076574903, "params": {"h": 25.0, "p": 279.0, "r": 41.0}, "datetime": {"datetime": "2024-06-02 22:06:37", "elapsed": 4414.246386, "delta": 21.750984}}
{"target": 99.43811098104919, "params": {"h": 41.0, "p": 308.0, "r": 53.0}, "datetime": {"datetime": "2024-06-02 22:06:57", "elapsed": 4434.358571, "delta": 20.112185}}
{"target": 171.09192889934164, "params": {"h": 16.0, "p": 278.0, "r": 35.0}, "datetime": {"datetime": "2024-06-02 22:07:16", "elapsed": 4453.976159, "delta": 19.617588}}
{"target": 70.18533078829056, "params": {"h": 43.0, "p": 303.0, "r": 49.0}, "datetime": {"datetime": "2024-06-02 22:07:40", "elapsed": 4477.786471, "delta": 23.810312}}
{"target": 71.44035149722787, "params": {"h": 37.0, "p": 308.0, "r": 56.0}, "datetime": {"datetime": "2024-06-02 22:08:00", "elapsed": 4497.58003, "delta": 19.793559}}
{"target": 84.71785842321376, "params": {"h": 43.0, "p": 301.0, "r": 56.0}, "datetime": {"datetime": "2024-06-02 22:08:20", "elapsed": 4517.826441, "delta": 20.246411}}
{"target": 76.43562637135237, "params": {"h": 43.0, "p": 311.0, "r": 57.0}, "datetime": {"datetime": "2024-06-02 22:08:43", "elapsed": 4540.964099, "delta": 23.137658}}
{"target": 53.53524062338096, "params": {"h": 43.0, "p": 296.0, "r": 63.0}, "datetime": {"datetime": "2024-06-02 22:09:03", "elapsed": 4561.007232, "delta": 20.043133}}
{"target": 81.50850345776124, "params": {"h": 36.0, "p": 267.0, "r": 54.0}, "datetime": {"datetime": "2024-06-02 22:09:23", "elapsed": 4580.428649, "delta": 19.421417}}
{"target": 104.71976204697155, "params": {"h": 42.0, "p": 315.0, "r": 51.0}, "datetime": {"datetime": "2024-06-02 22:09:47", "elapsed": 4604.568087, "delta": 24.139438}}
{"target": 128.25453110513828, "params": {"h": 21.0, "p": 295.0, "r": 43.0}, "datetime": {"datetime": "2024-06-02 22:10:09", "elapsed": 4626.957886, "delta": 22.389799}}
{"target": 130.21060496512152, "params": {"h": 25.0, "p": 284.0, "r": 46.0}, "datetime": {"datetime": "2024-06-02 22:10:30", "elapsed": 4647.321017, "delta": 20.363131}}
{"target": 107.37161140517618, "params": {"h": 37.0, "p": 309.0, "r": 49.0}, "datetime": {"datetime": "2024-06-02 22:10:52", "elapsed": 4670.175977, "delta": 22.85496}}
{"target": 103.04887573395985, "params": {"h": 38.0, "p": 321.0, "r": 52.0}, "datetime": {"datetime": "2024-06-02 22:11:17", "elapsed": 4694.873657, "delta": 24.69768}}
{"target": 59.182703171560995, "params": {"h": 40.0, "p": 312.0, "r": 46.0}, "datetime": {"datetime": "2024-06-02 22:11:40", "elapsed": 4717.840995, "delta": 22.967338}}
{"target": 129.99010201601715, "params": {"h": 32.0, "p": 325.0, "r": 48.0}, "datetime": {"datetime": "2024-06-02 22:12:02", "elapsed": 4739.766016, "delta": 21.925021}}
{"target": 126.51378748988824, "params": {"h": 34.0, "p": 331.0, "r": 46.0}, "datetime": {"datetime": "2024-06-02 22:12:26", "elapsed": 4764.106072, "delta": 24.340056}}
{"target": 126.97564911156915, "params": {"h": 36.0, "p": 327.0, "r": 48.0}, "datetime": {"datetime": "2024-06-02 22:12:49", "elapsed": 4786.871125, "delta": 22.765053}}
{"target": 30.380354817507552, "params": {"h": 35.0, "p": 328.0, "r": 41.0}, "datetime": {"datetime": "2024-06-02 22:13:16", "elapsed": 4813.934728, "delta": 27.063603}}
{"target": 61.33470690564399, "params": {"h": 31.0, "p": 327.0, "r": 52.0}, "datetime": {"datetime": "2024-06-02 22:13:35", "elapsed": 4832.462966, "delta": 18.528238}}
{"target": 103.79604097253291, "params": {"h": 37.0, "p": 315.0, "r": 52.0}, "datetime": {"datetime": "2024-06-02 22:13:55", "elapsed": 4852.95937, "delta": 20.496404}}
{"target": 157.2660313279387, "params": {"h": 17.0, "p": 277.0, "r": 36.0}, "datetime": {"datetime": "2024-06-02 22:14:15", "elapsed": 4872.22737, "delta": 19.268}}
{"target": 96.39869350071356, "params": {"h": 37.0, "p": 320.0, "r": 47.0}, "datetime": {"datetime": "2024-06-02 22:14:36", "elapsed": 4893.858261, "delta": 21.630891}}
{"target": 131.19621447107423, "params": {"h": 33.0, "p": 337.0, "r": 45.0}, "datetime": {"datetime": "2024-06-02 22:15:00", "elapsed": 4917.470038, "delta": 23.611777}}
{"target": 82.12374107971135, "params": {"h": 31.0, "p": 337.0, "r": 49.0}, "datetime": {"datetime": "2024-06-02 22:15:22", "elapsed": 4940.009682, "delta": 22.539644}}
{"target": 14.904709118783867, "params": {"h": 35.0, "p": 337.0, "r": 38.0}, "datetime": {"datetime": "2024-06-02 22:15:47", "elapsed": 4964.595269, "delta": 24.585587}}
{"target": 140.49394869120866, "params": {"h": 30.0, "p": 322.0, "r": 46.0}, "datetime": {"datetime": "2024-06-02 22:16:10", "elapsed": 4987.626689, "delta": 23.03142}}
{"target": 90.16872234360558, "params": {"h": 33.0, "p": 316.0, "r": 45.0}, "datetime": {"datetime": "2024-06-02 22:16:33", "elapsed": 5011.029189, "delta": 23.4025}}
{"target": 79.95923938686718, "params": {"h": 27.0, "p": 317.0, "r": 49.0}, "datetime": {"datetime": "2024-06-02 22:16:53", "elapsed": 5030.690875, "delta": 19.661686}}
{"target": 136.34789449678686, "params": {"h": 15.0, "p": 270.0, "r": 36.0}, "datetime": {"datetime": "2024-06-02 22:17:12", "elapsed": 5049.801944, "delta": 19.111069}}
{"target": 77.8798353985997, "params": {"h": 31.0, "p": 324.0, "r": 43.0}, "datetime": {"datetime": "2024-06-02 22:17:35", "elapsed": 5072.731574, "delta": 22.92963}}
{"target": 99.6892952440796, "params": {"h": 28.0, "p": 323.0, "r": 48.0}, "datetime": {"datetime": "2024-06-02 22:17:56", "elapsed": 5093.735025, "delta": 21.003451}}
{"target": 130.86745401421783, "params": {"h": 33.0, "p": 322.0, "r": 48.0}, "datetime": {"datetime": "2024-06-02 22:18:17", "elapsed": 5114.443858, "delta": 20.708833}}
{"target": 85.14274755134468, "params": {"h": 42.0, "p": 328.0, "r": 54.0}, "datetime": {"datetime": "2024-06-02 22:18:39", "elapsed": 5136.79911, "delta": 22.355252}}
{"target": 121.3004654799605, "params": {"h": 35.0, "p": 340.0, "r": 45.0}, "datetime": {"datetime": "2024-06-02 22:19:03", "elapsed": 5161.081266, "delta": 24.282156}}
{"target": 72.45045789254827, "params": {"h": 45.0, "p": 321.0, "r": 57.0}, "datetime": {"datetime": "2024-06-02 22:19:23", "elapsed": 5180.672798, "delta": 19.591532}}
{"target": 50.288026464803444, "params": {"h": 45.0, "p": 333.0, "r": 45.0}, "datetime": {"datetime": "2024-06-02 22:19:48", "elapsed": 5205.719754, "delta": 25.046956}}
