{"target": 0.978254118671022, "params": {"h": 26.0, "p": 886.0, "r": 122.0}, "datetime": {"datetime": "2024-06-03 03:27:03", "elapsed": 0.0, "delta": 0.0}}
{"target": 10.782352274930094, "params": {"h": 46.0, "p": 117.0, "r": 30.0}, "datetime": {"datetime": "2024-06-03 03:27:24", "elapsed": 20.362558, "delta": 20.362558}}
{"target": 0.055943340022278576, "params": {"h": 35.0, "p": 934.0, "r": 21.0}, "datetime": {"datetime": "2024-06-03 03:28:34", "elapsed": 90.253483, "delta": 69.890925}}
{"target": 0.0, "params": {"h": 51.0, "p": 207.0, "r": 150.0}, "datetime": {"datetime": "2024-06-03 03:28:34", "elapsed": 90.254484, "delta": 0.001001}}
{"target": 2.4326198544509423, "params": {"h": 56.0, "p": 637.0, "r": 86.0}, "datetime": {"datetime": "2024-06-03 03:29:02", "elapsed": 119.013322, "delta": 28.758838}}
{"target": 6.349105676605686, "params": {"h": 50.0, "p": 472.0, "r": 129.0}, "datetime": {"datetime": "2024-06-03 03:29:18", "elapsed": 134.538684, "delta": 15.525362}}
{"target": 1.3434948608382393, "params": {"h": 32.0, "p": 782.0, "r": 82.0}, "datetime": {"datetime": "2024-06-03 03:29:54", "elapsed": 170.415328, "delta": 35.876644}}
{"target": 11.560509187030236, "params": {"h": 23.0, "p": 310.0, "r": 101.0}, "datetime": {"datetime": "2024-06-03 03:30:09", "elapsed": 185.524631, "delta": 15.109303}}
{"target": 4.060072671645492, "params": {"h": 39.0, "p": 695.0, "r": 42.0}, "datetime": {"datetime": "2024-06-03 03:30:52", "elapsed": 228.720178, "delta": 43.195547}}
{"target": 2.831428083203834, "params": {"h": 15.0, "p": 398.0, "r": 60.0}, "datetime": {"datetime": "2024-06-03 03:31:12", "elapsed": 248.903543, "delta": 20.183365}}
{"target": 0.0, "params": {"h": 43.0, "p": 117.0, "r": 34.0}, "datetime": {"datetime": "2024-06-03 03:31:12", "elapsed": 248.976417, "delta": 0.072874}}
{"target": 1.8434708341320405, "params": {"h": 40.0, "p": 885.0, "r": 62.0}, "datetime": {"datetime": "2024-06-03 03:32:06", "elapsed": 302.300977, "delta": 53.32456}}
{"target": 1.9181236105340063, "params": {"h": 21.0, "p": 691.0, "r": 115.0}, "datetime": {"datetime": "2024-06-03 03:32:38", "elapsed": 335.134809, "delta": 32.833832}}
{"target": 0.16051103960219507, "params": {"h": 33.0, "p": 608.0, "r": 22.0}, "datetime": {"datetime": "2024-06-03 03:33:24", "elapsed": 381.17437, "delta": 46.039561}}
{"target": 1.7524887131042195, "params": {"h": 15.0, "p": 336.0, "r": 23.0}, "datetime": {"datetime": "2024-06-03 03:33:51", "elapsed": 407.757977, "delta": 26.583607}}
{"target": 0.0, "params": {"h": 22.0, "p": 128.0, "r": 115.0}, "datetime": {"datetime": "2024-06-03 03:33:51", "elapsed": 407.868126, "delta": 0.110149}}
{"target": 16.708439463561568, "params": {"h": 27.0, "p": 285.0, "r": 100.0}, "datetime": {"datetime": "2024-06-03 03:34:06", "elapsed": 422.493716, "delta": 14.62559}}
{"target": 1.0353033545910089, "params": {"h": 46.0, "p": 866.0, "r": 93.0}, "datetime": {"datetime": "2024-06-03 03:34:51", "elapsed": 467.324481, "delta": 44.830765}}
{"target": 3.0921138150137124, "params": {"h": 50.0, "p": 650.0, "r": 72.0}, "datetime": {"datetime": "2024-06-03 03:35:24", "elapsed": 500.536321, "delta": 33.21184}}
{"target": 84.28162721317854, "params": {"h": 27.0, "p": 258.0, "r": 52.0}, "datetime": {"datetime": "2024-06-03 03:35:41", "elapsed": 517.762266, "delta": 17.225945}}
{"target": 0.771959852407586, "params": {"h": 21.0, "p": 916.0, "r": 79.0}, "datetime": {"datetime": "2024-06-03 03:36:32", "elapsed": 568.359057, "delta": 50.596791}}
{"target": 11.135365936822785, "params": {"h": 48.0, "p": 116.0, "r": 30.0}, "datetime": {"datetime": "2024-06-03 03:36:52", "elapsed": 588.95334, "delta": 20.594283}}
{"target": 49.717220985329604, "params": {"h": 27.0, "p": 261.0, "r": 58.0}, "datetime": {"datetime": "2024-06-03 03:37:08", "elapsed": 605.06115, "delta": 16.10781}}
{"target": 107.01484174763974, "params": {"h": 25.0, "p": 255.0, "r": 48.0}, "datetime": {"datetime": "2024-06-03 03:37:27", "elapsed": 623.447523, "delta": 18.386373}}
{"target": 30.412575763166533, "params": {"h": 29.0, "p": 253.0, "r": 40.0}, "datetime": {"datetime": "2024-06-03 03:37:49", "elapsed": 645.531935, "delta": 22.084412}}
{"target": 47.368269699899614, "params": {"h": 19.0, "p": 257.0, "r": 48.0}, "datetime": {"datetime": "2024-06-03 03:38:05", "elapsed": 661.837493, "delta": 16.305558}}
{"target": 98.85016131963155, "params": {"h": 28.0, "p": 251.0, "r": 48.0}, "datetime": {"datetime": "2024-06-03 03:38:23", "elapsed": 680.167515, "delta": 18.330022}}
{"target": 75.51902300218913, "params": {"h": 25.0, "p": 252.0, "r": 52.0}, "datetime": {"datetime": "2024-06-03 03:38:41", "elapsed": 697.401761, "delta": 17.234246}}
{"target": 90.22170125155844, "params": {"h": 30.0, "p": 256.0, "r": 48.0}, "datetime": {"datetime": "2024-06-03 03:38:59", "elapsed": 716.21977, "delta": 18.818009}}
{"target": 69.52618176487245, "params": {"h": 37.0, "p": 249.0, "r": 53.0}, "datetime": {"datetime": "2024-06-03 03:39:17", "elapsed": 733.83293, "delta": 17.61316}}
{"target": 90.33416484959542, "params": {"h": 28.0, "p": 242.0, "r": 50.0}, "datetime": {"datetime": "2024-06-03 03:39:34", "elapsed": 750.242687, "delta": 16.409757}}
{"target": 56.30080456211411, "params": {"h": 35.0, "p": 240.0, "r": 48.0}, "datetime": {"datetime": "2024-06-03 03:39:53", "elapsed": 769.777915, "delta": 19.535228}}
{"target": 107.34272524584095, "params": {"h": 22.0, "p": 244.0, "r": 46.0}, "datetime": {"datetime": "2024-06-03 03:40:10", "elapsed": 787.200893, "delta": 17.422978}}
{"target": 27.518294111278443, "params": {"h": 16.0, "p": 238.0, "r": 49.0}, "datetime": {"datetime": "2024-06-03 03:40:25", "elapsed": 802.117095, "delta": 14.916202}}
{"target": 73.93316715733995, "params": {"h": 26.0, "p": 241.0, "r": 43.0}, "datetime": {"datetime": "2024-06-03 03:40:43", "elapsed": 819.73767, "delta": 17.620575}}
{"target": 68.55757704232187, "params": {"h": 19.0, "p": 247.0, "r": 46.0}, "datetime": {"datetime": "2024-06-03 03:41:00", "elapsed": 836.761163, "delta": 17.023493}}
{"target": 70.50572867017455, "params": {"h": 40.0, "p": 260.0, "r": 54.0}, "datetime": {"datetime": "2024-06-03 03:41:19", "elapsed": 855.803099, "delta": 19.041936}}
{"target": 106.78923322837615, "params": {"h": 28.0, "p": 265.0, "r": 47.0}, "datetime": {"datetime": "2024-06-03 03:41:39", "elapsed": 875.342714, "delta": 19.539615}}
{"target": 68.30259954350527, "params": {"h": 28.0, "p": 274.0, "r": 43.0}, "datetime": {"datetime": "2024-06-03 03:42:00", "elapsed": 896.279035, "delta": 20.936321}}
{"target": 74.8814187213406, "params": {"h": 34.0, "p": 266.0, "r": 48.0}, "datetime": {"datetime": "2024-06-03 03:42:19", "elapsed": 915.666551, "delta": 19.387516}}
{"target": 65.84291613003535, "params": {"h": 27.0, "p": 271.0, "r": 54.0}, "datetime": {"datetime": "2024-06-03 03:42:36", "elapsed": 932.793583, "delta": 17.127032}}
{"target": 128.1045269341822, "params": {"h": 23.0, "p": 265.0, "r": 43.0}, "datetime": {"datetime": "2024-06-03 03:42:54", "elapsed": 951.105126, "delta": 18.311543}}
{"target": 31.089807854773483, "params": {"h": 22.0, "p": 267.0, "r": 36.0}, "datetime": {"datetime": "2024-06-03 03:43:17", "elapsed": 974.056912, "delta": 22.951786}}
{"target": 36.436490905938435, "params": {"h": 19.0, "p": 271.0, "r": 49.0}, "datetime": {"datetime": "2024-06-03 03:43:36", "elapsed": 993.150063, "delta": 19.093151}}
{"target": 61.57767439378258, "params": {"h": 28.0, "p": 262.0, "r": 43.0}, "datetime": {"datetime": "2024-06-03 03:43:58", "elapsed": 1014.688349, "delta": 21.538286}}
{"target": 121.3228755607915, "params": {"h": 22.0, "p": 263.0, "r": 45.0}, "datetime": {"datetime": "2024-06-03 03:44:17", "elapsed": 1033.341726, "delta": 18.653377}}
{"target": 73.52871166888545, "params": {"h": 39.0, "p": 271.0, "r": 57.0}, "datetime": {"datetime": "2024-06-03 03:44:35", "elapsed": 1052.184478, "delta": 18.842752}}
{"target": 55.75250207709378, "params": {"h": 45.0, "p": 266.0, "r": 63.0}, "datetime": {"datetime": "2024-06-03 03:44:53", "elapsed": 1069.548744, "delta": 17.364266}}
{"target": 105.99822252609616, "params": {"h": 22.0, "p": 265.0, "r": 46.0}, "datetime": {"datetime": "2024-06-03 03:45:12", "elapsed": 1088.84477, "delta": 19.296026}}
{"target": 86.28938219266917, "params": {"h": 36.0, "p": 278.0, "r": 50.0}, "datetime": {"datetime": "2024-06-03 03:45:32", "elapsed": 1108.906235, "delta": 20.061465}}
{"target": 40.61230068059519, "params": {"h": 44.0, "p": 277.0, "r": 47.0}, "datetime": {"datetime": "2024-06-03 03:45:54", "elapsed": 1131.129988, "delta": 22.223753}}
{"target": 103.23894410565602, "params": {"h": 31.0, "p": 286.0, "r": 47.0}, "datetime": {"datetime": "2024-06-03 03:46:16", "elapsed": 1152.339976, "delta": 21.209988}}
{"target": 76.6147282181821, "params": {"h": 38.0, "p": 285.0, "r": 49.0}, "datetime": {"datetime": "2024-06-03 03:46:36", "elapsed": 1172.756941, "delta": 20.416965}}
{"target": 66.40549358571779, "params": {"h": 35.0, "p": 284.0, "r": 58.0}, "datetime": {"datetime": "2024-06-03 03:46:53", "elapsed": 1189.958571, "delta": 17.20163}}
{"target": 104.78944424874602, "params": {"h": 29.0, "p": 292.0, "r": 50.0}, "datetime": {"datetime": "2024-06-03 03:47:13", "elapsed": 1210.235716, "delta": 20.277145}}
{"target": 126.31626217459473, "params": {"h": 27.0, "p": 292.0, "r": 45.0}, "datetime": {"datetime": "2024-06-03 03:47:33", "elapsed": 1229.50734, "delta": 19.271624}}
{"target": 35.16774125538854, "params": {"h": 33.0, "p": 291.0, "r": 42.0}, "datetime": {"datetime": "2024-06-03 03:47:54", "elapsed": 1250.281784, "delta": 20.774444}}
{"target": 89.4957331274182, "params": {"h": 23.0, "p": 289.0, "r": 47.0}, "datetime": {"datetime": "2024-06-03 03:48:12", "elapsed": 1268.627223, "delta": 18.345439}}
{"target": 115.74890380696507, "params": {"h": 24.0, "p": 297.0, "r": 46.0}, "datetime": {"datetime": "2024-06-03 03:48:30", "elapsed": 1287.128943, "delta": 18.50172}}
{"target": 156.3465982475197, "params": {"h": 18.0, "p": 293.0, "r": 39.0}, "datetime": {"datetime": "2024-06-03 03:48:51", "elapsed": 1308.195612, "delta": 21.066669}}
{"target": 65.16072593546782, "params": {"h": 22.0, "p": 296.0, "r": 38.0}, "datetime": {"datetime": "2024-06-03 03:49:16", "elapsed": 1332.262614, "delta": 24.067002}}
{"target": 162.7280815291472, "params": {"h": 15.0, "p": 292.0, "r": 35.0}, "datetime": {"datetime": "2024-06-03 03:49:37", "elapsed": 1353.402952, "delta": 21.140338}}
{"target": 176.02774221191802, "params": {"h": 18.0, "p": 284.0, "r": 38.0}, "datetime": {"datetime": "2024-06-03 03:49:58", "elapsed": 1374.898366, "delta": 21.495414}}
{"target": 188.32124010493823, "params": {"h": 15.0, "p": 285.0, "r": 34.0}, "datetime": {"datetime": "2024-06-03 03:50:20", "elapsed": 1396.799253, "delta": 21.900887}}
{"target": 3.877000314839983, "params": {"h": 21.0, "p": 286.0, "r": 28.0}, "datetime": {"datetime": "2024-06-03 03:50:46", "elapsed": 1423.057935, "delta": 26.258682}}
{"target": 15.108145099045004, "params": {"h": 15.0, "p": 292.0, "r": 46.0}, "datetime": {"datetime": "2024-06-03 03:51:06", "elapsed": 1442.266801, "delta": 19.208866}}
{"target": 126.72385926553282, "params": {"h": 16.0, "p": 280.0, "r": 34.0}, "datetime": {"datetime": "2024-06-03 03:51:27", "elapsed": 1463.490873, "delta": 21.224072}}
{"target": 45.87548302378219, "params": {"h": 17.0, "p": 281.0, "r": 43.0}, "datetime": {"datetime": "2024-06-03 03:51:45", "elapsed": 1482.13499, "delta": 18.644117}}
{"target": 158.36634673122086, "params": {"h": 20.0, "p": 289.0, "r": 41.0}, "datetime": {"datetime": "2024-06-03 03:52:04", "elapsed": 1501.185166, "delta": 19.050176}}
{"target": 88.39011891638935, "params": {"h": 28.0, "p": 306.0, "r": 50.0}, "datetime": {"datetime": "2024-06-03 03:52:27", "elapsed": 1523.5064, "delta": 22.321234}}
{"target": 64.83574716551199, "params": {"h": 17.0, "p": 289.0, "r": 41.0}, "datetime": {"datetime": "2024-06-03 03:52:48", "elapsed": 1544.555778, "delta": 21.049378}}
{"target": 177.93106032457484, "params": {"h": 16.0, "p": 285.0, "r": 35.0}, "datetime": {"datetime": "2024-06-03 03:53:09", "elapsed": 1565.410262, "delta": 20.854484}}
{"target": 77.73478829979585, "params": {"h": 21.0, "p": 282.0, "r": 38.0}, "datetime": {"datetime": "2024-06-03 03:53:32", "elapsed": 1588.546438, "delta": 23.136176}}
{"target": 96.09611165384908, "params": {"h": 19.0, "p": 293.0, "r": 42.0}, "datetime": {"datetime": "2024-06-03 03:53:51", "elapsed": 1607.547184, "delta": 19.000746}}
{"target": 153.6262776293082, "params": {"h": 21.0, "p": 286.0, "r": 42.0}, "datetime": {"datetime": "2024-06-03 03:54:10", "elapsed": 1627.028714, "delta": 19.48153}}
{"target": 71.13456216204544, "params": {"h": 24.0, "p": 287.0, "r": 40.0}, "datetime": {"datetime": "2024-06-03 03:54:31", "elapsed": 1647.328332, "delta": 20.299618}}
{"target": 134.61755887679243, "params": {"h": 16.0, "p": 290.0, "r": 34.0}, "datetime": {"datetime": "2024-06-03 03:54:54", "elapsed": 1671.056528, "delta": 23.728196}}
{"target": 135.62190937335177, "params": {"h": 16.0, "p": 289.0, "r": 37.0}, "datetime": {"datetime": "2024-06-03 03:55:14", "elapsed": 1690.377085, "delta": 19.320557}}
{"target": 61.80661220068881, "params": {"h": 32.0, "p": 297.0, "r": 56.0}, "datetime": {"datetime": "2024-06-03 03:55:32", "elapsed": 1708.973156, "delta": 18.596071}}
{"target": 114.19010438795195, "params": {"h": 29.0, "p": 300.0, "r": 49.0}, "datetime": {"datetime": "2024-06-03 03:55:51", "elapsed": 1728.112262, "delta": 19.139106}}
{"target": 78.18855470300028, "params": {"h": 19.0, "p": 293.0, "r": 36.0}, "datetime": {"datetime": "2024-06-03 03:56:13", "elapsed": 1749.395552, "delta": 21.28329}}
{"target": 171.94166469452085, "params": {"h": 16.0, "p": 298.0, "r": 36.0}, "datetime": {"datetime": "2024-06-03 03:56:35", "elapsed": 1771.837285, "delta": 22.441733}}
{"target": 89.22015157970598, "params": {"h": 16.0, "p": 299.0, "r": 38.0}, "datetime": {"datetime": "2024-06-03 03:56:57", "elapsed": 1793.286757, "delta": 21.449472}}
{"target": 129.47704761221055, "params": {"h": 28.0, "p": 296.0, "r": 47.0}, "datetime": {"datetime": "2024-06-03 03:57:20", "elapsed": 1816.25392, "delta": 22.967163}}
{"target": 29.839415448861487, "params": {"h": 16.0, "p": 296.0, "r": 31.0}, "datetime": {"datetime": "2024-06-03 03:57:42", "elapsed": 1838.540498, "delta": 22.286578}}
{"target": 143.71094676381358, "params": {"h": 22.0, "p": 291.0, "r": 41.0}, "datetime": {"datetime": "2024-06-03 03:58:04", "elapsed": 1860.537615, "delta": 21.997117}}
{"target": 122.4847132872405, "params": {"h": 17.0, "p": 284.0, "r": 39.0}, "datetime": {"datetime": "2024-06-03 03:58:25", "elapsed": 1881.311375, "delta": 20.77376}}
{"target": 180.0380470513491, "params": {"h": 17.0, "p": 283.0, "r": 37.0}, "datetime": {"datetime": "2024-06-03 03:58:46", "elapsed": 1902.975194, "delta": 21.663819}}
{"target": 114.40222348655912, "params": {"h": 18.0, "p": 286.0, "r": 36.0}, "datetime": {"datetime": "2024-06-03 03:59:08", "elapsed": 1924.644233, "delta": 21.669039}}
{"target": 34.14055951731778, "params": {"h": 19.0, "p": 298.0, "r": 34.0}, "datetime": {"datetime": "2024-06-03 03:59:29", "elapsed": 1945.775883, "delta": 21.13165}}
{"target": 180.0435944204267, "params": {"h": 17.0, "p": 295.0, "r": 37.0}, "datetime": {"datetime": "2024-06-03 03:59:49", "elapsed": 1965.564914, "delta": 19.789031}}
{"target": 31.21742288675294, "params": {"h": 17.0, "p": 285.0, "r": 32.0}, "datetime": {"datetime": "2024-06-03 04:00:10", "elapsed": 1986.869432, "delta": 21.304518}}
{"target": 122.82658925540936, "params": {"h": 19.0, "p": 264.0, "r": 42.0}, "datetime": {"datetime": "2024-06-03 04:00:30", "elapsed": 2006.774576, "delta": 19.905144}}
{"target": 80.4938260096979, "params": {"h": 21.0, "p": 288.0, "r": 38.0}, "datetime": {"datetime": "2024-06-03 04:00:51", "elapsed": 2027.876513, "delta": 21.101937}}
{"target": 101.39512419363959, "params": {"h": 28.0, "p": 287.0, "r": 50.0}, "datetime": {"datetime": "2024-06-03 04:01:10", "elapsed": 2046.917338, "delta": 19.040825}}
{"target": 66.29408816111498, "params": {"h": 25.0, "p": 299.0, "r": 50.0}, "datetime": {"datetime": "2024-06-03 04:01:28", "elapsed": 2064.803974, "delta": 17.886636}}
{"target": 88.28389766659879, "params": {"h": 29.0, "p": 296.0, "r": 44.0}, "datetime": {"datetime": "2024-06-03 04:01:51", "elapsed": 2087.374114, "delta": 22.57014}}
{"target": 145.37482856531653, "params": {"h": 19.0, "p": 259.0, "r": 41.0}, "datetime": {"datetime": "2024-06-03 04:02:10", "elapsed": 2107.043856, "delta": 19.669742}}
{"target": 114.07086870916054, "params": {"h": 33.0, "p": 302.0, "r": 50.0}, "datetime": {"datetime": "2024-06-03 04:02:30", "elapsed": 2127.023718, "delta": 19.979862}}
{"target": 142.85083780437373, "params": {"h": 20.0, "p": 263.0, "r": 40.0}, "datetime": {"datetime": "2024-06-03 04:02:51", "elapsed": 2147.298492, "delta": 20.274774}}
{"target": 59.22092156754766, "params": {"h": 33.0, "p": 306.0, "r": 44.0}, "datetime": {"datetime": "2024-06-03 04:03:12", "elapsed": 2168.684507, "delta": 21.386015}}
{"target": 47.90720290173813, "params": {"h": 24.0, "p": 260.0, "r": 39.0}, "datetime": {"datetime": "2024-06-03 04:03:32", "elapsed": 2189.029791, "delta": 20.345284}}
{"target": 151.62253612691453, "params": {"h": 23.0, "p": 292.0, "r": 43.0}, "datetime": {"datetime": "2024-06-03 04:03:52", "elapsed": 2209.207798, "delta": 20.178007}}
{"target": 137.63372174898984, "params": {"h": 17.0, "p": 261.0, "r": 39.0}, "datetime": {"datetime": "2024-06-03 04:04:10", "elapsed": 2227.22733, "delta": 18.019532}}
{"target": 97.17233373686368, "params": {"h": 35.0, "p": 299.0, "r": 48.0}, "datetime": {"datetime": "2024-06-03 04:04:32", "elapsed": 2249.088348, "delta": 21.861018}}
{"target": 104.92242635902647, "params": {"h": 17.0, "p": 259.0, "r": 35.0}, "datetime": {"datetime": "2024-06-03 04:04:52", "elapsed": 2268.375635, "delta": 19.287287}}
{"target": 93.22639108556326, "params": {"h": 35.0, "p": 305.0, "r": 53.0}, "datetime": {"datetime": "2024-06-03 04:05:12", "elapsed": 2289.165842, "delta": 20.790207}}
{"target": 72.17742139823763, "params": {"h": 16.0, "p": 264.0, "r": 40.0}, "datetime": {"datetime": "2024-06-03 04:05:33", "elapsed": 2309.515029, "delta": 20.349187}}
{"target": 145.22953312236464, "params": {"h": 24.0, "p": 296.0, "r": 43.0}, "datetime": {"datetime": "2024-06-03 04:05:55", "elapsed": 2331.297897, "delta": 21.782868}}
{"target": 52.37775310973945, "params": {"h": 16.0, "p": 294.0, "r": 40.0}, "datetime": {"datetime": "2024-06-03 04:06:14", "elapsed": 2350.80002, "delta": 19.502123}}
{"target": 112.81683782060931, "params": {"h": 29.0, "p": 281.0, "r": 49.0}, "datetime": {"datetime": "2024-06-03 04:06:33", "elapsed": 2369.708079, "delta": 18.908059}}
{"target": 109.14540389369532, "params": {"h": 22.0, "p": 287.0, "r": 45.0}, "datetime": {"datetime": "2024-06-03 04:06:54", "elapsed": 2390.739389, "delta": 21.03131}}
{"target": 132.9448890019319, "params": {"h": 21.0, "p": 290.0, "r": 43.0}, "datetime": {"datetime": "2024-06-03 04:07:14", "elapsed": 2410.373886, "delta": 19.634497}}
{"target": 51.703861729259025, "params": {"h": 15.0, "p": 256.0, "r": 40.0}, "datetime": {"datetime": "2024-06-03 04:07:33", "elapsed": 2430.036556, "delta": 19.66267}}
{"target": 123.67440771945178, "params": {"h": 26.0, "p": 294.0, "r": 47.0}, "datetime": {"datetime": "2024-06-03 04:07:53", "elapsed": 2449.246921, "delta": 19.210365}}
{"target": 129.89916621466998, "params": {"h": 26.0, "p": 283.0, "r": 46.0}, "datetime": {"datetime": "2024-06-03 04:08:11", "elapsed": 2468.141613, "delta": 18.894692}}
{"target": 143.3079373025836, "params": {"h": 23.0, "p": 282.0, "r": 43.0}, "datetime": {"datetime": "2024-06-03 04:08:32", "elapsed": 2488.547939, "delta": 20.406326}}
{"target": 119.79038257295018, "params": {"h": 26.0, "p": 286.0, "r": 44.0}, "datetime": {"datetime": "2024-06-03 04:08:53", "elapsed": 2509.86177, "delta": 21.313831}}
{"target": 132.3616922141359, "params": {"h": 25.0, "p": 279.0, "r": 45.0}, "datetime": {"datetime": "2024-06-03 04:09:13", "elapsed": 2530.011897, "delta": 20.150127}}
{"target": 41.34814829618804, "params": {"h": 23.0, "p": 283.0, "r": 53.0}, "datetime": {"datetime": "2024-06-03 04:09:32", "elapsed": 2548.245382, "delta": 18.233485}}
{"target": 64.36310770460578, "params": {"h": 32.0, "p": 280.0, "r": 45.0}, "datetime": {"datetime": "2024-06-03 04:09:51", "elapsed": 2567.713335, "delta": 19.467953}}
{"target": 96.01737680331229, "params": {"h": 26.0, "p": 280.0, "r": 43.0}, "datetime": {"datetime": "2024-06-03 04:10:11", "elapsed": 2587.415285, "delta": 19.70195}}
{"target": 117.15477028595147, "params": {"h": 28.0, "p": 277.0, "r": 47.0}, "datetime": {"datetime": "2024-06-03 04:10:30", "elapsed": 2606.767202, "delta": 19.351917}}
{"target": 189.3920908505496, "params": {"h": 15.0, "p": 301.0, "r": 34.0}, "datetime": {"datetime": "2024-06-03 04:10:50", "elapsed": 2626.766053, "delta": 19.998851}}
{"target": 7.349817860008687, "params": {"h": 19.0, "p": 258.0, "r": 29.0}, "datetime": {"datetime": "2024-06-03 04:11:13", "elapsed": 2650.015287, "delta": 23.249234}}
{"target": 172.8522965470886, "params": {"h": 17.0, "p": 293.0, "r": 36.0}, "datetime": {"datetime": "2024-06-03 04:11:34", "elapsed": 2670.92067, "delta": 20.905383}}
{"target": 88.58747713026565, "params": {"h": 16.0, "p": 299.0, "r": 33.0}, "datetime": {"datetime": "2024-06-03 04:11:57", "elapsed": 2693.568736, "delta": 22.648066}}
{"target": 161.72707065217483, "params": {"h": 15.0, "p": 303.0, "r": 33.0}, "datetime": {"datetime": "2024-06-03 04:12:19", "elapsed": 2715.915525, "delta": 22.346789}}
{"target": 142.94721881223367, "params": {"h": 17.0, "p": 310.0, "r": 35.0}, "datetime": {"datetime": "2024-06-03 04:12:40", "elapsed": 2736.803662, "delta": 20.888137}}
