{"target": 65.75937373353655, "params": {"h": 19.0, "p": 270.0, "r": 45.0}, "datetime": {"datetime": "2024-05-05 11:31:17", "elapsed": 2389.020171, "delta": 16.85984}}
{"target": 115.58699277089916, "params": {"h": 26.0, "p": 270.0, "r": 45.0}, "datetime": {"datetime": "2024-05-05 11:31:34", "elapsed": 2406.027014, "delta": 17.006843}}
{"target": 174.94922499202187, "params": {"h": 19.0, "p": 296.0, "r": 39.0}, "datetime": {"datetime": "2024-05-05 11:31:56", "elapsed": 2427.193948, "delta": 21.166934}}
{"target": 146.1935758290924, "params": {"h": 17.0, "p": 295.0, "r": 38.0}, "datetime": {"datetime": "2024-05-05 11:32:14", "elapsed": 2445.782689, "delta": 18.588741}}
{"target": 68.36049495189954, "params": {"h": 25.0, "p": 270.0, "r": 52.0}, "datetime": {"datetime": "2024-05-05 11:32:30", "elapsed": 2461.888827, "delta": 16.106138}}
{"target": 173.71676544739594, "params": {"h": 19.0, "p": 294.0, "r": 39.0}, "datetime": {"datetime": "2024-05-05 11:32:49", "elapsed": 2480.500851, "delta": 18.612024}}
{"target": 71.83518600074771, "params": {"h": 16.0, "p": 288.0, "r": 39.0}, "datetime": {"datetime": "2024-05-05 11:33:07", "elapsed": 2498.238378, "delta": 17.737527}}
{"target": 156.37183595596585, "params": {"h": 22.0, "p": 292.0, "r": 42.0}, "datetime": {"datetime": "2024-05-05 11:33:07", "elapsed": 2498.770883, "delta": 0.532505}}
{"target": 135.6088861348597, "params": {"h": 24.0, "p": 281.0, "r": 45.0}, "datetime": {"datetime": "2024-05-05 11:33:27", "elapsed": 2518.670645, "delta": 19.899762}}
{"target": 149.53004315402134, "params": {"h": 16.0, "p": 280.0, "r": 37.0}, "datetime": {"datetime": "2024-05-05 11:33:47", "elapsed": 2538.063071, "delta": 19.392426}}
{"target": 153.2964663278496, "params": {"h": 21.0, "p": 284.0, "r": 42.0}, "datetime": {"datetime": "2024-05-05 11:34:05", "elapsed": 2556.943186, "delta": 18.880115}}
{"target": 176.09501836091755, "params": {"h": 18.0, "p": 285.0, "r": 38.0}, "datetime": {"datetime": "2024-05-05 11:34:25", "elapsed": 2576.149137, "delta": 19.205951}}
{"target": 71.70909975928234, "params": {"h": 18.0, "p": 281.0, "r": 35.0}, "datetime": {"datetime": "2024-05-05 11:34:45", "elapsed": 2596.490724, "delta": 20.341587}}
{"target": 114.4044575463193, "params": {"h": 20.0, "p": 279.0, "r": 43.0}, "datetime": {"datetime": "2024-05-05 11:35:05", "elapsed": 2616.154696, "delta": 19.663972}}
{"target": 116.12051380847436, "params": {"h": 23.0, "p": 276.0, "r": 46.0}, "datetime": {"datetime": "2024-05-05 11:35:23", "elapsed": 2634.479231, "delta": 18.324535}}
{"target": 141.80798578836837, "params": {"h": 19.0, "p": 275.0, "r": 41.0}, "datetime": {"datetime": "2024-05-05 11:35:41", "elapsed": 2653.03808, "delta": 18.558849}}
{"target": 157.76489072790645, "params": {"h": 17.0, "p": 277.0, "r": 38.0}, "datetime": {"datetime": "2024-05-05 11:36:01", "elapsed": 2672.699408, "delta": 19.661328}}
{"target": 162.88303483639635, "params": {"h": 20.0, "p": 284.0, "r": 40.0}, "datetime": {"datetime": "2024-05-05 11:36:21", "elapsed": 2692.325481, "delta": 19.626073}}
{"target": 106.65174641193266, "params": {"h": 16.0, "p": 281.0, "r": 38.0}, "datetime": {"datetime": "2024-05-05 11:36:39", "elapsed": 2710.256957, "delta": 17.931476}}
{"target": 113.87716842577147, "params": {"h": 18.0, "p": 297.0, "r": 40.0}, "datetime": {"datetime": "2024-05-05 11:37:00", "elapsed": 2731.561307, "delta": 21.30435}}
{"target": 180.32109257131324, "params": {"h": 17.0, "p": 297.0, "r": 37.0}, "datetime": {"datetime": "2024-05-05 11:37:22", "elapsed": 2753.560227, "delta": 21.99892}}
{"target": 158.9013094299861, "params": {"h": 19.0, "p": 271.0, "r": 39.0}, "datetime": {"datetime": "2024-05-05 11:37:41", "elapsed": 2772.281955, "delta": 18.721728}}
{"target": 145.01251318461271, "params": {"h": 18.0, "p": 274.0, "r": 37.0}, "datetime": {"datetime": "2024-05-05 11:38:02", "elapsed": 2793.423657, "delta": 21.141702}}
{"target": 169.67633684292758, "params": {"h": 20.0, "p": 295.0, "r": 40.0}, "datetime": {"datetime": "2024-05-05 11:38:22", "elapsed": 2813.829395, "delta": 20.405738}}
{"target": 144.89841384991635, "params": {"h": 22.0, "p": 274.0, "r": 43.0}, "datetime": {"datetime": "2024-05-05 11:38:40", "elapsed": 2831.754931, "delta": 17.925536}}
{"target": 171.92520840466798, "params": {"h": 16.0, "p": 279.0, "r": 35.0}, "datetime": {"datetime": "2024-05-05 11:38:59", "elapsed": 2850.445838, "delta": 18.690907}}
{"target": 127.5958379609829, "params": {"h": 20.0, "p": 273.0, "r": 39.0}, "datetime": {"datetime": "2024-05-05 11:39:19", "elapsed": 2870.791474, "delta": 20.345636}}
{"target": 21.75241972353656, "params": {"h": 18.0, "p": 300.0, "r": 32.0}, "datetime": {"datetime": "2024-05-05 11:39:41", "elapsed": 2892.488455, "delta": 21.696981}}
{"target": 119.97888157999186, "params": {"h": 16.0, "p": 267.0, "r": 34.0}, "datetime": {"datetime": "2024-05-05 11:40:00", "elapsed": 2911.677258, "delta": 19.188803}}
{"target": 77.0389041866749, "params": {"h": 17.0, "p": 272.0, "r": 41.0}, "datetime": {"datetime": "2024-05-05 11:40:17", "elapsed": 2928.827343, "delta": 17.150085}}
{"target": 176.72619499961837, "params": {"h": 16.0, "p": 284.0, "r": 35.0}, "datetime": {"datetime": "2024-05-05 11:40:36", "elapsed": 2947.457553, "delta": 18.63021}}
{"target": 77.4102109348647, "params": {"h": 16.0, "p": 279.0, "r": 33.0}, "datetime": {"datetime": "2024-05-05 11:40:56", "elapsed": 2967.246589, "delta": 19.789036}}
{"target": 170.72183080790646, "params": {"h": 20.0, "p": 297.0, "r": 40.0}, "datetime": {"datetime": "2024-05-05 11:41:16", "elapsed": 2987.083523, "delta": 19.836934}}
{"target": 10.138456124570364, "params": {"h": 27.0, "p": 257.0, "r": 34.0}, "datetime": {"datetime": "2024-05-05 11:41:37", "elapsed": 3008.08976, "delta": 21.006237}}
{"target": 120.59748505200734, "params": {"h": 19.0, "p": 298.0, "r": 37.0}, "datetime": {"datetime": "2024-05-05 11:41:59", "elapsed": 3030.580059, "delta": 22.490299}}
{"target": 70.29074829721057, "params": {"h": 18.0, "p": 273.0, "r": 35.0}, "datetime": {"datetime": "2024-05-05 11:42:21", "elapsed": 3052.463387, "delta": 21.883328}}
{"target": 151.1883645664445, "params": {"h": 22.0, "p": 298.0, "r": 41.0}, "datetime": {"datetime": "2024-05-05 11:42:41", "elapsed": 3072.226007, "delta": 19.76262}}
{"target": 180.32109257131324, "params": {"h": 17.0, "p": 297.0, "r": 37.0}, "datetime": {"datetime": "2024-05-05 11:42:41", "elapsed": 3072.687065, "delta": 0.461058}}
{"target": 48.08306487902339, "params": {"h": 27.0, "p": 269.0, "r": 41.0}, "datetime": {"datetime": "2024-05-05 11:43:02", "elapsed": 3093.153763, "delta": 20.466698}}
{"target": 162.97925216970614, "params": {"h": 19.0, "p": 276.0, "r": 39.0}, "datetime": {"datetime": "2024-05-05 11:43:22", "elapsed": 3113.451336, "delta": 20.297573}}
{"target": 135.9769808139081, "params": {"h": 20.0, "p": 286.0, "r": 42.0}, "datetime": {"datetime": "2024-05-05 11:43:40", "elapsed": 3131.98408, "delta": 18.532744}}
{"target": 178.33684095463732, "params": {"h": 17.0, "p": 277.0, "r": 37.0}, "datetime": {"datetime": "2024-05-05 11:44:00", "elapsed": 3151.976198, "delta": 19.992118}}
{"target": 102.32352187687292, "params": {"h": 17.0, "p": 268.0, "r": 40.0}, "datetime": {"datetime": "2024-05-05 11:44:18", "elapsed": 3169.853434, "delta": 17.877236}}
{"target": 169.81422356522543, "params": {"h": 18.0, "p": 274.0, "r": 38.0}, "datetime": {"datetime": "2024-05-05 11:44:36", "elapsed": 3187.488845, "delta": 17.635411}}
{"target": 47.983224010049334, "params": {"h": 16.0, "p": 261.0, "r": 32.0}, "datetime": {"datetime": "2024-05-05 11:44:57", "elapsed": 3208.191868, "delta": 20.703023}}
{"target": 127.45606840925015, "params": {"h": 16.0, "p": 285.0, "r": 34.0}, "datetime": {"datetime": "2024-05-05 11:45:18", "elapsed": 3229.142012, "delta": 20.950144}}
{"target": 171.9416646945132, "params": {"h": 16.0, "p": 298.0, "r": 36.0}, "datetime": {"datetime": "2024-05-05 11:45:38", "elapsed": 3249.284817, "delta": 20.142805}}
{"target": 89.51333515377729, "params": {"h": 15.0, "p": 279.0, "r": 37.0}, "datetime": {"datetime": "2024-05-05 11:45:57", "elapsed": 3268.464277, "delta": 19.17946}}
{"target": 165.68949158536213, "params": {"h": 18.0, "p": 268.0, "r": 38.0}, "datetime": {"datetime": "2024-05-05 11:46:16", "elapsed": 3287.772749, "delta": 19.308472}}
{"target": 91.95883567295763, "params": {"h": 16.0, "p": 296.0, "r": 38.0}, "datetime": {"datetime": "2024-05-05 11:46:37", "elapsed": 3308.971051, "delta": 21.198302}}
{"target": 110.92424610200646, "params": {"h": 19.0, "p": 286.0, "r": 37.0}, "datetime": {"datetime": "2024-05-05 11:46:58", "elapsed": 3329.191935, "delta": 20.220884}}
{"target": 118.39923327366732, "params": {"h": 15.0, "p": 284.0, "r": 36.0}, "datetime": {"datetime": "2024-05-05 11:47:16", "elapsed": 3347.518526, "delta": 18.326591}}
{"target": 160.717977574024, "params": {"h": 19.0, "p": 286.0, "r": 40.0}, "datetime": {"datetime": "2024-05-05 11:47:35", "elapsed": 3366.860956, "delta": 19.34243}}
{"target": 17.61704480756912, "params": {"h": 22.0, "p": 265.0, "r": 34.0}, "datetime": {"datetime": "2024-05-05 11:47:56", "elapsed": 3387.727958, "delta": 20.867002}}
{"target": 157.87994128255897, "params": {"h": 19.0, "p": 294.0, "r": 40.0}, "datetime": {"datetime": "2024-05-05 11:48:15", "elapsed": 3406.400336, "delta": 18.672378}}
{"target": 165.7715626985875, "params": {"h": 18.0, "p": 269.0, "r": 38.0}, "datetime": {"datetime": "2024-05-05 11:48:35", "elapsed": 3426.366644, "delta": 19.966308}}
{"target": 2.1055649969242696, "params": {"h": 48.0, "p": 722.0, "r": 130.0}, "datetime": {"datetime": "2024-05-05 11:49:04", "elapsed": 3455.947668, "delta": 29.581024}}
{"target": 170.12239323397978, "params": {"h": 19.0, "p": 285.0, "r": 39.0}, "datetime": {"datetime": "2024-05-05 11:49:23", "elapsed": 3475.003729, "delta": 19.056061}}
{"target": 139.73395066856753, "params": {"h": 23.0, "p": 276.0, "r": 43.0}, "datetime": {"datetime": "2024-05-05 11:49:44", "elapsed": 3495.267912, "delta": 20.264183}}
{"target": 154.4460405486005, "params": {"h": 18.0, "p": 295.0, "r": 39.0}, "datetime": {"datetime": "2024-05-05 11:50:03", "elapsed": 3514.744516, "delta": 19.476604}}
{"target": 174.93630667165834, "params": {"h": 19.0, "p": 295.0, "r": 39.0}, "datetime": {"datetime": "2024-05-05 11:50:04", "elapsed": 3515.433148, "delta": 0.688632}}
{"target": 190.15486157557206, "params": {"h": 15.0, "p": 294.0, "r": 34.0}, "datetime": {"datetime": "2024-05-05 11:50:25", "elapsed": 3536.120845, "delta": 20.687697}}
{"target": 147.63673291528184, "params": {"h": 22.0, "p": 281.0, "r": 43.0}, "datetime": {"datetime": "2024-05-05 11:50:43", "elapsed": 3554.814075, "delta": 18.69323}}
{"target": 157.87994128255897, "params": {"h": 19.0, "p": 294.0, "r": 40.0}, "datetime": {"datetime": "2024-05-05 11:50:44", "elapsed": 3555.346392, "delta": 0.532317}}
{"target": 153.8487555412051, "params": {"h": 21.0, "p": 287.0, "r": 42.0}, "datetime": {"datetime": "2024-05-05 11:51:02", "elapsed": 3573.504264, "delta": 18.157872}}
{"target": 143.34367179447193, "params": {"h": 16.0, "p": 284.0, "r": 37.0}, "datetime": {"datetime": "2024-05-05 11:51:21", "elapsed": 3592.665128, "delta": 19.160864}}
{"target": 175.5836440824573, "params": {"h": 16.0, "p": 292.0, "r": 36.0}, "datetime": {"datetime": "2024-05-05 11:51:43", "elapsed": 3614.964566, "delta": 22.299438}}
{"target": 149.5783119018859, "params": {"h": 22.0, "p": 297.0, "r": 41.0}, "datetime": {"datetime": "2024-05-05 11:52:03", "elapsed": 3634.972619, "delta": 20.008053}}
{"target": 53.97195479499696, "params": {"h": 15.0, "p": 295.0, "r": 31.0}, "datetime": {"datetime": "2024-05-05 11:52:27", "elapsed": 3658.278528, "delta": 23.305909}}
{"target": 123.0395558941782, "params": {"h": 20.0, "p": 267.0, "r": 39.0}, "datetime": {"datetime": "2024-05-05 11:52:46", "elapsed": 3677.460702, "delta": 19.182174}}
{"target": 153.9984410824613, "params": {"h": 23.0, "p": 297.0, "r": 43.0}, "datetime": {"datetime": "2024-05-05 11:53:06", "elapsed": 3697.857379, "delta": 20.396677}}
{"target": 154.0516704224981, "params": {"h": 15.0, "p": 292.0, "r": 33.0}, "datetime": {"datetime": "2024-05-05 11:53:26", "elapsed": 3717.556675, "delta": 19.699296}}
{"target": 158.36634673123598, "params": {"h": 20.0, "p": 289.0, "r": 41.0}, "datetime": {"datetime": "2024-05-05 11:53:46", "elapsed": 3737.394672, "delta": 19.837997}}
{"target": 11.876849080063854, "params": {"h": 34.0, "p": 486.0, "r": 50.0}, "datetime": {"datetime": "2024-05-05 11:54:14", "elapsed": 3765.356854, "delta": 27.962182}}
{"target": 3.2925896716655005, "params": {"h": 28.0, "p": 554.0, "r": 139.0}, "datetime": {"datetime": "2024-05-05 11:54:34", "elapsed": 3785.873412, "delta": 20.516558}}
{"target": 182.9620723953331, "params": {"h": 16.0, "p": 292.0, "r": 35.0}, "datetime": {"datetime": "2024-05-05 11:54:53", "elapsed": 3804.42711, "delta": 18.553698}}
{"target": 160.3499573499675, "params": {"h": 19.0, "p": 285.0, "r": 40.0}, "datetime": {"datetime": "2024-05-05 11:55:13", "elapsed": 3824.344085, "delta": 19.916975}}
{"target": 0.0, "params": {"h": 35.0, "p": 145.0, "r": 107.0}, "datetime": {"datetime": "2024-05-05 11:55:13", "elapsed": 3824.942119, "delta": 0.598034}}
{"target": 161.589913357993, "params": {"h": 18.0, "p": 284.0, "r": 39.0}, "datetime": {"datetime": "2024-05-05 11:55:31", "elapsed": 3842.758438, "delta": 17.816319}}
{"target": 137.52964860466278, "params": {"h": 16.0, "p": 296.0, "r": 34.0}, "datetime": {"datetime": "2024-05-05 11:55:51", "elapsed": 3862.795114, "delta": 20.036676}}
{"target": 105.4546928357487, "params": {"h": 15.0, "p": 296.0, "r": 36.0}, "datetime": {"datetime": "2024-05-05 11:56:10", "elapsed": 3882.040711, "delta": 19.245597}}
{"target": 179.26801322543622, "params": {"h": 16.0, "p": 290.0, "r": 35.0}, "datetime": {"datetime": "2024-05-05 11:56:30", "elapsed": 3901.39185, "delta": 19.351139}}
{"target": 0.8695345704935628, "params": {"h": 46.0, "p": 980.0, "r": 118.0}, "datetime": {"datetime": "2024-05-05 11:57:18", "elapsed": 3949.92542, "delta": 48.53357}}
{"target": 161.00153968669642, "params": {"h": 21.0, "p": 291.0, "r": 41.0}, "datetime": {"datetime": "2024-05-05 11:57:38", "elapsed": 3969.506066, "delta": 19.580646}}
{"target": 2.2790003695191356, "params": {"h": 18.0, "p": 570.0, "r": 60.0}, "datetime": {"datetime": "2024-05-05 11:58:02", "elapsed": 3993.112696, "delta": 23.60663}}
{"target": 11.563346597338098, "params": {"h": 15.0, "p": 382.0, "r": 148.0}, "datetime": {"datetime": "2024-05-05 11:58:32", "elapsed": 4024.012519, "delta": 30.899823}}
{"target": 1.5474331850957503, "params": {"h": 29.0, "p": 839.0, "r": 36.0}, "datetime": {"datetime": "2024-05-05 11:59:20", "elapsed": 4071.256212, "delta": 47.243693}}
{"target": 148.96880518032663, "params": {"h": 21.0, "p": 296.0, "r": 40.0}, "datetime": {"datetime": "2024-05-05 11:59:39", "elapsed": 4090.808463, "delta": 19.552251}}
{"target": 48.14893109542848, "params": {"h": 17.0, "p": 294.0, "r": 33.0}, "datetime": {"datetime": "2024-05-05 11:59:58", "elapsed": 4109.535493, "delta": 18.72703}}
{"target": 159.07578534004716, "params": {"h": 22.0, "p": 296.0, "r": 42.0}, "datetime": {"datetime": "2024-05-05 12:00:16", "elapsed": 4127.714941, "delta": 18.179448}}
{"target": 166.51882901427254, "params": {"h": 18.0, "p": 270.0, "r": 38.0}, "datetime": {"datetime": "2024-05-05 12:00:35", "elapsed": 4146.197386, "delta": 18.482445}}
{"target": 1.5642913945672996, "params": {"h": 53.0, "p": 817.0, "r": 142.0}, "datetime": {"datetime": "2024-05-05 12:01:10", "elapsed": 4181.116411, "delta": 34.919025}}
{"target": 27.67707291404144, "params": {"h": 60.0, "p": 192.0, "r": 53.0}, "datetime": {"datetime": "2024-05-05 12:01:27", "elapsed": 4198.686391, "delta": 17.56998}}
{"target": 0.04913166069789292, "params": {"h": 48.0, "p": 616.0, "r": 16.0}, "datetime": {"datetime": "2024-05-05 12:02:29", "elapsed": 4260.911391, "delta": 62.225}}
{"target": 178.94543429638676, "params": {"h": 18.0, "p": 294.0, "r": 38.0}, "datetime": {"datetime": "2024-05-05 12:02:49", "elapsed": 4280.150805, "delta": 19.239414}}
{"target": 147.1072263170839, "params": {"h": 15.0, "p": 290.0, "r": 33.0}, "datetime": {"datetime": "2024-05-05 12:03:08", "elapsed": 4299.682915, "delta": 19.53211}}
{"target": 180.79936703409183, "params": {"h": 17.0, "p": 288.0, "r": 37.0}, "datetime": {"datetime": "2024-05-05 12:03:29", "elapsed": 4320.450214, "delta": 20.767299}}
{"target": 154.21410075058054, "params": {"h": 23.0, "p": 298.0, "r": 43.0}, "datetime": {"datetime": "2024-05-05 12:03:49", "elapsed": 4340.085767, "delta": 19.635553}}
{"target": 158.6440742973363, "params": {"h": 20.0, "p": 288.0, "r": 41.0}, "datetime": {"datetime": "2024-05-05 12:04:09", "elapsed": 4360.666427, "delta": 20.58066}}
{"target": 147.46826119047807, "params": {"h": 21.0, "p": 275.0, "r": 41.0}, "datetime": {"datetime": "2024-05-05 12:04:28", "elapsed": 4379.080557, "delta": 18.41413}}
{"target": 164.9117695009233, "params": {"h": 17.0, "p": 269.0, "r": 38.0}, "datetime": {"datetime": "2024-05-05 12:04:46", "elapsed": 4397.428512, "delta": 18.347955}}
{"target": 141.73961455293122, "params": {"h": 18.0, "p": 269.0, "r": 37.0}, "datetime": {"datetime": "2024-05-05 12:05:04", "elapsed": 4415.531662, "delta": 18.10315}}
{"target": 2.123646983024628, "params": {"h": 58.0, "p": 999.0, "r": 47.0}, "datetime": {"datetime": "2024-05-05 12:06:10", "elapsed": 4481.383959, "delta": 65.852297}}
{"target": 155.1157083428725, "params": {"h": 19.0, "p": 291.0, "r": 38.0}, "datetime": {"datetime": "2024-05-05 12:06:29", "elapsed": 4500.207646, "delta": 18.823687}}
{"target": 2.6672766033475486, "params": {"h": 27.0, "p": 647.0, "r": 150.0}, "datetime": {"datetime": "2024-05-05 12:06:58", "elapsed": 4529.268724, "delta": 29.061078}}
{"target": 157.45578371787605, "params": {"h": 18.0, "p": 290.0, "r": 39.0}, "datetime": {"datetime": "2024-05-05 12:07:17", "elapsed": 4548.472555, "delta": 19.203831}}
{"target": 150.88337868856362, "params": {"h": 16.0, "p": 278.0, "r": 37.0}, "datetime": {"datetime": "2024-05-05 12:07:35", "elapsed": 4566.795118, "delta": 18.322563}}
{"target": 0.03348323757163347, "params": {"h": 56.0, "p": 768.0, "r": 16.0}, "datetime": {"datetime": "2024-05-05 12:08:55", "elapsed": 4646.257327, "delta": 79.462209}}
{"target": 162.83649463154853, "params": {"h": 18.0, "p": 295.0, "r": 37.0}, "datetime": {"datetime": "2024-05-05 12:09:14", "elapsed": 4665.917601, "delta": 19.660274}}
{"target": 0.18015179918187588, "params": {"h": 59.0, "p": 371.0, "r": 17.0}, "datetime": {"datetime": "2024-05-05 12:10:18", "elapsed": 4729.372016, "delta": 63.454415}}
{"target": 0.06822640519765892, "params": {"h": 58.0, "p": 538.0, "r": 16.0}, "datetime": {"datetime": "2024-05-05 12:11:30", "elapsed": 4801.917919, "delta": 72.545903}}
{"target": 102.44765102528461, "params": {"h": 20.0, "p": 276.0, "r": 38.0}, "datetime": {"datetime": "2024-05-05 12:11:51", "elapsed": 4822.544591, "delta": 20.626672}}
{"target": 177.67761722004775, "params": {"h": 17.0, "p": 299.0, "r": 36.0}, "datetime": {"datetime": "2024-05-05 12:12:11", "elapsed": 4842.513264, "delta": 19.968673}}
{"target": 161.11700195239536, "params": {"h": 17.0, "p": 281.0, "r": 36.0}, "datetime": {"datetime": "2024-05-05 12:12:31", "elapsed": 4862.179596, "delta": 19.666332}}
{"target": 173.29624919356183, "params": {"h": 16.0, "p": 281.0, "r": 35.0}, "datetime": {"datetime": "2024-05-05 12:12:49", "elapsed": 4880.316755, "delta": 18.137159}}
{"target": 129.72466081633516, "params": {"h": 17.0, "p": 298.0, "r": 35.0}, "datetime": {"datetime": "2024-05-05 12:13:09", "elapsed": 4900.852126, "delta": 20.535371}}
{"target": 0.0, "params": {"h": 15.0, "p": 222.0, "r": 94.0}, "datetime": {"datetime": "2024-05-05 12:13:10", "elapsed": 4901.642264, "delta": 0.790138}}
{"target": 1.8918053252688773, "params": {"h": 59.0, "p": 890.0, "r": 64.0}, "datetime": {"datetime": "2024-05-05 12:14:02", "elapsed": 4953.634819, "delta": 51.992555}}
{"target": 130.72603699714432, "params": {"h": 15.0, "p": 273.0, "r": 36.0}, "datetime": {"datetime": "2024-05-05 12:14:22", "elapsed": 4973.937558, "delta": 20.302739}}
{"target": 156.45247329324036, "params": {"h": 18.0, "p": 288.0, "r": 37.0}, "datetime": {"datetime": "2024-05-05 12:14:44", "elapsed": 4995.277928, "delta": 21.34037}}
{"target": 146.60037979047934, "params": {"h": 18.0, "p": 276.0, "r": 37.0}, "datetime": {"datetime": "2024-05-05 12:15:03", "elapsed": 5014.344513, "delta": 19.066585}}
