{"target": 0.9782541186714345, "params": {"h": 26.0, "p": 886.0, "r": 122.0}, "datetime": {"datetime": "2024-05-13 22:24:58", "elapsed": 0.0, "delta": 0.0}}
{"target": 10.782344652298784, "params": {"h": 46.0, "p": 117.0, "r": 30.0}, "datetime": {"datetime": "2024-05-13 22:25:16", "elapsed": 18.44133, "delta": 18.44133}}
{"target": 0.055943340022261395, "params": {"h": 35.0, "p": 934.0, "r": 21.0}, "datetime": {"datetime": "2024-05-13 22:26:24", "elapsed": 85.9244, "delta": 67.48307}}
{"target": 0.0, "params": {"h": 51.0, "p": 207.0, "r": 150.0}, "datetime": {"datetime": "2024-05-13 22:26:24", "elapsed": 85.9244, "delta": 0.0}}
{"target": 2.432619854450726, "params": {"h": 56.0, "p": 637.0, "r": 86.0}, "datetime": {"datetime": "2024-05-13 22:26:54", "elapsed": 115.927622, "delta": 30.003222}}
{"target": 6.349105676605592, "params": {"h": 50.0, "p": 472.0, "r": 129.0}, "datetime": {"datetime": "2024-05-13 22:27:11", "elapsed": 133.012873, "delta": 17.085251}}
{"target": 1.343494860838264, "params": {"h": 32.0, "p": 782.0, "r": 82.0}, "datetime": {"datetime": "2024-05-13 22:27:45", "elapsed": 166.592056, "delta": 33.579183}}
{"target": 11.56050918703072, "params": {"h": 23.0, "p": 310.0, "r": 101.0}, "datetime": {"datetime": "2024-05-13 22:27:58", "elapsed": 179.607575, "delta": 13.015519}}
{"target": 4.060072671645278, "params": {"h": 39.0, "p": 695.0, "r": 42.0}, "datetime": {"datetime": "2024-05-13 22:28:35", "elapsed": 217.574604, "delta": 37.967029}}
{"target": 2.8314280832037597, "params": {"h": 15.0, "p": 398.0, "r": 60.0}, "datetime": {"datetime": "2024-05-13 22:28:54", "elapsed": 235.839143, "delta": 18.264539}}
{"target": 10.781050032825325, "params": {"h": 46.0, "p": 118.0, "r": 30.0}, "datetime": {"datetime": "2024-05-13 22:29:13", "elapsed": 255.165328, "delta": 19.326185}}
{"target": 10.788827949069363, "params": {"h": 15.0, "p": 282.0, "r": 54.0}, "datetime": {"datetime": "2024-05-13 22:29:30", "elapsed": 272.012526, "delta": 16.847198}}
{"target": 0.43639676687594076, "params": {"h": 15.0, "p": 206.0, "r": 15.0}, "datetime": {"datetime": "2024-05-13 22:29:56", "elapsed": 298.257274, "delta": 26.244748}}
{"target": 46.673827924182056, "params": {"h": 59.0, "p": 306.0, "r": 69.0}, "datetime": {"datetime": "2024-05-13 22:30:15", "elapsed": 316.771099, "delta": 18.513825}}
{"target": 81.83851362875677, "params": {"h": 60.0, "p": 317.0, "r": 58.0}, "datetime": {"datetime": "2024-05-13 22:30:36", "elapsed": 337.646104, "delta": 20.875005}}
{"target": 32.72155009385617, "params": {"h": 60.0, "p": 316.0, "r": 46.0}, "datetime": {"datetime": "2024-05-13 22:31:01", "elapsed": 363.363011, "delta": 25.716907}}
{"target": 54.30324575837525, "params": {"h": 60.0, "p": 321.0, "r": 64.0}, "datetime": {"datetime": "2024-05-13 22:31:22", "elapsed": 384.263036, "delta": 20.900025}}
{"target": 77.81927337224997, "params": {"h": 60.0, "p": 311.0, "r": 59.0}, "datetime": {"datetime": "2024-05-13 22:31:43", "elapsed": 404.797443, "delta": 20.534407}}
{"target": 78.39313603454006, "params": {"h": 52.0, "p": 315.0, "r": 58.0}, "datetime": {"datetime": "2024-05-13 22:32:03", "elapsed": 424.863357, "delta": 20.065914}}
{"target": 82.11166557314702, "params": {"h": 48.0, "p": 304.0, "r": 57.0}, "datetime": {"datetime": "2024-05-13 22:32:23", "elapsed": 444.978372, "delta": 20.115015}}
{"target": 49.88452985594843, "params": {"h": 35.0, "p": 305.0, "r": 59.0}, "datetime": {"datetime": "2024-05-13 22:32:41", "elapsed": 463.263363, "delta": 18.284991}}
{"target": 71.61728922994766, "params": {"h": 52.0, "p": 292.0, "r": 54.0}, "datetime": {"datetime": "2024-05-13 22:33:01", "elapsed": 482.830792, "delta": 19.567429}}
{"target": 25.00109515602629, "params": {"h": 42.0, "p": 294.0, "r": 43.0}, "datetime": {"datetime": "2024-05-13 22:33:24", "elapsed": 505.993901, "delta": 23.163109}}
{"target": 52.094350670961205, "params": {"h": 56.0, "p": 285.0, "r": 67.0}, "datetime": {"datetime": "2024-05-13 22:33:41", "elapsed": 523.481696, "delta": 17.487795}}
{"target": 41.073167302497275, "params": {"h": 40.0, "p": 291.0, "r": 67.0}, "datetime": {"datetime": "2024-05-13 22:33:57", "elapsed": 538.892413, "delta": 15.410717}}
{"target": 19.13444576275473, "params": {"h": 57.0, "p": 273.0, "r": 44.0}, "datetime": {"datetime": "2024-05-13 22:34:21", "elapsed": 563.427583, "delta": 24.53517}}
{"target": 66.01014778790999, "params": {"h": 58.0, "p": 296.0, "r": 62.0}, "datetime": {"datetime": "2024-05-13 22:34:40", "elapsed": 581.981544, "delta": 18.553961}}
{"target": 37.85789590797817, "params": {"h": 30.0, "p": 331.0, "r": 54.0}, "datetime": {"datetime": "2024-05-13 22:34:58", "elapsed": 600.471744, "delta": 18.4902}}
{"target": 26.961421721601607, "params": {"h": 60.0, "p": 262.0, "r": 90.0}, "datetime": {"datetime": "2024-05-13 22:35:12", "elapsed": 614.163542, "delta": 13.691798}}
{"target": 74.64496919380214, "params": {"h": 55.0, "p": 299.0, "r": 54.0}, "datetime": {"datetime": "2024-05-13 22:35:33", "elapsed": 635.544292, "delta": 21.38075}}
{"target": 0.08214906598742105, "params": {"h": 17.0, "p": 522.0, "r": 16.0}, "datetime": {"datetime": "2024-05-13 22:36:13", "elapsed": 674.707718, "delta": 39.163426}}
{"target": 1.174302874250774, "params": {"h": 57.0, "p": 1000.0, "r": 141.0}, "datetime": {"datetime": "2024-05-13 22:37:08", "elapsed": 730.262838, "delta": 55.55512}}
{"target": 0.0, "params": {"h": 15.0, "p": 100.0, "r": 138.0}, "datetime": {"datetime": "2024-05-13 22:37:09", "elapsed": 730.637859, "delta": 0.375021}}
{"target": 4.465735783561964, "params": {"h": 15.0, "p": 568.0, "r": 150.0}, "datetime": {"datetime": "2024-05-13 22:37:50", "elapsed": 772.026583, "delta": 41.388724}}
{"target": 3.345176180952109, "params": {"h": 15.0, "p": 706.0, "r": 150.0}, "datetime": {"datetime": "2024-05-13 22:38:42", "elapsed": 823.610902, "delta": 51.584319}}
{"target": 0.02315893193310313, "params": {"h": 60.0, "p": 840.0, "r": 15.0}, "datetime": {"datetime": "2024-05-13 22:40:09", "elapsed": 911.340718, "delta": 87.729816}}
{"target": 7.740655406489148, "params": {"h": 15.0, "p": 346.0, "r": 27.0}, "datetime": {"datetime": "2024-05-13 22:40:33", "elapsed": 934.924455, "delta": 23.583737}}
{"target": 14.773876972613511, "params": {"h": 51.0, "p": 378.0, "r": 147.0}, "datetime": {"datetime": "2024-05-13 22:40:45", "elapsed": 947.351186, "delta": 12.426731}}
{"target": 0.05049227163418177, "params": {"h": 15.0, "p": 611.0, "r": 15.0}, "datetime": {"datetime": "2024-05-13 22:41:29", "elapsed": 990.715287, "delta": 43.364101}}
{"target": 94.9423467472569, "params": {"h": 56.0, "p": 347.0, "r": 52.0}, "datetime": {"datetime": "2024-05-13 22:41:53", "elapsed": 1014.658652, "delta": 23.943365}}
{"target": 19.867100110653812, "params": {"h": 49.0, "p": 357.0, "r": 54.0}, "datetime": {"datetime": "2024-05-13 22:42:16", "elapsed": 1037.695488, "delta": 23.036836}}
{"target": 106.84857068198056, "params": {"h": 60.0, "p": 339.0, "r": 51.0}, "datetime": {"datetime": "2024-05-13 22:42:40", "elapsed": 1061.903359, "delta": 24.207871}}
{"target": 21.97989212871238, "params": {"h": 60.0, "p": 344.0, "r": 42.0}, "datetime": {"datetime": "2024-05-13 22:43:08", "elapsed": 1089.722336, "delta": 27.818977}}
{"target": 43.057644698758445, "params": {"h": 59.0, "p": 341.0, "r": 61.0}, "datetime": {"datetime": "2024-05-13 22:43:29", "elapsed": 1110.774299, "delta": 21.051963}}
{"target": 97.44484889071248, "params": {"h": 58.0, "p": 330.0, "r": 52.0}, "datetime": {"datetime": "2024-05-13 22:43:52", "elapsed": 1133.732282, "delta": 22.957983}}
{"target": 113.94719626591795, "params": {"h": 52.0, "p": 338.0, "r": 51.0}, "datetime": {"datetime": "2024-05-13 22:44:15", "elapsed": 1157.25152, "delta": 23.519238}}
{"target": 80.46247084303232, "params": {"h": 50.0, "p": 330.0, "r": 56.0}, "datetime": {"datetime": "2024-05-13 22:44:37", "elapsed": 1178.585493, "delta": 21.333973}}
{"target": 25.976994160598885, "params": {"h": 42.0, "p": 330.0, "r": 42.0}, "datetime": {"datetime": "2024-05-13 22:45:00", "elapsed": 1202.014926, "delta": 23.429433}}
{"target": 114.34874977925347, "params": {"h": 54.0, "p": 341.0, "r": 51.0}, "datetime": {"datetime": "2024-05-13 22:45:23", "elapsed": 1225.502873, "delta": 23.487947}}
{"target": 93.45124271499564, "params": {"h": 49.0, "p": 340.0, "r": 53.0}, "datetime": {"datetime": "2024-05-13 22:45:46", "elapsed": 1248.241521, "delta": 22.738648}}
{"target": 0.502592128066005, "params": {"h": 15.0, "p": 1000.0, "r": 67.0}, "datetime": {"datetime": "2024-05-13 22:46:44", "elapsed": 1306.139233, "delta": 57.897712}}
{"target": 0.09526390482043012, "params": {"h": 60.0, "p": 456.0, "r": 16.0}, "datetime": {"datetime": "2024-05-13 22:47:47", "elapsed": 1369.006751, "delta": 62.867518}}
{"target": 1.7430003143693633, "params": {"h": 60.0, "p": 813.0, "r": 150.0}, "datetime": {"datetime": "2024-05-13 22:48:23", "elapsed": 1405.168585, "delta": 36.161834}}
{"target": 108.36059010496312, "params": {"h": 56.0, "p": 337.0, "r": 52.0}, "datetime": {"datetime": "2024-05-13 22:48:47", "elapsed": 1428.673737, "delta": 23.505152}}
{"target": 2.852668444548575, "params": {"h": 60.0, "p": 547.0, "r": 83.0}, "datetime": {"datetime": "2024-05-13 22:49:11", "elapsed": 1452.696655, "delta": 24.022918}}
{"target": 0.0, "params": {"h": 17.0, "p": 165.0, "r": 89.0}, "datetime": {"datetime": "2024-05-13 22:49:11", "elapsed": 1453.118555, "delta": 0.4219}}
{"target": 1.0477861073239962, "params": {"h": 60.0, "p": 943.0, "r": 91.0}, "datetime": {"datetime": "2024-05-13 22:50:02", "elapsed": 1504.193421, "delta": 51.074866}}
{"target": 95.1815393682002, "params": {"h": 52.0, "p": 341.0, "r": 48.0}, "datetime": {"datetime": "2024-05-13 22:50:26", "elapsed": 1528.464034, "delta": 24.270613}}
{"target": 0.032139622549295636, "params": {"h": 15.0, "p": 763.0, "r": 15.0}, "datetime": {"datetime": "2024-05-13 22:51:19", "elapsed": 1580.626324, "delta": 52.16229}}
{"target": 0.016318616372529477, "params": {"h": 60.0, "p": 1000.0, "r": 15.0}, "datetime": {"datetime": "2024-05-13 22:53:13", "elapsed": 1694.899486, "delta": 114.273162}}
{"target": 0.0, "params": {"h": 60.0, "p": 287.0, "r": 149.0}, "datetime": {"datetime": "2024-05-13 22:53:13", "elapsed": 1695.383886, "delta": 0.4844}}
{"target": 2.1152947817014955, "params": {"h": 15.0, "p": 474.0, "r": 71.0}, "datetime": {"datetime": "2024-05-13 22:53:35", "elapsed": 1717.21892, "delta": 21.835034}}
{"target": 0.7842908934960804, "params": {"h": 15.0, "p": 871.0, "r": 55.0}, "datetime": {"datetime": "2024-05-13 22:54:20", "elapsed": 1762.319408, "delta": 45.100488}}
{"target": 33.47666561351364, "params": {"h": 43.0, "p": 312.0, "r": 68.0}, "datetime": {"datetime": "2024-05-13 22:54:38", "elapsed": 1779.731962, "delta": 17.412554}}
{"target": 3.3031400777641906, "params": {"h": 15.0, "p": 638.0, "r": 148.0}, "datetime": {"datetime": "2024-05-13 22:55:23", "elapsed": 1825.549283, "delta": 45.817321}}
{"target": 34.39558004440167, "params": {"h": 57.0, "p": 332.0, "r": 45.0}, "datetime": {"datetime": "2024-05-13 22:55:51", "elapsed": 1852.681586, "delta": 27.132303}}
{"target": 84.74874698210094, "params": {"h": 57.0, "p": 324.0, "r": 57.0}, "datetime": {"datetime": "2024-05-13 22:56:13", "elapsed": 1874.888997, "delta": 22.207411}}
{"target": 1.8534059746110614, "params": {"h": 60.0, "p": 721.0, "r": 103.0}, "datetime": {"datetime": "2024-05-13 22:56:47", "elapsed": 1908.910196, "delta": 34.021199}}
{"target": 1.2082481606572648, "params": {"h": 16.0, "p": 949.0, "r": 145.0}, "datetime": {"datetime": "2024-05-13 22:57:52", "elapsed": 1974.275924, "delta": 65.365728}}
{"target": 30.39781362198788, "params": {"h": 60.0, "p": 208.0, "r": 65.0}, "datetime": {"datetime": "2024-05-13 22:58:08", "elapsed": 1989.890877, "delta": 15.614953}}
{"target": 0.0, "params": {"h": 15.0, "p": 232.0, "r": 100.0}, "datetime": {"datetime": "2024-05-13 22:58:08", "elapsed": 1990.406532, "delta": 0.515655}}
{"target": 0.0, "params": {"h": 60.0, "p": 110.0, "r": 91.0}, "datetime": {"datetime": "2024-05-13 22:58:09", "elapsed": 1990.940194, "delta": 0.533662}}
{"target": 6.428238072023845, "params": {"h": 17.0, "p": 426.0, "r": 148.0}, "datetime": {"datetime": "2024-05-13 22:58:37", "elapsed": 2019.266755, "delta": 28.326561}}
{"target": 98.54102096124119, "params": {"h": 45.0, "p": 313.0, "r": 53.0}, "datetime": {"datetime": "2024-05-13 22:58:58", "elapsed": 2039.944282, "delta": 20.677527}}
{"target": 112.17322065666319, "params": {"h": 38.0, "p": 313.0, "r": 50.0}, "datetime": {"datetime": "2024-05-13 22:59:18", "elapsed": 2059.793902, "delta": 19.84962}}
{"target": 41.86805708205776, "params": {"h": 39.0, "p": 313.0, "r": 44.0}, "datetime": {"datetime": "2024-05-13 22:59:40", "elapsed": 2081.612461, "delta": 21.818559}}
{"target": 100.09375714315667, "params": {"h": 40.0, "p": 310.0, "r": 53.0}, "datetime": {"datetime": "2024-05-13 22:59:58", "elapsed": 2100.539256, "delta": 18.926795}}
{"target": 47.55841546421957, "params": {"h": 31.0, "p": 318.0, "r": 55.0}, "datetime": {"datetime": "2024-05-13 23:00:18", "elapsed": 2119.700149, "delta": 19.160893}}
{"target": 60.582162833966414, "params": {"h": 42.0, "p": 320.0, "r": 58.0}, "datetime": {"datetime": "2024-05-13 23:00:37", "elapsed": 2139.550062, "delta": 19.849913}}
{"target": 112.46024849741305, "params": {"h": 38.0, "p": 319.0, "r": 51.0}, "datetime": {"datetime": "2024-05-13 23:00:59", "elapsed": 2160.867096, "delta": 21.317034}}
{"target": 0.0, "params": {"h": 60.0, "p": 143.0, "r": 150.0}, "datetime": {"datetime": "2024-05-13 23:00:59", "elapsed": 2161.367098, "delta": 0.500002}}
{"target": 106.3256574713909, "params": {"h": 40.0, "p": 315.0, "r": 52.0}, "datetime": {"datetime": "2024-05-13 23:01:19", "elapsed": 2181.296731, "delta": 19.929633}}
{"target": 101.60080213711414, "params": {"h": 47.0, "p": 323.0, "r": 51.0}, "datetime": {"datetime": "2024-05-13 23:01:41", "elapsed": 2202.582536, "delta": 21.285805}}
{"target": 1.4447999443857995, "params": {"h": 15.0, "p": 590.0, "r": 81.0}, "datetime": {"datetime": "2024-05-13 23:02:08", "elapsed": 2229.744431, "delta": 27.161895}}
{"target": 0.049568147394862434, "params": {"h": 60.0, "p": 568.0, "r": 15.0}, "datetime": {"datetime": "2024-05-13 23:03:23", "elapsed": 2305.177832, "delta": 75.433401}}
{"target": 1.2751668698877996, "params": {"h": 60.0, "p": 840.0, "r": 88.0}, "datetime": {"datetime": "2024-05-13 23:04:05", "elapsed": 2347.199863, "delta": 42.022031}}
{"target": 4.690777462937162, "params": {"h": 60.0, "p": 419.0, "r": 96.0}, "datetime": {"datetime": "2024-05-13 23:04:24", "elapsed": 2365.626654, "delta": 18.426791}}
{"target": 112.55298794402619, "params": {"h": 32.0, "p": 309.0, "r": 50.0}, "datetime": {"datetime": "2024-05-13 23:04:43", "elapsed": 2385.538954, "delta": 19.9123}}
{"target": 136.19060889971644, "params": {"h": 28.0, "p": 303.0, "r": 46.0}, "datetime": {"datetime": "2024-05-13 23:05:04", "elapsed": 2405.638869, "delta": 20.099915}}
{"target": 55.22229267539957, "params": {"h": 24.0, "p": 302.0, "r": 50.0}, "datetime": {"datetime": "2024-05-13 23:05:21", "elapsed": 2423.332302, "delta": 17.693433}}
{"target": 36.1009066210541, "params": {"h": 31.0, "p": 306.0, "r": 41.0}, "datetime": {"datetime": "2024-05-13 23:05:44", "elapsed": 2445.932562, "delta": 22.60026}}
{"target": 119.43222829881336, "params": {"h": 31.0, "p": 300.0, "r": 49.0}, "datetime": {"datetime": "2024-05-13 23:06:03", "elapsed": 2465.406786, "delta": 19.474224}}
{"target": 124.96557089882532, "params": {"h": 23.0, "p": 297.0, "r": 41.0}, "datetime": {"datetime": "2024-05-13 23:06:23", "elapsed": 2485.380682, "delta": 19.973896}}
{"target": 39.487731496460995, "params": {"h": 24.0, "p": 291.0, "r": 38.0}, "datetime": {"datetime": "2024-05-13 23:06:43", "elapsed": 2504.885488, "delta": 19.504806}}
{"target": 73.24286321635083, "params": {"h": 20.0, "p": 301.0, "r": 44.0}, "datetime": {"datetime": "2024-05-13 23:07:03", "elapsed": 2524.592448, "delta": 19.70696}}
{"target": 65.18345214069241, "params": {"h": 30.0, "p": 300.0, "r": 43.0}, "datetime": {"datetime": "2024-05-13 23:07:24", "elapsed": 2545.755459, "delta": 21.163011}}
{"target": 118.97166824038221, "params": {"h": 28.0, "p": 306.0, "r": 48.0}, "datetime": {"datetime": "2024-05-13 23:07:43", "elapsed": 2565.400884, "delta": 19.645425}}
{"target": 117.3120336908373, "params": {"h": 33.0, "p": 304.0, "r": 49.0}, "datetime": {"datetime": "2024-05-13 23:08:05", "elapsed": 2586.623402, "delta": 21.222518}}
{"target": 70.68284710065981, "params": {"h": 53.0, "p": 310.0, "r": 51.0}, "datetime": {"datetime": "2024-05-13 23:08:26", "elapsed": 2607.832136, "delta": 21.208734}}
{"target": 35.684348535505904, "params": {"h": 23.0, "p": 300.0, "r": 37.0}, "datetime": {"datetime": "2024-05-13 23:08:48", "elapsed": 2630.21175, "delta": 22.379614}}
{"target": 136.08592092210074, "params": {"h": 24.0, "p": 295.0, "r": 45.0}, "datetime": {"datetime": "2024-05-13 23:09:07", "elapsed": 2649.451925, "delta": 19.240175}}
{"target": 38.05815292857693, "params": {"h": 17.0, "p": 295.0, "r": 43.0}, "datetime": {"datetime": "2024-05-13 23:09:27", "elapsed": 2668.581235, "delta": 19.12931}}
{"target": 111.30951867745661, "params": {"h": 28.0, "p": 293.0, "r": 49.0}, "datetime": {"datetime": "2024-05-13 23:09:45", "elapsed": 2687.506434, "delta": 18.925199}}
{"target": 82.12539882537885, "params": {"h": 60.0, "p": 332.0, "r": 57.0}, "datetime": {"datetime": "2024-05-13 23:10:08", "elapsed": 2709.588571, "delta": 22.082137}}
{"target": 86.12053330126544, "params": {"h": 38.0, "p": 298.0, "r": 55.0}, "datetime": {"datetime": "2024-05-13 23:10:26", "elapsed": 2728.405666, "delta": 18.817095}}
{"target": 84.39029153472441, "params": {"h": 40.0, "p": 281.0, "r": 53.0}, "datetime": {"datetime": "2024-05-13 23:10:46", "elapsed": 2747.739845, "delta": 19.334179}}
{"target": 76.09034555795833, "params": {"h": 30.0, "p": 282.0, "r": 54.0}, "datetime": {"datetime": "2024-05-13 23:11:03", "elapsed": 2764.980312, "delta": 17.240467}}
{"target": 80.31792144167984, "params": {"h": 34.0, "p": 286.0, "r": 47.0}, "datetime": {"datetime": "2024-05-13 23:11:22", "elapsed": 2784.503298, "delta": 19.522986}}
{"target": 91.3667484042824, "params": {"h": 38.0, "p": 292.0, "r": 54.0}, "datetime": {"datetime": "2024-05-13 23:11:41", "elapsed": 2803.007151, "delta": 18.503853}}
{"target": 57.27384091136596, "params": {"h": 39.0, "p": 273.0, "r": 62.0}, "datetime": {"datetime": "2024-05-13 23:11:57", "elapsed": 2819.073755, "delta": 16.066604}}
{"target": 135.6008084894642, "params": {"h": 26.0, "p": 298.0, "r": 46.0}, "datetime": {"datetime": "2024-05-13 23:12:17", "elapsed": 2839.017181, "delta": 19.943426}}
{"target": 95.66641926049604, "params": {"h": 32.0, "p": 269.0, "r": 50.0}, "datetime": {"datetime": "2024-05-13 23:12:36", "elapsed": 2858.130588, "delta": 19.113407}}
{"target": 35.291258041028776, "params": {"h": 37.0, "p": 274.0, "r": 44.0}, "datetime": {"datetime": "2024-05-13 23:12:57", "elapsed": 2879.324262, "delta": 21.193674}}
{"target": 91.40183346298818, "params": {"h": 27.0, "p": 262.0, "r": 51.0}, "datetime": {"datetime": "2024-05-13 23:13:14", "elapsed": 2896.002204, "delta": 16.677942}}
{"target": 50.5508852301432, "params": {"h": 35.0, "p": 256.0, "r": 46.0}, "datetime": {"datetime": "2024-05-13 23:13:33", "elapsed": 2915.132741, "delta": 19.130537}}
{"target": 51.35954816006919, "params": {"h": 28.0, "p": 268.0, "r": 58.0}, "datetime": {"datetime": "2024-05-13 23:13:49", "elapsed": 2931.371659, "delta": 16.238918}}
{"target": 113.54294636939754, "params": {"h": 25.0, "p": 267.0, "r": 44.0}, "datetime": {"datetime": "2024-05-13 23:14:08", "elapsed": 2950.14441, "delta": 18.772751}}
{"target": 113.70885488549304, "params": {"h": 22.0, "p": 259.0, "r": 41.0}, "datetime": {"datetime": "2024-05-13 23:14:26", "elapsed": 2968.569992, "delta": 18.425582}}
{"target": 39.92455420086207, "params": {"h": 19.0, "p": 264.0, "r": 49.0}, "datetime": {"datetime": "2024-05-13 23:14:43", "elapsed": 2985.386183, "delta": 16.816191}}
{"target": 19.291457484305568, "params": {"h": 27.0, "p": 263.0, "r": 37.0}, "datetime": {"datetime": "2024-05-13 23:15:04", "elapsed": 3005.68728, "delta": 20.301097}}
{"target": 138.6550986994172, "params": {"h": 20.0, "p": 248.0, "r": 42.0}, "datetime": {"datetime": "2024-05-13 23:15:22", "elapsed": 3023.865929, "delta": 18.178649}}
{"target": 116.24843244068745, "params": {"h": 17.0, "p": 253.0, "r": 40.0}, "datetime": {"datetime": "2024-05-13 23:15:39", "elapsed": 3041.106145, "delta": 17.240216}}
{"target": 95.91124883374998, "params": {"h": 22.0, "p": 255.0, "r": 47.0}, "datetime": {"datetime": "2024-05-13 23:15:55", "elapsed": 3057.21946, "delta": 16.113315}}
{"target": 46.24139187380861, "params": {"h": 24.0, "p": 248.0, "r": 39.0}, "datetime": {"datetime": "2024-05-13 23:16:14", "elapsed": 3075.787654, "delta": 18.568194}}
{"target": 63.83683975471074, "params": {"h": 18.0, "p": 245.0, "r": 45.0}, "datetime": {"datetime": "2024-05-13 23:16:31", "elapsed": 3092.652478, "delta": 16.864824}}
{"target": 111.93587598988837, "params": {"h": 28.0, "p": 272.0, "r": 47.0}, "datetime": {"datetime": "2024-05-13 23:16:51", "elapsed": 3112.814388, "delta": 20.16191}}
{"target": 23.68127709888702, "params": {"h": 15.0, "p": 252.0, "r": 46.0}, "datetime": {"datetime": "2024-05-13 23:17:07", "elapsed": 3129.164572, "delta": 16.350184}}
{"target": 113.3347552036687, "params": {"h": 16.0, "p": 251.0, "r": 34.0}, "datetime": {"datetime": "2024-05-13 23:17:26", "elapsed": 3148.310598, "delta": 19.146026}}
{"target": 151.5724872754546, "params": {"h": 15.0, "p": 245.0, "r": 36.0}, "datetime": {"datetime": "2024-05-13 23:17:43", "elapsed": 3165.144135, "delta": 16.833537}}
{"target": 160.800989861821, "params": {"h": 17.0, "p": 245.0, "r": 38.0}, "datetime": {"datetime": "2024-05-13 23:18:00", "elapsed": 3181.615984, "delta": 16.471849}}
