{"target": 0.9782541186717232, "params": {"h": 26.0, "p": 886.0, "r": 122.0}, "datetime": {"datetime": "2024-06-03 02:03:49", "elapsed": 0.0, "delta": 0.0}}
{"target": 10.782352274933547, "params": {"h": 46.0, "p": 117.0, "r": 30.0}, "datetime": {"datetime": "2024-06-03 02:04:10", "elapsed": 20.721141, "delta": 20.721141}}
{"target": 0.05594334002228259, "params": {"h": 35.0, "p": 934.0, "r": 21.0}, "datetime": {"datetime": "2024-06-03 02:05:18", "elapsed": 89.061004, "delta": 68.339863}}
{"target": 0.0, "params": {"h": 51.0, "p": 207.0, "r": 150.0}, "datetime": {"datetime": "2024-06-03 02:05:18", "elapsed": 89.061004, "delta": 0.0}}
{"target": 2.4326198544508975, "params": {"h": 56.0, "p": 637.0, "r": 86.0}, "datetime": {"datetime": "2024-06-03 02:05:47", "elapsed": 117.936874, "delta": 28.87587}}
{"target": 6.349105676605917, "params": {"h": 50.0, "p": 472.0, "r": 129.0}, "datetime": {"datetime": "2024-06-03 02:06:03", "elapsed": 133.775483, "delta": 15.838609}}
{"target": 1.3434948608380832, "params": {"h": 32.0, "p": 782.0, "r": 82.0}, "datetime": {"datetime": "2024-06-03 02:06:37", "elapsed": 168.173136, "delta": 34.397653}}
{"target": 11.560509187031036, "params": {"h": 23.0, "p": 310.0, "r": 101.0}, "datetime": {"datetime": "2024-06-03 02:06:51", "elapsed": 181.757767, "delta": 13.584631}}
{"target": 4.060072671645256, "params": {"h": 39.0, "p": 695.0, "r": 42.0}, "datetime": {"datetime": "2024-06-03 02:07:32", "elapsed": 223.510958, "delta": 41.753191}}
{"target": 2.831428083204593, "params": {"h": 15.0, "p": 398.0, "r": 60.0}, "datetime": {"datetime": "2024-06-03 02:07:54", "elapsed": 244.703245, "delta": 21.192287}}
{"target": 15.322896215534326, "params": {"h": 46.0, "p": 119.0, "r": 34.0}, "datetime": {"datetime": "2024-06-03 02:08:11", "elapsed": 262.399121, "delta": 17.695876}}
{"target": 18.105616557606616, "params": {"h": 45.0, "p": 126.0, "r": 37.0}, "datetime": {"datetime": "2024-06-03 02:08:28", "elapsed": 279.502561, "delta": 17.10344}}
{"target": 0.0, "params": {"h": 43.0, "p": 125.0, "r": 47.0}, "datetime": {"datetime": "2024-06-03 02:08:29", "elapsed": 279.799447, "delta": 0.296886}}
{"target": 12.693786267246349, "params": {"h": 48.0, "p": 126.0, "r": 33.0}, "datetime": {"datetime": "2024-06-03 02:08:49", "elapsed": 300.159793, "delta": 20.360346}}
{"target": 10.14013685308643, "params": {"h": 41.0, "p": 123.0, "r": 30.0}, "datetime": {"datetime": "2024-06-03 02:09:08", "elapsed": 319.189179, "delta": 19.029386}}
{"target": 0.0, "params": {"h": 40.0, "p": 118.0, "r": 38.0}, "datetime": {"datetime": "2024-06-03 02:09:08", "elapsed": 319.347588, "delta": 0.158409}}
{"target": 17.640321780566346, "params": {"h": 45.0, "p": 129.0, "r": 37.0}, "datetime": {"datetime": "2024-06-03 02:09:24", "elapsed": 335.552419, "delta": 16.204831}}
{"target": 0.0, "params": {"h": 52.0, "p": 122.0, "r": 38.0}, "datetime": {"datetime": "2024-06-03 02:09:25", "elapsed": 335.617746, "delta": 0.065327}}
{"target": 9.5019818209926, "params": {"h": 39.0, "p": 130.0, "r": 30.0}, "datetime": {"datetime": "2024-06-03 02:09:47", "elapsed": 357.906869, "delta": 22.289123}}
{"target": 22.387861342335885, "params": {"h": 38.0, "p": 131.0, "r": 39.0}, "datetime": {"datetime": "2024-06-03 02:10:01", "elapsed": 372.560228, "delta": 14.653359}}
{"target": 21.58007341714861, "params": {"h": 39.0, "p": 136.0, "r": 39.0}, "datetime": {"datetime": "2024-06-03 02:10:18", "elapsed": 389.51489, "delta": 16.954662}}
{"target": 15.139735773796119, "params": {"h": 41.0, "p": 134.0, "r": 35.0}, "datetime": {"datetime": "2024-06-03 02:10:36", "elapsed": 406.747423, "delta": 17.232533}}
{"target": 32.80330370914139, "params": {"h": 29.0, "p": 134.0, "r": 40.0}, "datetime": {"datetime": "2024-06-03 02:10:49", "elapsed": 420.339663, "delta": 13.59224}}
{"target": 0.0, "params": {"h": 33.0, "p": 133.0, "r": 43.0}, "datetime": {"datetime": "2024-06-03 02:10:49", "elapsed": 420.441053, "delta": 0.10139}}
{"target": 0.0, "params": {"h": 27.0, "p": 130.0, "r": 42.0}, "datetime": {"datetime": "2024-06-03 02:10:49", "elapsed": 420.503249, "delta": 0.062196}}
{"target": 16.2665353844858, "params": {"h": 38.0, "p": 131.0, "r": 35.0}, "datetime": {"datetime": "2024-06-03 02:11:07", "elapsed": 438.178653, "delta": 17.675404}}
{"target": 22.065408571614018, "params": {"h": 38.0, "p": 135.0, "r": 39.0}, "datetime": {"datetime": "2024-06-03 02:11:23", "elapsed": 454.133947, "delta": 15.955294}}
{"target": 30.969352655763558, "params": {"h": 31.0, "p": 136.0, "r": 41.0}, "datetime": {"datetime": "2024-06-03 02:11:38", "elapsed": 469.015467, "delta": 14.88152}}
{"target": 32.529767731038596, "params": {"h": 30.0, "p": 137.0, "r": 41.0}, "datetime": {"datetime": "2024-06-03 02:11:53", "elapsed": 484.195155, "delta": 15.179688}}
{"target": 18.69051308504617, "params": {"h": 31.0, "p": 139.0, "r": 35.0}, "datetime": {"datetime": "2024-06-03 02:12:10", "elapsed": 501.25633, "delta": 17.061175}}
{"target": 17.736127193158136, "params": {"h": 31.0, "p": 134.0, "r": 34.0}, "datetime": {"datetime": "2024-06-03 02:12:29", "elapsed": 520.2328, "delta": 18.97647}}
{"target": 36.316023381218095, "params": {"h": 24.0, "p": 138.0, "r": 37.0}, "datetime": {"datetime": "2024-06-03 02:12:46", "elapsed": 537.028121, "delta": 16.795321}}
{"target": 31.980807717750885, "params": {"h": 27.0, "p": 135.0, "r": 38.0}, "datetime": {"datetime": "2024-06-03 02:13:01", "elapsed": 552.438053, "delta": 15.409932}}
{"target": 35.25552401088495, "params": {"h": 23.0, "p": 142.0, "r": 36.0}, "datetime": {"datetime": "2024-06-03 02:13:17", "elapsed": 568.172053, "delta": 15.734}}
{"target": 49.1566333218876, "params": {"h": 23.0, "p": 141.0, "r": 40.0}, "datetime": {"datetime": "2024-06-03 02:13:32", "elapsed": 583.39045, "delta": 15.218397}}
{"target": 53.39610297925211, "params": {"h": 23.0, "p": 147.0, "r": 42.0}, "datetime": {"datetime": "2024-06-03 02:13:46", "elapsed": 596.791603, "delta": 13.401153}}
{"target": 52.38801884652108, "params": {"h": 22.0, "p": 150.0, "r": 39.0}, "datetime": {"datetime": "2024-06-03 02:14:00", "elapsed": 610.989359, "delta": 14.197756}}
{"target": 58.68620749766403, "params": {"h": 19.0, "p": 143.0, "r": 45.0}, "datetime": {"datetime": "2024-06-03 02:14:13", "elapsed": 624.247138, "delta": 13.257779}}
{"target": 82.7763774226271, "params": {"h": 17.0, "p": 150.0, "r": 36.0}, "datetime": {"datetime": "2024-06-03 02:14:27", "elapsed": 638.287365, "delta": 14.040227}}
{"target": 84.79330708294997, "params": {"h": 15.0, "p": 148.0, "r": 39.0}, "datetime": {"datetime": "2024-06-03 02:14:40", "elapsed": 651.320653, "delta": 13.033288}}
{"target": 84.20787722687135, "params": {"h": 17.0, "p": 155.0, "r": 41.0}, "datetime": {"datetime": "2024-06-03 02:14:55", "elapsed": 666.055143, "delta": 14.73449}}
{"target": 78.51865016110293, "params": {"h": 15.0, "p": 151.0, "r": 40.0}, "datetime": {"datetime": "2024-06-03 02:15:09", "elapsed": 680.069921, "delta": 14.014778}}
{"target": 99.9850749795777, "params": {"h": 15.0, "p": 158.0, "r": 33.0}, "datetime": {"datetime": "2024-06-03 02:15:25", "elapsed": 696.053034, "delta": 15.983113}}
{"target": 70.90813342112047, "params": {"h": 20.0, "p": 165.0, "r": 39.0}, "datetime": {"datetime": "2024-06-03 02:15:40", "elapsed": 711.264804, "delta": 15.21177}}
{"target": 100.40448444779483, "params": {"h": 15.0, "p": 160.0, "r": 38.0}, "datetime": {"datetime": "2024-06-03 02:15:55", "elapsed": 726.214567, "delta": 14.949763}}
{"target": 14.274049830611634, "params": {"h": 17.0, "p": 150.0, "r": 27.0}, "datetime": {"datetime": "2024-06-03 02:16:12", "elapsed": 743.539554, "delta": 17.324987}}
{"target": 55.339947924225314, "params": {"h": 21.0, "p": 164.0, "r": 50.0}, "datetime": {"datetime": "2024-06-03 02:16:27", "elapsed": 757.749898, "delta": 14.210344}}
{"target": 78.48846838714803, "params": {"h": 15.0, "p": 165.0, "r": 32.0}, "datetime": {"datetime": "2024-06-03 02:16:45", "elapsed": 775.604706, "delta": 17.854808}}
{"target": 102.09350223582064, "params": {"h": 16.0, "p": 157.0, "r": 38.0}, "datetime": {"datetime": "2024-06-03 02:16:59", "elapsed": 789.918845, "delta": 14.314139}}
{"target": 37.147808735000346, "params": {"h": 19.0, "p": 158.0, "r": 33.0}, "datetime": {"datetime": "2024-06-03 02:17:16", "elapsed": 807.028811, "delta": 17.109966}}
{"target": 85.3400516011526, "params": {"h": 20.0, "p": 178.0, "r": 44.0}, "datetime": {"datetime": "2024-06-03 02:17:31", "elapsed": 821.829059, "delta": 14.800248}}
{"target": 84.74073832512371, "params": {"h": 15.0, "p": 173.0, "r": 40.0}, "datetime": {"datetime": "2024-06-03 02:17:45", "elapsed": 836.092663, "delta": 14.263604}}
{"target": 20.415625949926255, "params": {"h": 25.0, "p": 183.0, "r": 35.0}, "datetime": {"datetime": "2024-06-03 02:18:03", "elapsed": 853.887624, "delta": 17.794961}}
{"target": 45.973413149592126, "params": {"h": 25.0, "p": 176.0, "r": 56.0}, "datetime": {"datetime": "2024-06-03 02:18:17", "elapsed": 867.639095, "delta": 13.751471}}
{"target": 36.75920861749651, "params": {"h": 15.0, "p": 175.0, "r": 49.0}, "datetime": {"datetime": "2024-06-03 02:18:30", "elapsed": 880.729297, "delta": 13.090202}}
{"target": 39.49411408037803, "params": {"h": 27.0, "p": 172.0, "r": 41.0}, "datetime": {"datetime": "2024-06-03 02:18:48", "elapsed": 899.014802, "delta": 18.285505}}
{"target": 83.92061382001877, "params": {"h": 15.0, "p": 181.0, "r": 40.0}, "datetime": {"datetime": "2024-06-03 02:19:03", "elapsed": 913.849018, "delta": 14.834216}}
{"target": 57.48046369243281, "params": {"h": 23.0, "p": 188.0, "r": 53.0}, "datetime": {"datetime": "2024-06-03 02:19:18", "elapsed": 928.631383, "delta": 14.782365}}
{"target": 36.816604292873954, "params": {"h": 36.0, "p": 190.0, "r": 61.0}, "datetime": {"datetime": "2024-06-03 02:19:30", "elapsed": 941.403027, "delta": 12.771644}}
{"target": 46.1633230112745, "params": {"h": 15.0, "p": 189.0, "r": 45.0}, "datetime": {"datetime": "2024-06-03 02:19:46", "elapsed": 956.63325, "delta": 15.230223}}
{"target": 25.630774347100573, "params": {"h": 18.0, "p": 196.0, "r": 66.0}, "datetime": {"datetime": "2024-06-03 02:20:00", "elapsed": 970.656526, "delta": 14.023276}}
{"target": 0.0, "params": {"h": 21.0, "p": 155.0, "r": 62.0}, "datetime": {"datetime": "2024-06-03 02:20:00", "elapsed": 970.931868, "delta": 0.275342}}
{"target": 98.38298998566678, "params": {"h": 15.0, "p": 141.0, "r": 36.0}, "datetime": {"datetime": "2024-06-03 02:20:14", "elapsed": 985.383065, "delta": 14.451197}}
{"target": 0.09947497561018423, "params": {"h": 17.0, "p": 535.0, "r": 17.0}, "datetime": {"datetime": "2024-06-03 02:20:53", "elapsed": 1023.933579, "delta": 38.550514}}
{"target": 1.108636163935761, "params": {"h": 48.0, "p": 999.0, "r": 143.0}, "datetime": {"datetime": "2024-06-03 02:21:54", "elapsed": 1084.790786, "delta": 60.857207}}
{"target": 0.0, "params": {"h": 59.0, "p": 107.0, "r": 150.0}, "datetime": {"datetime": "2024-06-03 02:21:54", "elapsed": 1085.115863, "delta": 0.325077}}
{"target": 24.07876936778876, "params": {"h": 16.0, "p": 173.0, "r": 29.0}, "datetime": {"datetime": "2024-06-03 02:22:13", "elapsed": 1103.721938, "delta": 18.606075}}
{"target": 3.434637337551565, "params": {"h": 17.0, "p": 569.0, "r": 148.0}, "datetime": {"datetime": "2024-06-03 02:22:56", "elapsed": 1147.141911, "delta": 43.419973}}
{"target": 67.28779873822094, "params": {"h": 16.0, "p": 135.0, "r": 41.0}, "datetime": {"datetime": "2024-06-03 02:23:10", "elapsed": 1161.177783, "delta": 14.035872}}
{"target": 2.692715225752094, "params": {"h": 16.0, "p": 713.0, "r": 149.0}, "datetime": {"datetime": "2024-06-03 02:23:57", "elapsed": 1208.434045, "delta": 47.256262}}
{"target": 60.314629732899846, "params": {"h": 31.0, "p": 210.0, "r": 49.0}, "datetime": {"datetime": "2024-06-03 02:24:14", "elapsed": 1224.620102, "delta": 16.186057}}
{"target": 31.705135424543432, "params": {"h": 43.0, "p": 215.0, "r": 47.0}, "datetime": {"datetime": "2024-06-03 02:24:33", "elapsed": 1243.668431, "delta": 19.048329}}
{"target": 82.12488970001083, "params": {"h": 20.0, "p": 217.0, "r": 47.0}, "datetime": {"datetime": "2024-06-03 02:24:49", "elapsed": 1260.144775, "delta": 16.476344}}
{"target": 55.11669407891326, "params": {"h": 23.0, "p": 219.0, "r": 55.0}, "datetime": {"datetime": "2024-06-03 02:25:04", "elapsed": 1274.725479, "delta": 14.580704}}
{"target": 39.11144056116635, "params": {"h": 25.0, "p": 213.0, "r": 39.0}, "datetime": {"datetime": "2024-06-03 02:25:23", "elapsed": 1293.868075, "delta": 19.142596}}
{"target": 34.9892001681568, "params": {"h": 15.0, "p": 224.0, "r": 45.0}, "datetime": {"datetime": "2024-06-03 02:25:39", "elapsed": 1310.006813, "delta": 16.138738}}
{"target": 44.504027309976536, "params": {"h": 18.0, "p": 209.0, "r": 51.0}, "datetime": {"datetime": "2024-06-03 02:25:54", "elapsed": 1325.300443, "delta": 15.29363}}
{"target": 39.027881010661346, "params": {"h": 36.0, "p": 210.0, "r": 65.0}, "datetime": {"datetime": "2024-06-03 02:26:10", "elapsed": 1340.596813, "delta": 15.29637}}
{"target": 86.26269663351765, "params": {"h": 26.0, "p": 221.0, "r": 48.0}, "datetime": {"datetime": "2024-06-03 02:26:25", "elapsed": 1356.537613, "delta": 15.9408}}
{"target": 68.13650337056276, "params": {"h": 32.0, "p": 226.0, "r": 51.0}, "datetime": {"datetime": "2024-06-03 02:26:42", "elapsed": 1373.133902, "delta": 16.596289}}
{"target": 32.55750607810898, "params": {"h": 30.0, "p": 227.0, "r": 41.0}, "datetime": {"datetime": "2024-06-03 02:27:02", "elapsed": 1392.775949, "delta": 19.642047}}
{"target": 53.2273995354925, "params": {"h": 33.0, "p": 234.0, "r": 61.0}, "datetime": {"datetime": "2024-06-03 02:27:16", "elapsed": 1407.254208, "delta": 14.478259}}
{"target": 49.33587527682699, "params": {"h": 44.0, "p": 237.0, "r": 53.0}, "datetime": {"datetime": "2024-06-03 02:27:34", "elapsed": 1425.271658, "delta": 18.01745}}
{"target": 43.189165145940045, "params": {"h": 44.0, "p": 226.0, "r": 63.0}, "datetime": {"datetime": "2024-06-03 02:27:51", "elapsed": 1441.888045, "delta": 16.616387}}
{"target": 33.45253989172166, "params": {"h": 16.0, "p": 133.0, "r": 29.0}, "datetime": {"datetime": "2024-06-03 02:28:08", "elapsed": 1459.321292, "delta": 17.433247}}
{"target": 48.0120766642965, "params": {"h": 40.0, "p": 248.0, "r": 65.0}, "datetime": {"datetime": "2024-06-03 02:28:26", "elapsed": 1476.911583, "delta": 17.590291}}
{"target": 39.34077310893703, "params": {"h": 25.0, "p": 249.0, "r": 61.0}, "datetime": {"datetime": "2024-06-03 02:28:41", "elapsed": 1491.690702, "delta": 14.779119}}
{"target": 38.31515954814504, "params": {"h": 53.0, "p": 240.0, "r": 69.0}, "datetime": {"datetime": "2024-06-03 02:28:56", "elapsed": 1507.559435, "delta": 15.868733}}
{"target": 65.19462446270161, "params": {"h": 31.0, "p": 218.0, "r": 50.0}, "datetime": {"datetime": "2024-06-03 02:29:14", "elapsed": 1525.149402, "delta": 17.589967}}
{"target": 66.86502618868212, "params": {"h": 24.0, "p": 233.0, "r": 53.0}, "datetime": {"datetime": "2024-06-03 02:29:30", "elapsed": 1541.192471, "delta": 16.043069}}
{"target": 46.728234789664356, "params": {"h": 36.0, "p": 247.0, "r": 46.0}, "datetime": {"datetime": "2024-06-03 02:29:49", "elapsed": 1559.712455, "delta": 18.519984}}
{"target": 53.995459402742746, "params": {"h": 53.0, "p": 261.0, "r": 56.0}, "datetime": {"datetime": "2024-06-03 02:30:08", "elapsed": 1578.768785, "delta": 19.05633}}
{"target": 24.181011084918154, "params": {"h": 54.0, "p": 250.0, "r": 46.0}, "datetime": {"datetime": "2024-06-03 02:30:34", "elapsed": 1605.584886, "delta": 26.816101}}
{"target": 50.73759309584608, "params": {"h": 41.0, "p": 267.0, "r": 65.0}, "datetime": {"datetime": "2024-06-03 02:30:51", "elapsed": 1622.213173, "delta": 16.628287}}
{"target": 54.959146518087174, "params": {"h": 15.0, "p": 161.0, "r": 44.0}, "datetime": {"datetime": "2024-06-03 02:31:04", "elapsed": 1635.503248, "delta": 13.290075}}
{"target": 43.23695087960379, "params": {"h": 55.0, "p": 263.0, "r": 70.0}, "datetime": {"datetime": "2024-06-03 02:31:22", "elapsed": 1653.431276, "delta": 17.928028}}
{"target": 61.085075855345984, "params": {"h": 41.0, "p": 267.0, "r": 50.0}, "datetime": {"datetime": "2024-06-03 02:31:41", "elapsed": 1672.520336, "delta": 19.08906}}
{"target": 63.074687604414414, "params": {"h": 52.0, "p": 276.0, "r": 55.0}, "datetime": {"datetime": "2024-06-03 02:32:02", "elapsed": 1693.211996, "delta": 20.69166}}
{"target": 83.21076621366508, "params": {"h": 40.0, "p": 279.0, "r": 54.0}, "datetime": {"datetime": "2024-06-03 02:32:24", "elapsed": 1714.792645, "delta": 21.580649}}
{"target": 39.313360227595524, "params": {"h": 42.0, "p": 282.0, "r": 46.0}, "datetime": {"datetime": "2024-06-03 02:32:46", "elapsed": 1737.330668, "delta": 22.538023}}
{"target": 59.146663386711886, "params": {"h": 42.0, "p": 281.0, "r": 62.0}, "datetime": {"datetime": "2024-06-03 02:33:05", "elapsed": 1756.21638, "delta": 18.885712}}
{"target": 98.1596589187003, "params": {"h": 29.0, "p": 276.0, "r": 51.0}, "datetime": {"datetime": "2024-06-03 02:33:25", "elapsed": 1775.718579, "delta": 19.502199}}
{"target": 66.4796725216327, "params": {"h": 32.0, "p": 275.0, "r": 57.0}, "datetime": {"datetime": "2024-06-03 02:33:44", "elapsed": 1795.42155, "delta": 19.702971}}
{"target": 104.17628835068899, "params": {"h": 25.0, "p": 283.0, "r": 48.0}, "datetime": {"datetime": "2024-06-03 02:34:04", "elapsed": 1814.671693, "delta": 19.250143}}
{"target": 95.08987038473215, "params": {"h": 31.0, "p": 285.0, "r": 52.0}, "datetime": {"datetime": "2024-06-03 02:34:23", "elapsed": 1834.102057, "delta": 19.430364}}
{"target": 22.85050086464615, "params": {"h": 20.0, "p": 283.0, "r": 55.0}, "datetime": {"datetime": "2024-06-03 02:34:41", "elapsed": 1851.886624, "delta": 17.784567}}
{"target": 109.81785250192922, "params": {"h": 25.0, "p": 278.0, "r": 43.0}, "datetime": {"datetime": "2024-06-03 02:35:03", "elapsed": 1873.978818, "delta": 22.092194}}
{"target": 80.7780202999125, "params": {"h": 30.0, "p": 281.0, "r": 45.0}, "datetime": {"datetime": "2024-06-03 02:35:24", "elapsed": 1895.281053, "delta": 21.302235}}
{"target": 99.37305159906316, "params": {"h": 20.0, "p": 271.0, "r": 44.0}, "datetime": {"datetime": "2024-06-03 02:35:43", "elapsed": 1914.550905, "delta": 19.269852}}
{"target": 104.85897256144486, "params": {"h": 18.0, "p": 279.0, "r": 41.0}, "datetime": {"datetime": "2024-06-03 02:36:02", "elapsed": 1933.119275, "delta": 18.56837}}
{"target": 58.35813096136014, "params": {"h": 26.0, "p": 272.0, "r": 41.0}, "datetime": {"datetime": "2024-06-03 02:36:22", "elapsed": 1952.899506, "delta": 19.780231}}
{"target": 112.13412380984298, "params": {"h": 24.0, "p": 274.0, "r": 47.0}, "datetime": {"datetime": "2024-06-03 02:36:42", "elapsed": 1973.127917, "delta": 20.228411}}
{"target": 47.37442676557331, "params": {"h": 20.0, "p": 278.0, "r": 48.0}, "datetime": {"datetime": "2024-06-03 02:37:02", "elapsed": 1992.793989, "delta": 19.666072}}
{"target": 114.78879364135051, "params": {"h": 20.0, "p": 290.0, "r": 38.0}, "datetime": {"datetime": "2024-06-03 02:37:21", "elapsed": 2011.768832, "delta": 18.974843}}
{"target": 12.66107473342621, "params": {"h": 26.0, "p": 291.0, "r": 35.0}, "datetime": {"datetime": "2024-06-03 02:37:45", "elapsed": 2035.776629, "delta": 24.007797}}
{"target": 162.88303483638336, "params": {"h": 20.0, "p": 284.0, "r": 40.0}, "datetime": {"datetime": "2024-06-03 02:38:05", "elapsed": 2055.921863, "delta": 20.145234}}
{"target": 44.34919875512276, "params": {"h": 16.0, "p": 287.0, "r": 41.0}, "datetime": {"datetime": "2024-06-03 02:38:24", "elapsed": 2074.69969, "delta": 18.777827}}
{"target": 108.73888341552163, "params": {"h": 21.0, "p": 289.0, "r": 44.0}, "datetime": {"datetime": "2024-06-03 02:38:42", "elapsed": 2093.426036, "delta": 18.726346}}
{"target": 84.5332546816843, "params": {"h": 22.0, "p": 282.0, "r": 39.0}, "datetime": {"datetime": "2024-06-03 02:39:04", "elapsed": 2115.2866, "delta": 21.860564}}
{"target": 72.82567683654656, "params": {"h": 32.0, "p": 273.0, "r": 46.0}, "datetime": {"datetime": "2024-06-03 02:39:25", "elapsed": 2136.006596, "delta": 20.719996}}
{"target": 143.2302504244855, "params": {"h": 24.0, "p": 288.0, "r": 44.0}, "datetime": {"datetime": "2024-06-03 02:39:45", "elapsed": 2155.827897, "delta": 19.821301}}
{"target": 97.0953054670007, "params": {"h": 33.0, "p": 280.0, "r": 52.0}, "datetime": {"datetime": "2024-06-03 02:40:04", "elapsed": 2175.346564, "delta": 19.518667}}
{"target": 126.84289933012217, "params": {"h": 27.0, "p": 288.0, "r": 47.0}, "datetime": {"datetime": "2024-06-03 02:40:25", "elapsed": 2196.168682, "delta": 20.822118}}
{"target": 111.87304470771711, "params": {"h": 32.0, "p": 291.0, "r": 49.0}, "datetime": {"datetime": "2024-06-03 02:40:44", "elapsed": 2215.508204, "delta": 19.339522}}
{"target": 62.10867141426194, "params": {"h": 28.0, "p": 291.0, "r": 42.0}, "datetime": {"datetime": "2024-06-03 02:41:04", "elapsed": 2235.434146, "delta": 19.925942}}
{"target": 91.63073155359768, "params": {"h": 22.0, "p": 287.0, "r": 46.0}, "datetime": {"datetime": "2024-06-03 02:41:23", "elapsed": 2254.528961, "delta": 19.094815}}
{"target": 69.9715135501841, "params": {"h": 33.0, "p": 289.0, "r": 56.0}, "datetime": {"datetime": "2024-06-03 02:41:42", "elapsed": 2273.124859, "delta": 18.595898}}
{"target": 152.5517373539815, "params": {"h": 22.0, "p": 287.0, "r": 42.0}, "datetime": {"datetime": "2024-06-03 02:42:01", "elapsed": 2292.099858, "delta": 18.974999}}
{"target": 68.76395022549538, "params": {"h": 24.0, "p": 286.0, "r": 40.0}, "datetime": {"datetime": "2024-06-03 02:42:21", "elapsed": 2311.963362, "delta": 19.863504}}
{"target": 87.97205422485153, "params": {"h": 30.0, "p": 294.0, "r": 52.0}, "datetime": {"datetime": "2024-06-03 02:42:41", "elapsed": 2331.658708, "delta": 19.695346}}
