{"target": 78.50617291261858, "params": {"h": 28.0, "p": 289.0, "r": 52.0}, "datetime": {"datetime": "2024-06-03 02:43:01", "elapsed": 2352.332683, "delta": 20.673975}}
{"target": 156.1402864580481, "params": {"h": 17.0, "p": 285.0, "r": 38.0}, "datetime": {"datetime": "2024-06-03 02:43:22", "elapsed": 2372.931085, "delta": 20.598402}}
{"target": 172.00301606257628, "params": {"h": 16.0, "p": 277.0, "r": 35.0}, "datetime": {"datetime": "2024-06-03 02:43:44", "elapsed": 2394.596194, "delta": 21.665109}}
{"target": 89.40062608018145, "params": {"h": 15.0, "p": 276.0, "r": 32.0}, "datetime": {"datetime": "2024-06-03 02:44:04", "elapsed": 2415.545588, "delta": 20.949394}}
{"target": 155.17275478100726, "params": {"h": 17.0, "p": 274.0, "r": 36.0}, "datetime": {"datetime": "2024-06-03 02:44:25", "elapsed": 2436.270328, "delta": 20.72474}}
{"target": 160.9697850451735, "params": {"h": 19.0, "p": 274.0, "r": 39.0}, "datetime": {"datetime": "2024-06-03 02:44:45", "elapsed": 2455.875363, "delta": 19.605035}}
{"target": 142.00056210523996, "params": {"h": 18.0, "p": 272.0, "r": 40.0}, "datetime": {"datetime": "2024-06-03 02:45:05", "elapsed": 2476.533293, "delta": 20.65793}}
{"target": 6.472017585756267, "params": {"h": 16.0, "p": 287.0, "r": 27.0}, "datetime": {"datetime": "2024-06-03 02:45:28", "elapsed": 2498.922231, "delta": 22.388938}}
{"target": 34.05025462342018, "params": {"h": 23.0, "p": 270.0, "r": 37.0}, "datetime": {"datetime": "2024-06-03 02:45:49", "elapsed": 2520.22267, "delta": 21.300439}}
{"target": 48.680679623843716, "params": {"h": 17.0, "p": 283.0, "r": 33.0}, "datetime": {"datetime": "2024-06-03 02:46:11", "elapsed": 2542.30128, "delta": 22.07861}}
{"target": 89.94276611181458, "params": {"h": 24.0, "p": 267.0, "r": 49.0}, "datetime": {"datetime": "2024-06-03 02:46:30", "elapsed": 2560.701894, "delta": 18.400614}}
{"target": 118.1528142939617, "params": {"h": 27.0, "p": 293.0, "r": 48.0}, "datetime": {"datetime": "2024-06-03 02:46:48", "elapsed": 2579.432424, "delta": 18.73053}}
{"target": 95.91592156548259, "params": {"h": 23.0, "p": 301.0, "r": 46.0}, "datetime": {"datetime": "2024-06-03 02:47:11", "elapsed": 2601.597871, "delta": 22.165447}}
{"target": 155.28755794571373, "params": {"h": 21.0, "p": 284.0, "r": 41.0}, "datetime": {"datetime": "2024-06-03 02:47:30", "elapsed": 2620.771549, "delta": 19.173678}}
{"target": 158.39068630835249, "params": {"h": 17.0, "p": 276.0, "r": 36.0}, "datetime": {"datetime": "2024-06-03 02:47:53", "elapsed": 2643.866468, "delta": 23.094919}}
{"target": 92.40060557875078, "params": {"h": 32.0, "p": 287.0, "r": 47.0}, "datetime": {"datetime": "2024-06-03 02:48:13", "elapsed": 2663.992626, "delta": 20.126158}}
{"target": 135.0890341547592, "params": {"h": 27.0, "p": 299.0, "r": 45.0}, "datetime": {"datetime": "2024-06-03 02:48:34", "elapsed": 2685.419159, "delta": 21.426533}}
{"target": 115.23433935830815, "params": {"h": 31.0, "p": 298.0, "r": 47.0}, "datetime": {"datetime": "2024-06-03 02:48:57", "elapsed": 2708.287851, "delta": 22.868692}}
{"target": 110.29333608385059, "params": {"h": 18.0, "p": 275.0, "r": 41.0}, "datetime": {"datetime": "2024-06-03 02:49:15", "elapsed": 2726.561985, "delta": 18.274134}}
{"target": 113.21925729549562, "params": {"h": 32.0, "p": 304.0, "r": 47.0}, "datetime": {"datetime": "2024-06-03 02:49:36", "elapsed": 2746.879936, "delta": 20.317951}}
{"target": 73.51931204736022, "params": {"h": 26.0, "p": 305.0, "r": 41.0}, "datetime": {"datetime": "2024-06-03 02:49:58", "elapsed": 2768.632333, "delta": 21.752397}}
{"target": 58.75347764502139, "params": {"h": 31.0, "p": 301.0, "r": 43.0}, "datetime": {"datetime": "2024-06-03 02:50:20", "elapsed": 2791.007168, "delta": 22.374835}}
{"target": 147.23041624686098, "params": {"h": 24.0, "p": 295.0, "r": 44.0}, "datetime": {"datetime": "2024-06-03 02:50:41", "elapsed": 2812.004475, "delta": 20.997307}}
{"target": 93.44670246216334, "params": {"h": 28.0, "p": 301.0, "r": 50.0}, "datetime": {"datetime": "2024-06-03 02:51:02", "elapsed": 2832.626584, "delta": 20.622109}}
{"target": 150.64913070960844, "params": {"h": 19.0, "p": 287.0, "r": 38.0}, "datetime": {"datetime": "2024-06-03 02:51:21", "elapsed": 2852.297053, "delta": 19.670469}}
{"target": 108.20013178507966, "params": {"h": 34.0, "p": 301.0, "r": 51.0}, "datetime": {"datetime": "2024-06-03 02:51:42", "elapsed": 2873.432293, "delta": 21.13524}}
{"target": 161.27734410442488, "params": {"h": 19.0, "p": 284.0, "r": 40.0}, "datetime": {"datetime": "2024-06-03 02:52:04", "elapsed": 2895.45075, "delta": 22.018457}}
{"target": 90.02086580625596, "params": {"h": 30.0, "p": 307.0, "r": 51.0}, "datetime": {"datetime": "2024-06-03 02:52:24", "elapsed": 2914.981697, "delta": 19.530947}}
{"target": 71.68743878101654, "params": {"h": 39.0, "p": 296.0, "r": 48.0}, "datetime": {"datetime": "2024-06-03 02:52:47", "elapsed": 2937.763364, "delta": 22.781667}}
{"target": 108.84221673193925, "params": {"h": 37.0, "p": 307.0, "r": 50.0}, "datetime": {"datetime": "2024-06-03 02:53:09", "elapsed": 2959.923839, "delta": 22.160475}}
{"target": 89.51333515378623, "params": {"h": 15.0, "p": 279.0, "r": 37.0}, "datetime": {"datetime": "2024-06-03 02:53:28", "elapsed": 2979.41055, "delta": 19.486711}}
{"target": 93.87958021571512, "params": {"h": 43.0, "p": 303.0, "r": 53.0}, "datetime": {"datetime": "2024-06-03 02:53:49", "elapsed": 3000.298796, "delta": 20.888246}}
{"target": 57.373055809770534, "params": {"h": 22.0, "p": 296.0, "r": 48.0}, "datetime": {"datetime": "2024-06-03 02:54:09", "elapsed": 3019.685352, "delta": 19.386556}}
{"target": 158.00869405197227, "params": {"h": 22.0, "p": 294.0, "r": 42.0}, "datetime": {"datetime": "2024-06-03 02:54:29", "elapsed": 3039.797671, "delta": 20.112319}}
{"target": 47.13229332270429, "params": {"h": 43.0, "p": 307.0, "r": 46.0}, "datetime": {"datetime": "2024-06-03 02:54:52", "elapsed": 3063.046755, "delta": 23.249084}}
{"target": 148.9968263770784, "params": {"h": 21.0, "p": 301.0, "r": 42.0}, "datetime": {"datetime": "2024-06-03 02:55:12", "elapsed": 3083.356739, "delta": 20.309984}}
{"target": 123.11487991534638, "params": {"h": 20.0, "p": 299.0, "r": 38.0}, "datetime": {"datetime": "2024-06-03 02:55:33", "elapsed": 3103.980712, "delta": 20.623973}}
{"target": 176.9342980458122, "params": {"h": 18.0, "p": 302.0, "r": 38.0}, "datetime": {"datetime": "2024-06-03 02:55:55", "elapsed": 3125.666237, "delta": 21.685525}}
{"target": 45.00936300464755, "params": {"h": 16.0, "p": 304.0, "r": 40.0}, "datetime": {"datetime": "2024-06-03 02:56:15", "elapsed": 3146.352666, "delta": 20.686429}}
{"target": 162.08325511078314, "params": {"h": 15.0, "p": 304.0, "r": 33.0}, "datetime": {"datetime": "2024-06-03 02:56:37", "elapsed": 3168.354734, "delta": 22.002068}}
{"target": 85.34026451933032, "params": {"h": 20.0, "p": 305.0, "r": 37.0}, "datetime": {"datetime": "2024-06-03 02:57:00", "elapsed": 3190.918655, "delta": 22.563921}}
{"target": 52.52546482027961, "params": {"h": 26.0, "p": 298.0, "r": 40.0}, "datetime": {"datetime": "2024-06-03 02:57:23", "elapsed": 3214.002379, "delta": 23.083724}}
{"target": 73.16866529450638, "params": {"h": 15.0, "p": 298.0, "r": 37.0}, "datetime": {"datetime": "2024-06-03 02:57:44", "elapsed": 3235.287163, "delta": 21.284784}}
{"target": 11.468695592836992, "params": {"h": 19.0, "p": 304.0, "r": 31.0}, "datetime": {"datetime": "2024-06-03 02:58:08", "elapsed": 3259.371392, "delta": 24.084229}}
{"target": 98.98909194222065, "params": {"h": 20.0, "p": 296.0, "r": 43.0}, "datetime": {"datetime": "2024-06-03 02:58:28", "elapsed": 3279.174375, "delta": 19.802983}}
{"target": 93.93928939618742, "params": {"h": 30.0, "p": 296.0, "r": 45.0}, "datetime": {"datetime": "2024-06-03 02:58:52", "elapsed": 3302.678607, "delta": 23.504232}}
{"target": 114.40983082070859, "params": {"h": 34.0, "p": 310.0, "r": 48.0}, "datetime": {"datetime": "2024-06-03 02:59:13", "elapsed": 3324.583171, "delta": 21.904564}}
{"target": 23.60400093457524, "params": {"h": 19.0, "p": 275.0, "r": 33.0}, "datetime": {"datetime": "2024-06-03 02:59:35", "elapsed": 3345.917059, "delta": 21.333888}}
{"target": 81.11274078356911, "params": {"h": 37.0, "p": 305.0, "r": 55.0}, "datetime": {"datetime": "2024-06-03 02:59:56", "elapsed": 3366.942112, "delta": 21.025053}}
{"target": 45.817657016394236, "params": {"h": 15.0, "p": 268.0, "r": 40.0}, "datetime": {"datetime": "2024-06-03 03:00:14", "elapsed": 3385.53308, "delta": 18.590968}}
{"target": 170.38868865810494, "params": {"h": 18.0, "p": 302.0, "r": 37.0}, "datetime": {"datetime": "2024-06-03 03:00:36", "elapsed": 3407.311516, "delta": 21.778436}}
{"target": 125.23100715313574, "params": {"h": 21.0, "p": 302.0, "r": 39.0}, "datetime": {"datetime": "2024-06-03 03:00:58", "elapsed": 3429.554645, "delta": 22.243129}}
{"target": 177.7182249670206, "params": {"h": 17.0, "p": 275.0, "r": 37.0}, "datetime": {"datetime": "2024-06-03 03:01:18", "elapsed": 3448.595549, "delta": 19.040904}}
{"target": 145.26577086965858, "params": {"h": 24.0, "p": 291.0, "r": 44.0}, "datetime": {"datetime": "2024-06-03 03:01:37", "elapsed": 3468.47624, "delta": 19.880691}}
{"target": 183.96067531995192, "params": {"h": 15.0, "p": 275.0, "r": 34.0}, "datetime": {"datetime": "2024-06-03 03:01:57", "elapsed": 3487.699526, "delta": 19.223286}}
{"target": 71.93302442518326, "params": {"h": 30.0, "p": 311.0, "r": 43.0}, "datetime": {"datetime": "2024-06-03 03:02:20", "elapsed": 3510.814433, "delta": 23.114907}}
{"target": 85.64825075280586, "params": {"h": 38.0, "p": 314.0, "r": 47.0}, "datetime": {"datetime": "2024-06-03 03:02:44", "elapsed": 3535.554802, "delta": 24.740369}}
{"target": 88.70392965278367, "params": {"h": 35.0, "p": 312.0, "r": 53.0}, "datetime": {"datetime": "2024-06-03 03:03:06", "elapsed": 3556.6681, "delta": 21.113298}}
{"target": 143.0247243506257, "params": {"h": 15.0, "p": 308.0, "r": 35.0}, "datetime": {"datetime": "2024-06-03 03:03:26", "elapsed": 3576.996038, "delta": 20.327938}}
{"target": 131.74928562855885, "params": {"h": 17.0, "p": 273.0, "r": 39.0}, "datetime": {"datetime": "2024-06-03 03:03:46", "elapsed": 3596.745215, "delta": 19.749177}}
{"target": 102.54653244331284, "params": {"h": 28.0, "p": 271.0, "r": 50.0}, "datetime": {"datetime": "2024-06-03 03:04:05", "elapsed": 3615.670746, "delta": 18.925531}}
{"target": 68.29491996022576, "params": {"h": 37.0, "p": 305.0, "r": 46.0}, "datetime": {"datetime": "2024-06-03 03:04:26", "elapsed": 3637.374529, "delta": 21.703783}}
{"target": 80.59364809730829, "params": {"h": 30.0, "p": 316.0, "r": 51.0}, "datetime": {"datetime": "2024-06-03 03:04:46", "elapsed": 3657.25048, "delta": 19.875951}}
{"target": 20.18319807514399, "params": {"h": 17.0, "p": 310.0, "r": 31.0}, "datetime": {"datetime": "2024-06-03 03:05:07", "elapsed": 3678.567499, "delta": 21.317019}}
{"target": 77.31300076401789, "params": {"h": 48.0, "p": 303.0, "r": 58.0}, "datetime": {"datetime": "2024-06-03 03:05:27", "elapsed": 3698.481872, "delta": 19.914373}}
{"target": 37.497459412336994, "params": {"h": 24.0, "p": 265.0, "r": 58.0}, "datetime": {"datetime": "2024-06-03 03:05:44", "elapsed": 3714.96469, "delta": 16.482818}}
{"target": 77.06288636598944, "params": {"h": 40.0, "p": 295.0, "r": 57.0}, "datetime": {"datetime": "2024-06-03 03:06:03", "elapsed": 3734.088161, "delta": 19.123471}}
{"target": 175.5932308932208, "params": {"h": 18.0, "p": 283.0, "r": 38.0}, "datetime": {"datetime": "2024-06-03 03:06:24", "elapsed": 3755.225009, "delta": 21.136848}}
{"target": 56.499547639769034, "params": {"h": 17.0, "p": 300.0, "r": 41.0}, "datetime": {"datetime": "2024-06-03 03:06:44", "elapsed": 3774.924425, "delta": 19.699416}}
{"target": 104.08041926762418, "params": {"h": 29.0, "p": 265.0, "r": 49.0}, "datetime": {"datetime": "2024-06-03 03:07:02", "elapsed": 3793.283418, "delta": 18.358993}}
{"target": 148.67521514224498, "params": {"h": 22.0, "p": 285.0, "r": 43.0}, "datetime": {"datetime": "2024-06-03 03:07:24", "elapsed": 3814.962877, "delta": 21.679459}}
{"target": 69.4810084365488, "params": {"h": 30.0, "p": 262.0, "r": 45.0}, "datetime": {"datetime": "2024-06-03 03:07:44", "elapsed": 3835.215913, "delta": 20.253036}}
{"target": 138.09941984274525, "params": {"h": 20.0, "p": 277.0, "r": 39.0}, "datetime": {"datetime": "2024-06-03 03:08:05", "elapsed": 3856.137027, "delta": 20.921114}}
{"target": 68.90598161693494, "params": {"h": 41.0, "p": 315.0, "r": 57.0}, "datetime": {"datetime": "2024-06-03 03:08:27", "elapsed": 3877.841787, "delta": 21.70476}}
{"target": 116.76968254147073, "params": {"h": 27.0, "p": 277.0, "r": 48.0}, "datetime": {"datetime": "2024-06-03 03:08:45", "elapsed": 3895.802881, "delta": 17.961094}}
{"target": 102.15555913994416, "params": {"h": 24.0, "p": 293.0, "r": 41.0}, "datetime": {"datetime": "2024-06-03 03:09:06", "elapsed": 3917.120073, "delta": 21.317192}}
{"target": 86.96769023931672, "params": {"h": 16.0, "p": 300.0, "r": 33.0}, "datetime": {"datetime": "2024-06-03 03:09:28", "elapsed": 3938.749974, "delta": 21.629901}}
{"target": 88.37985854688695, "params": {"h": 32.0, "p": 267.0, "r": 53.0}, "datetime": {"datetime": "2024-06-03 03:09:45", "elapsed": 3956.514495, "delta": 17.764521}}
{"target": 82.3680611820134, "params": {"h": 32.0, "p": 320.0, "r": 44.0}, "datetime": {"datetime": "2024-06-03 03:10:08", "elapsed": 3978.795755, "delta": 22.28126}}
{"target": 102.50372839307461, "params": {"h": 24.0, "p": 291.0, "r": 47.0}, "datetime": {"datetime": "2024-06-03 03:10:28", "elapsed": 3999.01569, "delta": 20.219935}}
{"target": 134.66742347547873, "params": {"h": 26.0, "p": 328.0, "r": 45.0}, "datetime": {"datetime": "2024-06-03 03:10:53", "elapsed": 4023.788581, "delta": 24.772891}}
{"target": 72.9628336955507, "params": {"h": 28.0, "p": 331.0, "r": 41.0}, "datetime": {"datetime": "2024-06-03 03:11:19", "elapsed": 4050.030915, "delta": 26.242334}}
{"target": 47.26031661759268, "params": {"h": 25.0, "p": 329.0, "r": 49.0}, "datetime": {"datetime": "2024-06-03 03:11:40", "elapsed": 4071.187875, "delta": 21.15696}}
{"target": 146.86129387977206, "params": {"h": 24.0, "p": 327.0, "r": 41.0}, "datetime": {"datetime": "2024-06-03 03:12:02", "elapsed": 4092.922841, "delta": 21.734966}}
{"target": 172.47148778703718, "params": {"h": 22.0, "p": 322.0, "r": 41.0}, "datetime": {"datetime": "2024-06-03 03:12:25", "elapsed": 4116.443883, "delta": 23.521042}}
{"target": 84.05554214514667, "params": {"h": 19.0, "p": 325.0, "r": 41.0}, "datetime": {"datetime": "2024-06-03 03:12:49", "elapsed": 4140.377932, "delta": 23.934049}}
{"target": 20.078342417505773, "params": {"h": 23.0, "p": 319.0, "r": 35.0}, "datetime": {"datetime": "2024-06-03 03:13:14", "elapsed": 4164.745054, "delta": 24.367122}}
{"target": 158.66477773091543, "params": {"h": 24.0, "p": 323.0, "r": 43.0}, "datetime": {"datetime": "2024-06-03 03:13:35", "elapsed": 4186.185088, "delta": 21.440034}}
{"target": 17.984696988447208, "params": {"h": 31.0, "p": 325.0, "r": 38.0}, "datetime": {"datetime": "2024-06-03 03:14:00", "elapsed": 4211.434279, "delta": 25.249191}}
{"target": 136.4049728783345, "params": {"h": 23.0, "p": 327.0, "r": 43.0}, "datetime": {"datetime": "2024-06-03 03:14:24", "elapsed": 4235.102031, "delta": 23.667752}}
{"target": 65.36306304786189, "params": {"h": 19.0, "p": 334.0, "r": 41.0}, "datetime": {"datetime": "2024-06-03 03:14:48", "elapsed": 4258.774951, "delta": 23.67292}}
{"target": 96.92931650172815, "params": {"h": 19.0, "p": 314.0, "r": 41.0}, "datetime": {"datetime": "2024-06-03 03:15:10", "elapsed": 4280.738324, "delta": 21.963373}}
{"target": 36.39324694383873, "params": {"h": 20.0, "p": 319.0, "r": 46.0}, "datetime": {"datetime": "2024-06-03 03:15:31", "elapsed": 4301.793469, "delta": 21.055145}}
{"target": 164.63708730375185, "params": {"h": 16.0, "p": 304.0, "r": 36.0}, "datetime": {"datetime": "2024-06-03 03:15:53", "elapsed": 4324.091028, "delta": 22.297559}}
{"target": 61.91224085194336, "params": {"h": 26.0, "p": 320.0, "r": 40.0}, "datetime": {"datetime": "2024-06-03 03:16:15", "elapsed": 4345.782181, "delta": 21.691153}}
{"target": 150.94004478226606, "params": {"h": 21.0, "p": 274.0, "r": 42.0}, "datetime": {"datetime": "2024-06-03 03:16:34", "elapsed": 4364.93842, "delta": 19.156239}}
{"target": 101.45218603718587, "params": {"h": 38.0, "p": 323.0, "r": 52.0}, "datetime": {"datetime": "2024-06-03 03:16:58", "elapsed": 4388.845693, "delta": 23.907273}}
{"target": 138.2347402245807, "params": {"h": 30.0, "p": 326.0, "r": 45.0}, "datetime": {"datetime": "2024-06-03 03:17:19", "elapsed": 4409.848871, "delta": 21.003178}}
{"target": 111.47622200473079, "params": {"h": 23.0, "p": 324.0, "r": 44.0}, "datetime": {"datetime": "2024-06-03 03:17:41", "elapsed": 4432.144311, "delta": 22.29544}}
{"target": 68.1395212062449, "params": {"h": 32.0, "p": 326.0, "r": 52.0}, "datetime": {"datetime": "2024-06-03 03:18:04", "elapsed": 4455.113815, "delta": 22.969504}}
{"target": 107.95365679672861, "params": {"h": 35.0, "p": 326.0, "r": 46.0}, "datetime": {"datetime": "2024-06-03 03:18:27", "elapsed": 4478.158091, "delta": 23.044276}}
{"target": 71.93062498110245, "params": {"h": 44.0, "p": 324.0, "r": 47.0}, "datetime": {"datetime": "2024-06-03 03:18:50", "elapsed": 4501.406749, "delta": 23.248658}}
{"target": 127.75604709127823, "params": {"h": 32.0, "p": 331.0, "r": 45.0}, "datetime": {"datetime": "2024-06-03 03:19:13", "elapsed": 4523.978106, "delta": 22.571357}}
{"target": 116.26192417163293, "params": {"h": 34.0, "p": 333.0, "r": 49.0}, "datetime": {"datetime": "2024-06-03 03:19:37", "elapsed": 4547.604364, "delta": 23.626258}}
{"target": 129.39250807047503, "params": {"h": 30.0, "p": 330.0, "r": 47.0}, "datetime": {"datetime": "2024-06-03 03:19:58", "elapsed": 4569.352978, "delta": 21.748614}}
{"target": 76.24962936240621, "params": {"h": 36.0, "p": 335.0, "r": 44.0}, "datetime": {"datetime": "2024-06-03 03:20:23", "elapsed": 4593.636539, "delta": 24.283561}}
{"target": 128.2569804340384, "params": {"h": 27.0, "p": 325.0, "r": 46.0}, "datetime": {"datetime": "2024-06-03 03:20:46", "elapsed": 4617.561025, "delta": 23.924486}}
{"target": 65.55884741526097, "params": {"h": 40.0, "p": 331.0, "r": 55.0}, "datetime": {"datetime": "2024-06-03 03:21:08", "elapsed": 4639.199565, "delta": 21.63854}}
{"target": 46.74578117825591, "params": {"h": 30.0, "p": 339.0, "r": 51.0}, "datetime": {"datetime": "2024-06-03 03:21:32", "elapsed": 4663.185666, "delta": 23.986101}}
{"target": 74.75230673046275, "params": {"h": 41.0, "p": 330.0, "r": 46.0}, "datetime": {"datetime": "2024-06-03 03:21:55", "elapsed": 4686.335099, "delta": 23.149433}}
{"target": 128.84479605197853, "params": {"h": 28.0, "p": 328.0, "r": 43.0}, "datetime": {"datetime": "2024-06-03 03:22:19", "elapsed": 4710.425191, "delta": 24.090092}}
{"target": 128.54638186288787, "params": {"h": 27.0, "p": 297.0, "r": 47.0}, "datetime": {"datetime": "2024-06-03 03:22:39", "elapsed": 4730.154404, "delta": 19.729213}}
{"target": 154.59536096824078, "params": {"h": 23.0, "p": 299.0, "r": 43.0}, "datetime": {"datetime": "2024-06-03 03:22:59", "elapsed": 4750.134266, "delta": 19.979862}}
{"target": 84.29007472039171, "params": {"h": 25.0, "p": 324.0, "r": 40.0}, "datetime": {"datetime": "2024-06-03 03:23:22", "elapsed": 4773.18514, "delta": 23.050874}}
{"target": 73.31039055976075, "params": {"h": 60.0, "p": 302.0, "r": 55.0}, "datetime": {"datetime": "2024-06-03 03:23:44", "elapsed": 4794.964343, "delta": 21.779203}}
{"target": 30.459297334517462, "params": {"h": 49.0, "p": 302.0, "r": 77.0}, "datetime": {"datetime": "2024-06-03 03:24:01", "elapsed": 4811.832226, "delta": 16.867883}}
{"target": 0.0385760099317989, "params": {"h": 36.0, "p": 843.0, "r": 18.0}, "datetime": {"datetime": "2024-06-03 03:25:13", "elapsed": 4884.492243, "delta": 72.660017}}
{"target": 188.11790997042849, "params": {"h": 16.0, "p": 304.0, "r": 35.0}, "datetime": {"datetime": "2024-06-03 03:25:36", "elapsed": 4906.821679, "delta": 22.329436}}
{"target": 145.1666611103417, "params": {"h": 23.0, "p": 321.0, "r": 43.0}, "datetime": {"datetime": "2024-06-03 03:26:00", "elapsed": 4931.141872, "delta": 24.320193}}
{"target": 188.99125689307175, "params": {"h": 16.0, "p": 307.0, "r": 35.0}, "datetime": {"datetime": "2024-06-03 03:26:21", "elapsed": 4951.714621, "delta": 20.572749}}
